Beginning trial 2 of 2
Gathering sys log on node001
:::MLL 1586718417.703 submission_benchmark: {"value": "gnmt", "metadata": {"file": "mlperf_log_utils.py", "lineno": 176}}
:::MLL 1586718417.704 submission_org: {"value": "NVIDIA", "metadata": {"file": "mlperf_log_utils.py", "lineno": 181}}
WARNING: Log validation: Key "submission_division" is not in known gnmt keys.
:::MLL 1586718417.704 submission_division: {"value": "closed", "metadata": {"file": "mlperf_log_utils.py", "lineno": 185}}
:::MLL 1586718417.705 submission_status: {"value": "onprem", "metadata": {"file": "mlperf_log_utils.py", "lineno": 189}}
:::MLL 1586718417.706 submission_platform: {"value": "1xPowerEdge R7525", "metadata": {"file": "mlperf_log_utils.py", "lineno": 193}}
:::MLL 1586718417.707 submission_entry: {"value": "{'hardware': 'PowerEdge R7525', 'framework': 'PyTorch NVIDIA Release 19.05', 'power': 'N/A', 'notes': 'N/A', 'interconnect': ' ', 'os': '\\\\S / ', 'libraries': \"{'container_base': 'Ubuntu-16.04', 'openmpi_version': '3.1.3', 'mofed_version': '4.0-0', 'cuda_version': '10.1.163', 'cuda_driver_version': '418.67', 'nccl_version': '2.4.6', 'cudnn_version': '7.6.0.64', 'cublas_version': '10.2.0.163', 'trt_version': '5.1.5.0', 'dali_version': '0.9.1'}\", 'compilers': 'gcc (Ubuntu 5.4.0-6ubuntu1~16.04.11) 5.4.0 20160609', 'nodes': \"{'num_nodes': '1', 'cpu': '2x AMD EPYC 7502 32-Core Processor', 'num_cores': '64', 'num_vcpus': '64', 'accelerator': 'Tesla V100-PCIE-32GB', 'num_accelerators': '3', 'sys_mem_size': '251 GB', 'sys_storage_type': 'NVMe SSD', 'sys_storage_size': '1x 931.5G', 'cpu_accel_interconnect': 'QPI', 'network_card': '', 'num_network_cards': '0', 'notes': ''}\"}", "metadata": {"file": "mlperf_log_utils.py", "lineno": 197}}
:::MLL 1586718417.708 submission_poc_name: {"value": "Paulius Micikevicius", "metadata": {"file": "mlperf_log_utils.py", "lineno": 201}}
:::MLL 1586718417.708 submission_poc_email: {"value": "pauliusm@nvidia.com", "metadata": {"file": "mlperf_log_utils.py", "lineno": 205}}
Clearing caches
:::MLL 1586718418.761 cache_clear: {"value": true, "metadata": {"file": "<string>", "lineno": 1}}
Launching on node node001
+ pids+=($!)
+ set +x
++ eval echo
+++ echo
+ docker exec -e DGXSYSTEM=DGX1 -e 'MULTI_NODE= --master_port=5098' -e LR=2.0e-3 -e TRAIN_BATCH_SIZE=768 -e TEST_BATCH_SIZE=128 -e WARMUP_STEPS=200 -e REMAIN_STEPS=3566 -e DECAY_INTERVAL=1000 -e TARGET=24.0 -e NUMEPOCHS=5 -e MAX_SEQ_LEN=75 -e 'EXTRA_OPTS=   --fused-attention    --fused-xentropy    --no-log-all-ranks    ' -e SLURM_JOB_ID=200412114828074977980 -e SLURM_NTASKS_PER_NODE= -e SLURM_NNODES=1 cont_200412114828074977980 ./run_and_time.sh
Run vars: id 200412114828074977980 gpus 3 mparams  --master_port=5098
NCCL_SOCKET_NTHREADS=2
NCCL_NSOCKS_PERTHREAD=8
+ DATASET_DIR=/data
+ PREPROC_DATADIR=/preproc_data
+ RESULTS_DIR=gnmt_wmt16
+ LR=2.0e-3
+ TRAIN_BATCH_SIZE=768
STARTING TIMING RUN AT 2020-04-12 07:06:59 PM
+ TEST_BATCH_SIZE=128
+ WARMUP_STEPS=200
+ REMAIN_STEPS=3566
+ DECAY_INTERVAL=1000
+ TARGET=24.0
+ MAX_SEQ_LEN=75
+ NUMEPOCHS=5
+ EXTRA_OPTS='   --fused-attention    --fused-xentropy    --no-log-all-ranks    '
+ BIND_LAUNCH=0
+ MATH=amp_fp16
+ [[ 0 -eq 1 ]]
+ LAUNCH_OPT='torch.distributed.launch --nproc_per_node 3  --master_port=5098'
+ echo 'running benchmark'
running benchmark
+ python -m torch.distributed.launch --nproc_per_node 3 --master_port=5098 train.py --save gnmt_wmt16 --dataset-dir /data --preproc-data-dir /preproc_data --target-bleu 24.0 --epochs 5 --math amp_fp16 --max-length-train 75 --print-freq 10 --train-batch-size 768 --test-batch-size 128 --optimizer FusedAdam --lr 2.0e-3 --warmup-steps 200 --remain-steps 3566 --decay-interval 1000 --fused-attention --fused-xentropy --no-log-all-ranks
:::MLL 1586718422.131 init_start: {"value": null, "metadata": {"file": "train.py", "lineno": 288}}
:::MLL 1586718422.160 init_start: {"value": null, "metadata": {"file": "train.py", "lineno": 288}}
:::MLL 1586718422.180 init_start: {"value": null, "metadata": {"file": "train.py", "lineno": 288}}
0: Saving results to: results/gnmt_wmt16
0: Run arguments: Namespace(apex_message_size=10000000.0, apex_num_allreduce_streams=1, batching='bucketing', beam_size=5, cov_penalty_factor=0.1, cuda=True, cudnn=True, dataset_dir='/data', decay_factor=0.5, decay_interval=1000, decay_steps=8, dropout=0.2, enable_apex_allreduce_overlap=False, env=False, epochs=5, eval=True, fused_attention=True, fused_xentropy=True, grad_clip=5.0, hidden_size=1024, init_scale=1024, intra_epoch_eval=0, keep_checkpoints=0, len_norm_const=5.0, len_norm_factor=0.6, local_rank=0, log_all_ranks=False, lr=0.002, math='amp_fp16', max_length_test=150, max_length_train=75, max_size=None, min_length_test=0, min_length_train=0, num_buckets=5, num_layers=4, optimizer='FusedAdam', optimizer_extra='{}', prealloc_mode='always', preproc_data_dir='/preproc_data', print_freq=10, rank=0, remain_steps=3566, results_dir='results', resume=None, save='gnmt_wmt16', save_all=False, save_freq=5000, save_path='results/gnmt_wmt16', seed=None, shard_size=80, share_embedding=True, smoothing=0.1, start_epoch=0, target_bleu=24.0, test_batch_size=128, test_loader_workers=0, train_batch_size=768, train_global_batch_size=None, train_iter_size=1, train_loader_workers=1, upscale_interval=128, use_preproc_data=True, warmup_steps=200)
0: L2 promotion: 128B
0: Using random master seed: 3803779210
node001:1263:1263 [0] NCCL INFO Bootstrap : Using [0]eth0:10.141.0.1<0>
node001:1263:1263 [0] NCCL INFO NET/Plugin : No plugin found (libnccl-net.so), using internal implementation
node001:1263:1263 [0] NCCL INFO NET/IB : No device found.
node001:1263:1263 [0] NCCL INFO NET/Socket : Using [0]eth0:10.141.0.1<0>
node001:1263:1263 [0] NCCL INFO Using network Socket
NCCL version 2.6.4+cuda10.2
node001:1265:1265 [2] NCCL INFO Bootstrap : Using [0]eth0:10.141.0.1<0>
node001:1265:1265 [2] NCCL INFO NET/Plugin : No plugin found (libnccl-net.so), using internal implementation
node001:1265:1265 [2] NCCL INFO NET/IB : No device found.
node001:1265:1265 [2] NCCL INFO NET/Socket : Using [0]eth0:10.141.0.1<0>
node001:1265:1265 [2] NCCL INFO Using network Socket
node001:1264:1264 [1] NCCL INFO Bootstrap : Using [0]eth0:10.141.0.1<0>
node001:1264:1264 [1] NCCL INFO NET/Plugin : No plugin found (libnccl-net.so), using internal implementation
node001:1264:1264 [1] NCCL INFO NET/IB : No device found.
node001:1264:1264 [1] NCCL INFO NET/Socket : Using [0]eth0:10.141.0.1<0>
node001:1264:1264 [1] NCCL INFO Using network Socket
node001:1263:1472 [0] NCCL INFO Channel 00/02 :    0   1   2
node001:1263:1472 [0] NCCL INFO Channel 01/02 :    0   1   2
node001:1265:1473 [2] NCCL INFO threadThresholds 8/8/64 | 24/8/64 | 8/8/64
node001:1264:1474 [1] NCCL INFO threadThresholds 8/8/64 | 24/8/64 | 8/8/64
node001:1265:1473 [2] NCCL INFO Trees [0] -1/-1/-1->2->1|1->2->-1/-1/-1 [1] -1/-1/-1->2->1|1->2->-1/-1/-1
node001:1264:1474 [1] NCCL INFO Trees [0] 2/-1/-1->1->0|0->1->2/-1/-1 [1] 2/-1/-1->1->0|0->1->2/-1/-1
node001:1263:1472 [0] NCCL INFO threadThresholds 8/8/64 | 24/8/64 | 8/8/64
node001:1265:1473 [2] NCCL INFO Setting affinity for GPU 2 to ffffffff,00000000
node001:1263:1472 [0] NCCL INFO Trees [0] 1/-1/-1->0->-1|-1->0->1/-1/-1 [1] 1/-1/-1->0->-1|-1->0->1/-1/-1
node001:1264:1474 [1] NCCL INFO Setting affinity for GPU 1 to ffffffff,00000000
node001:1263:1472 [0] NCCL INFO Setting affinity for GPU 0 to ffffffff
node001:1265:1473 [2] NCCL INFO Ring 00 : 2[e2000] -> 0[21000] via direct shared memory
node001:1263:1472 [0] NCCL INFO Ring 00 : 0[21000] -> 1[81000] via direct shared memory
node001:1264:1474 [1] NCCL INFO Ring 00 : 1[81000] -> 2[e2000] via P2P/IPC
node001:1265:1473 [2] NCCL INFO Ring 00 : 2[e2000] -> 1[81000] via P2P/IPC
node001:1264:1474 [1] NCCL INFO Ring 00 : 1[81000] -> 0[21000] via direct shared memory
node001:1265:1473 [2] NCCL INFO Ring 01 : 2[e2000] -> 0[21000] via direct shared memory
node001:1263:1472 [0] NCCL INFO Ring 01 : 0[21000] -> 1[81000] via direct shared memory
node001:1264:1474 [1] NCCL INFO Ring 01 : 1[81000] -> 2[e2000] via P2P/IPC
node001:1265:1473 [2] NCCL INFO Ring 01 : 2[e2000] -> 1[81000] via P2P/IPC
node001:1264:1474 [1] NCCL INFO Ring 01 : 1[81000] -> 0[21000] via direct shared memory
node001:1265:1473 [2] NCCL INFO comm 0x7fff70006620 rank 2 nranks 3 cudaDev 2 busId e2000 - Init COMPLETE
node001:1263:1472 [0] NCCL INFO comm 0x7ffe74006620 rank 0 nranks 3 cudaDev 0 busId 21000 - Init COMPLETE
node001:1263:1263 [0] NCCL INFO Launch mode Parallel
node001:1264:1474 [1] NCCL INFO comm 0x7ffef0006620 rank 1 nranks 3 cudaDev 1 busId 81000 - Init COMPLETE
0: Worker 0 is using worker seed: 2767475810
0: Building vocabulary from /data/vocab.bpe.32000
0: Size of vocabulary: 32320
0: Fused attention flag set to True
0: GNMT(
  (encoder): ResidualRecurrentEncoder(
    (rnn_layers): ModuleList(
      (0): EmuBidirLSTM(
        (bidir): LSTM(1024, 1024, bidirectional=True)
        (layer1): LSTM(1024, 1024)
        (layer2): LSTM(1024, 1024)
      )
      (1): LSTM(2048, 1024)
      (2): LSTM(1024, 1024)
      (3): LSTM(1024, 1024)
    )
    (dropout): Dropout(p=0.2)
    (embedder): Embedding(32320, 1024, padding_idx=0)
  )
  (decoder): ResidualRecurrentDecoder(
    (att_rnn): RecurrentAttention(
      (rnn): LSTM(1024, 1024)
      (attn): BahdanauAttention(
        (linear_q): Linear(in_features=1024, out_features=1024, bias=False)
        (linear_k): Linear(in_features=1024, out_features=1024, bias=False)
      )
      (dropout): Dropout(p=0.2)
    )
    (rnn_layers): ModuleList(
      (0): LSTM(2048, 1024)
      (1): LSTM(2048, 1024)
      (2): LSTM(2048, 1024)
    )
    (embedder): Embedding(32320, 1024, padding_idx=0)
    (classifier): Classifier(
      (classifier): Linear(in_features=1024, out_features=32320, bias=True)
    )
    (dropout): Dropout(p=0.2)
  )
)
0: Building LabelSmoothingLoss (smoothing: 0.1)
0: Fused xentropy flag set to True
0: Training optimizer config: {'optimizer': 'FusedAdam', 'lr': 0.002}
0: Number of parameters: 160671297
0: Saving state of the tokenizer
Selected optimization level O2:  FP16 training with FP32 batchnorm and FP32 master weights.

Defaults for this optimization level are:
enabled                : True
opt_level              : O2
cast_model_type        : torch.float16
patch_torch_functions  : False
keep_batchnorm_fp32    : True
master_weights         : True
loss_scale             : dynamic
Processing user overrides (additional kwargs that are not None)...
After processing overrides, optimization options are:
enabled                : True
opt_level              : O2
cast_model_type        : torch.float16
patch_torch_functions  : False
keep_batchnorm_fp32    : False
master_weights         : True
loss_scale             : dynamic
0: Initializing amp optimizer
0: Using optimizer: FusedAdam (
Parameter Group 0
    betas: (0.9, 0.999)
    bias_correction: True
    eps: 1e-08
    lr: 0.002
    max_grad_norm: 5.0
    weight_decay: 0.0
)
:::MLL 1586718431.843 opt_base_learning_rate: {"value": 0.002, "metadata": {"file": "seq2seq/train/trainer.py", "lineno": 169}}
0: Executing preallocation
/opt/conda/lib/python3.6/site-packages/torch/nn/modules/rnn.py:522: RuntimeWarning: RNN module weights are not part of single contiguous chunk of memory. This means they need to be compacted at every call, possibly greatly increasing memory usage. To compact weights again call flatten_parameters().
  self.num_layers, self.dropout, self.training, self.bidirectional)
/opt/conda/lib/python3.6/site-packages/torch/nn/modules/rnn.py:522: RuntimeWarning: RNN module weights are not part of single contiguous chunk of memory. This means they need to be compacted at every call, possibly greatly increasing memory usage. To compact weights again call flatten_parameters().
  self.num_layers, self.dropout, self.training, self.bidirectional)
/opt/conda/lib/python3.6/site-packages/torch/nn/modules/rnn.py:522: RuntimeWarning: RNN module weights are not part of single contiguous chunk of memory. This means they need to be compacted at every call, possibly greatly increasing memory usage. To compact weights again call flatten_parameters().
  self.num_layers, self.dropout, self.training, self.bidirectional)
:::MLL 1586718434.013 init_stop: {"value": null, "metadata": {"file": "train.py", "lineno": 407}}
:::MLL 1586718434.014 run_start: {"value": null, "metadata": {"file": "train.py", "lineno": 409}}
:::MLL 1586718434.015 max_sequence_length: {"value": 75, "metadata": {"method": "discard", "file": "train.py", "lineno": 414}}
0: Reading preprocessed data file from /preproc_data/training.bin
0: Preprocessed data: length: 3975116 min length: 0 max length: 75 
0: Opening preprocessed data /preproc_data/training.bin for reading
0: Processing data from /data/newstest2014.tok.bpe.32000.en
0: Filtering data, min len: 0, max len: 150
0: Pairs before: 3003, after: 3003
:::MLL 1586718434.842 global_batch_size: {"value": 2304, "metadata": {"file": "train.py", "lineno": 459}}
0: Training LR schedule config: {'warmup_steps': 200, 'remain_steps': 3566, 'decay_interval': 1000, 'decay_steps': 8, 'decay_factor': 0.5}
0: Scheduler warmup steps: 200
0: Scheduler remain steps: 3566
0: Scheduler decay interval: 1000
0: Scheduler decay factor: 0.5
0: Scheduler max decay steps: 8
:::MLL 1586718434.852 opt_learning_rate_alt_decay_func: {"value": true, "metadata": {"file": "seq2seq/train/lr_scheduler.py", "lineno": 78}}
:::MLL 1586718434.853 opt_learning_rate_alt_warmup_func: {"value": true, "metadata": {"file": "seq2seq/train/lr_scheduler.py", "lineno": 80}}
:::MLL 1586718434.853 opt_learning_rate_decay_interval: {"value": 1000, "metadata": {"file": "seq2seq/train/lr_scheduler.py", "lineno": 83}}
:::MLL 1586718434.854 opt_learning_rate_decay_factor: {"value": 0.5, "metadata": {"file": "seq2seq/train/lr_scheduler.py", "lineno": 85}}
:::MLL 1586718434.854 opt_learning_rate_decay_steps: {"value": 8, "metadata": {"file": "seq2seq/train/lr_scheduler.py", "lineno": 87}}
:::MLL 1586718434.854 opt_learning_rate_remain_steps: {"value": 3566, "metadata": {"file": "seq2seq/train/lr_scheduler.py", "lineno": 89}}
:::MLL 1586718434.855 opt_learning_rate_warmup_steps: {"value": 200, "metadata": {"file": "seq2seq/train/lr_scheduler.py", "lineno": 91}}
:::MLL 1586718434.856 block_start: {"value": null, "metadata": {"first_epoch_num": 1, "epoch_count": 1, "file": "train.py", "lineno": 512}}
:::MLL 1586718434.857 epoch_start: {"value": null, "metadata": {"epoch_num": 1, "file": "train.py", "lineno": 515}}
0: Starting epoch 0
0: Executing preallocation
0: Sampler for epoch 0 uses seed 1333818856
Gradient overflow.  Skipping step, loss scaler 0 reducing loss scale to 256.0
Gradient overflow.  Skipping step, loss scaler 0 reducing loss scale to 256.0
Gradient overflow.  Skipping step, loss scaler 0 reducing loss scale to 256.0
0: TRAIN [0][0/1723]	Time 2.326 (2.326)	Data 8.28e-01 (8.28e-01)	Tok/s 38685 (38685)	Loss/tok 10.6599 (10.6599)	LR 2.000e-05
0: TRAIN [0][10/1723]	Time 0.798 (1.135)	Data 3.68e-04 (7.57e-02)	Tok/s 38841 (46550)	Loss/tok 9.6958 (10.2573)	LR 2.518e-05
0: TRAIN [0][20/1723]	Time 0.798 (0.993)	Data 3.60e-04 (3.98e-02)	Tok/s 39110 (44000)	Loss/tok 9.2269 (9.9535)	LR 3.170e-05
0: TRAIN [0][30/1723]	Time 0.614 (0.985)	Data 3.54e-04 (2.71e-02)	Tok/s 25835 (44780)	Loss/tok 8.8464 (9.7101)	LR 3.991e-05
0: TRAIN [0][40/1723]	Time 0.617 (0.959)	Data 3.53e-04 (2.06e-02)	Tok/s 25399 (44399)	Loss/tok 8.6076 (9.5284)	LR 5.024e-05
0: TRAIN [0][50/1723]	Time 0.611 (0.957)	Data 3.50e-04 (1.66e-02)	Tok/s 26003 (43960)	Loss/tok 8.2511 (9.3915)	LR 6.325e-05
0: TRAIN [0][60/1723]	Time 0.616 (0.943)	Data 3.40e-04 (1.40e-02)	Tok/s 25731 (43326)	Loss/tok 7.8656 (9.2721)	LR 7.962e-05
0: TRAIN [0][70/1723]	Time 0.800 (0.950)	Data 3.65e-04 (1.20e-02)	Tok/s 38956 (43903)	Loss/tok 8.1252 (9.1300)	LR 1.002e-04
0: TRAIN [0][80/1723]	Time 1.005 (0.955)	Data 3.56e-04 (1.06e-02)	Tok/s 50428 (44448)	Loss/tok 8.1248 (9.0009)	LR 1.262e-04
0: TRAIN [0][90/1723]	Time 0.801 (0.973)	Data 3.65e-04 (9.49e-03)	Tok/s 38565 (45281)	Loss/tok 7.8793 (8.8742)	LR 1.589e-04
0: TRAIN [0][100/1723]	Time 1.001 (0.969)	Data 3.46e-04 (8.58e-03)	Tok/s 50446 (45168)	Loss/tok 7.9841 (8.7886)	LR 2.000e-04
