Beginning trial 5 of 5
Gathering sys log on node001
:::MLL 1588086933.600 submission_benchmark: {"value": "gnmt", "metadata": {"file": "mlperf_log_utils.py", "lineno": 176}}
:::MLL 1588086933.601 submission_org: {"value": "NVIDIA", "metadata": {"file": "mlperf_log_utils.py", "lineno": 181}}
WARNING: Log validation: Key "submission_division" is not in known gnmt keys.
:::MLL 1588086933.601 submission_division: {"value": "closed", "metadata": {"file": "mlperf_log_utils.py", "lineno": 185}}
:::MLL 1588086933.602 submission_status: {"value": "onprem", "metadata": {"file": "mlperf_log_utils.py", "lineno": 189}}
:::MLL 1588086933.603 submission_platform: {"value": "1xPowerEdge R7525", "metadata": {"file": "mlperf_log_utils.py", "lineno": 193}}
:::MLL 1588086933.604 submission_entry: {"value": "{'hardware': 'PowerEdge R7525', 'framework': 'PyTorch NVIDIA Release 19.05', 'power': 'N/A', 'notes': 'N/A', 'interconnect': ' ', 'os': '\\\\S / ', 'libraries': \"{'container_base': 'Ubuntu-16.04', 'openmpi_version': '3.1.3', 'mofed_version': '4.0-0', 'cuda_version': '10.1.163', 'cuda_driver_version': '418.67', 'nccl_version': '2.4.6', 'cudnn_version': '7.6.0.64', 'cublas_version': '10.2.0.163', 'trt_version': '5.1.5.0', 'dali_version': '0.9.1'}\", 'compilers': 'gcc (Ubuntu 5.4.0-6ubuntu1~16.04.11) 5.4.0 20160609', 'nodes': \"{'num_nodes': '1', 'cpu': '8x AMD EPYC 7502 32-Core Processor', 'num_cores': '256', 'num_vcpus': '256', 'accelerator': 'Tesla V100S-PCIE-32GB', 'num_accelerators': '3', 'sys_mem_size': '251 GB', 'sys_storage_type': 'NVMe SSD', 'sys_storage_size': '1x 931.5G', 'cpu_accel_interconnect': 'QPI', 'network_card': '', 'num_network_cards': '0', 'notes': ''}\"}", "metadata": {"file": "mlperf_log_utils.py", "lineno": 197}}
:::MLL 1588086933.605 submission_poc_name: {"value": "Paulius Micikevicius", "metadata": {"file": "mlperf_log_utils.py", "lineno": 201}}
:::MLL 1588086933.605 submission_poc_email: {"value": "pauliusm@nvidia.com", "metadata": {"file": "mlperf_log_utils.py", "lineno": 205}}
Clearing caches
:::MLL 1588086934.647 cache_clear: {"value": true, "metadata": {"file": "<string>", "lineno": 1}}
Launching on node node001
+ pids+=($!)
+ set +x
++ eval echo
+++ echo
+ docker exec -e DGXSYSTEM=DGX1 -e 'MULTI_NODE= --master_port=4269' -e LR=2.0e-3 -e TRAIN_BATCH_SIZE=768 -e TEST_BATCH_SIZE=128 -e WARMUP_STEPS=200 -e REMAIN_STEPS=5270 -e DECAY_INTERVAL=720 -e TARGET=24.0 -e NUMEPOCHS=5 -e MAX_SEQ_LEN=75 -e 'EXTRA_OPTS=   --fused-attention    --fused-xentropy    --no-log-all-ranks    ' -e SLURM_JOB_ID=200428053726103166428 -e SLURM_NTASKS_PER_NODE= -e SLURM_NNODES=1 cont_200428053726103166428 ./run_and_time.sh
Run vars: id 200428053726103166428 gpus 3 mparams  --master_port=4269
NCCL_SOCKET_NTHREADS=2
NCCL_NSOCKS_PERTHREAD=8
STARTING TIMING RUN AT 2020-04-28 03:15:35 PM
+ DATASET_DIR=/data
+ PREPROC_DATADIR=/preproc_data
+ RESULTS_DIR=gnmt_wmt16
+ LR=2.0e-3
+ TRAIN_BATCH_SIZE=768
+ TEST_BATCH_SIZE=128
+ WARMUP_STEPS=200
+ REMAIN_STEPS=5270
+ DECAY_INTERVAL=720
+ TARGET=24.0
+ MAX_SEQ_LEN=75
+ NUMEPOCHS=5
+ EXTRA_OPTS='   --fused-attention    --fused-xentropy    --no-log-all-ranks    '
+ BIND_LAUNCH=0
+ MATH=amp_fp16
+ [[ 0 -eq 1 ]]
+ LAUNCH_OPT='torch.distributed.launch --nproc_per_node 3  --master_port=4269'
+ echo 'running benchmark'
running benchmark
+ python -m torch.distributed.launch --nproc_per_node 3 --master_port=4269 train.py --save gnmt_wmt16 --dataset-dir /data --preproc-data-dir /preproc_data --target-bleu 24.0 --epochs 5 --math amp_fp16 --max-length-train 75 --print-freq 10 --train-batch-size 768 --test-batch-size 128 --optimizer FusedAdam --lr 2.0e-3 --warmup-steps 200 --remain-steps 5270 --decay-interval 720 --fused-attention --fused-xentropy --no-log-all-ranks
:::MLL 1588086937.949 init_start: {"value": null, "metadata": {"file": "train.py", "lineno": 288}}
:::MLL 1588086938.015 init_start: {"value": null, "metadata": {"file": "train.py", "lineno": 288}}
:::MLL 1588086938.064 init_start: {"value": null, "metadata": {"file": "train.py", "lineno": 288}}
0: Saving results to: results/gnmt_wmt16
0: Run arguments: Namespace(apex_message_size=10000000.0, apex_num_allreduce_streams=1, batching='bucketing', beam_size=5, cov_penalty_factor=0.1, cuda=True, cudnn=True, dataset_dir='/data', decay_factor=0.5, decay_interval=720, decay_steps=8, dropout=0.2, enable_apex_allreduce_overlap=False, env=False, epochs=5, eval=True, fused_attention=True, fused_xentropy=True, grad_clip=5.0, hidden_size=1024, init_scale=1024, intra_epoch_eval=0, keep_checkpoints=0, len_norm_const=5.0, len_norm_factor=0.6, local_rank=0, log_all_ranks=False, lr=0.002, math='amp_fp16', max_length_test=150, max_length_train=75, max_size=None, min_length_test=0, min_length_train=0, num_buckets=5, num_layers=4, optimizer='FusedAdam', optimizer_extra='{}', prealloc_mode='always', preproc_data_dir='/preproc_data', print_freq=10, rank=0, remain_steps=5270, results_dir='results', resume=None, save='gnmt_wmt16', save_all=False, save_freq=5000, save_path='results/gnmt_wmt16', seed=None, shard_size=80, share_embedding=True, smoothing=0.1, start_epoch=0, target_bleu=24.0, test_batch_size=128, test_loader_workers=0, train_batch_size=768, train_global_batch_size=None, train_iter_size=1, train_loader_workers=1, upscale_interval=128, use_preproc_data=True, warmup_steps=200)
0: L2 promotion: 128B
0: Using random master seed: 2899544319
node001:3246:3246 [0] NCCL INFO Bootstrap : Using [0]eth0:10.141.0.1<0>
node001:3246:3246 [0] NCCL INFO NET/Plugin : No plugin found (libnccl-net.so), using internal implementation
node001:3246:3246 [0] NCCL INFO NET/IB : No device found.
node001:3246:3246 [0] NCCL INFO NET/Socket : Using [0]eth0:10.141.0.1<0>
node001:3246:3246 [0] NCCL INFO Using network Socket
NCCL version 2.6.4+cuda10.2
node001:3248:3248 [2] NCCL INFO Bootstrap : Using [0]eth0:10.141.0.1<0>
node001:3248:3248 [2] NCCL INFO NET/Plugin : No plugin found (libnccl-net.so), using internal implementation
node001:3248:3248 [2] NCCL INFO NET/IB : No device found.
node001:3248:3248 [2] NCCL INFO NET/Socket : Using [0]eth0:10.141.0.1<0>
node001:3248:3248 [2] NCCL INFO Using network Socket
node001:3247:3247 [1] NCCL INFO Bootstrap : Using [0]eth0:10.141.0.1<0>
node001:3247:3247 [1] NCCL INFO NET/Plugin : No plugin found (libnccl-net.so), using internal implementation
node001:3247:3247 [1] NCCL INFO NET/IB : No device found.
node001:3247:3247 [1] NCCL INFO NET/Socket : Using [0]eth0:10.141.0.1<0>
node001:3247:3247 [1] NCCL INFO Using network Socket
node001:3246:3456 [0] NCCL INFO Channel 00/02 :    0   1   2
node001:3248:3455 [2] NCCL INFO threadThresholds 8/8/64 | 24/8/64 | 8/8/64
node001:3247:3457 [1] NCCL INFO threadThresholds 8/8/64 | 24/8/64 | 8/8/64
node001:3246:3456 [0] NCCL INFO Channel 01/02 :    0   1   2
node001:3248:3455 [2] NCCL INFO Trees [0] -1/-1/-1->2->1|1->2->-1/-1/-1 [1] -1/-1/-1->2->1|1->2->-1/-1/-1
node001:3247:3457 [1] NCCL INFO Trees [0] 2/-1/-1->1->0|0->1->2/-1/-1 [1] 2/-1/-1->1->0|0->1->2/-1/-1
node001:3247:3457 [1] NCCL INFO Setting affinity for GPU 1 to ff000000,00000000
node001:3248:3455 [2] NCCL INFO Setting affinity for GPU 2 to ff,00000000
node001:3246:3456 [0] NCCL INFO threadThresholds 8/8/64 | 24/8/64 | 8/8/64
node001:3246:3456 [0] NCCL INFO Trees [0] 1/-1/-1->0->-1|-1->0->1/-1/-1 [1] 1/-1/-1->0->-1|-1->0->1/-1/-1
node001:3246:3456 [0] NCCL INFO Setting affinity for GPU 0 to ff0000
node001:3247:3457 [1] NCCL INFO Ring 00 : 1[81000] -> 2[e2000] via direct shared memory
node001:3248:3455 [2] NCCL INFO Ring 00 : 2[e2000] -> 0[21000] via direct shared memory
node001:3246:3456 [0] NCCL INFO Ring 00 : 0[21000] -> 1[81000] via direct shared memory
node001:3248:3455 [2] NCCL INFO Ring 00 : 2[e2000] -> 1[81000] via direct shared memory
node001:3247:3457 [1] NCCL INFO Ring 00 : 1[81000] -> 0[21000] via direct shared memory
node001:3246:3456 [0] NCCL INFO Ring 01 : 0[21000] -> 1[81000] via direct shared memory
node001:3248:3455 [2] NCCL INFO Ring 01 : 2[e2000] -> 0[21000] via direct shared memory
node001:3247:3457 [1] NCCL INFO Ring 01 : 1[81000] -> 2[e2000] via direct shared memory
node001:3248:3455 [2] NCCL INFO Ring 01 : 2[e2000] -> 1[81000] via direct shared memory
node001:3247:3457 [1] NCCL INFO Ring 01 : 1[81000] -> 0[21000] via direct shared memory
node001:3246:3456 [0] NCCL INFO comm 0x7ffedc006620 rank 0 nranks 3 cudaDev 0 busId 21000 - Init COMPLETE
node001:3246:3246 [0] NCCL INFO Launch mode Parallel
node001:3248:3455 [2] NCCL INFO comm 0x7fff2c006620 rank 2 nranks 3 cudaDev 2 busId e2000 - Init COMPLETE
node001:3247:3457 [1] NCCL INFO comm 0x7fff6c006620 rank 1 nranks 3 cudaDev 1 busId 81000 - Init COMPLETE
0: Worker 0 is using worker seed: 4029322485
0: Building vocabulary from /data/vocab.bpe.32000
0: Size of vocabulary: 32320
0: Fused attention flag set to True
0: GNMT(
  (encoder): ResidualRecurrentEncoder(
    (rnn_layers): ModuleList(
      (0): EmuBidirLSTM(
        (bidir): LSTM(1024, 1024, bidirectional=True)
        (layer1): LSTM(1024, 1024)
        (layer2): LSTM(1024, 1024)
      )
      (1): LSTM(2048, 1024)
      (2): LSTM(1024, 1024)
      (3): LSTM(1024, 1024)
    )
    (dropout): Dropout(p=0.2)
    (embedder): Embedding(32320, 1024, padding_idx=0)
  )
  (decoder): ResidualRecurrentDecoder(
    (att_rnn): RecurrentAttention(
      (rnn): LSTM(1024, 1024)
      (attn): BahdanauAttention(
        (linear_q): Linear(in_features=1024, out_features=1024, bias=False)
        (linear_k): Linear(in_features=1024, out_features=1024, bias=False)
      )
      (dropout): Dropout(p=0.2)
    )
    (rnn_layers): ModuleList(
      (0): LSTM(2048, 1024)
      (1): LSTM(2048, 1024)
      (2): LSTM(2048, 1024)
    )
    (embedder): Embedding(32320, 1024, padding_idx=0)
    (classifier): Classifier(
      (classifier): Linear(in_features=1024, out_features=32320, bias=True)
    )
    (dropout): Dropout(p=0.2)
  )
)
0: Building LabelSmoothingLoss (smoothing: 0.1)
0: Fused xentropy flag set to True
0: Training optimizer config: {'optimizer': 'FusedAdam', 'lr': 0.002}
0: Number of parameters: 160671297
0: Saving state of the tokenizer
Selected optimization level O2:  FP16 training with FP32 batchnorm and FP32 master weights.

Defaults for this optimization level are:
enabled                : True
opt_level              : O2
cast_model_type        : torch.float16
patch_torch_functions  : False
keep_batchnorm_fp32    : True
master_weights         : True
loss_scale             : dynamic
Processing user overrides (additional kwargs that are not None)...
After processing overrides, optimization options are:
enabled                : True
opt_level              : O2
cast_model_type        : torch.float16
patch_torch_functions  : False
keep_batchnorm_fp32    : False
master_weights         : True
loss_scale             : dynamic
0: Initializing amp optimizer
0: Using optimizer: FusedAdam (
Parameter Group 0
    betas: (0.9, 0.999)
    bias_correction: True
    eps: 1e-08
    lr: 0.002
    max_grad_norm: 5.0
    weight_decay: 0.0
)
:::MLL 1588086945.922 opt_base_learning_rate: {"value": 0.002, "metadata": {"file": "seq2seq/train/trainer.py", "lineno": 169}}
0: Executing preallocation
/opt/conda/lib/python3.6/site-packages/torch/nn/modules/rnn.py:522: RuntimeWarning: RNN module weights are not part of single contiguous chunk of memory. This means they need to be compacted at every call, possibly greatly increasing memory usage. To compact weights again call flatten_parameters().
  self.num_layers, self.dropout, self.training, self.bidirectional)
/opt/conda/lib/python3.6/site-packages/torch/nn/modules/rnn.py:522: RuntimeWarning: RNN module weights are not part of single contiguous chunk of memory. This means they need to be compacted at every call, possibly greatly increasing memory usage. To compact weights again call flatten_parameters().
  self.num_layers, self.dropout, self.training, self.bidirectional)
/opt/conda/lib/python3.6/site-packages/torch/nn/modules/rnn.py:522: RuntimeWarning: RNN module weights are not part of single contiguous chunk of memory. This means they need to be compacted at every call, possibly greatly increasing memory usage. To compact weights again call flatten_parameters().
  self.num_layers, self.dropout, self.training, self.bidirectional)
:::MLL 1588086947.286 init_stop: {"value": null, "metadata": {"file": "train.py", "lineno": 407}}
:::MLL 1588086947.287 run_start: {"value": null, "metadata": {"file": "train.py", "lineno": 409}}
:::MLL 1588086947.287 max_sequence_length: {"value": 75, "metadata": {"method": "discard", "file": "train.py", "lineno": 414}}
0: Reading preprocessed data file from /preproc_data/training.bin
0: Preprocessed data: length: 3975116 min length: 0 max length: 75 
0: Opening preprocessed data /preproc_data/training.bin for reading
0: Processing data from /data/newstest2014.tok.bpe.32000.en
0: Filtering data, min len: 0, max len: 150
0: Pairs before: 3003, after: 3003
:::MLL 1588086948.106 global_batch_size: {"value": 2304, "metadata": {"file": "train.py", "lineno": 459}}
0: Training LR schedule config: {'warmup_steps': 200, 'remain_steps': 5270, 'decay_interval': 720, 'decay_steps': 8, 'decay_factor': 0.5}
0: Scheduler warmup steps: 200
0: Scheduler remain steps: 5270
0: Scheduler decay interval: 720
0: Scheduler decay factor: 0.5
0: Scheduler max decay steps: 8
:::MLL 1588086948.116 opt_learning_rate_alt_decay_func: {"value": true, "metadata": {"file": "seq2seq/train/lr_scheduler.py", "lineno": 78}}
:::MLL 1588086948.117 opt_learning_rate_alt_warmup_func: {"value": true, "metadata": {"file": "seq2seq/train/lr_scheduler.py", "lineno": 80}}
:::MLL 1588086948.117 opt_learning_rate_decay_interval: {"value": 720, "metadata": {"file": "seq2seq/train/lr_scheduler.py", "lineno": 83}}
:::MLL 1588086948.118 opt_learning_rate_decay_factor: {"value": 0.5, "metadata": {"file": "seq2seq/train/lr_scheduler.py", "lineno": 85}}
:::MLL 1588086948.118 opt_learning_rate_decay_steps: {"value": 8, "metadata": {"file": "seq2seq/train/lr_scheduler.py", "lineno": 87}}
:::MLL 1588086948.118 opt_learning_rate_remain_steps: {"value": 5270, "metadata": {"file": "seq2seq/train/lr_scheduler.py", "lineno": 89}}
:::MLL 1588086948.119 opt_learning_rate_warmup_steps: {"value": 200, "metadata": {"file": "seq2seq/train/lr_scheduler.py", "lineno": 91}}
:::MLL 1588086948.121 block_start: {"value": null, "metadata": {"first_epoch_num": 1, "epoch_count": 1, "file": "train.py", "lineno": 512}}
:::MLL 1588086948.122 epoch_start: {"value": null, "metadata": {"epoch_num": 1, "file": "train.py", "lineno": 515}}
0: Starting epoch 0
0: Executing preallocation
0: Sampler for epoch 0 uses seed 2821616799
Gradient overflow.  Skipping step, loss scaler 0 reducing loss scale to 256.0
Gradient overflow.  Skipping step, loss scaler 0 reducing loss scale to 256.0
Gradient overflow.  Skipping step, loss scaler 0 reducing loss scale to 256.0
0: TRAIN [0][0/1723]	Time 1.414 (1.414)	Data 8.30e-01 (8.30e-01)	Tok/s 35537 (35537)	Loss/tok 10.7178 (10.7178)	LR 2.000e-05
0: TRAIN [0][10/1723]	Time 0.588 (0.568)	Data 3.55e-04 (7.58e-02)	Tok/s 85435 (76061)	Loss/tok 9.8432 (10.2931)	LR 2.518e-05
0: TRAIN [0][20/1723]	Time 0.389 (0.609)	Data 3.25e-04 (3.99e-02)	Tok/s 79278 (80454)	Loss/tok 9.2726 (9.9095)	LR 3.170e-05
0: TRAIN [0][30/1723]	Time 0.586 (0.589)	Data 3.36e-04 (2.71e-02)	Tok/s 86870 (81740)	Loss/tok 9.0205 (9.6758)	LR 3.991e-05
0: TRAIN [0][40/1723]	Time 0.798 (0.597)	Data 3.17e-04 (2.06e-02)	Tok/s 87513 (82073)	Loss/tok 8.8818 (9.4837)	LR 5.024e-05
0: TRAIN [0][50/1723]	Time 0.400 (0.580)	Data 3.14e-04 (1.66e-02)	Tok/s 78071 (82093)	Loss/tok 8.4444 (9.3412)	LR 6.325e-05
0: TRAIN [0][60/1723]	Time 0.221 (0.574)	Data 3.19e-04 (1.39e-02)	Tok/s 71775 (81946)	Loss/tok 7.9050 (9.2036)	LR 7.962e-05
0: TRAIN [0][70/1723]	Time 0.397 (0.558)	Data 3.17e-04 (1.20e-02)	Tok/s 78513 (81613)	Loss/tok 8.0712 (9.0927)	LR 1.002e-04
0: TRAIN [0][80/1723]	Time 0.565 (0.552)	Data 3.18e-04 (1.06e-02)	Tok/s 88971 (81771)	Loss/tok 8.0562 (8.9783)	LR 1.262e-04
0: TRAIN [0][90/1723]	Time 0.584 (0.541)	Data 3.25e-04 (9.45e-03)	Tok/s 86560 (81595)	Loss/tok 8.0235 (8.8848)	LR 1.589e-04
0: TRAIN [0][100/1723]	Time 0.588 (0.540)	Data 3.20e-04 (8.54e-03)	Tok/s 85434 (81732)	Loss/tok 8.0016 (8.7940)	LR 2.000e-04
0: TRAIN [0][110/1723]	Time 0.795 (0.551)	Data 3.15e-04 (7.80e-03)	Tok/s 88070 (81965)	Loss/tok 8.0010 (8.7050)	LR 2.518e-04
0: TRAIN [0][120/1723]	Time 0.402 (0.545)	Data 3.06e-04 (7.18e-03)	Tok/s 77524 (81865)	Loss/tok 7.6927 (8.6432)	LR 3.170e-04
0: TRAIN [0][130/1723]	Time 0.397 (0.541)	Data 3.17e-04 (6.66e-03)	Tok/s 79035 (81856)	Loss/tok 7.6296 (8.5845)	LR 3.991e-04
0: TRAIN [0][140/1723]	Time 0.589 (0.550)	Data 3.29e-04 (6.21e-03)	Tok/s 85552 (82156)	Loss/tok 7.7704 (8.5199)	LR 5.024e-04
0: TRAIN [0][150/1723]	Time 0.587 (0.548)	Data 3.84e-04 (5.82e-03)	Tok/s 86173 (82178)	Loss/tok 7.6988 (8.4676)	LR 6.325e-04
0: TRAIN [0][160/1723]	Time 0.399 (0.546)	Data 3.15e-04 (5.48e-03)	Tok/s 77735 (82123)	Loss/tok 7.3571 (8.4151)	LR 7.962e-04
Gradient overflow.  Skipping step, loss scaler 0 reducing loss scale to 256.0
Gradient overflow.  Skipping step, loss scaler 0 reducing loss scale to 256.0
Gradient overflow.  Skipping step, loss scaler 0 reducing loss scale to 256.0
0: TRAIN [0][170/1723]	Time 0.589 (0.546)	Data 3.31e-04 (5.18e-03)	Tok/s 86135 (82139)	Loss/tok 7.8019 (8.3673)	LR 9.796e-04
0: TRAIN [0][180/1723]	Time 0.585 (0.540)	Data 3.28e-04 (4.91e-03)	Tok/s 86992 (82010)	Loss/tok 7.4556 (8.3223)	LR 1.233e-03
0: TRAIN [0][190/1723]	Time 0.215 (0.536)	Data 3.09e-04 (4.67e-03)	Tok/s 73253 (81917)	Loss/tok 6.2005 (8.2714)	LR 1.552e-03
0: TRAIN [0][200/1723]	Time 0.588 (0.535)	Data 3.20e-04 (4.45e-03)	Tok/s 85703 (81894)	Loss/tok 7.0431 (8.2152)	LR 1.954e-03
0: TRAIN [0][210/1723]	Time 1.045 (0.536)	Data 3.05e-04 (4.25e-03)	Tok/s 85580 (81842)	Loss/tok 7.2494 (8.1532)	LR 2.000e-03
