Beginning trial 7 of 7
Gathering sys log on node001
:::MLL 1586871600.658 submission_benchmark: {"value": "gnmt", "metadata": {"file": "mlperf_log_utils.py", "lineno": 176}}
:::MLL 1586871600.659 submission_org: {"value": "NVIDIA", "metadata": {"file": "mlperf_log_utils.py", "lineno": 181}}
WARNING: Log validation: Key "submission_division" is not in known gnmt keys.
:::MLL 1586871600.659 submission_division: {"value": "closed", "metadata": {"file": "mlperf_log_utils.py", "lineno": 185}}
:::MLL 1586871600.660 submission_status: {"value": "onprem", "metadata": {"file": "mlperf_log_utils.py", "lineno": 189}}
:::MLL 1586871600.661 submission_platform: {"value": "1xPowerEdge R7525", "metadata": {"file": "mlperf_log_utils.py", "lineno": 193}}
:::MLL 1586871600.662 submission_entry: {"value": "{'hardware': 'PowerEdge R7525', 'framework': 'PyTorch NVIDIA Release 19.05', 'power': 'N/A', 'notes': 'N/A', 'interconnect': ' ', 'os': '\\\\S / ', 'libraries': \"{'container_base': 'Ubuntu-16.04', 'openmpi_version': '3.1.3', 'mofed_version': '4.0-0', 'cuda_version': '10.1.163', 'cuda_driver_version': '418.67', 'nccl_version': '2.4.6', 'cudnn_version': '7.6.0.64', 'cublas_version': '10.2.0.163', 'trt_version': '5.1.5.0', 'dali_version': '0.9.1'}\", 'compilers': 'gcc (Ubuntu 5.4.0-6ubuntu1~16.04.11) 5.4.0 20160609', 'nodes': \"{'num_nodes': '1', 'cpu': '2x AMD EPYC 7502 32-Core Processor', 'num_cores': '64', 'num_vcpus': '64', 'accelerator': 'Tesla V100-PCIE-32GB', 'num_accelerators': '3', 'sys_mem_size': '251 GB', 'sys_storage_type': 'NVMe SSD', 'sys_storage_size': '1x 931.5G', 'cpu_accel_interconnect': 'QPI', 'network_card': '', 'num_network_cards': '0', 'notes': ''}\"}", "metadata": {"file": "mlperf_log_utils.py", "lineno": 197}}
:::MLL 1586871600.663 submission_poc_name: {"value": "Paulius Micikevicius", "metadata": {"file": "mlperf_log_utils.py", "lineno": 201}}
:::MLL 1586871600.663 submission_poc_email: {"value": "pauliusm@nvidia.com", "metadata": {"file": "mlperf_log_utils.py", "lineno": 205}}
Clearing caches
:::MLL 1586871601.697 cache_clear: {"value": true, "metadata": {"file": "<string>", "lineno": 1}}
Launching on node node001
+ pids+=($!)
+ set +x
++ eval echo
+++ echo
+ docker exec -e DGXSYSTEM=DGX1 -e 'MULTI_NODE= --master_port=4897' -e LR=2.0e-3 -e TRAIN_BATCH_SIZE=768 -e TEST_BATCH_SIZE=128 -e WARMUP_STEPS=200 -e REMAIN_STEPS=5270 -e DECAY_INTERVAL=720 -e TARGET=24.0 -e NUMEPOCHS=5 -e MAX_SEQ_LEN=75 -e 'EXTRA_OPTS=   --fused-attention    --fused-xentropy    --no-log-all-ranks    ' -e SLURM_JOB_ID=200413213933931175671 -e SLURM_NTASKS_PER_NODE= -e SLURM_NNODES=1 cont_200413213933931175671 ./run_and_time.sh
Run vars: id 200413213933931175671 gpus 3 mparams  --master_port=4897
NCCL_SOCKET_NTHREADS=2
NCCL_NSOCKS_PERTHREAD=8
+ DATASET_DIR=/data
+ PREPROC_DATADIR=/preproc_data
+ RESULTS_DIR=gnmt_wmt16
+ LR=2.0e-3
+ TRAIN_BATCH_SIZE=768
+ TEST_BATCH_SIZE=128
STARTING TIMING RUN AT 2020-04-14 01:40:02 PM
+ WARMUP_STEPS=200
+ REMAIN_STEPS=5270
+ DECAY_INTERVAL=720
+ TARGET=24.0
+ MAX_SEQ_LEN=75
+ NUMEPOCHS=5
+ EXTRA_OPTS='   --fused-attention    --fused-xentropy    --no-log-all-ranks    '
+ BIND_LAUNCH=0
+ MATH=amp_fp16
+ [[ 0 -eq 1 ]]
+ LAUNCH_OPT='torch.distributed.launch --nproc_per_node 3  --master_port=4897'
+ echo 'running benchmark'
running benchmark
+ python -m torch.distributed.launch --nproc_per_node 3 --master_port=4897 train.py --save gnmt_wmt16 --dataset-dir /data --preproc-data-dir /preproc_data --target-bleu 24.0 --epochs 5 --math amp_fp16 --max-length-train 75 --print-freq 10 --train-batch-size 768 --test-batch-size 128 --optimizer FusedAdam --lr 2.0e-3 --warmup-steps 200 --remain-steps 5270 --decay-interval 720 --fused-attention --fused-xentropy --no-log-all-ranks
:::MLL 1586871605.060 init_start: {"value": null, "metadata": {"file": "train.py", "lineno": 288}}
:::MLL 1586871605.069 init_start: {"value": null, "metadata": {"file": "train.py", "lineno": 288}}
:::MLL 1586871605.092 init_start: {"value": null, "metadata": {"file": "train.py", "lineno": 288}}
0: Saving results to: results/gnmt_wmt16
0: Run arguments: Namespace(apex_message_size=10000000.0, apex_num_allreduce_streams=1, batching='bucketing', beam_size=5, cov_penalty_factor=0.1, cuda=True, cudnn=True, dataset_dir='/data', decay_factor=0.5, decay_interval=720, decay_steps=8, dropout=0.2, enable_apex_allreduce_overlap=False, env=False, epochs=5, eval=True, fused_attention=True, fused_xentropy=True, grad_clip=5.0, hidden_size=1024, init_scale=1024, intra_epoch_eval=0, keep_checkpoints=0, len_norm_const=5.0, len_norm_factor=0.6, local_rank=0, log_all_ranks=False, lr=0.002, math='amp_fp16', max_length_test=150, max_length_train=75, max_size=None, min_length_test=0, min_length_train=0, num_buckets=5, num_layers=4, optimizer='FusedAdam', optimizer_extra='{}', prealloc_mode='always', preproc_data_dir='/preproc_data', print_freq=10, rank=0, remain_steps=5270, results_dir='results', resume=None, save='gnmt_wmt16', save_all=False, save_freq=5000, save_path='results/gnmt_wmt16', seed=None, shard_size=80, share_embedding=True, smoothing=0.1, start_epoch=0, target_bleu=24.0, test_batch_size=128, test_loader_workers=0, train_batch_size=768, train_global_batch_size=None, train_iter_size=1, train_loader_workers=1, upscale_interval=128, use_preproc_data=True, warmup_steps=200)
0: L2 promotion: 128B
0: Using random master seed: 3034468086
node001:4512:4512 [0] NCCL INFO Bootstrap : Using [0]eth0:10.141.0.1<0>
node001:4512:4512 [0] NCCL INFO NET/Plugin : No plugin found (libnccl-net.so), using internal implementation
node001:4512:4512 [0] NCCL INFO NET/IB : No device found.
node001:4512:4512 [0] NCCL INFO NET/Socket : Using [0]eth0:10.141.0.1<0>
node001:4512:4512 [0] NCCL INFO Using network Socket
NCCL version 2.6.4+cuda10.2
node001:4514:4514 [2] NCCL INFO Bootstrap : Using [0]eth0:10.141.0.1<0>
node001:4514:4514 [2] NCCL INFO NET/Plugin : No plugin found (libnccl-net.so), using internal implementation
node001:4514:4514 [2] NCCL INFO NET/IB : No device found.
node001:4514:4514 [2] NCCL INFO NET/Socket : Using [0]eth0:10.141.0.1<0>
node001:4514:4514 [2] NCCL INFO Using network Socket
node001:4513:4513 [1] NCCL INFO Bootstrap : Using [0]eth0:10.141.0.1<0>
node001:4513:4513 [1] NCCL INFO NET/Plugin : No plugin found (libnccl-net.so), using internal implementation
node001:4513:4513 [1] NCCL INFO NET/IB : No device found.
node001:4513:4513 [1] NCCL INFO NET/Socket : Using [0]eth0:10.141.0.1<0>
node001:4513:4513 [1] NCCL INFO Using network Socket
node001:4512:4721 [0] NCCL INFO Channel 00/02 :    0   1   2
node001:4513:4723 [1] NCCL INFO threadThresholds 8/8/64 | 24/8/64 | 8/8/64
node001:4514:4722 [2] NCCL INFO threadThresholds 8/8/64 | 24/8/64 | 8/8/64
node001:4512:4721 [0] NCCL INFO Channel 01/02 :    0   1   2
node001:4513:4723 [1] NCCL INFO Trees [0] 2/-1/-1->1->0|0->1->2/-1/-1 [1] 2/-1/-1->1->0|0->1->2/-1/-1
node001:4514:4722 [2] NCCL INFO Trees [0] -1/-1/-1->2->1|1->2->-1/-1/-1 [1] -1/-1/-1->2->1|1->2->-1/-1/-1
node001:4513:4723 [1] NCCL INFO Setting affinity for GPU 1 to ffffffff,00000000
node001:4514:4722 [2] NCCL INFO Setting affinity for GPU 2 to ffffffff,00000000
node001:4512:4721 [0] NCCL INFO threadThresholds 8/8/64 | 24/8/64 | 8/8/64
node001:4512:4721 [0] NCCL INFO Trees [0] 1/-1/-1->0->-1|-1->0->1/-1/-1 [1] 1/-1/-1->0->-1|-1->0->1/-1/-1
node001:4512:4721 [0] NCCL INFO Setting affinity for GPU 0 to ffffffff
node001:4514:4722 [2] NCCL INFO Ring 00 : 2[e2000] -> 0[21000] via direct shared memory
node001:4513:4723 [1] NCCL INFO Ring 00 : 1[81000] -> 2[e2000] via P2P/IPC
node001:4512:4721 [0] NCCL INFO Ring 00 : 0[21000] -> 1[81000] via direct shared memory
node001:4514:4722 [2] NCCL INFO Ring 00 : 2[e2000] -> 1[81000] via P2P/IPC
node001:4513:4723 [1] NCCL INFO Ring 00 : 1[81000] -> 0[21000] via direct shared memory
node001:4514:4722 [2] NCCL INFO Ring 01 : 2[e2000] -> 0[21000] via direct shared memory
node001:4512:4721 [0] NCCL INFO Ring 01 : 0[21000] -> 1[81000] via direct shared memory
node001:4513:4723 [1] NCCL INFO Ring 01 : 1[81000] -> 2[e2000] via P2P/IPC
node001:4514:4722 [2] NCCL INFO Ring 01 : 2[e2000] -> 1[81000] via P2P/IPC
node001:4513:4723 [1] NCCL INFO Ring 01 : 1[81000] -> 0[21000] via direct shared memory
node001:4514:4722 [2] NCCL INFO comm 0x7fff40006620 rank 2 nranks 3 cudaDev 2 busId e2000 - Init COMPLETE
node001:4512:4721 [0] NCCL INFO comm 0x7ffecc006620 rank 0 nranks 3 cudaDev 0 busId 21000 - Init COMPLETE
node001:4512:4512 [0] NCCL INFO Launch mode Parallel
node001:4513:4723 [1] NCCL INFO comm 0x7ffef0006620 rank 1 nranks 3 cudaDev 1 busId 81000 - Init COMPLETE
0: Worker 0 is using worker seed: 2295531583
0: Building vocabulary from /data/vocab.bpe.32000
0: Size of vocabulary: 32320
0: Fused attention flag set to True
0: GNMT(
  (encoder): ResidualRecurrentEncoder(
    (rnn_layers): ModuleList(
      (0): EmuBidirLSTM(
        (bidir): LSTM(1024, 1024, bidirectional=True)
        (layer1): LSTM(1024, 1024)
        (layer2): LSTM(1024, 1024)
      )
      (1): LSTM(2048, 1024)
      (2): LSTM(1024, 1024)
      (3): LSTM(1024, 1024)
    )
    (dropout): Dropout(p=0.2)
    (embedder): Embedding(32320, 1024, padding_idx=0)
  )
  (decoder): ResidualRecurrentDecoder(
    (att_rnn): RecurrentAttention(
      (rnn): LSTM(1024, 1024)
      (attn): BahdanauAttention(
        (linear_q): Linear(in_features=1024, out_features=1024, bias=False)
        (linear_k): Linear(in_features=1024, out_features=1024, bias=False)
      )
      (dropout): Dropout(p=0.2)
    )
    (rnn_layers): ModuleList(
      (0): LSTM(2048, 1024)
      (1): LSTM(2048, 1024)
      (2): LSTM(2048, 1024)
    )
    (embedder): Embedding(32320, 1024, padding_idx=0)
    (classifier): Classifier(
      (classifier): Linear(in_features=1024, out_features=32320, bias=True)
    )
    (dropout): Dropout(p=0.2)
  )
)
0: Building LabelSmoothingLoss (smoothing: 0.1)
0: Fused xentropy flag set to True
0: Training optimizer config: {'optimizer': 'FusedAdam', 'lr': 0.002}
0: Number of parameters: 160671297
0: Saving state of the tokenizer
Selected optimization level O2:  FP16 training with FP32 batchnorm and FP32 master weights.

Defaults for this optimization level are:
enabled                : True
opt_level              : O2
cast_model_type        : torch.float16
patch_torch_functions  : False
keep_batchnorm_fp32    : True
master_weights         : True
loss_scale             : dynamic
Processing user overrides (additional kwargs that are not None)...
After processing overrides, optimization options are:
enabled                : True
opt_level              : O2
cast_model_type        : torch.float16
patch_torch_functions  : False
keep_batchnorm_fp32    : False
master_weights         : True
loss_scale             : dynamic
0: Initializing amp optimizer
0: Using optimizer: FusedAdam (
Parameter Group 0
    betas: (0.9, 0.999)
    bias_correction: True
    eps: 1e-08
    lr: 0.002
    max_grad_norm: 5.0
    weight_decay: 0.0
)
:::MLL 1586871613.307 opt_base_learning_rate: {"value": 0.002, "metadata": {"file": "seq2seq/train/trainer.py", "lineno": 169}}
0: Executing preallocation
/opt/conda/lib/python3.6/site-packages/torch/nn/modules/rnn.py:522: RuntimeWarning: RNN module weights are not part of single contiguous chunk of memory. This means they need to be compacted at every call, possibly greatly increasing memory usage. To compact weights again call flatten_parameters().
  self.num_layers, self.dropout, self.training, self.bidirectional)
/opt/conda/lib/python3.6/site-packages/torch/nn/modules/rnn.py:522: RuntimeWarning: RNN module weights are not part of single contiguous chunk of memory. This means they need to be compacted at every call, possibly greatly increasing memory usage. To compact weights again call flatten_parameters().
  self.num_layers, self.dropout, self.training, self.bidirectional)
/opt/conda/lib/python3.6/site-packages/torch/nn/modules/rnn.py:522: RuntimeWarning: RNN module weights are not part of single contiguous chunk of memory. This means they need to be compacted at every call, possibly greatly increasing memory usage. To compact weights again call flatten_parameters().
  self.num_layers, self.dropout, self.training, self.bidirectional)
:::MLL 1586871615.536 init_stop: {"value": null, "metadata": {"file": "train.py", "lineno": 407}}
:::MLL 1586871615.537 run_start: {"value": null, "metadata": {"file": "train.py", "lineno": 409}}
:::MLL 1586871615.537 max_sequence_length: {"value": 75, "metadata": {"method": "discard", "file": "train.py", "lineno": 414}}
0: Reading preprocessed data file from /preproc_data/training.bin
0: Preprocessed data: length: 3975116 min length: 0 max length: 75 
0: Opening preprocessed data /preproc_data/training.bin for reading
0: Processing data from /data/newstest2014.tok.bpe.32000.en
0: Filtering data, min len: 0, max len: 150
0: Pairs before: 3003, after: 3003
:::MLL 1586871616.329 global_batch_size: {"value": 2304, "metadata": {"file": "train.py", "lineno": 459}}
0: Training LR schedule config: {'warmup_steps': 200, 'remain_steps': 5270, 'decay_interval': 720, 'decay_steps': 8, 'decay_factor': 0.5}
0: Scheduler warmup steps: 200
0: Scheduler remain steps: 5270
0: Scheduler decay interval: 720
0: Scheduler decay factor: 0.5
0: Scheduler max decay steps: 8
:::MLL 1586871616.340 opt_learning_rate_alt_decay_func: {"value": true, "metadata": {"file": "seq2seq/train/lr_scheduler.py", "lineno": 78}}
:::MLL 1586871616.340 opt_learning_rate_alt_warmup_func: {"value": true, "metadata": {"file": "seq2seq/train/lr_scheduler.py", "lineno": 80}}
:::MLL 1586871616.341 opt_learning_rate_decay_interval: {"value": 720, "metadata": {"file": "seq2seq/train/lr_scheduler.py", "lineno": 83}}
:::MLL 1586871616.341 opt_learning_rate_decay_factor: {"value": 0.5, "metadata": {"file": "seq2seq/train/lr_scheduler.py", "lineno": 85}}
:::MLL 1586871616.341 opt_learning_rate_decay_steps: {"value": 8, "metadata": {"file": "seq2seq/train/lr_scheduler.py", "lineno": 87}}
:::MLL 1586871616.342 opt_learning_rate_remain_steps: {"value": 5270, "metadata": {"file": "seq2seq/train/lr_scheduler.py", "lineno": 89}}
:::MLL 1586871616.342 opt_learning_rate_warmup_steps: {"value": 200, "metadata": {"file": "seq2seq/train/lr_scheduler.py", "lineno": 91}}
:::MLL 1586871616.353 block_start: {"value": null, "metadata": {"first_epoch_num": 1, "epoch_count": 1, "file": "train.py", "lineno": 512}}
:::MLL 1586871616.354 epoch_start: {"value": null, "metadata": {"epoch_num": 1, "file": "train.py", "lineno": 515}}
0: Starting epoch 0
0: Executing preallocation
0: Sampler for epoch 0 uses seed 798311066
Gradient overflow.  Skipping step, loss scaler 0 reducing loss scale to 256.0
Gradient overflow.  Skipping step, loss scaler 0 reducing loss scale to 256.0
Gradient overflow.  Skipping step, loss scaler 0 reducing loss scale to 256.0
0: TRAIN [0][0/1723]	Time 1.649 (1.649)	Data 8.48e-01 (8.48e-01)	Tok/s 18543 (18543)	Loss/tok 10.6049 (10.6049)	LR 2.000e-05
0: TRAIN [0][10/1723]	Time 0.802 (0.980)	Data 4.28e-04 (7.75e-02)	Tok/s 38616 (40901)	Loss/tok 9.7190 (10.1266)	LR 2.518e-05
0: TRAIN [0][20/1723]	Time 0.990 (0.944)	Data 5.32e-04 (4.08e-02)	Tok/s 50805 (42356)	Loss/tok 9.3435 (9.8226)	LR 3.170e-05
0: TRAIN [0][30/1723]	Time 0.807 (0.941)	Data 3.94e-04 (2.78e-02)	Tok/s 38524 (42870)	Loss/tok 8.9641 (9.6080)	LR 3.991e-05
0: TRAIN [0][40/1723]	Time 1.216 (0.973)	Data 3.84e-04 (2.11e-02)	Tok/s 57488 (44917)	Loss/tok 8.8876 (9.4135)	LR 5.024e-05
0: TRAIN [0][50/1723]	Time 0.592 (0.961)	Data 3.74e-04 (1.71e-02)	Tok/s 26647 (44530)	Loss/tok 8.2879 (9.2878)	LR 6.325e-05
0: TRAIN [0][60/1723]	Time 0.995 (0.951)	Data 3.84e-04 (1.43e-02)	Tok/s 50564 (44497)	Loss/tok 8.4245 (9.1627)	LR 7.962e-05
0: TRAIN [0][70/1723]	Time 0.809 (0.957)	Data 5.39e-04 (1.24e-02)	Tok/s 38128 (45000)	Loss/tok 8.2051 (9.0301)	LR 1.002e-04
0: TRAIN [0][80/1723]	Time 0.814 (0.963)	Data 3.85e-04 (1.09e-02)	Tok/s 37783 (45523)	Loss/tok 8.0149 (8.9067)	LR 1.262e-04
0: TRAIN [0][90/1723]	Time 1.004 (0.954)	Data 3.88e-04 (9.75e-03)	Tok/s 50131 (45256)	Loss/tok 7.9977 (8.8195)	LR 1.589e-04
0: TRAIN [0][100/1723]	Time 0.995 (0.959)	Data 3.89e-04 (8.83e-03)	Tok/s 50750 (45357)	Loss/tok 8.0510 (8.7531)	LR 2.000e-04
0: TRAIN [0][110/1723]	Time 1.008 (0.962)	Data 3.81e-04 (8.07e-03)	Tok/s 49803 (45546)	Loss/tok 7.9053 (8.6768)	LR 2.518e-04
0: TRAIN [0][120/1723]	Time 1.211 (0.959)	Data 5.71e-04 (7.44e-03)	Tok/s 57651 (45503)	Loss/tok 8.0126 (8.6136)	LR 3.170e-04
0: TRAIN [0][130/1723]	Time 0.804 (0.955)	Data 5.19e-04 (6.91e-03)	Tok/s 38176 (45344)	Loss/tok 7.6903 (8.5646)	LR 3.991e-04
0: TRAIN [0][140/1723]	Time 1.226 (0.959)	Data 3.46e-04 (6.45e-03)	Tok/s 57207 (45569)	Loss/tok 7.9421 (8.5074)	LR 5.024e-04
Gradient overflow.  Skipping step, loss scaler 0 reducing loss scale to 256.0
Gradient overflow.  Skipping step, loss scaler 0 reducing loss scale to 256.0
Gradient overflow.  Skipping step, loss scaler 0 reducing loss scale to 256.0
0: TRAIN [0][150/1723]	Time 0.816 (0.956)	Data 3.62e-04 (6.05e-03)	Tok/s 38024 (45425)	Loss/tok 7.5624 (8.4594)	LR 6.181e-04
0: TRAIN [0][160/1723]	Time 0.811 (0.949)	Data 3.56e-04 (5.70e-03)	Tok/s 38160 (45131)	Loss/tok 7.4520 (8.4194)	LR 7.781e-04
0: TRAIN [0][170/1723]	Time 1.010 (0.944)	Data 4.12e-04 (5.39e-03)	Tok/s 49540 (44935)	Loss/tok 7.6012 (8.3751)	LR 9.796e-04
0: TRAIN [0][180/1723]	Time 1.230 (0.947)	Data 5.18e-04 (5.12e-03)	Tok/s 57250 (45011)	Loss/tok 7.5652 (8.3219)	LR 1.233e-03
0: TRAIN [0][190/1723]	Time 0.994 (0.943)	Data 3.46e-04 (4.87e-03)	Tok/s 50702 (44841)	Loss/tok 7.2294 (8.2744)	LR 1.552e-03
0: TRAIN [0][200/1723]	Time 0.995 (0.944)	Data 3.62e-04 (4.65e-03)	Tok/s 50566 (44835)	Loss/tok 7.0705 (8.2176)	LR 1.954e-03
0: TRAIN [0][210/1723]	Time 0.999 (0.941)	Data 3.72e-04 (4.44e-03)	Tok/s 50247 (44736)	Loss/tok 7.2204 (8.1668)	LR 2.000e-03
0: TRAIN [0][220/1723]	Time 0.606 (0.938)	Data 3.89e-04 (4.26e-03)	Tok/s 25898 (44636)	Loss/tok 5.6913 (8.1122)	LR 2.000e-03
0: TRAIN [0][230/1723]	Time 1.005 (0.937)	Data 5.14e-04 (4.10e-03)	Tok/s 49978 (44596)	Loss/tok 6.6617 (8.0537)	LR 2.000e-03
0: TRAIN [0][240/1723]	Time 0.808 (0.939)	Data 5.22e-04 (3.94e-03)	Tok/s 37765 (44704)	Loss/tok 6.2294 (7.9872)	LR 2.000e-03
0: TRAIN [0][250/1723]	Time 0.812 (0.944)	Data 4.38e-04 (3.80e-03)	Tok/s 38119 (44811)	Loss/tok 6.1773 (7.9183)	LR 2.000e-03
0: TRAIN [0][260/1723]	Time 1.009 (0.943)	Data 5.95e-04 (3.68e-03)	Tok/s 49812 (44778)	Loss/tok 6.3196 (7.8581)	LR 2.000e-03
0: TRAIN [0][270/1723]	Time 0.813 (0.942)	Data 4.02e-04 (3.56e-03)	Tok/s 38222 (44688)	Loss/tok 5.8842 (7.8000)	LR 2.000e-03
0: TRAIN [0][280/1723]	Time 0.815 (0.942)	Data 4.12e-04 (3.45e-03)	Tok/s 38202 (44643)	Loss/tok 5.8064 (7.7400)	LR 2.000e-03
0: TRAIN [0][290/1723]	Time 0.803 (0.947)	Data 5.96e-04 (3.35e-03)	Tok/s 38405 (44807)	Loss/tok 5.6927 (7.6702)	LR 2.000e-03
0: TRAIN [0][300/1723]	Time 1.446 (0.950)	Data 4.33e-04 (3.25e-03)	Tok/s 61913 (44910)	Loss/tok 6.1859 (7.6044)	LR 2.000e-03
0: TRAIN [0][310/1723]	Time 1.225 (0.952)	Data 4.46e-04 (3.16e-03)	Tok/s 56946 (44969)	Loss/tok 5.9569 (7.5424)	LR 2.000e-03
0: TRAIN [0][320/1723]	Time 1.004 (0.952)	Data 4.03e-04 (3.08e-03)	Tok/s 50419 (44992)	Loss/tok 5.6241 (7.4841)	LR 2.000e-03
0: TRAIN [0][330/1723]	Time 0.799 (0.951)	Data 5.87e-04 (3.00e-03)	Tok/s 38978 (44991)	Loss/tok 5.2067 (7.4279)	LR 2.000e-03
0: TRAIN [0][340/1723]	Time 1.480 (0.953)	Data 6.18e-04 (2.92e-03)	Tok/s 60254 (45067)	Loss/tok 5.9405 (7.3673)	LR 2.000e-03
0: TRAIN [0][350/1723]	Time 1.008 (0.955)	Data 5.86e-04 (2.85e-03)	Tok/s 50146 (45191)	Loss/tok 5.3547 (7.3051)	LR 2.000e-03
0: TRAIN [0][360/1723]	Time 1.010 (0.955)	Data 4.18e-04 (2.79e-03)	Tok/s 49497 (45212)	Loss/tok 5.3460 (7.2521)	LR 2.000e-03
0: TRAIN [0][370/1723]	Time 0.812 (0.953)	Data 5.78e-04 (2.72e-03)	Tok/s 38558 (45092)	Loss/tok 4.9274 (7.2049)	LR 2.000e-03
0: TRAIN [0][380/1723]	Time 0.806 (0.952)	Data 4.09e-04 (2.67e-03)	Tok/s 38460 (45060)	Loss/tok 4.8327 (7.1544)	LR 2.000e-03
0: TRAIN [0][390/1723]	Time 0.809 (0.950)	Data 6.07e-04 (2.61e-03)	Tok/s 38080 (44985)	Loss/tok 4.7546 (7.1056)	LR 2.000e-03
0: TRAIN [0][400/1723]	Time 0.996 (0.950)	Data 4.05e-04 (2.56e-03)	Tok/s 50874 (44953)	Loss/tok 5.0302 (7.0552)	LR 2.000e-03
0: TRAIN [0][410/1723]	Time 0.811 (0.949)	Data 4.30e-04 (2.51e-03)	Tok/s 37979 (44878)	Loss/tok 4.5725 (7.0077)	LR 2.000e-03
0: TRAIN [0][420/1723]	Time 1.010 (0.949)	Data 4.57e-04 (2.46e-03)	Tok/s 49877 (44926)	Loss/tok 4.8232 (6.9544)	LR 2.000e-03
0: TRAIN [0][430/1723]	Time 0.806 (0.948)	Data 4.45e-04 (2.41e-03)	Tok/s 38336 (44901)	Loss/tok 4.4711 (6.9064)	LR 2.000e-03
0: TRAIN [0][440/1723]	Time 0.596 (0.948)	Data 5.47e-04 (2.37e-03)	Tok/s 26346 (44925)	Loss/tok 3.7063 (6.8565)	LR 2.000e-03
0: TRAIN [0][450/1723]	Time 0.998 (0.947)	Data 3.75e-04 (2.32e-03)	Tok/s 50598 (44898)	Loss/tok 4.7071 (6.8106)	LR 2.000e-03
0: TRAIN [0][460/1723]	Time 0.603 (0.946)	Data 3.94e-04 (2.28e-03)	Tok/s 26071 (44818)	Loss/tok 3.5778 (6.7680)	LR 2.000e-03
0: TRAIN [0][470/1723]	Time 1.010 (0.944)	Data 3.77e-04 (2.24e-03)	Tok/s 49615 (44744)	Loss/tok 4.6606 (6.7265)	LR 2.000e-03
0: TRAIN [0][480/1723]	Time 0.597 (0.944)	Data 3.90e-04 (2.21e-03)	Tok/s 26346 (44699)	Loss/tok 3.5169 (6.6831)	LR 2.000e-03
0: TRAIN [0][490/1723]	Time 1.216 (0.944)	Data 3.44e-04 (2.17e-03)	Tok/s 57741 (44705)	Loss/tok 4.6613 (6.6375)	LR 2.000e-03
0: TRAIN [0][500/1723]	Time 1.009 (0.946)	Data 6.63e-04 (2.14e-03)	Tok/s 49733 (44786)	Loss/tok 4.5363 (6.5903)	LR 2.000e-03
0: TRAIN [0][510/1723]	Time 1.009 (0.947)	Data 4.29e-04 (2.10e-03)	Tok/s 50449 (44832)	Loss/tok 4.4326 (6.5462)	LR 2.000e-03
0: TRAIN [0][520/1723]	Time 1.222 (0.947)	Data 4.08e-04 (2.07e-03)	Tok/s 57181 (44840)	Loss/tok 4.6305 (6.5041)	LR 2.000e-03
0: TRAIN [0][530/1723]	Time 1.224 (0.947)	Data 4.10e-04 (2.04e-03)	Tok/s 57242 (44854)	Loss/tok 4.7306 (6.4644)	LR 2.000e-03
0: TRAIN [0][540/1723]	Time 0.815 (0.946)	Data 4.00e-04 (2.01e-03)	Tok/s 37737 (44810)	Loss/tok 4.0705 (6.4284)	LR 2.000e-03
Gradient overflow.  Skipping step, loss scaler 0 reducing loss scale to 1024.0
Gradient overflow.  Skipping step, loss scaler 0 reducing loss scale to 1024.0
Gradient overflow.  Skipping step, loss scaler 0 reducing loss scale to 1024.0
0: TRAIN [0][550/1723]	Time 0.809 (0.946)	Data 4.37e-04 (1.98e-03)	Tok/s 38360 (44810)	Loss/tok 4.0454 (6.3903)	LR 2.000e-03
0: TRAIN [0][560/1723]	Time 1.466 (0.949)	Data 6.09e-04 (1.96e-03)	Tok/s 61252 (44903)	Loss/tok 4.6942 (6.3454)	LR 2.000e-03
0: TRAIN [0][570/1723]	Time 1.483 (0.950)	Data 4.28e-04 (1.93e-03)	Tok/s 60061 (44941)	Loss/tok 4.6378 (6.3066)	LR 2.000e-03
0: TRAIN [0][580/1723]	Time 0.811 (0.949)	Data 5.50e-04 (1.91e-03)	Tok/s 38367 (44864)	Loss/tok 3.9490 (6.2759)	LR 2.000e-03
0: TRAIN [0][590/1723]	Time 1.222 (0.949)	Data 4.18e-04 (1.88e-03)	Tok/s 57120 (44889)	Loss/tok 4.4024 (6.2398)	LR 2.000e-03
0: TRAIN [0][600/1723]	Time 0.812 (0.948)	Data 3.70e-04 (1.86e-03)	Tok/s 38213 (44809)	Loss/tok 3.8894 (6.2112)	LR 2.000e-03
0: TRAIN [0][610/1723]	Time 1.010 (0.947)	Data 5.37e-04 (1.83e-03)	Tok/s 50017 (44765)	Loss/tok 4.2527 (6.1804)	LR 2.000e-03
0: TRAIN [0][620/1723]	Time 1.220 (0.948)	Data 5.27e-04 (1.81e-03)	Tok/s 57112 (44801)	Loss/tok 4.3232 (6.1465)	LR 2.000e-03
0: TRAIN [0][630/1723]	Time 1.221 (0.948)	Data 5.38e-04 (1.79e-03)	Tok/s 57301 (44844)	Loss/tok 4.3845 (6.1122)	LR 2.000e-03
0: TRAIN [0][640/1723]	Time 1.483 (0.949)	Data 5.34e-04 (1.77e-03)	Tok/s 59439 (44875)	Loss/tok 4.5866 (6.0790)	LR 2.000e-03
0: TRAIN [0][650/1723]	Time 1.220 (0.949)	Data 3.81e-04 (1.75e-03)	Tok/s 57343 (44852)	Loss/tok 4.3128 (6.0503)	LR 2.000e-03
0: TRAIN [0][660/1723]	Time 0.599 (0.951)	Data 3.75e-04 (1.73e-03)	Tok/s 26615 (44927)	Loss/tok 3.2477 (6.0159)	LR 2.000e-03
0: TRAIN [0][670/1723]	Time 1.010 (0.952)	Data 3.64e-04 (1.71e-03)	Tok/s 49694 (44946)	Loss/tok 4.0950 (5.9860)	LR 2.000e-03
0: TRAIN [0][680/1723]	Time 0.810 (0.952)	Data 3.91e-04 (1.69e-03)	Tok/s 38221 (44963)	Loss/tok 3.7700 (5.9572)	LR 2.000e-03
0: TRAIN [0][690/1723]	Time 0.811 (0.951)	Data 5.39e-04 (1.67e-03)	Tok/s 38281 (44914)	Loss/tok 3.7594 (5.9327)	LR 2.000e-03
0: TRAIN [0][700/1723]	Time 1.502 (0.953)	Data 5.19e-04 (1.65e-03)	Tok/s 59569 (44981)	Loss/tok 4.4109 (5.9020)	LR 2.000e-03
0: TRAIN [0][710/1723]	Time 0.816 (0.953)	Data 3.31e-04 (1.63e-03)	Tok/s 37753 (44955)	Loss/tok 3.7986 (5.8772)	LR 2.000e-03
0: TRAIN [0][720/1723]	Time 1.224 (0.953)	Data 5.06e-04 (1.62e-03)	Tok/s 56837 (44951)	Loss/tok 4.2411 (5.8519)	LR 2.000e-03
0: TRAIN [0][730/1723]	Time 1.222 (0.953)	Data 5.25e-04 (1.60e-03)	Tok/s 57291 (44993)	Loss/tok 4.1849 (5.8248)	LR 2.000e-03
0: TRAIN [0][740/1723]	Time 0.807 (0.951)	Data 3.71e-04 (1.58e-03)	Tok/s 38311 (44903)	Loss/tok 3.7448 (5.8055)	LR 2.000e-03
0: TRAIN [0][750/1723]	Time 0.812 (0.950)	Data 6.17e-04 (1.57e-03)	Tok/s 38296 (44851)	Loss/tok 3.7158 (5.7836)	LR 2.000e-03
0: TRAIN [0][760/1723]	Time 0.810 (0.950)	Data 3.69e-04 (1.55e-03)	Tok/s 38605 (44839)	Loss/tok 3.7787 (5.7610)	LR 2.000e-03
0: TRAIN [0][770/1723]	Time 0.615 (0.949)	Data 5.20e-04 (1.54e-03)	Tok/s 26100 (44818)	Loss/tok 3.1460 (5.7389)	LR 2.000e-03
0: TRAIN [0][780/1723]	Time 0.595 (0.948)	Data 3.41e-04 (1.52e-03)	Tok/s 26719 (44727)	Loss/tok 3.1351 (5.7206)	LR 2.000e-03
0: TRAIN [0][790/1723]	Time 0.811 (0.947)	Data 5.59e-04 (1.51e-03)	Tok/s 37879 (44698)	Loss/tok 3.6930 (5.6999)	LR 2.000e-03
0: TRAIN [0][800/1723]	Time 1.487 (0.946)	Data 3.25e-04 (1.50e-03)	Tok/s 60091 (44639)	Loss/tok 4.5352 (5.6809)	LR 2.000e-03
0: TRAIN [0][810/1723]	Time 1.001 (0.948)	Data 3.76e-04 (1.48e-03)	Tok/s 50561 (44703)	Loss/tok 3.9229 (5.6569)	LR 2.000e-03
