Beginning trial 1 of 2
Gathering sys log on node001
:::MLL 1586138890.734 submission_benchmark: {"value": "maskrcnn", "metadata": {"file": "mlperf_logger.py", "lineno": 213}}
:::MLL 1586138890.736 submission_org: {"value": "NVIDIA", "metadata": {"file": "mlperf_logger.py", "lineno": 218}}
WARNING: Log validation: Key "submission_division" is not in known maskrcnn keys.
:::MLL 1586138890.738 submission_division: {"value": "closed", "metadata": {"file": "mlperf_logger.py", "lineno": 222}}
:::MLL 1586138890.739 submission_status: {"value": "onprem", "metadata": {"file": "mlperf_logger.py", "lineno": 226}}
:::MLL 1586138890.741 submission_platform: {"value": "1xPowerEdge R7525", "metadata": {"file": "mlperf_logger.py", "lineno": 230}}
:::MLL 1586138890.743 submission_entry: {"value": "{'hardware': 'PowerEdge R7525', 'framework': 'PyTorch NVIDIA Release 19.05', 'power': 'N/A', 'notes': 'N/A', 'interconnect': ' ', 'os': '\\\\S / ', 'libraries': \"{'container_base': 'Ubuntu-16.04', 'openmpi_version': '3.1.3', 'mofed_version': '4.0-0', 'cuda_version': '10.1.163', 'cuda_driver_version': '418.67', 'nccl_version': '2.4.6', 'cudnn_version': '7.6.0.64', 'cublas_version': '10.2.0.163', 'trt_version': '5.1.5.0', 'dali_version': '0.9.1'}\", 'compilers': 'gcc (Ubuntu 5.4.0-6ubuntu1~16.04.11) 5.4.0 20160609', 'nodes': \"{'num_nodes': '1', 'cpu': '2x AMD EPYC 7502 32-Core Processor', 'num_cores': '64', 'num_vcpus': '64', 'accelerator': 'Tesla V100-PCIE-32GB', 'num_accelerators': '3', 'sys_mem_size': '251 GB', 'sys_storage_type': 'NVMe SSD', 'sys_storage_size': '1x 931.5G', 'cpu_accel_interconnect': 'QPI', 'network_card': '', 'num_network_cards': '0', 'notes': ''}\"}", "metadata": {"file": "mlperf_logger.py", "lineno": 234}}
:::MLL 1586138890.745 submission_poc_name: {"value": "Paulius Micikevicius", "metadata": {"file": "mlperf_logger.py", "lineno": 238}}
:::MLL 1586138890.747 submission_poc_email: {"value": "pauliusm@nvidia.com", "metadata": {"file": "mlperf_logger.py", "lineno": 242}}
Clearing caches
:::MLL 1586138891.827 cache_clear: {"value": true, "metadata": {"file": "<string>", "lineno": 1}}
Launching on node node001
+ pids+=($!)
+ set +x
++ eval echo
+++ echo
+ docker exec -e DGXSYSTEM=DGX1 -e 'MULTI_NODE= --master_port=5147' -e SLURM_JOB_ID=200405210346429451112 -e SLURM_NTASKS_PER_NODE= -e SLURM_NNODES=1 cont_200405210346429451112 ./run_and_time.sh
+ DGXSYSTEM=DGX1
+ [[ -f config_DGX1.sh ]]
+ source config_DGX1.sh
++ EXTRA_PARAMS=
++ EXTRA_CONFIG=("SOLVER.BASE_LR" "0.03" "SOLVER.MAX_ITER" "160000" "SOLVER.WARMUP_FACTOR" "0.000096" "SOLVER.WARMUP_ITERS" "625" "SOLVER.WARMUP_METHOD" "mlperf_linear" "SOLVER.STEPS" "(48000, 64000)" "SOLVER.IMS_PER_BATCH" "18" "TEST.IMS_PER_BATCH" "3" "MODEL.RPN.FPN_POST_NMS_TOP_N_TRAIN" "6000" "NHWC" "True")
++ DGXNNODES=1
+++ sed 's/^config_//'
+++ sed 's/\.sh$//'
++++ readlink -f config_DGX1.sh
+++ basename /workspace/object_detection/config_DGX1.sh
++ DGXSYSTEM=DGX1
++ WALLTIME=14:00:00
++ DGXNGPU=3
++ DGXSOCKETCORES=16
++ DGXNSOCKET=2
++ DGXHT=1
++ DGXIBDEVICES=
++ BIND_LAUNCH=0
+ SLURM_NTASKS_PER_NODE=3
+ SLURM_JOB_ID=200405210346429451112
+ MULTI_NODE=' --master_port=5147'
+ echo 'Run vars: id 200405210346429451112 gpus 3 mparams  --master_port=5147'
Run vars: id 200405210346429451112 gpus 3 mparams  --master_port=5147
+ set -e
++ date +%s
+ start=1586138892
++ date '+%Y-%m-%d %r'
STARTING TIMING RUN AT 2020-04-06 02:08:12 AM
running benchmark
+ start_fmt='2020-04-06 02:08:12 AM'
+ echo 'STARTING TIMING RUN AT 2020-04-06 02:08:12 AM'
+ set -x
+ echo 'running benchmark'
+ DATASET_DIR=/data
+ '[' '!' -f /coco ']'
+ ln -sf /data/coco2017 /coco
++ ls /data
+ echo coco2017 ilsvrc12_passthrough torchvision
coco2017 ilsvrc12_passthrough torchvision
+ python -m bind_launch --nsockets_per_node 2 --ncores_per_socket 16 --no_hyperthreads --nproc_per_node 3 --master_port=5147 tools/train_mlperf.py --config-file configs/e2e_mask_rcnn_R_50_FPN_1x.yaml DTYPE float16 PATHS_CATALOG maskrcnn_benchmark/config/paths_catalog_dbcluster.py MODEL.WEIGHT /coco/models/R-50.pkl DISABLE_REDUCED_LOGGING True SOLVER.BASE_LR 0.03 SOLVER.MAX_ITER 160000 SOLVER.WARMUP_FACTOR 0.000096 SOLVER.WARMUP_ITERS 625 SOLVER.WARMUP_METHOD mlperf_linear SOLVER.STEPS '(48000, 64000)' SOLVER.IMS_PER_BATCH 18 TEST.IMS_PER_BATCH 3 MODEL.RPN.FPN_POST_NMS_TOP_N_TRAIN 6000 NHWC True
<2> is invalid
libnuma: Warning: node argument 2 is out of range

usage: numactl [--all | -a] [--interleave= | -i <nodes>] [--preferred= | -p <node>]
               [--physcpubind= | -C <cpus>] [--cpunodebind= | -N <nodes>]
               [--membind= | -m <nodes>] [--localalloc | -l] command args ...
       numactl [--show | -s]
       numactl [--hardware | -H]
       numactl [--length | -l <length>] [--offset | -o <offset>] [--shmmode | -M <shmmode>]
               [--strict | -t]
               [--shmid | -I <id>] --shm | -S <shmkeyfile>
               [--shmid | -I <id>] --file | -f <tmpfsfile>
               [--huge | -u] [--touch | -T] 
               memory policy | --dump | -d | --dump-nodes | -D

memory policy is --interleave | -i, --preferred | -p, --membind | -m, --localalloc | -l
<nodes> is a comma delimited list of node numbers or A-B ranges or all.
Instead of a number a node can also be:
  netdev:DEV the node connected to network device DEV
  file:PATH  the node the block device of path is connected to
  ip:HOST    the node of the network device host routes through
  block:PATH the node of block device path
  pci:[seg:]bus:dev[:func] The node of a PCI device
<cpus> is a comma delimited list of cpu numbers or A-B ranges or all
all ranges can be inverted with !
all numbers and ranges can be made cpuset-relative with +
the old --cpubind argument is deprecated.
use --cpunodebind or --physcpubind instead
<length> can have g (GB), m (MB) or k (KB) suffixes
:::MLL 1586138894.015 init_start: {"value": null, "metadata": {"file": "tools/train_mlperf.py", "lineno": 262}}
:::MLL 1586138894.017 init_start: {"value": null, "metadata": {"file": "tools/train_mlperf.py", "lineno": 262}}
