Beginning trial 4 of 5
Gathering sys log on node001
:::MLL 1586383182.236 submission_benchmark: {"value": "ssd", "metadata": {"file": "mlperf_log_utils.py", "lineno": 176}}
:::MLL 1586383182.237 submission_org: {"value": "NVIDIA", "metadata": {"file": "mlperf_log_utils.py", "lineno": 181}}
WARNING: Log validation: Key "submission_division" is not in known ssd keys.
:::MLL 1586383182.237 submission_division: {"value": "closed", "metadata": {"file": "mlperf_log_utils.py", "lineno": 185}}
:::MLL 1586383182.238 submission_status: {"value": "onprem", "metadata": {"file": "mlperf_log_utils.py", "lineno": 189}}
:::MLL 1586383182.239 submission_platform: {"value": "1xPowerEdge R7525", "metadata": {"file": "mlperf_log_utils.py", "lineno": 193}}
:::MLL 1586383182.240 submission_entry: {"value": "{'hardware': 'PowerEdge R7525', 'framework': 'PyTorch NVIDIA Release 19.05', 'power': 'N/A', 'notes': 'N/A', 'interconnect': ' ', 'os': '\\\\S / ', 'libraries': \"{'container_base': 'Ubuntu-16.04', 'openmpi_version': '3.1.3', 'mofed_version': '4.0-0', 'cuda_version': '10.1.163', 'cuda_driver_version': '418.67', 'nccl_version': '2.4.6', 'cudnn_version': '7.6.0.64', 'cublas_version': '10.2.0.163', 'trt_version': '5.1.5.0', 'dali_version': '0.9.1'}\", 'compilers': 'gcc (Ubuntu 5.4.0-6ubuntu1~16.04.11) 5.4.0 20160609', 'nodes': \"{'num_nodes': '1', 'cpu': '2x AMD EPYC 7502 32-Core Processor', 'num_cores': '64', 'num_vcpus': '64', 'accelerator': 'Tesla V100-PCIE-32GB', 'num_accelerators': '3', 'sys_mem_size': '251 GB', 'sys_storage_type': 'NVMe SSD', 'sys_storage_size': '1x 931.5G', 'cpu_accel_interconnect': 'QPI', 'network_card': '', 'num_network_cards': '0', 'notes': ''}\"}", "metadata": {"file": "mlperf_log_utils.py", "lineno": 197}}
:::MLL 1586383182.241 submission_poc_name: {"value": "Paulius Micikevicius", "metadata": {"file": "mlperf_log_utils.py", "lineno": 201}}
:::MLL 1586383182.241 submission_poc_email: {"value": "pauliusm@nvidia.com", "metadata": {"file": "mlperf_log_utils.py", "lineno": 205}}
Clearing caches
:::MLL 1586383185.577 cache_clear: {"value": true, "metadata": {"file": "<string>", "lineno": 1}}
Launching on node node001
+ pids+=($!)
+ set +x
++ eval echo
+++ echo
+ docker exec -e DGXSYSTEM=DGX1 -e 'MULTI_NODE= --master_port=4886' -e SLURM_JOB_ID=200408133318911802340 -e SLURM_NTASKS_PER_NODE= cont_200408133318911802340 ./run_and_time.sh
Run vars: id 200408133318911802340 gpus 3 mparams  --master_port=4886
STARTING TIMING RUN AT 2020-04-08 09:59:46 PM
+ NUMEPOCHS=80
running benchmark
+ echo 'running benchmark'
+ export DATASET_DIR=/data/coco2017
+ DATASET_DIR=/data/coco2017
+ export TORCH_MODEL_ZOO=/data/torchvision
+ TORCH_MODEL_ZOO=/data/torchvision
+ python -m bind_launch --nsockets_per_node 2 --ncores_per_socket 20 --nproc_per_node 3 --master_port=4886 --no_hyperthreads --no_membind train.py --use-fp16 --nhwc --pad-input --jit --delay-allreduce --opt-loss --epochs 80 --warmup-factor 0 --no-save --threshold=0.23 --data /data/coco2017 --evaluation 120000 160000 180000 200000 220000 240000 260000 280000 --batch-size 120 --eval-batch-size 160 --warmup 650 --lr 2.92e-3 --wd 1.6e-4 --use-nvjpeg --use-roi-decode
:::MLL 1586383188.209 init_start: {"value": null, "metadata": {"file": "train.py", "lineno": 833}}
:::MLL 1586383188.209 init_start: {"value": null, "metadata": {"file": "train.py", "lineno": 833}}
:::MLL 1586383188.209 init_start: {"value": null, "metadata": {"file": "train.py", "lineno": 833}}
BN group: 1
BN group: 1
BN group: 1
0 Using seed = 2701154860
2 Using seed = 2701154862
1 Using seed = 2701154861
:::MLL 1586383193.335 max_samples: {"value": 1, "metadata": {"file": "utils.py", "lineno": 465}}
/opt/conda/lib/python3.6/site-packages/torch/nn/_reduction.py:46: UserWarning: size_average and reduce args will be deprecated, please use reduction='none' instead.
  warnings.warn(warning.format(ret))
/opt/conda/lib/python3.6/site-packages/torch/nn/_reduction.py:46: UserWarning: size_average and reduce args will be deprecated, please use reduction='none' instead.
  warnings.warn(warning.format(ret))
/opt/conda/lib/python3.6/site-packages/torch/nn/_reduction.py:46: UserWarning: size_average and reduce args will be deprecated, please use reduction='none' instead.
  warnings.warn(warning.format(ret))
Delaying allreduces to the end of backward()
:::MLL 1586383194.203 model_bn_span: {"value": 120, "metadata": {"file": "train.py", "lineno": 480}}
:::MLL 1586383194.204 global_batch_size: {"value": 360, "metadata": {"file": "train.py", "lineno": 481}}
:::MLL 1586383194.222 opt_base_learning_rate: {"value": 0.0325, "metadata": {"file": "train.py", "lineno": 511}}
:::MLL 1586383194.223 opt_weight_decay: {"value": 0.00016, "metadata": {"file": "train.py", "lineno": 513}}
:::MLL 1586383194.223 opt_learning_rate_warmup_steps: {"value": 650, "metadata": {"file": "train.py", "lineno": 516}}
:::MLL 1586383194.224 opt_learning_rate_warmup_factor: {"value": 0, "metadata": {"file": "train.py", "lineno": 518}}
epoch nbatch loss
:::MLL 1586383198.688 init_stop: {"value": null, "metadata": {"file": "train.py", "lineno": 604}}
:::MLL 1586383198.688 run_start: {"value": null, "metadata": {"file": "train.py", "lineno": 610}}
loading annotations into memory...
loading annotations into memory...
loading annotations into memory...
Done (t=1.25s)
creating index...
Done (t=1.25s)
creating index...
Done (t=1.27s)
creating index...
time_check a: 1586383201.582240105
time_check b: 1586383206.379657984
:::MLL 1586383206.698 block_start: {"value": null, "metadata": {"first_epoch_num": 1, "epoch_count": 32.74606450292497, "file": "train.py", "lineno": 669}}
:::MLL 1586383206.698 epoch_start: {"value": null, "metadata": {"epoch_num": 1, "file": "train.py", "lineno": 673}}
Iteration:      0, Loss function: 21.992, Average Loss: 0.022, avg. samples / sec: 28.08
Iteration:     20, Loss function: 20.652, Average Loss: 0.443, avg. samples / sec: 1201.46
Iteration:     40, Loss function: 20.297, Average Loss: 0.842, avg. samples / sec: 1408.48
Iteration:     60, Loss function: 18.481, Average Loss: 1.215, avg. samples / sec: 1428.32
Iteration:     80, Loss function: 12.282, Average Loss: 1.474, avg. samples / sec: 1436.46
Iteration:    100, Loss function: 9.936, Average Loss: 1.653, avg. samples / sec: 1439.77
Iteration:    120, Loss function: 9.111, Average Loss: 1.806, avg. samples / sec: 1442.04
Iteration:    140, Loss function: 9.080, Average Loss: 1.949, avg. samples / sec: 1443.35
Iteration:    160, Loss function: 8.968, Average Loss: 2.091, avg. samples / sec: 1443.09
Iteration:    180, Loss function: 8.727, Average Loss: 2.225, avg. samples / sec: 1442.40
Iteration:    200, Loss function: 8.524, Average Loss: 2.349, avg. samples / sec: 1443.79
Iteration:    220, Loss function: 8.250, Average Loss: 2.468, avg. samples / sec: 1444.42
Iteration:    240, Loss function: 8.235, Average Loss: 2.582, avg. samples / sec: 1437.79
Iteration:    260, Loss function: 7.943, Average Loss: 2.691, avg. samples / sec: 1440.04
Iteration:    280, Loss function: 7.581, Average Loss: 2.796, avg. samples / sec: 1438.77
Iteration:    300, Loss function: 7.790, Average Loss: 2.896, avg. samples / sec: 1441.88
Iteration:    320, Loss function: 7.889, Average Loss: 2.992, avg. samples / sec: 1438.33
:::MLL 1586383290.287 epoch_stop: {"value": null, "metadata": {"epoch_num": 1, "file": "train.py", "lineno": 819}}
:::MLL 1586383290.287 epoch_start: {"value": null, "metadata": {"epoch_num": 2, "file": "train.py", "lineno": 673}}
Iteration:    340, Loss function: 7.361, Average Loss: 3.086, avg. samples / sec: 1432.78
Iteration:    360, Loss function: 7.721, Average Loss: 3.174, avg. samples / sec: 1440.43
Iteration:    380, Loss function: 7.365, Average Loss: 3.262, avg. samples / sec: 1425.20
Iteration:    400, Loss function: 7.462, Average Loss: 3.341, avg. samples / sec: 1428.86
Iteration:    420, Loss function: 7.027, Average Loss: 3.420, avg. samples / sec: 1435.53
Iteration:    440, Loss function: 7.176, Average Loss: 3.494, avg. samples / sec: 1430.48
Iteration:    460, Loss function: 6.908, Average Loss: 3.568, avg. samples / sec: 1429.05
Iteration:    480, Loss function: 6.877, Average Loss: 3.637, avg. samples / sec: 1432.05
Iteration:    500, Loss function: 6.906, Average Loss: 3.703, avg. samples / sec: 1432.20
Iteration:    520, Loss function: 6.980, Average Loss: 3.766, avg. samples / sec: 1436.19
Iteration:    540, Loss function: 6.789, Average Loss: 3.828, avg. samples / sec: 1432.62
Iteration:    560, Loss function: 6.641, Average Loss: 3.886, avg. samples / sec: 1430.64
Iteration:    580, Loss function: 6.549, Average Loss: 3.942, avg. samples / sec: 1431.78
Iteration:    600, Loss function: 6.908, Average Loss: 3.995, avg. samples / sec: 1430.35
Iteration:    620, Loss function: 6.675, Average Loss: 4.046, avg. samples / sec: 1427.00
Iteration:    640, Loss function: 6.349, Average Loss: 4.095, avg. samples / sec: 1432.43
:::MLL 1586383372.264 epoch_stop: {"value": null, "metadata": {"epoch_num": 2, "file": "train.py", "lineno": 819}}
:::MLL 1586383372.265 epoch_start: {"value": null, "metadata": {"epoch_num": 3, "file": "train.py", "lineno": 673}}
Iteration:    660, Loss function: 6.666, Average Loss: 4.142, avg. samples / sec: 1427.06
Iteration:    680, Loss function: 6.149, Average Loss: 4.184, avg. samples / sec: 1426.33
Iteration:    700, Loss function: 6.291, Average Loss: 4.226, avg. samples / sec: 1430.66
Iteration:    720, Loss function: 6.293, Average Loss: 4.267, avg. samples / sec: 1432.53
Iteration:    740, Loss function: 6.190, Average Loss: 4.305, avg. samples / sec: 1434.49
Iteration:    760, Loss function: 6.229, Average Loss: 4.340, avg. samples / sec: 1428.31
Iteration:    780, Loss function: 6.013, Average Loss: 4.373, avg. samples / sec: 1428.21
Iteration:    800, Loss function: 5.989, Average Loss: 4.406, avg. samples / sec: 1430.98
Iteration:    820, Loss function: 6.185, Average Loss: 4.436, avg. samples / sec: 1429.67
Iteration:    840, Loss function: 5.759, Average Loss: 4.464, avg. samples / sec: 1429.60
Iteration:    860, Loss function: 5.667, Average Loss: 4.490, avg. samples / sec: 1432.76
Iteration:    880, Loss function: 5.686, Average Loss: 4.517, avg. samples / sec: 1430.73
Iteration:    900, Loss function: 5.853, Average Loss: 4.542, avg. samples / sec: 1428.36
Iteration:    920, Loss function: 5.788, Average Loss: 4.566, avg. samples / sec: 1427.55
Iteration:    940, Loss function: 5.764, Average Loss: 4.590, avg. samples / sec: 1422.00
Iteration:    960, Loss function: 5.453, Average Loss: 4.612, avg. samples / sec: 1428.84
:::MLL 1586383454.391 epoch_stop: {"value": null, "metadata": {"epoch_num": 3, "file": "train.py", "lineno": 819}}
:::MLL 1586383454.392 epoch_start: {"value": null, "metadata": {"epoch_num": 4, "file": "train.py", "lineno": 673}}
Iteration:    980, Loss function: 5.525, Average Loss: 4.630, avg. samples / sec: 1421.81
Iteration:   1000, Loss function: 5.654, Average Loss: 4.650, avg. samples / sec: 1417.81
Iteration:   1020, Loss function: 5.531, Average Loss: 4.668, avg. samples / sec: 1429.80
Iteration:   1040, Loss function: 5.510, Average Loss: 4.686, avg. samples / sec: 1433.59
Iteration:   1060, Loss function: 5.343, Average Loss: 4.700, avg. samples / sec: 1429.03
Iteration:   1080, Loss function: 5.804, Average Loss: 4.715, avg. samples / sec: 1430.54
Iteration:   1100, Loss function: 5.479, Average Loss: 4.729, avg. samples / sec: 1429.41
Iteration:   1120, Loss function: 5.641, Average Loss: 4.743, avg. samples / sec: 1425.50
Iteration:   1140, Loss function: 5.689, Average Loss: 4.756, avg. samples / sec: 1420.34
Iteration:   1160, Loss function: 5.067, Average Loss: 4.767, avg. samples / sec: 1429.39
Iteration:   1180, Loss function: 5.375, Average Loss: 4.779, avg. samples / sec: 1430.42
Iteration:   1200, Loss function: 5.511, Average Loss: 4.793, avg. samples / sec: 1433.76
Iteration:   1220, Loss function: 5.324, Average Loss: 4.804, avg. samples / sec: 1432.67
Iteration:   1240, Loss function: 5.488, Average Loss: 4.815, avg. samples / sec: 1425.32
Iteration:   1260, Loss function: 5.293, Average Loss: 4.823, avg. samples / sec: 1425.85
Iteration:   1280, Loss function: 5.282, Average Loss: 4.832, avg. samples / sec: 1426.19
Iteration:   1300, Loss function: 5.106, Average Loss: 4.840, avg. samples / sec: 1428.22
:::MLL 1586383536.347 epoch_stop: {"value": null, "metadata": {"epoch_num": 4, "file": "train.py", "lineno": 819}}
:::MLL 1586383536.347 epoch_start: {"value": null, "metadata": {"epoch_num": 5, "file": "train.py", "lineno": 673}}
Iteration:   1320, Loss function: 5.324, Average Loss: 4.848, avg. samples / sec: 1420.15
Iteration:   1340, Loss function: 5.047, Average Loss: 4.854, avg. samples / sec: 1426.27
Iteration:   1360, Loss function: 5.221, Average Loss: 4.860, avg. samples / sec: 1423.55
Iteration:   1380, Loss function: 5.194, Average Loss: 4.866, avg. samples / sec: 1427.40
Iteration:   1400, Loss function: 5.279, Average Loss: 4.872, avg. samples / sec: 1430.69
Iteration:   1420, Loss function: 5.296, Average Loss: 4.878, avg. samples / sec: 1430.61
Iteration:   1440, Loss function: 5.029, Average Loss: 4.883, avg. samples / sec: 1428.71
Iteration:   1460, Loss function: 5.457, Average Loss: 4.888, avg. samples / sec: 1426.06
Iteration:   1480, Loss function: 5.125, Average Loss: 4.892, avg. samples / sec: 1427.51
Iteration:   1500, Loss function: 5.256, Average Loss: 4.895, avg. samples / sec: 1427.96
Iteration:   1520, Loss function: 5.193, Average Loss: 4.898, avg. samples / sec: 1428.27
Iteration:   1540, Loss function: 5.549, Average Loss: 4.903, avg. samples / sec: 1429.27
Iteration:   1560, Loss function: 4.972, Average Loss: 4.905, avg. samples / sec: 1428.58
Iteration:   1580, Loss function: 5.220, Average Loss: 4.907, avg. samples / sec: 1432.08
Iteration:   1600, Loss function: 5.382, Average Loss: 4.911, avg. samples / sec: 1428.07
Iteration:   1620, Loss function: 4.902, Average Loss: 4.913, avg. samples / sec: 1431.69
:::MLL 1586383618.536 epoch_stop: {"value": null, "metadata": {"epoch_num": 5, "file": "train.py", "lineno": 819}}
:::MLL 1586383618.536 epoch_start: {"value": null, "metadata": {"epoch_num": 6, "file": "train.py", "lineno": 673}}
Iteration:   1640, Loss function: 5.265, Average Loss: 4.914, avg. samples / sec: 1425.91
Iteration:   1660, Loss function: 5.234, Average Loss: 4.915, avg. samples / sec: 1428.42
Iteration:   1680, Loss function: 4.976, Average Loss: 4.917, avg. samples / sec: 1430.45
Iteration:   1700, Loss function: 4.877, Average Loss: 4.918, avg. samples / sec: 1432.67
Iteration:   1720, Loss function: 4.898, Average Loss: 4.918, avg. samples / sec: 1426.03
Iteration:   1740, Loss function: 5.309, Average Loss: 4.918, avg. samples / sec: 1428.33
Iteration:   1760, Loss function: 4.707, Average Loss: 4.917, avg. samples / sec: 1430.23
Iteration:   1780, Loss function: 4.969, Average Loss: 4.917, avg. samples / sec: 1424.86
Iteration:   1800, Loss function: 4.758, Average Loss: 4.919, avg. samples / sec: 1432.12
Iteration:   1820, Loss function: 4.973, Average Loss: 4.919, avg. samples / sec: 1428.98
Iteration:   1840, Loss function: 4.674, Average Loss: 4.919, avg. samples / sec: 1428.27
Iteration:   1860, Loss function: 4.741, Average Loss: 4.917, avg. samples / sec: 1427.06
Iteration:   1880, Loss function: 4.692, Average Loss: 4.917, avg. samples / sec: 1423.04
Iteration:   1900, Loss function: 4.673, Average Loss: 4.916, avg. samples / sec: 1427.77
Iteration:   1920, Loss function: 4.714, Average Loss: 4.915, avg. samples / sec: 1427.77
Iteration:   1940, Loss function: 4.847, Average Loss: 4.913, avg. samples / sec: 1423.99
:::MLL 1586383700.728 epoch_stop: {"value": null, "metadata": {"epoch_num": 6, "file": "train.py", "lineno": 819}}
:::MLL 1586383700.728 epoch_start: {"value": null, "metadata": {"epoch_num": 7, "file": "train.py", "lineno": 673}}
Iteration:   1960, Loss function: 4.932, Average Loss: 4.912, avg. samples / sec: 1423.98
Iteration:   1980, Loss function: 4.844, Average Loss: 4.909, avg. samples / sec: 1420.70
Iteration:   2000, Loss function: 4.592, Average Loss: 4.906, avg. samples / sec: 1428.43
Iteration:   2020, Loss function: 4.492, Average Loss: 4.903, avg. samples / sec: 1429.98
Iteration:   2040, Loss function: 4.865, Average Loss: 4.901, avg. samples / sec: 1429.97
Iteration:   2060, Loss function: 4.646, Average Loss: 4.899, avg. samples / sec: 1429.94
Iteration:   2080, Loss function: 4.836, Average Loss: 4.896, avg. samples / sec: 1425.95
Iteration:   2100, Loss function: 4.894, Average Loss: 4.894, avg. samples / sec: 1427.28
Iteration:   2120, Loss function: 4.764, Average Loss: 4.892, avg. samples / sec: 1428.58
Iteration:   2140, Loss function: 5.042, Average Loss: 4.889, avg. samples / sec: 1430.41
Iteration:   2160, Loss function: 4.721, Average Loss: 4.887, avg. samples / sec: 1428.95
Iteration:   2180, Loss function: 4.921, Average Loss: 4.886, avg. samples / sec: 1430.15
Iteration:   2200, Loss function: 4.814, Average Loss: 4.884, avg. samples / sec: 1430.23
Iteration:   2220, Loss function: 4.617, Average Loss: 4.880, avg. samples / sec: 1431.43
Iteration:   2240, Loss function: 4.712, Average Loss: 4.877, avg. samples / sec: 1429.11
Iteration:   2260, Loss function: 4.670, Average Loss: 4.874, avg. samples / sec: 1431.97
Iteration:   2280, Loss function: 4.795, Average Loss: 4.872, avg. samples / sec: 1430.33
:::MLL 1586383782.873 epoch_stop: {"value": null, "metadata": {"epoch_num": 7, "file": "train.py", "lineno": 819}}
:::MLL 1586383782.873 epoch_start: {"value": null, "metadata": {"epoch_num": 8, "file": "train.py", "lineno": 673}}
Iteration:   2300, Loss function: 4.635, Average Loss: 4.868, avg. samples / sec: 1428.36
Iteration:   2320, Loss function: 4.439, Average Loss: 4.864, avg. samples / sec: 1424.05
Iteration:   2340, Loss function: 4.819, Average Loss: 4.862, avg. samples / sec: 1425.06
Iteration:   2360, Loss function: 4.659, Average Loss: 4.858, avg. samples / sec: 1428.61
Iteration:   2380, Loss function: 4.703, Average Loss: 4.855, avg. samples / sec: 1431.91
Iteration:   2400, Loss function: 4.797, Average Loss: 4.851, avg. samples / sec: 1429.68
Iteration:   2420, Loss function: 4.562, Average Loss: 4.846, avg. samples / sec: 1430.08
Iteration:   2440, Loss function: 4.302, Average Loss: 4.841, avg. samples / sec: 1431.30
Iteration:   2460, Loss function: 4.534, Average Loss: 4.836, avg. samples / sec: 1435.23
Iteration:   2480, Loss function: 4.761, Average Loss: 4.832, avg. samples / sec: 1427.90
Iteration:   2500, Loss function: 4.865, Average Loss: 4.829, avg. samples / sec: 1428.06
Iteration:   2520, Loss function: 4.312, Average Loss: 4.825, avg. samples / sec: 1425.80
Iteration:   2540, Loss function: 4.409, Average Loss: 4.821, avg. samples / sec: 1432.10
Iteration:   2560, Loss function: 4.633, Average Loss: 4.817, avg. samples / sec: 1432.03
Iteration:   2580, Loss function: 4.642, Average Loss: 4.814, avg. samples / sec: 1434.57
Iteration:   2600, Loss function: 4.912, Average Loss: 4.810, avg. samples / sec: 1425.20
:::MLL 1586383864.727 epoch_stop: {"value": null, "metadata": {"epoch_num": 8, "file": "train.py", "lineno": 819}}
:::MLL 1586383864.727 epoch_start: {"value": null, "metadata": {"epoch_num": 9, "file": "train.py", "lineno": 673}}
Iteration:   2620, Loss function: 4.248, Average Loss: 4.804, avg. samples / sec: 1425.81
Iteration:   2640, Loss function: 4.535, Average Loss: 4.800, avg. samples / sec: 1429.40
Iteration:   2660, Loss function: 4.929, Average Loss: 4.796, avg. samples / sec: 1434.98
Iteration:   2680, Loss function: 4.635, Average Loss: 4.792, avg. samples / sec: 1428.40
Iteration:   2700, Loss function: 4.450, Average Loss: 4.786, avg. samples / sec: 1427.58
Iteration:   2720, Loss function: 4.451, Average Loss: 4.783, avg. samples / sec: 1424.76
Iteration:   2740, Loss function: 4.396, Average Loss: 4.778, avg. samples / sec: 1425.50
Iteration:   2760, Loss function: 4.486, Average Loss: 4.774, avg. samples / sec: 1422.42
Iteration:   2780, Loss function: 4.692, Average Loss: 4.769, avg. samples / sec: 1424.50
Iteration:   2800, Loss function: 4.634, Average Loss: 4.766, avg. samples / sec: 1430.34
Iteration:   2820, Loss function: 4.553, Average Loss: 4.761, avg. samples / sec: 1426.79
Iteration:   2840, Loss function: 4.852, Average Loss: 4.758, avg. samples / sec: 1424.65
Iteration:   2860, Loss function: 4.775, Average Loss: 4.753, avg. samples / sec: 1420.66
Iteration:   2880, Loss function: 4.616, Average Loss: 4.749, avg. samples / sec: 1423.00
Iteration:   2900, Loss function: 4.248, Average Loss: 4.745, avg. samples / sec: 1424.64
Iteration:   2920, Loss function: 4.770, Average Loss: 4.741, avg. samples / sec: 1428.49
:::MLL 1586383947.009 epoch_stop: {"value": null, "metadata": {"epoch_num": 9, "file": "train.py", "lineno": 819}}
:::MLL 1586383947.010 epoch_start: {"value": null, "metadata": {"epoch_num": 10, "file": "train.py", "lineno": 673}}
Iteration:   2940, Loss function: 4.555, Average Loss: 4.737, avg. samples / sec: 1424.90
Iteration:   2960, Loss function: 4.409, Average Loss: 4.731, avg. samples / sec: 1432.72
Iteration:   2980, Loss function: 4.543, Average Loss: 4.725, avg. samples / sec: 1423.28
Iteration:   3000, Loss function: 4.417, Average Loss: 4.720, avg. samples / sec: 1424.43
Iteration:   3020, Loss function: 4.826, Average Loss: 4.716, avg. samples / sec: 1432.30
Iteration:   3040, Loss function: 4.760, Average Loss: 4.711, avg. samples / sec: 1429.81
Iteration:   3060, Loss function: 4.480, Average Loss: 4.707, avg. samples / sec: 1431.96
Iteration:   3080, Loss function: 4.687, Average Loss: 4.703, avg. samples / sec: 1417.27
Iteration:   3100, Loss function: 4.212, Average Loss: 4.699, avg. samples / sec: 1427.38
Iteration:   3120, Loss function: 4.286, Average Loss: 4.696, avg. samples / sec: 1431.55
Iteration:   3140, Loss function: 4.370, Average Loss: 4.690, avg. samples / sec: 1431.60
Iteration:   3160, Loss function: 4.366, Average Loss: 4.686, avg. samples / sec: 1427.98
Iteration:   3180, Loss function: 4.451, Average Loss: 4.682, avg. samples / sec: 1427.74
Iteration:   3200, Loss function: 4.661, Average Loss: 4.678, avg. samples / sec: 1433.69
Iteration:   3220, Loss function: 4.646, Average Loss: 4.673, avg. samples / sec: 1428.03
Iteration:   3240, Loss function: 4.704, Average Loss: 4.669, avg. samples / sec: 1429.45
:::MLL 1586384029.167 epoch_stop: {"value": null, "metadata": {"epoch_num": 10, "file": "train.py", "lineno": 819}}
:::MLL 1586384029.168 epoch_start: {"value": null, "metadata": {"epoch_num": 11, "file": "train.py", "lineno": 673}}
Iteration:   3260, Loss function: 4.700, Average Loss: 4.665, avg. samples / sec: 1424.31
Iteration:   3280, Loss function: 4.570, Average Loss: 4.659, avg. samples / sec: 1424.62
Iteration:   3300, Loss function: 4.400, Average Loss: 4.654, avg. samples / sec: 1429.45
Iteration:   3320, Loss function: 4.398, Average Loss: 4.649, avg. samples / sec: 1418.02
Iteration:   3340, Loss function: 4.505, Average Loss: 4.645, avg. samples / sec: 1429.10
Iteration:   3360, Loss function: 4.432, Average Loss: 4.641, avg. samples / sec: 1423.51
Iteration:   3380, Loss function: 4.588, Average Loss: 4.638, avg. samples / sec: 1433.90
Iteration:   3400, Loss function: 4.282, Average Loss: 4.632, avg. samples / sec: 1430.28
Iteration:   3420, Loss function: 4.455, Average Loss: 4.628, avg. samples / sec: 1426.19
Iteration:   3440, Loss function: 3.966, Average Loss: 4.623, avg. samples / sec: 1427.00
Iteration:   3460, Loss function: 4.382, Average Loss: 4.620, avg. samples / sec: 1428.71
Iteration:   3480, Loss function: 4.334, Average Loss: 4.616, avg. samples / sec: 1430.79
Iteration:   3500, Loss function: 4.291, Average Loss: 4.610, avg. samples / sec: 1427.00
Iteration:   3520, Loss function: 4.646, Average Loss: 4.605, avg. samples / sec: 1430.19
Iteration:   3540, Loss function: 4.186, Average Loss: 4.601, avg. samples / sec: 1425.94
Iteration:   3560, Loss function: 4.139, Average Loss: 4.595, avg. samples / sec: 1423.67
Iteration:   3580, Loss function: 4.442, Average Loss: 4.592, avg. samples / sec: 1425.74
:::MLL 1586384111.419 epoch_stop: {"value": null, "metadata": {"epoch_num": 11, "file": "train.py", "lineno": 819}}
:::MLL 1586384111.420 epoch_start: {"value": null, "metadata": {"epoch_num": 12, "file": "train.py", "lineno": 673}}
Iteration:   3600, Loss function: 4.482, Average Loss: 4.587, avg. samples / sec: 1425.81
Iteration:   3620, Loss function: 4.260, Average Loss: 4.581, avg. samples / sec: 1428.58
Iteration:   3640, Loss function: 4.317, Average Loss: 4.576, avg. samples / sec: 1432.29
Iteration:   3660, Loss function: 4.430, Average Loss: 4.572, avg. samples / sec: 1429.46
Iteration:   3680, Loss function: 4.252, Average Loss: 4.569, avg. samples / sec: 1427.35
Iteration:   3700, Loss function: 4.297, Average Loss: 4.564, avg. samples / sec: 1431.30
Iteration:   3720, Loss function: 4.246, Average Loss: 4.560, avg. samples / sec: 1432.37
Iteration:   3740, Loss function: 4.397, Average Loss: 4.555, avg. samples / sec: 1430.04
Iteration:   3760, Loss function: 4.197, Average Loss: 4.550, avg. samples / sec: 1426.29
Iteration:   3780, Loss function: 4.198, Average Loss: 4.545, avg. samples / sec: 1422.78
Iteration:   3800, Loss function: 4.302, Average Loss: 4.541, avg. samples / sec: 1422.61
Iteration:   3820, Loss function: 4.246, Average Loss: 4.535, avg. samples / sec: 1424.82
Iteration:   3840, Loss function: 4.124, Average Loss: 4.532, avg. samples / sec: 1423.36
Iteration:   3860, Loss function: 4.213, Average Loss: 4.528, avg. samples / sec: 1426.00
Iteration:   3880, Loss function: 3.928, Average Loss: 4.523, avg. samples / sec: 1429.80
Iteration:   3900, Loss function: 4.414, Average Loss: 4.521, avg. samples / sec: 1430.39
:::MLL 1586384193.372 epoch_stop: {"value": null, "metadata": {"epoch_num": 12, "file": "train.py", "lineno": 819}}
:::MLL 1586384193.372 epoch_start: {"value": null, "metadata": {"epoch_num": 13, "file": "train.py", "lineno": 673}}
Iteration:   3920, Loss function: 4.264, Average Loss: 4.517, avg. samples / sec: 1426.52
Iteration:   3940, Loss function: 4.202, Average Loss: 4.513, avg. samples / sec: 1429.94
Iteration:   3960, Loss function: 4.357, Average Loss: 4.509, avg. samples / sec: 1430.78
Iteration:   3980, Loss function: 4.156, Average Loss: 4.504, avg. samples / sec: 1430.37
Iteration:   4000, Loss function: 4.329, Average Loss: 4.499, avg. samples / sec: 1430.33
Iteration:   4020, Loss function: 4.436, Average Loss: 4.494, avg. samples / sec: 1425.19
Iteration:   4040, Loss function: 4.138, Average Loss: 4.491, avg. samples / sec: 1423.76
Iteration:   4060, Loss function: 4.306, Average Loss: 4.488, avg. samples / sec: 1426.90
Iteration:   4080, Loss function: 4.381, Average Loss: 4.485, avg. samples / sec: 1425.51
Iteration:   4100, Loss function: 4.222, Average Loss: 4.482, avg. samples / sec: 1431.54
Iteration:   4120, Loss function: 4.299, Average Loss: 4.479, avg. samples / sec: 1430.51
Iteration:   4140, Loss function: 4.285, Average Loss: 4.474, avg. samples / sec: 1430.11
Iteration:   4160, Loss function: 4.394, Average Loss: 4.471, avg. samples / sec: 1429.79
Iteration:   4180, Loss function: 4.330, Average Loss: 4.468, avg. samples / sec: 1423.29
Iteration:   4200, Loss function: 4.202, Average Loss: 4.464, avg. samples / sec: 1429.36
Iteration:   4220, Loss function: 4.095, Average Loss: 4.460, avg. samples / sec: 1433.05
:::MLL 1586384275.520 epoch_stop: {"value": null, "metadata": {"epoch_num": 13, "file": "train.py", "lineno": 819}}
:::MLL 1586384275.520 epoch_start: {"value": null, "metadata": {"epoch_num": 14, "file": "train.py", "lineno": 673}}
Iteration:   4240, Loss function: 4.303, Average Loss: 4.455, avg. samples / sec: 1425.24
Iteration:   4260, Loss function: 4.379, Average Loss: 4.451, avg. samples / sec: 1426.68
Iteration:   4280, Loss function: 3.974, Average Loss: 4.446, avg. samples / sec: 1430.67
Iteration:   4300, Loss function: 4.452, Average Loss: 4.443, avg. samples / sec: 1427.32
Iteration:   4320, Loss function: 4.407, Average Loss: 4.439, avg. samples / sec: 1424.64
Iteration:   4340, Loss function: 4.177, Average Loss: 4.435, avg. samples / sec: 1421.58
Iteration:   4360, Loss function: 4.068, Average Loss: 4.431, avg. samples / sec: 1420.98
Iteration:   4380, Loss function: 4.398, Average Loss: 4.426, avg. samples / sec: 1421.44
Iteration:   4400, Loss function: 4.579, Average Loss: 4.424, avg. samples / sec: 1427.33
Iteration:   4420, Loss function: 4.020, Average Loss: 4.420, avg. samples / sec: 1428.76
Iteration:   4440, Loss function: 4.473, Average Loss: 4.417, avg. samples / sec: 1430.04
Iteration:   4460, Loss function: 4.390, Average Loss: 4.415, avg. samples / sec: 1428.76
Iteration:   4480, Loss function: 4.469, Average Loss: 4.412, avg. samples / sec: 1424.69
Iteration:   4500, Loss function: 4.337, Average Loss: 4.408, avg. samples / sec: 1424.74
Iteration:   4520, Loss function: 4.161, Average Loss: 4.404, avg. samples / sec: 1425.20
Iteration:   4540, Loss function: 4.409, Average Loss: 4.401, avg. samples / sec: 1427.39
Iteration:   4560, Loss function: 4.438, Average Loss: 4.398, avg. samples / sec: 1427.18
:::MLL 1586384357.835 epoch_stop: {"value": null, "metadata": {"epoch_num": 14, "file": "train.py", "lineno": 819}}
:::MLL 1586384357.835 epoch_start: {"value": null, "metadata": {"epoch_num": 15, "file": "train.py", "lineno": 673}}
Iteration:   4580, Loss function: 4.051, Average Loss: 4.393, avg. samples / sec: 1418.86
Iteration:   4600, Loss function: 4.103, Average Loss: 4.389, avg. samples / sec: 1425.66
Iteration:   4620, Loss function: 4.264, Average Loss: 4.386, avg. samples / sec: 1428.23
Iteration:   4640, Loss function: 4.104, Average Loss: 4.382, avg. samples / sec: 1426.98
Iteration:   4660, Loss function: 4.464, Average Loss: 4.380, avg. samples / sec: 1425.71
Iteration:   4680, Loss function: 4.044, Average Loss: 4.376, avg. samples / sec: 1428.86
Iteration:   4700, Loss function: 4.189, Average Loss: 4.373, avg. samples / sec: 1420.51
Iteration:   4720, Loss function: 4.360, Average Loss: 4.369, avg. samples / sec: 1422.92
Iteration:   4740, Loss function: 4.081, Average Loss: 4.366, avg. samples / sec: 1419.22
Iteration:   4760, Loss function: 4.161, Average Loss: 4.362, avg. samples / sec: 1425.69
Iteration:   4780, Loss function: 3.847, Average Loss: 4.359, avg. samples / sec: 1426.13
Iteration:   4800, Loss function: 3.952, Average Loss: 4.355, avg. samples / sec: 1427.14
Iteration:   4820, Loss function: 4.463, Average Loss: 4.354, avg. samples / sec: 1431.66
Iteration:   4840, Loss function: 4.281, Average Loss: 4.351, avg. samples / sec: 1428.33
Iteration:   4860, Loss function: 4.107, Average Loss: 4.348, avg. samples / sec: 1433.39
Iteration:   4880, Loss function: 4.162, Average Loss: 4.344, avg. samples / sec: 1428.21
:::MLL 1586384440.121 epoch_stop: {"value": null, "metadata": {"epoch_num": 15, "file": "train.py", "lineno": 819}}
:::MLL 1586384440.121 epoch_start: {"value": null, "metadata": {"epoch_num": 16, "file": "train.py", "lineno": 673}}
Iteration:   4900, Loss function: 3.967, Average Loss: 4.342, avg. samples / sec: 1424.08
Iteration:   4920, Loss function: 3.864, Average Loss: 4.337, avg. samples / sec: 1431.44
Iteration:   4940, Loss function: 4.582, Average Loss: 4.335, avg. samples / sec: 1429.71
Iteration:   4960, Loss function: 4.121, Average Loss: 4.332, avg. samples / sec: 1435.21
Iteration:   4980, Loss function: 4.062, Average Loss: 4.329, avg. samples / sec: 1432.85
Iteration:   5000, Loss function: 3.945, Average Loss: 4.325, avg. samples / sec: 1427.01
Iteration:   5020, Loss function: 4.103, Average Loss: 4.322, avg. samples / sec: 1428.59
Iteration:   5040, Loss function: 4.052, Average Loss: 4.319, avg. samples / sec: 1421.23
Iteration:   5060, Loss function: 4.542, Average Loss: 4.316, avg. samples / sec: 1431.77
Iteration:   5080, Loss function: 4.116, Average Loss: 4.314, avg. samples / sec: 1430.57
Iteration:   5100, Loss function: 3.928, Average Loss: 4.311, avg. samples / sec: 1429.98
Iteration:   5120, Loss function: 4.227, Average Loss: 4.308, avg. samples / sec: 1429.01
Iteration:   5140, Loss function: 4.183, Average Loss: 4.304, avg. samples / sec: 1432.42
Iteration:   5160, Loss function: 3.948, Average Loss: 4.300, avg. samples / sec: 1432.08
Iteration:   5180, Loss function: 4.114, Average Loss: 4.297, avg. samples / sec: 1429.86
Iteration:   5200, Loss function: 4.083, Average Loss: 4.295, avg. samples / sec: 1429.77
:::MLL 1586384521.977 epoch_stop: {"value": null, "metadata": {"epoch_num": 16, "file": "train.py", "lineno": 819}}
:::MLL 1586384521.978 epoch_start: {"value": null, "metadata": {"epoch_num": 17, "file": "train.py", "lineno": 673}}
Iteration:   5220, Loss function: 4.253, Average Loss: 4.292, avg. samples / sec: 1417.74
Iteration:   5240, Loss function: 3.916, Average Loss: 4.287, avg. samples / sec: 1429.71
Iteration:   5260, Loss function: 4.100, Average Loss: 4.283, avg. samples / sec: 1428.45
Iteration:   5280, Loss function: 4.316, Average Loss: 4.282, avg. samples / sec: 1432.08
Iteration:   5300, Loss function: 4.195, Average Loss: 4.277, avg. samples / sec: 1425.48
Iteration:   5320, Loss function: 3.789, Average Loss: 4.273, avg. samples / sec: 1425.72
Iteration:   5340, Loss function: 4.318, Average Loss: 4.271, avg. samples / sec: 1421.33
Iteration:   5360, Loss function: 4.256, Average Loss: 4.268, avg. samples / sec: 1430.44
Iteration:   5380, Loss function: 4.212, Average Loss: 4.266, avg. samples / sec: 1431.62
Iteration:   5400, Loss function: 4.224, Average Loss: 4.265, avg. samples / sec: 1427.50
Iteration:   5420, Loss function: 4.147, Average Loss: 4.261, avg. samples / sec: 1423.43
Iteration:   5440, Loss function: 3.776, Average Loss: 4.258, avg. samples / sec: 1420.86
Iteration:   5460, Loss function: 3.982, Average Loss: 4.255, avg. samples / sec: 1426.05
Iteration:   5480, Loss function: 4.052, Average Loss: 4.253, avg. samples / sec: 1429.27
Iteration:   5500, Loss function: 4.015, Average Loss: 4.250, avg. samples / sec: 1420.01
Iteration:   5520, Loss function: 4.116, Average Loss: 4.248, avg. samples / sec: 1430.40
:::MLL 1586384604.243 epoch_stop: {"value": null, "metadata": {"epoch_num": 17, "file": "train.py", "lineno": 819}}
:::MLL 1586384604.244 epoch_start: {"value": null, "metadata": {"epoch_num": 18, "file": "train.py", "lineno": 673}}
Iteration:   5540, Loss function: 3.880, Average Loss: 4.246, avg. samples / sec: 1426.68
Iteration:   5560, Loss function: 4.149, Average Loss: 4.244, avg. samples / sec: 1430.01
Iteration:   5580, Loss function: 4.136, Average Loss: 4.242, avg. samples / sec: 1430.51
Iteration:   5600, Loss function: 3.909, Average Loss: 4.239, avg. samples / sec: 1426.78
Iteration:   5620, Loss function: 4.196, Average Loss: 4.238, avg. samples / sec: 1428.45
Iteration:   5640, Loss function: 4.351, Average Loss: 4.234, avg. samples / sec: 1428.37
Iteration:   5660, Loss function: 4.052, Average Loss: 4.232, avg. samples / sec: 1430.85
Iteration:   5680, Loss function: 4.108, Average Loss: 4.231, avg. samples / sec: 1430.56
Iteration:   5700, Loss function: 4.244, Average Loss: 4.228, avg. samples / sec: 1430.42
Iteration:   5720, Loss function: 3.931, Average Loss: 4.225, avg. samples / sec: 1432.82
Iteration:   5740, Loss function: 3.745, Average Loss: 4.222, avg. samples / sec: 1428.26
Iteration:   5760, Loss function: 4.073, Average Loss: 4.220, avg. samples / sec: 1429.80
Iteration:   5780, Loss function: 4.469, Average Loss: 4.220, avg. samples / sec: 1425.69
Iteration:   5800, Loss function: 4.138, Average Loss: 4.218, avg. samples / sec: 1426.95
Iteration:   5820, Loss function: 4.250, Average Loss: 4.216, avg. samples / sec: 1430.25
Iteration:   5840, Loss function: 3.943, Average Loss: 4.213, avg. samples / sec: 1428.65
Iteration:   5860, Loss function: 4.185, Average Loss: 4.212, avg. samples / sec: 1427.92
:::MLL 1586384686.371 epoch_stop: {"value": null, "metadata": {"epoch_num": 18, "file": "train.py", "lineno": 819}}
:::MLL 1586384686.372 epoch_start: {"value": null, "metadata": {"epoch_num": 19, "file": "train.py", "lineno": 673}}
Iteration:   5880, Loss function: 3.968, Average Loss: 4.208, avg. samples / sec: 1424.11
Iteration:   5900, Loss function: 3.884, Average Loss: 4.205, avg. samples / sec: 1425.03
Iteration:   5920, Loss function: 4.071, Average Loss: 4.203, avg. samples / sec: 1426.70
Iteration:   5940, Loss function: 4.022, Average Loss: 4.200, avg. samples / sec: 1423.27
Iteration:   5960, Loss function: 4.112, Average Loss: 4.198, avg. samples / sec: 1425.62
Iteration:   5980, Loss function: 4.074, Average Loss: 4.195, avg. samples / sec: 1431.03
Iteration:   6000, Loss function: 4.278, Average Loss: 4.193, avg. samples / sec: 1432.56
Iteration:   6020, Loss function: 4.583, Average Loss: 4.191, avg. samples / sec: 1429.74
Iteration:   6040, Loss function: 4.057, Average Loss: 4.188, avg. samples / sec: 1429.65
Iteration:   6060, Loss function: 4.249, Average Loss: 4.185, avg. samples / sec: 1428.74
Iteration:   6080, Loss function: 4.043, Average Loss: 4.183, avg. samples / sec: 1428.82
Iteration:   6100, Loss function: 4.317, Average Loss: 4.180, avg. samples / sec: 1430.97
Iteration:   6120, Loss function: 4.256, Average Loss: 4.178, avg. samples / sec: 1429.25
Iteration:   6140, Loss function: 4.033, Average Loss: 4.175, avg. samples / sec: 1426.59
Iteration:   6160, Loss function: 3.907, Average Loss: 4.174, avg. samples / sec: 1424.32
Iteration:   6180, Loss function: 3.897, Average Loss: 4.171, avg. samples / sec: 1431.84
:::MLL 1586384768.551 epoch_stop: {"value": null, "metadata": {"epoch_num": 19, "file": "train.py", "lineno": 819}}
:::MLL 1586384768.551 epoch_start: {"value": null, "metadata": {"epoch_num": 20, "file": "train.py", "lineno": 673}}
Iteration:   6200, Loss function: 4.155, Average Loss: 4.170, avg. samples / sec: 1425.40
Iteration:   6220, Loss function: 4.182, Average Loss: 4.168, avg. samples / sec: 1430.23
Iteration:   6240, Loss function: 4.030, Average Loss: 4.165, avg. samples / sec: 1431.65
Iteration:   6260, Loss function: 3.865, Average Loss: 4.163, avg. samples / sec: 1432.61
Iteration:   6280, Loss function: 3.905, Average Loss: 4.161, avg. samples / sec: 1432.39
Iteration:   6300, Loss function: 3.755, Average Loss: 4.159, avg. samples / sec: 1429.18
Iteration:   6320, Loss function: 4.179, Average Loss: 4.156, avg. samples / sec: 1426.34
Iteration:   6340, Loss function: 3.899, Average Loss: 4.154, avg. samples / sec: 1430.04
Iteration:   6360, Loss function: 4.151, Average Loss: 4.153, avg. samples / sec: 1433.16
Iteration:   6380, Loss function: 4.022, Average Loss: 4.150, avg. samples / sec: 1429.35
Iteration:   6400, Loss function: 4.228, Average Loss: 4.148, avg. samples / sec: 1424.40
Iteration:   6420, Loss function: 4.113, Average Loss: 4.147, avg. samples / sec: 1431.04
Iteration:   6440, Loss function: 4.226, Average Loss: 4.145, avg. samples / sec: 1432.26
Iteration:   6460, Loss function: 4.224, Average Loss: 4.143, avg. samples / sec: 1429.02
Iteration:   6480, Loss function: 4.067, Average Loss: 4.141, avg. samples / sec: 1432.93
Iteration:   6500, Loss function: 4.262, Average Loss: 4.139, avg. samples / sec: 1436.42
:::MLL 1586384850.344 epoch_stop: {"value": null, "metadata": {"epoch_num": 20, "file": "train.py", "lineno": 819}}
:::MLL 1586384850.344 epoch_start: {"value": null, "metadata": {"epoch_num": 21, "file": "train.py", "lineno": 673}}
Iteration:   6520, Loss function: 4.203, Average Loss: 4.137, avg. samples / sec: 1429.31
Iteration:   6540, Loss function: 3.952, Average Loss: 4.134, avg. samples / sec: 1432.71
Iteration:   6560, Loss function: 3.886, Average Loss: 4.131, avg. samples / sec: 1431.58
Iteration:   6580, Loss function: 3.970, Average Loss: 4.129, avg. samples / sec: 1428.21
Iteration:   6600, Loss function: 4.293, Average Loss: 4.126, avg. samples / sec: 1427.41
Iteration:   6620, Loss function: 3.976, Average Loss: 4.123, avg. samples / sec: 1427.66
Iteration:   6640, Loss function: 4.057, Average Loss: 4.122, avg. samples / sec: 1426.21
Iteration:   6660, Loss function: 4.068, Average Loss: 4.120, avg. samples / sec: 1435.04
Iteration:   6680, Loss function: 4.140, Average Loss: 4.118, avg. samples / sec: 1429.83
Iteration:   6700, Loss function: 4.111, Average Loss: 4.115, avg. samples / sec: 1429.66
Iteration:   6720, Loss function: 4.222, Average Loss: 4.115, avg. samples / sec: 1433.34
Iteration:   6740, Loss function: 4.030, Average Loss: 4.114, avg. samples / sec: 1432.79
Iteration:   6760, Loss function: 4.281, Average Loss: 4.113, avg. samples / sec: 1429.82
Iteration:   6780, Loss function: 4.135, Average Loss: 4.112, avg. samples / sec: 1431.50
Iteration:   6800, Loss function: 3.830, Average Loss: 4.109, avg. samples / sec: 1433.37
Iteration:   6820, Loss function: 4.028, Average Loss: 4.107, avg. samples / sec: 1429.34
Iteration:   6840, Loss function: 3.999, Average Loss: 4.107, avg. samples / sec: 1427.18
:::MLL 1586384932.406 epoch_stop: {"value": null, "metadata": {"epoch_num": 21, "file": "train.py", "lineno": 819}}
:::MLL 1586384932.407 epoch_start: {"value": null, "metadata": {"epoch_num": 22, "file": "train.py", "lineno": 673}}
Iteration:   6860, Loss function: 4.072, Average Loss: 4.104, avg. samples / sec: 1431.48
Iteration:   6880, Loss function: 3.906, Average Loss: 4.101, avg. samples / sec: 1433.36
Iteration:   6900, Loss function: 4.080, Average Loss: 4.098, avg. samples / sec: 1430.29
Iteration:   6920, Loss function: 4.063, Average Loss: 4.096, avg. samples / sec: 1426.51
Iteration:   6940, Loss function: 4.230, Average Loss: 4.093, avg. samples / sec: 1430.57
Iteration:   6960, Loss function: 4.152, Average Loss: 4.091, avg. samples / sec: 1432.60
Iteration:   6980, Loss function: 4.077, Average Loss: 4.089, avg. samples / sec: 1431.31
Iteration:   7000, Loss function: 4.027, Average Loss: 4.087, avg. samples / sec: 1434.89
Iteration:   7020, Loss function: 3.837, Average Loss: 4.085, avg. samples / sec: 1433.56
Iteration:   7040, Loss function: 4.073, Average Loss: 4.082, avg. samples / sec: 1434.05
Iteration:   7060, Loss function: 3.786, Average Loss: 4.081, avg. samples / sec: 1435.34
Iteration:   7080, Loss function: 4.073, Average Loss: 4.080, avg. samples / sec: 1426.39
Iteration:   7100, Loss function: 3.947, Average Loss: 4.078, avg. samples / sec: 1426.79
Iteration:   7120, Loss function: 3.865, Average Loss: 4.076, avg. samples / sec: 1428.66
Iteration:   7140, Loss function: 4.110, Average Loss: 4.075, avg. samples / sec: 1430.16
Iteration:   7160, Loss function: 4.221, Average Loss: 4.075, avg. samples / sec: 1432.30
:::MLL 1586385014.425 epoch_stop: {"value": null, "metadata": {"epoch_num": 22, "file": "train.py", "lineno": 819}}
:::MLL 1586385014.425 epoch_start: {"value": null, "metadata": {"epoch_num": 23, "file": "train.py", "lineno": 673}}
Iteration:   7180, Loss function: 3.835, Average Loss: 4.071, avg. samples / sec: 1425.11
Iteration:   7200, Loss function: 3.923, Average Loss: 4.069, avg. samples / sec: 1427.31
Iteration:   7220, Loss function: 3.782, Average Loss: 4.068, avg. samples / sec: 1428.42
Iteration:   7240, Loss function: 3.986, Average Loss: 4.066, avg. samples / sec: 1435.11
Iteration:   7260, Loss function: 3.790, Average Loss: 4.064, avg. samples / sec: 1426.45
Iteration:   7280, Loss function: 3.864, Average Loss: 4.061, avg. samples / sec: 1435.04
Iteration:   7300, Loss function: 4.094, Average Loss: 4.059, avg. samples / sec: 1436.86
Iteration:   7320, Loss function: 3.902, Average Loss: 4.057, avg. samples / sec: 1430.81
Iteration:   7340, Loss function: 3.579, Average Loss: 4.055, avg. samples / sec: 1434.81
Iteration:   7360, Loss function: 4.100, Average Loss: 4.054, avg. samples / sec: 1430.32
Iteration:   7380, Loss function: 3.962, Average Loss: 4.053, avg. samples / sec: 1427.50
Iteration:   7400, Loss function: 4.294, Average Loss: 4.051, avg. samples / sec: 1425.79
Iteration:   7420, Loss function: 4.006, Average Loss: 4.050, avg. samples / sec: 1428.15
Iteration:   7440, Loss function: 3.801, Average Loss: 4.048, avg. samples / sec: 1433.33
Iteration:   7460, Loss function: 3.965, Average Loss: 4.046, avg. samples / sec: 1434.57
Iteration:   7480, Loss function: 3.959, Average Loss: 4.044, avg. samples / sec: 1429.99
:::MLL 1586385096.196 epoch_stop: {"value": null, "metadata": {"epoch_num": 23, "file": "train.py", "lineno": 819}}
:::MLL 1586385096.196 epoch_start: {"value": null, "metadata": {"epoch_num": 24, "file": "train.py", "lineno": 673}}
Iteration:   7500, Loss function: 4.103, Average Loss: 4.042, avg. samples / sec: 1431.35
Iteration:   7520, Loss function: 3.880, Average Loss: 4.039, avg. samples / sec: 1428.98
Iteration:   7540, Loss function: 4.019, Average Loss: 4.038, avg. samples / sec: 1427.40
Iteration:   7560, Loss function: 4.036, Average Loss: 4.036, avg. samples / sec: 1427.88
Iteration:   7580, Loss function: 3.977, Average Loss: 4.035, avg. samples / sec: 1433.64
Iteration:   7600, Loss function: 4.061, Average Loss: 4.034, avg. samples / sec: 1429.15
Iteration:   7620, Loss function: 4.212, Average Loss: 4.032, avg. samples / sec: 1428.71
Iteration:   7640, Loss function: 4.095, Average Loss: 4.031, avg. samples / sec: 1427.27
Iteration:   7660, Loss function: 4.105, Average Loss: 4.029, avg. samples / sec: 1430.20
Iteration:   7680, Loss function: 4.180, Average Loss: 4.028, avg. samples / sec: 1433.83
Iteration:   7700, Loss function: 3.964, Average Loss: 4.026, avg. samples / sec: 1429.19
Iteration:   7720, Loss function: 3.988, Average Loss: 4.025, avg. samples / sec: 1425.59
Iteration:   7740, Loss function: 3.872, Average Loss: 4.024, avg. samples / sec: 1431.04
Iteration:   7760, Loss function: 4.217, Average Loss: 4.023, avg. samples / sec: 1422.33
Iteration:   7780, Loss function: 3.895, Average Loss: 4.023, avg. samples / sec: 1422.84
Iteration:   7800, Loss function: 3.975, Average Loss: 4.021, avg. samples / sec: 1422.39
:::MLL 1586385178.387 epoch_stop: {"value": null, "metadata": {"epoch_num": 24, "file": "train.py", "lineno": 819}}
:::MLL 1586385178.387 epoch_start: {"value": null, "metadata": {"epoch_num": 25, "file": "train.py", "lineno": 673}}
Iteration:   7820, Loss function: 3.808, Average Loss: 4.020, avg. samples / sec: 1423.66
Iteration:   7840, Loss function: 3.764, Average Loss: 4.017, avg. samples / sec: 1429.05
Iteration:   7860, Loss function: 3.763, Average Loss: 4.014, avg. samples / sec: 1432.31
Iteration:   7880, Loss function: 4.019, Average Loss: 4.012, avg. samples / sec: 1431.47
Iteration:   7900, Loss function: 3.746, Average Loss: 4.009, avg. samples / sec: 1432.50
Iteration:   7920, Loss function: 4.090, Average Loss: 4.009, avg. samples / sec: 1426.94
Iteration:   7940, Loss function: 3.721, Average Loss: 4.007, avg. samples / sec: 1428.36
Iteration:   7960, Loss function: 4.045, Average Loss: 4.005, avg. samples / sec: 1429.75
Iteration:   7980, Loss function: 3.934, Average Loss: 4.004, avg. samples / sec: 1435.27
Iteration:   8000, Loss function: 4.118, Average Loss: 4.002, avg. samples / sec: 1428.62
Iteration:   8020, Loss function: 3.936, Average Loss: 4.001, avg. samples / sec: 1426.09
Iteration:   8040, Loss function: 4.164, Average Loss: 4.000, avg. samples / sec: 1429.88
Iteration:   8060, Loss function: 3.671, Average Loss: 4.000, avg. samples / sec: 1434.80
Iteration:   8080, Loss function: 3.814, Average Loss: 3.999, avg. samples / sec: 1425.90
Iteration:   8100, Loss function: 3.999, Average Loss: 3.997, avg. samples / sec: 1428.04
Iteration:   8120, Loss function: 4.280, Average Loss: 3.995, avg. samples / sec: 1428.20
Iteration:   8140, Loss function: 3.627, Average Loss: 3.993, avg. samples / sec: 1434.74
:::MLL 1586385260.455 epoch_stop: {"value": null, "metadata": {"epoch_num": 25, "file": "train.py", "lineno": 819}}
:::MLL 1586385260.456 epoch_start: {"value": null, "metadata": {"epoch_num": 26, "file": "train.py", "lineno": 673}}
Iteration:   8160, Loss function: 3.724, Average Loss: 3.991, avg. samples / sec: 1428.78
Iteration:   8180, Loss function: 3.687, Average Loss: 3.989, avg. samples / sec: 1427.39
Iteration:   8200, Loss function: 3.861, Average Loss: 3.987, avg. samples / sec: 1431.73
Iteration:   8220, Loss function: 3.937, Average Loss: 3.986, avg. samples / sec: 1429.00
Iteration:   8240, Loss function: 4.127, Average Loss: 3.984, avg. samples / sec: 1431.06
Iteration:   8260, Loss function: 4.019, Average Loss: 3.982, avg. samples / sec: 1431.01
Iteration:   8280, Loss function: 3.768, Average Loss: 3.980, avg. samples / sec: 1427.43
Iteration:   8300, Loss function: 3.847, Average Loss: 3.978, avg. samples / sec: 1429.70
Iteration:   8320, Loss function: 4.063, Average Loss: 3.978, avg. samples / sec: 1433.01
Iteration:   8340, Loss function: 3.830, Average Loss: 3.977, avg. samples / sec: 1433.45
Iteration:   8360, Loss function: 4.124, Average Loss: 3.977, avg. samples / sec: 1434.84
Iteration:   8380, Loss function: 4.001, Average Loss: 3.975, avg. samples / sec: 1429.66
Iteration:   8400, Loss function: 4.136, Average Loss: 3.975, avg. samples / sec: 1431.51
Iteration:   8420, Loss function: 3.948, Average Loss: 3.974, avg. samples / sec: 1431.38
Iteration:   8440, Loss function: 4.040, Average Loss: 3.973, avg. samples / sec: 1423.47
Iteration:   8460, Loss function: 3.916, Average Loss: 3.971, avg. samples / sec: 1436.21
:::MLL 1586385342.487 epoch_stop: {"value": null, "metadata": {"epoch_num": 26, "file": "train.py", "lineno": 819}}
:::MLL 1586385342.488 epoch_start: {"value": null, "metadata": {"epoch_num": 27, "file": "train.py", "lineno": 673}}
Iteration:   8480, Loss function: 3.921, Average Loss: 3.970, avg. samples / sec: 1430.39
Iteration:   8500, Loss function: 4.047, Average Loss: 3.968, avg. samples / sec: 1429.31
Iteration:   8520, Loss function: 3.932, Average Loss: 3.966, avg. samples / sec: 1432.79
Iteration:   8540, Loss function: 3.764, Average Loss: 3.963, avg. samples / sec: 1431.51
Iteration:   8560, Loss function: 3.877, Average Loss: 3.960, avg. samples / sec: 1428.24
Iteration:   8580, Loss function: 3.735, Average Loss: 3.959, avg. samples / sec: 1430.92
Iteration:   8600, Loss function: 3.856, Average Loss: 3.958, avg. samples / sec: 1430.43
Iteration:   8620, Loss function: 4.145, Average Loss: 3.958, avg. samples / sec: 1431.41
Iteration:   8640, Loss function: 4.304, Average Loss: 3.957, avg. samples / sec: 1431.70
Iteration:   8660, Loss function: 3.880, Average Loss: 3.957, avg. samples / sec: 1433.58
Iteration:   8680, Loss function: 3.842, Average Loss: 3.956, avg. samples / sec: 1425.94
Iteration:   8700, Loss function: 3.719, Average Loss: 3.955, avg. samples / sec: 1431.64
Iteration:   8720, Loss function: 3.954, Average Loss: 3.955, avg. samples / sec: 1428.83
Iteration:   8740, Loss function: 3.716, Average Loss: 3.955, avg. samples / sec: 1429.94
Iteration:   8760, Loss function: 3.816, Average Loss: 3.954, avg. samples / sec: 1427.71
Iteration:   8780, Loss function: 3.762, Average Loss: 3.952, avg. samples / sec: 1432.34
:::MLL 1586385424.281 epoch_stop: {"value": null, "metadata": {"epoch_num": 27, "file": "train.py", "lineno": 819}}
:::MLL 1586385424.281 epoch_start: {"value": null, "metadata": {"epoch_num": 28, "file": "train.py", "lineno": 673}}
Iteration:   8800, Loss function: 3.857, Average Loss: 3.951, avg. samples / sec: 1430.41
Iteration:   8820, Loss function: 3.882, Average Loss: 3.950, avg. samples / sec: 1427.50
Iteration:   8840, Loss function: 3.698, Average Loss: 3.949, avg. samples / sec: 1429.08
Iteration:   8860, Loss function: 3.967, Average Loss: 3.947, avg. samples / sec: 1435.65
Iteration:   8880, Loss function: 3.797, Average Loss: 3.945, avg. samples / sec: 1435.04
Iteration:   8900, Loss function: 4.049, Average Loss: 3.942, avg. samples / sec: 1431.45
Iteration:   8920, Loss function: 4.050, Average Loss: 3.942, avg. samples / sec: 1429.04
Iteration:   8940, Loss function: 3.665, Average Loss: 3.939, avg. samples / sec: 1429.75
Iteration:   8960, Loss function: 3.532, Average Loss: 3.937, avg. samples / sec: 1430.92
Iteration:   8980, Loss function: 3.784, Average Loss: 3.936, avg. samples / sec: 1431.96
Iteration:   9000, Loss function: 3.962, Average Loss: 3.936, avg. samples / sec: 1433.68
Iteration:   9020, Loss function: 3.771, Average Loss: 3.936, avg. samples / sec: 1433.41
Iteration:   9040, Loss function: 4.020, Average Loss: 3.935, avg. samples / sec: 1432.48
Iteration:   9060, Loss function: 3.563, Average Loss: 3.934, avg. samples / sec: 1430.34
Iteration:   9080, Loss function: 3.813, Average Loss: 3.933, avg. samples / sec: 1427.02
Iteration:   9100, Loss function: 4.012, Average Loss: 3.932, avg. samples / sec: 1433.99
Iteration:   9120, Loss function: 3.619, Average Loss: 3.931, avg. samples / sec: 1433.46
:::MLL 1586385506.275 epoch_stop: {"value": null, "metadata": {"epoch_num": 28, "file": "train.py", "lineno": 819}}
:::MLL 1586385506.275 epoch_start: {"value": null, "metadata": {"epoch_num": 29, "file": "train.py", "lineno": 673}}
Iteration:   9140, Loss function: 3.646, Average Loss: 3.929, avg. samples / sec: 1431.87
Iteration:   9160, Loss function: 4.136, Average Loss: 3.928, avg. samples / sec: 1430.29
Iteration:   9180, Loss function: 3.917, Average Loss: 3.925, avg. samples / sec: 1432.67
Iteration:   9200, Loss function: 4.132, Average Loss: 3.924, avg. samples / sec: 1435.68
Iteration:   9220, Loss function: 3.690, Average Loss: 3.923, avg. samples / sec: 1428.27
Iteration:   9240, Loss function: 3.936, Average Loss: 3.920, avg. samples / sec: 1427.27
Iteration:   9260, Loss function: 3.879, Average Loss: 3.919, avg. samples / sec: 1426.85
Iteration:   9280, Loss function: 3.649, Average Loss: 3.917, avg. samples / sec: 1422.07
Iteration:   9300, Loss function: 3.888, Average Loss: 3.916, avg. samples / sec: 1428.07
Iteration:   9320, Loss function: 3.705, Average Loss: 3.914, avg. samples / sec: 1431.47
Iteration:   9340, Loss function: 3.613, Average Loss: 3.912, avg. samples / sec: 1432.82
Iteration:   9360, Loss function: 3.699, Average Loss: 3.911, avg. samples / sec: 1429.65
Iteration:   9380, Loss function: 3.605, Average Loss: 3.910, avg. samples / sec: 1432.01
Iteration:   9400, Loss function: 3.637, Average Loss: 3.909, avg. samples / sec: 1433.26
Iteration:   9420, Loss function: 4.023, Average Loss: 3.909, avg. samples / sec: 1433.79
Iteration:   9440, Loss function: 3.900, Average Loss: 3.907, avg. samples / sec: 1435.45
:::MLL 1586385588.320 epoch_stop: {"value": null, "metadata": {"epoch_num": 29, "file": "train.py", "lineno": 819}}
:::MLL 1586385588.320 epoch_start: {"value": null, "metadata": {"epoch_num": 30, "file": "train.py", "lineno": 673}}
Iteration:   9460, Loss function: 4.142, Average Loss: 3.906, avg. samples / sec: 1420.55
Iteration:   9480, Loss function: 3.839, Average Loss: 3.903, avg. samples / sec: 1434.21
Iteration:   9500, Loss function: 3.984, Average Loss: 3.902, avg. samples / sec: 1431.40
Iteration:   9520, Loss function: 3.761, Average Loss: 3.902, avg. samples / sec: 1432.12
Iteration:   9540, Loss function: 3.559, Average Loss: 3.901, avg. samples / sec: 1436.42
Iteration:   9560, Loss function: 4.023, Average Loss: 3.900, avg. samples / sec: 1432.48
Iteration:   9580, Loss function: 3.700, Average Loss: 3.898, avg. samples / sec: 1431.30
Iteration:   9600, Loss function: 3.947, Average Loss: 3.898, avg. samples / sec: 1431.29
Iteration:   9620, Loss function: 3.848, Average Loss: 3.896, avg. samples / sec: 1431.25
Iteration:   9640, Loss function: 3.768, Average Loss: 3.895, avg. samples / sec: 1429.15
Iteration:   9660, Loss function: 3.750, Average Loss: 3.893, avg. samples / sec: 1429.66
Iteration:   9680, Loss function: 3.907, Average Loss: 3.894, avg. samples / sec: 1431.71
Iteration:   9700, Loss function: 3.781, Average Loss: 3.893, avg. samples / sec: 1436.14
Iteration:   9720, Loss function: 3.893, Average Loss: 3.892, avg. samples / sec: 1427.53
Iteration:   9740, Loss function: 3.965, Average Loss: 3.892, avg. samples / sec: 1430.07
Iteration:   9760, Loss function: 4.021, Average Loss: 3.891, avg. samples / sec: 1434.80
:::MLL 1586385670.302 epoch_stop: {"value": null, "metadata": {"epoch_num": 30, "file": "train.py", "lineno": 819}}
:::MLL 1586385670.303 epoch_start: {"value": null, "metadata": {"epoch_num": 31, "file": "train.py", "lineno": 673}}
Iteration:   9780, Loss function: 3.837, Average Loss: 3.891, avg. samples / sec: 1428.90
Iteration:   9800, Loss function: 3.946, Average Loss: 3.890, avg. samples / sec: 1430.46
Iteration:   9820, Loss function: 3.896, Average Loss: 3.888, avg. samples / sec: 1424.92
Iteration:   9840, Loss function: 4.052, Average Loss: 3.886, avg. samples / sec: 1432.96
Iteration:   9860, Loss function: 3.996, Average Loss: 3.885, avg. samples / sec: 1432.99
Iteration:   9880, Loss function: 3.646, Average Loss: 3.884, avg. samples / sec: 1430.87
Iteration:   9900, Loss function: 3.502, Average Loss: 3.883, avg. samples / sec: 1427.04
Iteration:   9920, Loss function: 3.773, Average Loss: 3.882, avg. samples / sec: 1435.78
Iteration:   9940, Loss function: 3.915, Average Loss: 3.883, avg. samples / sec: 1423.52
Iteration:   9960, Loss function: 3.694, Average Loss: 3.883, avg. samples / sec: 1430.46
Iteration:   9980, Loss function: 3.702, Average Loss: 3.882, avg. samples / sec: 1430.00
Iteration:  10000, Loss function: 3.691, Average Loss: 3.882, avg. samples / sec: 1431.45
Iteration:  10020, Loss function: 3.783, Average Loss: 3.881, avg. samples / sec: 1430.23
Iteration:  10040, Loss function: 3.771, Average Loss: 3.879, avg. samples / sec: 1433.18
Iteration:  10060, Loss function: 3.437, Average Loss: 3.876, avg. samples / sec: 1430.64
Iteration:  10080, Loss function: 3.907, Average Loss: 3.876, avg. samples / sec: 1430.44
:::MLL 1586385752.116 epoch_stop: {"value": null, "metadata": {"epoch_num": 31, "file": "train.py", "lineno": 819}}
:::MLL 1586385752.116 epoch_start: {"value": null, "metadata": {"epoch_num": 32, "file": "train.py", "lineno": 673}}
Iteration:  10100, Loss function: 3.815, Average Loss: 3.875, avg. samples / sec: 1426.50
Iteration:  10120, Loss function: 3.576, Average Loss: 3.874, avg. samples / sec: 1431.76
Iteration:  10140, Loss function: 3.807, Average Loss: 3.874, avg. samples / sec: 1435.09
Iteration:  10160, Loss function: 3.732, Average Loss: 3.872, avg. samples / sec: 1427.75
Iteration:  10180, Loss function: 3.436, Average Loss: 3.870, avg. samples / sec: 1431.07
Iteration:  10200, Loss function: 3.987, Average Loss: 3.870, avg. samples / sec: 1432.83
Iteration:  10220, Loss function: 3.650, Average Loss: 3.869, avg. samples / sec: 1437.26
Iteration:  10240, Loss function: 3.703, Average Loss: 3.867, avg. samples / sec: 1432.10
Iteration:  10260, Loss function: 3.391, Average Loss: 3.866, avg. samples / sec: 1434.35
Iteration:  10280, Loss function: 3.854, Average Loss: 3.866, avg. samples / sec: 1433.07
Iteration:  10300, Loss function: 3.625, Average Loss: 3.864, avg. samples / sec: 1428.14
Iteration:  10320, Loss function: 3.967, Average Loss: 3.862, avg. samples / sec: 1435.65
Iteration:  10340, Loss function: 3.830, Average Loss: 3.863, avg. samples / sec: 1430.43
Iteration:  10360, Loss function: 3.882, Average Loss: 3.861, avg. samples / sec: 1426.81
Iteration:  10380, Loss function: 3.665, Average Loss: 3.859, avg. samples / sec: 1433.76
Iteration:  10400, Loss function: 3.740, Average Loss: 3.859, avg. samples / sec: 1432.04
Iteration:  10420, Loss function: 3.965, Average Loss: 3.858, avg. samples / sec: 1431.02
:::MLL 1586385834.082 epoch_stop: {"value": null, "metadata": {"epoch_num": 32, "file": "train.py", "lineno": 819}}
:::MLL 1586385834.082 epoch_start: {"value": null, "metadata": {"epoch_num": 33, "file": "train.py", "lineno": 673}}
Iteration:  10440, Loss function: 4.022, Average Loss: 3.857, avg. samples / sec: 1424.06
Iteration:  10460, Loss function: 3.769, Average Loss: 3.855, avg. samples / sec: 1434.42
Iteration:  10480, Loss function: 3.754, Average Loss: 3.854, avg. samples / sec: 1433.32
Iteration:  10500, Loss function: 3.533, Average Loss: 3.851, avg. samples / sec: 1428.42
Iteration:  10520, Loss function: 3.816, Average Loss: 3.849, avg. samples / sec: 1431.74
Iteration:  10540, Loss function: 3.789, Average Loss: 3.848, avg. samples / sec: 1424.89
Iteration:  10560, Loss function: 3.767, Average Loss: 3.846, avg. samples / sec: 1426.92
Iteration:  10580, Loss function: 3.914, Average Loss: 3.846, avg. samples / sec: 1431.74
Iteration:  10600, Loss function: 3.831, Average Loss: 3.845, avg. samples / sec: 1433.04
Iteration:  10620, Loss function: 3.831, Average Loss: 3.844, avg. samples / sec: 1432.44
Iteration:  10640, Loss function: 4.072, Average Loss: 3.844, avg. samples / sec: 1427.54
Iteration:  10660, Loss function: 3.803, Average Loss: 3.844, avg. samples / sec: 1433.14
:::MLL 1586385895.243 eval_start: {"value": null, "metadata": {"epoch_num": 33, "file": "train.py", "lineno": 276}}
Parsing batch: 0/11Parsing batch: 0/11Parsing batch: 0/11Parsing batch: 1/11Parsing batch: 1/11Parsing batch: 1/11Parsing batch: 2/11Parsing batch: 2/11Parsing batch: 2/11Parsing batch: 3/11Parsing batch: 3/11Parsing batch: 3/11Parsing batch: 4/11Parsing batch: 4/11Parsing batch: 4/11Parsing batch: 5/11Parsing batch: 5/11Parsing batch: 5/11Parsing batch: 6/11Parsing batch: 6/11Parsing batch: 6/11Parsing batch: 7/11Parsing batch: 7/11Parsing batch: 7/11Parsing batch: 8/11Parsing batch: 8/11Parsing batch: 8/11Parsing batch: 9/11Parsing batch: 9/11Parsing batch: 9/11Parsing batch: 10/11Parsing batch: 10/11Parsing batch: 10/11Predicting Ended, total time: 13.78 s
Loading and preparing results...
Loading and preparing results...
Loading and preparing results...
DONE (t=0.48s)
DONE (t=0.49s)
DONE (t=0.75s)
Running per image evaluation...
Evaluate annotation type *bbox*
DONE (t=2.49s).
Accumulating evaluation results...
DONE (t=0.00s).
 Average Precision  (AP) @[ IoU=0.50:0.95 | area=   all | maxDets=100 ] = 0.18470
 Average Precision  (AP) @[ IoU=0.50      | area=   all | maxDets=100 ] = 0.33488
 Average Precision  (AP) @[ IoU=0.75      | area=   all | maxDets=100 ] = 0.18611
 Average Precision  (AP) @[ IoU=0.50:0.95 | area= small | maxDets=100 ] = 0.04581
 Average Precision  (AP) @[ IoU=0.50:0.95 | area=medium | maxDets=100 ] = 0.19411
 Average Precision  (AP) @[ IoU=0.50:0.95 | area= large | maxDets=100 ] = 0.29890
 Average Recall     (AR) @[ IoU=0.50:0.95 | area=   all | maxDets=  1 ] = 0.19291
 Average Recall     (AR) @[ IoU=0.50:0.95 | area=   all | maxDets= 10 ] = 0.28430
 Average Recall     (AR) @[ IoU=0.50:0.95 | area=   all | maxDets=100 ] = 0.29908
 Average Recall     (AR) @[ IoU=0.50:0.95 | area= small | maxDets=100 ] = 0.08212
 Average Recall     (AR) @[ IoU=0.50:0.95 | area=medium | maxDets=100 ] = 0.31864
 Average Recall     (AR) @[ IoU=0.50:0.95 | area= large | maxDets=100 ] = 0.47621
Current AP: 0.18470 AP goal: 0.23000
:::MLL 1586385912.376 eval_accuracy: {"value": 0.1847033659957197, "metadata": {"epoch_num": 33, "file": "train.py", "lineno": 389}}
:::MLL 1586385912.377 eval_stop: {"value": null, "metadata": {"epoch_num": 33, "file": "train.py", "lineno": 392}}
:::MLL 1586385912.388 block_stop: {"value": null, "metadata": {"first_epoch_num": 1, "file": "train.py", "lineno": 804}}
:::MLL 1586385912.389 block_start: {"value": null, "metadata": {"first_epoch_num": 33, "epoch_count": 10.915354834308324, "file": "train.py", "lineno": 813}}
Iteration:  10680, Loss function: 3.798, Average Loss: 3.844, avg. samples / sec: 324.38
Iteration:  10700, Loss function: 3.801, Average Loss: 3.843, avg. samples / sec: 1435.67
Iteration:  10720, Loss function: 4.111, Average Loss: 3.842, avg. samples / sec: 1434.43
Iteration:  10740, Loss function: 3.629, Average Loss: 3.842, avg. samples / sec: 1435.34
:::MLL 1586385933.244 epoch_stop: {"value": null, "metadata": {"epoch_num": 33, "file": "train.py", "lineno": 819}}
:::MLL 1586385933.245 epoch_start: {"value": null, "metadata": {"epoch_num": 34, "file": "train.py", "lineno": 673}}
Iteration:  10760, Loss function: 3.746, Average Loss: 3.841, avg. samples / sec: 1423.94
Iteration:  10780, Loss function: 3.749, Average Loss: 3.840, avg. samples / sec: 1432.80
Iteration:  10800, Loss function: 3.841, Average Loss: 3.839, avg. samples / sec: 1434.05
Iteration:  10820, Loss function: 3.705, Average Loss: 3.837, avg. samples / sec: 1432.66
Iteration:  10840, Loss function: 3.948, Average Loss: 3.837, avg. samples / sec: 1430.34
Iteration:  10860, Loss function: 3.856, Average Loss: 3.836, avg. samples / sec: 1432.94
Iteration:  10880, Loss function: 3.655, Average Loss: 3.835, avg. samples / sec: 1431.15
Iteration:  10900, Loss function: 3.825, Average Loss: 3.834, avg. samples / sec: 1429.44
Iteration:  10920, Loss function: 3.833, Average Loss: 3.833, avg. samples / sec: 1433.68
Iteration:  10940, Loss function: 3.669, Average Loss: 3.831, avg. samples / sec: 1433.42
Iteration:  10960, Loss function: 3.875, Average Loss: 3.832, avg. samples / sec: 1430.30
Iteration:  10980, Loss function: 3.840, Average Loss: 3.831, avg. samples / sec: 1433.01
Iteration:  11000, Loss function: 4.078, Average Loss: 3.832, avg. samples / sec: 1427.99
Iteration:  11020, Loss function: 3.822, Average Loss: 3.831, avg. samples / sec: 1427.24
Iteration:  11040, Loss function: 3.914, Average Loss: 3.830, avg. samples / sec: 1430.09
Iteration:  11060, Loss function: 3.946, Average Loss: 3.829, avg. samples / sec: 1422.40
:::MLL 1586386015.321 epoch_stop: {"value": null, "metadata": {"epoch_num": 34, "file": "train.py", "lineno": 819}}
:::MLL 1586386015.321 epoch_start: {"value": null, "metadata": {"epoch_num": 35, "file": "train.py", "lineno": 673}}
Iteration:  11080, Loss function: 4.052, Average Loss: 3.829, avg. samples / sec: 1420.31
Iteration:  11100, Loss function: 3.619, Average Loss: 3.827, avg. samples / sec: 1424.14
Iteration:  11120, Loss function: 3.780, Average Loss: 3.826, avg. samples / sec: 1424.61
Iteration:  11140, Loss function: 3.508, Average Loss: 3.825, avg. samples / sec: 1427.55
Iteration:  11160, Loss function: 3.797, Average Loss: 3.823, avg. samples / sec: 1429.75
Iteration:  11180, Loss function: 3.843, Average Loss: 3.822, avg. samples / sec: 1425.58
Iteration:  11200, Loss function: 4.032, Average Loss: 3.822, avg. samples / sec: 1433.28
Iteration:  11220, Loss function: 3.548, Average Loss: 3.821, avg. samples / sec: 1430.94
Iteration:  11240, Loss function: 3.665, Average Loss: 3.820, avg. samples / sec: 1425.27
Iteration:  11260, Loss function: 4.084, Average Loss: 3.820, avg. samples / sec: 1424.37
Iteration:  11280, Loss function: 3.971, Average Loss: 3.820, avg. samples / sec: 1425.44
Iteration:  11300, Loss function: 3.894, Average Loss: 3.818, avg. samples / sec: 1428.80
Iteration:  11320, Loss function: 3.725, Average Loss: 3.819, avg. samples / sec: 1430.21
Iteration:  11340, Loss function: 3.705, Average Loss: 3.819, avg. samples / sec: 1431.24
Iteration:  11360, Loss function: 3.740, Average Loss: 3.817, avg. samples / sec: 1429.65
Iteration:  11380, Loss function: 3.653, Average Loss: 3.815, avg. samples / sec: 1426.85
Iteration:  11400, Loss function: 3.586, Average Loss: 3.813, avg. samples / sec: 1435.61
:::MLL 1586386097.254 epoch_stop: {"value": null, "metadata": {"epoch_num": 35, "file": "train.py", "lineno": 819}}
:::MLL 1586386097.255 epoch_start: {"value": null, "metadata": {"epoch_num": 36, "file": "train.py", "lineno": 673}}
Iteration:  11420, Loss function: 3.639, Average Loss: 3.812, avg. samples / sec: 1426.77
Iteration:  11440, Loss function: 3.930, Average Loss: 3.810, avg. samples / sec: 1429.19
Iteration:  11460, Loss function: 3.851, Average Loss: 3.809, avg. samples / sec: 1421.31
Iteration:  11480, Loss function: 3.772, Average Loss: 3.808, avg. samples / sec: 1421.47
Iteration:  11500, Loss function: 3.638, Average Loss: 3.806, avg. samples / sec: 1423.47
Iteration:  11520, Loss function: 3.830, Average Loss: 3.805, avg. samples / sec: 1423.45
Iteration:  11540, Loss function: 3.830, Average Loss: 3.806, avg. samples / sec: 1422.58
Iteration:  11560, Loss function: 3.630, Average Loss: 3.806, avg. samples / sec: 1424.29
Iteration:  11580, Loss function: 3.707, Average Loss: 3.804, avg. samples / sec: 1426.03
Iteration:  11600, Loss function: 4.032, Average Loss: 3.804, avg. samples / sec: 1423.19
Iteration:  11620, Loss function: 3.595, Average Loss: 3.804, avg. samples / sec: 1429.77
Iteration:  11640, Loss function: 3.883, Average Loss: 3.804, avg. samples / sec: 1424.47
Iteration:  11660, Loss function: 3.832, Average Loss: 3.804, avg. samples / sec: 1425.23
Iteration:  11680, Loss function: 3.665, Average Loss: 3.804, avg. samples / sec: 1430.64
Iteration:  11700, Loss function: 3.716, Average Loss: 3.804, avg. samples / sec: 1431.24
Iteration:  11720, Loss function: 3.839, Average Loss: 3.802, avg. samples / sec: 1431.68
:::MLL 1586386179.562 epoch_stop: {"value": null, "metadata": {"epoch_num": 36, "file": "train.py", "lineno": 819}}
:::MLL 1586386179.562 epoch_start: {"value": null, "metadata": {"epoch_num": 37, "file": "train.py", "lineno": 673}}
Iteration:  11740, Loss function: 3.740, Average Loss: 3.801, avg. samples / sec: 1422.39
Iteration:  11760, Loss function: 3.543, Average Loss: 3.800, avg. samples / sec: 1426.42
Iteration:  11780, Loss function: 3.517, Average Loss: 3.799, avg. samples / sec: 1431.44
Iteration:  11800, Loss function: 3.578, Average Loss: 3.797, avg. samples / sec: 1427.61
Iteration:  11820, Loss function: 3.686, Average Loss: 3.796, avg. samples / sec: 1431.65
Iteration:  11840, Loss function: 3.805, Average Loss: 3.795, avg. samples / sec: 1424.30
Iteration:  11860, Loss function: 4.137, Average Loss: 3.794, avg. samples / sec: 1426.33
Iteration:  11880, Loss function: 3.909, Average Loss: 3.793, avg. samples / sec: 1424.65
Iteration:  11900, Loss function: 3.581, Average Loss: 3.792, avg. samples / sec: 1422.22
Iteration:  11920, Loss function: 3.603, Average Loss: 3.792, avg. samples / sec: 1425.14
Iteration:  11940, Loss function: 3.759, Average Loss: 3.791, avg. samples / sec: 1420.72
Iteration:  11960, Loss function: 3.631, Average Loss: 3.791, avg. samples / sec: 1422.52
Iteration:  11980, Loss function: 3.920, Average Loss: 3.790, avg. samples / sec: 1428.32
Iteration:  12000, Loss function: 3.774, Average Loss: 3.790, avg. samples / sec: 1432.36
Iteration:  12020, Loss function: 3.455, Average Loss: 3.790, avg. samples / sec: 1426.77
Iteration:  12040, Loss function: 3.666, Average Loss: 3.789, avg. samples / sec: 1418.14
:::MLL 1586386261.869 epoch_stop: {"value": null, "metadata": {"epoch_num": 37, "file": "train.py", "lineno": 819}}
:::MLL 1586386261.869 epoch_start: {"value": null, "metadata": {"epoch_num": 38, "file": "train.py", "lineno": 673}}
Iteration:  12060, Loss function: 3.907, Average Loss: 3.789, avg. samples / sec: 1426.98
Iteration:  12080, Loss function: 3.597, Average Loss: 3.787, avg. samples / sec: 1426.55
Iteration:  12100, Loss function: 3.749, Average Loss: 3.786, avg. samples / sec: 1427.29
Iteration:  12120, Loss function: 3.505, Average Loss: 3.785, avg. samples / sec: 1427.08
Iteration:  12140, Loss function: 3.712, Average Loss: 3.784, avg. samples / sec: 1420.43
Iteration:  12160, Loss function: 3.754, Average Loss: 3.783, avg. samples / sec: 1424.75
Iteration:  12180, Loss function: 3.574, Average Loss: 3.782, avg. samples / sec: 1426.10
Iteration:  12200, Loss function: 3.767, Average Loss: 3.782, avg. samples / sec: 1424.37
Iteration:  12220, Loss function: 3.746, Average Loss: 3.781, avg. samples / sec: 1418.86
Iteration:  12240, Loss function: 3.820, Average Loss: 3.780, avg. samples / sec: 1422.21
Iteration:  12260, Loss function: 3.457, Average Loss: 3.779, avg. samples / sec: 1427.07
Iteration:  12280, Loss function: 3.911, Average Loss: 3.778, avg. samples / sec: 1426.51
Iteration:  12300, Loss function: 3.730, Average Loss: 3.778, avg. samples / sec: 1420.49
Iteration:  12320, Loss function: 3.880, Average Loss: 3.777, avg. samples / sec: 1422.59
Iteration:  12340, Loss function: 3.644, Average Loss: 3.777, avg. samples / sec: 1429.48
Iteration:  12360, Loss function: 3.776, Average Loss: 3.776, avg. samples / sec: 1429.37
:::MLL 1586386344.239 epoch_stop: {"value": null, "metadata": {"epoch_num": 38, "file": "train.py", "lineno": 819}}
:::MLL 1586386344.240 epoch_start: {"value": null, "metadata": {"epoch_num": 39, "file": "train.py", "lineno": 673}}
Iteration:  12380, Loss function: 3.754, Average Loss: 3.775, avg. samples / sec: 1422.08
Iteration:  12400, Loss function: 3.582, Average Loss: 3.774, avg. samples / sec: 1421.99
Iteration:  12420, Loss function: 3.377, Average Loss: 3.771, avg. samples / sec: 1428.16
Iteration:  12440, Loss function: 3.668, Average Loss: 3.771, avg. samples / sec: 1426.73
Iteration:  12460, Loss function: 3.803, Average Loss: 3.770, avg. samples / sec: 1427.70
Iteration:  12480, Loss function: 3.343, Average Loss: 3.769, avg. samples / sec: 1432.69
Iteration:  12500, Loss function: 3.822, Average Loss: 3.769, avg. samples / sec: 1426.97
Iteration:  12520, Loss function: 3.773, Average Loss: 3.768, avg. samples / sec: 1422.16
Iteration:  12540, Loss function: 3.623, Average Loss: 3.767, avg. samples / sec: 1428.41
Iteration:  12560, Loss function: 3.674, Average Loss: 3.766, avg. samples / sec: 1427.97
Iteration:  12580, Loss function: 3.738, Average Loss: 3.765, avg. samples / sec: 1431.86
Iteration:  12600, Loss function: 3.552, Average Loss: 3.763, avg. samples / sec: 1427.55
Iteration:  12620, Loss function: 3.613, Average Loss: 3.762, avg. samples / sec: 1430.27
Iteration:  12640, Loss function: 3.459, Average Loss: 3.763, avg. samples / sec: 1430.25
Iteration:  12660, Loss function: 3.915, Average Loss: 3.763, avg. samples / sec: 1430.36
Iteration:  12680, Loss function: 3.689, Average Loss: 3.763, avg. samples / sec: 1427.91
Iteration:  12700, Loss function: 3.732, Average Loss: 3.764, avg. samples / sec: 1424.51
:::MLL 1586386426.198 epoch_stop: {"value": null, "metadata": {"epoch_num": 39, "file": "train.py", "lineno": 819}}
:::MLL 1586386426.198 epoch_start: {"value": null, "metadata": {"epoch_num": 40, "file": "train.py", "lineno": 673}}
Iteration:  12720, Loss function: 3.825, Average Loss: 3.763, avg. samples / sec: 1428.09
Iteration:  12740, Loss function: 3.418, Average Loss: 3.761, avg. samples / sec: 1425.54
Iteration:  12760, Loss function: 3.607, Average Loss: 3.759, avg. samples / sec: 1430.50
Iteration:  12780, Loss function: 3.781, Average Loss: 3.758, avg. samples / sec: 1431.24
Iteration:  12800, Loss function: 3.717, Average Loss: 3.757, avg. samples / sec: 1425.98
Iteration:  12820, Loss function: 3.919, Average Loss: 3.757, avg. samples / sec: 1427.28
Iteration:  12840, Loss function: 3.576, Average Loss: 3.756, avg. samples / sec: 1427.52
Iteration:  12860, Loss function: 3.657, Average Loss: 3.755, avg. samples / sec: 1426.54
Iteration:  12880, Loss function: 3.558, Average Loss: 3.754, avg. samples / sec: 1423.97
Iteration:  12900, Loss function: 3.952, Average Loss: 3.754, avg. samples / sec: 1424.19
Iteration:  12920, Loss function: 3.673, Average Loss: 3.754, avg. samples / sec: 1429.33
Iteration:  12940, Loss function: 3.612, Average Loss: 3.754, avg. samples / sec: 1431.91
Iteration:  12960, Loss function: 3.806, Average Loss: 3.752, avg. samples / sec: 1431.41
Iteration:  12980, Loss function: 3.743, Average Loss: 3.752, avg. samples / sec: 1427.05
Iteration:  13000, Loss function: 3.827, Average Loss: 3.752, avg. samples / sec: 1427.25
Iteration:  13020, Loss function: 3.892, Average Loss: 3.751, avg. samples / sec: 1427.90
:::MLL 1586386508.391 epoch_stop: {"value": null, "metadata": {"epoch_num": 40, "file": "train.py", "lineno": 819}}
:::MLL 1586386508.391 epoch_start: {"value": null, "metadata": {"epoch_num": 41, "file": "train.py", "lineno": 673}}
Iteration:  13040, Loss function: 3.713, Average Loss: 3.750, avg. samples / sec: 1418.95
Iteration:  13060, Loss function: 3.646, Average Loss: 3.750, avg. samples / sec: 1424.96
Iteration:  13080, Loss function: 3.833, Average Loss: 3.749, avg. samples / sec: 1428.08
Iteration:  13100, Loss function: 3.644, Average Loss: 3.747, avg. samples / sec: 1430.49
Iteration:  13120, Loss function: 3.896, Average Loss: 3.746, avg. samples / sec: 1429.84
Iteration:  13140, Loss function: 3.695, Average Loss: 3.745, avg. samples / sec: 1419.15
Iteration:  13160, Loss function: 3.785, Average Loss: 3.744, avg. samples / sec: 1426.34
Iteration:  13180, Loss function: 3.890, Average Loss: 3.742, avg. samples / sec: 1428.11
Iteration:  13200, Loss function: 3.663, Average Loss: 3.742, avg. samples / sec: 1431.75
Iteration:  13220, Loss function: 3.457, Average Loss: 3.740, avg. samples / sec: 1428.72
Iteration:  13240, Loss function: 3.597, Average Loss: 3.740, avg. samples / sec: 1426.44
Iteration:  13260, Loss function: 4.017, Average Loss: 3.741, avg. samples / sec: 1424.54
Iteration:  13280, Loss function: 3.776, Average Loss: 3.741, avg. samples / sec: 1425.30
Iteration:  13300, Loss function: 3.500, Average Loss: 3.740, avg. samples / sec: 1423.74
Iteration:  13320, Loss function: 3.620, Average Loss: 3.739, avg. samples / sec: 1429.99
Iteration:  13340, Loss function: 3.576, Average Loss: 3.739, avg. samples / sec: 1431.08
:::MLL 1586386590.658 epoch_stop: {"value": null, "metadata": {"epoch_num": 41, "file": "train.py", "lineno": 819}}
:::MLL 1586386590.659 epoch_start: {"value": null, "metadata": {"epoch_num": 42, "file": "train.py", "lineno": 673}}
Iteration:  13360, Loss function: 3.626, Average Loss: 3.738, avg. samples / sec: 1424.03
Iteration:  13380, Loss function: 3.733, Average Loss: 3.738, avg. samples / sec: 1426.39
Iteration:  13400, Loss function: 3.996, Average Loss: 3.738, avg. samples / sec: 1427.14
Iteration:  13420, Loss function: 3.552, Average Loss: 3.737, avg. samples / sec: 1427.47
Iteration:  13440, Loss function: 3.500, Average Loss: 3.736, avg. samples / sec: 1428.26
Iteration:  13460, Loss function: 3.612, Average Loss: 3.735, avg. samples / sec: 1430.15
Iteration:  13480, Loss function: 3.664, Average Loss: 3.733, avg. samples / sec: 1426.36
Iteration:  13500, Loss function: 3.515, Average Loss: 3.732, avg. samples / sec: 1431.40
Iteration:  13520, Loss function: 3.713, Average Loss: 3.730, avg. samples / sec: 1427.15
Iteration:  13540, Loss function: 3.754, Average Loss: 3.730, avg. samples / sec: 1430.63
Iteration:  13560, Loss function: 3.726, Average Loss: 3.730, avg. samples / sec: 1430.93
Iteration:  13580, Loss function: 3.830, Average Loss: 3.729, avg. samples / sec: 1425.99
Iteration:  13600, Loss function: 3.860, Average Loss: 3.727, avg. samples / sec: 1425.67
Iteration:  13620, Loss function: 3.524, Average Loss: 3.728, avg. samples / sec: 1430.06
Iteration:  13640, Loss function: 3.359, Average Loss: 3.729, avg. samples / sec: 1425.23
Iteration:  13660, Loss function: 3.427, Average Loss: 3.730, avg. samples / sec: 1424.89
Iteration:  13680, Loss function: 3.470, Average Loss: 3.729, avg. samples / sec: 1427.57
:::MLL 1586386672.857 epoch_stop: {"value": null, "metadata": {"epoch_num": 42, "file": "train.py", "lineno": 819}}
:::MLL 1586386672.857 epoch_start: {"value": null, "metadata": {"epoch_num": 43, "file": "train.py", "lineno": 673}}
Iteration:  13700, Loss function: 3.632, Average Loss: 3.728, avg. samples / sec: 1424.81
Iteration:  13720, Loss function: 3.867, Average Loss: 3.726, avg. samples / sec: 1430.69
Iteration:  13740, Loss function: 3.516, Average Loss: 3.725, avg. samples / sec: 1429.90
Iteration:  13760, Loss function: 3.714, Average Loss: 3.723, avg. samples / sec: 1429.15
Iteration:  13780, Loss function: 3.986, Average Loss: 3.723, avg. samples / sec: 1430.19
Iteration:  13800, Loss function: 3.405, Average Loss: 3.722, avg. samples / sec: 1431.00
Iteration:  13820, Loss function: 3.453, Average Loss: 3.720, avg. samples / sec: 1429.83
Iteration:  13840, Loss function: 3.474, Average Loss: 3.719, avg. samples / sec: 1429.41
Iteration:  13860, Loss function: 3.793, Average Loss: 3.718, avg. samples / sec: 1428.91
Iteration:  13880, Loss function: 3.600, Average Loss: 3.718, avg. samples / sec: 1432.56
Iteration:  13900, Loss function: 3.718, Average Loss: 3.716, avg. samples / sec: 1428.75
Iteration:  13920, Loss function: 3.426, Average Loss: 3.715, avg. samples / sec: 1428.30
Iteration:  13940, Loss function: 3.674, Average Loss: 3.715, avg. samples / sec: 1426.01
Iteration:  13960, Loss function: 3.729, Average Loss: 3.715, avg. samples / sec: 1427.95
Iteration:  13980, Loss function: 3.941, Average Loss: 3.715, avg. samples / sec: 1426.29
Iteration:  14000, Loss function: 3.666, Average Loss: 3.715, avg. samples / sec: 1428.05
:::MLL 1586386754.743 epoch_stop: {"value": null, "metadata": {"epoch_num": 43, "file": "train.py", "lineno": 819}}
:::MLL 1586386754.744 epoch_start: {"value": null, "metadata": {"epoch_num": 44, "file": "train.py", "lineno": 673}}
Iteration:  14020, Loss function: 3.772, Average Loss: 3.715, avg. samples / sec: 1427.19
Iteration:  14040, Loss function: 3.659, Average Loss: 3.714, avg. samples / sec: 1433.11
Iteration:  14060, Loss function: 3.597, Average Loss: 3.713, avg. samples / sec: 1428.01
Iteration:  14080, Loss function: 3.621, Average Loss: 3.711, avg. samples / sec: 1426.95
Iteration:  14100, Loss function: 3.626, Average Loss: 3.710, avg. samples / sec: 1427.36
Iteration:  14120, Loss function: 3.797, Average Loss: 3.709, avg. samples / sec: 1433.81
Iteration:  14140, Loss function: 3.643, Average Loss: 3.709, avg. samples / sec: 1430.62
Iteration:  14160, Loss function: 3.907, Average Loss: 3.708, avg. samples / sec: 1427.87
Iteration:  14180, Loss function: 3.630, Average Loss: 3.708, avg. samples / sec: 1433.22
Iteration:  14200, Loss function: 3.592, Average Loss: 3.707, avg. samples / sec: 1423.98
Iteration:  14220, Loss function: 3.722, Average Loss: 3.708, avg. samples / sec: 1427.67
lr decay step #1
:::MLL 1586386809.164 eval_start: {"value": null, "metadata": {"epoch_num": 44, "file": "train.py", "lineno": 276}}
Parsing batch: 0/11Parsing batch: 0/11Parsing batch: 0/11Parsing batch: 1/11Parsing batch: 1/11Parsing batch: 1/11Parsing batch: 2/11Parsing batch: 2/11Parsing batch: 2/11Parsing batch: 3/11Parsing batch: 3/11Parsing batch: 3/11Parsing batch: 4/11Parsing batch: 4/11Parsing batch: 4/11Parsing batch: 5/11Parsing batch: 5/11Parsing batch: 5/11Parsing batch: 6/11Parsing batch: 6/11Parsing batch: 7/11Parsing batch: 7/11Parsing batch: 6/11Parsing batch: 8/11Parsing batch: 8/11Parsing batch: 7/11Parsing batch: 9/11Parsing batch: 9/11Parsing batch: 8/11Parsing batch: 10/11Parsing batch: 10/11Parsing batch: 9/11Parsing batch: 10/11Predicting Ended, total time: 15.27 s
Loading and preparing results...
Loading and preparing results...
Loading and preparing results...
DONE (t=0.71s)
DONE (t=0.71s)
DONE (t=0.88s)
Running per image evaluation...
Evaluate annotation type *bbox*
DONE (t=2.77s).
Accumulating evaluation results...
DONE (t=0.00s).
 Average Precision  (AP) @[ IoU=0.50:0.95 | area=   all | maxDets=100 ] = 0.19025
 Average Precision  (AP) @[ IoU=0.50      | area=   all | maxDets=100 ] = 0.34540
 Average Precision  (AP) @[ IoU=0.75      | area=   all | maxDets=100 ] = 0.19023
 Average Precision  (AP) @[ IoU=0.50:0.95 | area= small | maxDets=100 ] = 0.04963
 Average Precision  (AP) @[ IoU=0.50:0.95 | area=medium | maxDets=100 ] = 0.19760
 Average Precision  (AP) @[ IoU=0.50:0.95 | area= large | maxDets=100 ] = 0.30905
 Average Recall     (AR) @[ IoU=0.50:0.95 | area=   all | maxDets=  1 ] = 0.19597
 Average Recall     (AR) @[ IoU=0.50:0.95 | area=   all | maxDets= 10 ] = 0.28915
 Average Recall     (AR) @[ IoU=0.50:0.95 | area=   all | maxDets=100 ] = 0.30545
 Average Recall     (AR) @[ IoU=0.50:0.95 | area= small | maxDets=100 ] = 0.09196
 Average Recall     (AR) @[ IoU=0.50:0.95 | area=medium | maxDets=100 ] = 0.32815
 Average Recall     (AR) @[ IoU=0.50:0.95 | area= large | maxDets=100 ] = 0.46939
Current AP: 0.19025 AP goal: 0.23000
:::MLL 1586386828.179 eval_accuracy: {"value": 0.19025210125052675, "metadata": {"epoch_num": 44, "file": "train.py", "lineno": 389}}
:::MLL 1586386828.180 eval_stop: {"value": null, "metadata": {"epoch_num": 44, "file": "train.py", "lineno": 392}}
:::MLL 1586386828.192 block_stop: {"value": null, "metadata": {"first_epoch_num": 33, "file": "train.py", "lineno": 804}}
:::MLL 1586386828.192 block_start: {"value": null, "metadata": {"first_epoch_num": 44, "epoch_count": 5.457677417154162, "file": "train.py", "lineno": 813}}
Iteration:  14240, Loss function: 3.560, Average Loss: 3.705, avg. samples / sec: 299.07
Iteration:  14260, Loss function: 3.381, Average Loss: 3.703, avg. samples / sec: 1429.91
Iteration:  14280, Loss function: 3.383, Average Loss: 3.698, avg. samples / sec: 1434.82
Iteration:  14300, Loss function: 3.316, Average Loss: 3.694, avg. samples / sec: 1433.11
Iteration:  14320, Loss function: 3.263, Average Loss: 3.690, avg. samples / sec: 1431.61
:::MLL 1586386855.850 epoch_stop: {"value": null, "metadata": {"epoch_num": 44, "file": "train.py", "lineno": 819}}
:::MLL 1586386855.851 epoch_start: {"value": null, "metadata": {"epoch_num": 45, "file": "train.py", "lineno": 673}}
Iteration:  14340, Loss function: 3.401, Average Loss: 3.685, avg. samples / sec: 1430.65
Iteration:  14360, Loss function: 3.331, Average Loss: 3.679, avg. samples / sec: 1431.91
Iteration:  14380, Loss function: 3.243, Average Loss: 3.673, avg. samples / sec: 1431.26
Iteration:  14400, Loss function: 3.405, Average Loss: 3.666, avg. samples / sec: 1428.08
Iteration:  14420, Loss function: 3.232, Average Loss: 3.659, avg. samples / sec: 1431.28
Iteration:  14440, Loss function: 3.168, Average Loss: 3.655, avg. samples / sec: 1429.58
Iteration:  14460, Loss function: 3.345, Average Loss: 3.649, avg. samples / sec: 1428.32
Iteration:  14480, Loss function: 3.426, Average Loss: 3.643, avg. samples / sec: 1424.07
Iteration:  14500, Loss function: 3.489, Average Loss: 3.637, avg. samples / sec: 1429.10
Iteration:  14520, Loss function: 3.068, Average Loss: 3.631, avg. samples / sec: 1425.11
Iteration:  14540, Loss function: 3.172, Average Loss: 3.626, avg. samples / sec: 1425.96
Iteration:  14560, Loss function: 3.208, Average Loss: 3.621, avg. samples / sec: 1424.56
Iteration:  14580, Loss function: 3.432, Average Loss: 3.614, avg. samples / sec: 1432.10
Iteration:  14600, Loss function: 3.181, Average Loss: 3.609, avg. samples / sec: 1429.75
Iteration:  14620, Loss function: 3.325, Average Loss: 3.604, avg. samples / sec: 1432.86
Iteration:  14640, Loss function: 3.411, Average Loss: 3.599, avg. samples / sec: 1430.54
:::MLL 1586386937.986 epoch_stop: {"value": null, "metadata": {"epoch_num": 45, "file": "train.py", "lineno": 819}}
:::MLL 1586386937.987 epoch_start: {"value": null, "metadata": {"epoch_num": 46, "file": "train.py", "lineno": 673}}
Iteration:  14660, Loss function: 2.846, Average Loss: 3.594, avg. samples / sec: 1426.53
Iteration:  14680, Loss function: 3.449, Average Loss: 3.589, avg. samples / sec: 1418.37
Iteration:  14700, Loss function: 3.253, Average Loss: 3.583, avg. samples / sec: 1430.13
Iteration:  14720, Loss function: 3.514, Average Loss: 3.577, avg. samples / sec: 1423.01
Iteration:  14740, Loss function: 3.664, Average Loss: 3.572, avg. samples / sec: 1423.76
Iteration:  14760, Loss function: 3.567, Average Loss: 3.567, avg. samples / sec: 1423.60
Iteration:  14780, Loss function: 3.304, Average Loss: 3.562, avg. samples / sec: 1424.18
Iteration:  14800, Loss function: 3.433, Average Loss: 3.556, avg. samples / sec: 1421.62
Iteration:  14820, Loss function: 3.137, Average Loss: 3.551, avg. samples / sec: 1425.07
Iteration:  14840, Loss function: 3.220, Average Loss: 3.546, avg. samples / sec: 1428.14
Iteration:  14860, Loss function: 3.473, Average Loss: 3.542, avg. samples / sec: 1430.28
Iteration:  14880, Loss function: 3.274, Average Loss: 3.537, avg. samples / sec: 1428.15
Iteration:  14900, Loss function: 3.350, Average Loss: 3.532, avg. samples / sec: 1423.83
Iteration:  14920, Loss function: 3.417, Average Loss: 3.528, avg. samples / sec: 1430.29
Iteration:  14940, Loss function: 3.096, Average Loss: 3.523, avg. samples / sec: 1431.33
Iteration:  14960, Loss function: 3.354, Average Loss: 3.519, avg. samples / sec: 1430.43
Iteration:  14980, Loss function: 3.130, Average Loss: 3.515, avg. samples / sec: 1429.81
:::MLL 1586387020.018 epoch_stop: {"value": null, "metadata": {"epoch_num": 46, "file": "train.py", "lineno": 819}}
:::MLL 1586387020.018 epoch_start: {"value": null, "metadata": {"epoch_num": 47, "file": "train.py", "lineno": 673}}
Iteration:  15000, Loss function: 3.160, Average Loss: 3.511, avg. samples / sec: 1427.20
Iteration:  15020, Loss function: 3.499, Average Loss: 3.507, avg. samples / sec: 1426.33
Iteration:  15040, Loss function: 3.034, Average Loss: 3.503, avg. samples / sec: 1427.56
Iteration:  15060, Loss function: 3.318, Average Loss: 3.499, avg. samples / sec: 1430.73
Iteration:  15080, Loss function: 3.230, Average Loss: 3.494, avg. samples / sec: 1420.35
Iteration:  15100, Loss function: 3.216, Average Loss: 3.492, avg. samples / sec: 1417.74
Iteration:  15120, Loss function: 3.270, Average Loss: 3.488, avg. samples / sec: 1426.65
Iteration:  15140, Loss function: 3.335, Average Loss: 3.483, avg. samples / sec: 1429.99
Iteration:  15160, Loss function: 3.346, Average Loss: 3.479, avg. samples / sec: 1427.66
Iteration:  15180, Loss function: 3.343, Average Loss: 3.475, avg. samples / sec: 1424.62
Iteration:  15200, Loss function: 3.388, Average Loss: 3.470, avg. samples / sec: 1423.27
Iteration:  15220, Loss function: 3.429, Average Loss: 3.467, avg. samples / sec: 1428.94
Iteration:  15240, Loss function: 3.081, Average Loss: 3.463, avg. samples / sec: 1431.23
Iteration:  15260, Loss function: 3.365, Average Loss: 3.460, avg. samples / sec: 1430.42
Iteration:  15280, Loss function: 3.215, Average Loss: 3.455, avg. samples / sec: 1429.85
Iteration:  15300, Loss function: 3.574, Average Loss: 3.452, avg. samples / sec: 1426.86
:::MLL 1586387102.269 epoch_stop: {"value": null, "metadata": {"epoch_num": 47, "file": "train.py", "lineno": 819}}
:::MLL 1586387102.269 epoch_start: {"value": null, "metadata": {"epoch_num": 48, "file": "train.py", "lineno": 673}}
Iteration:  15320, Loss function: 3.119, Average Loss: 3.448, avg. samples / sec: 1429.17
Iteration:  15340, Loss function: 3.346, Average Loss: 3.444, avg. samples / sec: 1429.83
Iteration:  15360, Loss function: 3.370, Average Loss: 3.442, avg. samples / sec: 1429.11
Iteration:  15380, Loss function: 3.605, Average Loss: 3.439, avg. samples / sec: 1428.30
Iteration:  15400, Loss function: 3.615, Average Loss: 3.435, avg. samples / sec: 1424.83
Iteration:  15420, Loss function: 3.204, Average Loss: 3.432, avg. samples / sec: 1424.89
Iteration:  15440, Loss function: 3.100, Average Loss: 3.429, avg. samples / sec: 1423.67
Iteration:  15460, Loss function: 3.289, Average Loss: 3.427, avg. samples / sec: 1424.23
Iteration:  15480, Loss function: 3.215, Average Loss: 3.424, avg. samples / sec: 1419.50
Iteration:  15500, Loss function: 3.271, Average Loss: 3.420, avg. samples / sec: 1426.75
Iteration:  15520, Loss function: 3.570, Average Loss: 3.416, avg. samples / sec: 1434.17
Iteration:  15540, Loss function: 3.080, Average Loss: 3.414, avg. samples / sec: 1428.96
Iteration:  15560, Loss function: 3.386, Average Loss: 3.410, avg. samples / sec: 1425.55
Iteration:  15580, Loss function: 3.005, Average Loss: 3.406, avg. samples / sec: 1427.76
Iteration:  15600, Loss function: 3.218, Average Loss: 3.404, avg. samples / sec: 1427.79
Iteration:  15620, Loss function: 2.917, Average Loss: 3.400, avg. samples / sec: 1431.81
:::MLL 1586387184.491 epoch_stop: {"value": null, "metadata": {"epoch_num": 48, "file": "train.py", "lineno": 819}}
:::MLL 1586387184.492 epoch_start: {"value": null, "metadata": {"epoch_num": 49, "file": "train.py", "lineno": 673}}
Iteration:  15640, Loss function: 3.059, Average Loss: 3.398, avg. samples / sec: 1429.34
Iteration:  15660, Loss function: 2.965, Average Loss: 3.394, avg. samples / sec: 1430.17
Iteration:  15680, Loss function: 3.194, Average Loss: 3.392, avg. samples / sec: 1429.16
Iteration:  15700, Loss function: 3.121, Average Loss: 3.388, avg. samples / sec: 1429.41
Iteration:  15720, Loss function: 3.218, Average Loss: 3.385, avg. samples / sec: 1428.92
Iteration:  15740, Loss function: 3.288, Average Loss: 3.382, avg. samples / sec: 1428.95
Iteration:  15760, Loss function: 3.061, Average Loss: 3.379, avg. samples / sec: 1431.84
Iteration:  15780, Loss function: 3.193, Average Loss: 3.376, avg. samples / sec: 1433.14
Iteration:  15800, Loss function: 2.979, Average Loss: 3.373, avg. samples / sec: 1429.02
Iteration:  15820, Loss function: 2.981, Average Loss: 3.371, avg. samples / sec: 1426.91
Iteration:  15840, Loss function: 3.403, Average Loss: 3.368, avg. samples / sec: 1427.53
Iteration:  15860, Loss function: 3.573, Average Loss: 3.365, avg. samples / sec: 1424.89
Iteration:  15880, Loss function: 3.229, Average Loss: 3.363, avg. samples / sec: 1427.06
Iteration:  15900, Loss function: 3.292, Average Loss: 3.361, avg. samples / sec: 1427.63
Iteration:  15920, Loss function: 3.139, Average Loss: 3.358, avg. samples / sec: 1427.38
Iteration:  15940, Loss function: 3.534, Average Loss: 3.355, avg. samples / sec: 1425.15
Iteration:  15960, Loss function: 3.556, Average Loss: 3.353, avg. samples / sec: 1424.71
:::MLL 1586387266.669 epoch_stop: {"value": null, "metadata": {"epoch_num": 49, "file": "train.py", "lineno": 819}}
:::MLL 1586387266.669 epoch_start: {"value": null, "metadata": {"epoch_num": 50, "file": "train.py", "lineno": 673}}
Iteration:  15980, Loss function: 3.755, Average Loss: 3.352, avg. samples / sec: 1421.06
Iteration:  16000, Loss function: 3.182, Average Loss: 3.351, avg. samples / sec: 1426.62
:::MLL 1586387276.533 eval_start: {"value": null, "metadata": {"epoch_num": 50, "file": "train.py", "lineno": 276}}
Parsing batch: 0/11Parsing batch: 0/11Parsing batch: 0/11Parsing batch: 1/11Parsing batch: 1/11Parsing batch: 1/11Parsing batch: 2/11Parsing batch: 2/11Parsing batch: 2/11Parsing batch: 3/11Parsing batch: 3/11Parsing batch: 3/11Parsing batch: 4/11Parsing batch: 4/11Parsing batch: 4/11Parsing batch: 5/11Parsing batch: 5/11Parsing batch: 5/11Parsing batch: 6/11Parsing batch: 6/11Parsing batch: 6/11Parsing batch: 7/11Parsing batch: 7/11Parsing batch: 7/11Parsing batch: 8/11Parsing batch: 8/11Parsing batch: 8/11Parsing batch: 9/11Parsing batch: 9/11Parsing batch: 9/11Parsing batch: 10/11Parsing batch: 10/11Parsing batch: 10/11Predicting Ended, total time: 12.95 s
Loading and preparing results...
Loading and preparing results...
Loading and preparing results...
DONE (t=0.57s)
DONE (t=0.57s)
Running per image evaluation...
Evaluate annotation type *bbox*
DONE (t=0.62s)
DONE (t=2.40s).
Accumulating evaluation results...
DONE (t=0.00s).
 Average Precision  (AP) @[ IoU=0.50:0.95 | area=   all | maxDets=100 ] = 0.23530
 Average Precision  (AP) @[ IoU=0.50      | area=   all | maxDets=100 ] = 0.40097
 Average Precision  (AP) @[ IoU=0.75      | area=   all | maxDets=100 ] = 0.23908
 Average Precision  (AP) @[ IoU=0.50:0.95 | area= small | maxDets=100 ] = 0.06252
 Average Precision  (AP) @[ IoU=0.50:0.95 | area=medium | maxDets=100 ] = 0.24732
 Average Precision  (AP) @[ IoU=0.50:0.95 | area= large | maxDets=100 ] = 0.38202
 Average Recall     (AR) @[ IoU=0.50:0.95 | area=   all | maxDets=  1 ] = 0.22628
 Average Recall     (AR) @[ IoU=0.50:0.95 | area=   all | maxDets= 10 ] = 0.33169
 Average Recall     (AR) @[ IoU=0.50:0.95 | area=   all | maxDets=100 ] = 0.34799
 Average Recall     (AR) @[ IoU=0.50:0.95 | area= small | maxDets=100 ] = 0.10562
 Average Recall     (AR) @[ IoU=0.50:0.95 | area=medium | maxDets=100 ] = 0.37811
 Average Recall     (AR) @[ IoU=0.50:0.95 | area= large | maxDets=100 ] = 0.54397
Current AP: 0.23530 AP goal: 0.23000
:::MLL 1586387292.544 eval_accuracy: {"value": 0.23529796828687813, "metadata": {"epoch_num": 50, "file": "train.py", "lineno": 389}}
:::MLL 1586387293.802 eval_stop: {"value": null, "metadata": {"epoch_num": 50, "file": "train.py", "lineno": 392}}
:::MLL 1586387293.831 block_stop: {"value": null, "metadata": {"first_epoch_num": 44, "file": "train.py", "lineno": 804}}
:::MLL 1586387294.428 run_stop: {"value": null, "metadata": {"status": "success", "file": "train.py", "lineno": 849}}
Binding: ['/usr/bin/numactl', '--physcpubind=0-19', '/opt/conda/bin/python', '-u', 'train.py', '--local_rank=0', '--use-fp16', '--nhwc', '--pad-input', '--jit', '--delay-allreduce', '--opt-loss', '--epochs', '80', '--warmup-factor', '0', '--no-save', '--threshold=0.23', '--data', '/data/coco2017', '--evaluation', '120000', '160000', '180000', '200000', '220000', '240000', '260000', '280000', '--batch-size', '120', '--eval-batch-size', '160', '--warmup', '650', '--lr', '2.92e-3', '--wd', '1.6e-4', '--use-nvjpeg', '--use-roi-decode']
Binding: ['/usr/bin/numactl', '--physcpubind=20-39', '/opt/conda/bin/python', '-u', 'train.py', '--local_rank=1', '--use-fp16', '--nhwc', '--pad-input', '--jit', '--delay-allreduce', '--opt-loss', '--epochs', '80', '--warmup-factor', '0', '--no-save', '--threshold=0.23', '--data', '/data/coco2017', '--evaluation', '120000', '160000', '180000', '200000', '220000', '240000', '260000', '280000', '--batch-size', '120', '--eval-batch-size', '160', '--warmup', '650', '--lr', '2.92e-3', '--wd', '1.6e-4', '--use-nvjpeg', '--use-roi-decode']
Binding: ['/usr/bin/numactl', '--physcpubind=40-59', '/opt/conda/bin/python', '-u', 'train.py', '--local_rank=2', '--use-fp16', '--nhwc', '--pad-input', '--jit', '--delay-allreduce', '--opt-loss', '--epochs', '80', '--warmup-factor', '0', '--no-save', '--threshold=0.23', '--data', '/data/coco2017', '--evaluation', '120000', '160000', '180000', '200000', '220000', '240000', '260000', '280000', '--batch-size', '120', '--eval-batch-size', '160', '--warmup', '650', '--lr', '2.92e-3', '--wd', '1.6e-4', '--use-nvjpeg', '--use-roi-decode']
+ ret_code=0
+ set +x
ENDING TIMING RUN AT 2020-04-08 11:08:18 PM
RESULT,SINGLE_STAGE_DETECTOR,,4112,nvidia,2020-04-08 09:59:46 PM
