Beginning trial 1 of 5
Gathering sys log on node001
:::MLL 1586370949.135 submission_benchmark: {"value": "ssd", "metadata": {"file": "mlperf_log_utils.py", "lineno": 176}}
:::MLL 1586370949.136 submission_org: {"value": "NVIDIA", "metadata": {"file": "mlperf_log_utils.py", "lineno": 181}}
WARNING: Log validation: Key "submission_division" is not in known ssd keys.
:::MLL 1586370949.137 submission_division: {"value": "closed", "metadata": {"file": "mlperf_log_utils.py", "lineno": 185}}
:::MLL 1586370949.138 submission_status: {"value": "onprem", "metadata": {"file": "mlperf_log_utils.py", "lineno": 189}}
:::MLL 1586370949.138 submission_platform: {"value": "1xPowerEdge R7525", "metadata": {"file": "mlperf_log_utils.py", "lineno": 193}}
:::MLL 1586370949.139 submission_entry: {"value": "{'hardware': 'PowerEdge R7525', 'framework': 'PyTorch NVIDIA Release 19.05', 'power': 'N/A', 'notes': 'N/A', 'interconnect': ' ', 'os': '\\\\S / ', 'libraries': \"{'container_base': 'Ubuntu-16.04', 'openmpi_version': '3.1.3', 'mofed_version': '4.0-0', 'cuda_version': '10.1.163', 'cuda_driver_version': '418.67', 'nccl_version': '2.4.6', 'cudnn_version': '7.6.0.64', 'cublas_version': '10.2.0.163', 'trt_version': '5.1.5.0', 'dali_version': '0.9.1'}\", 'compilers': 'gcc (Ubuntu 5.4.0-6ubuntu1~16.04.11) 5.4.0 20160609', 'nodes': \"{'num_nodes': '1', 'cpu': '2x AMD EPYC 7502 32-Core Processor', 'num_cores': '64', 'num_vcpus': '64', 'accelerator': 'Tesla V100-PCIE-32GB', 'num_accelerators': '3', 'sys_mem_size': '251 GB', 'sys_storage_type': 'NVMe SSD', 'sys_storage_size': '1x 931.5G', 'cpu_accel_interconnect': 'QPI', 'network_card': '', 'num_network_cards': '0', 'notes': ''}\"}", "metadata": {"file": "mlperf_log_utils.py", "lineno": 197}}
:::MLL 1586370949.140 submission_poc_name: {"value": "Paulius Micikevicius", "metadata": {"file": "mlperf_log_utils.py", "lineno": 201}}
:::MLL 1586370949.141 submission_poc_email: {"value": "pauliusm@nvidia.com", "metadata": {"file": "mlperf_log_utils.py", "lineno": 205}}
Clearing caches
:::MLL 1586370949.920 cache_clear: {"value": true, "metadata": {"file": "<string>", "lineno": 1}}
Launching on node node001
+ pids+=($!)
+ set +x
++ eval echo
+++ echo
+ docker exec -e DGXSYSTEM=DGX1 -e 'MULTI_NODE= --master_port=4886' -e SLURM_JOB_ID=200408133318911802340 -e SLURM_NTASKS_PER_NODE= cont_200408133318911802340 ./run_and_time.sh
Run vars: id 200408133318911802340 gpus 3 mparams  --master_port=4886
STARTING TIMING RUN AT 2020-04-08 06:35:50 PM
running benchmark
+ NUMEPOCHS=80
+ echo 'running benchmark'
+ export DATASET_DIR=/data/coco2017
+ DATASET_DIR=/data/coco2017
+ export TORCH_MODEL_ZOO=/data/torchvision
+ TORCH_MODEL_ZOO=/data/torchvision
+ python -m bind_launch --nsockets_per_node 2 --ncores_per_socket 20 --nproc_per_node 3 --master_port=4886 --no_hyperthreads --no_membind train.py --use-fp16 --nhwc --pad-input --jit --delay-allreduce --opt-loss --epochs 80 --warmup-factor 0 --no-save --threshold=0.23 --data /data/coco2017 --evaluation 120000 160000 180000 200000 220000 240000 260000 280000 --batch-size 120 --eval-batch-size 160 --warmup 650 --lr 2.92e-3 --wd 1.6e-4 --use-nvjpeg --use-roi-decode
:::MLL 1586370952.525 init_start: {"value": null, "metadata": {"file": "train.py", "lineno": 833}}
:::MLL 1586370952.525 init_start: {"value": null, "metadata": {"file": "train.py", "lineno": 833}}
:::MLL 1586370952.525 init_start: {"value": null, "metadata": {"file": "train.py", "lineno": 833}}
BN group: 1
BN group: 1
BN group: 1
0 Using seed = 3913964373
2 Using seed = 3913964375
1 Using seed = 3913964374
:::MLL 1586370957.551 max_samples: {"value": 1, "metadata": {"file": "utils.py", "lineno": 465}}
/opt/conda/lib/python3.6/site-packages/torch/nn/_reduction.py:46: UserWarning: size_average and reduce args will be deprecated, please use reduction='none' instead.
  warnings.warn(warning.format(ret))
Delaying allreduces to the end of backward()
:::MLL 1586370958.408 model_bn_span: {"value": 120, "metadata": {"file": "train.py", "lineno": 480}}
:::MLL 1586370958.408 global_batch_size: {"value": 360, "metadata": {"file": "train.py", "lineno": 481}}
:::MLL 1586370958.416 opt_base_learning_rate: {"value": 0.0325, "metadata": {"file": "train.py", "lineno": 511}}
:::MLL 1586370958.416 opt_weight_decay: {"value": 0.00016, "metadata": {"file": "train.py", "lineno": 513}}
:::MLL 1586370958.417 opt_learning_rate_warmup_steps: {"value": 650, "metadata": {"file": "train.py", "lineno": 516}}
:::MLL 1586370958.417 opt_learning_rate_warmup_factor: {"value": 0, "metadata": {"file": "train.py", "lineno": 518}}
/opt/conda/lib/python3.6/site-packages/torch/nn/_reduction.py:46: UserWarning: size_average and reduce args will be deprecated, please use reduction='none' instead.
  warnings.warn(warning.format(ret))
/opt/conda/lib/python3.6/site-packages/torch/nn/_reduction.py:46: UserWarning: size_average and reduce args will be deprecated, please use reduction='none' instead.
  warnings.warn(warning.format(ret))
epoch nbatch loss
:::MLL 1586370963.072 init_stop: {"value": null, "metadata": {"file": "train.py", "lineno": 604}}
:::MLL 1586370963.072 run_start: {"value": null, "metadata": {"file": "train.py", "lineno": 610}}
loading annotations into memory...
loading annotations into memory...
loading annotations into memory...
Done (t=0.99s)
creating index...
Done (t=1.22s)
creating index...
Done (t=1.25s)
creating index...
time_check a: 1586370965.760355234
time_check b: 1586370970.162163973
:::MLL 1586370970.960 block_start: {"value": null, "metadata": {"first_epoch_num": 1, "epoch_count": 32.74606450292497, "file": "train.py", "lineno": 669}}
:::MLL 1586370970.962 epoch_start: {"value": null, "metadata": {"epoch_num": 1, "file": "train.py", "lineno": 673}}
Iteration:      0, Loss function: 22.884, Average Loss: 0.023, avg. samples / sec: 27.39
Iteration:     20, Loss function: 20.699, Average Loss: 0.452, avg. samples / sec: 1203.99
Iteration:     40, Loss function: 20.389, Average Loss: 0.852, avg. samples / sec: 1437.25
Iteration:     60, Loss function: 19.324, Average Loss: 1.232, avg. samples / sec: 1449.05
Iteration:     80, Loss function: 13.023, Average Loss: 1.514, avg. samples / sec: 1442.36
Iteration:    100, Loss function: 10.195, Average Loss: 1.710, avg. samples / sec: 1449.35
Iteration:    120, Loss function: 9.368, Average Loss: 1.868, avg. samples / sec: 1452.99
Iteration:    140, Loss function: 9.373, Average Loss: 2.018, avg. samples / sec: 1457.86
Iteration:    160, Loss function: 8.911, Average Loss: 2.157, avg. samples / sec: 1452.57
Iteration:    180, Loss function: 8.648, Average Loss: 2.288, avg. samples / sec: 1455.86
Iteration:    200, Loss function: 8.681, Average Loss: 2.415, avg. samples / sec: 1456.06
Iteration:    220, Loss function: 8.572, Average Loss: 2.537, avg. samples / sec: 1456.33
Iteration:    240, Loss function: 8.400, Average Loss: 2.652, avg. samples / sec: 1457.08
Iteration:    260, Loss function: 8.040, Average Loss: 2.763, avg. samples / sec: 1456.09
Iteration:    280, Loss function: 7.767, Average Loss: 2.869, avg. samples / sec: 1453.47
Iteration:    300, Loss function: 8.265, Average Loss: 2.971, avg. samples / sec: 1453.83
Iteration:    320, Loss function: 7.804, Average Loss: 3.070, avg. samples / sec: 1444.74
:::MLL 1586371053.817 epoch_stop: {"value": null, "metadata": {"epoch_num": 1, "file": "train.py", "lineno": 819}}
:::MLL 1586371053.817 epoch_start: {"value": null, "metadata": {"epoch_num": 2, "file": "train.py", "lineno": 673}}
Iteration:    340, Loss function: 7.476, Average Loss: 3.159, avg. samples / sec: 1443.86
Iteration:    360, Loss function: 7.362, Average Loss: 3.247, avg. samples / sec: 1446.04
Iteration:    380, Loss function: 7.486, Average Loss: 3.331, avg. samples / sec: 1450.85
Iteration:    400, Loss function: 7.417, Average Loss: 3.410, avg. samples / sec: 1449.37
Iteration:    420, Loss function: 7.243, Average Loss: 3.490, avg. samples / sec: 1447.95
Iteration:    440, Loss function: 7.152, Average Loss: 3.563, avg. samples / sec: 1446.64
Iteration:    460, Loss function: 7.242, Average Loss: 3.633, avg. samples / sec: 1450.20
Iteration:    480, Loss function: 7.060, Average Loss: 3.710, avg. samples / sec: 1446.80
Iteration:    500, Loss function: 6.837, Average Loss: 3.775, avg. samples / sec: 1448.63
Iteration:    520, Loss function: 6.832, Average Loss: 3.837, avg. samples / sec: 1443.15
Iteration:    540, Loss function: 6.690, Average Loss: 3.897, avg. samples / sec: 1441.51
Iteration:    560, Loss function: 6.676, Average Loss: 3.953, avg. samples / sec: 1449.34
Iteration:    580, Loss function: 6.635, Average Loss: 4.009, avg. samples / sec: 1444.68
Iteration:    600, Loss function: 6.879, Average Loss: 4.063, avg. samples / sec: 1439.28
Iteration:    620, Loss function: 6.819, Average Loss: 4.111, avg. samples / sec: 1438.59
Iteration:    640, Loss function: 6.251, Average Loss: 4.161, avg. samples / sec: 1437.72
:::MLL 1586371135.024 epoch_stop: {"value": null, "metadata": {"epoch_num": 2, "file": "train.py", "lineno": 819}}
:::MLL 1586371135.024 epoch_start: {"value": null, "metadata": {"epoch_num": 3, "file": "train.py", "lineno": 673}}
Iteration:    660, Loss function: 6.645, Average Loss: 4.207, avg. samples / sec: 1438.75
Iteration:    680, Loss function: 6.333, Average Loss: 4.250, avg. samples / sec: 1434.75
Iteration:    700, Loss function: 6.495, Average Loss: 4.292, avg. samples / sec: 1444.05
Iteration:    720, Loss function: 6.219, Average Loss: 4.330, avg. samples / sec: 1444.62
Iteration:    740, Loss function: 6.217, Average Loss: 4.368, avg. samples / sec: 1446.67
Iteration:    760, Loss function: 6.210, Average Loss: 4.402, avg. samples / sec: 1442.38
Iteration:    780, Loss function: 5.996, Average Loss: 4.436, avg. samples / sec: 1443.47
Iteration:    800, Loss function: 6.143, Average Loss: 4.468, avg. samples / sec: 1441.63
Iteration:    820, Loss function: 6.023, Average Loss: 4.498, avg. samples / sec: 1446.74
Iteration:    840, Loss function: 5.794, Average Loss: 4.527, avg. samples / sec: 1441.56
Iteration:    860, Loss function: 6.144, Average Loss: 4.556, avg. samples / sec: 1441.81
Iteration:    880, Loss function: 5.661, Average Loss: 4.583, avg. samples / sec: 1446.78
Iteration:    900, Loss function: 5.606, Average Loss: 4.606, avg. samples / sec: 1440.58
Iteration:    920, Loss function: 5.721, Average Loss: 4.629, avg. samples / sec: 1441.52
Iteration:    940, Loss function: 5.864, Average Loss: 4.650, avg. samples / sec: 1437.67
Iteration:    960, Loss function: 5.575, Average Loss: 4.672, avg. samples / sec: 1445.51
:::MLL 1586371216.385 epoch_stop: {"value": null, "metadata": {"epoch_num": 3, "file": "train.py", "lineno": 819}}
:::MLL 1586371216.386 epoch_start: {"value": null, "metadata": {"epoch_num": 4, "file": "train.py", "lineno": 673}}
Iteration:    980, Loss function: 5.488, Average Loss: 4.691, avg. samples / sec: 1443.17
Iteration:   1000, Loss function: 5.776, Average Loss: 4.709, avg. samples / sec: 1444.41
Iteration:   1020, Loss function: 5.556, Average Loss: 4.725, avg. samples / sec: 1442.69
Iteration:   1040, Loss function: 5.589, Average Loss: 4.742, avg. samples / sec: 1444.66
Iteration:   1060, Loss function: 5.243, Average Loss: 4.756, avg. samples / sec: 1444.51
Iteration:   1080, Loss function: 5.725, Average Loss: 4.772, avg. samples / sec: 1440.57
Iteration:   1100, Loss function: 5.513, Average Loss: 4.785, avg. samples / sec: 1445.02
Iteration:   1120, Loss function: 5.632, Average Loss: 4.799, avg. samples / sec: 1441.29
Iteration:   1140, Loss function: 5.755, Average Loss: 4.813, avg. samples / sec: 1436.00
Iteration:   1160, Loss function: 5.371, Average Loss: 4.825, avg. samples / sec: 1447.18
Iteration:   1180, Loss function: 5.441, Average Loss: 4.836, avg. samples / sec: 1444.61
Iteration:   1200, Loss function: 5.522, Average Loss: 4.848, avg. samples / sec: 1446.24
Iteration:   1220, Loss function: 5.423, Average Loss: 4.858, avg. samples / sec: 1442.50
Iteration:   1240, Loss function: 5.392, Average Loss: 4.868, avg. samples / sec: 1441.23
Iteration:   1260, Loss function: 5.321, Average Loss: 4.877, avg. samples / sec: 1437.97
Iteration:   1280, Loss function: 5.401, Average Loss: 4.886, avg. samples / sec: 1441.41
Iteration:   1300, Loss function: 5.175, Average Loss: 4.893, avg. samples / sec: 1446.50
:::MLL 1586371297.490 epoch_stop: {"value": null, "metadata": {"epoch_num": 4, "file": "train.py", "lineno": 819}}
:::MLL 1586371297.490 epoch_start: {"value": null, "metadata": {"epoch_num": 5, "file": "train.py", "lineno": 673}}
Iteration:   1320, Loss function: 5.099, Average Loss: 4.900, avg. samples / sec: 1428.60
Iteration:   1340, Loss function: 4.987, Average Loss: 4.906, avg. samples / sec: 1441.62
Iteration:   1360, Loss function: 5.345, Average Loss: 4.913, avg. samples / sec: 1444.30
Iteration:   1380, Loss function: 5.223, Average Loss: 4.919, avg. samples / sec: 1445.36
Iteration:   1400, Loss function: 5.224, Average Loss: 4.924, avg. samples / sec: 1444.40
Iteration:   1420, Loss function: 5.404, Average Loss: 4.930, avg. samples / sec: 1446.23
Iteration:   1440, Loss function: 5.165, Average Loss: 4.933, avg. samples / sec: 1441.97
Iteration:   1460, Loss function: 5.629, Average Loss: 4.939, avg. samples / sec: 1442.18
Iteration:   1480, Loss function: 5.105, Average Loss: 4.943, avg. samples / sec: 1442.13
Iteration:   1500, Loss function: 5.219, Average Loss: 4.946, avg. samples / sec: 1441.64
Iteration:   1520, Loss function: 5.020, Average Loss: 4.949, avg. samples / sec: 1442.59
Iteration:   1540, Loss function: 5.517, Average Loss: 4.952, avg. samples / sec: 1442.17
Iteration:   1560, Loss function: 4.902, Average Loss: 4.952, avg. samples / sec: 1445.37
Iteration:   1580, Loss function: 5.049, Average Loss: 4.953, avg. samples / sec: 1444.97
Iteration:   1600, Loss function: 5.409, Average Loss: 4.958, avg. samples / sec: 1440.88
Iteration:   1620, Loss function: 4.790, Average Loss: 4.960, avg. samples / sec: 1443.36
:::MLL 1586371378.854 epoch_stop: {"value": null, "metadata": {"epoch_num": 5, "file": "train.py", "lineno": 819}}
:::MLL 1586371378.855 epoch_start: {"value": null, "metadata": {"epoch_num": 6, "file": "train.py", "lineno": 673}}
Iteration:   1640, Loss function: 5.242, Average Loss: 4.962, avg. samples / sec: 1440.40
Iteration:   1660, Loss function: 5.188, Average Loss: 4.962, avg. samples / sec: 1447.45
Iteration:   1680, Loss function: 4.890, Average Loss: 4.962, avg. samples / sec: 1445.86
Iteration:   1700, Loss function: 4.988, Average Loss: 4.962, avg. samples / sec: 1443.07
Iteration:   1720, Loss function: 5.054, Average Loss: 4.962, avg. samples / sec: 1442.11
Iteration:   1740, Loss function: 5.124, Average Loss: 4.961, avg. samples / sec: 1442.42
Iteration:   1760, Loss function: 4.849, Average Loss: 4.961, avg. samples / sec: 1445.53
Iteration:   1780, Loss function: 4.848, Average Loss: 4.960, avg. samples / sec: 1440.59
Iteration:   1800, Loss function: 4.988, Average Loss: 4.961, avg. samples / sec: 1435.88
Iteration:   1820, Loss function: 4.951, Average Loss: 4.961, avg. samples / sec: 1441.33
Iteration:   1840, Loss function: 4.563, Average Loss: 4.960, avg. samples / sec: 1445.50
Iteration:   1860, Loss function: 4.592, Average Loss: 4.959, avg. samples / sec: 1440.52
Iteration:   1880, Loss function: 4.749, Average Loss: 4.958, avg. samples / sec: 1440.80
Iteration:   1900, Loss function: 4.824, Average Loss: 4.957, avg. samples / sec: 1437.29
Iteration:   1920, Loss function: 4.822, Average Loss: 4.955, avg. samples / sec: 1442.36
Iteration:   1940, Loss function: 4.856, Average Loss: 4.954, avg. samples / sec: 1440.40
:::MLL 1586371460.235 epoch_stop: {"value": null, "metadata": {"epoch_num": 6, "file": "train.py", "lineno": 819}}
:::MLL 1586371460.235 epoch_start: {"value": null, "metadata": {"epoch_num": 7, "file": "train.py", "lineno": 673}}
Iteration:   1960, Loss function: 4.741, Average Loss: 4.952, avg. samples / sec: 1442.81
Iteration:   1980, Loss function: 4.502, Average Loss: 4.948, avg. samples / sec: 1436.51
Iteration:   2000, Loss function: 4.568, Average Loss: 4.945, avg. samples / sec: 1446.89
Iteration:   2020, Loss function: 4.508, Average Loss: 4.941, avg. samples / sec: 1443.52
Iteration:   2040, Loss function: 4.984, Average Loss: 4.939, avg. samples / sec: 1444.94
Iteration:   2060, Loss function: 4.758, Average Loss: 4.937, avg. samples / sec: 1443.86
Iteration:   2080, Loss function: 4.704, Average Loss: 4.934, avg. samples / sec: 1440.94
Iteration:   2100, Loss function: 4.852, Average Loss: 4.932, avg. samples / sec: 1440.90
Iteration:   2120, Loss function: 4.606, Average Loss: 4.927, avg. samples / sec: 1443.67
Iteration:   2140, Loss function: 5.072, Average Loss: 4.925, avg. samples / sec: 1446.29
Iteration:   2160, Loss function: 4.595, Average Loss: 4.922, avg. samples / sec: 1443.93
Iteration:   2180, Loss function: 4.870, Average Loss: 4.920, avg. samples / sec: 1444.86
Iteration:   2200, Loss function: 4.749, Average Loss: 4.918, avg. samples / sec: 1439.01
Iteration:   2220, Loss function: 4.550, Average Loss: 4.913, avg. samples / sec: 1442.95
Iteration:   2240, Loss function: 4.638, Average Loss: 4.910, avg. samples / sec: 1442.81
Iteration:   2260, Loss function: 4.897, Average Loss: 4.907, avg. samples / sec: 1446.19
Iteration:   2280, Loss function: 5.004, Average Loss: 4.904, avg. samples / sec: 1442.71
:::MLL 1586371541.563 epoch_stop: {"value": null, "metadata": {"epoch_num": 7, "file": "train.py", "lineno": 819}}
:::MLL 1586371541.563 epoch_start: {"value": null, "metadata": {"epoch_num": 8, "file": "train.py", "lineno": 673}}
Iteration:   2300, Loss function: 4.784, Average Loss: 4.899, avg. samples / sec: 1437.57
Iteration:   2320, Loss function: 4.752, Average Loss: 4.895, avg. samples / sec: 1440.68
Iteration:   2340, Loss function: 4.665, Average Loss: 4.892, avg. samples / sec: 1441.41
Iteration:   2360, Loss function: 4.734, Average Loss: 4.889, avg. samples / sec: 1444.50
Iteration:   2380, Loss function: 4.772, Average Loss: 4.887, avg. samples / sec: 1436.29
Iteration:   2400, Loss function: 4.673, Average Loss: 4.882, avg. samples / sec: 1442.27
Iteration:   2420, Loss function: 4.742, Average Loss: 4.878, avg. samples / sec: 1442.01
Iteration:   2440, Loss function: 4.448, Average Loss: 4.872, avg. samples / sec: 1442.72
Iteration:   2460, Loss function: 4.541, Average Loss: 4.867, avg. samples / sec: 1444.73
Iteration:   2480, Loss function: 4.724, Average Loss: 4.863, avg. samples / sec: 1441.83
Iteration:   2500, Loss function: 4.706, Average Loss: 4.860, avg. samples / sec: 1438.57
Iteration:   2520, Loss function: 4.604, Average Loss: 4.855, avg. samples / sec: 1437.09
Iteration:   2540, Loss function: 4.396, Average Loss: 4.851, avg. samples / sec: 1439.91
Iteration:   2560, Loss function: 4.562, Average Loss: 4.846, avg. samples / sec: 1444.91
Iteration:   2580, Loss function: 4.849, Average Loss: 4.842, avg. samples / sec: 1441.22
Iteration:   2600, Loss function: 4.788, Average Loss: 4.838, avg. samples / sec: 1437.33
:::MLL 1586371622.770 epoch_stop: {"value": null, "metadata": {"epoch_num": 8, "file": "train.py", "lineno": 819}}
:::MLL 1586371622.770 epoch_start: {"value": null, "metadata": {"epoch_num": 9, "file": "train.py", "lineno": 673}}
Iteration:   2620, Loss function: 4.446, Average Loss: 4.832, avg. samples / sec: 1440.38
Iteration:   2640, Loss function: 4.513, Average Loss: 4.828, avg. samples / sec: 1440.65
Iteration:   2660, Loss function: 4.579, Average Loss: 4.823, avg. samples / sec: 1444.05
Iteration:   2680, Loss function: 4.705, Average Loss: 4.818, avg. samples / sec: 1443.67
Iteration:   2700, Loss function: 4.367, Average Loss: 4.813, avg. samples / sec: 1443.95
Iteration:   2720, Loss function: 4.659, Average Loss: 4.809, avg. samples / sec: 1442.81
Iteration:   2740, Loss function: 4.479, Average Loss: 4.805, avg. samples / sec: 1438.96
Iteration:   2760, Loss function: 4.517, Average Loss: 4.802, avg. samples / sec: 1444.56
Iteration:   2780, Loss function: 4.766, Average Loss: 4.798, avg. samples / sec: 1444.05
Iteration:   2800, Loss function: 4.612, Average Loss: 4.795, avg. samples / sec: 1440.61
Iteration:   2820, Loss function: 4.620, Average Loss: 4.788, avg. samples / sec: 1442.63
Iteration:   2840, Loss function: 4.845, Average Loss: 4.784, avg. samples / sec: 1442.76
Iteration:   2860, Loss function: 4.828, Average Loss: 4.779, avg. samples / sec: 1440.26
Iteration:   2880, Loss function: 4.652, Average Loss: 4.776, avg. samples / sec: 1439.93
Iteration:   2900, Loss function: 4.496, Average Loss: 4.772, avg. samples / sec: 1436.36
Iteration:   2920, Loss function: 4.691, Average Loss: 4.767, avg. samples / sec: 1445.64
:::MLL 1586371704.150 epoch_stop: {"value": null, "metadata": {"epoch_num": 9, "file": "train.py", "lineno": 819}}
:::MLL 1586371704.150 epoch_start: {"value": null, "metadata": {"epoch_num": 10, "file": "train.py", "lineno": 673}}
Iteration:   2940, Loss function: 4.244, Average Loss: 4.763, avg. samples / sec: 1445.72
Iteration:   2960, Loss function: 4.492, Average Loss: 4.758, avg. samples / sec: 1443.84
Iteration:   2980, Loss function: 4.653, Average Loss: 4.752, avg. samples / sec: 1432.65
Iteration:   3000, Loss function: 4.319, Average Loss: 4.746, avg. samples / sec: 1440.35
Iteration:   3020, Loss function: 4.857, Average Loss: 4.741, avg. samples / sec: 1446.12
Iteration:   3040, Loss function: 4.595, Average Loss: 4.736, avg. samples / sec: 1441.91
Iteration:   3060, Loss function: 4.385, Average Loss: 4.731, avg. samples / sec: 1440.89
Iteration:   3080, Loss function: 4.588, Average Loss: 4.726, avg. samples / sec: 1442.52
Iteration:   3100, Loss function: 4.315, Average Loss: 4.723, avg. samples / sec: 1441.72
Iteration:   3120, Loss function: 4.326, Average Loss: 4.720, avg. samples / sec: 1438.38
Iteration:   3140, Loss function: 4.436, Average Loss: 4.714, avg. samples / sec: 1444.30
Iteration:   3160, Loss function: 4.488, Average Loss: 4.709, avg. samples / sec: 1441.82
Iteration:   3180, Loss function: 4.600, Average Loss: 4.705, avg. samples / sec: 1430.73
Iteration:   3200, Loss function: 4.545, Average Loss: 4.700, avg. samples / sec: 1442.63
Iteration:   3220, Loss function: 4.668, Average Loss: 4.696, avg. samples / sec: 1444.37
Iteration:   3240, Loss function: 4.567, Average Loss: 4.692, avg. samples / sec: 1445.75
:::MLL 1586371785.571 epoch_stop: {"value": null, "metadata": {"epoch_num": 10, "file": "train.py", "lineno": 819}}
:::MLL 1586371785.572 epoch_start: {"value": null, "metadata": {"epoch_num": 11, "file": "train.py", "lineno": 673}}
Iteration:   3260, Loss function: 4.486, Average Loss: 4.687, avg. samples / sec: 1441.16
Iteration:   3280, Loss function: 4.485, Average Loss: 4.682, avg. samples / sec: 1440.90
Iteration:   3300, Loss function: 4.497, Average Loss: 4.677, avg. samples / sec: 1444.47
Iteration:   3320, Loss function: 4.478, Average Loss: 4.671, avg. samples / sec: 1429.39
Iteration:   3340, Loss function: 4.434, Average Loss: 4.666, avg. samples / sec: 1443.15
Iteration:   3360, Loss function: 4.185, Average Loss: 4.662, avg. samples / sec: 1437.37
Iteration:   3380, Loss function: 4.635, Average Loss: 4.657, avg. samples / sec: 1444.32
Iteration:   3400, Loss function: 4.370, Average Loss: 4.651, avg. samples / sec: 1436.85
Iteration:   3420, Loss function: 4.586, Average Loss: 4.646, avg. samples / sec: 1437.76
Iteration:   3440, Loss function: 4.259, Average Loss: 4.642, avg. samples / sec: 1440.98
Iteration:   3460, Loss function: 4.491, Average Loss: 4.638, avg. samples / sec: 1441.50
Iteration:   3480, Loss function: 4.233, Average Loss: 4.632, avg. samples / sec: 1446.09
Iteration:   3500, Loss function: 4.456, Average Loss: 4.627, avg. samples / sec: 1441.63
Iteration:   3520, Loss function: 4.706, Average Loss: 4.623, avg. samples / sec: 1440.96
Iteration:   3540, Loss function: 4.424, Average Loss: 4.619, avg. samples / sec: 1441.71
Iteration:   3560, Loss function: 4.404, Average Loss: 4.614, avg. samples / sec: 1444.24
Iteration:   3580, Loss function: 4.750, Average Loss: 4.611, avg. samples / sec: 1435.65
:::MLL 1586371867.048 epoch_stop: {"value": null, "metadata": {"epoch_num": 11, "file": "train.py", "lineno": 819}}
:::MLL 1586371867.048 epoch_start: {"value": null, "metadata": {"epoch_num": 12, "file": "train.py", "lineno": 673}}
Iteration:   3600, Loss function: 4.639, Average Loss: 4.605, avg. samples / sec: 1444.27
Iteration:   3620, Loss function: 4.417, Average Loss: 4.601, avg. samples / sec: 1440.58
Iteration:   3640, Loss function: 4.283, Average Loss: 4.596, avg. samples / sec: 1441.43
Iteration:   3660, Loss function: 4.548, Average Loss: 4.591, avg. samples / sec: 1443.46
Iteration:   3680, Loss function: 4.183, Average Loss: 4.587, avg. samples / sec: 1432.22
Iteration:   3700, Loss function: 4.353, Average Loss: 4.583, avg. samples / sec: 1443.66
Iteration:   3720, Loss function: 4.285, Average Loss: 4.578, avg. samples / sec: 1438.34
Iteration:   3740, Loss function: 4.511, Average Loss: 4.573, avg. samples / sec: 1440.61
Iteration:   3760, Loss function: 4.240, Average Loss: 4.570, avg. samples / sec: 1434.20
Iteration:   3780, Loss function: 4.481, Average Loss: 4.564, avg. samples / sec: 1441.55
Iteration:   3800, Loss function: 4.226, Average Loss: 4.559, avg. samples / sec: 1439.29
Iteration:   3820, Loss function: 4.274, Average Loss: 4.554, avg. samples / sec: 1442.54
Iteration:   3840, Loss function: 4.105, Average Loss: 4.549, avg. samples / sec: 1439.17
Iteration:   3860, Loss function: 4.328, Average Loss: 4.545, avg. samples / sec: 1442.32
Iteration:   3880, Loss function: 3.911, Average Loss: 4.541, avg. samples / sec: 1439.30
Iteration:   3900, Loss function: 4.428, Average Loss: 4.538, avg. samples / sec: 1445.09
:::MLL 1586371948.287 epoch_stop: {"value": null, "metadata": {"epoch_num": 12, "file": "train.py", "lineno": 819}}
:::MLL 1586371948.288 epoch_start: {"value": null, "metadata": {"epoch_num": 13, "file": "train.py", "lineno": 673}}
Iteration:   3920, Loss function: 4.373, Average Loss: 4.534, avg. samples / sec: 1439.07
Iteration:   3940, Loss function: 4.005, Average Loss: 4.530, avg. samples / sec: 1439.88
Iteration:   3960, Loss function: 4.403, Average Loss: 4.525, avg. samples / sec: 1443.33
Iteration:   3980, Loss function: 4.283, Average Loss: 4.520, avg. samples / sec: 1440.91
Iteration:   4000, Loss function: 4.281, Average Loss: 4.515, avg. samples / sec: 1442.28
Iteration:   4020, Loss function: 4.377, Average Loss: 4.512, avg. samples / sec: 1438.18
Iteration:   4040, Loss function: 4.029, Average Loss: 4.507, avg. samples / sec: 1441.47
Iteration:   4060, Loss function: 4.517, Average Loss: 4.505, avg. samples / sec: 1446.31
Iteration:   4080, Loss function: 4.206, Average Loss: 4.501, avg. samples / sec: 1443.18
Iteration:   4100, Loss function: 4.317, Average Loss: 4.496, avg. samples / sec: 1441.72
Iteration:   4120, Loss function: 4.323, Average Loss: 4.493, avg. samples / sec: 1437.49
Iteration:   4140, Loss function: 4.265, Average Loss: 4.490, avg. samples / sec: 1443.14
Iteration:   4160, Loss function: 4.397, Average Loss: 4.486, avg. samples / sec: 1440.43
Iteration:   4180, Loss function: 4.185, Average Loss: 4.483, avg. samples / sec: 1434.70
Iteration:   4200, Loss function: 4.371, Average Loss: 4.478, avg. samples / sec: 1438.18
Iteration:   4220, Loss function: 4.057, Average Loss: 4.475, avg. samples / sec: 1440.65
:::MLL 1586372029.739 epoch_stop: {"value": null, "metadata": {"epoch_num": 13, "file": "train.py", "lineno": 819}}
:::MLL 1586372029.739 epoch_start: {"value": null, "metadata": {"epoch_num": 14, "file": "train.py", "lineno": 673}}
Iteration:   4240, Loss function: 4.242, Average Loss: 4.471, avg. samples / sec: 1439.62
Iteration:   4260, Loss function: 4.344, Average Loss: 4.467, avg. samples / sec: 1443.00
Iteration:   4280, Loss function: 4.195, Average Loss: 4.462, avg. samples / sec: 1438.26
Iteration:   4300, Loss function: 4.501, Average Loss: 4.459, avg. samples / sec: 1438.89
Iteration:   4320, Loss function: 4.492, Average Loss: 4.455, avg. samples / sec: 1438.86
Iteration:   4340, Loss function: 4.190, Average Loss: 4.451, avg. samples / sec: 1437.97
Iteration:   4360, Loss function: 3.998, Average Loss: 4.447, avg. samples / sec: 1434.86
Iteration:   4380, Loss function: 4.118, Average Loss: 4.443, avg. samples / sec: 1441.15
Iteration:   4400, Loss function: 4.413, Average Loss: 4.441, avg. samples / sec: 1438.96
Iteration:   4420, Loss function: 3.970, Average Loss: 4.437, avg. samples / sec: 1443.88
Iteration:   4440, Loss function: 4.468, Average Loss: 4.434, avg. samples / sec: 1440.40
Iteration:   4460, Loss function: 4.318, Average Loss: 4.432, avg. samples / sec: 1440.33
Iteration:   4480, Loss function: 4.448, Average Loss: 4.429, avg. samples / sec: 1444.04
Iteration:   4500, Loss function: 4.163, Average Loss: 4.425, avg. samples / sec: 1443.51
Iteration:   4520, Loss function: 4.215, Average Loss: 4.421, avg. samples / sec: 1444.02
Iteration:   4540, Loss function: 4.665, Average Loss: 4.417, avg. samples / sec: 1441.70
Iteration:   4560, Loss function: 4.537, Average Loss: 4.415, avg. samples / sec: 1439.38
:::MLL 1586372111.217 epoch_stop: {"value": null, "metadata": {"epoch_num": 14, "file": "train.py", "lineno": 819}}
:::MLL 1586372111.218 epoch_start: {"value": null, "metadata": {"epoch_num": 15, "file": "train.py", "lineno": 673}}
Iteration:   4580, Loss function: 4.084, Average Loss: 4.410, avg. samples / sec: 1437.19
Iteration:   4600, Loss function: 4.199, Average Loss: 4.405, avg. samples / sec: 1442.19
Iteration:   4620, Loss function: 4.051, Average Loss: 4.402, avg. samples / sec: 1445.98
Iteration:   4640, Loss function: 4.007, Average Loss: 4.398, avg. samples / sec: 1439.16
Iteration:   4660, Loss function: 4.208, Average Loss: 4.395, avg. samples / sec: 1445.14
Iteration:   4680, Loss function: 4.068, Average Loss: 4.392, avg. samples / sec: 1443.60
Iteration:   4700, Loss function: 4.174, Average Loss: 4.388, avg. samples / sec: 1441.55
Iteration:   4720, Loss function: 4.056, Average Loss: 4.384, avg. samples / sec: 1447.14
Iteration:   4740, Loss function: 4.232, Average Loss: 4.381, avg. samples / sec: 1439.58
Iteration:   4760, Loss function: 4.198, Average Loss: 4.377, avg. samples / sec: 1444.50
Iteration:   4780, Loss function: 3.976, Average Loss: 4.374, avg. samples / sec: 1445.58
Iteration:   4800, Loss function: 4.038, Average Loss: 4.370, avg. samples / sec: 1438.69
Iteration:   4820, Loss function: 4.347, Average Loss: 4.368, avg. samples / sec: 1442.82
Iteration:   4840, Loss function: 4.269, Average Loss: 4.366, avg. samples / sec: 1444.80
Iteration:   4860, Loss function: 4.195, Average Loss: 4.362, avg. samples / sec: 1437.48
Iteration:   4880, Loss function: 4.170, Average Loss: 4.358, avg. samples / sec: 1441.57
:::MLL 1586372192.584 epoch_stop: {"value": null, "metadata": {"epoch_num": 15, "file": "train.py", "lineno": 819}}
:::MLL 1586372192.585 epoch_start: {"value": null, "metadata": {"epoch_num": 16, "file": "train.py", "lineno": 673}}
Iteration:   4900, Loss function: 4.007, Average Loss: 4.356, avg. samples / sec: 1437.19
Iteration:   4920, Loss function: 4.109, Average Loss: 4.352, avg. samples / sec: 1443.14
Iteration:   4940, Loss function: 4.201, Average Loss: 4.350, avg. samples / sec: 1435.35
Iteration:   4960, Loss function: 4.058, Average Loss: 4.346, avg. samples / sec: 1441.41
Iteration:   4980, Loss function: 4.107, Average Loss: 4.342, avg. samples / sec: 1444.59
Iteration:   5000, Loss function: 4.225, Average Loss: 4.338, avg. samples / sec: 1440.85
Iteration:   5020, Loss function: 4.060, Average Loss: 4.334, avg. samples / sec: 1439.88
Iteration:   5040, Loss function: 4.234, Average Loss: 4.331, avg. samples / sec: 1443.07
Iteration:   5060, Loss function: 4.633, Average Loss: 4.329, avg. samples / sec: 1444.79
Iteration:   5080, Loss function: 4.094, Average Loss: 4.325, avg. samples / sec: 1443.63
Iteration:   5100, Loss function: 4.141, Average Loss: 4.322, avg. samples / sec: 1442.53
Iteration:   5120, Loss function: 4.197, Average Loss: 4.319, avg. samples / sec: 1439.45
Iteration:   5140, Loss function: 4.245, Average Loss: 4.315, avg. samples / sec: 1441.74
Iteration:   5160, Loss function: 3.980, Average Loss: 4.311, avg. samples / sec: 1440.70
Iteration:   5180, Loss function: 3.983, Average Loss: 4.308, avg. samples / sec: 1444.07
Iteration:   5200, Loss function: 4.210, Average Loss: 4.306, avg. samples / sec: 1441.88
:::MLL 1586372273.753 epoch_stop: {"value": null, "metadata": {"epoch_num": 16, "file": "train.py", "lineno": 819}}
:::MLL 1586372273.754 epoch_start: {"value": null, "metadata": {"epoch_num": 17, "file": "train.py", "lineno": 673}}
Iteration:   5220, Loss function: 4.162, Average Loss: 4.304, avg. samples / sec: 1435.35
Iteration:   5240, Loss function: 3.892, Average Loss: 4.301, avg. samples / sec: 1444.15
Iteration:   5260, Loss function: 4.053, Average Loss: 4.298, avg. samples / sec: 1440.47
Iteration:   5280, Loss function: 4.428, Average Loss: 4.296, avg. samples / sec: 1447.40
Iteration:   5300, Loss function: 4.294, Average Loss: 4.293, avg. samples / sec: 1434.59
Iteration:   5320, Loss function: 3.958, Average Loss: 4.289, avg. samples / sec: 1442.75
Iteration:   5340, Loss function: 4.399, Average Loss: 4.287, avg. samples / sec: 1436.41
Iteration:   5360, Loss function: 4.328, Average Loss: 4.284, avg. samples / sec: 1444.90
Iteration:   5380, Loss function: 4.142, Average Loss: 4.281, avg. samples / sec: 1441.60
Iteration:   5400, Loss function: 4.102, Average Loss: 4.280, avg. samples / sec: 1443.96
Iteration:   5420, Loss function: 4.095, Average Loss: 4.277, avg. samples / sec: 1443.05
Iteration:   5440, Loss function: 3.928, Average Loss: 4.273, avg. samples / sec: 1439.15
Iteration:   5460, Loss function: 4.084, Average Loss: 4.271, avg. samples / sec: 1440.21
Iteration:   5480, Loss function: 4.115, Average Loss: 4.269, avg. samples / sec: 1441.77
Iteration:   5500, Loss function: 4.145, Average Loss: 4.266, avg. samples / sec: 1444.90
Iteration:   5520, Loss function: 3.991, Average Loss: 4.263, avg. samples / sec: 1448.46
:::MLL 1586372355.146 epoch_stop: {"value": null, "metadata": {"epoch_num": 17, "file": "train.py", "lineno": 819}}
:::MLL 1586372355.146 epoch_start: {"value": null, "metadata": {"epoch_num": 18, "file": "train.py", "lineno": 673}}
Iteration:   5540, Loss function: 3.891, Average Loss: 4.261, avg. samples / sec: 1439.02
Iteration:   5560, Loss function: 4.068, Average Loss: 4.259, avg. samples / sec: 1443.55
Iteration:   5580, Loss function: 3.972, Average Loss: 4.255, avg. samples / sec: 1442.66
Iteration:   5600, Loss function: 3.922, Average Loss: 4.253, avg. samples / sec: 1436.08
Iteration:   5620, Loss function: 4.219, Average Loss: 4.251, avg. samples / sec: 1444.86
Iteration:   5640, Loss function: 4.479, Average Loss: 4.248, avg. samples / sec: 1440.18
Iteration:   5660, Loss function: 4.146, Average Loss: 4.245, avg. samples / sec: 1439.41
Iteration:   5680, Loss function: 4.043, Average Loss: 4.243, avg. samples / sec: 1444.14
Iteration:   5700, Loss function: 4.242, Average Loss: 4.241, avg. samples / sec: 1441.32
Iteration:   5720, Loss function: 4.050, Average Loss: 4.239, avg. samples / sec: 1440.62
Iteration:   5740, Loss function: 3.857, Average Loss: 4.236, avg. samples / sec: 1441.32
Iteration:   5760, Loss function: 4.032, Average Loss: 4.234, avg. samples / sec: 1442.14
Iteration:   5780, Loss function: 4.209, Average Loss: 4.233, avg. samples / sec: 1441.54
Iteration:   5800, Loss function: 4.058, Average Loss: 4.231, avg. samples / sec: 1435.53
Iteration:   5820, Loss function: 4.300, Average Loss: 4.229, avg. samples / sec: 1445.36
Iteration:   5840, Loss function: 3.825, Average Loss: 4.227, avg. samples / sec: 1435.85
Iteration:   5860, Loss function: 4.338, Average Loss: 4.226, avg. samples / sec: 1446.44
:::MLL 1586372436.584 epoch_stop: {"value": null, "metadata": {"epoch_num": 18, "file": "train.py", "lineno": 819}}
:::MLL 1586372436.584 epoch_start: {"value": null, "metadata": {"epoch_num": 19, "file": "train.py", "lineno": 673}}
Iteration:   5880, Loss function: 4.108, Average Loss: 4.222, avg. samples / sec: 1433.80
Iteration:   5900, Loss function: 3.975, Average Loss: 4.218, avg. samples / sec: 1444.76
Iteration:   5920, Loss function: 4.051, Average Loss: 4.215, avg. samples / sec: 1443.64
Iteration:   5940, Loss function: 4.199, Average Loss: 4.212, avg. samples / sec: 1437.73
Iteration:   5960, Loss function: 4.222, Average Loss: 4.210, avg. samples / sec: 1440.16
Iteration:   5980, Loss function: 3.813, Average Loss: 4.206, avg. samples / sec: 1441.05
Iteration:   6000, Loss function: 4.279, Average Loss: 4.203, avg. samples / sec: 1441.30
Iteration:   6020, Loss function: 4.532, Average Loss: 4.202, avg. samples / sec: 1441.22
Iteration:   6040, Loss function: 4.178, Average Loss: 4.199, avg. samples / sec: 1445.31
Iteration:   6060, Loss function: 4.193, Average Loss: 4.196, avg. samples / sec: 1439.09
Iteration:   6080, Loss function: 3.970, Average Loss: 4.193, avg. samples / sec: 1444.45
Iteration:   6100, Loss function: 4.241, Average Loss: 4.192, avg. samples / sec: 1443.96
Iteration:   6120, Loss function: 4.256, Average Loss: 4.189, avg. samples / sec: 1442.68
Iteration:   6140, Loss function: 4.091, Average Loss: 4.187, avg. samples / sec: 1445.30
Iteration:   6160, Loss function: 4.083, Average Loss: 4.186, avg. samples / sec: 1436.77
Iteration:   6180, Loss function: 4.043, Average Loss: 4.183, avg. samples / sec: 1442.64
:::MLL 1586372518.009 epoch_stop: {"value": null, "metadata": {"epoch_num": 19, "file": "train.py", "lineno": 819}}
:::MLL 1586372518.009 epoch_start: {"value": null, "metadata": {"epoch_num": 20, "file": "train.py", "lineno": 673}}
Iteration:   6200, Loss function: 4.111, Average Loss: 4.181, avg. samples / sec: 1436.74
Iteration:   6220, Loss function: 4.219, Average Loss: 4.179, avg. samples / sec: 1435.25
Iteration:   6240, Loss function: 3.949, Average Loss: 4.176, avg. samples / sec: 1434.11
Iteration:   6260, Loss function: 4.008, Average Loss: 4.174, avg. samples / sec: 1433.77
Iteration:   6280, Loss function: 3.998, Average Loss: 4.171, avg. samples / sec: 1439.75
Iteration:   6300, Loss function: 3.727, Average Loss: 4.169, avg. samples / sec: 1436.64
Iteration:   6320, Loss function: 4.073, Average Loss: 4.166, avg. samples / sec: 1427.79
Iteration:   6340, Loss function: 4.027, Average Loss: 4.162, avg. samples / sec: 1439.22
Iteration:   6360, Loss function: 4.093, Average Loss: 4.161, avg. samples / sec: 1436.41
Iteration:   6380, Loss function: 4.266, Average Loss: 4.158, avg. samples / sec: 1441.89
Iteration:   6400, Loss function: 4.229, Average Loss: 4.155, avg. samples / sec: 1441.35
Iteration:   6420, Loss function: 4.155, Average Loss: 4.154, avg. samples / sec: 1445.14
Iteration:   6440, Loss function: 4.396, Average Loss: 4.153, avg. samples / sec: 1444.35
Iteration:   6460, Loss function: 4.226, Average Loss: 4.153, avg. samples / sec: 1444.76
Iteration:   6480, Loss function: 4.031, Average Loss: 4.149, avg. samples / sec: 1441.74
Iteration:   6500, Loss function: 4.216, Average Loss: 4.148, avg. samples / sec: 1441.95
:::MLL 1586372599.310 epoch_stop: {"value": null, "metadata": {"epoch_num": 20, "file": "train.py", "lineno": 819}}
:::MLL 1586372599.311 epoch_start: {"value": null, "metadata": {"epoch_num": 21, "file": "train.py", "lineno": 673}}
Iteration:   6520, Loss function: 4.300, Average Loss: 4.145, avg. samples / sec: 1443.19
Iteration:   6540, Loss function: 4.127, Average Loss: 4.141, avg. samples / sec: 1443.49
Iteration:   6560, Loss function: 4.096, Average Loss: 4.138, avg. samples / sec: 1443.74
Iteration:   6580, Loss function: 4.013, Average Loss: 4.136, avg. samples / sec: 1444.82
Iteration:   6600, Loss function: 4.208, Average Loss: 4.133, avg. samples / sec: 1444.82
Iteration:   6620, Loss function: 4.112, Average Loss: 4.130, avg. samples / sec: 1434.72
Iteration:   6640, Loss function: 4.123, Average Loss: 4.129, avg. samples / sec: 1440.92
Iteration:   6660, Loss function: 4.078, Average Loss: 4.127, avg. samples / sec: 1443.03
Iteration:   6680, Loss function: 4.218, Average Loss: 4.125, avg. samples / sec: 1441.33
Iteration:   6700, Loss function: 4.508, Average Loss: 4.124, avg. samples / sec: 1441.84
Iteration:   6720, Loss function: 4.250, Average Loss: 4.123, avg. samples / sec: 1444.39
Iteration:   6740, Loss function: 3.952, Average Loss: 4.122, avg. samples / sec: 1443.95
Iteration:   6760, Loss function: 4.232, Average Loss: 4.120, avg. samples / sec: 1444.02
Iteration:   6780, Loss function: 4.048, Average Loss: 4.119, avg. samples / sec: 1443.62
Iteration:   6800, Loss function: 3.675, Average Loss: 4.117, avg. samples / sec: 1445.26
Iteration:   6820, Loss function: 4.225, Average Loss: 4.115, avg. samples / sec: 1447.84
Iteration:   6840, Loss function: 4.004, Average Loss: 4.114, avg. samples / sec: 1444.98
:::MLL 1586372680.629 epoch_stop: {"value": null, "metadata": {"epoch_num": 21, "file": "train.py", "lineno": 819}}
:::MLL 1586372680.629 epoch_start: {"value": null, "metadata": {"epoch_num": 22, "file": "train.py", "lineno": 673}}
Iteration:   6860, Loss function: 4.135, Average Loss: 4.111, avg. samples / sec: 1440.60
Iteration:   6880, Loss function: 3.830, Average Loss: 4.108, avg. samples / sec: 1439.78
Iteration:   6900, Loss function: 4.252, Average Loss: 4.104, avg. samples / sec: 1437.80
Iteration:   6920, Loss function: 3.821, Average Loss: 4.102, avg. samples / sec: 1444.74
Iteration:   6940, Loss function: 4.092, Average Loss: 4.099, avg. samples / sec: 1445.63
Iteration:   6960, Loss function: 4.156, Average Loss: 4.097, avg. samples / sec: 1442.68
Iteration:   6980, Loss function: 4.001, Average Loss: 4.095, avg. samples / sec: 1445.62
Iteration:   7000, Loss function: 4.011, Average Loss: 4.093, avg. samples / sec: 1444.66
Iteration:   7020, Loss function: 3.992, Average Loss: 4.091, avg. samples / sec: 1440.15
Iteration:   7040, Loss function: 4.109, Average Loss: 4.090, avg. samples / sec: 1444.94
Iteration:   7060, Loss function: 3.728, Average Loss: 4.088, avg. samples / sec: 1446.49
Iteration:   7080, Loss function: 3.830, Average Loss: 4.086, avg. samples / sec: 1443.42
Iteration:   7100, Loss function: 3.913, Average Loss: 4.085, avg. samples / sec: 1439.51
Iteration:   7120, Loss function: 4.018, Average Loss: 4.083, avg. samples / sec: 1442.56
Iteration:   7140, Loss function: 4.164, Average Loss: 4.083, avg. samples / sec: 1443.21
Iteration:   7160, Loss function: 4.117, Average Loss: 4.082, avg. samples / sec: 1442.88
:::MLL 1586372761.973 epoch_stop: {"value": null, "metadata": {"epoch_num": 22, "file": "train.py", "lineno": 819}}
:::MLL 1586372761.974 epoch_start: {"value": null, "metadata": {"epoch_num": 23, "file": "train.py", "lineno": 673}}
Iteration:   7180, Loss function: 3.945, Average Loss: 4.079, avg. samples / sec: 1437.21
Iteration:   7200, Loss function: 3.950, Average Loss: 4.077, avg. samples / sec: 1446.66
Iteration:   7220, Loss function: 3.748, Average Loss: 4.075, avg. samples / sec: 1441.89
Iteration:   7240, Loss function: 4.091, Average Loss: 4.073, avg. samples / sec: 1444.09
Iteration:   7260, Loss function: 3.996, Average Loss: 4.071, avg. samples / sec: 1440.47
Iteration:   7280, Loss function: 4.107, Average Loss: 4.068, avg. samples / sec: 1444.46
Iteration:   7300, Loss function: 4.042, Average Loss: 4.067, avg. samples / sec: 1445.24
Iteration:   7320, Loss function: 4.142, Average Loss: 4.066, avg. samples / sec: 1442.80
Iteration:   7340, Loss function: 3.738, Average Loss: 4.064, avg. samples / sec: 1441.56
Iteration:   7360, Loss function: 3.936, Average Loss: 4.063, avg. samples / sec: 1438.53
Iteration:   7380, Loss function: 3.903, Average Loss: 4.062, avg. samples / sec: 1442.88
Iteration:   7400, Loss function: 4.150, Average Loss: 4.061, avg. samples / sec: 1440.63
Iteration:   7420, Loss function: 3.856, Average Loss: 4.060, avg. samples / sec: 1444.25
Iteration:   7440, Loss function: 3.783, Average Loss: 4.058, avg. samples / sec: 1448.80
Iteration:   7460, Loss function: 4.092, Average Loss: 4.057, avg. samples / sec: 1443.74
Iteration:   7480, Loss function: 4.087, Average Loss: 4.055, avg. samples / sec: 1439.73
:::MLL 1586372843.069 epoch_stop: {"value": null, "metadata": {"epoch_num": 23, "file": "train.py", "lineno": 819}}
:::MLL 1586372843.069 epoch_start: {"value": null, "metadata": {"epoch_num": 24, "file": "train.py", "lineno": 673}}
Iteration:   7500, Loss function: 4.143, Average Loss: 4.055, avg. samples / sec: 1442.86
Iteration:   7520, Loss function: 3.772, Average Loss: 4.051, avg. samples / sec: 1440.56
Iteration:   7540, Loss function: 4.008, Average Loss: 4.050, avg. samples / sec: 1440.27
Iteration:   7560, Loss function: 4.015, Average Loss: 4.047, avg. samples / sec: 1444.41
Iteration:   7580, Loss function: 4.044, Average Loss: 4.045, avg. samples / sec: 1445.12
Iteration:   7600, Loss function: 4.222, Average Loss: 4.043, avg. samples / sec: 1439.02
Iteration:   7620, Loss function: 4.101, Average Loss: 4.042, avg. samples / sec: 1448.36
Iteration:   7640, Loss function: 4.166, Average Loss: 4.040, avg. samples / sec: 1433.98
Iteration:   7660, Loss function: 4.141, Average Loss: 4.040, avg. samples / sec: 1444.70
Iteration:   7680, Loss function: 4.378, Average Loss: 4.040, avg. samples / sec: 1446.30
Iteration:   7700, Loss function: 3.980, Average Loss: 4.038, avg. samples / sec: 1441.76
Iteration:   7720, Loss function: 3.742, Average Loss: 4.037, avg. samples / sec: 1442.71
Iteration:   7740, Loss function: 3.994, Average Loss: 4.035, avg. samples / sec: 1446.04
Iteration:   7760, Loss function: 4.352, Average Loss: 4.034, avg. samples / sec: 1434.54
Iteration:   7780, Loss function: 3.964, Average Loss: 4.035, avg. samples / sec: 1440.28
Iteration:   7800, Loss function: 3.851, Average Loss: 4.032, avg. samples / sec: 1438.50
:::MLL 1586372924.471 epoch_stop: {"value": null, "metadata": {"epoch_num": 24, "file": "train.py", "lineno": 819}}
:::MLL 1586372924.471 epoch_start: {"value": null, "metadata": {"epoch_num": 25, "file": "train.py", "lineno": 673}}
Iteration:   7820, Loss function: 3.938, Average Loss: 4.030, avg. samples / sec: 1440.94
Iteration:   7840, Loss function: 3.730, Average Loss: 4.027, avg. samples / sec: 1446.88
Iteration:   7860, Loss function: 3.749, Average Loss: 4.025, avg. samples / sec: 1443.36
Iteration:   7880, Loss function: 3.990, Average Loss: 4.022, avg. samples / sec: 1444.91
Iteration:   7900, Loss function: 3.682, Average Loss: 4.020, avg. samples / sec: 1444.00
Iteration:   7920, Loss function: 4.140, Average Loss: 4.019, avg. samples / sec: 1438.96
Iteration:   7940, Loss function: 3.716, Average Loss: 4.017, avg. samples / sec: 1444.89
Iteration:   7960, Loss function: 3.980, Average Loss: 4.016, avg. samples / sec: 1439.53
Iteration:   7980, Loss function: 3.810, Average Loss: 4.013, avg. samples / sec: 1439.65
Iteration:   8000, Loss function: 4.036, Average Loss: 4.011, avg. samples / sec: 1444.35
Iteration:   8020, Loss function: 4.173, Average Loss: 4.011, avg. samples / sec: 1440.06
Iteration:   8040, Loss function: 4.010, Average Loss: 4.010, avg. samples / sec: 1444.23
Iteration:   8060, Loss function: 3.752, Average Loss: 4.009, avg. samples / sec: 1443.65
Iteration:   8080, Loss function: 4.074, Average Loss: 4.009, avg. samples / sec: 1436.60
Iteration:   8100, Loss function: 3.834, Average Loss: 4.007, avg. samples / sec: 1441.93
Iteration:   8120, Loss function: 4.240, Average Loss: 4.006, avg. samples / sec: 1442.17
Iteration:   8140, Loss function: 3.674, Average Loss: 4.003, avg. samples / sec: 1444.21
:::MLL 1586373005.842 epoch_stop: {"value": null, "metadata": {"epoch_num": 25, "file": "train.py", "lineno": 819}}
:::MLL 1586373005.843 epoch_start: {"value": null, "metadata": {"epoch_num": 26, "file": "train.py", "lineno": 673}}
Iteration:   8160, Loss function: 3.585, Average Loss: 4.000, avg. samples / sec: 1437.49
Iteration:   8180, Loss function: 3.622, Average Loss: 3.998, avg. samples / sec: 1439.93
Iteration:   8200, Loss function: 4.037, Average Loss: 3.997, avg. samples / sec: 1437.06
Iteration:   8220, Loss function: 3.987, Average Loss: 3.996, avg. samples / sec: 1442.30
Iteration:   8240, Loss function: 3.832, Average Loss: 3.993, avg. samples / sec: 1438.66
Iteration:   8260, Loss function: 3.896, Average Loss: 3.991, avg. samples / sec: 1434.88
Iteration:   8280, Loss function: 3.860, Average Loss: 3.989, avg. samples / sec: 1441.32
Iteration:   8300, Loss function: 3.718, Average Loss: 3.987, avg. samples / sec: 1436.57
Iteration:   8320, Loss function: 4.040, Average Loss: 3.986, avg. samples / sec: 1439.05
Iteration:   8340, Loss function: 3.895, Average Loss: 3.985, avg. samples / sec: 1439.75
Iteration:   8360, Loss function: 4.017, Average Loss: 3.984, avg. samples / sec: 1440.01
Iteration:   8380, Loss function: 4.127, Average Loss: 3.983, avg. samples / sec: 1443.89
Iteration:   8400, Loss function: 3.990, Average Loss: 3.981, avg. samples / sec: 1437.78
Iteration:   8420, Loss function: 3.889, Average Loss: 3.979, avg. samples / sec: 1437.14
Iteration:   8440, Loss function: 3.922, Average Loss: 3.977, avg. samples / sec: 1440.84
Iteration:   8460, Loss function: 3.793, Average Loss: 3.975, avg. samples / sec: 1444.68
:::MLL 1586373087.362 epoch_stop: {"value": null, "metadata": {"epoch_num": 26, "file": "train.py", "lineno": 819}}
:::MLL 1586373087.363 epoch_start: {"value": null, "metadata": {"epoch_num": 27, "file": "train.py", "lineno": 673}}
Iteration:   8480, Loss function: 3.755, Average Loss: 3.973, avg. samples / sec: 1442.81
Iteration:   8500, Loss function: 3.841, Average Loss: 3.970, avg. samples / sec: 1439.14
Iteration:   8520, Loss function: 3.810, Average Loss: 3.968, avg. samples / sec: 1444.38
Iteration:   8540, Loss function: 3.637, Average Loss: 3.966, avg. samples / sec: 1444.40
Iteration:   8560, Loss function: 3.881, Average Loss: 3.965, avg. samples / sec: 1444.56
Iteration:   8580, Loss function: 3.770, Average Loss: 3.963, avg. samples / sec: 1443.89
Iteration:   8600, Loss function: 3.863, Average Loss: 3.962, avg. samples / sec: 1444.52
Iteration:   8620, Loss function: 4.159, Average Loss: 3.961, avg. samples / sec: 1444.55
Iteration:   8640, Loss function: 4.045, Average Loss: 3.959, avg. samples / sec: 1445.14
Iteration:   8660, Loss function: 3.839, Average Loss: 3.959, avg. samples / sec: 1442.26
Iteration:   8680, Loss function: 3.880, Average Loss: 3.958, avg. samples / sec: 1442.60
Iteration:   8700, Loss function: 3.844, Average Loss: 3.956, avg. samples / sec: 1442.24
Iteration:   8720, Loss function: 3.834, Average Loss: 3.955, avg. samples / sec: 1444.34
Iteration:   8740, Loss function: 3.892, Average Loss: 3.955, avg. samples / sec: 1441.03
Iteration:   8760, Loss function: 3.839, Average Loss: 3.954, avg. samples / sec: 1442.99
Iteration:   8780, Loss function: 3.787, Average Loss: 3.954, avg. samples / sec: 1442.97
:::MLL 1586373168.436 epoch_stop: {"value": null, "metadata": {"epoch_num": 27, "file": "train.py", "lineno": 819}}
:::MLL 1586373168.436 epoch_start: {"value": null, "metadata": {"epoch_num": 28, "file": "train.py", "lineno": 673}}
Iteration:   8800, Loss function: 3.670, Average Loss: 3.953, avg. samples / sec: 1438.52
Iteration:   8820, Loss function: 3.960, Average Loss: 3.951, avg. samples / sec: 1437.99
Iteration:   8840, Loss function: 3.797, Average Loss: 3.949, avg. samples / sec: 1445.62
Iteration:   8860, Loss function: 3.850, Average Loss: 3.948, avg. samples / sec: 1444.83
Iteration:   8880, Loss function: 3.821, Average Loss: 3.945, avg. samples / sec: 1444.85
Iteration:   8900, Loss function: 3.853, Average Loss: 3.944, avg. samples / sec: 1440.84
Iteration:   8920, Loss function: 4.059, Average Loss: 3.942, avg. samples / sec: 1434.05
Iteration:   8940, Loss function: 3.695, Average Loss: 3.941, avg. samples / sec: 1445.00
Iteration:   8960, Loss function: 3.610, Average Loss: 3.940, avg. samples / sec: 1444.28
Iteration:   8980, Loss function: 3.932, Average Loss: 3.939, avg. samples / sec: 1443.14
Iteration:   9000, Loss function: 4.042, Average Loss: 3.939, avg. samples / sec: 1445.85
Iteration:   9020, Loss function: 3.957, Average Loss: 3.939, avg. samples / sec: 1447.02
Iteration:   9040, Loss function: 4.162, Average Loss: 3.938, avg. samples / sec: 1445.69
Iteration:   9060, Loss function: 3.584, Average Loss: 3.937, avg. samples / sec: 1439.83
Iteration:   9080, Loss function: 3.760, Average Loss: 3.935, avg. samples / sec: 1439.34
Iteration:   9100, Loss function: 3.813, Average Loss: 3.934, avg. samples / sec: 1439.30
Iteration:   9120, Loss function: 3.616, Average Loss: 3.934, avg. samples / sec: 1447.00
:::MLL 1586373249.796 epoch_stop: {"value": null, "metadata": {"epoch_num": 28, "file": "train.py", "lineno": 819}}
:::MLL 1586373249.796 epoch_start: {"value": null, "metadata": {"epoch_num": 29, "file": "train.py", "lineno": 673}}
Iteration:   9140, Loss function: 3.638, Average Loss: 3.931, avg. samples / sec: 1441.98
Iteration:   9160, Loss function: 4.017, Average Loss: 3.930, avg. samples / sec: 1439.99
Iteration:   9180, Loss function: 4.035, Average Loss: 3.927, avg. samples / sec: 1444.32
Iteration:   9200, Loss function: 3.969, Average Loss: 3.925, avg. samples / sec: 1443.91
Iteration:   9220, Loss function: 3.757, Average Loss: 3.924, avg. samples / sec: 1441.03
Iteration:   9240, Loss function: 3.876, Average Loss: 3.921, avg. samples / sec: 1441.76
Iteration:   9260, Loss function: 4.192, Average Loss: 3.920, avg. samples / sec: 1445.62
Iteration:   9280, Loss function: 3.627, Average Loss: 3.918, avg. samples / sec: 1439.27
Iteration:   9300, Loss function: 3.993, Average Loss: 3.916, avg. samples / sec: 1446.73
Iteration:   9320, Loss function: 3.601, Average Loss: 3.913, avg. samples / sec: 1443.06
Iteration:   9340, Loss function: 3.820, Average Loss: 3.913, avg. samples / sec: 1444.17
Iteration:   9360, Loss function: 3.684, Average Loss: 3.911, avg. samples / sec: 1444.11
Iteration:   9380, Loss function: 3.793, Average Loss: 3.910, avg. samples / sec: 1442.28
Iteration:   9400, Loss function: 3.709, Average Loss: 3.910, avg. samples / sec: 1441.61
Iteration:   9420, Loss function: 3.843, Average Loss: 3.910, avg. samples / sec: 1445.67
Iteration:   9440, Loss function: 3.891, Average Loss: 3.908, avg. samples / sec: 1445.75
:::MLL 1586373331.116 epoch_stop: {"value": null, "metadata": {"epoch_num": 29, "file": "train.py", "lineno": 819}}
:::MLL 1586373331.116 epoch_start: {"value": null, "metadata": {"epoch_num": 30, "file": "train.py", "lineno": 673}}
Iteration:   9460, Loss function: 4.046, Average Loss: 3.907, avg. samples / sec: 1443.35
Iteration:   9480, Loss function: 3.950, Average Loss: 3.905, avg. samples / sec: 1440.77
Iteration:   9500, Loss function: 3.708, Average Loss: 3.904, avg. samples / sec: 1444.07
Iteration:   9520, Loss function: 3.824, Average Loss: 3.903, avg. samples / sec: 1441.58
Iteration:   9540, Loss function: 3.664, Average Loss: 3.902, avg. samples / sec: 1445.44
Iteration:   9560, Loss function: 4.071, Average Loss: 3.902, avg. samples / sec: 1438.37
Iteration:   9580, Loss function: 3.708, Average Loss: 3.899, avg. samples / sec: 1441.38
Iteration:   9600, Loss function: 3.933, Average Loss: 3.900, avg. samples / sec: 1442.27
Iteration:   9620, Loss function: 3.836, Average Loss: 3.897, avg. samples / sec: 1443.04
Iteration:   9640, Loss function: 3.708, Average Loss: 3.895, avg. samples / sec: 1447.06
Iteration:   9660, Loss function: 4.045, Average Loss: 3.894, avg. samples / sec: 1443.57
Iteration:   9680, Loss function: 3.934, Average Loss: 3.895, avg. samples / sec: 1442.77
Iteration:   9700, Loss function: 3.619, Average Loss: 3.895, avg. samples / sec: 1440.31
Iteration:   9720, Loss function: 3.835, Average Loss: 3.895, avg. samples / sec: 1443.22
Iteration:   9740, Loss function: 3.795, Average Loss: 3.893, avg. samples / sec: 1442.36
Iteration:   9760, Loss function: 3.996, Average Loss: 3.893, avg. samples / sec: 1445.61
:::MLL 1586373412.461 epoch_stop: {"value": null, "metadata": {"epoch_num": 30, "file": "train.py", "lineno": 819}}
:::MLL 1586373412.462 epoch_start: {"value": null, "metadata": {"epoch_num": 31, "file": "train.py", "lineno": 673}}
Iteration:   9780, Loss function: 3.642, Average Loss: 3.892, avg. samples / sec: 1439.09
Iteration:   9800, Loss function: 3.879, Average Loss: 3.889, avg. samples / sec: 1443.29
Iteration:   9820, Loss function: 3.969, Average Loss: 3.887, avg. samples / sec: 1440.83
Iteration:   9840, Loss function: 4.107, Average Loss: 3.885, avg. samples / sec: 1442.95
Iteration:   9860, Loss function: 4.066, Average Loss: 3.884, avg. samples / sec: 1445.97
Iteration:   9880, Loss function: 3.645, Average Loss: 3.883, avg. samples / sec: 1442.18
Iteration:   9900, Loss function: 3.520, Average Loss: 3.883, avg. samples / sec: 1444.74
Iteration:   9920, Loss function: 3.897, Average Loss: 3.881, avg. samples / sec: 1442.58
Iteration:   9940, Loss function: 3.990, Average Loss: 3.882, avg. samples / sec: 1441.93
Iteration:   9960, Loss function: 3.822, Average Loss: 3.881, avg. samples / sec: 1438.48
Iteration:   9980, Loss function: 3.679, Average Loss: 3.879, avg. samples / sec: 1443.69
Iteration:  10000, Loss function: 3.629, Average Loss: 3.878, avg. samples / sec: 1445.96
Iteration:  10020, Loss function: 3.812, Average Loss: 3.877, avg. samples / sec: 1441.49
Iteration:  10040, Loss function: 3.713, Average Loss: 3.875, avg. samples / sec: 1447.11
Iteration:  10060, Loss function: 3.591, Average Loss: 3.874, avg. samples / sec: 1444.18
Iteration:  10080, Loss function: 3.902, Average Loss: 3.873, avg. samples / sec: 1443.98
:::MLL 1586373493.543 epoch_stop: {"value": null, "metadata": {"epoch_num": 31, "file": "train.py", "lineno": 819}}
:::MLL 1586373493.543 epoch_start: {"value": null, "metadata": {"epoch_num": 32, "file": "train.py", "lineno": 673}}
Iteration:  10100, Loss function: 3.936, Average Loss: 3.871, avg. samples / sec: 1438.62
Iteration:  10120, Loss function: 3.587, Average Loss: 3.869, avg. samples / sec: 1441.30
Iteration:  10140, Loss function: 4.150, Average Loss: 3.868, avg. samples / sec: 1440.13
Iteration:  10160, Loss function: 3.588, Average Loss: 3.867, avg. samples / sec: 1445.10
Iteration:  10180, Loss function: 3.446, Average Loss: 3.865, avg. samples / sec: 1447.70
Iteration:  10200, Loss function: 3.853, Average Loss: 3.865, avg. samples / sec: 1442.11
Iteration:  10220, Loss function: 3.831, Average Loss: 3.864, avg. samples / sec: 1444.48
Iteration:  10240, Loss function: 3.729, Average Loss: 3.863, avg. samples / sec: 1444.69
Iteration:  10260, Loss function: 3.702, Average Loss: 3.862, avg. samples / sec: 1443.83
Iteration:  10280, Loss function: 3.916, Average Loss: 3.862, avg. samples / sec: 1444.01
Iteration:  10300, Loss function: 3.706, Average Loss: 3.860, avg. samples / sec: 1444.15
Iteration:  10320, Loss function: 3.943, Average Loss: 3.858, avg. samples / sec: 1443.79
Iteration:  10340, Loss function: 3.859, Average Loss: 3.858, avg. samples / sec: 1440.10
Iteration:  10360, Loss function: 3.798, Average Loss: 3.856, avg. samples / sec: 1442.74
Iteration:  10380, Loss function: 3.872, Average Loss: 3.856, avg. samples / sec: 1444.21
Iteration:  10400, Loss function: 3.750, Average Loss: 3.855, avg. samples / sec: 1438.61
Iteration:  10420, Loss function: 3.853, Average Loss: 3.854, avg. samples / sec: 1444.66
:::MLL 1586373574.871 epoch_stop: {"value": null, "metadata": {"epoch_num": 32, "file": "train.py", "lineno": 819}}
:::MLL 1586373574.872 epoch_start: {"value": null, "metadata": {"epoch_num": 33, "file": "train.py", "lineno": 673}}
Iteration:  10440, Loss function: 3.715, Average Loss: 3.853, avg. samples / sec: 1442.75
Iteration:  10460, Loss function: 3.797, Average Loss: 3.853, avg. samples / sec: 1446.03
Iteration:  10480, Loss function: 3.925, Average Loss: 3.852, avg. samples / sec: 1442.67
Iteration:  10500, Loss function: 3.674, Average Loss: 3.850, avg. samples / sec: 1447.23
Iteration:  10520, Loss function: 3.953, Average Loss: 3.848, avg. samples / sec: 1443.85
Iteration:  10540, Loss function: 3.585, Average Loss: 3.845, avg. samples / sec: 1444.70
Iteration:  10560, Loss function: 3.824, Average Loss: 3.844, avg. samples / sec: 1435.21
Iteration:  10580, Loss function: 3.822, Average Loss: 3.843, avg. samples / sec: 1444.89
Iteration:  10600, Loss function: 3.859, Average Loss: 3.843, avg. samples / sec: 1443.18
Iteration:  10620, Loss function: 3.900, Average Loss: 3.842, avg. samples / sec: 1439.21
Iteration:  10640, Loss function: 4.036, Average Loss: 3.842, avg. samples / sec: 1441.44
Iteration:  10660, Loss function: 3.774, Average Loss: 3.842, avg. samples / sec: 1443.68
:::MLL 1586373635.501 eval_start: {"value": null, "metadata": {"epoch_num": 33, "file": "train.py", "lineno": 276}}
Parsing batch: 0/11Parsing batch: 0/11Parsing batch: 0/11Parsing batch: 1/11Parsing batch: 1/11Parsing batch: 1/11Parsing batch: 2/11Parsing batch: 2/11Parsing batch: 2/11Parsing batch: 3/11Parsing batch: 3/11Parsing batch: 3/11Parsing batch: 4/11Parsing batch: 4/11Parsing batch: 4/11Parsing batch: 5/11Parsing batch: 5/11Parsing batch: 5/11Parsing batch: 6/11Parsing batch: 6/11Parsing batch: 6/11Parsing batch: 7/11Parsing batch: 7/11Parsing batch: 7/11Parsing batch: 8/11Parsing batch: 8/11Parsing batch: 8/11Parsing batch: 9/11Parsing batch: 9/11Parsing batch: 9/11Parsing batch: 10/11Parsing batch: 10/11Parsing batch: 10/11Predicting Ended, total time: 13.96 s
Loading and preparing results...
Loading and preparing results...
Loading and preparing results...
DONE (t=0.49s)
DONE (t=0.50s)
Running per image evaluation...
Evaluate annotation type *bbox*
DONE (t=0.77s)
DONE (t=2.48s).
Accumulating evaluation results...
DONE (t=0.00s).
 Average Precision  (AP) @[ IoU=0.50:0.95 | area=   all | maxDets=100 ] = 0.18043
 Average Precision  (AP) @[ IoU=0.50      | area=   all | maxDets=100 ] = 0.33207
 Average Precision  (AP) @[ IoU=0.75      | area=   all | maxDets=100 ] = 0.17774
 Average Precision  (AP) @[ IoU=0.50:0.95 | area= small | maxDets=100 ] = 0.04580
 Average Precision  (AP) @[ IoU=0.50:0.95 | area=medium | maxDets=100 ] = 0.18991
 Average Precision  (AP) @[ IoU=0.50:0.95 | area= large | maxDets=100 ] = 0.29606
 Average Recall     (AR) @[ IoU=0.50:0.95 | area=   all | maxDets=  1 ] = 0.19027
 Average Recall     (AR) @[ IoU=0.50:0.95 | area=   all | maxDets= 10 ] = 0.27853
 Average Recall     (AR) @[ IoU=0.50:0.95 | area=   all | maxDets=100 ] = 0.29371
 Average Recall     (AR) @[ IoU=0.50:0.95 | area= small | maxDets=100 ] = 0.08366
 Average Recall     (AR) @[ IoU=0.50:0.95 | area=medium | maxDets=100 ] = 0.31146
 Average Recall     (AR) @[ IoU=0.50:0.95 | area= large | maxDets=100 ] = 0.46780
Current AP: 0.18043 AP goal: 0.23000
:::MLL 1586373652.545 eval_accuracy: {"value": 0.18042762447771885, "metadata": {"epoch_num": 33, "file": "train.py", "lineno": 389}}
:::MLL 1586373652.877 eval_stop: {"value": null, "metadata": {"epoch_num": 33, "file": "train.py", "lineno": 392}}
:::MLL 1586373652.889 block_stop: {"value": null, "metadata": {"first_epoch_num": 1, "file": "train.py", "lineno": 804}}
:::MLL 1586373652.889 block_start: {"value": null, "metadata": {"first_epoch_num": 33, "epoch_count": 10.915354834308324, "file": "train.py", "lineno": 813}}
Iteration:  10680, Loss function: 3.957, Average Loss: 3.842, avg. samples / sec: 321.50
Iteration:  10700, Loss function: 3.773, Average Loss: 3.841, avg. samples / sec: 1444.08
Iteration:  10720, Loss function: 4.016, Average Loss: 3.841, avg. samples / sec: 1440.43
Iteration:  10740, Loss function: 3.714, Average Loss: 3.840, avg. samples / sec: 1441.76
:::MLL 1586373673.624 epoch_stop: {"value": null, "metadata": {"epoch_num": 33, "file": "train.py", "lineno": 819}}
:::MLL 1586373673.625 epoch_start: {"value": null, "metadata": {"epoch_num": 34, "file": "train.py", "lineno": 673}}
Iteration:  10760, Loss function: 3.821, Average Loss: 3.840, avg. samples / sec: 1442.56
Iteration:  10780, Loss function: 3.729, Average Loss: 3.838, avg. samples / sec: 1446.49
Iteration:  10800, Loss function: 3.821, Average Loss: 3.838, avg. samples / sec: 1444.35
Iteration:  10820, Loss function: 3.816, Average Loss: 3.836, avg. samples / sec: 1445.85
Iteration:  10840, Loss function: 3.897, Average Loss: 3.835, avg. samples / sec: 1434.19
Iteration:  10860, Loss function: 3.813, Average Loss: 3.834, avg. samples / sec: 1443.41
Iteration:  10880, Loss function: 3.725, Average Loss: 3.833, avg. samples / sec: 1441.62
Iteration:  10900, Loss function: 3.815, Average Loss: 3.833, avg. samples / sec: 1437.96
Iteration:  10920, Loss function: 3.877, Average Loss: 3.833, avg. samples / sec: 1437.57
Iteration:  10940, Loss function: 3.555, Average Loss: 3.831, avg. samples / sec: 1441.37
Iteration:  10960, Loss function: 3.835, Average Loss: 3.831, avg. samples / sec: 1437.81
Iteration:  10980, Loss function: 3.976, Average Loss: 3.830, avg. samples / sec: 1442.75
Iteration:  11000, Loss function: 3.904, Average Loss: 3.829, avg. samples / sec: 1444.03
Iteration:  11020, Loss function: 3.971, Average Loss: 3.828, avg. samples / sec: 1441.58
Iteration:  11040, Loss function: 4.020, Average Loss: 3.828, avg. samples / sec: 1439.46
Iteration:  11060, Loss function: 4.039, Average Loss: 3.827, avg. samples / sec: 1442.54
:::MLL 1586373755.038 epoch_stop: {"value": null, "metadata": {"epoch_num": 34, "file": "train.py", "lineno": 819}}
:::MLL 1586373755.038 epoch_start: {"value": null, "metadata": {"epoch_num": 35, "file": "train.py", "lineno": 673}}
Iteration:  11080, Loss function: 3.953, Average Loss: 3.826, avg. samples / sec: 1441.96
Iteration:  11100, Loss function: 3.715, Average Loss: 3.825, avg. samples / sec: 1440.59
Iteration:  11120, Loss function: 3.837, Average Loss: 3.824, avg. samples / sec: 1442.49
Iteration:  11140, Loss function: 3.573, Average Loss: 3.824, avg. samples / sec: 1445.47
Iteration:  11160, Loss function: 3.944, Average Loss: 3.822, avg. samples / sec: 1436.59
Iteration:  11180, Loss function: 3.996, Average Loss: 3.821, avg. samples / sec: 1440.43
Iteration:  11200, Loss function: 4.133, Average Loss: 3.821, avg. samples / sec: 1437.86
Iteration:  11220, Loss function: 3.687, Average Loss: 3.820, avg. samples / sec: 1443.26
Iteration:  11240, Loss function: 3.622, Average Loss: 3.819, avg. samples / sec: 1444.55
Iteration:  11260, Loss function: 3.950, Average Loss: 3.819, avg. samples / sec: 1443.58
Iteration:  11280, Loss function: 3.837, Average Loss: 3.818, avg. samples / sec: 1442.56
Iteration:  11300, Loss function: 3.497, Average Loss: 3.817, avg. samples / sec: 1436.95
Iteration:  11320, Loss function: 3.434, Average Loss: 3.816, avg. samples / sec: 1442.47
Iteration:  11340, Loss function: 3.862, Average Loss: 3.817, avg. samples / sec: 1440.42
Iteration:  11360, Loss function: 3.882, Average Loss: 3.815, avg. samples / sec: 1443.99
Iteration:  11380, Loss function: 3.772, Average Loss: 3.815, avg. samples / sec: 1440.45
Iteration:  11400, Loss function: 3.711, Average Loss: 3.813, avg. samples / sec: 1438.82
:::MLL 1586373836.223 epoch_stop: {"value": null, "metadata": {"epoch_num": 35, "file": "train.py", "lineno": 819}}
:::MLL 1586373836.224 epoch_start: {"value": null, "metadata": {"epoch_num": 36, "file": "train.py", "lineno": 673}}
Iteration:  11420, Loss function: 3.731, Average Loss: 3.813, avg. samples / sec: 1435.91
Iteration:  11440, Loss function: 3.956, Average Loss: 3.811, avg. samples / sec: 1437.67
Iteration:  11460, Loss function: 3.591, Average Loss: 3.810, avg. samples / sec: 1433.06
Iteration:  11480, Loss function: 3.617, Average Loss: 3.809, avg. samples / sec: 1442.97
Iteration:  11500, Loss function: 3.764, Average Loss: 3.807, avg. samples / sec: 1442.35
Iteration:  11520, Loss function: 3.761, Average Loss: 3.808, avg. samples / sec: 1441.67
Iteration:  11540, Loss function: 3.976, Average Loss: 3.808, avg. samples / sec: 1444.39
Iteration:  11560, Loss function: 3.777, Average Loss: 3.808, avg. samples / sec: 1439.28
Iteration:  11580, Loss function: 3.822, Average Loss: 3.807, avg. samples / sec: 1438.90
Iteration:  11600, Loss function: 4.003, Average Loss: 3.807, avg. samples / sec: 1440.25
Iteration:  11620, Loss function: 3.657, Average Loss: 3.807, avg. samples / sec: 1443.53
Iteration:  11640, Loss function: 3.694, Average Loss: 3.806, avg. samples / sec: 1439.08
Iteration:  11660, Loss function: 3.632, Average Loss: 3.805, avg. samples / sec: 1440.67
Iteration:  11680, Loss function: 3.603, Average Loss: 3.805, avg. samples / sec: 1442.17
Iteration:  11700, Loss function: 3.757, Average Loss: 3.805, avg. samples / sec: 1440.59
Iteration:  11720, Loss function: 3.852, Average Loss: 3.804, avg. samples / sec: 1441.06
:::MLL 1586373917.710 epoch_stop: {"value": null, "metadata": {"epoch_num": 36, "file": "train.py", "lineno": 819}}
:::MLL 1586373917.711 epoch_start: {"value": null, "metadata": {"epoch_num": 37, "file": "train.py", "lineno": 673}}
Iteration:  11740, Loss function: 3.798, Average Loss: 3.802, avg. samples / sec: 1436.69
Iteration:  11760, Loss function: 3.618, Average Loss: 3.801, avg. samples / sec: 1441.39
Iteration:  11780, Loss function: 3.667, Average Loss: 3.800, avg. samples / sec: 1441.86
Iteration:  11800, Loss function: 3.552, Average Loss: 3.798, avg. samples / sec: 1441.14
Iteration:  11820, Loss function: 3.671, Average Loss: 3.796, avg. samples / sec: 1442.16
Iteration:  11840, Loss function: 3.687, Average Loss: 3.794, avg. samples / sec: 1441.42
Iteration:  11860, Loss function: 4.046, Average Loss: 3.794, avg. samples / sec: 1435.98
Iteration:  11880, Loss function: 3.677, Average Loss: 3.793, avg. samples / sec: 1439.03
Iteration:  11900, Loss function: 3.817, Average Loss: 3.793, avg. samples / sec: 1436.75
Iteration:  11920, Loss function: 3.554, Average Loss: 3.793, avg. samples / sec: 1441.86
Iteration:  11940, Loss function: 3.729, Average Loss: 3.793, avg. samples / sec: 1440.90
Iteration:  11960, Loss function: 3.714, Average Loss: 3.793, avg. samples / sec: 1440.63
Iteration:  11980, Loss function: 3.724, Average Loss: 3.792, avg. samples / sec: 1436.32
Iteration:  12000, Loss function: 3.920, Average Loss: 3.792, avg. samples / sec: 1440.54
Iteration:  12020, Loss function: 3.603, Average Loss: 3.792, avg. samples / sec: 1434.52
Iteration:  12040, Loss function: 3.732, Average Loss: 3.791, avg. samples / sec: 1440.63
:::MLL 1586373999.230 epoch_stop: {"value": null, "metadata": {"epoch_num": 37, "file": "train.py", "lineno": 819}}
:::MLL 1586373999.230 epoch_start: {"value": null, "metadata": {"epoch_num": 38, "file": "train.py", "lineno": 673}}
Iteration:  12060, Loss function: 3.803, Average Loss: 3.790, avg. samples / sec: 1442.12
Iteration:  12080, Loss function: 3.844, Average Loss: 3.788, avg. samples / sec: 1439.63
Iteration:  12100, Loss function: 3.716, Average Loss: 3.787, avg. samples / sec: 1440.86
Iteration:  12120, Loss function: 3.641, Average Loss: 3.785, avg. samples / sec: 1439.28
Iteration:  12140, Loss function: 3.716, Average Loss: 3.784, avg. samples / sec: 1438.12
Iteration:  12160, Loss function: 3.770, Average Loss: 3.784, avg. samples / sec: 1438.26
Iteration:  12180, Loss function: 3.637, Average Loss: 3.783, avg. samples / sec: 1441.56
Iteration:  12200, Loss function: 3.939, Average Loss: 3.782, avg. samples / sec: 1441.04
Iteration:  12220, Loss function: 3.978, Average Loss: 3.781, avg. samples / sec: 1439.52
Iteration:  12240, Loss function: 3.615, Average Loss: 3.779, avg. samples / sec: 1436.46
Iteration:  12260, Loss function: 3.661, Average Loss: 3.779, avg. samples / sec: 1442.06
Iteration:  12280, Loss function: 3.763, Average Loss: 3.779, avg. samples / sec: 1442.09
Iteration:  12300, Loss function: 3.636, Average Loss: 3.778, avg. samples / sec: 1441.63
Iteration:  12320, Loss function: 3.981, Average Loss: 3.778, avg. samples / sec: 1439.33
Iteration:  12340, Loss function: 3.692, Average Loss: 3.778, avg. samples / sec: 1441.13
Iteration:  12360, Loss function: 3.513, Average Loss: 3.776, avg. samples / sec: 1438.82
:::MLL 1586374080.744 epoch_stop: {"value": null, "metadata": {"epoch_num": 38, "file": "train.py", "lineno": 819}}
:::MLL 1586374080.744 epoch_start: {"value": null, "metadata": {"epoch_num": 39, "file": "train.py", "lineno": 673}}
Iteration:  12380, Loss function: 3.680, Average Loss: 3.776, avg. samples / sec: 1435.07
Iteration:  12400, Loss function: 3.630, Average Loss: 3.775, avg. samples / sec: 1437.60
Iteration:  12420, Loss function: 3.490, Average Loss: 3.773, avg. samples / sec: 1434.18
Iteration:  12440, Loss function: 3.432, Average Loss: 3.771, avg. samples / sec: 1437.20
Iteration:  12460, Loss function: 3.826, Average Loss: 3.770, avg. samples / sec: 1434.88
Iteration:  12480, Loss function: 3.532, Average Loss: 3.769, avg. samples / sec: 1441.19
Iteration:  12500, Loss function: 3.802, Average Loss: 3.769, avg. samples / sec: 1435.78
Iteration:  12520, Loss function: 3.609, Average Loss: 3.767, avg. samples / sec: 1437.62
Iteration:  12540, Loss function: 3.578, Average Loss: 3.766, avg. samples / sec: 1441.10
Iteration:  12560, Loss function: 3.865, Average Loss: 3.764, avg. samples / sec: 1442.51
Iteration:  12580, Loss function: 3.777, Average Loss: 3.764, avg. samples / sec: 1443.88
Iteration:  12600, Loss function: 3.471, Average Loss: 3.763, avg. samples / sec: 1444.22
Iteration:  12620, Loss function: 3.594, Average Loss: 3.762, avg. samples / sec: 1441.17
Iteration:  12640, Loss function: 3.426, Average Loss: 3.761, avg. samples / sec: 1434.13
Iteration:  12660, Loss function: 3.824, Average Loss: 3.761, avg. samples / sec: 1442.79
Iteration:  12680, Loss function: 3.647, Average Loss: 3.761, avg. samples / sec: 1434.92
Iteration:  12700, Loss function: 3.604, Average Loss: 3.761, avg. samples / sec: 1438.41
:::MLL 1586374162.067 epoch_stop: {"value": null, "metadata": {"epoch_num": 39, "file": "train.py", "lineno": 819}}
:::MLL 1586374162.067 epoch_start: {"value": null, "metadata": {"epoch_num": 40, "file": "train.py", "lineno": 673}}
Iteration:  12720, Loss function: 3.921, Average Loss: 3.762, avg. samples / sec: 1439.26
Iteration:  12740, Loss function: 3.657, Average Loss: 3.760, avg. samples / sec: 1441.66
Iteration:  12760, Loss function: 3.620, Average Loss: 3.758, avg. samples / sec: 1440.41
Iteration:  12780, Loss function: 3.731, Average Loss: 3.758, avg. samples / sec: 1441.91
Iteration:  12800, Loss function: 3.755, Average Loss: 3.756, avg. samples / sec: 1443.52
Iteration:  12820, Loss function: 3.880, Average Loss: 3.756, avg. samples / sec: 1436.35
Iteration:  12840, Loss function: 3.601, Average Loss: 3.755, avg. samples / sec: 1443.15
Iteration:  12860, Loss function: 3.704, Average Loss: 3.754, avg. samples / sec: 1442.97
Iteration:  12880, Loss function: 3.581, Average Loss: 3.753, avg. samples / sec: 1433.73
Iteration:  12900, Loss function: 3.830, Average Loss: 3.754, avg. samples / sec: 1438.86
Iteration:  12920, Loss function: 3.797, Average Loss: 3.754, avg. samples / sec: 1439.66
Iteration:  12940, Loss function: 3.734, Average Loss: 3.754, avg. samples / sec: 1441.32
Iteration:  12960, Loss function: 3.883, Average Loss: 3.752, avg. samples / sec: 1438.86
Iteration:  12980, Loss function: 3.659, Average Loss: 3.751, avg. samples / sec: 1441.14
Iteration:  13000, Loss function: 3.843, Average Loss: 3.752, avg. samples / sec: 1441.30
Iteration:  13020, Loss function: 4.015, Average Loss: 3.752, avg. samples / sec: 1442.02
:::MLL 1586374243.546 epoch_stop: {"value": null, "metadata": {"epoch_num": 40, "file": "train.py", "lineno": 819}}
:::MLL 1586374243.547 epoch_start: {"value": null, "metadata": {"epoch_num": 41, "file": "train.py", "lineno": 673}}
Iteration:  13040, Loss function: 3.619, Average Loss: 3.751, avg. samples / sec: 1438.95
Iteration:  13060, Loss function: 3.574, Average Loss: 3.750, avg. samples / sec: 1443.53
Iteration:  13080, Loss function: 3.829, Average Loss: 3.749, avg. samples / sec: 1438.90
Iteration:  13100, Loss function: 3.613, Average Loss: 3.747, avg. samples / sec: 1443.36
Iteration:  13120, Loss function: 3.858, Average Loss: 3.746, avg. samples / sec: 1436.31
Iteration:  13140, Loss function: 3.773, Average Loss: 3.745, avg. samples / sec: 1438.93
Iteration:  13160, Loss function: 3.849, Average Loss: 3.745, avg. samples / sec: 1442.46
Iteration:  13180, Loss function: 3.852, Average Loss: 3.744, avg. samples / sec: 1434.75
Iteration:  13200, Loss function: 3.750, Average Loss: 3.744, avg. samples / sec: 1440.19
Iteration:  13220, Loss function: 3.404, Average Loss: 3.744, avg. samples / sec: 1439.24
Iteration:  13240, Loss function: 3.444, Average Loss: 3.744, avg. samples / sec: 1441.90
Iteration:  13260, Loss function: 4.014, Average Loss: 3.744, avg. samples / sec: 1441.05
Iteration:  13280, Loss function: 3.766, Average Loss: 3.743, avg. samples / sec: 1437.60
Iteration:  13300, Loss function: 3.646, Average Loss: 3.743, avg. samples / sec: 1441.74
Iteration:  13320, Loss function: 3.624, Average Loss: 3.742, avg. samples / sec: 1438.13
Iteration:  13340, Loss function: 3.763, Average Loss: 3.741, avg. samples / sec: 1443.62
:::MLL 1586374325.053 epoch_stop: {"value": null, "metadata": {"epoch_num": 41, "file": "train.py", "lineno": 819}}
:::MLL 1586374325.053 epoch_start: {"value": null, "metadata": {"epoch_num": 42, "file": "train.py", "lineno": 673}}
Iteration:  13360, Loss function: 3.502, Average Loss: 3.739, avg. samples / sec: 1434.85
Iteration:  13380, Loss function: 3.737, Average Loss: 3.738, avg. samples / sec: 1435.89
Iteration:  13400, Loss function: 3.920, Average Loss: 3.737, avg. samples / sec: 1445.04
Iteration:  13420, Loss function: 3.712, Average Loss: 3.737, avg. samples / sec: 1445.25
Iteration:  13440, Loss function: 3.758, Average Loss: 3.737, avg. samples / sec: 1431.33
Iteration:  13460, Loss function: 3.734, Average Loss: 3.736, avg. samples / sec: 1439.00
Iteration:  13480, Loss function: 3.815, Average Loss: 3.735, avg. samples / sec: 1438.92
Iteration:  13500, Loss function: 3.476, Average Loss: 3.734, avg. samples / sec: 1440.66
Iteration:  13520, Loss function: 4.089, Average Loss: 3.732, avg. samples / sec: 1440.59
Iteration:  13540, Loss function: 3.846, Average Loss: 3.733, avg. samples / sec: 1438.68
Iteration:  13560, Loss function: 3.803, Average Loss: 3.731, avg. samples / sec: 1439.23
Iteration:  13580, Loss function: 3.785, Average Loss: 3.731, avg. samples / sec: 1438.37
Iteration:  13600, Loss function: 3.775, Average Loss: 3.730, avg. samples / sec: 1438.62
Iteration:  13620, Loss function: 3.547, Average Loss: 3.731, avg. samples / sec: 1440.93
Iteration:  13640, Loss function: 3.348, Average Loss: 3.732, avg. samples / sec: 1439.03
Iteration:  13660, Loss function: 3.444, Average Loss: 3.732, avg. samples / sec: 1435.51
Iteration:  13680, Loss function: 3.594, Average Loss: 3.732, avg. samples / sec: 1437.65
:::MLL 1586374406.619 epoch_stop: {"value": null, "metadata": {"epoch_num": 42, "file": "train.py", "lineno": 819}}
:::MLL 1586374406.619 epoch_start: {"value": null, "metadata": {"epoch_num": 43, "file": "train.py", "lineno": 673}}
Iteration:  13700, Loss function: 3.815, Average Loss: 3.731, avg. samples / sec: 1434.86
Iteration:  13720, Loss function: 3.892, Average Loss: 3.730, avg. samples / sec: 1439.78
Iteration:  13740, Loss function: 3.658, Average Loss: 3.728, avg. samples / sec: 1437.00
Iteration:  13760, Loss function: 3.840, Average Loss: 3.727, avg. samples / sec: 1439.79
Iteration:  13780, Loss function: 3.864, Average Loss: 3.728, avg. samples / sec: 1438.63
Iteration:  13800, Loss function: 3.546, Average Loss: 3.727, avg. samples / sec: 1436.09
Iteration:  13820, Loss function: 3.520, Average Loss: 3.724, avg. samples / sec: 1440.00
Iteration:  13840, Loss function: 3.488, Average Loss: 3.723, avg. samples / sec: 1437.74
Iteration:  13860, Loss function: 3.624, Average Loss: 3.723, avg. samples / sec: 1435.20
Iteration:  13880, Loss function: 3.734, Average Loss: 3.723, avg. samples / sec: 1439.51
Iteration:  13900, Loss function: 3.590, Average Loss: 3.721, avg. samples / sec: 1445.74
Iteration:  13920, Loss function: 3.455, Average Loss: 3.721, avg. samples / sec: 1444.54
Iteration:  13940, Loss function: 3.706, Average Loss: 3.720, avg. samples / sec: 1444.62
Iteration:  13960, Loss function: 3.730, Average Loss: 3.720, avg. samples / sec: 1442.31
Iteration:  13980, Loss function: 3.863, Average Loss: 3.721, avg. samples / sec: 1439.69
Iteration:  14000, Loss function: 3.694, Average Loss: 3.721, avg. samples / sec: 1439.96
:::MLL 1586374487.891 epoch_stop: {"value": null, "metadata": {"epoch_num": 43, "file": "train.py", "lineno": 819}}
:::MLL 1586374487.891 epoch_start: {"value": null, "metadata": {"epoch_num": 44, "file": "train.py", "lineno": 673}}
Iteration:  14020, Loss function: 3.813, Average Loss: 3.720, avg. samples / sec: 1438.72
Iteration:  14040, Loss function: 3.678, Average Loss: 3.718, avg. samples / sec: 1443.66
Iteration:  14060, Loss function: 3.540, Average Loss: 3.718, avg. samples / sec: 1443.79
Iteration:  14080, Loss function: 3.662, Average Loss: 3.716, avg. samples / sec: 1444.45
Iteration:  14100, Loss function: 3.705, Average Loss: 3.714, avg. samples / sec: 1442.96
Iteration:  14120, Loss function: 3.978, Average Loss: 3.714, avg. samples / sec: 1434.51
Iteration:  14140, Loss function: 3.657, Average Loss: 3.714, avg. samples / sec: 1441.49
Iteration:  14160, Loss function: 3.820, Average Loss: 3.713, avg. samples / sec: 1437.64
Iteration:  14180, Loss function: 3.741, Average Loss: 3.712, avg. samples / sec: 1436.85
Iteration:  14200, Loss function: 3.528, Average Loss: 3.711, avg. samples / sec: 1441.80
Iteration:  14220, Loss function: 3.736, Average Loss: 3.711, avg. samples / sec: 1438.56
lr decay step #1
:::MLL 1586374541.878 eval_start: {"value": null, "metadata": {"epoch_num": 44, "file": "train.py", "lineno": 276}}
Parsing batch: 0/11Parsing batch: 0/11Parsing batch: 0/11Parsing batch: 1/11Parsing batch: 1/11Parsing batch: 1/11Parsing batch: 2/11Parsing batch: 2/11Parsing batch: 2/11Parsing batch: 3/11Parsing batch: 3/11Parsing batch: 3/11Parsing batch: 4/11Parsing batch: 4/11Parsing batch: 4/11Parsing batch: 5/11Parsing batch: 5/11Parsing batch: 5/11Parsing batch: 6/11Parsing batch: 6/11Parsing batch: 6/11Parsing batch: 7/11Parsing batch: 7/11Parsing batch: 7/11Parsing batch: 8/11Parsing batch: 8/11Parsing batch: 8/11Parsing batch: 9/11Parsing batch: 9/11Parsing batch: 9/11Parsing batch: 10/11Parsing batch: 10/11Parsing batch: 10/11Predicting Ended, total time: 13.02 s
Loading and preparing results...
Loading and preparing results...
Loading and preparing results...
DONE (t=0.63s)
DONE (t=0.63s)
Running per image evaluation...
Evaluate annotation type *bbox*
DONE (t=0.64s)
DONE (t=2.51s).
Accumulating evaluation results...
DONE (t=0.00s).
 Average Precision  (AP) @[ IoU=0.50:0.95 | area=   all | maxDets=100 ] = 0.18796
 Average Precision  (AP) @[ IoU=0.50      | area=   all | maxDets=100 ] = 0.33990
 Average Precision  (AP) @[ IoU=0.75      | area=   all | maxDets=100 ] = 0.18795
 Average Precision  (AP) @[ IoU=0.50:0.95 | area= small | maxDets=100 ] = 0.04752
 Average Precision  (AP) @[ IoU=0.50:0.95 | area=medium | maxDets=100 ] = 0.19618
 Average Precision  (AP) @[ IoU=0.50:0.95 | area= large | maxDets=100 ] = 0.30395
 Average Recall     (AR) @[ IoU=0.50:0.95 | area=   all | maxDets=  1 ] = 0.19333
 Average Recall     (AR) @[ IoU=0.50:0.95 | area=   all | maxDets= 10 ] = 0.28009
 Average Recall     (AR) @[ IoU=0.50:0.95 | area=   all | maxDets=100 ] = 0.29656
 Average Recall     (AR) @[ IoU=0.50:0.95 | area= small | maxDets=100 ] = 0.08614
 Average Recall     (AR) @[ IoU=0.50:0.95 | area=medium | maxDets=100 ] = 0.31718
 Average Recall     (AR) @[ IoU=0.50:0.95 | area= large | maxDets=100 ] = 0.45336
Current AP: 0.18796 AP goal: 0.23000
:::MLL 1586374558.130 eval_accuracy: {"value": 0.18796077468062555, "metadata": {"epoch_num": 44, "file": "train.py", "lineno": 389}}
:::MLL 1586374558.160 eval_stop: {"value": null, "metadata": {"epoch_num": 44, "file": "train.py", "lineno": 392}}
:::MLL 1586374558.172 block_stop: {"value": null, "metadata": {"first_epoch_num": 33, "file": "train.py", "lineno": 804}}
:::MLL 1586374558.173 block_start: {"value": null, "metadata": {"first_epoch_num": 44, "epoch_count": 5.457677417154162, "file": "train.py", "lineno": 813}}
Iteration:  14240, Loss function: 3.816, Average Loss: 3.709, avg. samples / sec: 338.03
Iteration:  14260, Loss function: 3.397, Average Loss: 3.706, avg. samples / sec: 1446.39
Iteration:  14280, Loss function: 3.366, Average Loss: 3.701, avg. samples / sec: 1445.88
Iteration:  14300, Loss function: 3.453, Average Loss: 3.697, avg. samples / sec: 1442.03
Iteration:  14320, Loss function: 3.248, Average Loss: 3.692, avg. samples / sec: 1446.52
:::MLL 1586374585.585 epoch_stop: {"value": null, "metadata": {"epoch_num": 44, "file": "train.py", "lineno": 819}}
:::MLL 1586374585.586 epoch_start: {"value": null, "metadata": {"epoch_num": 45, "file": "train.py", "lineno": 673}}
Iteration:  14340, Loss function: 3.617, Average Loss: 3.686, avg. samples / sec: 1445.66
Iteration:  14360, Loss function: 3.406, Average Loss: 3.680, avg. samples / sec: 1446.41
Iteration:  14380, Loss function: 3.307, Average Loss: 3.674, avg. samples / sec: 1441.22
Iteration:  14400, Loss function: 3.150, Average Loss: 3.666, avg. samples / sec: 1442.72
Iteration:  14420, Loss function: 3.336, Average Loss: 3.660, avg. samples / sec: 1435.70
Iteration:  14440, Loss function: 3.167, Average Loss: 3.654, avg. samples / sec: 1444.69
Iteration:  14460, Loss function: 3.359, Average Loss: 3.649, avg. samples / sec: 1446.19
Iteration:  14480, Loss function: 3.436, Average Loss: 3.643, avg. samples / sec: 1438.18
Iteration:  14500, Loss function: 3.243, Average Loss: 3.636, avg. samples / sec: 1445.26
Iteration:  14520, Loss function: 3.181, Average Loss: 3.630, avg. samples / sec: 1441.72
Iteration:  14540, Loss function: 3.109, Average Loss: 3.624, avg. samples / sec: 1443.73
Iteration:  14560, Loss function: 3.205, Average Loss: 3.619, avg. samples / sec: 1443.57
Iteration:  14580, Loss function: 3.161, Average Loss: 3.612, avg. samples / sec: 1441.18
Iteration:  14600, Loss function: 3.259, Average Loss: 3.607, avg. samples / sec: 1439.29
Iteration:  14620, Loss function: 3.267, Average Loss: 3.603, avg. samples / sec: 1443.91
Iteration:  14640, Loss function: 3.461, Average Loss: 3.598, avg. samples / sec: 1437.87
:::MLL 1586374666.973 epoch_stop: {"value": null, "metadata": {"epoch_num": 45, "file": "train.py", "lineno": 819}}
:::MLL 1586374666.973 epoch_start: {"value": null, "metadata": {"epoch_num": 46, "file": "train.py", "lineno": 673}}
Iteration:  14660, Loss function: 2.903, Average Loss: 3.593, avg. samples / sec: 1436.04
Iteration:  14680, Loss function: 3.513, Average Loss: 3.588, avg. samples / sec: 1441.46
Iteration:  14700, Loss function: 3.259, Average Loss: 3.583, avg. samples / sec: 1445.54
Iteration:  14720, Loss function: 3.596, Average Loss: 3.577, avg. samples / sec: 1433.08
Iteration:  14740, Loss function: 3.745, Average Loss: 3.572, avg. samples / sec: 1434.64
Iteration:  14760, Loss function: 3.405, Average Loss: 3.566, avg. samples / sec: 1441.58
Iteration:  14780, Loss function: 3.390, Average Loss: 3.562, avg. samples / sec: 1442.18
Iteration:  14800, Loss function: 3.235, Average Loss: 3.556, avg. samples / sec: 1438.66
Iteration:  14820, Loss function: 3.085, Average Loss: 3.551, avg. samples / sec: 1441.38
Iteration:  14840, Loss function: 3.401, Average Loss: 3.546, avg. samples / sec: 1437.51
Iteration:  14860, Loss function: 3.382, Average Loss: 3.542, avg. samples / sec: 1438.16
Iteration:  14880, Loss function: 3.423, Average Loss: 3.537, avg. samples / sec: 1441.00
Iteration:  14900, Loss function: 3.394, Average Loss: 3.532, avg. samples / sec: 1434.90
Iteration:  14920, Loss function: 3.343, Average Loss: 3.528, avg. samples / sec: 1443.57
Iteration:  14940, Loss function: 3.071, Average Loss: 3.523, avg. samples / sec: 1439.26
Iteration:  14960, Loss function: 3.252, Average Loss: 3.518, avg. samples / sec: 1437.50
Iteration:  14980, Loss function: 3.139, Average Loss: 3.515, avg. samples / sec: 1433.69
:::MLL 1586374748.291 epoch_stop: {"value": null, "metadata": {"epoch_num": 46, "file": "train.py", "lineno": 819}}
:::MLL 1586374748.291 epoch_start: {"value": null, "metadata": {"epoch_num": 47, "file": "train.py", "lineno": 673}}
Iteration:  15000, Loss function: 3.406, Average Loss: 3.510, avg. samples / sec: 1435.11
Iteration:  15020, Loss function: 3.341, Average Loss: 3.506, avg. samples / sec: 1436.10
Iteration:  15040, Loss function: 3.264, Average Loss: 3.503, avg. samples / sec: 1436.85
Iteration:  15060, Loss function: 3.304, Average Loss: 3.499, avg. samples / sec: 1438.15
Iteration:  15080, Loss function: 3.384, Average Loss: 3.494, avg. samples / sec: 1437.61
Iteration:  15100, Loss function: 3.106, Average Loss: 3.491, avg. samples / sec: 1439.16
Iteration:  15120, Loss function: 3.255, Average Loss: 3.486, avg. samples / sec: 1431.89
Iteration:  15140, Loss function: 3.287, Average Loss: 3.482, avg. samples / sec: 1441.23
Iteration:  15160, Loss function: 3.323, Average Loss: 3.478, avg. samples / sec: 1435.75
Iteration:  15180, Loss function: 3.308, Average Loss: 3.474, avg. samples / sec: 1439.75
Iteration:  15200, Loss function: 3.498, Average Loss: 3.470, avg. samples / sec: 1441.38
Iteration:  15220, Loss function: 3.488, Average Loss: 3.467, avg. samples / sec: 1439.79
Iteration:  15240, Loss function: 3.126, Average Loss: 3.463, avg. samples / sec: 1435.00
Iteration:  15260, Loss function: 3.273, Average Loss: 3.460, avg. samples / sec: 1440.40
Iteration:  15280, Loss function: 3.436, Average Loss: 3.456, avg. samples / sec: 1441.45
Iteration:  15300, Loss function: 3.542, Average Loss: 3.454, avg. samples / sec: 1439.44
:::MLL 1586374829.904 epoch_stop: {"value": null, "metadata": {"epoch_num": 47, "file": "train.py", "lineno": 819}}
:::MLL 1586374829.904 epoch_start: {"value": null, "metadata": {"epoch_num": 48, "file": "train.py", "lineno": 673}}
Iteration:  15320, Loss function: 3.261, Average Loss: 3.450, avg. samples / sec: 1438.04
Iteration:  15340, Loss function: 3.228, Average Loss: 3.446, avg. samples / sec: 1439.31
Iteration:  15360, Loss function: 3.315, Average Loss: 3.443, avg. samples / sec: 1440.64
Iteration:  15380, Loss function: 3.419, Average Loss: 3.440, avg. samples / sec: 1440.45
Iteration:  15400, Loss function: 3.650, Average Loss: 3.437, avg. samples / sec: 1439.76
Iteration:  15420, Loss function: 3.222, Average Loss: 3.435, avg. samples / sec: 1443.80
Iteration:  15440, Loss function: 3.174, Average Loss: 3.432, avg. samples / sec: 1438.29
Iteration:  15460, Loss function: 3.256, Average Loss: 3.429, avg. samples / sec: 1442.20
Iteration:  15480, Loss function: 3.132, Average Loss: 3.426, avg. samples / sec: 1437.21
Iteration:  15500, Loss function: 3.285, Average Loss: 3.422, avg. samples / sec: 1444.38
Iteration:  15520, Loss function: 3.507, Average Loss: 3.418, avg. samples / sec: 1441.97
Iteration:  15540, Loss function: 2.963, Average Loss: 3.415, avg. samples / sec: 1439.39
Iteration:  15560, Loss function: 3.372, Average Loss: 3.411, avg. samples / sec: 1435.94
Iteration:  15580, Loss function: 2.999, Average Loss: 3.407, avg. samples / sec: 1442.57
Iteration:  15600, Loss function: 3.357, Average Loss: 3.405, avg. samples / sec: 1437.76
Iteration:  15620, Loss function: 3.172, Average Loss: 3.403, avg. samples / sec: 1440.49
:::MLL 1586374911.397 epoch_stop: {"value": null, "metadata": {"epoch_num": 48, "file": "train.py", "lineno": 819}}
:::MLL 1586374911.397 epoch_start: {"value": null, "metadata": {"epoch_num": 49, "file": "train.py", "lineno": 673}}
Iteration:  15640, Loss function: 3.155, Average Loss: 3.400, avg. samples / sec: 1437.88
Iteration:  15660, Loss function: 3.048, Average Loss: 3.397, avg. samples / sec: 1444.36
Iteration:  15680, Loss function: 3.273, Average Loss: 3.394, avg. samples / sec: 1441.07
Iteration:  15700, Loss function: 3.155, Average Loss: 3.391, avg. samples / sec: 1440.95
Iteration:  15720, Loss function: 3.182, Average Loss: 3.389, avg. samples / sec: 1439.37
Iteration:  15740, Loss function: 2.966, Average Loss: 3.385, avg. samples / sec: 1438.80
Iteration:  15760, Loss function: 3.248, Average Loss: 3.382, avg. samples / sec: 1439.29
Iteration:  15780, Loss function: 3.372, Average Loss: 3.379, avg. samples / sec: 1441.25
Iteration:  15800, Loss function: 3.096, Average Loss: 3.377, avg. samples / sec: 1442.08
Iteration:  15820, Loss function: 2.972, Average Loss: 3.375, avg. samples / sec: 1441.56
Iteration:  15840, Loss function: 3.317, Average Loss: 3.372, avg. samples / sec: 1440.80
Iteration:  15860, Loss function: 3.583, Average Loss: 3.370, avg. samples / sec: 1442.71
Iteration:  15880, Loss function: 3.187, Average Loss: 3.367, avg. samples / sec: 1441.66
Iteration:  15900, Loss function: 3.059, Average Loss: 3.365, avg. samples / sec: 1438.13
Iteration:  15920, Loss function: 3.483, Average Loss: 3.363, avg. samples / sec: 1429.37
Iteration:  15940, Loss function: 3.409, Average Loss: 3.360, avg. samples / sec: 1432.07
Iteration:  15960, Loss function: 3.457, Average Loss: 3.358, avg. samples / sec: 1441.22
:::MLL 1586374992.924 epoch_stop: {"value": null, "metadata": {"epoch_num": 49, "file": "train.py", "lineno": 819}}
:::MLL 1586374992.925 epoch_start: {"value": null, "metadata": {"epoch_num": 50, "file": "train.py", "lineno": 673}}
Iteration:  15980, Loss function: 3.547, Average Loss: 3.357, avg. samples / sec: 1436.58
Iteration:  16000, Loss function: 3.358, Average Loss: 3.355, avg. samples / sec: 1443.16
:::MLL 1586375002.677 eval_start: {"value": null, "metadata": {"epoch_num": 50, "file": "train.py", "lineno": 276}}
Parsing batch: 0/11Parsing batch: 0/11Parsing batch: 0/11Parsing batch: 1/11Parsing batch: 1/11Parsing batch: 1/11Parsing batch: 2/11Parsing batch: 2/11Parsing batch: 2/11Parsing batch: 3/11Parsing batch: 3/11Parsing batch: 3/11Parsing batch: 4/11Parsing batch: 4/11Parsing batch: 5/11Parsing batch: 4/11Parsing batch: 5/11Parsing batch: 5/11Parsing batch: 6/11Parsing batch: 6/11Parsing batch: 6/11Parsing batch: 7/11Parsing batch: 7/11Parsing batch: 7/11Parsing batch: 8/11Parsing batch: 8/11Parsing batch: 9/11Parsing batch: 9/11Parsing batch: 8/11Parsing batch: 10/11Parsing batch: 10/11Parsing batch: 9/11Parsing batch: 10/11Predicting Ended, total time: 13.67 s
Loading and preparing results...
Loading and preparing results...
Loading and preparing results...
DONE (t=0.58s)
DONE (t=0.58s)
Running per image evaluation...
Evaluate annotation type *bbox*
DONE (t=0.86s)
DONE (t=2.38s).
Accumulating evaluation results...
DONE (t=0.00s).
 Average Precision  (AP) @[ IoU=0.50:0.95 | area=   all | maxDets=100 ] = 0.23334
 Average Precision  (AP) @[ IoU=0.50      | area=   all | maxDets=100 ] = 0.39840
 Average Precision  (AP) @[ IoU=0.75      | area=   all | maxDets=100 ] = 0.23814
 Average Precision  (AP) @[ IoU=0.50:0.95 | area= small | maxDets=100 ] = 0.06097
 Average Precision  (AP) @[ IoU=0.50:0.95 | area=medium | maxDets=100 ] = 0.24684
 Average Precision  (AP) @[ IoU=0.50:0.95 | area= large | maxDets=100 ] = 0.38131
 Average Recall     (AR) @[ IoU=0.50:0.95 | area=   all | maxDets=  1 ] = 0.22401
 Average Recall     (AR) @[ IoU=0.50:0.95 | area=   all | maxDets= 10 ] = 0.32785
 Average Recall     (AR) @[ IoU=0.50:0.95 | area=   all | maxDets=100 ] = 0.34452
 Average Recall     (AR) @[ IoU=0.50:0.95 | area= small | maxDets=100 ] = 0.10328
 Average Recall     (AR) @[ IoU=0.50:0.95 | area=medium | maxDets=100 ] = 0.37444
 Average Recall     (AR) @[ IoU=0.50:0.95 | area= large | maxDets=100 ] = 0.53673
Current AP: 0.23334 AP goal: 0.23000
:::MLL 1586375019.409 eval_accuracy: {"value": 0.23333779363281387, "metadata": {"epoch_num": 50, "file": "train.py", "lineno": 389}}
:::MLL 1586375019.655 eval_stop: {"value": null, "metadata": {"epoch_num": 50, "file": "train.py", "lineno": 392}}
:::MLL 1586375019.675 block_stop: {"value": null, "metadata": {"first_epoch_num": 44, "file": "train.py", "lineno": 804}}
:::MLL 1586375020.292 run_stop: {"value": null, "metadata": {"status": "success", "file": "train.py", "lineno": 849}}
Binding: ['/usr/bin/numactl', '--physcpubind=0-19', '/opt/conda/bin/python', '-u', 'train.py', '--local_rank=0', '--use-fp16', '--nhwc', '--pad-input', '--jit', '--delay-allreduce', '--opt-loss', '--epochs', '80', '--warmup-factor', '0', '--no-save', '--threshold=0.23', '--data', '/data/coco2017', '--evaluation', '120000', '160000', '180000', '200000', '220000', '240000', '260000', '280000', '--batch-size', '120', '--eval-batch-size', '160', '--warmup', '650', '--lr', '2.92e-3', '--wd', '1.6e-4', '--use-nvjpeg', '--use-roi-decode']
Binding: ['/usr/bin/numactl', '--physcpubind=20-39', '/opt/conda/bin/python', '-u', 'train.py', '--local_rank=1', '--use-fp16', '--nhwc', '--pad-input', '--jit', '--delay-allreduce', '--opt-loss', '--epochs', '80', '--warmup-factor', '0', '--no-save', '--threshold=0.23', '--data', '/data/coco2017', '--evaluation', '120000', '160000', '180000', '200000', '220000', '240000', '260000', '280000', '--batch-size', '120', '--eval-batch-size', '160', '--warmup', '650', '--lr', '2.92e-3', '--wd', '1.6e-4', '--use-nvjpeg', '--use-roi-decode']
Binding: ['/usr/bin/numactl', '--physcpubind=40-59', '/opt/conda/bin/python', '-u', 'train.py', '--local_rank=2', '--use-fp16', '--nhwc', '--pad-input', '--jit', '--delay-allreduce', '--opt-loss', '--epochs', '80', '--warmup-factor', '0', '--no-save', '--threshold=0.23', '--data', '/data/coco2017', '--evaluation', '120000', '160000', '180000', '200000', '220000', '240000', '260000', '280000', '--batch-size', '120', '--eval-batch-size', '160', '--warmup', '650', '--lr', '2.92e-3', '--wd', '1.6e-4', '--use-nvjpeg', '--use-roi-decode']
+ ret_code=0
+ set +x
ENDING TIMING RUN AT 2020-04-08 07:43:44 PM
RESULT,SINGLE_STAGE_DETECTOR,,4074,nvidia,2020-04-08 06:35:50 PM
