Beginning trial 1 of 1
Gathering sys log on node001
:::MLL 1586394676.940 submission_benchmark: {"value": "ssd", "metadata": {"file": "mlperf_log_utils.py", "lineno": 176}}
:::MLL 1586394676.941 submission_org: {"value": "NVIDIA", "metadata": {"file": "mlperf_log_utils.py", "lineno": 181}}
WARNING: Log validation: Key "submission_division" is not in known ssd keys.
:::MLL 1586394676.942 submission_division: {"value": "closed", "metadata": {"file": "mlperf_log_utils.py", "lineno": 185}}
:::MLL 1586394676.942 submission_status: {"value": "onprem", "metadata": {"file": "mlperf_log_utils.py", "lineno": 189}}
:::MLL 1586394676.943 submission_platform: {"value": "1xPowerEdge R7525", "metadata": {"file": "mlperf_log_utils.py", "lineno": 193}}
:::MLL 1586394676.944 submission_entry: {"value": "{'hardware': 'PowerEdge R7525', 'framework': 'PyTorch NVIDIA Release 19.05', 'power': 'N/A', 'notes': 'N/A', 'interconnect': ' ', 'os': '\\\\S / ', 'libraries': \"{'container_base': 'Ubuntu-16.04', 'openmpi_version': '3.1.3', 'mofed_version': '4.0-0', 'cuda_version': '10.1.163', 'cuda_driver_version': '418.67', 'nccl_version': '2.4.6', 'cudnn_version': '7.6.0.64', 'cublas_version': '10.2.0.163', 'trt_version': '5.1.5.0', 'dali_version': '0.9.1'}\", 'compilers': 'gcc (Ubuntu 5.4.0-6ubuntu1~16.04.11) 5.4.0 20160609', 'nodes': \"{'num_nodes': '1', 'cpu': '2x AMD EPYC 7502 32-Core Processor', 'num_cores': '64', 'num_vcpus': '64', 'accelerator': 'Tesla V100-PCIE-32GB', 'num_accelerators': '3', 'sys_mem_size': '251 GB', 'sys_storage_type': 'NVMe SSD', 'sys_storage_size': '1x 931.5G', 'cpu_accel_interconnect': 'QPI', 'network_card': '', 'num_network_cards': '0', 'notes': ''}\"}", "metadata": {"file": "mlperf_log_utils.py", "lineno": 197}}
:::MLL 1586394676.945 submission_poc_name: {"value": "Paulius Micikevicius", "metadata": {"file": "mlperf_log_utils.py", "lineno": 201}}
:::MLL 1586394676.946 submission_poc_email: {"value": "pauliusm@nvidia.com", "metadata": {"file": "mlperf_log_utils.py", "lineno": 205}}
Clearing caches
:::MLL 1586394677.709 cache_clear: {"value": true, "metadata": {"file": "<string>", "lineno": 1}}
Launching on node node001
+ pids+=($!)
+ set +x
++ eval echo
+++ echo
+ docker exec -e DGXSYSTEM=DGX1 -e 'MULTI_NODE= --master_port=4530' -e SLURM_JOB_ID=200408200845826468436 -e SLURM_NTASKS_PER_NODE= cont_200408200845826468436 ./run_and_time.sh
Run vars: id 200408200845826468436 gpus 3 mparams  --master_port=4530
STARTING TIMING RUN AT 2020-04-09 01:11:18 AM
running benchmark
+ NUMEPOCHS=80
+ echo 'running benchmark'
+ export DATASET_DIR=/data/coco2017
+ DATASET_DIR=/data/coco2017
+ export TORCH_MODEL_ZOO=/data/torchvision
+ TORCH_MODEL_ZOO=/data/torchvision
+ python -m bind_launch --nsockets_per_node 2 --ncores_per_socket 32 --nproc_per_node 3 --master_port=4530 --no_hyperthreads --no_membind train.py --use-fp16 --nhwc --pad-input --jit --delay-allreduce --opt-loss --epochs 80 --warmup-factor 0 --no-save --threshold=0.23 --data /data/coco2017 --evaluation 120000 160000 180000 200000 220000 240000 260000 280000 --batch-size 160 --eval-batch-size 160 --warmup 650 --lr 2.92e-3 --wd 1.6e-4 --use-nvjpeg --use-roi-decode
:::MLL 1586394680.308 init_start: {"value": null, "metadata": {"file": "train.py", "lineno": 833}}
:::MLL 1586394680.311 init_start: {"value": null, "metadata": {"file": "train.py", "lineno": 833}}
:::MLL 1586394680.311 init_start: {"value": null, "metadata": {"file": "train.py", "lineno": 833}}
BN group: 1
BN group: 1
BN group: 1
1 Using seed = 2705704912
2 Using seed = 2705704913
0 Using seed = 2705704911
:::MLL 1586394684.872 max_samples: {"value": 1, "metadata": {"file": "utils.py", "lineno": 465}}
/opt/conda/lib/python3.6/site-packages/torch/nn/_reduction.py:46: UserWarning: size_average and reduce args will be deprecated, please use reduction='none' instead.
  warnings.warn(warning.format(ret))
/opt/conda/lib/python3.6/site-packages/torch/nn/_reduction.py:46: UserWarning: size_average and reduce args will be deprecated, please use reduction='none' instead.
  warnings.warn(warning.format(ret))
/opt/conda/lib/python3.6/site-packages/torch/nn/_reduction.py:46: UserWarning: size_average and reduce args will be deprecated, please use reduction='none' instead.
  warnings.warn(warning.format(ret))
Delaying allreduces to the end of backward()
:::MLL 1586394685.533 model_bn_span: {"value": 160, "metadata": {"file": "train.py", "lineno": 480}}
:::MLL 1586394685.533 global_batch_size: {"value": 480, "metadata": {"file": "train.py", "lineno": 481}}
:::MLL 1586394685.547 opt_base_learning_rate: {"value": 0.045, "metadata": {"file": "train.py", "lineno": 511}}
:::MLL 1586394685.547 opt_weight_decay: {"value": 0.00016, "metadata": {"file": "train.py", "lineno": 513}}
:::MLL 1586394685.547 opt_learning_rate_warmup_steps: {"value": 650, "metadata": {"file": "train.py", "lineno": 516}}
:::MLL 1586394685.547 opt_learning_rate_warmup_factor: {"value": 0, "metadata": {"file": "train.py", "lineno": 518}}
epoch nbatch loss
:::MLL 1586394690.889 init_stop: {"value": null, "metadata": {"file": "train.py", "lineno": 604}}
:::MLL 1586394690.890 run_start: {"value": null, "metadata": {"file": "train.py", "lineno": 610}}
loading annotations into memory...
loading annotations into memory...
loading annotations into memory...
Done (t=1.25s)
creating index...
Done (t=1.25s)
creating index...
Done (t=1.26s)
creating index...
time_check a: 1586394693.993150711
time_check b: 1586394698.454886198
:::MLL 1586394698.985 block_start: {"value": null, "metadata": {"first_epoch_num": 1, "epoch_count": 32.74606450292497, "file": "train.py", "lineno": 669}}
:::MLL 1586394698.985 epoch_start: {"value": null, "metadata": {"epoch_num": 1, "file": "train.py", "lineno": 673}}
Iteration:      0, Loss function: 22.760, Average Loss: 0.023, avg. samples / sec: 33.54
Iteration:     20, Loss function: 20.671, Average Loss: 0.449, avg. samples / sec: 1303.80
Iteration:     40, Loss function: 20.047, Average Loss: 0.847, avg. samples / sec: 1455.51
Iteration:     60, Loss function: 14.360, Average Loss: 1.189, avg. samples / sec: 1463.06
Iteration:     80, Loss function: 10.756, Average Loss: 1.423, avg. samples / sec: 1471.84
Iteration:    100, Loss function: 9.845, Average Loss: 1.605, avg. samples / sec: 1475.84
Iteration:    120, Loss function: 9.377, Average Loss: 1.763, avg. samples / sec: 1483.28
Iteration:    140, Loss function: 9.111, Average Loss: 1.911, avg. samples / sec: 1489.31
Iteration:    160, Loss function: 8.889, Average Loss: 2.052, avg. samples / sec: 1484.16
Iteration:    180, Loss function: 8.890, Average Loss: 2.183, avg. samples / sec: 1478.84
Iteration:    200, Loss function: 8.306, Average Loss: 2.310, avg. samples / sec: 1476.03
Iteration:    220, Loss function: 8.420, Average Loss: 2.429, avg. samples / sec: 1479.88
Iteration:    240, Loss function: 8.222, Average Loss: 2.550, avg. samples / sec: 1474.35
:::MLL 1586394780.741 epoch_stop: {"value": null, "metadata": {"epoch_num": 1, "file": "train.py", "lineno": 819}}
:::MLL 1586394780.741 epoch_start: {"value": null, "metadata": {"epoch_num": 2, "file": "train.py", "lineno": 673}}
Iteration:    260, Loss function: 7.808, Average Loss: 2.662, avg. samples / sec: 1477.11
Iteration:    280, Loss function: 7.664, Average Loss: 2.765, avg. samples / sec: 1473.48
Iteration:    300, Loss function: 8.017, Average Loss: 2.864, avg. samples / sec: 1480.89
Iteration:    320, Loss function: 7.445, Average Loss: 2.961, avg. samples / sec: 1475.21
Iteration:    340, Loss function: 7.510, Average Loss: 3.050, avg. samples / sec: 1466.09
Iteration:    360, Loss function: 7.376, Average Loss: 3.144, avg. samples / sec: 1469.77
Iteration:    380, Loss function: 7.313, Average Loss: 3.226, avg. samples / sec: 1478.11
Iteration:    400, Loss function: 7.230, Average Loss: 3.306, avg. samples / sec: 1467.23
Iteration:    420, Loss function: 7.554, Average Loss: 3.386, avg. samples / sec: 1473.48
Iteration:    440, Loss function: 6.809, Average Loss: 3.460, avg. samples / sec: 1474.42
Iteration:    460, Loss function: 6.816, Average Loss: 3.529, avg. samples / sec: 1476.58
Iteration:    480, Loss function: 6.657, Average Loss: 3.596, avg. samples / sec: 1469.41
:::MLL 1586394860.225 epoch_stop: {"value": null, "metadata": {"epoch_num": 2, "file": "train.py", "lineno": 819}}
:::MLL 1586394860.225 epoch_start: {"value": null, "metadata": {"epoch_num": 3, "file": "train.py", "lineno": 673}}
Iteration:    500, Loss function: 6.939, Average Loss: 3.661, avg. samples / sec: 1468.91
Iteration:    520, Loss function: 6.664, Average Loss: 3.722, avg. samples / sec: 1472.59
Iteration:    540, Loss function: 6.795, Average Loss: 3.782, avg. samples / sec: 1470.19
Iteration:    560, Loss function: 6.651, Average Loss: 3.838, avg. samples / sec: 1469.43
Iteration:    580, Loss function: 6.906, Average Loss: 3.893, avg. samples / sec: 1473.61
Iteration:    600, Loss function: 6.636, Average Loss: 3.949, avg. samples / sec: 1471.47
Iteration:    620, Loss function: 6.327, Average Loss: 3.997, avg. samples / sec: 1466.75
Iteration:    640, Loss function: 6.185, Average Loss: 4.044, avg. samples / sec: 1473.54
Iteration:    660, Loss function: 6.232, Average Loss: 4.090, avg. samples / sec: 1475.35
Iteration:    680, Loss function: 6.075, Average Loss: 4.132, avg. samples / sec: 1478.19
Iteration:    700, Loss function: 6.144, Average Loss: 4.172, avg. samples / sec: 1470.70
Iteration:    720, Loss function: 6.043, Average Loss: 4.210, avg. samples / sec: 1472.43
:::MLL 1586394939.788 epoch_stop: {"value": null, "metadata": {"epoch_num": 3, "file": "train.py", "lineno": 819}}
:::MLL 1586394939.789 epoch_start: {"value": null, "metadata": {"epoch_num": 4, "file": "train.py", "lineno": 673}}
Iteration:    740, Loss function: 5.797, Average Loss: 4.245, avg. samples / sec: 1476.36
Iteration:    760, Loss function: 5.807, Average Loss: 4.279, avg. samples / sec: 1472.69
Iteration:    780, Loss function: 5.870, Average Loss: 4.311, avg. samples / sec: 1469.92
Iteration:    800, Loss function: 5.943, Average Loss: 4.342, avg. samples / sec: 1467.39
Iteration:    820, Loss function: 5.470, Average Loss: 4.370, avg. samples / sec: 1469.14
Iteration:    840, Loss function: 5.836, Average Loss: 4.398, avg. samples / sec: 1465.31
Iteration:    860, Loss function: 5.624, Average Loss: 4.424, avg. samples / sec: 1459.36
Iteration:    880, Loss function: 5.655, Average Loss: 4.449, avg. samples / sec: 1468.45
Iteration:    900, Loss function: 5.438, Average Loss: 4.474, avg. samples / sec: 1474.37
Iteration:    920, Loss function: 5.735, Average Loss: 4.496, avg. samples / sec: 1473.81
Iteration:    940, Loss function: 5.461, Average Loss: 4.517, avg. samples / sec: 1472.28
Iteration:    960, Loss function: 5.309, Average Loss: 4.539, avg. samples / sec: 1467.59
:::MLL 1586395019.816 epoch_stop: {"value": null, "metadata": {"epoch_num": 4, "file": "train.py", "lineno": 819}}
:::MLL 1586395019.817 epoch_start: {"value": null, "metadata": {"epoch_num": 5, "file": "train.py", "lineno": 673}}
Iteration:    980, Loss function: 5.512, Average Loss: 4.558, avg. samples / sec: 1471.49
Iteration:   1000, Loss function: 5.648, Average Loss: 4.576, avg. samples / sec: 1470.62
Iteration:   1020, Loss function: 5.385, Average Loss: 4.591, avg. samples / sec: 1468.16
Iteration:   1040, Loss function: 5.258, Average Loss: 4.606, avg. samples / sec: 1470.58
Iteration:   1060, Loss function: 5.114, Average Loss: 4.621, avg. samples / sec: 1471.35
Iteration:   1080, Loss function: 5.390, Average Loss: 4.636, avg. samples / sec: 1475.98
Iteration:   1100, Loss function: 5.182, Average Loss: 4.649, avg. samples / sec: 1460.57
Iteration:   1120, Loss function: 5.319, Average Loss: 4.662, avg. samples / sec: 1469.13
Iteration:   1140, Loss function: 5.297, Average Loss: 4.675, avg. samples / sec: 1465.59
Iteration:   1160, Loss function: 5.225, Average Loss: 4.687, avg. samples / sec: 1471.63
Iteration:   1180, Loss function: 5.485, Average Loss: 4.696, avg. samples / sec: 1469.69
Iteration:   1200, Loss function: 5.442, Average Loss: 4.708, avg. samples / sec: 1467.35
Iteration:   1220, Loss function: 5.251, Average Loss: 4.718, avg. samples / sec: 1465.94
:::MLL 1586395099.552 epoch_stop: {"value": null, "metadata": {"epoch_num": 5, "file": "train.py", "lineno": 819}}
:::MLL 1586395099.553 epoch_start: {"value": null, "metadata": {"epoch_num": 6, "file": "train.py", "lineno": 673}}
Iteration:   1240, Loss function: 5.108, Average Loss: 4.727, avg. samples / sec: 1469.29
Iteration:   1260, Loss function: 5.190, Average Loss: 4.736, avg. samples / sec: 1470.72
Iteration:   1280, Loss function: 5.053, Average Loss: 4.744, avg. samples / sec: 1468.11
Iteration:   1300, Loss function: 4.889, Average Loss: 4.749, avg. samples / sec: 1466.60
Iteration:   1320, Loss function: 5.175, Average Loss: 4.755, avg. samples / sec: 1470.14
Iteration:   1340, Loss function: 5.194, Average Loss: 4.761, avg. samples / sec: 1471.72
Iteration:   1360, Loss function: 5.156, Average Loss: 4.769, avg. samples / sec: 1471.67
Iteration:   1380, Loss function: 5.102, Average Loss: 4.775, avg. samples / sec: 1469.07
Iteration:   1400, Loss function: 5.063, Average Loss: 4.779, avg. samples / sec: 1458.36
Iteration:   1420, Loss function: 4.978, Average Loss: 4.785, avg. samples / sec: 1467.95
Iteration:   1440, Loss function: 4.753, Average Loss: 4.788, avg. samples / sec: 1471.01
Iteration:   1460, Loss function: 5.025, Average Loss: 4.793, avg. samples / sec: 1470.64
:::MLL 1586395179.296 epoch_stop: {"value": null, "metadata": {"epoch_num": 6, "file": "train.py", "lineno": 819}}
:::MLL 1586395179.296 epoch_start: {"value": null, "metadata": {"epoch_num": 7, "file": "train.py", "lineno": 673}}
Iteration:   1480, Loss function: 4.967, Average Loss: 4.795, avg. samples / sec: 1459.77
Iteration:   1500, Loss function: 4.642, Average Loss: 4.797, avg. samples / sec: 1472.03
Iteration:   1520, Loss function: 4.828, Average Loss: 4.798, avg. samples / sec: 1471.60
Iteration:   1540, Loss function: 5.060, Average Loss: 4.800, avg. samples / sec: 1470.86
Iteration:   1560, Loss function: 4.916, Average Loss: 4.802, avg. samples / sec: 1466.05
Iteration:   1580, Loss function: 4.709, Average Loss: 4.804, avg. samples / sec: 1466.55
Iteration:   1600, Loss function: 4.699, Average Loss: 4.805, avg. samples / sec: 1475.05
Iteration:   1620, Loss function: 4.939, Average Loss: 4.806, avg. samples / sec: 1466.72
Iteration:   1640, Loss function: 4.844, Average Loss: 4.808, avg. samples / sec: 1469.82
Iteration:   1660, Loss function: 4.793, Average Loss: 4.809, avg. samples / sec: 1467.90
Iteration:   1680, Loss function: 5.183, Average Loss: 4.810, avg. samples / sec: 1467.75
Iteration:   1700, Loss function: 4.781, Average Loss: 4.810, avg. samples / sec: 1469.99
:::MLL 1586395259.367 epoch_stop: {"value": null, "metadata": {"epoch_num": 7, "file": "train.py", "lineno": 819}}
:::MLL 1586395259.367 epoch_start: {"value": null, "metadata": {"epoch_num": 8, "file": "train.py", "lineno": 673}}
Iteration:   1720, Loss function: 4.793, Average Loss: 4.810, avg. samples / sec: 1461.08
Iteration:   1740, Loss function: 4.640, Average Loss: 4.810, avg. samples / sec: 1469.62
Iteration:   1760, Loss function: 4.556, Average Loss: 4.810, avg. samples / sec: 1469.88
Iteration:   1780, Loss function: 4.771, Average Loss: 4.809, avg. samples / sec: 1470.74
Iteration:   1800, Loss function: 4.722, Average Loss: 4.807, avg. samples / sec: 1472.29
Iteration:   1820, Loss function: 4.747, Average Loss: 4.805, avg. samples / sec: 1468.37
Iteration:   1840, Loss function: 4.714, Average Loss: 4.803, avg. samples / sec: 1470.81
Iteration:   1860, Loss function: 4.702, Average Loss: 4.802, avg. samples / sec: 1466.62
Iteration:   1880, Loss function: 4.676, Average Loss: 4.801, avg. samples / sec: 1467.85
Iteration:   1900, Loss function: 4.809, Average Loss: 4.798, avg. samples / sec: 1469.92
Iteration:   1920, Loss function: 4.906, Average Loss: 4.797, avg. samples / sec: 1469.91
Iteration:   1940, Loss function: 4.518, Average Loss: 4.795, avg. samples / sec: 1467.79
:::MLL 1586395339.105 epoch_stop: {"value": null, "metadata": {"epoch_num": 8, "file": "train.py", "lineno": 819}}
:::MLL 1586395339.105 epoch_start: {"value": null, "metadata": {"epoch_num": 9, "file": "train.py", "lineno": 673}}
Iteration:   1960, Loss function: 4.593, Average Loss: 4.792, avg. samples / sec: 1462.15
Iteration:   1980, Loss function: 4.622, Average Loss: 4.789, avg. samples / sec: 1470.46
Iteration:   2000, Loss function: 4.662, Average Loss: 4.787, avg. samples / sec: 1468.21
Iteration:   2020, Loss function: 4.597, Average Loss: 4.783, avg. samples / sec: 1470.82
Iteration:   2040, Loss function: 4.581, Average Loss: 4.781, avg. samples / sec: 1468.68
Iteration:   2060, Loss function: 4.659, Average Loss: 4.778, avg. samples / sec: 1469.69
Iteration:   2080, Loss function: 4.653, Average Loss: 4.776, avg. samples / sec: 1472.27
Iteration:   2100, Loss function: 4.513, Average Loss: 4.774, avg. samples / sec: 1469.53
Iteration:   2120, Loss function: 4.589, Average Loss: 4.770, avg. samples / sec: 1468.55
Iteration:   2140, Loss function: 4.570, Average Loss: 4.768, avg. samples / sec: 1469.14
Iteration:   2160, Loss function: 4.513, Average Loss: 4.765, avg. samples / sec: 1465.64
Iteration:   2180, Loss function: 4.484, Average Loss: 4.763, avg. samples / sec: 1469.80
:::MLL 1586395418.840 epoch_stop: {"value": null, "metadata": {"epoch_num": 9, "file": "train.py", "lineno": 819}}
:::MLL 1586395418.840 epoch_start: {"value": null, "metadata": {"epoch_num": 10, "file": "train.py", "lineno": 673}}
Iteration:   2200, Loss function: 4.603, Average Loss: 4.761, avg. samples / sec: 1470.79
Iteration:   2220, Loss function: 4.564, Average Loss: 4.755, avg. samples / sec: 1466.12
Iteration:   2240, Loss function: 4.543, Average Loss: 4.750, avg. samples / sec: 1468.36
Iteration:   2260, Loss function: 4.537, Average Loss: 4.746, avg. samples / sec: 1471.34
Iteration:   2280, Loss function: 4.748, Average Loss: 4.743, avg. samples / sec: 1472.21
Iteration:   2300, Loss function: 4.279, Average Loss: 4.739, avg. samples / sec: 1469.37
Iteration:   2320, Loss function: 4.760, Average Loss: 4.736, avg. samples / sec: 1470.33
Iteration:   2340, Loss function: 4.518, Average Loss: 4.734, avg. samples / sec: 1470.62
Iteration:   2360, Loss function: 4.655, Average Loss: 4.730, avg. samples / sec: 1469.81
Iteration:   2380, Loss function: 4.783, Average Loss: 4.726, avg. samples / sec: 1468.04
Iteration:   2400, Loss function: 4.348, Average Loss: 4.722, avg. samples / sec: 1469.56
Iteration:   2420, Loss function: 4.695, Average Loss: 4.719, avg. samples / sec: 1471.15
Iteration:   2440, Loss function: 4.623, Average Loss: 4.715, avg. samples / sec: 1470.96
:::MLL 1586395498.857 epoch_stop: {"value": null, "metadata": {"epoch_num": 10, "file": "train.py", "lineno": 819}}
:::MLL 1586395498.857 epoch_start: {"value": null, "metadata": {"epoch_num": 11, "file": "train.py", "lineno": 673}}
Iteration:   2460, Loss function: 4.449, Average Loss: 4.711, avg. samples / sec: 1467.99
Iteration:   2480, Loss function: 4.665, Average Loss: 4.706, avg. samples / sec: 1475.23
Iteration:   2500, Loss function: 4.472, Average Loss: 4.700, avg. samples / sec: 1465.81
Iteration:   2520, Loss function: 4.498, Average Loss: 4.698, avg. samples / sec: 1468.98
Iteration:   2540, Loss function: 4.582, Average Loss: 4.694, avg. samples / sec: 1469.33
Iteration:   2560, Loss function: 4.167, Average Loss: 4.690, avg. samples / sec: 1458.64
Iteration:   2580, Loss function: 4.179, Average Loss: 4.685, avg. samples / sec: 1469.06
Iteration:   2600, Loss function: 4.614, Average Loss: 4.681, avg. samples / sec: 1471.69
Iteration:   2620, Loss function: 4.568, Average Loss: 4.676, avg. samples / sec: 1472.33
Iteration:   2640, Loss function: 4.498, Average Loss: 4.672, avg. samples / sec: 1470.33
Iteration:   2660, Loss function: 4.574, Average Loss: 4.668, avg. samples / sec: 1466.50
Iteration:   2680, Loss function: 4.379, Average Loss: 4.663, avg. samples / sec: 1472.33
:::MLL 1586395578.572 epoch_stop: {"value": null, "metadata": {"epoch_num": 11, "file": "train.py", "lineno": 819}}
:::MLL 1586395578.572 epoch_start: {"value": null, "metadata": {"epoch_num": 12, "file": "train.py", "lineno": 673}}
Iteration:   2700, Loss function: 4.526, Average Loss: 4.659, avg. samples / sec: 1471.19
Iteration:   2720, Loss function: 4.377, Average Loss: 4.654, avg. samples / sec: 1472.29
Iteration:   2740, Loss function: 4.554, Average Loss: 4.649, avg. samples / sec: 1469.92
Iteration:   2760, Loss function: 4.434, Average Loss: 4.645, avg. samples / sec: 1464.96
Iteration:   2780, Loss function: 4.326, Average Loss: 4.640, avg. samples / sec: 1466.93
Iteration:   2800, Loss function: 4.320, Average Loss: 4.634, avg. samples / sec: 1467.68
Iteration:   2820, Loss function: 4.305, Average Loss: 4.631, avg. samples / sec: 1461.16
Iteration:   2840, Loss function: 4.473, Average Loss: 4.625, avg. samples / sec: 1462.87
Iteration:   2860, Loss function: 4.316, Average Loss: 4.620, avg. samples / sec: 1469.24
Iteration:   2880, Loss function: 4.243, Average Loss: 4.615, avg. samples / sec: 1472.45
Iteration:   2900, Loss function: 4.404, Average Loss: 4.611, avg. samples / sec: 1472.34
Iteration:   2920, Loss function: 4.131, Average Loss: 4.606, avg. samples / sec: 1466.78
:::MLL 1586395658.381 epoch_stop: {"value": null, "metadata": {"epoch_num": 12, "file": "train.py", "lineno": 819}}
:::MLL 1586395658.381 epoch_start: {"value": null, "metadata": {"epoch_num": 13, "file": "train.py", "lineno": 673}}
Iteration:   2940, Loss function: 4.303, Average Loss: 4.601, avg. samples / sec: 1462.80
Iteration:   2960, Loss function: 4.362, Average Loss: 4.596, avg. samples / sec: 1469.55
Iteration:   2980, Loss function: 4.295, Average Loss: 4.590, avg. samples / sec: 1466.92
Iteration:   3000, Loss function: 4.392, Average Loss: 4.584, avg. samples / sec: 1468.63
Iteration:   3020, Loss function: 4.180, Average Loss: 4.579, avg. samples / sec: 1470.08
Iteration:   3040, Loss function: 4.266, Average Loss: 4.575, avg. samples / sec: 1475.50
Iteration:   3060, Loss function: 4.262, Average Loss: 4.571, avg. samples / sec: 1464.86
Iteration:   3080, Loss function: 4.363, Average Loss: 4.566, avg. samples / sec: 1469.92
Iteration:   3100, Loss function: 4.283, Average Loss: 4.561, avg. samples / sec: 1463.52
Iteration:   3120, Loss function: 4.352, Average Loss: 4.557, avg. samples / sec: 1472.40
Iteration:   3140, Loss function: 4.324, Average Loss: 4.553, avg. samples / sec: 1469.64
Iteration:   3160, Loss function: 4.564, Average Loss: 4.548, avg. samples / sec: 1467.60
:::MLL 1586395738.111 epoch_stop: {"value": null, "metadata": {"epoch_num": 13, "file": "train.py", "lineno": 819}}
:::MLL 1586395738.112 epoch_start: {"value": null, "metadata": {"epoch_num": 14, "file": "train.py", "lineno": 673}}
Iteration:   3180, Loss function: 4.247, Average Loss: 4.543, avg. samples / sec: 1468.54
Iteration:   3200, Loss function: 4.306, Average Loss: 4.539, avg. samples / sec: 1474.00
Iteration:   3220, Loss function: 4.183, Average Loss: 4.533, avg. samples / sec: 1472.82
Iteration:   3240, Loss function: 4.287, Average Loss: 4.529, avg. samples / sec: 1463.87
Iteration:   3260, Loss function: 4.199, Average Loss: 4.524, avg. samples / sec: 1466.20
Iteration:   3280, Loss function: 4.408, Average Loss: 4.519, avg. samples / sec: 1464.41
Iteration:   3300, Loss function: 4.597, Average Loss: 4.514, avg. samples / sec: 1456.77
Iteration:   3320, Loss function: 4.077, Average Loss: 4.508, avg. samples / sec: 1471.73
Iteration:   3340, Loss function: 4.528, Average Loss: 4.505, avg. samples / sec: 1469.71
Iteration:   3360, Loss function: 4.288, Average Loss: 4.501, avg. samples / sec: 1473.51
Iteration:   3380, Loss function: 4.328, Average Loss: 4.497, avg. samples / sec: 1473.25
Iteration:   3400, Loss function: 4.228, Average Loss: 4.492, avg. samples / sec: 1470.98
Iteration:   3420, Loss function: 4.343, Average Loss: 4.487, avg. samples / sec: 1469.40
:::MLL 1586395818.181 epoch_stop: {"value": null, "metadata": {"epoch_num": 14, "file": "train.py", "lineno": 819}}
:::MLL 1586395818.182 epoch_start: {"value": null, "metadata": {"epoch_num": 15, "file": "train.py", "lineno": 673}}
Iteration:   3440, Loss function: 4.032, Average Loss: 4.482, avg. samples / sec: 1469.08
Iteration:   3460, Loss function: 4.221, Average Loss: 4.479, avg. samples / sec: 1470.44
Iteration:   3480, Loss function: 4.149, Average Loss: 4.474, avg. samples / sec: 1473.03
Iteration:   3500, Loss function: 4.503, Average Loss: 4.472, avg. samples / sec: 1472.05
Iteration:   3520, Loss function: 4.149, Average Loss: 4.467, avg. samples / sec: 1473.80
Iteration:   3540, Loss function: 4.454, Average Loss: 4.463, avg. samples / sec: 1474.90
Iteration:   3560, Loss function: 4.260, Average Loss: 4.459, avg. samples / sec: 1463.43
Iteration:   3580, Loss function: 4.405, Average Loss: 4.454, avg. samples / sec: 1471.77
Iteration:   3600, Loss function: 3.983, Average Loss: 4.449, avg. samples / sec: 1470.71
Iteration:   3620, Loss function: 4.087, Average Loss: 4.446, avg. samples / sec: 1472.39
Iteration:   3640, Loss function: 4.142, Average Loss: 4.441, avg. samples / sec: 1476.18
Iteration:   3660, Loss function: 3.968, Average Loss: 4.436, avg. samples / sec: 1472.72
:::MLL 1586395897.761 epoch_stop: {"value": null, "metadata": {"epoch_num": 15, "file": "train.py", "lineno": 819}}
:::MLL 1586395897.761 epoch_start: {"value": null, "metadata": {"epoch_num": 16, "file": "train.py", "lineno": 673}}
Iteration:   3680, Loss function: 4.091, Average Loss: 4.431, avg. samples / sec: 1470.84
Iteration:   3700, Loss function: 4.210, Average Loss: 4.428, avg. samples / sec: 1468.01
Iteration:   3720, Loss function: 4.137, Average Loss: 4.423, avg. samples / sec: 1474.89
Iteration:   3740, Loss function: 4.033, Average Loss: 4.417, avg. samples / sec: 1474.56
Iteration:   3760, Loss function: 3.978, Average Loss: 4.412, avg. samples / sec: 1471.71
Iteration:   3780, Loss function: 4.158, Average Loss: 4.408, avg. samples / sec: 1465.06
Iteration:   3800, Loss function: 3.917, Average Loss: 4.404, avg. samples / sec: 1468.14
Iteration:   3820, Loss function: 4.249, Average Loss: 4.400, avg. samples / sec: 1468.71
Iteration:   3840, Loss function: 4.177, Average Loss: 4.396, avg. samples / sec: 1469.72
Iteration:   3860, Loss function: 4.432, Average Loss: 4.392, avg. samples / sec: 1472.79
Iteration:   3880, Loss function: 4.233, Average Loss: 4.388, avg. samples / sec: 1471.54
Iteration:   3900, Loss function: 4.346, Average Loss: 4.384, avg. samples / sec: 1472.82
:::MLL 1586395977.403 epoch_stop: {"value": null, "metadata": {"epoch_num": 16, "file": "train.py", "lineno": 819}}
:::MLL 1586395977.404 epoch_start: {"value": null, "metadata": {"epoch_num": 17, "file": "train.py", "lineno": 673}}
Iteration:   3920, Loss function: 4.055, Average Loss: 4.380, avg. samples / sec: 1468.55
Iteration:   3940, Loss function: 4.075, Average Loss: 4.375, avg. samples / sec: 1473.41
Iteration:   3960, Loss function: 4.535, Average Loss: 4.372, avg. samples / sec: 1469.27
Iteration:   3980, Loss function: 4.170, Average Loss: 4.368, avg. samples / sec: 1467.95
Iteration:   4000, Loss function: 4.318, Average Loss: 4.363, avg. samples / sec: 1471.83
Iteration:   4020, Loss function: 4.186, Average Loss: 4.359, avg. samples / sec: 1469.86
Iteration:   4040, Loss function: 4.246, Average Loss: 4.355, avg. samples / sec: 1470.03
Iteration:   4060, Loss function: 4.165, Average Loss: 4.352, avg. samples / sec: 1472.42
Iteration:   4080, Loss function: 4.207, Average Loss: 4.349, avg. samples / sec: 1474.64
Iteration:   4100, Loss function: 4.051, Average Loss: 4.346, avg. samples / sec: 1470.83
Iteration:   4120, Loss function: 4.145, Average Loss: 4.341, avg. samples / sec: 1470.77
Iteration:   4140, Loss function: 4.302, Average Loss: 4.339, avg. samples / sec: 1470.98
:::MLL 1586396057.353 epoch_stop: {"value": null, "metadata": {"epoch_num": 17, "file": "train.py", "lineno": 819}}
:::MLL 1586396057.353 epoch_start: {"value": null, "metadata": {"epoch_num": 18, "file": "train.py", "lineno": 673}}
Iteration:   4160, Loss function: 4.079, Average Loss: 4.336, avg. samples / sec: 1467.87
Iteration:   4180, Loss function: 4.065, Average Loss: 4.332, avg. samples / sec: 1473.80
Iteration:   4200, Loss function: 4.128, Average Loss: 4.328, avg. samples / sec: 1466.99
Iteration:   4220, Loss function: 4.000, Average Loss: 4.325, avg. samples / sec: 1472.48
Iteration:   4240, Loss function: 4.181, Average Loss: 4.321, avg. samples / sec: 1471.59
Iteration:   4260, Loss function: 4.067, Average Loss: 4.318, avg. samples / sec: 1471.81
Iteration:   4280, Loss function: 4.106, Average Loss: 4.314, avg. samples / sec: 1475.26
Iteration:   4300, Loss function: 4.094, Average Loss: 4.311, avg. samples / sec: 1471.74
Iteration:   4320, Loss function: 4.107, Average Loss: 4.307, avg. samples / sec: 1467.31
Iteration:   4340, Loss function: 4.201, Average Loss: 4.304, avg. samples / sec: 1465.70
Iteration:   4360, Loss function: 4.028, Average Loss: 4.300, avg. samples / sec: 1468.90
Iteration:   4380, Loss function: 3.936, Average Loss: 4.296, avg. samples / sec: 1473.76
:::MLL 1586396137.008 epoch_stop: {"value": null, "metadata": {"epoch_num": 18, "file": "train.py", "lineno": 819}}
:::MLL 1586396137.008 epoch_start: {"value": null, "metadata": {"epoch_num": 19, "file": "train.py", "lineno": 673}}
Iteration:   4400, Loss function: 4.254, Average Loss: 4.293, avg. samples / sec: 1463.49
Iteration:   4420, Loss function: 4.131, Average Loss: 4.289, avg. samples / sec: 1471.94
Iteration:   4440, Loss function: 4.016, Average Loss: 4.284, avg. samples / sec: 1473.40
Iteration:   4460, Loss function: 4.484, Average Loss: 4.281, avg. samples / sec: 1473.67
Iteration:   4480, Loss function: 4.155, Average Loss: 4.278, avg. samples / sec: 1470.25
Iteration:   4500, Loss function: 4.064, Average Loss: 4.274, avg. samples / sec: 1468.52
Iteration:   4520, Loss function: 4.137, Average Loss: 4.272, avg. samples / sec: 1471.79
Iteration:   4540, Loss function: 4.286, Average Loss: 4.268, avg. samples / sec: 1471.37
Iteration:   4560, Loss function: 4.284, Average Loss: 4.264, avg. samples / sec: 1472.28
Iteration:   4580, Loss function: 4.242, Average Loss: 4.260, avg. samples / sec: 1473.77
Iteration:   4600, Loss function: 3.919, Average Loss: 4.256, avg. samples / sec: 1471.96
Iteration:   4620, Loss function: 3.836, Average Loss: 4.254, avg. samples / sec: 1466.46
Iteration:   4640, Loss function: 4.315, Average Loss: 4.251, avg. samples / sec: 1472.25
:::MLL 1586396216.625 epoch_stop: {"value": null, "metadata": {"epoch_num": 19, "file": "train.py", "lineno": 819}}
:::MLL 1586396216.626 epoch_start: {"value": null, "metadata": {"epoch_num": 20, "file": "train.py", "lineno": 673}}
Iteration:   4660, Loss function: 4.069, Average Loss: 4.248, avg. samples / sec: 1466.34
Iteration:   4680, Loss function: 3.933, Average Loss: 4.245, avg. samples / sec: 1467.04
Iteration:   4700, Loss function: 4.193, Average Loss: 4.242, avg. samples / sec: 1458.02
Iteration:   4720, Loss function: 4.233, Average Loss: 4.239, avg. samples / sec: 1469.28
Iteration:   4740, Loss function: 4.050, Average Loss: 4.235, avg. samples / sec: 1463.62
Iteration:   4760, Loss function: 4.097, Average Loss: 4.232, avg. samples / sec: 1470.44
Iteration:   4780, Loss function: 4.174, Average Loss: 4.228, avg. samples / sec: 1473.15
Iteration:   4800, Loss function: 4.025, Average Loss: 4.226, avg. samples / sec: 1466.99
Iteration:   4820, Loss function: 4.106, Average Loss: 4.223, avg. samples / sec: 1472.08
Iteration:   4840, Loss function: 4.070, Average Loss: 4.222, avg. samples / sec: 1472.70
Iteration:   4860, Loss function: 4.234, Average Loss: 4.219, avg. samples / sec: 1471.69
Iteration:   4880, Loss function: 4.180, Average Loss: 4.216, avg. samples / sec: 1468.10
:::MLL 1586396296.702 epoch_stop: {"value": null, "metadata": {"epoch_num": 20, "file": "train.py", "lineno": 819}}
:::MLL 1586396296.702 epoch_start: {"value": null, "metadata": {"epoch_num": 21, "file": "train.py", "lineno": 673}}
Iteration:   4900, Loss function: 3.745, Average Loss: 4.211, avg. samples / sec: 1461.34
Iteration:   4920, Loss function: 4.025, Average Loss: 4.207, avg. samples / sec: 1468.34
Iteration:   4940, Loss function: 3.841, Average Loss: 4.203, avg. samples / sec: 1472.32
Iteration:   4960, Loss function: 4.217, Average Loss: 4.200, avg. samples / sec: 1465.10
Iteration:   4980, Loss function: 3.982, Average Loss: 4.197, avg. samples / sec: 1470.69
Iteration:   5000, Loss function: 3.885, Average Loss: 4.195, avg. samples / sec: 1470.23
Iteration:   5020, Loss function: 4.095, Average Loss: 4.192, avg. samples / sec: 1465.41
Iteration:   5040, Loss function: 4.055, Average Loss: 4.191, avg. samples / sec: 1471.65
Iteration:   5060, Loss function: 4.235, Average Loss: 4.189, avg. samples / sec: 1469.55
Iteration:   5080, Loss function: 3.893, Average Loss: 4.186, avg. samples / sec: 1466.52
Iteration:   5100, Loss function: 3.911, Average Loss: 4.184, avg. samples / sec: 1472.59
Iteration:   5120, Loss function: 4.017, Average Loss: 4.182, avg. samples / sec: 1468.86
:::MLL 1586396376.467 epoch_stop: {"value": null, "metadata": {"epoch_num": 21, "file": "train.py", "lineno": 819}}
:::MLL 1586396376.467 epoch_start: {"value": null, "metadata": {"epoch_num": 22, "file": "train.py", "lineno": 673}}
Iteration:   5140, Loss function: 4.057, Average Loss: 4.179, avg. samples / sec: 1461.91
Iteration:   5160, Loss function: 3.914, Average Loss: 4.175, avg. samples / sec: 1467.61
Iteration:   5180, Loss function: 3.985, Average Loss: 4.172, avg. samples / sec: 1469.95
Iteration:   5200, Loss function: 4.002, Average Loss: 4.167, avg. samples / sec: 1473.36
Iteration:   5220, Loss function: 4.059, Average Loss: 4.164, avg. samples / sec: 1468.08
Iteration:   5240, Loss function: 4.042, Average Loss: 4.161, avg. samples / sec: 1472.56
Iteration:   5260, Loss function: 3.993, Average Loss: 4.158, avg. samples / sec: 1473.94
Iteration:   5280, Loss function: 4.106, Average Loss: 4.156, avg. samples / sec: 1473.84
Iteration:   5300, Loss function: 4.142, Average Loss: 4.154, avg. samples / sec: 1466.98
Iteration:   5320, Loss function: 3.959, Average Loss: 4.152, avg. samples / sec: 1470.42
Iteration:   5340, Loss function: 4.004, Average Loss: 4.149, avg. samples / sec: 1460.62
Iteration:   5360, Loss function: 4.212, Average Loss: 4.147, avg. samples / sec: 1466.32
:::MLL 1586396456.188 epoch_stop: {"value": null, "metadata": {"epoch_num": 22, "file": "train.py", "lineno": 819}}
:::MLL 1586396456.188 epoch_start: {"value": null, "metadata": {"epoch_num": 23, "file": "train.py", "lineno": 673}}
Iteration:   5380, Loss function: 3.854, Average Loss: 4.145, avg. samples / sec: 1474.35
Iteration:   5400, Loss function: 3.969, Average Loss: 4.142, avg. samples / sec: 1465.78
Iteration:   5420, Loss function: 3.908, Average Loss: 4.138, avg. samples / sec: 1464.46
Iteration:   5440, Loss function: 4.206, Average Loss: 4.135, avg. samples / sec: 1473.09
Iteration:   5460, Loss function: 4.166, Average Loss: 4.132, avg. samples / sec: 1471.95
Iteration:   5480, Loss function: 3.965, Average Loss: 4.130, avg. samples / sec: 1474.43
Iteration:   5500, Loss function: 3.949, Average Loss: 4.127, avg. samples / sec: 1475.94
Iteration:   5520, Loss function: 3.940, Average Loss: 4.125, avg. samples / sec: 1473.17
Iteration:   5540, Loss function: 4.056, Average Loss: 4.123, avg. samples / sec: 1472.30
Iteration:   5560, Loss function: 3.950, Average Loss: 4.121, avg. samples / sec: 1470.15
Iteration:   5580, Loss function: 3.938, Average Loss: 4.118, avg. samples / sec: 1463.41
Iteration:   5600, Loss function: 3.956, Average Loss: 4.115, avg. samples / sec: 1473.49
:::MLL 1586396535.810 epoch_stop: {"value": null, "metadata": {"epoch_num": 23, "file": "train.py", "lineno": 819}}
:::MLL 1586396535.811 epoch_start: {"value": null, "metadata": {"epoch_num": 24, "file": "train.py", "lineno": 673}}
Iteration:   5620, Loss function: 4.043, Average Loss: 4.113, avg. samples / sec: 1471.38
Iteration:   5640, Loss function: 3.971, Average Loss: 4.109, avg. samples / sec: 1467.34
Iteration:   5660, Loss function: 4.038, Average Loss: 4.107, avg. samples / sec: 1470.81
Iteration:   5680, Loss function: 3.786, Average Loss: 4.103, avg. samples / sec: 1473.44
Iteration:   5700, Loss function: 3.913, Average Loss: 4.100, avg. samples / sec: 1475.06
Iteration:   5720, Loss function: 4.190, Average Loss: 4.098, avg. samples / sec: 1471.22
Iteration:   5740, Loss function: 4.014, Average Loss: 4.096, avg. samples / sec: 1470.85
Iteration:   5760, Loss function: 4.071, Average Loss: 4.094, avg. samples / sec: 1471.31
Iteration:   5780, Loss function: 3.822, Average Loss: 4.092, avg. samples / sec: 1471.51
Iteration:   5800, Loss function: 4.111, Average Loss: 4.091, avg. samples / sec: 1475.34
Iteration:   5820, Loss function: 4.103, Average Loss: 4.089, avg. samples / sec: 1471.56
Iteration:   5840, Loss function: 4.152, Average Loss: 4.087, avg. samples / sec: 1463.15
Iteration:   5860, Loss function: 4.262, Average Loss: 4.085, avg. samples / sec: 1474.15
:::MLL 1586396615.748 epoch_stop: {"value": null, "metadata": {"epoch_num": 24, "file": "train.py", "lineno": 819}}
:::MLL 1586396615.749 epoch_start: {"value": null, "metadata": {"epoch_num": 25, "file": "train.py", "lineno": 673}}
Iteration:   5880, Loss function: 3.765, Average Loss: 4.081, avg. samples / sec: 1470.25
Iteration:   5900, Loss function: 3.969, Average Loss: 4.077, avg. samples / sec: 1472.93
Iteration:   5920, Loss function: 3.900, Average Loss: 4.074, avg. samples / sec: 1473.38
Iteration:   5940, Loss function: 4.000, Average Loss: 4.071, avg. samples / sec: 1469.86
Iteration:   5960, Loss function: 4.114, Average Loss: 4.068, avg. samples / sec: 1470.14
Iteration:   5980, Loss function: 4.001, Average Loss: 4.066, avg. samples / sec: 1469.10
Iteration:   6000, Loss function: 4.140, Average Loss: 4.064, avg. samples / sec: 1468.23
Iteration:   6020, Loss function: 4.054, Average Loss: 4.062, avg. samples / sec: 1470.53
Iteration:   6040, Loss function: 3.934, Average Loss: 4.061, avg. samples / sec: 1472.41
Iteration:   6060, Loss function: 4.029, Average Loss: 4.060, avg. samples / sec: 1471.33
Iteration:   6080, Loss function: 4.036, Average Loss: 4.057, avg. samples / sec: 1468.08
Iteration:   6100, Loss function: 3.971, Average Loss: 4.054, avg. samples / sec: 1471.53
:::MLL 1586396695.385 epoch_stop: {"value": null, "metadata": {"epoch_num": 25, "file": "train.py", "lineno": 819}}
:::MLL 1586396695.386 epoch_start: {"value": null, "metadata": {"epoch_num": 26, "file": "train.py", "lineno": 673}}
Iteration:   6120, Loss function: 3.810, Average Loss: 4.051, avg. samples / sec: 1471.40
Iteration:   6140, Loss function: 3.957, Average Loss: 4.048, avg. samples / sec: 1470.98
Iteration:   6160, Loss function: 3.842, Average Loss: 4.046, avg. samples / sec: 1472.85
Iteration:   6180, Loss function: 3.959, Average Loss: 4.043, avg. samples / sec: 1471.50
Iteration:   6200, Loss function: 3.942, Average Loss: 4.041, avg. samples / sec: 1470.10
Iteration:   6220, Loss function: 3.918, Average Loss: 4.037, avg. samples / sec: 1469.04
Iteration:   6240, Loss function: 3.897, Average Loss: 4.035, avg. samples / sec: 1472.53
Iteration:   6260, Loss function: 4.037, Average Loss: 4.034, avg. samples / sec: 1474.05
Iteration:   6280, Loss function: 3.903, Average Loss: 4.032, avg. samples / sec: 1473.64
Iteration:   6300, Loss function: 3.976, Average Loss: 4.030, avg. samples / sec: 1472.91
Iteration:   6320, Loss function: 3.964, Average Loss: 4.027, avg. samples / sec: 1470.20
Iteration:   6340, Loss function: 4.087, Average Loss: 4.026, avg. samples / sec: 1470.21
:::MLL 1586396774.981 epoch_stop: {"value": null, "metadata": {"epoch_num": 26, "file": "train.py", "lineno": 819}}
:::MLL 1586396774.981 epoch_start: {"value": null, "metadata": {"epoch_num": 27, "file": "train.py", "lineno": 673}}
Iteration:   6360, Loss function: 3.964, Average Loss: 4.023, avg. samples / sec: 1468.71
Iteration:   6380, Loss function: 3.873, Average Loss: 4.020, avg. samples / sec: 1468.45
Iteration:   6400, Loss function: 3.847, Average Loss: 4.017, avg. samples / sec: 1470.31
Iteration:   6420, Loss function: 3.624, Average Loss: 4.013, avg. samples / sec: 1473.06
Iteration:   6440, Loss function: 3.728, Average Loss: 4.011, avg. samples / sec: 1473.50
Iteration:   6460, Loss function: 4.012, Average Loss: 4.010, avg. samples / sec: 1473.74
Iteration:   6480, Loss function: 4.290, Average Loss: 4.008, avg. samples / sec: 1473.45
Iteration:   6500, Loss function: 3.810, Average Loss: 4.007, avg. samples / sec: 1472.03
Iteration:   6520, Loss function: 3.813, Average Loss: 4.006, avg. samples / sec: 1465.58
Iteration:   6540, Loss function: 3.720, Average Loss: 4.003, avg. samples / sec: 1475.26
Iteration:   6560, Loss function: 3.932, Average Loss: 4.002, avg. samples / sec: 1469.50
Iteration:   6580, Loss function: 4.135, Average Loss: 4.001, avg. samples / sec: 1467.35
:::MLL 1586396854.931 epoch_stop: {"value": null, "metadata": {"epoch_num": 27, "file": "train.py", "lineno": 819}}
:::MLL 1586396854.931 epoch_start: {"value": null, "metadata": {"epoch_num": 28, "file": "train.py", "lineno": 673}}
Iteration:   6600, Loss function: 3.818, Average Loss: 3.999, avg. samples / sec: 1468.44
Iteration:   6620, Loss function: 3.798, Average Loss: 3.997, avg. samples / sec: 1470.44
Iteration:   6640, Loss function: 3.954, Average Loss: 3.995, avg. samples / sec: 1467.66
Iteration:   6660, Loss function: 3.717, Average Loss: 3.992, avg. samples / sec: 1472.84
Iteration:   6680, Loss function: 3.953, Average Loss: 3.989, avg. samples / sec: 1476.62
Iteration:   6700, Loss function: 3.760, Average Loss: 3.988, avg. samples / sec: 1463.69
Iteration:   6720, Loss function: 3.775, Average Loss: 3.985, avg. samples / sec: 1470.50
Iteration:   6740, Loss function: 3.946, Average Loss: 3.983, avg. samples / sec: 1475.17
Iteration:   6760, Loss function: 3.725, Average Loss: 3.982, avg. samples / sec: 1471.82
Iteration:   6780, Loss function: 4.143, Average Loss: 3.981, avg. samples / sec: 1470.95
Iteration:   6800, Loss function: 4.022, Average Loss: 3.979, avg. samples / sec: 1468.93
Iteration:   6820, Loss function: 4.155, Average Loss: 3.978, avg. samples / sec: 1467.09
Iteration:   6840, Loss function: 3.656, Average Loss: 3.976, avg. samples / sec: 1472.15
:::MLL 1586396934.579 epoch_stop: {"value": null, "metadata": {"epoch_num": 28, "file": "train.py", "lineno": 819}}
:::MLL 1586396934.580 epoch_start: {"value": null, "metadata": {"epoch_num": 29, "file": "train.py", "lineno": 673}}
Iteration:   6860, Loss function: 3.897, Average Loss: 3.973, avg. samples / sec: 1470.33
Iteration:   6880, Loss function: 3.591, Average Loss: 3.970, avg. samples / sec: 1474.01
Iteration:   6900, Loss function: 3.790, Average Loss: 3.968, avg. samples / sec: 1472.21
Iteration:   6920, Loss function: 3.702, Average Loss: 3.965, avg. samples / sec: 1470.90
Iteration:   6940, Loss function: 3.926, Average Loss: 3.963, avg. samples / sec: 1474.22
Iteration:   6960, Loss function: 3.610, Average Loss: 3.961, avg. samples / sec: 1470.13
Iteration:   6980, Loss function: 3.504, Average Loss: 3.959, avg. samples / sec: 1472.88
Iteration:   7000, Loss function: 4.194, Average Loss: 3.957, avg. samples / sec: 1473.48
Iteration:   7020, Loss function: 3.797, Average Loss: 3.955, avg. samples / sec: 1473.07
Iteration:   7040, Loss function: 3.936, Average Loss: 3.954, avg. samples / sec: 1470.71
Iteration:   7060, Loss function: 3.883, Average Loss: 3.953, avg. samples / sec: 1470.65
Iteration:   7080, Loss function: 3.856, Average Loss: 3.951, avg. samples / sec: 1474.33
:::MLL 1586397014.132 epoch_stop: {"value": null, "metadata": {"epoch_num": 29, "file": "train.py", "lineno": 819}}
:::MLL 1586397014.132 epoch_start: {"value": null, "metadata": {"epoch_num": 30, "file": "train.py", "lineno": 673}}
Iteration:   7100, Loss function: 3.733, Average Loss: 3.949, avg. samples / sec: 1467.54
Iteration:   7120, Loss function: 3.907, Average Loss: 3.947, avg. samples / sec: 1468.48
Iteration:   7140, Loss function: 3.817, Average Loss: 3.945, avg. samples / sec: 1468.44
Iteration:   7160, Loss function: 3.710, Average Loss: 3.944, avg. samples / sec: 1473.98
Iteration:   7180, Loss function: 3.934, Average Loss: 3.942, avg. samples / sec: 1462.23
Iteration:   7200, Loss function: 4.103, Average Loss: 3.942, avg. samples / sec: 1472.20
Iteration:   7220, Loss function: 3.828, Average Loss: 3.939, avg. samples / sec: 1469.99
Iteration:   7240, Loss function: 3.974, Average Loss: 3.937, avg. samples / sec: 1469.95
Iteration:   7260, Loss function: 3.800, Average Loss: 3.936, avg. samples / sec: 1472.68
Iteration:   7280, Loss function: 3.748, Average Loss: 3.934, avg. samples / sec: 1471.10
Iteration:   7300, Loss function: 3.877, Average Loss: 3.934, avg. samples / sec: 1477.14
Iteration:   7320, Loss function: 3.943, Average Loss: 3.933, avg. samples / sec: 1472.66
:::MLL 1586397094.115 epoch_stop: {"value": null, "metadata": {"epoch_num": 30, "file": "train.py", "lineno": 819}}
:::MLL 1586397094.116 epoch_start: {"value": null, "metadata": {"epoch_num": 31, "file": "train.py", "lineno": 673}}
Iteration:   7340, Loss function: 3.734, Average Loss: 3.930, avg. samples / sec: 1458.86
Iteration:   7360, Loss function: 4.138, Average Loss: 3.929, avg. samples / sec: 1470.71
Iteration:   7380, Loss function: 3.845, Average Loss: 3.926, avg. samples / sec: 1471.18
Iteration:   7400, Loss function: 3.699, Average Loss: 3.924, avg. samples / sec: 1469.59
Iteration:   7420, Loss function: 4.366, Average Loss: 3.922, avg. samples / sec: 1460.39
Iteration:   7440, Loss function: 3.758, Average Loss: 3.920, avg. samples / sec: 1473.29
Iteration:   7460, Loss function: 4.073, Average Loss: 3.920, avg. samples / sec: 1471.18
Iteration:   7480, Loss function: 3.878, Average Loss: 3.919, avg. samples / sec: 1470.87
Iteration:   7500, Loss function: 3.887, Average Loss: 3.918, avg. samples / sec: 1475.68
Iteration:   7520, Loss function: 3.843, Average Loss: 3.916, avg. samples / sec: 1474.62
Iteration:   7540, Loss function: 4.016, Average Loss: 3.913, avg. samples / sec: 1472.20
Iteration:   7560, Loss function: 3.771, Average Loss: 3.913, avg. samples / sec: 1477.31
:::MLL 1586397173.778 epoch_stop: {"value": null, "metadata": {"epoch_num": 31, "file": "train.py", "lineno": 819}}
:::MLL 1586397173.778 epoch_start: {"value": null, "metadata": {"epoch_num": 32, "file": "train.py", "lineno": 673}}
Iteration:   7580, Loss function: 4.027, Average Loss: 3.911, avg. samples / sec: 1463.69
Iteration:   7600, Loss function: 3.927, Average Loss: 3.909, avg. samples / sec: 1475.00
Iteration:   7620, Loss function: 3.934, Average Loss: 3.907, avg. samples / sec: 1470.86
Iteration:   7640, Loss function: 3.979, Average Loss: 3.906, avg. samples / sec: 1474.79
Iteration:   7660, Loss function: 3.805, Average Loss: 3.905, avg. samples / sec: 1472.90
Iteration:   7680, Loss function: 3.898, Average Loss: 3.903, avg. samples / sec: 1475.57
Iteration:   7700, Loss function: 3.797, Average Loss: 3.901, avg. samples / sec: 1464.26
Iteration:   7720, Loss function: 3.615, Average Loss: 3.900, avg. samples / sec: 1473.01
Iteration:   7740, Loss function: 3.926, Average Loss: 3.898, avg. samples / sec: 1472.86
Iteration:   7760, Loss function: 3.807, Average Loss: 3.897, avg. samples / sec: 1470.87
Iteration:   7780, Loss function: 3.680, Average Loss: 3.895, avg. samples / sec: 1468.82
Iteration:   7800, Loss function: 3.928, Average Loss: 3.894, avg. samples / sec: 1472.57
:::MLL 1586397253.348 epoch_stop: {"value": null, "metadata": {"epoch_num": 32, "file": "train.py", "lineno": 819}}
:::MLL 1586397253.348 epoch_start: {"value": null, "metadata": {"epoch_num": 33, "file": "train.py", "lineno": 673}}
Iteration:   7820, Loss function: 4.033, Average Loss: 3.893, avg. samples / sec: 1473.26
Iteration:   7840, Loss function: 3.953, Average Loss: 3.892, avg. samples / sec: 1472.97
Iteration:   7860, Loss function: 3.826, Average Loss: 3.890, avg. samples / sec: 1472.41
Iteration:   7880, Loss function: 3.669, Average Loss: 3.888, avg. samples / sec: 1469.88
Iteration:   7900, Loss function: 3.795, Average Loss: 3.885, avg. samples / sec: 1469.19
Iteration:   7920, Loss function: 3.674, Average Loss: 3.884, avg. samples / sec: 1468.20
Iteration:   7940, Loss function: 3.897, Average Loss: 3.883, avg. samples / sec: 1472.86
Iteration:   7960, Loss function: 3.530, Average Loss: 3.881, avg. samples / sec: 1468.60
Iteration:   7980, Loss function: 4.121, Average Loss: 3.881, avg. samples / sec: 1474.84
Iteration:   8000, Loss function: 4.018, Average Loss: 3.879, avg. samples / sec: 1470.11
:::MLL 1586397313.066 eval_start: {"value": null, "metadata": {"epoch_num": 33, "file": "train.py", "lineno": 276}}
Parsing batch: 0/11Parsing batch: 0/11Parsing batch: 0/11Parsing batch: 1/11Parsing batch: 1/11Parsing batch: 1/11Parsing batch: 2/11Parsing batch: 2/11Parsing batch: 2/11Parsing batch: 3/11Parsing batch: 3/11Parsing batch: 3/11Parsing batch: 4/11Parsing batch: 4/11Parsing batch: 4/11Parsing batch: 5/11Parsing batch: 5/11Parsing batch: 5/11Parsing batch: 6/11Parsing batch: 6/11Parsing batch: 6/11Parsing batch: 7/11Parsing batch: 7/11Parsing batch: 7/11Parsing batch: 8/11Parsing batch: 8/11Parsing batch: 8/11Parsing batch: 9/11Parsing batch: 9/11Parsing batch: 9/11Parsing batch: 10/11Parsing batch: 10/11Parsing batch: 10/11Predicting Ended, total time: 13.35 s
Loading and preparing results...
Loading and preparing results...
Loading and preparing results...
DONE (t=0.52s)
DONE (t=0.52s)
DONE (t=0.53s)
Running per image evaluation...
Evaluate annotation type *bbox*
DONE (t=2.67s).
Accumulating evaluation results...
DONE (t=0.00s).
 Average Precision  (AP) @[ IoU=0.50:0.95 | area=   all | maxDets=100 ] = 0.17941
 Average Precision  (AP) @[ IoU=0.50      | area=   all | maxDets=100 ] = 0.32825
 Average Precision  (AP) @[ IoU=0.75      | area=   all | maxDets=100 ] = 0.17875
 Average Precision  (AP) @[ IoU=0.50:0.95 | area= small | maxDets=100 ] = 0.04720
 Average Precision  (AP) @[ IoU=0.50:0.95 | area=medium | maxDets=100 ] = 0.18667
 Average Precision  (AP) @[ IoU=0.50:0.95 | area= large | maxDets=100 ] = 0.28281
 Average Recall     (AR) @[ IoU=0.50:0.95 | area=   all | maxDets=  1 ] = 0.18753
 Average Recall     (AR) @[ IoU=0.50:0.95 | area=   all | maxDets= 10 ] = 0.27699
 Average Recall     (AR) @[ IoU=0.50:0.95 | area=   all | maxDets=100 ] = 0.29290
 Average Recall     (AR) @[ IoU=0.50:0.95 | area= small | maxDets=100 ] = 0.08387
 Average Recall     (AR) @[ IoU=0.50:0.95 | area=medium | maxDets=100 ] = 0.31389
 Average Recall     (AR) @[ IoU=0.50:0.95 | area= large | maxDets=100 ] = 0.45302
Current AP: 0.17941 AP goal: 0.23000
:::MLL 1586397329.722 eval_accuracy: {"value": 0.17940994915947664, "metadata": {"epoch_num": 33, "file": "train.py", "lineno": 389}}
:::MLL 1586397329.723 eval_stop: {"value": null, "metadata": {"epoch_num": 33, "file": "train.py", "lineno": 392}}
:::MLL 1586397329.733 block_stop: {"value": null, "metadata": {"first_epoch_num": 1, "file": "train.py", "lineno": 804}}
:::MLL 1586397329.733 block_start: {"value": null, "metadata": {"first_epoch_num": 33, "epoch_count": 10.915354834308324, "file": "train.py", "lineno": 813}}
Iteration:   8020, Loss function: 4.078, Average Loss: 3.879, avg. samples / sec: 414.04
Iteration:   8040, Loss function: 3.852, Average Loss: 3.877, avg. samples / sec: 1470.61
Iteration:   8060, Loss function: 3.862, Average Loss: 3.876, avg. samples / sec: 1474.86
:::MLL 1586397349.947 epoch_stop: {"value": null, "metadata": {"epoch_num": 33, "file": "train.py", "lineno": 819}}
:::MLL 1586397349.948 epoch_start: {"value": null, "metadata": {"epoch_num": 34, "file": "train.py", "lineno": 673}}
Iteration:   8080, Loss function: 3.804, Average Loss: 3.874, avg. samples / sec: 1467.57
Iteration:   8100, Loss function: 3.877, Average Loss: 3.873, avg. samples / sec: 1463.73
Iteration:   8120, Loss function: 3.916, Average Loss: 3.871, avg. samples / sec: 1472.17
Iteration:   8140, Loss function: 3.740, Average Loss: 3.870, avg. samples / sec: 1471.56
Iteration:   8160, Loss function: 3.719, Average Loss: 3.868, avg. samples / sec: 1470.78
Iteration:   8180, Loss function: 3.903, Average Loss: 3.867, avg. samples / sec: 1465.48
Iteration:   8200, Loss function: 3.710, Average Loss: 3.865, avg. samples / sec: 1470.39
Iteration:   8220, Loss function: 3.831, Average Loss: 3.865, avg. samples / sec: 1472.56
Iteration:   8240, Loss function: 3.673, Average Loss: 3.864, avg. samples / sec: 1472.09
Iteration:   8260, Loss function: 3.491, Average Loss: 3.863, avg. samples / sec: 1470.91
Iteration:   8280, Loss function: 3.711, Average Loss: 3.861, avg. samples / sec: 1472.33
Iteration:   8300, Loss function: 3.890, Average Loss: 3.860, avg. samples / sec: 1467.57
:::MLL 1586397429.651 epoch_stop: {"value": null, "metadata": {"epoch_num": 34, "file": "train.py", "lineno": 819}}
:::MLL 1586397429.651 epoch_start: {"value": null, "metadata": {"epoch_num": 35, "file": "train.py", "lineno": 673}}
Iteration:   8320, Loss function: 3.726, Average Loss: 3.858, avg. samples / sec: 1463.54
Iteration:   8340, Loss function: 3.857, Average Loss: 3.856, avg. samples / sec: 1471.42
Iteration:   8360, Loss function: 3.683, Average Loss: 3.854, avg. samples / sec: 1470.45
Iteration:   8380, Loss function: 3.859, Average Loss: 3.853, avg. samples / sec: 1466.63
Iteration:   8400, Loss function: 3.820, Average Loss: 3.852, avg. samples / sec: 1469.18
Iteration:   8420, Loss function: 3.806, Average Loss: 3.850, avg. samples / sec: 1474.44
Iteration:   8440, Loss function: 4.034, Average Loss: 3.849, avg. samples / sec: 1462.67
Iteration:   8460, Loss function: 3.654, Average Loss: 3.848, avg. samples / sec: 1470.45
Iteration:   8480, Loss function: 3.816, Average Loss: 3.847, avg. samples / sec: 1468.62
Iteration:   8500, Loss function: 3.939, Average Loss: 3.847, avg. samples / sec: 1471.19
Iteration:   8520, Loss function: 3.668, Average Loss: 3.846, avg. samples / sec: 1469.11
Iteration:   8540, Loss function: 4.048, Average Loss: 3.846, avg. samples / sec: 1466.27
:::MLL 1586397509.383 epoch_stop: {"value": null, "metadata": {"epoch_num": 35, "file": "train.py", "lineno": 819}}
:::MLL 1586397509.383 epoch_start: {"value": null, "metadata": {"epoch_num": 36, "file": "train.py", "lineno": 673}}
Iteration:   8560, Loss function: 3.867, Average Loss: 3.845, avg. samples / sec: 1463.71
Iteration:   8580, Loss function: 3.848, Average Loss: 3.842, avg. samples / sec: 1470.27
Iteration:   8600, Loss function: 3.837, Average Loss: 3.841, avg. samples / sec: 1455.86
Iteration:   8620, Loss function: 3.803, Average Loss: 3.839, avg. samples / sec: 1470.51
Iteration:   8640, Loss function: 3.836, Average Loss: 3.838, avg. samples / sec: 1464.34
Iteration:   8660, Loss function: 3.813, Average Loss: 3.837, avg. samples / sec: 1463.72
Iteration:   8680, Loss function: 3.370, Average Loss: 3.836, avg. samples / sec: 1467.77
Iteration:   8700, Loss function: 3.929, Average Loss: 3.836, avg. samples / sec: 1469.31
Iteration:   8720, Loss function: 3.847, Average Loss: 3.834, avg. samples / sec: 1466.01
Iteration:   8740, Loss function: 3.688, Average Loss: 3.833, avg. samples / sec: 1469.10
Iteration:   8760, Loss function: 3.768, Average Loss: 3.833, avg. samples / sec: 1469.20
Iteration:   8780, Loss function: 4.011, Average Loss: 3.832, avg. samples / sec: 1470.74
:::MLL 1586397589.239 epoch_stop: {"value": null, "metadata": {"epoch_num": 36, "file": "train.py", "lineno": 819}}
:::MLL 1586397589.240 epoch_start: {"value": null, "metadata": {"epoch_num": 37, "file": "train.py", "lineno": 673}}
Iteration:   8800, Loss function: 3.752, Average Loss: 3.831, avg. samples / sec: 1458.68
Iteration:   8820, Loss function: 3.661, Average Loss: 3.830, avg. samples / sec: 1465.29
Iteration:   8840, Loss function: 3.917, Average Loss: 3.827, avg. samples / sec: 1467.01
Iteration:   8860, Loss function: 3.665, Average Loss: 3.826, avg. samples / sec: 1472.28
Iteration:   8880, Loss function: 3.860, Average Loss: 3.824, avg. samples / sec: 1471.30
Iteration:   8900, Loss function: 3.809, Average Loss: 3.823, avg. samples / sec: 1470.53
Iteration:   8920, Loss function: 3.833, Average Loss: 3.823, avg. samples / sec: 1468.68
Iteration:   8940, Loss function: 3.620, Average Loss: 3.823, avg. samples / sec: 1470.86
Iteration:   8960, Loss function: 3.803, Average Loss: 3.821, avg. samples / sec: 1469.60
Iteration:   8980, Loss function: 3.756, Average Loss: 3.821, avg. samples / sec: 1470.58
Iteration:   9000, Loss function: 3.986, Average Loss: 3.820, avg. samples / sec: 1464.13
Iteration:   9020, Loss function: 4.033, Average Loss: 3.820, avg. samples / sec: 1468.79
:::MLL 1586397669.331 epoch_stop: {"value": null, "metadata": {"epoch_num": 37, "file": "train.py", "lineno": 819}}
:::MLL 1586397669.332 epoch_start: {"value": null, "metadata": {"epoch_num": 38, "file": "train.py", "lineno": 673}}
Iteration:   9040, Loss function: 3.824, Average Loss: 3.819, avg. samples / sec: 1468.20
Iteration:   9060, Loss function: 3.519, Average Loss: 3.817, avg. samples / sec: 1471.66
Iteration:   9080, Loss function: 3.954, Average Loss: 3.815, avg. samples / sec: 1472.95
Iteration:   9100, Loss function: 3.747, Average Loss: 3.814, avg. samples / sec: 1461.07
Iteration:   9120, Loss function: 3.658, Average Loss: 3.813, avg. samples / sec: 1472.75
Iteration:   9140, Loss function: 3.745, Average Loss: 3.812, avg. samples / sec: 1471.53
Iteration:   9160, Loss function: 3.617, Average Loss: 3.810, avg. samples / sec: 1471.91
Iteration:   9180, Loss function: 3.740, Average Loss: 3.810, avg. samples / sec: 1460.35
Iteration:   9200, Loss function: 3.680, Average Loss: 3.809, avg. samples / sec: 1469.98
Iteration:   9220, Loss function: 3.717, Average Loss: 3.808, avg. samples / sec: 1462.31
Iteration:   9240, Loss function: 3.863, Average Loss: 3.807, avg. samples / sec: 1470.60
Iteration:   9260, Loss function: 3.590, Average Loss: 3.806, avg. samples / sec: 1470.99
Iteration:   9280, Loss function: 3.830, Average Loss: 3.805, avg. samples / sec: 1472.29
:::MLL 1586397749.049 epoch_stop: {"value": null, "metadata": {"epoch_num": 38, "file": "train.py", "lineno": 819}}
:::MLL 1586397749.050 epoch_start: {"value": null, "metadata": {"epoch_num": 39, "file": "train.py", "lineno": 673}}
Iteration:   9300, Loss function: 3.809, Average Loss: 3.803, avg. samples / sec: 1461.16
Iteration:   9320, Loss function: 3.830, Average Loss: 3.801, avg. samples / sec: 1468.09
Iteration:   9340, Loss function: 3.857, Average Loss: 3.799, avg. samples / sec: 1476.55
Iteration:   9360, Loss function: 3.526, Average Loss: 3.798, avg. samples / sec: 1471.43
Iteration:   9380, Loss function: 3.898, Average Loss: 3.798, avg. samples / sec: 1470.60
Iteration:   9400, Loss function: 3.698, Average Loss: 3.796, avg. samples / sec: 1470.73
Iteration:   9420, Loss function: 3.806, Average Loss: 3.795, avg. samples / sec: 1476.28
Iteration:   9440, Loss function: 3.760, Average Loss: 3.794, avg. samples / sec: 1472.44
Iteration:   9460, Loss function: 3.644, Average Loss: 3.792, avg. samples / sec: 1472.48
Iteration:   9480, Loss function: 3.718, Average Loss: 3.792, avg. samples / sec: 1472.07
Iteration:   9500, Loss function: 3.788, Average Loss: 3.791, avg. samples / sec: 1476.76
Iteration:   9520, Loss function: 3.722, Average Loss: 3.791, avg. samples / sec: 1467.30
:::MLL 1586397828.672 epoch_stop: {"value": null, "metadata": {"epoch_num": 39, "file": "train.py", "lineno": 819}}
:::MLL 1586397828.673 epoch_start: {"value": null, "metadata": {"epoch_num": 40, "file": "train.py", "lineno": 673}}
Iteration:   9540, Loss function: 3.641, Average Loss: 3.790, avg. samples / sec: 1469.31
Iteration:   9560, Loss function: 3.906, Average Loss: 3.788, avg. samples / sec: 1472.56
Iteration:   9580, Loss function: 3.749, Average Loss: 3.786, avg. samples / sec: 1471.00
Iteration:   9600, Loss function: 3.764, Average Loss: 3.784, avg. samples / sec: 1471.09
Iteration:   9620, Loss function: 3.735, Average Loss: 3.784, avg. samples / sec: 1469.58
Iteration:   9640, Loss function: 3.756, Average Loss: 3.783, avg. samples / sec: 1469.89
Iteration:   9660, Loss function: 3.765, Average Loss: 3.781, avg. samples / sec: 1466.38
Iteration:   9680, Loss function: 3.694, Average Loss: 3.781, avg. samples / sec: 1469.75
Iteration:   9700, Loss function: 3.715, Average Loss: 3.780, avg. samples / sec: 1466.82
Iteration:   9720, Loss function: 3.644, Average Loss: 3.778, avg. samples / sec: 1471.56
Iteration:   9740, Loss function: 3.860, Average Loss: 3.778, avg. samples / sec: 1460.97
Iteration:   9760, Loss function: 3.752, Average Loss: 3.778, avg. samples / sec: 1466.98
:::MLL 1586397908.731 epoch_stop: {"value": null, "metadata": {"epoch_num": 40, "file": "train.py", "lineno": 819}}
:::MLL 1586397908.732 epoch_start: {"value": null, "metadata": {"epoch_num": 41, "file": "train.py", "lineno": 673}}
Iteration:   9780, Loss function: 3.628, Average Loss: 3.777, avg. samples / sec: 1465.65
Iteration:   9800, Loss function: 3.472, Average Loss: 3.776, avg. samples / sec: 1472.40
Iteration:   9820, Loss function: 3.513, Average Loss: 3.775, avg. samples / sec: 1463.93
Iteration:   9840, Loss function: 3.770, Average Loss: 3.773, avg. samples / sec: 1465.37
Iteration:   9860, Loss function: 3.915, Average Loss: 3.771, avg. samples / sec: 1473.47
Iteration:   9880, Loss function: 3.935, Average Loss: 3.770, avg. samples / sec: 1468.48
Iteration:   9900, Loss function: 3.729, Average Loss: 3.769, avg. samples / sec: 1467.48
Iteration:   9920, Loss function: 3.733, Average Loss: 3.768, avg. samples / sec: 1469.99
Iteration:   9940, Loss function: 3.434, Average Loss: 3.767, avg. samples / sec: 1468.24
Iteration:   9960, Loss function: 3.667, Average Loss: 3.767, avg. samples / sec: 1471.10
Iteration:   9980, Loss function: 3.601, Average Loss: 3.766, avg. samples / sec: 1467.04
Iteration:  10000, Loss function: 3.811, Average Loss: 3.765, avg. samples / sec: 1470.94
:::MLL 1586397988.478 epoch_stop: {"value": null, "metadata": {"epoch_num": 41, "file": "train.py", "lineno": 819}}
:::MLL 1586397988.479 epoch_start: {"value": null, "metadata": {"epoch_num": 42, "file": "train.py", "lineno": 673}}
Iteration:  10020, Loss function: 3.724, Average Loss: 3.764, avg. samples / sec: 1465.71
Iteration:  10040, Loss function: 3.556, Average Loss: 3.763, avg. samples / sec: 1466.97
Iteration:  10060, Loss function: 3.634, Average Loss: 3.761, avg. samples / sec: 1467.04
Iteration:  10080, Loss function: 3.748, Average Loss: 3.761, avg. samples / sec: 1469.00
Iteration:  10100, Loss function: 3.544, Average Loss: 3.760, avg. samples / sec: 1471.22
Iteration:  10120, Loss function: 3.643, Average Loss: 3.758, avg. samples / sec: 1473.49
Iteration:  10140, Loss function: 3.851, Average Loss: 3.757, avg. samples / sec: 1466.71
Iteration:  10160, Loss function: 3.715, Average Loss: 3.757, avg. samples / sec: 1468.86
Iteration:  10180, Loss function: 4.029, Average Loss: 3.756, avg. samples / sec: 1461.45
Iteration:  10200, Loss function: 3.898, Average Loss: 3.754, avg. samples / sec: 1467.21
Iteration:  10220, Loss function: 3.623, Average Loss: 3.754, avg. samples / sec: 1462.93
Iteration:  10240, Loss function: 4.020, Average Loss: 3.755, avg. samples / sec: 1460.86
Iteration:  10260, Loss function: 3.578, Average Loss: 3.754, avg. samples / sec: 1465.94
:::MLL 1586398068.341 epoch_stop: {"value": null, "metadata": {"epoch_num": 42, "file": "train.py", "lineno": 819}}
:::MLL 1586398068.341 epoch_start: {"value": null, "metadata": {"epoch_num": 43, "file": "train.py", "lineno": 673}}
Iteration:  10280, Loss function: 3.883, Average Loss: 3.753, avg. samples / sec: 1464.00
Iteration:  10300, Loss function: 3.495, Average Loss: 3.752, avg. samples / sec: 1467.32
Iteration:  10320, Loss function: 3.614, Average Loss: 3.750, avg. samples / sec: 1468.85
Iteration:  10340, Loss function: 3.758, Average Loss: 3.750, avg. samples / sec: 1468.00
Iteration:  10360, Loss function: 3.784, Average Loss: 3.748, avg. samples / sec: 1469.88
Iteration:  10380, Loss function: 3.730, Average Loss: 3.746, avg. samples / sec: 1471.72
Iteration:  10400, Loss function: 3.742, Average Loss: 3.745, avg. samples / sec: 1470.46
Iteration:  10420, Loss function: 3.965, Average Loss: 3.743, avg. samples / sec: 1471.48
Iteration:  10440, Loss function: 3.789, Average Loss: 3.743, avg. samples / sec: 1473.06
Iteration:  10460, Loss function: 3.833, Average Loss: 3.742, avg. samples / sec: 1468.96
Iteration:  10480, Loss function: 3.697, Average Loss: 3.742, avg. samples / sec: 1462.16
Iteration:  10500, Loss function: 3.799, Average Loss: 3.742, avg. samples / sec: 1463.52
:::MLL 1586398148.427 epoch_stop: {"value": null, "metadata": {"epoch_num": 43, "file": "train.py", "lineno": 819}}
:::MLL 1586398148.428 epoch_start: {"value": null, "metadata": {"epoch_num": 44, "file": "train.py", "lineno": 673}}
Iteration:  10520, Loss function: 3.503, Average Loss: 3.741, avg. samples / sec: 1465.39
Iteration:  10540, Loss function: 3.806, Average Loss: 3.739, avg. samples / sec: 1467.63
Iteration:  10560, Loss function: 3.605, Average Loss: 3.738, avg. samples / sec: 1466.62
Iteration:  10580, Loss function: 3.641, Average Loss: 3.736, avg. samples / sec: 1468.73
Iteration:  10600, Loss function: 3.898, Average Loss: 3.736, avg. samples / sec: 1468.40
Iteration:  10620, Loss function: 3.529, Average Loss: 3.735, avg. samples / sec: 1468.35
Iteration:  10640, Loss function: 3.905, Average Loss: 3.735, avg. samples / sec: 1466.41
Iteration:  10660, Loss function: 3.973, Average Loss: 3.734, avg. samples / sec: 1463.74
lr decay step #1
:::MLL 1586398201.122 eval_start: {"value": null, "metadata": {"epoch_num": 44, "file": "train.py", "lineno": 276}}
Parsing batch: 0/11Parsing batch: 0/11Parsing batch: 0/11Parsing batch: 1/11Parsing batch: 1/11Parsing batch: 1/11Parsing batch: 2/11Parsing batch: 2/11Parsing batch: 2/11Parsing batch: 3/11Parsing batch: 3/11Parsing batch: 3/11Parsing batch: 4/11Parsing batch: 4/11Parsing batch: 4/11Parsing batch: 5/11Parsing batch: 5/11Parsing batch: 5/11Parsing batch: 6/11Parsing batch: 6/11Parsing batch: 6/11Parsing batch: 7/11Parsing batch: 7/11Parsing batch: 7/11Parsing batch: 8/11Parsing batch: 8/11Parsing batch: 8/11Parsing batch: 9/11Parsing batch: 9/11Parsing batch: 9/11Parsing batch: 10/11Parsing batch: 10/11Parsing batch: 10/11Predicting Ended, total time: 13.42 s
Loading and preparing results...
Loading and preparing results...
Loading and preparing results...
DONE (t=0.61s)
DONE (t=0.63s)
DONE (t=0.63s)
Running per image evaluation...
Evaluate annotation type *bbox*
DONE (t=2.59s).
Accumulating evaluation results...
DONE (t=0.00s).
 Average Precision  (AP) @[ IoU=0.50:0.95 | area=   all | maxDets=100 ] = 0.18755
 Average Precision  (AP) @[ IoU=0.50      | area=   all | maxDets=100 ] = 0.33910
 Average Precision  (AP) @[ IoU=0.75      | area=   all | maxDets=100 ] = 0.18821
 Average Precision  (AP) @[ IoU=0.50:0.95 | area= small | maxDets=100 ] = 0.05057
 Average Precision  (AP) @[ IoU=0.50:0.95 | area=medium | maxDets=100 ] = 0.19863
 Average Precision  (AP) @[ IoU=0.50:0.95 | area= large | maxDets=100 ] = 0.30961
 Average Recall     (AR) @[ IoU=0.50:0.95 | area=   all | maxDets=  1 ] = 0.19502
 Average Recall     (AR) @[ IoU=0.50:0.95 | area=   all | maxDets= 10 ] = 0.28356
 Average Recall     (AR) @[ IoU=0.50:0.95 | area=   all | maxDets=100 ] = 0.30048
 Average Recall     (AR) @[ IoU=0.50:0.95 | area= small | maxDets=100 ] = 0.08557
 Average Recall     (AR) @[ IoU=0.50:0.95 | area=medium | maxDets=100 ] = 0.32049
 Average Recall     (AR) @[ IoU=0.50:0.95 | area= large | maxDets=100 ] = 0.47712
Current AP: 0.18755 AP goal: 0.23000
:::MLL 1586398217.841 eval_accuracy: {"value": 0.18754743794537057, "metadata": {"epoch_num": 44, "file": "train.py", "lineno": 389}}
:::MLL 1586398217.842 eval_stop: {"value": null, "metadata": {"epoch_num": 44, "file": "train.py", "lineno": 392}}
:::MLL 1586398217.855 block_stop: {"value": null, "metadata": {"first_epoch_num": 33, "file": "train.py", "lineno": 804}}
:::MLL 1586398217.856 block_start: {"value": null, "metadata": {"first_epoch_num": 44, "epoch_count": 5.457677417154162, "file": "train.py", "lineno": 813}}
Iteration:  10680, Loss function: 3.652, Average Loss: 3.732, avg. samples / sec: 412.41
Iteration:  10700, Loss function: 3.537, Average Loss: 3.728, avg. samples / sec: 1472.68
Iteration:  10720, Loss function: 3.450, Average Loss: 3.723, avg. samples / sec: 1476.80
Iteration:  10740, Loss function: 3.535, Average Loss: 3.718, avg. samples / sec: 1478.50
:::MLL 1586398244.885 epoch_stop: {"value": null, "metadata": {"epoch_num": 44, "file": "train.py", "lineno": 819}}
:::MLL 1586398244.885 epoch_start: {"value": null, "metadata": {"epoch_num": 45, "file": "train.py", "lineno": 673}}
Iteration:  10760, Loss function: 3.386, Average Loss: 3.713, avg. samples / sec: 1472.19
Iteration:  10780, Loss function: 3.536, Average Loss: 3.706, avg. samples / sec: 1473.71
Iteration:  10800, Loss function: 3.346, Average Loss: 3.698, avg. samples / sec: 1471.72
Iteration:  10820, Loss function: 3.413, Average Loss: 3.692, avg. samples / sec: 1470.93
Iteration:  10840, Loss function: 3.372, Average Loss: 3.686, avg. samples / sec: 1465.38
Iteration:  10860, Loss function: 3.302, Average Loss: 3.678, avg. samples / sec: 1467.91
Iteration:  10880, Loss function: 3.423, Average Loss: 3.672, avg. samples / sec: 1468.41
Iteration:  10900, Loss function: 3.247, Average Loss: 3.665, avg. samples / sec: 1471.84
Iteration:  10920, Loss function: 3.252, Average Loss: 3.659, avg. samples / sec: 1477.20
Iteration:  10940, Loss function: 3.322, Average Loss: 3.652, avg. samples / sec: 1475.02
Iteration:  10960, Loss function: 3.326, Average Loss: 3.646, avg. samples / sec: 1475.47
Iteration:  10980, Loss function: 3.211, Average Loss: 3.640, avg. samples / sec: 1471.02
:::MLL 1586398324.456 epoch_stop: {"value": null, "metadata": {"epoch_num": 45, "file": "train.py", "lineno": 819}}
:::MLL 1586398324.456 epoch_start: {"value": null, "metadata": {"epoch_num": 46, "file": "train.py", "lineno": 673}}
Iteration:  11000, Loss function: 3.579, Average Loss: 3.635, avg. samples / sec: 1471.08
Iteration:  11020, Loss function: 3.349, Average Loss: 3.629, avg. samples / sec: 1473.58
Iteration:  11040, Loss function: 3.537, Average Loss: 3.622, avg. samples / sec: 1468.01
Iteration:  11060, Loss function: 3.070, Average Loss: 3.616, avg. samples / sec: 1472.81
Iteration:  11080, Loss function: 3.502, Average Loss: 3.610, avg. samples / sec: 1476.10
Iteration:  11100, Loss function: 3.254, Average Loss: 3.604, avg. samples / sec: 1466.67
Iteration:  11120, Loss function: 3.182, Average Loss: 3.597, avg. samples / sec: 1469.85
Iteration:  11140, Loss function: 3.607, Average Loss: 3.592, avg. samples / sec: 1471.11
Iteration:  11160, Loss function: 3.339, Average Loss: 3.587, avg. samples / sec: 1475.84
Iteration:  11180, Loss function: 3.075, Average Loss: 3.581, avg. samples / sec: 1470.50
Iteration:  11200, Loss function: 3.404, Average Loss: 3.576, avg. samples / sec: 1472.43
Iteration:  11220, Loss function: 3.302, Average Loss: 3.571, avg. samples / sec: 1471.42
:::MLL 1586398404.059 epoch_stop: {"value": null, "metadata": {"epoch_num": 46, "file": "train.py", "lineno": 819}}
:::MLL 1586398404.059 epoch_start: {"value": null, "metadata": {"epoch_num": 47, "file": "train.py", "lineno": 673}}
Iteration:  11240, Loss function: 3.281, Average Loss: 3.565, avg. samples / sec: 1467.37
Iteration:  11260, Loss function: 3.349, Average Loss: 3.560, avg. samples / sec: 1468.82
Iteration:  11280, Loss function: 3.197, Average Loss: 3.555, avg. samples / sec: 1472.86
Iteration:  11300, Loss function: 3.221, Average Loss: 3.549, avg. samples / sec: 1471.52
Iteration:  11320, Loss function: 3.407, Average Loss: 3.545, avg. samples / sec: 1465.65
Iteration:  11340, Loss function: 3.264, Average Loss: 3.540, avg. samples / sec: 1475.40
Iteration:  11360, Loss function: 3.341, Average Loss: 3.534, avg. samples / sec: 1470.18
Iteration:  11380, Loss function: 3.264, Average Loss: 3.529, avg. samples / sec: 1469.56
Iteration:  11400, Loss function: 3.439, Average Loss: 3.525, avg. samples / sec: 1473.90
Iteration:  11420, Loss function: 3.467, Average Loss: 3.520, avg. samples / sec: 1471.41
Iteration:  11440, Loss function: 3.145, Average Loss: 3.515, avg. samples / sec: 1472.63
Iteration:  11460, Loss function: 3.259, Average Loss: 3.510, avg. samples / sec: 1470.84
Iteration:  11480, Loss function: 3.099, Average Loss: 3.506, avg. samples / sec: 1472.65
:::MLL 1586398484.004 epoch_stop: {"value": null, "metadata": {"epoch_num": 47, "file": "train.py", "lineno": 819}}
:::MLL 1586398484.004 epoch_start: {"value": null, "metadata": {"epoch_num": 48, "file": "train.py", "lineno": 673}}
Iteration:  11500, Loss function: 3.234, Average Loss: 3.501, avg. samples / sec: 1470.21
Iteration:  11520, Loss function: 3.192, Average Loss: 3.498, avg. samples / sec: 1464.56
Iteration:  11540, Loss function: 3.088, Average Loss: 3.494, avg. samples / sec: 1471.67
Iteration:  11560, Loss function: 3.092, Average Loss: 3.490, avg. samples / sec: 1469.08
Iteration:  11580, Loss function: 3.105, Average Loss: 3.486, avg. samples / sec: 1472.05
Iteration:  11600, Loss function: 3.450, Average Loss: 3.482, avg. samples / sec: 1468.73
Iteration:  11620, Loss function: 3.111, Average Loss: 3.477, avg. samples / sec: 1468.70
Iteration:  11640, Loss function: 3.261, Average Loss: 3.473, avg. samples / sec: 1458.64
Iteration:  11660, Loss function: 3.229, Average Loss: 3.468, avg. samples / sec: 1468.33
Iteration:  11680, Loss function: 3.041, Average Loss: 3.463, avg. samples / sec: 1470.70
Iteration:  11700, Loss function: 3.460, Average Loss: 3.460, avg. samples / sec: 1473.61
Iteration:  11720, Loss function: 3.265, Average Loss: 3.457, avg. samples / sec: 1466.41
:::MLL 1586398563.769 epoch_stop: {"value": null, "metadata": {"epoch_num": 48, "file": "train.py", "lineno": 819}}
:::MLL 1586398563.769 epoch_start: {"value": null, "metadata": {"epoch_num": 49, "file": "train.py", "lineno": 673}}
Iteration:  11740, Loss function: 3.312, Average Loss: 3.452, avg. samples / sec: 1465.97
Iteration:  11760, Loss function: 3.131, Average Loss: 3.448, avg. samples / sec: 1470.05
Iteration:  11780, Loss function: 3.398, Average Loss: 3.444, avg. samples / sec: 1474.82
Iteration:  11800, Loss function: 3.135, Average Loss: 3.441, avg. samples / sec: 1470.59
Iteration:  11820, Loss function: 3.330, Average Loss: 3.436, avg. samples / sec: 1470.71
Iteration:  11840, Loss function: 3.036, Average Loss: 3.431, avg. samples / sec: 1469.36
Iteration:  11860, Loss function: 3.406, Average Loss: 3.430, avg. samples / sec: 1464.14
Iteration:  11880, Loss function: 3.250, Average Loss: 3.426, avg. samples / sec: 1468.74
Iteration:  11900, Loss function: 3.322, Average Loss: 3.423, avg. samples / sec: 1475.18
Iteration:  11920, Loss function: 3.128, Average Loss: 3.419, avg. samples / sec: 1470.26
Iteration:  11940, Loss function: 3.372, Average Loss: 3.415, avg. samples / sec: 1470.86
Iteration:  11960, Loss function: 3.176, Average Loss: 3.411, avg. samples / sec: 1474.08
:::MLL 1586398643.430 epoch_stop: {"value": null, "metadata": {"epoch_num": 49, "file": "train.py", "lineno": 819}}
:::MLL 1586398643.430 epoch_start: {"value": null, "metadata": {"epoch_num": 50, "file": "train.py", "lineno": 673}}
Iteration:  11980, Loss function: 3.234, Average Loss: 3.408, avg. samples / sec: 1461.41
Iteration:  12000, Loss function: 3.563, Average Loss: 3.406, avg. samples / sec: 1471.73
:::MLL 1586398653.235 eval_start: {"value": null, "metadata": {"epoch_num": 50, "file": "train.py", "lineno": 276}}
Parsing batch: 0/11Parsing batch: 0/11Parsing batch: 0/11Parsing batch: 1/11Parsing batch: 1/11Parsing batch: 1/11Parsing batch: 2/11Parsing batch: 2/11Parsing batch: 2/11Parsing batch: 3/11Parsing batch: 3/11Parsing batch: 3/11Parsing batch: 4/11Parsing batch: 4/11Parsing batch: 4/11Parsing batch: 5/11Parsing batch: 5/11Parsing batch: 5/11Parsing batch: 6/11Parsing batch: 6/11Parsing batch: 6/11Parsing batch: 7/11Parsing batch: 7/11Parsing batch: 7/11Parsing batch: 8/11Parsing batch: 8/11Parsing batch: 8/11Parsing batch: 9/11Parsing batch: 9/11Parsing batch: 9/11Parsing batch: 10/11Parsing batch: 10/11Parsing batch: 10/11Predicting Ended, total time: 13.39 s
Loading and preparing results...
Loading and preparing results...
Loading and preparing results...
DONE (t=0.57s)
Running per image evaluation...
Evaluate annotation type *bbox*
DONE (t=0.85s)
DONE (t=0.86s)
DONE (t=2.36s).
Accumulating evaluation results...
DONE (t=0.00s).
 Average Precision  (AP) @[ IoU=0.50:0.95 | area=   all | maxDets=100 ] = 0.23568
 Average Precision  (AP) @[ IoU=0.50      | area=   all | maxDets=100 ] = 0.40089
 Average Precision  (AP) @[ IoU=0.75      | area=   all | maxDets=100 ] = 0.24080
 Average Precision  (AP) @[ IoU=0.50:0.95 | area= small | maxDets=100 ] = 0.06275
 Average Precision  (AP) @[ IoU=0.50:0.95 | area=medium | maxDets=100 ] = 0.24753
 Average Precision  (AP) @[ IoU=0.50:0.95 | area= large | maxDets=100 ] = 0.38798
 Average Recall     (AR) @[ IoU=0.50:0.95 | area=   all | maxDets=  1 ] = 0.22426
 Average Recall     (AR) @[ IoU=0.50:0.95 | area=   all | maxDets= 10 ] = 0.32971
 Average Recall     (AR) @[ IoU=0.50:0.95 | area=   all | maxDets=100 ] = 0.34682
 Average Recall     (AR) @[ IoU=0.50:0.95 | area= small | maxDets=100 ] = 0.10631
 Average Recall     (AR) @[ IoU=0.50:0.95 | area=medium | maxDets=100 ] = 0.38008
 Average Recall     (AR) @[ IoU=0.50:0.95 | area= large | maxDets=100 ] = 0.54107
Current AP: 0.23568 AP goal: 0.23000
:::MLL 1586398669.639 eval_accuracy: {"value": 0.23568325895115474, "metadata": {"epoch_num": 50, "file": "train.py", "lineno": 389}}
:::MLL 1586398669.943 eval_stop: {"value": null, "metadata": {"epoch_num": 50, "file": "train.py", "lineno": 392}}
:::MLL 1586398669.955 block_stop: {"value": null, "metadata": {"first_epoch_num": 44, "file": "train.py", "lineno": 804}}
:::MLL 1586398670.483 run_stop: {"value": null, "metadata": {"status": "success", "file": "train.py", "lineno": 849}}
+ ret_code=0
+ set +x
ENDING TIMING RUN AT 2020-04-09 02:17:54 AM
RESULT,SINGLE_STAGE_DETECTOR,,3996,nvidia,2020-04-09 01:11:18 AM
