Beginning trial 3 of 5
Gathering sys log on node001
:::MLL 1586379104.469 submission_benchmark: {"value": "ssd", "metadata": {"file": "mlperf_log_utils.py", "lineno": 176}}
:::MLL 1586379104.470 submission_org: {"value": "NVIDIA", "metadata": {"file": "mlperf_log_utils.py", "lineno": 181}}
WARNING: Log validation: Key "submission_division" is not in known ssd keys.
:::MLL 1586379104.471 submission_division: {"value": "closed", "metadata": {"file": "mlperf_log_utils.py", "lineno": 185}}
:::MLL 1586379104.472 submission_status: {"value": "onprem", "metadata": {"file": "mlperf_log_utils.py", "lineno": 189}}
:::MLL 1586379104.473 submission_platform: {"value": "1xPowerEdge R7525", "metadata": {"file": "mlperf_log_utils.py", "lineno": 193}}
:::MLL 1586379104.474 submission_entry: {"value": "{'hardware': 'PowerEdge R7525', 'framework': 'PyTorch NVIDIA Release 19.05', 'power': 'N/A', 'notes': 'N/A', 'interconnect': ' ', 'os': '\\\\S / ', 'libraries': \"{'container_base': 'Ubuntu-16.04', 'openmpi_version': '3.1.3', 'mofed_version': '4.0-0', 'cuda_version': '10.1.163', 'cuda_driver_version': '418.67', 'nccl_version': '2.4.6', 'cudnn_version': '7.6.0.64', 'cublas_version': '10.2.0.163', 'trt_version': '5.1.5.0', 'dali_version': '0.9.1'}\", 'compilers': 'gcc (Ubuntu 5.4.0-6ubuntu1~16.04.11) 5.4.0 20160609', 'nodes': \"{'num_nodes': '1', 'cpu': '2x AMD EPYC 7502 32-Core Processor', 'num_cores': '64', 'num_vcpus': '64', 'accelerator': 'Tesla V100-PCIE-32GB', 'num_accelerators': '3', 'sys_mem_size': '251 GB', 'sys_storage_type': 'NVMe SSD', 'sys_storage_size': '1x 931.5G', 'cpu_accel_interconnect': 'QPI', 'network_card': '', 'num_network_cards': '0', 'notes': ''}\"}", "metadata": {"file": "mlperf_log_utils.py", "lineno": 197}}
:::MLL 1586379104.474 submission_poc_name: {"value": "Paulius Micikevicius", "metadata": {"file": "mlperf_log_utils.py", "lineno": 201}}
:::MLL 1586379104.475 submission_poc_email: {"value": "pauliusm@nvidia.com", "metadata": {"file": "mlperf_log_utils.py", "lineno": 205}}
Clearing caches
:::MLL 1586379107.906 cache_clear: {"value": true, "metadata": {"file": "<string>", "lineno": 1}}
Launching on node node001
+ pids+=($!)
+ set +x
++ eval echo
+++ echo
+ docker exec -e DGXSYSTEM=DGX1 -e 'MULTI_NODE= --master_port=4886' -e SLURM_JOB_ID=200408133318911802340 -e SLURM_NTASKS_PER_NODE= cont_200408133318911802340 ./run_and_time.sh
Run vars: id 200408133318911802340 gpus 3 mparams  --master_port=4886
STARTING TIMING RUN AT 2020-04-08 08:51:48 PM
+ NUMEPOCHS=80
+ echo 'running benchmark'
+ export DATASET_DIR=/data/coco2017
+ DATASET_DIR=/data/coco2017
+ export TORCH_MODEL_ZOO=/data/torchvision
+ TORCH_MODEL_ZOO=/data/torchvision
running benchmark
+ python -m bind_launch --nsockets_per_node 2 --ncores_per_socket 20 --nproc_per_node 3 --master_port=4886 --no_hyperthreads --no_membind train.py --use-fp16 --nhwc --pad-input --jit --delay-allreduce --opt-loss --epochs 80 --warmup-factor 0 --no-save --threshold=0.23 --data /data/coco2017 --evaluation 120000 160000 180000 200000 220000 240000 260000 280000 --batch-size 120 --eval-batch-size 160 --warmup 650 --lr 2.92e-3 --wd 1.6e-4 --use-nvjpeg --use-roi-decode
:::MLL 1586379110.500 init_start: {"value": null, "metadata": {"file": "train.py", "lineno": 833}}
:::MLL 1586379110.500 init_start: {"value": null, "metadata": {"file": "train.py", "lineno": 833}}
:::MLL 1586379110.500 init_start: {"value": null, "metadata": {"file": "train.py", "lineno": 833}}
BN group: 1
BN group: 1
BN group: 1
0 Using seed = 4006616628
2 Using seed = 4006616630
1 Using seed = 4006616629
:::MLL 1586379116.646 max_samples: {"value": 1, "metadata": {"file": "utils.py", "lineno": 465}}
/opt/conda/lib/python3.6/site-packages/torch/nn/_reduction.py:46: UserWarning: size_average and reduce args will be deprecated, please use reduction='none' instead.
  warnings.warn(warning.format(ret))
Delaying allreduces to the end of backward()
:::MLL 1586379117.430 model_bn_span: {"value": 120, "metadata": {"file": "train.py", "lineno": 480}}
:::MLL 1586379117.431 global_batch_size: {"value": 360, "metadata": {"file": "train.py", "lineno": 481}}
:::MLL 1586379117.438 opt_base_learning_rate: {"value": 0.0325, "metadata": {"file": "train.py", "lineno": 511}}
:::MLL 1586379117.439 opt_weight_decay: {"value": 0.00016, "metadata": {"file": "train.py", "lineno": 513}}
:::MLL 1586379117.439 opt_learning_rate_warmup_steps: {"value": 650, "metadata": {"file": "train.py", "lineno": 516}}
:::MLL 1586379117.439 opt_learning_rate_warmup_factor: {"value": 0, "metadata": {"file": "train.py", "lineno": 518}}
/opt/conda/lib/python3.6/site-packages/torch/nn/_reduction.py:46: UserWarning: size_average and reduce args will be deprecated, please use reduction='none' instead.
  warnings.warn(warning.format(ret))
/opt/conda/lib/python3.6/site-packages/torch/nn/_reduction.py:46: UserWarning: size_average and reduce args will be deprecated, please use reduction='none' instead.
  warnings.warn(warning.format(ret))
epoch nbatch loss
:::MLL 1586379122.108 init_stop: {"value": null, "metadata": {"file": "train.py", "lineno": 604}}
:::MLL 1586379122.109 run_start: {"value": null, "metadata": {"file": "train.py", "lineno": 610}}
loading annotations into memory...
loading annotations into memory...
loading annotations into memory...
Done (t=1.26s)
creating index...
Done (t=1.26s)
creating index...
Done (t=1.30s)
creating index...
time_check a: 1586379124.899375439
time_check b: 1586379129.747768164
:::MLL 1586379130.154 block_start: {"value": null, "metadata": {"first_epoch_num": 1, "epoch_count": 32.74606450292497, "file": "train.py", "lineno": 669}}
:::MLL 1586379130.154 epoch_start: {"value": null, "metadata": {"epoch_num": 1, "file": "train.py", "lineno": 673}}
Iteration:      0, Loss function: 22.566, Average Loss: 0.023, avg. samples / sec: 26.98
Iteration:     20, Loss function: 20.730, Average Loss: 0.448, avg. samples / sec: 1235.15
Iteration:     40, Loss function: 20.347, Average Loss: 0.847, avg. samples / sec: 1420.25
Iteration:     60, Loss function: 18.161, Average Loss: 1.219, avg. samples / sec: 1434.00
Iteration:     80, Loss function: 12.329, Average Loss: 1.474, avg. samples / sec: 1440.13
Iteration:    100, Loss function: 9.969, Average Loss: 1.657, avg. samples / sec: 1442.18
Iteration:    120, Loss function: 9.521, Average Loss: 1.814, avg. samples / sec: 1438.07
Iteration:    140, Loss function: 8.935, Average Loss: 1.959, avg. samples / sec: 1446.51
Iteration:    160, Loss function: 9.015, Average Loss: 2.099, avg. samples / sec: 1443.41
Iteration:    180, Loss function: 8.860, Average Loss: 2.233, avg. samples / sec: 1450.59
Iteration:    200, Loss function: 8.539, Average Loss: 2.361, avg. samples / sec: 1444.73
Iteration:    220, Loss function: 8.505, Average Loss: 2.481, avg. samples / sec: 1448.75
Iteration:    240, Loss function: 8.175, Average Loss: 2.595, avg. samples / sec: 1447.73
Iteration:    260, Loss function: 8.185, Average Loss: 2.706, avg. samples / sec: 1447.41
Iteration:    280, Loss function: 7.810, Average Loss: 2.816, avg. samples / sec: 1451.27
Iteration:    300, Loss function: 7.794, Average Loss: 2.915, avg. samples / sec: 1440.64
Iteration:    320, Loss function: 7.935, Average Loss: 3.011, avg. samples / sec: 1443.60
:::MLL 1586379213.469 epoch_stop: {"value": null, "metadata": {"epoch_num": 1, "file": "train.py", "lineno": 819}}
:::MLL 1586379213.470 epoch_start: {"value": null, "metadata": {"epoch_num": 2, "file": "train.py", "lineno": 673}}
Iteration:    340, Loss function: 7.401, Average Loss: 3.103, avg. samples / sec: 1435.96
Iteration:    360, Loss function: 7.496, Average Loss: 3.191, avg. samples / sec: 1447.43
Iteration:    380, Loss function: 7.685, Average Loss: 3.276, avg. samples / sec: 1442.86
Iteration:    400, Loss function: 7.429, Average Loss: 3.358, avg. samples / sec: 1442.11
Iteration:    420, Loss function: 7.032, Average Loss: 3.437, avg. samples / sec: 1441.93
Iteration:    440, Loss function: 7.143, Average Loss: 3.512, avg. samples / sec: 1434.26
Iteration:    460, Loss function: 6.887, Average Loss: 3.582, avg. samples / sec: 1445.23
Iteration:    480, Loss function: 6.925, Average Loss: 3.650, avg. samples / sec: 1448.11
Iteration:    500, Loss function: 6.705, Average Loss: 3.717, avg. samples / sec: 1446.72
Iteration:    520, Loss function: 6.940, Average Loss: 3.782, avg. samples / sec: 1448.80
Iteration:    540, Loss function: 6.718, Average Loss: 3.842, avg. samples / sec: 1448.24
Iteration:    560, Loss function: 6.607, Average Loss: 3.899, avg. samples / sec: 1441.45
Iteration:    580, Loss function: 6.591, Average Loss: 3.955, avg. samples / sec: 1441.19
Iteration:    600, Loss function: 6.554, Average Loss: 4.007, avg. samples / sec: 1446.67
Iteration:    620, Loss function: 6.694, Average Loss: 4.057, avg. samples / sec: 1443.28
Iteration:    640, Loss function: 6.399, Average Loss: 4.107, avg. samples / sec: 1447.10
:::MLL 1586379294.762 epoch_stop: {"value": null, "metadata": {"epoch_num": 2, "file": "train.py", "lineno": 819}}
:::MLL 1586379294.762 epoch_start: {"value": null, "metadata": {"epoch_num": 3, "file": "train.py", "lineno": 673}}
Iteration:    660, Loss function: 6.295, Average Loss: 4.154, avg. samples / sec: 1441.37
Iteration:    680, Loss function: 6.504, Average Loss: 4.197, avg. samples / sec: 1441.76
Iteration:    700, Loss function: 6.492, Average Loss: 4.240, avg. samples / sec: 1452.41
Iteration:    720, Loss function: 6.266, Average Loss: 4.280, avg. samples / sec: 1447.27
Iteration:    740, Loss function: 6.161, Average Loss: 4.318, avg. samples / sec: 1447.45
Iteration:    760, Loss function: 6.186, Average Loss: 4.356, avg. samples / sec: 1448.84
Iteration:    780, Loss function: 6.086, Average Loss: 4.390, avg. samples / sec: 1447.43
Iteration:    800, Loss function: 6.075, Average Loss: 4.423, avg. samples / sec: 1444.38
Iteration:    820, Loss function: 6.027, Average Loss: 4.455, avg. samples / sec: 1447.13
Iteration:    840, Loss function: 5.767, Average Loss: 4.484, avg. samples / sec: 1439.74
Iteration:    860, Loss function: 5.768, Average Loss: 4.511, avg. samples / sec: 1444.70
Iteration:    880, Loss function: 5.661, Average Loss: 4.537, avg. samples / sec: 1446.55
Iteration:    900, Loss function: 5.777, Average Loss: 4.562, avg. samples / sec: 1441.58
Iteration:    920, Loss function: 5.773, Average Loss: 4.586, avg. samples / sec: 1441.87
Iteration:    940, Loss function: 5.991, Average Loss: 4.608, avg. samples / sec: 1446.69
Iteration:    960, Loss function: 5.432, Average Loss: 4.631, avg. samples / sec: 1447.00
:::MLL 1586379375.965 epoch_stop: {"value": null, "metadata": {"epoch_num": 3, "file": "train.py", "lineno": 819}}
:::MLL 1586379375.966 epoch_start: {"value": null, "metadata": {"epoch_num": 4, "file": "train.py", "lineno": 673}}
Iteration:    980, Loss function: 5.485, Average Loss: 4.651, avg. samples / sec: 1437.74
Iteration:   1000, Loss function: 5.739, Average Loss: 4.670, avg. samples / sec: 1445.79
Iteration:   1020, Loss function: 5.456, Average Loss: 4.688, avg. samples / sec: 1443.05
Iteration:   1040, Loss function: 5.482, Average Loss: 4.706, avg. samples / sec: 1436.90
Iteration:   1060, Loss function: 5.277, Average Loss: 4.720, avg. samples / sec: 1446.75
Iteration:   1080, Loss function: 5.794, Average Loss: 4.735, avg. samples / sec: 1446.37
Iteration:   1100, Loss function: 5.508, Average Loss: 4.749, avg. samples / sec: 1445.00
Iteration:   1120, Loss function: 5.772, Average Loss: 4.764, avg. samples / sec: 1442.15
Iteration:   1140, Loss function: 5.640, Average Loss: 4.778, avg. samples / sec: 1440.80
Iteration:   1160, Loss function: 5.274, Average Loss: 4.790, avg. samples / sec: 1440.88
Iteration:   1180, Loss function: 5.556, Average Loss: 4.803, avg. samples / sec: 1446.78
Iteration:   1200, Loss function: 5.381, Average Loss: 4.815, avg. samples / sec: 1444.16
Iteration:   1220, Loss function: 5.163, Average Loss: 4.825, avg. samples / sec: 1447.67
Iteration:   1240, Loss function: 5.434, Average Loss: 4.835, avg. samples / sec: 1445.22
Iteration:   1260, Loss function: 5.258, Average Loss: 4.844, avg. samples / sec: 1445.58
Iteration:   1280, Loss function: 5.390, Average Loss: 4.853, avg. samples / sec: 1441.96
Iteration:   1300, Loss function: 5.300, Average Loss: 4.861, avg. samples / sec: 1447.91
:::MLL 1586379457.002 epoch_stop: {"value": null, "metadata": {"epoch_num": 4, "file": "train.py", "lineno": 819}}
:::MLL 1586379457.003 epoch_start: {"value": null, "metadata": {"epoch_num": 5, "file": "train.py", "lineno": 673}}
Iteration:   1320, Loss function: 4.891, Average Loss: 4.868, avg. samples / sec: 1442.21
Iteration:   1340, Loss function: 5.111, Average Loss: 4.875, avg. samples / sec: 1444.10
Iteration:   1360, Loss function: 5.141, Average Loss: 4.881, avg. samples / sec: 1443.86
Iteration:   1380, Loss function: 5.256, Average Loss: 4.889, avg. samples / sec: 1443.04
Iteration:   1400, Loss function: 5.312, Average Loss: 4.895, avg. samples / sec: 1444.06
Iteration:   1420, Loss function: 5.503, Average Loss: 4.900, avg. samples / sec: 1445.03
Iteration:   1440, Loss function: 4.949, Average Loss: 4.905, avg. samples / sec: 1443.86
Iteration:   1460, Loss function: 5.405, Average Loss: 4.909, avg. samples / sec: 1441.12
Iteration:   1480, Loss function: 5.156, Average Loss: 4.914, avg. samples / sec: 1441.75
Iteration:   1500, Loss function: 5.077, Average Loss: 4.917, avg. samples / sec: 1443.43
Iteration:   1520, Loss function: 5.167, Average Loss: 4.921, avg. samples / sec: 1444.38
Iteration:   1540, Loss function: 5.409, Average Loss: 4.926, avg. samples / sec: 1446.30
Iteration:   1560, Loss function: 4.924, Average Loss: 4.928, avg. samples / sec: 1445.47
Iteration:   1580, Loss function: 5.062, Average Loss: 4.929, avg. samples / sec: 1445.50
Iteration:   1600, Loss function: 5.402, Average Loss: 4.933, avg. samples / sec: 1445.10
Iteration:   1620, Loss function: 4.962, Average Loss: 4.935, avg. samples / sec: 1444.13
:::MLL 1586379538.294 epoch_stop: {"value": null, "metadata": {"epoch_num": 5, "file": "train.py", "lineno": 819}}
:::MLL 1586379538.295 epoch_start: {"value": null, "metadata": {"epoch_num": 6, "file": "train.py", "lineno": 673}}
Iteration:   1640, Loss function: 5.436, Average Loss: 4.938, avg. samples / sec: 1433.75
Iteration:   1660, Loss function: 5.317, Average Loss: 4.939, avg. samples / sec: 1442.63
Iteration:   1680, Loss function: 4.880, Average Loss: 4.939, avg. samples / sec: 1446.86
Iteration:   1700, Loss function: 5.071, Average Loss: 4.940, avg. samples / sec: 1445.60
Iteration:   1720, Loss function: 4.838, Average Loss: 4.939, avg. samples / sec: 1441.15
Iteration:   1740, Loss function: 5.199, Average Loss: 4.940, avg. samples / sec: 1443.63
Iteration:   1760, Loss function: 4.952, Average Loss: 4.939, avg. samples / sec: 1446.48
Iteration:   1780, Loss function: 5.057, Average Loss: 4.938, avg. samples / sec: 1445.24
Iteration:   1800, Loss function: 4.945, Average Loss: 4.939, avg. samples / sec: 1447.11
Iteration:   1820, Loss function: 4.809, Average Loss: 4.939, avg. samples / sec: 1446.76
Iteration:   1840, Loss function: 4.649, Average Loss: 4.939, avg. samples / sec: 1447.51
Iteration:   1860, Loss function: 4.992, Average Loss: 4.938, avg. samples / sec: 1440.89
Iteration:   1880, Loss function: 4.593, Average Loss: 4.937, avg. samples / sec: 1442.60
Iteration:   1900, Loss function: 4.629, Average Loss: 4.937, avg. samples / sec: 1444.35
Iteration:   1920, Loss function: 5.011, Average Loss: 4.935, avg. samples / sec: 1444.17
Iteration:   1940, Loss function: 4.840, Average Loss: 4.933, avg. samples / sec: 1444.89
:::MLL 1586379619.552 epoch_stop: {"value": null, "metadata": {"epoch_num": 6, "file": "train.py", "lineno": 819}}
:::MLL 1586379619.553 epoch_start: {"value": null, "metadata": {"epoch_num": 7, "file": "train.py", "lineno": 673}}
Iteration:   1960, Loss function: 4.670, Average Loss: 4.931, avg. samples / sec: 1443.14
Iteration:   1980, Loss function: 4.612, Average Loss: 4.929, avg. samples / sec: 1436.11
Iteration:   2000, Loss function: 4.750, Average Loss: 4.926, avg. samples / sec: 1444.75
Iteration:   2020, Loss function: 4.420, Average Loss: 4.922, avg. samples / sec: 1445.83
Iteration:   2040, Loss function: 4.897, Average Loss: 4.920, avg. samples / sec: 1447.39
Iteration:   2060, Loss function: 4.824, Average Loss: 4.917, avg. samples / sec: 1446.25
Iteration:   2080, Loss function: 4.818, Average Loss: 4.914, avg. samples / sec: 1444.14
Iteration:   2100, Loss function: 4.956, Average Loss: 4.913, avg. samples / sec: 1444.67
Iteration:   2120, Loss function: 4.621, Average Loss: 4.910, avg. samples / sec: 1446.18
Iteration:   2140, Loss function: 4.940, Average Loss: 4.906, avg. samples / sec: 1446.22
Iteration:   2160, Loss function: 4.688, Average Loss: 4.904, avg. samples / sec: 1443.35
Iteration:   2180, Loss function: 4.757, Average Loss: 4.902, avg. samples / sec: 1443.65
Iteration:   2200, Loss function: 4.833, Average Loss: 4.899, avg. samples / sec: 1437.29
Iteration:   2220, Loss function: 4.649, Average Loss: 4.895, avg. samples / sec: 1446.20
Iteration:   2240, Loss function: 4.566, Average Loss: 4.891, avg. samples / sec: 1445.91
Iteration:   2260, Loss function: 4.776, Average Loss: 4.889, avg. samples / sec: 1448.90
Iteration:   2280, Loss function: 4.979, Average Loss: 4.886, avg. samples / sec: 1444.22
:::MLL 1586379700.806 epoch_stop: {"value": null, "metadata": {"epoch_num": 7, "file": "train.py", "lineno": 819}}
:::MLL 1586379700.807 epoch_start: {"value": null, "metadata": {"epoch_num": 8, "file": "train.py", "lineno": 673}}
Iteration:   2300, Loss function: 4.764, Average Loss: 4.882, avg. samples / sec: 1437.54
Iteration:   2320, Loss function: 4.457, Average Loss: 4.878, avg. samples / sec: 1447.49
Iteration:   2340, Loss function: 4.687, Average Loss: 4.875, avg. samples / sec: 1447.31
Iteration:   2360, Loss function: 4.504, Average Loss: 4.873, avg. samples / sec: 1445.58
Iteration:   2380, Loss function: 4.699, Average Loss: 4.870, avg. samples / sec: 1445.82
Iteration:   2400, Loss function: 4.774, Average Loss: 4.866, avg. samples / sec: 1448.81
Iteration:   2420, Loss function: 4.530, Average Loss: 4.862, avg. samples / sec: 1443.78
Iteration:   2440, Loss function: 4.545, Average Loss: 4.856, avg. samples / sec: 1447.53
Iteration:   2460, Loss function: 4.612, Average Loss: 4.852, avg. samples / sec: 1448.01
Iteration:   2480, Loss function: 4.953, Average Loss: 4.848, avg. samples / sec: 1447.29
Iteration:   2500, Loss function: 4.831, Average Loss: 4.845, avg. samples / sec: 1445.86
Iteration:   2520, Loss function: 4.542, Average Loss: 4.840, avg. samples / sec: 1439.08
Iteration:   2540, Loss function: 4.536, Average Loss: 4.836, avg. samples / sec: 1442.12
Iteration:   2560, Loss function: 4.544, Average Loss: 4.831, avg. samples / sec: 1448.02
Iteration:   2580, Loss function: 4.710, Average Loss: 4.828, avg. samples / sec: 1447.33
Iteration:   2600, Loss function: 4.998, Average Loss: 4.825, avg. samples / sec: 1444.00
:::MLL 1586379781.753 epoch_stop: {"value": null, "metadata": {"epoch_num": 8, "file": "train.py", "lineno": 819}}
:::MLL 1586379781.753 epoch_start: {"value": null, "metadata": {"epoch_num": 9, "file": "train.py", "lineno": 673}}
Iteration:   2620, Loss function: 4.514, Average Loss: 4.820, avg. samples / sec: 1442.04
Iteration:   2640, Loss function: 4.436, Average Loss: 4.816, avg. samples / sec: 1441.61
Iteration:   2660, Loss function: 4.768, Average Loss: 4.812, avg. samples / sec: 1444.83
Iteration:   2680, Loss function: 4.835, Average Loss: 4.808, avg. samples / sec: 1443.83
Iteration:   2700, Loss function: 4.574, Average Loss: 4.801, avg. samples / sec: 1444.77
Iteration:   2720, Loss function: 4.581, Average Loss: 4.797, avg. samples / sec: 1448.48
Iteration:   2740, Loss function: 4.618, Average Loss: 4.793, avg. samples / sec: 1444.68
Iteration:   2760, Loss function: 4.590, Average Loss: 4.789, avg. samples / sec: 1439.62
Iteration:   2780, Loss function: 4.813, Average Loss: 4.785, avg. samples / sec: 1443.92
Iteration:   2800, Loss function: 4.358, Average Loss: 4.781, avg. samples / sec: 1440.41
Iteration:   2820, Loss function: 4.502, Average Loss: 4.776, avg. samples / sec: 1439.20
Iteration:   2840, Loss function: 4.753, Average Loss: 4.772, avg. samples / sec: 1436.69
Iteration:   2860, Loss function: 4.916, Average Loss: 4.767, avg. samples / sec: 1438.40
Iteration:   2880, Loss function: 4.466, Average Loss: 4.764, avg. samples / sec: 1432.17
Iteration:   2900, Loss function: 4.394, Average Loss: 4.759, avg. samples / sec: 1443.24
Iteration:   2920, Loss function: 4.597, Average Loss: 4.754, avg. samples / sec: 1444.64
:::MLL 1586379863.173 epoch_stop: {"value": null, "metadata": {"epoch_num": 9, "file": "train.py", "lineno": 819}}
:::MLL 1586379863.174 epoch_start: {"value": null, "metadata": {"epoch_num": 10, "file": "train.py", "lineno": 673}}
Iteration:   2940, Loss function: 4.302, Average Loss: 4.750, avg. samples / sec: 1435.50
Iteration:   2960, Loss function: 4.534, Average Loss: 4.746, avg. samples / sec: 1443.61
Iteration:   2980, Loss function: 4.839, Average Loss: 4.741, avg. samples / sec: 1440.28
Iteration:   3000, Loss function: 4.460, Average Loss: 4.736, avg. samples / sec: 1439.62
Iteration:   3020, Loss function: 4.833, Average Loss: 4.732, avg. samples / sec: 1440.96
Iteration:   3040, Loss function: 4.654, Average Loss: 4.727, avg. samples / sec: 1444.66
Iteration:   3060, Loss function: 4.633, Average Loss: 4.722, avg. samples / sec: 1443.10
Iteration:   3080, Loss function: 4.589, Average Loss: 4.718, avg. samples / sec: 1435.84
Iteration:   3100, Loss function: 4.118, Average Loss: 4.714, avg. samples / sec: 1444.81
Iteration:   3120, Loss function: 4.346, Average Loss: 4.711, avg. samples / sec: 1446.10
Iteration:   3140, Loss function: 4.402, Average Loss: 4.706, avg. samples / sec: 1446.78
Iteration:   3160, Loss function: 4.367, Average Loss: 4.701, avg. samples / sec: 1446.97
Iteration:   3180, Loss function: 4.418, Average Loss: 4.696, avg. samples / sec: 1447.31
Iteration:   3200, Loss function: 4.426, Average Loss: 4.692, avg. samples / sec: 1448.05
Iteration:   3220, Loss function: 4.686, Average Loss: 4.688, avg. samples / sec: 1445.94
Iteration:   3240, Loss function: 4.629, Average Loss: 4.685, avg. samples / sec: 1446.85
:::MLL 1586379944.455 epoch_stop: {"value": null, "metadata": {"epoch_num": 10, "file": "train.py", "lineno": 819}}
:::MLL 1586379944.456 epoch_start: {"value": null, "metadata": {"epoch_num": 11, "file": "train.py", "lineno": 673}}
Iteration:   3260, Loss function: 4.569, Average Loss: 4.679, avg. samples / sec: 1441.64
Iteration:   3280, Loss function: 4.449, Average Loss: 4.674, avg. samples / sec: 1447.53
Iteration:   3300, Loss function: 4.479, Average Loss: 4.669, avg. samples / sec: 1445.72
Iteration:   3320, Loss function: 4.391, Average Loss: 4.664, avg. samples / sec: 1437.50
Iteration:   3340, Loss function: 4.672, Average Loss: 4.660, avg. samples / sec: 1447.23
Iteration:   3360, Loss function: 4.398, Average Loss: 4.657, avg. samples / sec: 1445.27
Iteration:   3380, Loss function: 4.455, Average Loss: 4.652, avg. samples / sec: 1444.37
Iteration:   3400, Loss function: 4.551, Average Loss: 4.648, avg. samples / sec: 1443.55
Iteration:   3420, Loss function: 4.473, Average Loss: 4.643, avg. samples / sec: 1444.56
Iteration:   3440, Loss function: 4.177, Average Loss: 4.639, avg. samples / sec: 1445.19
Iteration:   3460, Loss function: 4.325, Average Loss: 4.635, avg. samples / sec: 1445.38
Iteration:   3480, Loss function: 4.084, Average Loss: 4.630, avg. samples / sec: 1444.07
Iteration:   3500, Loss function: 4.436, Average Loss: 4.625, avg. samples / sec: 1442.56
Iteration:   3520, Loss function: 4.366, Average Loss: 4.620, avg. samples / sec: 1447.75
Iteration:   3540, Loss function: 4.305, Average Loss: 4.615, avg. samples / sec: 1445.06
Iteration:   3560, Loss function: 4.293, Average Loss: 4.610, avg. samples / sec: 1444.91
Iteration:   3580, Loss function: 4.782, Average Loss: 4.607, avg. samples / sec: 1441.21
:::MLL 1586380025.717 epoch_stop: {"value": null, "metadata": {"epoch_num": 11, "file": "train.py", "lineno": 819}}
:::MLL 1586380025.717 epoch_start: {"value": null, "metadata": {"epoch_num": 12, "file": "train.py", "lineno": 673}}
Iteration:   3600, Loss function: 4.614, Average Loss: 4.602, avg. samples / sec: 1440.88
Iteration:   3620, Loss function: 4.396, Average Loss: 4.598, avg. samples / sec: 1445.93
Iteration:   3640, Loss function: 4.517, Average Loss: 4.593, avg. samples / sec: 1444.28
Iteration:   3660, Loss function: 4.599, Average Loss: 4.588, avg. samples / sec: 1445.56
Iteration:   3680, Loss function: 4.394, Average Loss: 4.584, avg. samples / sec: 1440.56
Iteration:   3700, Loss function: 4.414, Average Loss: 4.580, avg. samples / sec: 1443.26
Iteration:   3720, Loss function: 4.151, Average Loss: 4.576, avg. samples / sec: 1443.78
Iteration:   3740, Loss function: 4.450, Average Loss: 4.570, avg. samples / sec: 1446.48
Iteration:   3760, Loss function: 4.136, Average Loss: 4.567, avg. samples / sec: 1439.09
Iteration:   3780, Loss function: 4.472, Average Loss: 4.561, avg. samples / sec: 1443.86
Iteration:   3800, Loss function: 4.200, Average Loss: 4.557, avg. samples / sec: 1447.48
Iteration:   3820, Loss function: 4.438, Average Loss: 4.553, avg. samples / sec: 1445.61
Iteration:   3840, Loss function: 4.150, Average Loss: 4.549, avg. samples / sec: 1444.08
Iteration:   3860, Loss function: 4.148, Average Loss: 4.544, avg. samples / sec: 1443.24
Iteration:   3880, Loss function: 4.136, Average Loss: 4.539, avg. samples / sec: 1444.24
Iteration:   3900, Loss function: 4.429, Average Loss: 4.536, avg. samples / sec: 1445.03
:::MLL 1586380106.741 epoch_stop: {"value": null, "metadata": {"epoch_num": 12, "file": "train.py", "lineno": 819}}
:::MLL 1586380106.741 epoch_start: {"value": null, "metadata": {"epoch_num": 13, "file": "train.py", "lineno": 673}}
Iteration:   3920, Loss function: 4.283, Average Loss: 4.531, avg. samples / sec: 1433.09
Iteration:   3940, Loss function: 4.207, Average Loss: 4.526, avg. samples / sec: 1443.84
Iteration:   3960, Loss function: 4.280, Average Loss: 4.521, avg. samples / sec: 1448.59
Iteration:   3980, Loss function: 4.374, Average Loss: 4.516, avg. samples / sec: 1443.05
Iteration:   4000, Loss function: 4.269, Average Loss: 4.512, avg. samples / sec: 1445.10
Iteration:   4020, Loss function: 4.459, Average Loss: 4.508, avg. samples / sec: 1442.17
Iteration:   4040, Loss function: 3.876, Average Loss: 4.504, avg. samples / sec: 1445.04
Iteration:   4060, Loss function: 4.415, Average Loss: 4.500, avg. samples / sec: 1441.97
Iteration:   4080, Loss function: 4.215, Average Loss: 4.496, avg. samples / sec: 1447.80
Iteration:   4100, Loss function: 4.380, Average Loss: 4.492, avg. samples / sec: 1445.07
Iteration:   4120, Loss function: 4.331, Average Loss: 4.489, avg. samples / sec: 1444.37
Iteration:   4140, Loss function: 4.247, Average Loss: 4.484, avg. samples / sec: 1447.23
Iteration:   4160, Loss function: 4.470, Average Loss: 4.480, avg. samples / sec: 1443.35
Iteration:   4180, Loss function: 4.144, Average Loss: 4.477, avg. samples / sec: 1436.33
Iteration:   4200, Loss function: 4.131, Average Loss: 4.472, avg. samples / sec: 1441.82
Iteration:   4220, Loss function: 3.898, Average Loss: 4.468, avg. samples / sec: 1446.48
:::MLL 1586380188.057 epoch_stop: {"value": null, "metadata": {"epoch_num": 13, "file": "train.py", "lineno": 819}}
:::MLL 1586380188.057 epoch_start: {"value": null, "metadata": {"epoch_num": 14, "file": "train.py", "lineno": 673}}
Iteration:   4240, Loss function: 4.339, Average Loss: 4.464, avg. samples / sec: 1440.81
Iteration:   4260, Loss function: 4.241, Average Loss: 4.460, avg. samples / sec: 1444.83
Iteration:   4280, Loss function: 4.164, Average Loss: 4.457, avg. samples / sec: 1444.11
Iteration:   4300, Loss function: 4.324, Average Loss: 4.453, avg. samples / sec: 1443.75
Iteration:   4320, Loss function: 4.489, Average Loss: 4.449, avg. samples / sec: 1445.74
Iteration:   4340, Loss function: 4.306, Average Loss: 4.445, avg. samples / sec: 1441.24
Iteration:   4360, Loss function: 3.945, Average Loss: 4.441, avg. samples / sec: 1444.03
Iteration:   4380, Loss function: 4.282, Average Loss: 4.438, avg. samples / sec: 1443.81
Iteration:   4400, Loss function: 4.551, Average Loss: 4.435, avg. samples / sec: 1443.16
Iteration:   4420, Loss function: 3.835, Average Loss: 4.430, avg. samples / sec: 1446.90
Iteration:   4440, Loss function: 4.295, Average Loss: 4.428, avg. samples / sec: 1442.07
Iteration:   4460, Loss function: 4.157, Average Loss: 4.425, avg. samples / sec: 1442.65
Iteration:   4480, Loss function: 4.298, Average Loss: 4.421, avg. samples / sec: 1443.70
Iteration:   4500, Loss function: 4.244, Average Loss: 4.418, avg. samples / sec: 1445.33
Iteration:   4520, Loss function: 4.361, Average Loss: 4.415, avg. samples / sec: 1443.41
Iteration:   4540, Loss function: 4.461, Average Loss: 4.412, avg. samples / sec: 1446.88
Iteration:   4560, Loss function: 4.388, Average Loss: 4.408, avg. samples / sec: 1445.30
:::MLL 1586380269.324 epoch_stop: {"value": null, "metadata": {"epoch_num": 14, "file": "train.py", "lineno": 819}}
:::MLL 1586380269.325 epoch_start: {"value": null, "metadata": {"epoch_num": 15, "file": "train.py", "lineno": 673}}
Iteration:   4580, Loss function: 4.091, Average Loss: 4.403, avg. samples / sec: 1438.49
Iteration:   4600, Loss function: 4.028, Average Loss: 4.399, avg. samples / sec: 1444.09
Iteration:   4620, Loss function: 4.307, Average Loss: 4.397, avg. samples / sec: 1446.96
Iteration:   4640, Loss function: 3.988, Average Loss: 4.393, avg. samples / sec: 1442.97
Iteration:   4660, Loss function: 4.335, Average Loss: 4.391, avg. samples / sec: 1445.31
Iteration:   4680, Loss function: 4.156, Average Loss: 4.387, avg. samples / sec: 1443.73
Iteration:   4700, Loss function: 4.300, Average Loss: 4.383, avg. samples / sec: 1441.45
Iteration:   4720, Loss function: 4.136, Average Loss: 4.378, avg. samples / sec: 1449.81
Iteration:   4740, Loss function: 4.260, Average Loss: 4.376, avg. samples / sec: 1445.43
Iteration:   4760, Loss function: 4.178, Average Loss: 4.373, avg. samples / sec: 1441.88
Iteration:   4780, Loss function: 3.947, Average Loss: 4.370, avg. samples / sec: 1442.37
Iteration:   4800, Loss function: 4.083, Average Loss: 4.366, avg. samples / sec: 1443.12
Iteration:   4820, Loss function: 4.368, Average Loss: 4.364, avg. samples / sec: 1445.27
Iteration:   4840, Loss function: 4.334, Average Loss: 4.361, avg. samples / sec: 1442.60
Iteration:   4860, Loss function: 4.202, Average Loss: 4.358, avg. samples / sec: 1443.52
Iteration:   4880, Loss function: 4.233, Average Loss: 4.354, avg. samples / sec: 1441.09
:::MLL 1586380350.616 epoch_stop: {"value": null, "metadata": {"epoch_num": 15, "file": "train.py", "lineno": 819}}
:::MLL 1586380350.617 epoch_start: {"value": null, "metadata": {"epoch_num": 16, "file": "train.py", "lineno": 673}}
Iteration:   4900, Loss function: 4.144, Average Loss: 4.352, avg. samples / sec: 1443.14
Iteration:   4920, Loss function: 3.958, Average Loss: 4.348, avg. samples / sec: 1445.90
Iteration:   4940, Loss function: 4.141, Average Loss: 4.346, avg. samples / sec: 1444.73
Iteration:   4960, Loss function: 4.014, Average Loss: 4.342, avg. samples / sec: 1445.80
Iteration:   4980, Loss function: 4.001, Average Loss: 4.338, avg. samples / sec: 1446.35
Iteration:   5000, Loss function: 3.819, Average Loss: 4.333, avg. samples / sec: 1441.98
Iteration:   5020, Loss function: 4.113, Average Loss: 4.329, avg. samples / sec: 1446.19
Iteration:   5040, Loss function: 3.923, Average Loss: 4.326, avg. samples / sec: 1443.01
Iteration:   5060, Loss function: 4.290, Average Loss: 4.323, avg. samples / sec: 1445.61
Iteration:   5080, Loss function: 3.985, Average Loss: 4.321, avg. samples / sec: 1446.01
Iteration:   5100, Loss function: 4.117, Average Loss: 4.318, avg. samples / sec: 1445.19
Iteration:   5120, Loss function: 4.142, Average Loss: 4.314, avg. samples / sec: 1441.21
Iteration:   5140, Loss function: 4.178, Average Loss: 4.311, avg. samples / sec: 1448.04
Iteration:   5160, Loss function: 4.081, Average Loss: 4.308, avg. samples / sec: 1445.60
Iteration:   5180, Loss function: 4.056, Average Loss: 4.304, avg. samples / sec: 1447.31
Iteration:   5200, Loss function: 3.979, Average Loss: 4.302, avg. samples / sec: 1443.74
:::MLL 1586380431.581 epoch_stop: {"value": null, "metadata": {"epoch_num": 16, "file": "train.py", "lineno": 819}}
:::MLL 1586380431.581 epoch_start: {"value": null, "metadata": {"epoch_num": 17, "file": "train.py", "lineno": 673}}
Iteration:   5220, Loss function: 4.198, Average Loss: 4.299, avg. samples / sec: 1445.28
Iteration:   5240, Loss function: 4.048, Average Loss: 4.296, avg. samples / sec: 1449.94
Iteration:   5260, Loss function: 4.084, Average Loss: 4.293, avg. samples / sec: 1445.08
Iteration:   5280, Loss function: 4.586, Average Loss: 4.292, avg. samples / sec: 1446.39
Iteration:   5300, Loss function: 4.211, Average Loss: 4.288, avg. samples / sec: 1438.75
Iteration:   5320, Loss function: 3.911, Average Loss: 4.285, avg. samples / sec: 1438.03
Iteration:   5340, Loss function: 4.229, Average Loss: 4.282, avg. samples / sec: 1435.22
Iteration:   5360, Loss function: 4.249, Average Loss: 4.280, avg. samples / sec: 1446.64
Iteration:   5380, Loss function: 4.227, Average Loss: 4.278, avg. samples / sec: 1442.19
Iteration:   5400, Loss function: 4.221, Average Loss: 4.276, avg. samples / sec: 1445.33
Iteration:   5420, Loss function: 4.108, Average Loss: 4.273, avg. samples / sec: 1442.94
Iteration:   5440, Loss function: 3.871, Average Loss: 4.270, avg. samples / sec: 1445.57
Iteration:   5460, Loss function: 4.066, Average Loss: 4.268, avg. samples / sec: 1443.47
Iteration:   5480, Loss function: 3.860, Average Loss: 4.266, avg. samples / sec: 1441.55
Iteration:   5500, Loss function: 4.091, Average Loss: 4.263, avg. samples / sec: 1441.55
Iteration:   5520, Loss function: 3.941, Average Loss: 4.261, avg. samples / sec: 1446.94
:::MLL 1586380512.891 epoch_stop: {"value": null, "metadata": {"epoch_num": 17, "file": "train.py", "lineno": 819}}
:::MLL 1586380512.892 epoch_start: {"value": null, "metadata": {"epoch_num": 18, "file": "train.py", "lineno": 673}}
Iteration:   5540, Loss function: 3.885, Average Loss: 4.258, avg. samples / sec: 1444.30
Iteration:   5560, Loss function: 3.991, Average Loss: 4.256, avg. samples / sec: 1446.97
Iteration:   5580, Loss function: 4.238, Average Loss: 4.253, avg. samples / sec: 1446.90
Iteration:   5600, Loss function: 3.894, Average Loss: 4.251, avg. samples / sec: 1441.36
Iteration:   5620, Loss function: 4.165, Average Loss: 4.249, avg. samples / sec: 1449.42
Iteration:   5640, Loss function: 4.331, Average Loss: 4.246, avg. samples / sec: 1448.03
Iteration:   5660, Loss function: 3.883, Average Loss: 4.242, avg. samples / sec: 1445.10
Iteration:   5680, Loss function: 4.126, Average Loss: 4.240, avg. samples / sec: 1447.02
Iteration:   5700, Loss function: 4.244, Average Loss: 4.237, avg. samples / sec: 1447.95
Iteration:   5720, Loss function: 3.920, Average Loss: 4.235, avg. samples / sec: 1449.04
Iteration:   5740, Loss function: 4.009, Average Loss: 4.232, avg. samples / sec: 1448.17
Iteration:   5760, Loss function: 3.948, Average Loss: 4.229, avg. samples / sec: 1445.02
Iteration:   5780, Loss function: 4.327, Average Loss: 4.227, avg. samples / sec: 1445.74
Iteration:   5800, Loss function: 4.023, Average Loss: 4.225, avg. samples / sec: 1444.09
Iteration:   5820, Loss function: 4.045, Average Loss: 4.221, avg. samples / sec: 1444.63
Iteration:   5840, Loss function: 3.895, Average Loss: 4.219, avg. samples / sec: 1436.58
Iteration:   5860, Loss function: 4.186, Average Loss: 4.218, avg. samples / sec: 1444.25
:::MLL 1586380594.086 epoch_stop: {"value": null, "metadata": {"epoch_num": 18, "file": "train.py", "lineno": 819}}
:::MLL 1586380594.086 epoch_start: {"value": null, "metadata": {"epoch_num": 19, "file": "train.py", "lineno": 673}}
Iteration:   5880, Loss function: 4.129, Average Loss: 4.213, avg. samples / sec: 1428.86
Iteration:   5900, Loss function: 4.016, Average Loss: 4.210, avg. samples / sec: 1442.43
Iteration:   5920, Loss function: 4.275, Average Loss: 4.208, avg. samples / sec: 1444.86
Iteration:   5940, Loss function: 4.252, Average Loss: 4.205, avg. samples / sec: 1439.97
Iteration:   5960, Loss function: 4.082, Average Loss: 4.203, avg. samples / sec: 1445.73
Iteration:   5980, Loss function: 4.070, Average Loss: 4.200, avg. samples / sec: 1446.24
Iteration:   6000, Loss function: 4.217, Average Loss: 4.197, avg. samples / sec: 1441.27
Iteration:   6020, Loss function: 4.556, Average Loss: 4.196, avg. samples / sec: 1445.15
Iteration:   6040, Loss function: 4.030, Average Loss: 4.193, avg. samples / sec: 1444.07
Iteration:   6060, Loss function: 4.214, Average Loss: 4.191, avg. samples / sec: 1441.22
Iteration:   6080, Loss function: 4.131, Average Loss: 4.188, avg. samples / sec: 1444.24
Iteration:   6100, Loss function: 4.250, Average Loss: 4.187, avg. samples / sec: 1442.46
Iteration:   6120, Loss function: 4.165, Average Loss: 4.184, avg. samples / sec: 1444.86
Iteration:   6140, Loss function: 4.146, Average Loss: 4.182, avg. samples / sec: 1444.41
Iteration:   6160, Loss function: 3.940, Average Loss: 4.180, avg. samples / sec: 1440.31
Iteration:   6180, Loss function: 4.071, Average Loss: 4.177, avg. samples / sec: 1441.98
:::MLL 1586380675.440 epoch_stop: {"value": null, "metadata": {"epoch_num": 19, "file": "train.py", "lineno": 819}}
:::MLL 1586380675.440 epoch_start: {"value": null, "metadata": {"epoch_num": 20, "file": "train.py", "lineno": 673}}
Iteration:   6200, Loss function: 4.187, Average Loss: 4.175, avg. samples / sec: 1438.46
Iteration:   6220, Loss function: 4.094, Average Loss: 4.173, avg. samples / sec: 1448.00
Iteration:   6240, Loss function: 4.171, Average Loss: 4.170, avg. samples / sec: 1445.98
Iteration:   6260, Loss function: 3.914, Average Loss: 4.168, avg. samples / sec: 1443.58
Iteration:   6280, Loss function: 3.892, Average Loss: 4.165, avg. samples / sec: 1441.49
Iteration:   6300, Loss function: 3.718, Average Loss: 4.163, avg. samples / sec: 1445.48
Iteration:   6320, Loss function: 4.226, Average Loss: 4.160, avg. samples / sec: 1444.65
Iteration:   6340, Loss function: 3.857, Average Loss: 4.158, avg. samples / sec: 1443.87
Iteration:   6360, Loss function: 4.071, Average Loss: 4.157, avg. samples / sec: 1445.90
Iteration:   6380, Loss function: 4.431, Average Loss: 4.154, avg. samples / sec: 1447.09
Iteration:   6400, Loss function: 4.199, Average Loss: 4.152, avg. samples / sec: 1437.63
Iteration:   6420, Loss function: 4.212, Average Loss: 4.150, avg. samples / sec: 1444.90
Iteration:   6440, Loss function: 4.361, Average Loss: 4.149, avg. samples / sec: 1442.14
Iteration:   6460, Loss function: 4.212, Average Loss: 4.148, avg. samples / sec: 1445.69
Iteration:   6480, Loss function: 3.952, Average Loss: 4.145, avg. samples / sec: 1447.39
Iteration:   6500, Loss function: 4.219, Average Loss: 4.143, avg. samples / sec: 1446.21
:::MLL 1586380756.454 epoch_stop: {"value": null, "metadata": {"epoch_num": 20, "file": "train.py", "lineno": 819}}
:::MLL 1586380756.454 epoch_start: {"value": null, "metadata": {"epoch_num": 21, "file": "train.py", "lineno": 673}}
Iteration:   6520, Loss function: 4.266, Average Loss: 4.141, avg. samples / sec: 1444.22
Iteration:   6540, Loss function: 4.153, Average Loss: 4.138, avg. samples / sec: 1441.82
Iteration:   6560, Loss function: 4.098, Average Loss: 4.134, avg. samples / sec: 1443.12
Iteration:   6580, Loss function: 3.911, Average Loss: 4.132, avg. samples / sec: 1447.62
Iteration:   6600, Loss function: 4.122, Average Loss: 4.129, avg. samples / sec: 1446.36
Iteration:   6620, Loss function: 4.192, Average Loss: 4.128, avg. samples / sec: 1440.71
Iteration:   6640, Loss function: 4.080, Average Loss: 4.126, avg. samples / sec: 1436.15
Iteration:   6660, Loss function: 4.245, Average Loss: 4.125, avg. samples / sec: 1444.36
Iteration:   6680, Loss function: 4.114, Average Loss: 4.123, avg. samples / sec: 1442.25
Iteration:   6700, Loss function: 4.176, Average Loss: 4.121, avg. samples / sec: 1447.99
Iteration:   6720, Loss function: 4.338, Average Loss: 4.120, avg. samples / sec: 1447.74
Iteration:   6740, Loss function: 3.674, Average Loss: 4.119, avg. samples / sec: 1449.02
Iteration:   6760, Loss function: 4.243, Average Loss: 4.117, avg. samples / sec: 1444.69
Iteration:   6780, Loss function: 4.058, Average Loss: 4.116, avg. samples / sec: 1443.66
Iteration:   6800, Loss function: 3.604, Average Loss: 4.113, avg. samples / sec: 1448.19
Iteration:   6820, Loss function: 4.084, Average Loss: 4.110, avg. samples / sec: 1447.73
Iteration:   6840, Loss function: 4.061, Average Loss: 4.109, avg. samples / sec: 1447.80
:::MLL 1586380837.685 epoch_stop: {"value": null, "metadata": {"epoch_num": 21, "file": "train.py", "lineno": 819}}
:::MLL 1586380837.685 epoch_start: {"value": null, "metadata": {"epoch_num": 22, "file": "train.py", "lineno": 673}}
Iteration:   6860, Loss function: 4.235, Average Loss: 4.107, avg. samples / sec: 1438.16
Iteration:   6880, Loss function: 3.976, Average Loss: 4.103, avg. samples / sec: 1447.06
Iteration:   6900, Loss function: 4.071, Average Loss: 4.100, avg. samples / sec: 1446.76
Iteration:   6920, Loss function: 3.900, Average Loss: 4.098, avg. samples / sec: 1444.69
Iteration:   6940, Loss function: 3.937, Average Loss: 4.094, avg. samples / sec: 1448.50
Iteration:   6960, Loss function: 4.235, Average Loss: 4.093, avg. samples / sec: 1441.87
Iteration:   6980, Loss function: 3.943, Average Loss: 4.091, avg. samples / sec: 1449.17
Iteration:   7000, Loss function: 4.184, Average Loss: 4.090, avg. samples / sec: 1447.53
Iteration:   7020, Loss function: 3.971, Average Loss: 4.088, avg. samples / sec: 1444.78
Iteration:   7040, Loss function: 4.052, Average Loss: 4.086, avg. samples / sec: 1446.69
Iteration:   7060, Loss function: 4.060, Average Loss: 4.086, avg. samples / sec: 1443.21
Iteration:   7080, Loss function: 3.965, Average Loss: 4.083, avg. samples / sec: 1446.27
Iteration:   7100, Loss function: 3.924, Average Loss: 4.082, avg. samples / sec: 1443.06
Iteration:   7120, Loss function: 3.894, Average Loss: 4.080, avg. samples / sec: 1445.00
Iteration:   7140, Loss function: 4.059, Average Loss: 4.079, avg. samples / sec: 1442.72
Iteration:   7160, Loss function: 4.195, Average Loss: 4.079, avg. samples / sec: 1445.13
:::MLL 1586380918.931 epoch_stop: {"value": null, "metadata": {"epoch_num": 22, "file": "train.py", "lineno": 819}}
:::MLL 1586380918.931 epoch_start: {"value": null, "metadata": {"epoch_num": 23, "file": "train.py", "lineno": 673}}
Iteration:   7180, Loss function: 3.935, Average Loss: 4.076, avg. samples / sec: 1426.39
Iteration:   7200, Loss function: 3.933, Average Loss: 4.074, avg. samples / sec: 1443.86
Iteration:   7220, Loss function: 3.814, Average Loss: 4.073, avg. samples / sec: 1444.25
Iteration:   7240, Loss function: 3.963, Average Loss: 4.071, avg. samples / sec: 1444.21
Iteration:   7260, Loss function: 4.048, Average Loss: 4.069, avg. samples / sec: 1442.10
Iteration:   7280, Loss function: 4.064, Average Loss: 4.066, avg. samples / sec: 1448.01
Iteration:   7300, Loss function: 3.999, Average Loss: 4.064, avg. samples / sec: 1442.52
Iteration:   7320, Loss function: 3.996, Average Loss: 4.063, avg. samples / sec: 1441.54
Iteration:   7340, Loss function: 3.581, Average Loss: 4.060, avg. samples / sec: 1440.35
Iteration:   7360, Loss function: 4.025, Average Loss: 4.058, avg. samples / sec: 1441.84
Iteration:   7380, Loss function: 3.982, Average Loss: 4.058, avg. samples / sec: 1445.59
Iteration:   7400, Loss function: 4.195, Average Loss: 4.057, avg. samples / sec: 1441.64
Iteration:   7420, Loss function: 3.971, Average Loss: 4.055, avg. samples / sec: 1442.09
Iteration:   7440, Loss function: 3.861, Average Loss: 4.052, avg. samples / sec: 1438.80
Iteration:   7460, Loss function: 3.937, Average Loss: 4.050, avg. samples / sec: 1442.62
Iteration:   7480, Loss function: 4.091, Average Loss: 4.049, avg. samples / sec: 1445.47
:::MLL 1586381000.046 epoch_stop: {"value": null, "metadata": {"epoch_num": 23, "file": "train.py", "lineno": 819}}
:::MLL 1586381000.046 epoch_start: {"value": null, "metadata": {"epoch_num": 24, "file": "train.py", "lineno": 673}}
Iteration:   7500, Loss function: 3.913, Average Loss: 4.046, avg. samples / sec: 1440.33
Iteration:   7520, Loss function: 3.853, Average Loss: 4.044, avg. samples / sec: 1444.81
Iteration:   7540, Loss function: 3.708, Average Loss: 4.041, avg. samples / sec: 1443.07
Iteration:   7560, Loss function: 3.842, Average Loss: 4.039, avg. samples / sec: 1439.90
Iteration:   7580, Loss function: 4.151, Average Loss: 4.037, avg. samples / sec: 1446.70
Iteration:   7600, Loss function: 4.181, Average Loss: 4.037, avg. samples / sec: 1442.48
Iteration:   7620, Loss function: 4.300, Average Loss: 4.036, avg. samples / sec: 1449.26
Iteration:   7640, Loss function: 4.018, Average Loss: 4.034, avg. samples / sec: 1434.40
Iteration:   7660, Loss function: 4.043, Average Loss: 4.033, avg. samples / sec: 1442.85
Iteration:   7680, Loss function: 4.024, Average Loss: 4.032, avg. samples / sec: 1444.11
Iteration:   7700, Loss function: 4.156, Average Loss: 4.031, avg. samples / sec: 1445.83
Iteration:   7720, Loss function: 4.202, Average Loss: 4.030, avg. samples / sec: 1442.21
Iteration:   7740, Loss function: 3.852, Average Loss: 4.029, avg. samples / sec: 1441.59
Iteration:   7760, Loss function: 4.213, Average Loss: 4.027, avg. samples / sec: 1441.88
Iteration:   7780, Loss function: 3.873, Average Loss: 4.027, avg. samples / sec: 1443.54
Iteration:   7800, Loss function: 3.778, Average Loss: 4.025, avg. samples / sec: 1442.87
:::MLL 1586381081.373 epoch_stop: {"value": null, "metadata": {"epoch_num": 24, "file": "train.py", "lineno": 819}}
:::MLL 1586381081.373 epoch_start: {"value": null, "metadata": {"epoch_num": 25, "file": "train.py", "lineno": 673}}
Iteration:   7820, Loss function: 3.854, Average Loss: 4.024, avg. samples / sec: 1444.02
Iteration:   7840, Loss function: 3.535, Average Loss: 4.021, avg. samples / sec: 1443.75
Iteration:   7860, Loss function: 3.744, Average Loss: 4.018, avg. samples / sec: 1448.05
Iteration:   7880, Loss function: 4.079, Average Loss: 4.015, avg. samples / sec: 1442.41
Iteration:   7900, Loss function: 3.705, Average Loss: 4.013, avg. samples / sec: 1444.71
Iteration:   7920, Loss function: 4.359, Average Loss: 4.012, avg. samples / sec: 1445.64
Iteration:   7940, Loss function: 3.786, Average Loss: 4.009, avg. samples / sec: 1446.68
Iteration:   7960, Loss function: 3.892, Average Loss: 4.008, avg. samples / sec: 1444.98
Iteration:   7980, Loss function: 3.827, Average Loss: 4.006, avg. samples / sec: 1443.40
Iteration:   8000, Loss function: 4.207, Average Loss: 4.005, avg. samples / sec: 1435.27
Iteration:   8020, Loss function: 3.927, Average Loss: 4.004, avg. samples / sec: 1442.07
Iteration:   8040, Loss function: 4.234, Average Loss: 4.003, avg. samples / sec: 1444.31
Iteration:   8060, Loss function: 3.895, Average Loss: 4.002, avg. samples / sec: 1444.28
Iteration:   8080, Loss function: 4.149, Average Loss: 4.002, avg. samples / sec: 1441.59
Iteration:   8100, Loss function: 3.853, Average Loss: 3.999, avg. samples / sec: 1445.36
Iteration:   8120, Loss function: 4.105, Average Loss: 3.998, avg. samples / sec: 1438.18
Iteration:   8140, Loss function: 3.866, Average Loss: 3.996, avg. samples / sec: 1447.81
:::MLL 1586381162.672 epoch_stop: {"value": null, "metadata": {"epoch_num": 25, "file": "train.py", "lineno": 819}}
:::MLL 1586381162.672 epoch_start: {"value": null, "metadata": {"epoch_num": 26, "file": "train.py", "lineno": 673}}
Iteration:   8160, Loss function: 3.650, Average Loss: 3.994, avg. samples / sec: 1441.55
Iteration:   8180, Loss function: 3.685, Average Loss: 3.992, avg. samples / sec: 1442.29
Iteration:   8200, Loss function: 3.940, Average Loss: 3.990, avg. samples / sec: 1444.19
Iteration:   8220, Loss function: 4.023, Average Loss: 3.988, avg. samples / sec: 1438.47
Iteration:   8240, Loss function: 4.407, Average Loss: 3.987, avg. samples / sec: 1443.85
Iteration:   8260, Loss function: 4.006, Average Loss: 3.986, avg. samples / sec: 1428.46
Iteration:   8280, Loss function: 3.900, Average Loss: 3.985, avg. samples / sec: 1442.21
Iteration:   8300, Loss function: 3.761, Average Loss: 3.983, avg. samples / sec: 1439.44
Iteration:   8320, Loss function: 3.922, Average Loss: 3.981, avg. samples / sec: 1444.74
Iteration:   8340, Loss function: 3.800, Average Loss: 3.979, avg. samples / sec: 1445.13
Iteration:   8360, Loss function: 3.998, Average Loss: 3.978, avg. samples / sec: 1444.87
Iteration:   8380, Loss function: 4.062, Average Loss: 3.976, avg. samples / sec: 1442.17
Iteration:   8400, Loss function: 4.163, Average Loss: 3.975, avg. samples / sec: 1444.60
Iteration:   8420, Loss function: 4.047, Average Loss: 3.974, avg. samples / sec: 1436.12
Iteration:   8440, Loss function: 3.958, Average Loss: 3.973, avg. samples / sec: 1440.96
Iteration:   8460, Loss function: 3.928, Average Loss: 3.972, avg. samples / sec: 1437.11
:::MLL 1586381244.116 epoch_stop: {"value": null, "metadata": {"epoch_num": 26, "file": "train.py", "lineno": 819}}
:::MLL 1586381244.116 epoch_start: {"value": null, "metadata": {"epoch_num": 27, "file": "train.py", "lineno": 673}}
Iteration:   8480, Loss function: 3.703, Average Loss: 3.970, avg. samples / sec: 1436.78
Iteration:   8500, Loss function: 3.856, Average Loss: 3.968, avg. samples / sec: 1438.59
Iteration:   8520, Loss function: 3.768, Average Loss: 3.966, avg. samples / sec: 1437.25
Iteration:   8540, Loss function: 3.601, Average Loss: 3.964, avg. samples / sec: 1437.76
Iteration:   8560, Loss function: 3.647, Average Loss: 3.962, avg. samples / sec: 1442.52
Iteration:   8580, Loss function: 3.912, Average Loss: 3.962, avg. samples / sec: 1443.69
Iteration:   8600, Loss function: 3.847, Average Loss: 3.960, avg. samples / sec: 1441.83
Iteration:   8620, Loss function: 4.410, Average Loss: 3.959, avg. samples / sec: 1443.24
Iteration:   8640, Loss function: 4.036, Average Loss: 3.957, avg. samples / sec: 1443.45
Iteration:   8660, Loss function: 3.948, Average Loss: 3.957, avg. samples / sec: 1442.29
Iteration:   8680, Loss function: 3.932, Average Loss: 3.955, avg. samples / sec: 1444.16
Iteration:   8700, Loss function: 3.973, Average Loss: 3.955, avg. samples / sec: 1445.58
Iteration:   8720, Loss function: 4.131, Average Loss: 3.955, avg. samples / sec: 1444.49
Iteration:   8740, Loss function: 3.838, Average Loss: 3.954, avg. samples / sec: 1443.21
Iteration:   8760, Loss function: 3.876, Average Loss: 3.953, avg. samples / sec: 1435.50
Iteration:   8780, Loss function: 3.907, Average Loss: 3.951, avg. samples / sec: 1439.82
:::MLL 1586381325.288 epoch_stop: {"value": null, "metadata": {"epoch_num": 27, "file": "train.py", "lineno": 819}}
:::MLL 1586381325.288 epoch_start: {"value": null, "metadata": {"epoch_num": 28, "file": "train.py", "lineno": 673}}
Iteration:   8800, Loss function: 3.859, Average Loss: 3.949, avg. samples / sec: 1443.78
Iteration:   8820, Loss function: 4.226, Average Loss: 3.948, avg. samples / sec: 1443.13
Iteration:   8840, Loss function: 3.934, Average Loss: 3.947, avg. samples / sec: 1441.18
Iteration:   8860, Loss function: 3.945, Average Loss: 3.945, avg. samples / sec: 1443.04
Iteration:   8880, Loss function: 3.875, Average Loss: 3.943, avg. samples / sec: 1440.40
Iteration:   8900, Loss function: 3.945, Average Loss: 3.942, avg. samples / sec: 1443.94
Iteration:   8920, Loss function: 3.915, Average Loss: 3.941, avg. samples / sec: 1433.94
Iteration:   8940, Loss function: 3.794, Average Loss: 3.940, avg. samples / sec: 1440.46
Iteration:   8960, Loss function: 3.678, Average Loss: 3.938, avg. samples / sec: 1440.49
Iteration:   8980, Loss function: 3.934, Average Loss: 3.937, avg. samples / sec: 1440.66
Iteration:   9000, Loss function: 3.931, Average Loss: 3.937, avg. samples / sec: 1438.08
Iteration:   9020, Loss function: 3.852, Average Loss: 3.936, avg. samples / sec: 1445.02
Iteration:   9040, Loss function: 3.949, Average Loss: 3.936, avg. samples / sec: 1442.42
Iteration:   9060, Loss function: 3.523, Average Loss: 3.934, avg. samples / sec: 1443.21
Iteration:   9080, Loss function: 3.834, Average Loss: 3.934, avg. samples / sec: 1438.54
Iteration:   9100, Loss function: 3.804, Average Loss: 3.933, avg. samples / sec: 1444.19
Iteration:   9120, Loss function: 3.708, Average Loss: 3.932, avg. samples / sec: 1445.27
:::MLL 1586381406.707 epoch_stop: {"value": null, "metadata": {"epoch_num": 28, "file": "train.py", "lineno": 819}}
:::MLL 1586381406.708 epoch_start: {"value": null, "metadata": {"epoch_num": 29, "file": "train.py", "lineno": 673}}
Iteration:   9140, Loss function: 3.735, Average Loss: 3.929, avg. samples / sec: 1440.85
Iteration:   9160, Loss function: 4.231, Average Loss: 3.928, avg. samples / sec: 1442.42
Iteration:   9180, Loss function: 3.954, Average Loss: 3.925, avg. samples / sec: 1439.64
Iteration:   9200, Loss function: 3.941, Average Loss: 3.924, avg. samples / sec: 1444.58
Iteration:   9220, Loss function: 3.620, Average Loss: 3.922, avg. samples / sec: 1442.23
Iteration:   9240, Loss function: 3.800, Average Loss: 3.920, avg. samples / sec: 1439.60
Iteration:   9260, Loss function: 4.037, Average Loss: 3.919, avg. samples / sec: 1442.15
Iteration:   9280, Loss function: 3.590, Average Loss: 3.918, avg. samples / sec: 1440.29
Iteration:   9300, Loss function: 4.016, Average Loss: 3.917, avg. samples / sec: 1443.27
Iteration:   9320, Loss function: 3.717, Average Loss: 3.913, avg. samples / sec: 1439.91
Iteration:   9340, Loss function: 3.731, Average Loss: 3.912, avg. samples / sec: 1442.96
Iteration:   9360, Loss function: 3.861, Average Loss: 3.911, avg. samples / sec: 1442.07
Iteration:   9380, Loss function: 3.620, Average Loss: 3.909, avg. samples / sec: 1439.58
Iteration:   9400, Loss function: 3.594, Average Loss: 3.909, avg. samples / sec: 1434.02
Iteration:   9420, Loss function: 3.873, Average Loss: 3.909, avg. samples / sec: 1444.64
Iteration:   9440, Loss function: 3.978, Average Loss: 3.907, avg. samples / sec: 1443.46
:::MLL 1586381488.132 epoch_stop: {"value": null, "metadata": {"epoch_num": 29, "file": "train.py", "lineno": 819}}
:::MLL 1586381488.133 epoch_start: {"value": null, "metadata": {"epoch_num": 30, "file": "train.py", "lineno": 673}}
Iteration:   9460, Loss function: 3.960, Average Loss: 3.907, avg. samples / sec: 1438.82
Iteration:   9480, Loss function: 3.927, Average Loss: 3.905, avg. samples / sec: 1444.83
Iteration:   9500, Loss function: 3.792, Average Loss: 3.904, avg. samples / sec: 1444.42
Iteration:   9520, Loss function: 3.687, Average Loss: 3.903, avg. samples / sec: 1445.28
Iteration:   9540, Loss function: 3.748, Average Loss: 3.902, avg. samples / sec: 1446.43
Iteration:   9560, Loss function: 4.003, Average Loss: 3.901, avg. samples / sec: 1443.29
Iteration:   9580, Loss function: 3.742, Average Loss: 3.900, avg. samples / sec: 1441.04
Iteration:   9600, Loss function: 3.893, Average Loss: 3.900, avg. samples / sec: 1444.38
Iteration:   9620, Loss function: 3.643, Average Loss: 3.898, avg. samples / sec: 1441.29
Iteration:   9640, Loss function: 3.769, Average Loss: 3.895, avg. samples / sec: 1438.40
Iteration:   9660, Loss function: 3.833, Average Loss: 3.893, avg. samples / sec: 1443.31
Iteration:   9680, Loss function: 3.853, Average Loss: 3.893, avg. samples / sec: 1444.52
Iteration:   9700, Loss function: 3.969, Average Loss: 3.893, avg. samples / sec: 1444.74
Iteration:   9720, Loss function: 3.956, Average Loss: 3.892, avg. samples / sec: 1443.83
Iteration:   9740, Loss function: 3.905, Average Loss: 3.892, avg. samples / sec: 1447.01
Iteration:   9760, Loss function: 3.910, Average Loss: 3.891, avg. samples / sec: 1442.62
:::MLL 1586381569.445 epoch_stop: {"value": null, "metadata": {"epoch_num": 30, "file": "train.py", "lineno": 819}}
:::MLL 1586381569.446 epoch_start: {"value": null, "metadata": {"epoch_num": 31, "file": "train.py", "lineno": 673}}
Iteration:   9780, Loss function: 3.609, Average Loss: 3.890, avg. samples / sec: 1438.44
Iteration:   9800, Loss function: 3.881, Average Loss: 3.889, avg. samples / sec: 1440.45
Iteration:   9820, Loss function: 3.799, Average Loss: 3.887, avg. samples / sec: 1442.07
Iteration:   9840, Loss function: 4.024, Average Loss: 3.885, avg. samples / sec: 1442.18
Iteration:   9860, Loss function: 3.856, Average Loss: 3.883, avg. samples / sec: 1445.20
Iteration:   9880, Loss function: 3.502, Average Loss: 3.881, avg. samples / sec: 1447.11
Iteration:   9900, Loss function: 3.699, Average Loss: 3.880, avg. samples / sec: 1440.78
Iteration:   9920, Loss function: 3.835, Average Loss: 3.879, avg. samples / sec: 1445.95
Iteration:   9940, Loss function: 4.274, Average Loss: 3.880, avg. samples / sec: 1438.91
Iteration:   9960, Loss function: 3.960, Average Loss: 3.880, avg. samples / sec: 1443.42
Iteration:   9980, Loss function: 3.776, Average Loss: 3.878, avg. samples / sec: 1443.59
Iteration:  10000, Loss function: 3.697, Average Loss: 3.877, avg. samples / sec: 1443.72
Iteration:  10020, Loss function: 3.685, Average Loss: 3.877, avg. samples / sec: 1442.99
Iteration:  10040, Loss function: 3.758, Average Loss: 3.876, avg. samples / sec: 1441.47
Iteration:  10060, Loss function: 3.565, Average Loss: 3.873, avg. samples / sec: 1443.86
Iteration:  10080, Loss function: 3.978, Average Loss: 3.873, avg. samples / sec: 1442.93
:::MLL 1586381650.528 epoch_stop: {"value": null, "metadata": {"epoch_num": 31, "file": "train.py", "lineno": 819}}
:::MLL 1586381650.529 epoch_start: {"value": null, "metadata": {"epoch_num": 32, "file": "train.py", "lineno": 673}}
Iteration:  10100, Loss function: 3.792, Average Loss: 3.872, avg. samples / sec: 1445.38
Iteration:  10120, Loss function: 3.414, Average Loss: 3.870, avg. samples / sec: 1446.46
Iteration:  10140, Loss function: 4.054, Average Loss: 3.869, avg. samples / sec: 1443.12
Iteration:  10160, Loss function: 3.575, Average Loss: 3.867, avg. samples / sec: 1442.47
Iteration:  10180, Loss function: 3.459, Average Loss: 3.867, avg. samples / sec: 1441.48
Iteration:  10200, Loss function: 3.811, Average Loss: 3.867, avg. samples / sec: 1444.44
Iteration:  10220, Loss function: 3.733, Average Loss: 3.865, avg. samples / sec: 1445.24
Iteration:  10240, Loss function: 4.150, Average Loss: 3.865, avg. samples / sec: 1440.58
Iteration:  10260, Loss function: 3.524, Average Loss: 3.864, avg. samples / sec: 1446.87
Iteration:  10280, Loss function: 3.815, Average Loss: 3.863, avg. samples / sec: 1438.36
Iteration:  10300, Loss function: 3.771, Average Loss: 3.862, avg. samples / sec: 1441.41
Iteration:  10320, Loss function: 3.833, Average Loss: 3.860, avg. samples / sec: 1442.97
Iteration:  10340, Loss function: 3.721, Average Loss: 3.860, avg. samples / sec: 1439.98
Iteration:  10360, Loss function: 3.775, Average Loss: 3.858, avg. samples / sec: 1442.88
Iteration:  10380, Loss function: 3.710, Average Loss: 3.857, avg. samples / sec: 1441.13
Iteration:  10400, Loss function: 3.908, Average Loss: 3.857, avg. samples / sec: 1442.48
Iteration:  10420, Loss function: 4.028, Average Loss: 3.857, avg. samples / sec: 1446.61
:::MLL 1586381731.869 epoch_stop: {"value": null, "metadata": {"epoch_num": 32, "file": "train.py", "lineno": 819}}
:::MLL 1586381731.870 epoch_start: {"value": null, "metadata": {"epoch_num": 33, "file": "train.py", "lineno": 673}}
Iteration:  10440, Loss function: 3.675, Average Loss: 3.856, avg. samples / sec: 1437.13
Iteration:  10460, Loss function: 3.706, Average Loss: 3.854, avg. samples / sec: 1444.98
Iteration:  10480, Loss function: 3.763, Average Loss: 3.852, avg. samples / sec: 1442.95
Iteration:  10500, Loss function: 3.494, Average Loss: 3.849, avg. samples / sec: 1443.68
Iteration:  10520, Loss function: 3.889, Average Loss: 3.847, avg. samples / sec: 1444.21
Iteration:  10540, Loss function: 3.649, Average Loss: 3.846, avg. samples / sec: 1444.32
Iteration:  10560, Loss function: 3.646, Average Loss: 3.844, avg. samples / sec: 1439.70
Iteration:  10580, Loss function: 3.899, Average Loss: 3.843, avg. samples / sec: 1445.05
Iteration:  10600, Loss function: 3.843, Average Loss: 3.843, avg. samples / sec: 1447.34
Iteration:  10620, Loss function: 3.796, Average Loss: 3.842, avg. samples / sec: 1442.31
Iteration:  10640, Loss function: 3.917, Average Loss: 3.841, avg. samples / sec: 1442.38
Iteration:  10660, Loss function: 3.753, Average Loss: 3.841, avg. samples / sec: 1444.79
:::MLL 1586381792.484 eval_start: {"value": null, "metadata": {"epoch_num": 33, "file": "train.py", "lineno": 276}}
Parsing batch: 0/11Parsing batch: 0/11Parsing batch: 0/11Parsing batch: 1/11Parsing batch: 1/11Parsing batch: 1/11Parsing batch: 2/11Parsing batch: 2/11Parsing batch: 2/11Parsing batch: 3/11Parsing batch: 3/11Parsing batch: 3/11Parsing batch: 4/11Parsing batch: 4/11Parsing batch: 4/11Parsing batch: 5/11Parsing batch: 5/11Parsing batch: 5/11Parsing batch: 6/11Parsing batch: 6/11Parsing batch: 6/11Parsing batch: 7/11Parsing batch: 7/11Parsing batch: 7/11Parsing batch: 8/11Parsing batch: 8/11Parsing batch: 8/11Parsing batch: 9/11Parsing batch: 9/11Parsing batch: 9/11Parsing batch: 10/11Parsing batch: 10/11Parsing batch: 10/11Predicting Ended, total time: 14.26 s
Loading and preparing results...
Loading and preparing results...
Loading and preparing results...
DONE (t=0.54s)
DONE (t=0.55s)
Running per image evaluation...
Evaluate annotation type *bbox*
DONE (t=0.59s)
DONE (t=2.71s).
Accumulating evaluation results...
DONE (t=0.00s).
 Average Precision  (AP) @[ IoU=0.50:0.95 | area=   all | maxDets=100 ] = 0.17859
 Average Precision  (AP) @[ IoU=0.50      | area=   all | maxDets=100 ] = 0.33264
 Average Precision  (AP) @[ IoU=0.75      | area=   all | maxDets=100 ] = 0.17447
 Average Precision  (AP) @[ IoU=0.50:0.95 | area= small | maxDets=100 ] = 0.04836
 Average Precision  (AP) @[ IoU=0.50:0.95 | area=medium | maxDets=100 ] = 0.18427
 Average Precision  (AP) @[ IoU=0.50:0.95 | area= large | maxDets=100 ] = 0.28589
 Average Recall     (AR) @[ IoU=0.50:0.95 | area=   all | maxDets=  1 ] = 0.18650
 Average Recall     (AR) @[ IoU=0.50:0.95 | area=   all | maxDets= 10 ] = 0.27925
 Average Recall     (AR) @[ IoU=0.50:0.95 | area=   all | maxDets=100 ] = 0.29577
 Average Recall     (AR) @[ IoU=0.50:0.95 | area= small | maxDets=100 ] = 0.08802
 Average Recall     (AR) @[ IoU=0.50:0.95 | area=medium | maxDets=100 ] = 0.32320
 Average Recall     (AR) @[ IoU=0.50:0.95 | area= large | maxDets=100 ] = 0.45243
Current AP: 0.17859 AP goal: 0.23000
:::MLL 1586381810.095 eval_accuracy: {"value": 0.17858825660444796, "metadata": {"epoch_num": 33, "file": "train.py", "lineno": 389}}
:::MLL 1586381810.300 eval_stop: {"value": null, "metadata": {"epoch_num": 33, "file": "train.py", "lineno": 392}}
:::MLL 1586381810.316 block_stop: {"value": null, "metadata": {"first_epoch_num": 1, "file": "train.py", "lineno": 804}}
:::MLL 1586381810.316 block_start: {"value": null, "metadata": {"first_epoch_num": 33, "epoch_count": 10.915354834308324, "file": "train.py", "lineno": 813}}
Iteration:  10680, Loss function: 3.823, Average Loss: 3.841, avg. samples / sec: 314.98
Iteration:  10700, Loss function: 3.737, Average Loss: 3.840, avg. samples / sec: 1441.97
Iteration:  10720, Loss function: 3.826, Average Loss: 3.839, avg. samples / sec: 1439.49
Iteration:  10740, Loss function: 3.696, Average Loss: 3.838, avg. samples / sec: 1444.00
:::MLL 1586381831.066 epoch_stop: {"value": null, "metadata": {"epoch_num": 33, "file": "train.py", "lineno": 819}}
:::MLL 1586381831.066 epoch_start: {"value": null, "metadata": {"epoch_num": 34, "file": "train.py", "lineno": 673}}
Iteration:  10760, Loss function: 3.815, Average Loss: 3.838, avg. samples / sec: 1443.13
Iteration:  10780, Loss function: 3.628, Average Loss: 3.836, avg. samples / sec: 1447.93
Iteration:  10800, Loss function: 3.848, Average Loss: 3.835, avg. samples / sec: 1438.31
Iteration:  10820, Loss function: 3.773, Average Loss: 3.834, avg. samples / sec: 1440.15
Iteration:  10840, Loss function: 3.905, Average Loss: 3.832, avg. samples / sec: 1443.21
Iteration:  10860, Loss function: 3.818, Average Loss: 3.831, avg. samples / sec: 1443.79
Iteration:  10880, Loss function: 3.555, Average Loss: 3.830, avg. samples / sec: 1441.83
Iteration:  10900, Loss function: 3.837, Average Loss: 3.829, avg. samples / sec: 1442.39
Iteration:  10920, Loss function: 3.888, Average Loss: 3.829, avg. samples / sec: 1440.44
Iteration:  10940, Loss function: 3.586, Average Loss: 3.827, avg. samples / sec: 1441.90
Iteration:  10960, Loss function: 3.705, Average Loss: 3.826, avg. samples / sec: 1441.21
Iteration:  10980, Loss function: 4.008, Average Loss: 3.826, avg. samples / sec: 1441.37
Iteration:  11000, Loss function: 3.925, Average Loss: 3.826, avg. samples / sec: 1441.72
Iteration:  11020, Loss function: 3.924, Average Loss: 3.824, avg. samples / sec: 1440.32
Iteration:  11040, Loss function: 4.070, Average Loss: 3.824, avg. samples / sec: 1443.54
Iteration:  11060, Loss function: 4.090, Average Loss: 3.823, avg. samples / sec: 1437.02
:::MLL 1586381912.490 epoch_stop: {"value": null, "metadata": {"epoch_num": 34, "file": "train.py", "lineno": 819}}
:::MLL 1586381912.491 epoch_start: {"value": null, "metadata": {"epoch_num": 35, "file": "train.py", "lineno": 673}}
Iteration:  11080, Loss function: 3.944, Average Loss: 3.823, avg. samples / sec: 1435.72
Iteration:  11100, Loss function: 3.681, Average Loss: 3.820, avg. samples / sec: 1446.83
Iteration:  11120, Loss function: 3.625, Average Loss: 3.819, avg. samples / sec: 1446.86
Iteration:  11140, Loss function: 3.501, Average Loss: 3.818, avg. samples / sec: 1447.63
Iteration:  11160, Loss function: 3.934, Average Loss: 3.816, avg. samples / sec: 1447.87
Iteration:  11180, Loss function: 3.769, Average Loss: 3.816, avg. samples / sec: 1447.80
Iteration:  11200, Loss function: 3.875, Average Loss: 3.815, avg. samples / sec: 1446.92
Iteration:  11220, Loss function: 3.611, Average Loss: 3.814, avg. samples / sec: 1442.37
Iteration:  11240, Loss function: 3.766, Average Loss: 3.812, avg. samples / sec: 1447.27
Iteration:  11260, Loss function: 3.832, Average Loss: 3.812, avg. samples / sec: 1440.86
Iteration:  11280, Loss function: 3.760, Average Loss: 3.812, avg. samples / sec: 1443.18
Iteration:  11300, Loss function: 3.588, Average Loss: 3.810, avg. samples / sec: 1446.65
Iteration:  11320, Loss function: 3.574, Average Loss: 3.809, avg. samples / sec: 1447.07
Iteration:  11340, Loss function: 3.703, Average Loss: 3.810, avg. samples / sec: 1446.14
Iteration:  11360, Loss function: 3.691, Average Loss: 3.809, avg. samples / sec: 1444.61
Iteration:  11380, Loss function: 3.798, Average Loss: 3.808, avg. samples / sec: 1446.63
Iteration:  11400, Loss function: 3.851, Average Loss: 3.806, avg. samples / sec: 1437.87
:::MLL 1586381993.447 epoch_stop: {"value": null, "metadata": {"epoch_num": 35, "file": "train.py", "lineno": 819}}
:::MLL 1586381993.448 epoch_start: {"value": null, "metadata": {"epoch_num": 36, "file": "train.py", "lineno": 673}}
Iteration:  11420, Loss function: 3.805, Average Loss: 3.806, avg. samples / sec: 1437.63
Iteration:  11440, Loss function: 3.890, Average Loss: 3.804, avg. samples / sec: 1446.36
Iteration:  11460, Loss function: 3.763, Average Loss: 3.803, avg. samples / sec: 1444.20
Iteration:  11480, Loss function: 3.706, Average Loss: 3.802, avg. samples / sec: 1445.74
Iteration:  11500, Loss function: 3.563, Average Loss: 3.800, avg. samples / sec: 1441.59
Iteration:  11520, Loss function: 3.764, Average Loss: 3.800, avg. samples / sec: 1443.72
Iteration:  11540, Loss function: 3.904, Average Loss: 3.801, avg. samples / sec: 1441.45
Iteration:  11560, Loss function: 3.708, Average Loss: 3.801, avg. samples / sec: 1431.68
Iteration:  11580, Loss function: 3.629, Average Loss: 3.800, avg. samples / sec: 1444.69
Iteration:  11600, Loss function: 3.909, Average Loss: 3.801, avg. samples / sec: 1437.19
Iteration:  11620, Loss function: 3.747, Average Loss: 3.801, avg. samples / sec: 1443.63
Iteration:  11640, Loss function: 3.708, Average Loss: 3.801, avg. samples / sec: 1447.44
Iteration:  11660, Loss function: 3.682, Average Loss: 3.800, avg. samples / sec: 1443.54
Iteration:  11680, Loss function: 3.642, Average Loss: 3.801, avg. samples / sec: 1445.26
Iteration:  11700, Loss function: 3.817, Average Loss: 3.801, avg. samples / sec: 1440.79
Iteration:  11720, Loss function: 3.873, Average Loss: 3.798, avg. samples / sec: 1444.46
:::MLL 1586382074.809 epoch_stop: {"value": null, "metadata": {"epoch_num": 36, "file": "train.py", "lineno": 819}}
:::MLL 1586382074.809 epoch_start: {"value": null, "metadata": {"epoch_num": 37, "file": "train.py", "lineno": 673}}
Iteration:  11740, Loss function: 3.743, Average Loss: 3.797, avg. samples / sec: 1439.04
Iteration:  11760, Loss function: 3.697, Average Loss: 3.797, avg. samples / sec: 1443.26
Iteration:  11780, Loss function: 3.459, Average Loss: 3.795, avg. samples / sec: 1447.15
Iteration:  11800, Loss function: 3.741, Average Loss: 3.794, avg. samples / sec: 1444.56
Iteration:  11820, Loss function: 3.923, Average Loss: 3.793, avg. samples / sec: 1440.47
Iteration:  11840, Loss function: 3.808, Average Loss: 3.792, avg. samples / sec: 1442.93
Iteration:  11860, Loss function: 3.947, Average Loss: 3.792, avg. samples / sec: 1443.04
Iteration:  11880, Loss function: 3.851, Average Loss: 3.791, avg. samples / sec: 1445.17
Iteration:  11900, Loss function: 3.724, Average Loss: 3.790, avg. samples / sec: 1440.94
Iteration:  11920, Loss function: 3.651, Average Loss: 3.789, avg. samples / sec: 1442.49
Iteration:  11940, Loss function: 3.612, Average Loss: 3.789, avg. samples / sec: 1441.83
Iteration:  11960, Loss function: 3.616, Average Loss: 3.788, avg. samples / sec: 1442.82
Iteration:  11980, Loss function: 3.928, Average Loss: 3.788, avg. samples / sec: 1445.50
Iteration:  12000, Loss function: 3.948, Average Loss: 3.787, avg. samples / sec: 1442.95
Iteration:  12020, Loss function: 3.469, Average Loss: 3.787, avg. samples / sec: 1443.96
Iteration:  12040, Loss function: 3.645, Average Loss: 3.786, avg. samples / sec: 1444.68
:::MLL 1586382156.136 epoch_stop: {"value": null, "metadata": {"epoch_num": 37, "file": "train.py", "lineno": 819}}
:::MLL 1586382156.137 epoch_start: {"value": null, "metadata": {"epoch_num": 38, "file": "train.py", "lineno": 673}}
Iteration:  12060, Loss function: 3.711, Average Loss: 3.786, avg. samples / sec: 1438.48
Iteration:  12080, Loss function: 3.765, Average Loss: 3.785, avg. samples / sec: 1442.48
Iteration:  12100, Loss function: 3.837, Average Loss: 3.784, avg. samples / sec: 1440.71
Iteration:  12120, Loss function: 3.644, Average Loss: 3.782, avg. samples / sec: 1439.24
Iteration:  12140, Loss function: 3.861, Average Loss: 3.781, avg. samples / sec: 1439.94
Iteration:  12160, Loss function: 3.801, Average Loss: 3.781, avg. samples / sec: 1435.03
Iteration:  12180, Loss function: 3.515, Average Loss: 3.780, avg. samples / sec: 1440.44
Iteration:  12200, Loss function: 3.965, Average Loss: 3.780, avg. samples / sec: 1438.54
Iteration:  12220, Loss function: 3.830, Average Loss: 3.780, avg. samples / sec: 1440.94
Iteration:  12240, Loss function: 3.656, Average Loss: 3.780, avg. samples / sec: 1440.90
Iteration:  12260, Loss function: 3.805, Average Loss: 3.779, avg. samples / sec: 1446.68
Iteration:  12280, Loss function: 4.130, Average Loss: 3.779, avg. samples / sec: 1443.61
Iteration:  12300, Loss function: 3.654, Average Loss: 3.779, avg. samples / sec: 1438.67
Iteration:  12320, Loss function: 3.956, Average Loss: 3.778, avg. samples / sec: 1443.21
Iteration:  12340, Loss function: 3.886, Average Loss: 3.778, avg. samples / sec: 1444.36
Iteration:  12360, Loss function: 3.617, Average Loss: 3.778, avg. samples / sec: 1442.82
:::MLL 1586382237.577 epoch_stop: {"value": null, "metadata": {"epoch_num": 38, "file": "train.py", "lineno": 819}}
:::MLL 1586382237.578 epoch_start: {"value": null, "metadata": {"epoch_num": 39, "file": "train.py", "lineno": 673}}
Iteration:  12380, Loss function: 3.774, Average Loss: 3.778, avg. samples / sec: 1440.16
Iteration:  12400, Loss function: 3.777, Average Loss: 3.776, avg. samples / sec: 1438.07
Iteration:  12420, Loss function: 3.504, Average Loss: 3.774, avg. samples / sec: 1440.03
Iteration:  12440, Loss function: 3.553, Average Loss: 3.773, avg. samples / sec: 1439.42
Iteration:  12460, Loss function: 3.827, Average Loss: 3.772, avg. samples / sec: 1441.44
Iteration:  12480, Loss function: 3.358, Average Loss: 3.771, avg. samples / sec: 1442.50
Iteration:  12500, Loss function: 3.647, Average Loss: 3.771, avg. samples / sec: 1446.09
Iteration:  12520, Loss function: 3.570, Average Loss: 3.769, avg. samples / sec: 1441.10
Iteration:  12540, Loss function: 3.517, Average Loss: 3.767, avg. samples / sec: 1442.73
Iteration:  12560, Loss function: 3.742, Average Loss: 3.766, avg. samples / sec: 1444.29
Iteration:  12580, Loss function: 3.802, Average Loss: 3.766, avg. samples / sec: 1443.25
Iteration:  12600, Loss function: 3.534, Average Loss: 3.765, avg. samples / sec: 1442.26
Iteration:  12620, Loss function: 3.514, Average Loss: 3.764, avg. samples / sec: 1445.52
Iteration:  12640, Loss function: 3.447, Average Loss: 3.763, avg. samples / sec: 1446.18
Iteration:  12660, Loss function: 3.681, Average Loss: 3.763, avg. samples / sec: 1442.30
Iteration:  12680, Loss function: 3.649, Average Loss: 3.762, avg. samples / sec: 1447.75
Iteration:  12700, Loss function: 3.577, Average Loss: 3.763, avg. samples / sec: 1440.85
:::MLL 1586382318.681 epoch_stop: {"value": null, "metadata": {"epoch_num": 39, "file": "train.py", "lineno": 819}}
:::MLL 1586382318.682 epoch_start: {"value": null, "metadata": {"epoch_num": 40, "file": "train.py", "lineno": 673}}
Iteration:  12720, Loss function: 3.944, Average Loss: 3.762, avg. samples / sec: 1437.42
Iteration:  12740, Loss function: 3.436, Average Loss: 3.759, avg. samples / sec: 1443.08
Iteration:  12760, Loss function: 3.725, Average Loss: 3.757, avg. samples / sec: 1443.06
Iteration:  12780, Loss function: 3.621, Average Loss: 3.756, avg. samples / sec: 1445.85
Iteration:  12800, Loss function: 3.653, Average Loss: 3.754, avg. samples / sec: 1442.26
Iteration:  12820, Loss function: 3.704, Average Loss: 3.754, avg. samples / sec: 1440.27
Iteration:  12840, Loss function: 3.671, Average Loss: 3.753, avg. samples / sec: 1442.62
Iteration:  12860, Loss function: 3.656, Average Loss: 3.752, avg. samples / sec: 1444.71
Iteration:  12880, Loss function: 3.706, Average Loss: 3.751, avg. samples / sec: 1446.10
Iteration:  12900, Loss function: 3.799, Average Loss: 3.751, avg. samples / sec: 1444.08
Iteration:  12920, Loss function: 3.741, Average Loss: 3.751, avg. samples / sec: 1446.17
Iteration:  12940, Loss function: 3.664, Average Loss: 3.751, avg. samples / sec: 1442.74
Iteration:  12960, Loss function: 3.603, Average Loss: 3.749, avg. samples / sec: 1443.75
Iteration:  12980, Loss function: 3.702, Average Loss: 3.749, avg. samples / sec: 1443.44
Iteration:  13000, Loss function: 3.754, Average Loss: 3.748, avg. samples / sec: 1444.32
Iteration:  13020, Loss function: 3.989, Average Loss: 3.748, avg. samples / sec: 1447.44
:::MLL 1586382399.979 epoch_stop: {"value": null, "metadata": {"epoch_num": 40, "file": "train.py", "lineno": 819}}
:::MLL 1586382399.980 epoch_start: {"value": null, "metadata": {"epoch_num": 41, "file": "train.py", "lineno": 673}}
Iteration:  13040, Loss function: 3.700, Average Loss: 3.748, avg. samples / sec: 1439.55
Iteration:  13060, Loss function: 3.612, Average Loss: 3.746, avg. samples / sec: 1438.94
Iteration:  13080, Loss function: 3.660, Average Loss: 3.745, avg. samples / sec: 1445.57
Iteration:  13100, Loss function: 3.624, Average Loss: 3.743, avg. samples / sec: 1442.88
Iteration:  13120, Loss function: 3.707, Average Loss: 3.741, avg. samples / sec: 1442.04
Iteration:  13140, Loss function: 3.682, Average Loss: 3.740, avg. samples / sec: 1440.14
Iteration:  13160, Loss function: 3.922, Average Loss: 3.740, avg. samples / sec: 1444.87
Iteration:  13180, Loss function: 3.754, Average Loss: 3.739, avg. samples / sec: 1443.38
Iteration:  13200, Loss function: 3.751, Average Loss: 3.739, avg. samples / sec: 1444.29
Iteration:  13220, Loss function: 3.311, Average Loss: 3.738, avg. samples / sec: 1444.24
Iteration:  13240, Loss function: 3.431, Average Loss: 3.738, avg. samples / sec: 1442.09
Iteration:  13260, Loss function: 3.933, Average Loss: 3.736, avg. samples / sec: 1444.50
Iteration:  13280, Loss function: 3.610, Average Loss: 3.735, avg. samples / sec: 1441.88
Iteration:  13300, Loss function: 3.757, Average Loss: 3.735, avg. samples / sec: 1444.53
Iteration:  13320, Loss function: 3.554, Average Loss: 3.735, avg. samples / sec: 1444.88
Iteration:  13340, Loss function: 3.556, Average Loss: 3.734, avg. samples / sec: 1444.86
:::MLL 1586382481.318 epoch_stop: {"value": null, "metadata": {"epoch_num": 41, "file": "train.py", "lineno": 819}}
:::MLL 1586382481.319 epoch_start: {"value": null, "metadata": {"epoch_num": 42, "file": "train.py", "lineno": 673}}
Iteration:  13360, Loss function: 3.514, Average Loss: 3.733, avg. samples / sec: 1438.95
Iteration:  13380, Loss function: 3.775, Average Loss: 3.732, avg. samples / sec: 1440.82
Iteration:  13400, Loss function: 3.879, Average Loss: 3.733, avg. samples / sec: 1443.57
Iteration:  13420, Loss function: 3.630, Average Loss: 3.731, avg. samples / sec: 1445.25
Iteration:  13440, Loss function: 3.619, Average Loss: 3.731, avg. samples / sec: 1442.82
Iteration:  13460, Loss function: 3.660, Average Loss: 3.729, avg. samples / sec: 1445.22
Iteration:  13480, Loss function: 3.864, Average Loss: 3.727, avg. samples / sec: 1439.25
Iteration:  13500, Loss function: 3.358, Average Loss: 3.727, avg. samples / sec: 1443.63
Iteration:  13520, Loss function: 3.999, Average Loss: 3.725, avg. samples / sec: 1443.68
Iteration:  13540, Loss function: 3.764, Average Loss: 3.725, avg. samples / sec: 1439.42
Iteration:  13560, Loss function: 3.610, Average Loss: 3.725, avg. samples / sec: 1444.89
Iteration:  13580, Loss function: 3.648, Average Loss: 3.723, avg. samples / sec: 1438.06
Iteration:  13600, Loss function: 3.667, Average Loss: 3.722, avg. samples / sec: 1438.38
Iteration:  13620, Loss function: 3.553, Average Loss: 3.724, avg. samples / sec: 1440.91
Iteration:  13640, Loss function: 3.503, Average Loss: 3.725, avg. samples / sec: 1431.42
Iteration:  13660, Loss function: 3.621, Average Loss: 3.725, avg. samples / sec: 1441.91
Iteration:  13680, Loss function: 3.381, Average Loss: 3.725, avg. samples / sec: 1441.89
:::MLL 1586382562.750 epoch_stop: {"value": null, "metadata": {"epoch_num": 42, "file": "train.py", "lineno": 819}}
:::MLL 1586382562.751 epoch_start: {"value": null, "metadata": {"epoch_num": 43, "file": "train.py", "lineno": 673}}
Iteration:  13700, Loss function: 3.735, Average Loss: 3.724, avg. samples / sec: 1440.44
Iteration:  13720, Loss function: 3.745, Average Loss: 3.723, avg. samples / sec: 1440.67
Iteration:  13740, Loss function: 3.607, Average Loss: 3.721, avg. samples / sec: 1440.15
Iteration:  13760, Loss function: 3.642, Average Loss: 3.720, avg. samples / sec: 1440.76
Iteration:  13780, Loss function: 3.890, Average Loss: 3.720, avg. samples / sec: 1440.82
Iteration:  13800, Loss function: 3.440, Average Loss: 3.719, avg. samples / sec: 1445.92
Iteration:  13820, Loss function: 3.536, Average Loss: 3.718, avg. samples / sec: 1446.46
Iteration:  13840, Loss function: 3.468, Average Loss: 3.716, avg. samples / sec: 1434.07
Iteration:  13860, Loss function: 3.564, Average Loss: 3.715, avg. samples / sec: 1442.04
Iteration:  13880, Loss function: 3.739, Average Loss: 3.715, avg. samples / sec: 1445.56
Iteration:  13900, Loss function: 3.638, Average Loss: 3.714, avg. samples / sec: 1445.90
Iteration:  13920, Loss function: 3.442, Average Loss: 3.714, avg. samples / sec: 1444.15
Iteration:  13940, Loss function: 3.682, Average Loss: 3.714, avg. samples / sec: 1440.08
Iteration:  13960, Loss function: 3.717, Average Loss: 3.714, avg. samples / sec: 1444.37
Iteration:  13980, Loss function: 3.974, Average Loss: 3.714, avg. samples / sec: 1441.93
Iteration:  14000, Loss function: 3.703, Average Loss: 3.714, avg. samples / sec: 1436.41
:::MLL 1586382643.893 epoch_stop: {"value": null, "metadata": {"epoch_num": 43, "file": "train.py", "lineno": 819}}
:::MLL 1586382643.893 epoch_start: {"value": null, "metadata": {"epoch_num": 44, "file": "train.py", "lineno": 673}}
Iteration:  14020, Loss function: 3.842, Average Loss: 3.714, avg. samples / sec: 1442.52
Iteration:  14040, Loss function: 3.762, Average Loss: 3.712, avg. samples / sec: 1445.56
Iteration:  14060, Loss function: 3.736, Average Loss: 3.712, avg. samples / sec: 1446.00
Iteration:  14080, Loss function: 3.712, Average Loss: 3.710, avg. samples / sec: 1442.49
Iteration:  14100, Loss function: 3.584, Average Loss: 3.709, avg. samples / sec: 1443.24
Iteration:  14120, Loss function: 3.960, Average Loss: 3.708, avg. samples / sec: 1443.33
Iteration:  14140, Loss function: 3.580, Average Loss: 3.707, avg. samples / sec: 1443.62
Iteration:  14160, Loss function: 3.700, Average Loss: 3.707, avg. samples / sec: 1441.26
Iteration:  14180, Loss function: 3.852, Average Loss: 3.706, avg. samples / sec: 1444.20
Iteration:  14200, Loss function: 3.557, Average Loss: 3.705, avg. samples / sec: 1441.35
Iteration:  14220, Loss function: 3.480, Average Loss: 3.706, avg. samples / sec: 1442.34
lr decay step #1
:::MLL 1586382697.773 eval_start: {"value": null, "metadata": {"epoch_num": 44, "file": "train.py", "lineno": 276}}
Parsing batch: 0/11Parsing batch: 0/11Parsing batch: 0/11Parsing batch: 1/11Parsing batch: 1/11Parsing batch: 1/11Parsing batch: 2/11Parsing batch: 2/11Parsing batch: 2/11Parsing batch: 3/11Parsing batch: 3/11Parsing batch: 3/11Parsing batch: 4/11Parsing batch: 4/11Parsing batch: 4/11Parsing batch: 5/11Parsing batch: 5/11Parsing batch: 5/11Parsing batch: 6/11Parsing batch: 6/11Parsing batch: 7/11Parsing batch: 6/11Parsing batch: 7/11Parsing batch: 8/11Parsing batch: 7/11Parsing batch: 8/11Parsing batch: 8/11Parsing batch: 9/11Parsing batch: 9/11Parsing batch: 9/11Parsing batch: 10/11Parsing batch: 10/11Parsing batch: 10/11Predicting Ended, total time: 13.64 s
Loading and preparing results...
Loading and preparing results...
Loading and preparing results...
DONE (t=0.62s)
DONE (t=0.62s)
Running per image evaluation...
Evaluate annotation type *bbox*
DONE (t=0.66s)
DONE (t=2.50s).
Accumulating evaluation results...
DONE (t=0.00s).
 Average Precision  (AP) @[ IoU=0.50:0.95 | area=   all | maxDets=100 ] = 0.19304
 Average Precision  (AP) @[ IoU=0.50      | area=   all | maxDets=100 ] = 0.34954
 Average Precision  (AP) @[ IoU=0.75      | area=   all | maxDets=100 ] = 0.19202
 Average Precision  (AP) @[ IoU=0.50:0.95 | area= small | maxDets=100 ] = 0.06026
 Average Precision  (AP) @[ IoU=0.50:0.95 | area=medium | maxDets=100 ] = 0.20279
 Average Precision  (AP) @[ IoU=0.50:0.95 | area= large | maxDets=100 ] = 0.32243
 Average Recall     (AR) @[ IoU=0.50:0.95 | area=   all | maxDets=  1 ] = 0.20026
 Average Recall     (AR) @[ IoU=0.50:0.95 | area=   all | maxDets= 10 ] = 0.29338
 Average Recall     (AR) @[ IoU=0.50:0.95 | area=   all | maxDets=100 ] = 0.30985
 Average Recall     (AR) @[ IoU=0.50:0.95 | area= small | maxDets=100 ] = 0.10081
 Average Recall     (AR) @[ IoU=0.50:0.95 | area=medium | maxDets=100 ] = 0.32626
 Average Recall     (AR) @[ IoU=0.50:0.95 | area= large | maxDets=100 ] = 0.48837
Current AP: 0.19304 AP goal: 0.23000
:::MLL 1586382714.631 eval_accuracy: {"value": 0.19304440797567754, "metadata": {"epoch_num": 44, "file": "train.py", "lineno": 389}}
:::MLL 1586382714.661 eval_stop: {"value": null, "metadata": {"epoch_num": 44, "file": "train.py", "lineno": 392}}
:::MLL 1586382714.683 block_stop: {"value": null, "metadata": {"first_epoch_num": 33, "file": "train.py", "lineno": 804}}
:::MLL 1586382714.683 block_start: {"value": null, "metadata": {"first_epoch_num": 44, "epoch_count": 5.457677417154162, "file": "train.py", "lineno": 813}}
Iteration:  14240, Loss function: 3.723, Average Loss: 3.704, avg. samples / sec: 328.67
Iteration:  14260, Loss function: 3.280, Average Loss: 3.700, avg. samples / sec: 1447.38
Iteration:  14280, Loss function: 3.305, Average Loss: 3.695, avg. samples / sec: 1451.08
Iteration:  14300, Loss function: 3.422, Average Loss: 3.692, avg. samples / sec: 1445.77
Iteration:  14320, Loss function: 3.297, Average Loss: 3.687, avg. samples / sec: 1449.69
:::MLL 1586382742.037 epoch_stop: {"value": null, "metadata": {"epoch_num": 44, "file": "train.py", "lineno": 819}}
:::MLL 1586382742.037 epoch_start: {"value": null, "metadata": {"epoch_num": 45, "file": "train.py", "lineno": 673}}
Iteration:  14340, Loss function: 3.648, Average Loss: 3.683, avg. samples / sec: 1449.23
Iteration:  14360, Loss function: 3.220, Average Loss: 3.677, avg. samples / sec: 1446.64
Iteration:  14380, Loss function: 3.266, Average Loss: 3.671, avg. samples / sec: 1445.68
Iteration:  14400, Loss function: 3.278, Average Loss: 3.664, avg. samples / sec: 1449.09
Iteration:  14420, Loss function: 3.227, Average Loss: 3.658, avg. samples / sec: 1447.38
Iteration:  14440, Loss function: 3.273, Average Loss: 3.652, avg. samples / sec: 1447.83
Iteration:  14460, Loss function: 3.145, Average Loss: 3.647, avg. samples / sec: 1445.19
Iteration:  14480, Loss function: 3.544, Average Loss: 3.641, avg. samples / sec: 1446.35
Iteration:  14500, Loss function: 3.324, Average Loss: 3.634, avg. samples / sec: 1448.15
Iteration:  14520, Loss function: 3.293, Average Loss: 3.628, avg. samples / sec: 1445.23
Iteration:  14540, Loss function: 3.040, Average Loss: 3.623, avg. samples / sec: 1445.62
Iteration:  14560, Loss function: 3.011, Average Loss: 3.618, avg. samples / sec: 1444.46
Iteration:  14580, Loss function: 3.236, Average Loss: 3.611, avg. samples / sec: 1445.10
Iteration:  14600, Loss function: 3.166, Average Loss: 3.606, avg. samples / sec: 1447.03
Iteration:  14620, Loss function: 3.281, Average Loss: 3.602, avg. samples / sec: 1445.58
Iteration:  14640, Loss function: 3.593, Average Loss: 3.597, avg. samples / sec: 1445.40
:::MLL 1586382823.179 epoch_stop: {"value": null, "metadata": {"epoch_num": 45, "file": "train.py", "lineno": 819}}
:::MLL 1586382823.179 epoch_start: {"value": null, "metadata": {"epoch_num": 46, "file": "train.py", "lineno": 673}}
Iteration:  14660, Loss function: 3.053, Average Loss: 3.592, avg. samples / sec: 1446.39
Iteration:  14680, Loss function: 3.494, Average Loss: 3.587, avg. samples / sec: 1443.44
Iteration:  14700, Loss function: 3.196, Average Loss: 3.582, avg. samples / sec: 1446.60
Iteration:  14720, Loss function: 3.558, Average Loss: 3.576, avg. samples / sec: 1442.02
Iteration:  14740, Loss function: 3.601, Average Loss: 3.572, avg. samples / sec: 1443.87
Iteration:  14760, Loss function: 3.259, Average Loss: 3.566, avg. samples / sec: 1444.05
Iteration:  14780, Loss function: 3.271, Average Loss: 3.561, avg. samples / sec: 1441.54
Iteration:  14800, Loss function: 3.221, Average Loss: 3.556, avg. samples / sec: 1447.40
Iteration:  14820, Loss function: 3.057, Average Loss: 3.551, avg. samples / sec: 1445.14
Iteration:  14840, Loss function: 3.390, Average Loss: 3.546, avg. samples / sec: 1444.92
Iteration:  14860, Loss function: 3.301, Average Loss: 3.542, avg. samples / sec: 1442.88
Iteration:  14880, Loss function: 3.256, Average Loss: 3.536, avg. samples / sec: 1447.46
Iteration:  14900, Loss function: 3.391, Average Loss: 3.531, avg. samples / sec: 1444.58
Iteration:  14920, Loss function: 3.333, Average Loss: 3.528, avg. samples / sec: 1445.09
Iteration:  14940, Loss function: 3.058, Average Loss: 3.523, avg. samples / sec: 1444.00
Iteration:  14960, Loss function: 3.056, Average Loss: 3.519, avg. samples / sec: 1448.95
Iteration:  14980, Loss function: 3.290, Average Loss: 3.514, avg. samples / sec: 1444.76
:::MLL 1586382904.177 epoch_stop: {"value": null, "metadata": {"epoch_num": 46, "file": "train.py", "lineno": 819}}
:::MLL 1586382904.177 epoch_start: {"value": null, "metadata": {"epoch_num": 47, "file": "train.py", "lineno": 673}}
Iteration:  15000, Loss function: 3.385, Average Loss: 3.510, avg. samples / sec: 1429.63
Iteration:  15020, Loss function: 3.415, Average Loss: 3.506, avg. samples / sec: 1440.34
Iteration:  15040, Loss function: 3.211, Average Loss: 3.502, avg. samples / sec: 1446.97
Iteration:  15060, Loss function: 3.149, Average Loss: 3.498, avg. samples / sec: 1446.55
Iteration:  15080, Loss function: 3.376, Average Loss: 3.493, avg. samples / sec: 1445.68
Iteration:  15100, Loss function: 3.157, Average Loss: 3.490, avg. samples / sec: 1440.38
Iteration:  15120, Loss function: 3.335, Average Loss: 3.486, avg. samples / sec: 1443.20
Iteration:  15140, Loss function: 3.312, Average Loss: 3.481, avg. samples / sec: 1444.75
Iteration:  15160, Loss function: 3.285, Average Loss: 3.477, avg. samples / sec: 1439.16
Iteration:  15180, Loss function: 3.440, Average Loss: 3.473, avg. samples / sec: 1440.40
Iteration:  15200, Loss function: 3.475, Average Loss: 3.469, avg. samples / sec: 1447.90
Iteration:  15220, Loss function: 3.449, Average Loss: 3.466, avg. samples / sec: 1443.58
Iteration:  15240, Loss function: 3.112, Average Loss: 3.462, avg. samples / sec: 1443.33
Iteration:  15260, Loss function: 3.286, Average Loss: 3.459, avg. samples / sec: 1447.21
Iteration:  15280, Loss function: 3.425, Average Loss: 3.455, avg. samples / sec: 1444.19
Iteration:  15300, Loss function: 3.458, Average Loss: 3.452, avg. samples / sec: 1445.61
:::MLL 1586382985.492 epoch_stop: {"value": null, "metadata": {"epoch_num": 47, "file": "train.py", "lineno": 819}}
:::MLL 1586382985.492 epoch_start: {"value": null, "metadata": {"epoch_num": 48, "file": "train.py", "lineno": 673}}
Iteration:  15320, Loss function: 3.107, Average Loss: 3.448, avg. samples / sec: 1446.43
Iteration:  15340, Loss function: 3.131, Average Loss: 3.445, avg. samples / sec: 1444.40
Iteration:  15360, Loss function: 3.277, Average Loss: 3.442, avg. samples / sec: 1443.95
Iteration:  15380, Loss function: 3.548, Average Loss: 3.440, avg. samples / sec: 1442.95
Iteration:  15400, Loss function: 3.353, Average Loss: 3.436, avg. samples / sec: 1441.78
Iteration:  15420, Loss function: 3.245, Average Loss: 3.434, avg. samples / sec: 1446.15
Iteration:  15440, Loss function: 3.065, Average Loss: 3.430, avg. samples / sec: 1445.94
Iteration:  15460, Loss function: 3.138, Average Loss: 3.427, avg. samples / sec: 1445.77
Iteration:  15480, Loss function: 3.301, Average Loss: 3.424, avg. samples / sec: 1445.95
Iteration:  15500, Loss function: 3.344, Average Loss: 3.420, avg. samples / sec: 1444.36
Iteration:  15520, Loss function: 3.474, Average Loss: 3.417, avg. samples / sec: 1446.49
Iteration:  15540, Loss function: 3.111, Average Loss: 3.414, avg. samples / sec: 1444.72
Iteration:  15560, Loss function: 3.321, Average Loss: 3.410, avg. samples / sec: 1444.66
Iteration:  15580, Loss function: 3.066, Average Loss: 3.406, avg. samples / sec: 1447.23
Iteration:  15600, Loss function: 3.228, Average Loss: 3.403, avg. samples / sec: 1446.50
Iteration:  15620, Loss function: 2.991, Average Loss: 3.400, avg. samples / sec: 1447.92
:::MLL 1586383066.696 epoch_stop: {"value": null, "metadata": {"epoch_num": 48, "file": "train.py", "lineno": 819}}
:::MLL 1586383066.696 epoch_start: {"value": null, "metadata": {"epoch_num": 49, "file": "train.py", "lineno": 673}}
Iteration:  15640, Loss function: 3.052, Average Loss: 3.397, avg. samples / sec: 1442.80
Iteration:  15660, Loss function: 3.100, Average Loss: 3.394, avg. samples / sec: 1445.52
Iteration:  15680, Loss function: 3.106, Average Loss: 3.391, avg. samples / sec: 1444.81
Iteration:  15700, Loss function: 3.202, Average Loss: 3.387, avg. samples / sec: 1447.84
Iteration:  15720, Loss function: 3.200, Average Loss: 3.385, avg. samples / sec: 1447.48
Iteration:  15740, Loss function: 3.309, Average Loss: 3.382, avg. samples / sec: 1445.58
Iteration:  15760, Loss function: 3.362, Average Loss: 3.378, avg. samples / sec: 1436.81
Iteration:  15780, Loss function: 3.359, Average Loss: 3.375, avg. samples / sec: 1439.00
Iteration:  15800, Loss function: 3.154, Average Loss: 3.372, avg. samples / sec: 1442.18
Iteration:  15820, Loss function: 2.941, Average Loss: 3.371, avg. samples / sec: 1446.30
Iteration:  15840, Loss function: 3.263, Average Loss: 3.368, avg. samples / sec: 1439.03
Iteration:  15860, Loss function: 3.507, Average Loss: 3.366, avg. samples / sec: 1446.47
Iteration:  15880, Loss function: 3.322, Average Loss: 3.363, avg. samples / sec: 1445.58
Iteration:  15900, Loss function: 3.338, Average Loss: 3.361, avg. samples / sec: 1446.59
Iteration:  15920, Loss function: 3.283, Average Loss: 3.359, avg. samples / sec: 1444.77
Iteration:  15940, Loss function: 3.396, Average Loss: 3.355, avg. samples / sec: 1444.15
Iteration:  15960, Loss function: 3.495, Average Loss: 3.353, avg. samples / sec: 1444.92
:::MLL 1586383147.972 epoch_stop: {"value": null, "metadata": {"epoch_num": 49, "file": "train.py", "lineno": 819}}
:::MLL 1586383147.973 epoch_start: {"value": null, "metadata": {"epoch_num": 50, "file": "train.py", "lineno": 673}}
Iteration:  15980, Loss function: 3.675, Average Loss: 3.351, avg. samples / sec: 1440.82
Iteration:  16000, Loss function: 3.292, Average Loss: 3.350, avg. samples / sec: 1441.18
:::MLL 1586383157.712 eval_start: {"value": null, "metadata": {"epoch_num": 50, "file": "train.py", "lineno": 276}}
Parsing batch: 0/11Parsing batch: 0/11Parsing batch: 0/11Parsing batch: 1/11Parsing batch: 1/11Parsing batch: 1/11Parsing batch: 2/11Parsing batch: 2/11Parsing batch: 3/11Parsing batch: 2/11Parsing batch: 3/11Parsing batch: 4/11Parsing batch: 4/11Parsing batch: 3/11Parsing batch: 5/11Parsing batch: 4/11Parsing batch: 5/11Parsing batch: 6/11Parsing batch: 5/11Parsing batch: 6/11Parsing batch: 7/11Parsing batch: 7/11Parsing batch: 6/11Parsing batch: 8/11Parsing batch: 7/11Parsing batch: 8/11Parsing batch: 9/11Parsing batch: 8/11Parsing batch: 9/11Parsing batch: 10/11Parsing batch: 10/11Parsing batch: 9/11Parsing batch: 10/11Predicting Ended, total time: 15.22 s
Loading and preparing results...
Loading and preparing results...
Loading and preparing results...
DONE (t=0.59s)
DONE (t=0.59s)
Running per image evaluation...
Evaluate annotation type *bbox*
DONE (t=0.78s)
DONE (t=2.46s).
Accumulating evaluation results...
DONE (t=0.00s).
 Average Precision  (AP) @[ IoU=0.50:0.95 | area=   all | maxDets=100 ] = 0.23672
 Average Precision  (AP) @[ IoU=0.50      | area=   all | maxDets=100 ] = 0.40365
 Average Precision  (AP) @[ IoU=0.75      | area=   all | maxDets=100 ] = 0.24484
 Average Precision  (AP) @[ IoU=0.50:0.95 | area= small | maxDets=100 ] = 0.06615
 Average Precision  (AP) @[ IoU=0.50:0.95 | area=medium | maxDets=100 ] = 0.25065
 Average Precision  (AP) @[ IoU=0.50:0.95 | area= large | maxDets=100 ] = 0.38439
 Average Recall     (AR) @[ IoU=0.50:0.95 | area=   all | maxDets=  1 ] = 0.22679
 Average Recall     (AR) @[ IoU=0.50:0.95 | area=   all | maxDets= 10 ] = 0.33103
 Average Recall     (AR) @[ IoU=0.50:0.95 | area=   all | maxDets=100 ] = 0.34815
 Average Recall     (AR) @[ IoU=0.50:0.95 | area= small | maxDets=100 ] = 0.10859
 Average Recall     (AR) @[ IoU=0.50:0.95 | area=medium | maxDets=100 ] = 0.38049
 Average Recall     (AR) @[ IoU=0.50:0.95 | area= large | maxDets=100 ] = 0.54465
Current AP: 0.23672 AP goal: 0.23000
:::MLL 1586383176.062 eval_accuracy: {"value": 0.2367220719466952, "metadata": {"epoch_num": 50, "file": "train.py", "lineno": 389}}
:::MLL 1586383176.696 eval_stop: {"value": null, "metadata": {"epoch_num": 50, "file": "train.py", "lineno": 392}}
:::MLL 1586383176.712 block_stop: {"value": null, "metadata": {"first_epoch_num": 44, "file": "train.py", "lineno": 804}}
:::MLL 1586383177.246 run_stop: {"value": null, "metadata": {"status": "success", "file": "train.py", "lineno": 849}}
Binding: ['/usr/bin/numactl', '--physcpubind=0-19', '/opt/conda/bin/python', '-u', 'train.py', '--local_rank=0', '--use-fp16', '--nhwc', '--pad-input', '--jit', '--delay-allreduce', '--opt-loss', '--epochs', '80', '--warmup-factor', '0', '--no-save', '--threshold=0.23', '--data', '/data/coco2017', '--evaluation', '120000', '160000', '180000', '200000', '220000', '240000', '260000', '280000', '--batch-size', '120', '--eval-batch-size', '160', '--warmup', '650', '--lr', '2.92e-3', '--wd', '1.6e-4', '--use-nvjpeg', '--use-roi-decode']
Binding: ['/usr/bin/numactl', '--physcpubind=20-39', '/opt/conda/bin/python', '-u', 'train.py', '--local_rank=1', '--use-fp16', '--nhwc', '--pad-input', '--jit', '--delay-allreduce', '--opt-loss', '--epochs', '80', '--warmup-factor', '0', '--no-save', '--threshold=0.23', '--data', '/data/coco2017', '--evaluation', '120000', '160000', '180000', '200000', '220000', '240000', '260000', '280000', '--batch-size', '120', '--eval-batch-size', '160', '--warmup', '650', '--lr', '2.92e-3', '--wd', '1.6e-4', '--use-nvjpeg', '--use-roi-decode']
Binding: ['/usr/bin/numactl', '--physcpubind=40-59', '/opt/conda/bin/python', '-u', 'train.py', '--local_rank=2', '--use-fp16', '--nhwc', '--pad-input', '--jit', '--delay-allreduce', '--opt-loss', '--epochs', '80', '--warmup-factor', '0', '--no-save', '--threshold=0.23', '--data', '/data/coco2017', '--evaluation', '120000', '160000', '180000', '200000', '220000', '240000', '260000', '280000', '--batch-size', '120', '--eval-batch-size', '160', '--warmup', '650', '--lr', '2.92e-3', '--wd', '1.6e-4', '--use-nvjpeg', '--use-roi-decode']
+ ret_code=0
+ set +x
ENDING TIMING RUN AT 2020-04-08 09:59:41 PM
RESULT,SINGLE_STAGE_DETECTOR,,4073,nvidia,2020-04-08 08:51:48 PM
