Beginning trial 2 of 5
Gathering sys log on node001
:::MLL 1586375025.048 submission_benchmark: {"value": "ssd", "metadata": {"file": "mlperf_log_utils.py", "lineno": 176}}
:::MLL 1586375025.049 submission_org: {"value": "NVIDIA", "metadata": {"file": "mlperf_log_utils.py", "lineno": 181}}
WARNING: Log validation: Key "submission_division" is not in known ssd keys.
:::MLL 1586375025.049 submission_division: {"value": "closed", "metadata": {"file": "mlperf_log_utils.py", "lineno": 185}}
:::MLL 1586375025.050 submission_status: {"value": "onprem", "metadata": {"file": "mlperf_log_utils.py", "lineno": 189}}
:::MLL 1586375025.051 submission_platform: {"value": "1xPowerEdge R7525", "metadata": {"file": "mlperf_log_utils.py", "lineno": 193}}
:::MLL 1586375025.052 submission_entry: {"value": "{'hardware': 'PowerEdge R7525', 'framework': 'PyTorch NVIDIA Release 19.05', 'power': 'N/A', 'notes': 'N/A', 'interconnect': ' ', 'os': '\\\\S / ', 'libraries': \"{'container_base': 'Ubuntu-16.04', 'openmpi_version': '3.1.3', 'mofed_version': '4.0-0', 'cuda_version': '10.1.163', 'cuda_driver_version': '418.67', 'nccl_version': '2.4.6', 'cudnn_version': '7.6.0.64', 'cublas_version': '10.2.0.163', 'trt_version': '5.1.5.0', 'dali_version': '0.9.1'}\", 'compilers': 'gcc (Ubuntu 5.4.0-6ubuntu1~16.04.11) 5.4.0 20160609', 'nodes': \"{'num_nodes': '1', 'cpu': '2x AMD EPYC 7502 32-Core Processor', 'num_cores': '64', 'num_vcpus': '64', 'accelerator': 'Tesla V100-PCIE-32GB', 'num_accelerators': '3', 'sys_mem_size': '251 GB', 'sys_storage_type': 'NVMe SSD', 'sys_storage_size': '1x 931.5G', 'cpu_accel_interconnect': 'QPI', 'network_card': '', 'num_network_cards': '0', 'notes': ''}\"}", "metadata": {"file": "mlperf_log_utils.py", "lineno": 197}}
:::MLL 1586375025.053 submission_poc_name: {"value": "Paulius Micikevicius", "metadata": {"file": "mlperf_log_utils.py", "lineno": 201}}
:::MLL 1586375025.053 submission_poc_email: {"value": "pauliusm@nvidia.com", "metadata": {"file": "mlperf_log_utils.py", "lineno": 205}}
Clearing caches
:::MLL 1586375028.390 cache_clear: {"value": true, "metadata": {"file": "<string>", "lineno": 1}}
Launching on node node001
+ pids+=($!)
+ set +x
++ eval echo
+++ echo
+ docker exec -e DGXSYSTEM=DGX1 -e 'MULTI_NODE= --master_port=4886' -e SLURM_JOB_ID=200408133318911802340 -e SLURM_NTASKS_PER_NODE= cont_200408133318911802340 ./run_and_time.sh
Run vars: id 200408133318911802340 gpus 3 mparams  --master_port=4886
STARTING TIMING RUN AT 2020-04-08 07:43:48 PM
running benchmark
+ NUMEPOCHS=80
+ echo 'running benchmark'
+ export DATASET_DIR=/data/coco2017
+ DATASET_DIR=/data/coco2017
+ export TORCH_MODEL_ZOO=/data/torchvision
+ TORCH_MODEL_ZOO=/data/torchvision
+ python -m bind_launch --nsockets_per_node 2 --ncores_per_socket 20 --nproc_per_node 3 --master_port=4886 --no_hyperthreads --no_membind train.py --use-fp16 --nhwc --pad-input --jit --delay-allreduce --opt-loss --epochs 80 --warmup-factor 0 --no-save --threshold=0.23 --data /data/coco2017 --evaluation 120000 160000 180000 200000 220000 240000 260000 280000 --batch-size 120 --eval-batch-size 160 --warmup 650 --lr 2.92e-3 --wd 1.6e-4 --use-nvjpeg --use-roi-decode
:::MLL 1586375030.986 init_start: {"value": null, "metadata": {"file": "train.py", "lineno": 833}}
:::MLL 1586375030.986 init_start: {"value": null, "metadata": {"file": "train.py", "lineno": 833}}
:::MLL 1586375030.986 init_start: {"value": null, "metadata": {"file": "train.py", "lineno": 833}}
BN group: 1
BN group: 1
BN group: 1
0 Using seed = 2158964092
2 Using seed = 2158964094
1 Using seed = 2158964093
:::MLL 1586375037.103 max_samples: {"value": 1, "metadata": {"file": "utils.py", "lineno": 465}}
/opt/conda/lib/python3.6/site-packages/torch/nn/_reduction.py:46: UserWarning: size_average and reduce args will be deprecated, please use reduction='none' instead.
  warnings.warn(warning.format(ret))
/opt/conda/lib/python3.6/site-packages/torch/nn/_reduction.py:46: UserWarning: size_average and reduce args will be deprecated, please use reduction='none' instead.
  warnings.warn(warning.format(ret))
/opt/conda/lib/python3.6/site-packages/torch/nn/_reduction.py:46: UserWarning: size_average and reduce args will be deprecated, please use reduction='none' instead.
  warnings.warn(warning.format(ret))
Delaying allreduces to the end of backward()
:::MLL 1586375038.042 model_bn_span: {"value": 120, "metadata": {"file": "train.py", "lineno": 480}}
:::MLL 1586375038.043 global_batch_size: {"value": 360, "metadata": {"file": "train.py", "lineno": 481}}
:::MLL 1586375038.052 opt_base_learning_rate: {"value": 0.0325, "metadata": {"file": "train.py", "lineno": 511}}
:::MLL 1586375038.052 opt_weight_decay: {"value": 0.00016, "metadata": {"file": "train.py", "lineno": 513}}
:::MLL 1586375038.053 opt_learning_rate_warmup_steps: {"value": 650, "metadata": {"file": "train.py", "lineno": 516}}
:::MLL 1586375038.053 opt_learning_rate_warmup_factor: {"value": 0, "metadata": {"file": "train.py", "lineno": 518}}
epoch nbatch loss
:::MLL 1586375042.689 init_stop: {"value": null, "metadata": {"file": "train.py", "lineno": 604}}
:::MLL 1586375042.690 run_start: {"value": null, "metadata": {"file": "train.py", "lineno": 610}}
loading annotations into memory...
loading annotations into memory...
loading annotations into memory...
Done (t=1.23s)
creating index...
Done (t=1.23s)
creating index...
Done (t=1.27s)
creating index...
time_check a: 1586375045.361899376
time_check b: 1586375049.968750954
:::MLL 1586375050.356 block_start: {"value": null, "metadata": {"first_epoch_num": 1, "epoch_count": 32.74606450292497, "file": "train.py", "lineno": 669}}
:::MLL 1586375050.357 epoch_start: {"value": null, "metadata": {"epoch_num": 1, "file": "train.py", "lineno": 673}}
Iteration:      0, Loss function: 22.865, Average Loss: 0.023, avg. samples / sec: 27.71
Iteration:     20, Loss function: 20.784, Average Loss: 0.450, avg. samples / sec: 1279.53
Iteration:     40, Loss function: 20.374, Average Loss: 0.850, avg. samples / sec: 1411.91
Iteration:     60, Loss function: 18.463, Average Loss: 1.225, avg. samples / sec: 1425.02
Iteration:     80, Loss function: 13.923, Average Loss: 1.487, avg. samples / sec: 1445.12
Iteration:    100, Loss function: 10.178, Average Loss: 1.680, avg. samples / sec: 1443.20
Iteration:    120, Loss function: 9.802, Average Loss: 1.841, avg. samples / sec: 1447.24
Iteration:    140, Loss function: 8.965, Average Loss: 1.988, avg. samples / sec: 1447.75
Iteration:    160, Loss function: 9.072, Average Loss: 2.127, avg. samples / sec: 1441.75
Iteration:    180, Loss function: 8.820, Average Loss: 2.260, avg. samples / sec: 1443.95
Iteration:    200, Loss function: 8.742, Average Loss: 2.386, avg. samples / sec: 1447.22
Iteration:    220, Loss function: 8.530, Average Loss: 2.507, avg. samples / sec: 1448.50
Iteration:    240, Loss function: 8.577, Average Loss: 2.624, avg. samples / sec: 1450.30
Iteration:    260, Loss function: 8.095, Average Loss: 2.735, avg. samples / sec: 1449.79
Iteration:    280, Loss function: 7.746, Average Loss: 2.840, avg. samples / sec: 1450.33
Iteration:    300, Loss function: 8.433, Average Loss: 2.945, avg. samples / sec: 1447.90
Iteration:    320, Loss function: 7.986, Average Loss: 3.046, avg. samples / sec: 1447.99
:::MLL 1586375133.634 epoch_stop: {"value": null, "metadata": {"epoch_num": 1, "file": "train.py", "lineno": 819}}
:::MLL 1586375133.634 epoch_start: {"value": null, "metadata": {"epoch_num": 2, "file": "train.py", "lineno": 673}}
Iteration:    340, Loss function: 7.421, Average Loss: 3.138, avg. samples / sec: 1445.20
Iteration:    360, Loss function: 7.470, Average Loss: 3.225, avg. samples / sec: 1447.27
Iteration:    380, Loss function: 7.650, Average Loss: 3.309, avg. samples / sec: 1441.26
Iteration:    400, Loss function: 7.790, Average Loss: 3.393, avg. samples / sec: 1446.36
Iteration:    420, Loss function: 7.214, Average Loss: 3.473, avg. samples / sec: 1447.75
Iteration:    440, Loss function: 7.217, Average Loss: 3.547, avg. samples / sec: 1447.07
Iteration:    460, Loss function: 7.055, Average Loss: 3.619, avg. samples / sec: 1446.42
Iteration:    480, Loss function: 7.012, Average Loss: 3.686, avg. samples / sec: 1447.47
Iteration:    500, Loss function: 7.001, Average Loss: 3.751, avg. samples / sec: 1445.74
Iteration:    520, Loss function: 7.090, Average Loss: 3.822, avg. samples / sec: 1436.69
Iteration:    540, Loss function: 6.783, Average Loss: 3.884, avg. samples / sec: 1444.87
Iteration:    560, Loss function: 6.650, Average Loss: 3.940, avg. samples / sec: 1449.91
Iteration:    580, Loss function: 6.556, Average Loss: 3.995, avg. samples / sec: 1448.73
Iteration:    600, Loss function: 6.848, Average Loss: 4.049, avg. samples / sec: 1449.42
Iteration:    620, Loss function: 6.577, Average Loss: 4.099, avg. samples / sec: 1445.13
Iteration:    640, Loss function: 6.421, Average Loss: 4.147, avg. samples / sec: 1448.39
:::MLL 1586375214.808 epoch_stop: {"value": null, "metadata": {"epoch_num": 2, "file": "train.py", "lineno": 819}}
:::MLL 1586375214.809 epoch_start: {"value": null, "metadata": {"epoch_num": 3, "file": "train.py", "lineno": 673}}
Iteration:    660, Loss function: 6.610, Average Loss: 4.194, avg. samples / sec: 1439.50
Iteration:    680, Loss function: 6.339, Average Loss: 4.238, avg. samples / sec: 1445.99
Iteration:    700, Loss function: 6.447, Average Loss: 4.279, avg. samples / sec: 1447.44
Iteration:    720, Loss function: 6.294, Average Loss: 4.318, avg. samples / sec: 1446.33
Iteration:    740, Loss function: 6.431, Average Loss: 4.358, avg. samples / sec: 1447.68
Iteration:    760, Loss function: 6.357, Average Loss: 4.394, avg. samples / sec: 1446.91
Iteration:    780, Loss function: 6.095, Average Loss: 4.428, avg. samples / sec: 1448.97
Iteration:    800, Loss function: 6.400, Average Loss: 4.461, avg. samples / sec: 1442.53
Iteration:    820, Loss function: 6.216, Average Loss: 4.492, avg. samples / sec: 1444.09
Iteration:    840, Loss function: 5.789, Average Loss: 4.521, avg. samples / sec: 1441.81
Iteration:    860, Loss function: 5.786, Average Loss: 4.548, avg. samples / sec: 1443.43
Iteration:    880, Loss function: 5.767, Average Loss: 4.574, avg. samples / sec: 1447.79
Iteration:    900, Loss function: 5.838, Average Loss: 4.598, avg. samples / sec: 1438.88
Iteration:    920, Loss function: 5.808, Average Loss: 4.620, avg. samples / sec: 1442.44
Iteration:    940, Loss function: 5.611, Average Loss: 4.642, avg. samples / sec: 1441.07
Iteration:    960, Loss function: 5.521, Average Loss: 4.664, avg. samples / sec: 1446.70
:::MLL 1586375296.044 epoch_stop: {"value": null, "metadata": {"epoch_num": 3, "file": "train.py", "lineno": 819}}
:::MLL 1586375296.045 epoch_start: {"value": null, "metadata": {"epoch_num": 4, "file": "train.py", "lineno": 673}}
Iteration:    980, Loss function: 5.518, Average Loss: 4.684, avg. samples / sec: 1442.01
Iteration:   1000, Loss function: 5.589, Average Loss: 4.703, avg. samples / sec: 1443.99
Iteration:   1020, Loss function: 5.616, Average Loss: 4.719, avg. samples / sec: 1446.46
Iteration:   1040, Loss function: 5.524, Average Loss: 4.737, avg. samples / sec: 1439.28
Iteration:   1060, Loss function: 5.451, Average Loss: 4.751, avg. samples / sec: 1445.60
Iteration:   1080, Loss function: 5.634, Average Loss: 4.766, avg. samples / sec: 1436.61
Iteration:   1100, Loss function: 5.570, Average Loss: 4.781, avg. samples / sec: 1440.36
Iteration:   1120, Loss function: 5.674, Average Loss: 4.795, avg. samples / sec: 1433.88
Iteration:   1140, Loss function: 5.541, Average Loss: 4.808, avg. samples / sec: 1440.04
Iteration:   1160, Loss function: 5.243, Average Loss: 4.819, avg. samples / sec: 1444.52
Iteration:   1180, Loss function: 5.642, Average Loss: 4.831, avg. samples / sec: 1441.46
Iteration:   1200, Loss function: 5.444, Average Loss: 4.844, avg. samples / sec: 1443.97
Iteration:   1220, Loss function: 5.419, Average Loss: 4.854, avg. samples / sec: 1441.66
Iteration:   1240, Loss function: 5.489, Average Loss: 4.865, avg. samples / sec: 1445.22
Iteration:   1260, Loss function: 5.369, Average Loss: 4.875, avg. samples / sec: 1446.16
Iteration:   1280, Loss function: 5.357, Average Loss: 4.884, avg. samples / sec: 1444.84
Iteration:   1300, Loss function: 5.281, Average Loss: 4.892, avg. samples / sec: 1445.14
:::MLL 1586375377.174 epoch_stop: {"value": null, "metadata": {"epoch_num": 4, "file": "train.py", "lineno": 819}}
:::MLL 1586375377.174 epoch_start: {"value": null, "metadata": {"epoch_num": 5, "file": "train.py", "lineno": 673}}
Iteration:   1320, Loss function: 5.040, Average Loss: 4.899, avg. samples / sec: 1434.19
Iteration:   1340, Loss function: 5.094, Average Loss: 4.905, avg. samples / sec: 1442.36
Iteration:   1360, Loss function: 5.290, Average Loss: 4.912, avg. samples / sec: 1444.32
Iteration:   1380, Loss function: 5.261, Average Loss: 4.917, avg. samples / sec: 1441.12
Iteration:   1400, Loss function: 5.187, Average Loss: 4.922, avg. samples / sec: 1444.18
Iteration:   1420, Loss function: 5.410, Average Loss: 4.928, avg. samples / sec: 1442.70
Iteration:   1440, Loss function: 4.936, Average Loss: 4.932, avg. samples / sec: 1446.14
Iteration:   1460, Loss function: 5.467, Average Loss: 4.937, avg. samples / sec: 1444.14
Iteration:   1480, Loss function: 5.164, Average Loss: 4.942, avg. samples / sec: 1441.75
Iteration:   1500, Loss function: 5.217, Average Loss: 4.945, avg. samples / sec: 1446.93
Iteration:   1520, Loss function: 4.995, Average Loss: 4.948, avg. samples / sec: 1432.87
Iteration:   1540, Loss function: 5.432, Average Loss: 4.951, avg. samples / sec: 1443.03
Iteration:   1560, Loss function: 5.027, Average Loss: 4.953, avg. samples / sec: 1441.00
Iteration:   1580, Loss function: 5.203, Average Loss: 4.956, avg. samples / sec: 1441.53
Iteration:   1600, Loss function: 5.356, Average Loss: 4.959, avg. samples / sec: 1433.83
Iteration:   1620, Loss function: 4.665, Average Loss: 4.960, avg. samples / sec: 1439.22
:::MLL 1586375458.610 epoch_stop: {"value": null, "metadata": {"epoch_num": 5, "file": "train.py", "lineno": 819}}
:::MLL 1586375458.610 epoch_start: {"value": null, "metadata": {"epoch_num": 6, "file": "train.py", "lineno": 673}}
Iteration:   1640, Loss function: 5.276, Average Loss: 4.962, avg. samples / sec: 1435.13
Iteration:   1660, Loss function: 5.246, Average Loss: 4.962, avg. samples / sec: 1441.76
Iteration:   1680, Loss function: 5.066, Average Loss: 4.963, avg. samples / sec: 1440.20
Iteration:   1700, Loss function: 4.948, Average Loss: 4.962, avg. samples / sec: 1444.40
Iteration:   1720, Loss function: 4.971, Average Loss: 4.961, avg. samples / sec: 1444.76
Iteration:   1740, Loss function: 5.632, Average Loss: 4.961, avg. samples / sec: 1435.99
Iteration:   1760, Loss function: 5.062, Average Loss: 4.961, avg. samples / sec: 1444.22
Iteration:   1780, Loss function: 4.937, Average Loss: 4.961, avg. samples / sec: 1439.04
Iteration:   1800, Loss function: 4.675, Average Loss: 4.961, avg. samples / sec: 1445.04
Iteration:   1820, Loss function: 4.816, Average Loss: 4.960, avg. samples / sec: 1436.71
Iteration:   1840, Loss function: 4.708, Average Loss: 4.959, avg. samples / sec: 1439.21
Iteration:   1860, Loss function: 4.824, Average Loss: 4.958, avg. samples / sec: 1439.13
Iteration:   1880, Loss function: 4.693, Average Loss: 4.957, avg. samples / sec: 1435.22
Iteration:   1900, Loss function: 4.712, Average Loss: 4.955, avg. samples / sec: 1435.48
Iteration:   1920, Loss function: 4.733, Average Loss: 4.954, avg. samples / sec: 1446.62
Iteration:   1940, Loss function: 4.899, Average Loss: 4.952, avg. samples / sec: 1444.49
:::MLL 1586375540.086 epoch_stop: {"value": null, "metadata": {"epoch_num": 6, "file": "train.py", "lineno": 819}}
:::MLL 1586375540.086 epoch_start: {"value": null, "metadata": {"epoch_num": 7, "file": "train.py", "lineno": 673}}
Iteration:   1960, Loss function: 4.915, Average Loss: 4.950, avg. samples / sec: 1436.61
Iteration:   1980, Loss function: 4.802, Average Loss: 4.947, avg. samples / sec: 1436.36
Iteration:   2000, Loss function: 4.668, Average Loss: 4.944, avg. samples / sec: 1441.68
Iteration:   2020, Loss function: 4.616, Average Loss: 4.940, avg. samples / sec: 1445.47
Iteration:   2040, Loss function: 4.994, Average Loss: 4.937, avg. samples / sec: 1444.78
Iteration:   2060, Loss function: 4.733, Average Loss: 4.935, avg. samples / sec: 1442.11
Iteration:   2080, Loss function: 4.779, Average Loss: 4.932, avg. samples / sec: 1442.33
Iteration:   2100, Loss function: 4.942, Average Loss: 4.931, avg. samples / sec: 1444.08
Iteration:   2120, Loss function: 4.741, Average Loss: 4.927, avg. samples / sec: 1443.83
Iteration:   2140, Loss function: 5.112, Average Loss: 4.924, avg. samples / sec: 1441.86
Iteration:   2160, Loss function: 4.621, Average Loss: 4.922, avg. samples / sec: 1444.13
Iteration:   2180, Loss function: 4.833, Average Loss: 4.920, avg. samples / sec: 1442.93
Iteration:   2200, Loss function: 4.760, Average Loss: 4.916, avg. samples / sec: 1442.86
Iteration:   2220, Loss function: 4.602, Average Loss: 4.912, avg. samples / sec: 1440.91
Iteration:   2240, Loss function: 4.593, Average Loss: 4.910, avg. samples / sec: 1439.82
Iteration:   2260, Loss function: 5.015, Average Loss: 4.907, avg. samples / sec: 1443.22
Iteration:   2280, Loss function: 4.759, Average Loss: 4.903, avg. samples / sec: 1440.65
:::MLL 1586375621.465 epoch_stop: {"value": null, "metadata": {"epoch_num": 7, "file": "train.py", "lineno": 819}}
:::MLL 1586375621.465 epoch_start: {"value": null, "metadata": {"epoch_num": 8, "file": "train.py", "lineno": 673}}
Iteration:   2300, Loss function: 4.795, Average Loss: 4.899, avg. samples / sec: 1441.71
Iteration:   2320, Loss function: 4.519, Average Loss: 4.895, avg. samples / sec: 1437.50
Iteration:   2340, Loss function: 4.677, Average Loss: 4.893, avg. samples / sec: 1443.87
Iteration:   2360, Loss function: 4.835, Average Loss: 4.890, avg. samples / sec: 1437.43
Iteration:   2380, Loss function: 4.672, Average Loss: 4.888, avg. samples / sec: 1440.22
Iteration:   2400, Loss function: 4.760, Average Loss: 4.883, avg. samples / sec: 1444.57
Iteration:   2420, Loss function: 4.575, Average Loss: 4.878, avg. samples / sec: 1441.72
Iteration:   2440, Loss function: 4.528, Average Loss: 4.873, avg. samples / sec: 1443.45
Iteration:   2460, Loss function: 4.478, Average Loss: 4.869, avg. samples / sec: 1440.78
Iteration:   2480, Loss function: 4.823, Average Loss: 4.864, avg. samples / sec: 1439.03
Iteration:   2500, Loss function: 4.800, Average Loss: 4.862, avg. samples / sec: 1440.77
Iteration:   2520, Loss function: 4.411, Average Loss: 4.857, avg. samples / sec: 1439.32
Iteration:   2540, Loss function: 4.418, Average Loss: 4.853, avg. samples / sec: 1445.13
Iteration:   2560, Loss function: 4.777, Average Loss: 4.850, avg. samples / sec: 1441.36
Iteration:   2580, Loss function: 4.863, Average Loss: 4.847, avg. samples / sec: 1438.70
Iteration:   2600, Loss function: 4.920, Average Loss: 4.843, avg. samples / sec: 1446.84
:::MLL 1586375702.637 epoch_stop: {"value": null, "metadata": {"epoch_num": 8, "file": "train.py", "lineno": 819}}
:::MLL 1586375702.637 epoch_start: {"value": null, "metadata": {"epoch_num": 9, "file": "train.py", "lineno": 673}}
Iteration:   2620, Loss function: 4.480, Average Loss: 4.837, avg. samples / sec: 1440.62
Iteration:   2640, Loss function: 4.513, Average Loss: 4.832, avg. samples / sec: 1442.94
Iteration:   2660, Loss function: 4.820, Average Loss: 4.828, avg. samples / sec: 1440.56
Iteration:   2680, Loss function: 4.631, Average Loss: 4.824, avg. samples / sec: 1442.21
Iteration:   2700, Loss function: 4.427, Average Loss: 4.818, avg. samples / sec: 1440.79
Iteration:   2720, Loss function: 4.545, Average Loss: 4.814, avg. samples / sec: 1443.00
Iteration:   2740, Loss function: 4.477, Average Loss: 4.809, avg. samples / sec: 1444.81
Iteration:   2760, Loss function: 4.673, Average Loss: 4.806, avg. samples / sec: 1442.23
Iteration:   2780, Loss function: 4.562, Average Loss: 4.802, avg. samples / sec: 1439.27
Iteration:   2800, Loss function: 4.615, Average Loss: 4.798, avg. samples / sec: 1441.01
Iteration:   2820, Loss function: 4.663, Average Loss: 4.792, avg. samples / sec: 1441.66
Iteration:   2840, Loss function: 4.866, Average Loss: 4.788, avg. samples / sec: 1440.66
Iteration:   2860, Loss function: 4.651, Average Loss: 4.782, avg. samples / sec: 1442.34
Iteration:   2880, Loss function: 4.895, Average Loss: 4.778, avg. samples / sec: 1446.07
Iteration:   2900, Loss function: 4.562, Average Loss: 4.774, avg. samples / sec: 1443.69
Iteration:   2920, Loss function: 4.550, Average Loss: 4.769, avg. samples / sec: 1443.51
:::MLL 1586375784.014 epoch_stop: {"value": null, "metadata": {"epoch_num": 9, "file": "train.py", "lineno": 819}}
:::MLL 1586375784.015 epoch_start: {"value": null, "metadata": {"epoch_num": 10, "file": "train.py", "lineno": 673}}
Iteration:   2940, Loss function: 4.297, Average Loss: 4.766, avg. samples / sec: 1438.87
Iteration:   2960, Loss function: 4.477, Average Loss: 4.760, avg. samples / sec: 1442.57
Iteration:   2980, Loss function: 4.734, Average Loss: 4.754, avg. samples / sec: 1440.72
Iteration:   3000, Loss function: 4.469, Average Loss: 4.750, avg. samples / sec: 1445.95
Iteration:   3020, Loss function: 4.735, Average Loss: 4.745, avg. samples / sec: 1443.78
Iteration:   3040, Loss function: 4.657, Average Loss: 4.740, avg. samples / sec: 1436.51
Iteration:   3060, Loss function: 4.555, Average Loss: 4.735, avg. samples / sec: 1444.83
Iteration:   3080, Loss function: 4.745, Average Loss: 4.731, avg. samples / sec: 1443.92
Iteration:   3100, Loss function: 4.323, Average Loss: 4.727, avg. samples / sec: 1443.16
Iteration:   3120, Loss function: 4.225, Average Loss: 4.722, avg. samples / sec: 1438.56
Iteration:   3140, Loss function: 4.530, Average Loss: 4.717, avg. samples / sec: 1438.32
Iteration:   3160, Loss function: 4.347, Average Loss: 4.712, avg. samples / sec: 1441.97
Iteration:   3180, Loss function: 4.660, Average Loss: 4.708, avg. samples / sec: 1439.17
Iteration:   3200, Loss function: 4.398, Average Loss: 4.704, avg. samples / sec: 1444.30
Iteration:   3220, Loss function: 4.577, Average Loss: 4.700, avg. samples / sec: 1441.55
Iteration:   3240, Loss function: 4.474, Average Loss: 4.696, avg. samples / sec: 1442.68
:::MLL 1586375865.412 epoch_stop: {"value": null, "metadata": {"epoch_num": 10, "file": "train.py", "lineno": 819}}
:::MLL 1586375865.413 epoch_start: {"value": null, "metadata": {"epoch_num": 11, "file": "train.py", "lineno": 673}}
Iteration:   3260, Loss function: 4.566, Average Loss: 4.691, avg. samples / sec: 1442.57
Iteration:   3280, Loss function: 4.437, Average Loss: 4.686, avg. samples / sec: 1445.32
Iteration:   3300, Loss function: 4.648, Average Loss: 4.680, avg. samples / sec: 1444.89
Iteration:   3320, Loss function: 4.416, Average Loss: 4.673, avg. samples / sec: 1431.73
Iteration:   3340, Loss function: 4.482, Average Loss: 4.669, avg. samples / sec: 1446.20
Iteration:   3360, Loss function: 4.205, Average Loss: 4.665, avg. samples / sec: 1444.36
Iteration:   3380, Loss function: 4.384, Average Loss: 4.660, avg. samples / sec: 1442.21
Iteration:   3400, Loss function: 4.543, Average Loss: 4.655, avg. samples / sec: 1441.44
Iteration:   3420, Loss function: 4.520, Average Loss: 4.651, avg. samples / sec: 1443.29
Iteration:   3440, Loss function: 4.184, Average Loss: 4.647, avg. samples / sec: 1445.13
Iteration:   3460, Loss function: 4.571, Average Loss: 4.643, avg. samples / sec: 1441.65
Iteration:   3480, Loss function: 4.423, Average Loss: 4.639, avg. samples / sec: 1446.10
Iteration:   3500, Loss function: 4.280, Average Loss: 4.634, avg. samples / sec: 1438.62
Iteration:   3520, Loss function: 4.381, Average Loss: 4.630, avg. samples / sec: 1442.68
Iteration:   3540, Loss function: 4.505, Average Loss: 4.625, avg. samples / sec: 1441.64
Iteration:   3560, Loss function: 4.280, Average Loss: 4.620, avg. samples / sec: 1446.02
Iteration:   3580, Loss function: 4.608, Average Loss: 4.616, avg. samples / sec: 1442.58
:::MLL 1586375946.764 epoch_stop: {"value": null, "metadata": {"epoch_num": 11, "file": "train.py", "lineno": 819}}
:::MLL 1586375946.765 epoch_start: {"value": null, "metadata": {"epoch_num": 12, "file": "train.py", "lineno": 673}}
Iteration:   3600, Loss function: 4.523, Average Loss: 4.610, avg. samples / sec: 1441.22
Iteration:   3620, Loss function: 4.160, Average Loss: 4.606, avg. samples / sec: 1445.88
Iteration:   3640, Loss function: 4.429, Average Loss: 4.600, avg. samples / sec: 1444.85
Iteration:   3660, Loss function: 4.407, Average Loss: 4.596, avg. samples / sec: 1442.72
Iteration:   3680, Loss function: 4.138, Average Loss: 4.592, avg. samples / sec: 1437.74
Iteration:   3700, Loss function: 4.536, Average Loss: 4.587, avg. samples / sec: 1444.13
Iteration:   3720, Loss function: 4.093, Average Loss: 4.582, avg. samples / sec: 1443.71
Iteration:   3740, Loss function: 4.414, Average Loss: 4.578, avg. samples / sec: 1444.02
Iteration:   3760, Loss function: 4.298, Average Loss: 4.574, avg. samples / sec: 1437.37
Iteration:   3780, Loss function: 4.295, Average Loss: 4.568, avg. samples / sec: 1435.21
Iteration:   3800, Loss function: 4.262, Average Loss: 4.564, avg. samples / sec: 1441.96
Iteration:   3820, Loss function: 4.215, Average Loss: 4.560, avg. samples / sec: 1444.05
Iteration:   3840, Loss function: 4.136, Average Loss: 4.556, avg. samples / sec: 1443.42
Iteration:   3860, Loss function: 4.300, Average Loss: 4.552, avg. samples / sec: 1445.44
Iteration:   3880, Loss function: 4.087, Average Loss: 4.549, avg. samples / sec: 1441.84
Iteration:   3900, Loss function: 4.397, Average Loss: 4.545, avg. samples / sec: 1441.85
:::MLL 1586376027.906 epoch_stop: {"value": null, "metadata": {"epoch_num": 12, "file": "train.py", "lineno": 819}}
:::MLL 1586376027.907 epoch_start: {"value": null, "metadata": {"epoch_num": 13, "file": "train.py", "lineno": 673}}
Iteration:   3920, Loss function: 4.286, Average Loss: 4.541, avg. samples / sec: 1436.13
Iteration:   3940, Loss function: 4.128, Average Loss: 4.536, avg. samples / sec: 1441.86
Iteration:   3960, Loss function: 4.360, Average Loss: 4.530, avg. samples / sec: 1443.59
Iteration:   3980, Loss function: 4.490, Average Loss: 4.525, avg. samples / sec: 1441.55
Iteration:   4000, Loss function: 4.180, Average Loss: 4.520, avg. samples / sec: 1440.91
Iteration:   4020, Loss function: 4.522, Average Loss: 4.516, avg. samples / sec: 1442.53
Iteration:   4040, Loss function: 4.085, Average Loss: 4.512, avg. samples / sec: 1443.34
Iteration:   4060, Loss function: 4.342, Average Loss: 4.508, avg. samples / sec: 1443.96
Iteration:   4080, Loss function: 4.347, Average Loss: 4.504, avg. samples / sec: 1441.07
Iteration:   4100, Loss function: 4.424, Average Loss: 4.501, avg. samples / sec: 1444.43
Iteration:   4120, Loss function: 4.424, Average Loss: 4.498, avg. samples / sec: 1441.37
Iteration:   4140, Loss function: 4.236, Average Loss: 4.493, avg. samples / sec: 1445.67
Iteration:   4160, Loss function: 4.318, Average Loss: 4.490, avg. samples / sec: 1439.69
Iteration:   4180, Loss function: 4.190, Average Loss: 4.487, avg. samples / sec: 1433.13
Iteration:   4200, Loss function: 4.233, Average Loss: 4.482, avg. samples / sec: 1434.10
Iteration:   4220, Loss function: 3.968, Average Loss: 4.477, avg. samples / sec: 1434.32
:::MLL 1586376109.361 epoch_stop: {"value": null, "metadata": {"epoch_num": 13, "file": "train.py", "lineno": 819}}
:::MLL 1586376109.361 epoch_start: {"value": null, "metadata": {"epoch_num": 14, "file": "train.py", "lineno": 673}}
Iteration:   4240, Loss function: 4.324, Average Loss: 4.473, avg. samples / sec: 1440.35
Iteration:   4260, Loss function: 4.344, Average Loss: 4.469, avg. samples / sec: 1446.58
Iteration:   4280, Loss function: 4.290, Average Loss: 4.465, avg. samples / sec: 1445.83
Iteration:   4300, Loss function: 4.346, Average Loss: 4.461, avg. samples / sec: 1445.43
Iteration:   4320, Loss function: 4.493, Average Loss: 4.457, avg. samples / sec: 1442.21
Iteration:   4340, Loss function: 4.155, Average Loss: 4.453, avg. samples / sec: 1442.31
Iteration:   4360, Loss function: 3.888, Average Loss: 4.448, avg. samples / sec: 1442.55
Iteration:   4380, Loss function: 4.362, Average Loss: 4.445, avg. samples / sec: 1441.50
Iteration:   4400, Loss function: 4.289, Average Loss: 4.441, avg. samples / sec: 1440.46
Iteration:   4420, Loss function: 4.005, Average Loss: 4.437, avg. samples / sec: 1446.40
Iteration:   4440, Loss function: 4.527, Average Loss: 4.432, avg. samples / sec: 1438.89
Iteration:   4460, Loss function: 4.245, Average Loss: 4.429, avg. samples / sec: 1445.13
Iteration:   4480, Loss function: 4.441, Average Loss: 4.426, avg. samples / sec: 1442.12
Iteration:   4500, Loss function: 4.504, Average Loss: 4.423, avg. samples / sec: 1441.43
Iteration:   4520, Loss function: 4.422, Average Loss: 4.420, avg. samples / sec: 1444.14
Iteration:   4540, Loss function: 4.570, Average Loss: 4.418, avg. samples / sec: 1443.68
Iteration:   4560, Loss function: 4.430, Average Loss: 4.415, avg. samples / sec: 1443.43
:::MLL 1586376190.689 epoch_stop: {"value": null, "metadata": {"epoch_num": 14, "file": "train.py", "lineno": 819}}
:::MLL 1586376190.689 epoch_start: {"value": null, "metadata": {"epoch_num": 15, "file": "train.py", "lineno": 673}}
Iteration:   4580, Loss function: 4.046, Average Loss: 4.411, avg. samples / sec: 1439.47
Iteration:   4600, Loss function: 4.261, Average Loss: 4.407, avg. samples / sec: 1443.18
Iteration:   4620, Loss function: 4.244, Average Loss: 4.403, avg. samples / sec: 1446.43
Iteration:   4640, Loss function: 3.989, Average Loss: 4.398, avg. samples / sec: 1439.90
Iteration:   4660, Loss function: 4.239, Average Loss: 4.395, avg. samples / sec: 1448.12
Iteration:   4680, Loss function: 4.209, Average Loss: 4.393, avg. samples / sec: 1441.50
Iteration:   4700, Loss function: 4.278, Average Loss: 4.389, avg. samples / sec: 1440.20
Iteration:   4720, Loss function: 4.099, Average Loss: 4.385, avg. samples / sec: 1441.22
Iteration:   4740, Loss function: 4.299, Average Loss: 4.382, avg. samples / sec: 1441.34
Iteration:   4760, Loss function: 4.160, Average Loss: 4.378, avg. samples / sec: 1441.34
Iteration:   4780, Loss function: 3.937, Average Loss: 4.375, avg. samples / sec: 1442.64
Iteration:   4800, Loss function: 4.068, Average Loss: 4.371, avg. samples / sec: 1441.26
Iteration:   4820, Loss function: 4.402, Average Loss: 4.370, avg. samples / sec: 1438.25
Iteration:   4840, Loss function: 4.334, Average Loss: 4.368, avg. samples / sec: 1438.92
Iteration:   4860, Loss function: 4.035, Average Loss: 4.364, avg. samples / sec: 1438.25
Iteration:   4880, Loss function: 4.040, Average Loss: 4.360, avg. samples / sec: 1439.16
:::MLL 1586376272.111 epoch_stop: {"value": null, "metadata": {"epoch_num": 15, "file": "train.py", "lineno": 819}}
:::MLL 1586376272.111 epoch_start: {"value": null, "metadata": {"epoch_num": 16, "file": "train.py", "lineno": 673}}
Iteration:   4900, Loss function: 4.057, Average Loss: 4.358, avg. samples / sec: 1442.01
Iteration:   4920, Loss function: 3.971, Average Loss: 4.355, avg. samples / sec: 1448.10
Iteration:   4940, Loss function: 4.453, Average Loss: 4.352, avg. samples / sec: 1436.25
Iteration:   4960, Loss function: 4.074, Average Loss: 4.348, avg. samples / sec: 1446.94
Iteration:   4980, Loss function: 4.033, Average Loss: 4.344, avg. samples / sec: 1442.59
Iteration:   5000, Loss function: 4.209, Average Loss: 4.340, avg. samples / sec: 1440.16
Iteration:   5020, Loss function: 4.134, Average Loss: 4.336, avg. samples / sec: 1444.35
Iteration:   5040, Loss function: 4.121, Average Loss: 4.333, avg. samples / sec: 1439.42
Iteration:   5060, Loss function: 4.571, Average Loss: 4.330, avg. samples / sec: 1445.87
Iteration:   5080, Loss function: 4.001, Average Loss: 4.327, avg. samples / sec: 1445.42
Iteration:   5100, Loss function: 4.172, Average Loss: 4.323, avg. samples / sec: 1442.97
Iteration:   5120, Loss function: 4.245, Average Loss: 4.321, avg. samples / sec: 1444.23
Iteration:   5140, Loss function: 4.306, Average Loss: 4.318, avg. samples / sec: 1442.11
Iteration:   5160, Loss function: 4.179, Average Loss: 4.314, avg. samples / sec: 1443.82
Iteration:   5180, Loss function: 4.100, Average Loss: 4.311, avg. samples / sec: 1443.99
Iteration:   5200, Loss function: 4.243, Average Loss: 4.310, avg. samples / sec: 1445.30
:::MLL 1586376353.174 epoch_stop: {"value": null, "metadata": {"epoch_num": 16, "file": "train.py", "lineno": 819}}
:::MLL 1586376353.174 epoch_start: {"value": null, "metadata": {"epoch_num": 17, "file": "train.py", "lineno": 673}}
Iteration:   5220, Loss function: 4.249, Average Loss: 4.308, avg. samples / sec: 1442.92
Iteration:   5240, Loss function: 3.804, Average Loss: 4.304, avg. samples / sec: 1443.72
Iteration:   5260, Loss function: 4.124, Average Loss: 4.300, avg. samples / sec: 1440.93
Iteration:   5280, Loss function: 4.468, Average Loss: 4.298, avg. samples / sec: 1446.06
Iteration:   5300, Loss function: 4.233, Average Loss: 4.294, avg. samples / sec: 1441.03
Iteration:   5320, Loss function: 3.910, Average Loss: 4.292, avg. samples / sec: 1445.86
Iteration:   5340, Loss function: 4.069, Average Loss: 4.289, avg. samples / sec: 1444.57
Iteration:   5360, Loss function: 4.253, Average Loss: 4.286, avg. samples / sec: 1446.48
Iteration:   5380, Loss function: 4.172, Average Loss: 4.283, avg. samples / sec: 1445.79
Iteration:   5400, Loss function: 4.225, Average Loss: 4.282, avg. samples / sec: 1445.85
Iteration:   5420, Loss function: 4.304, Average Loss: 4.278, avg. samples / sec: 1446.84
Iteration:   5440, Loss function: 3.925, Average Loss: 4.275, avg. samples / sec: 1443.82
Iteration:   5460, Loss function: 4.312, Average Loss: 4.273, avg. samples / sec: 1444.14
Iteration:   5480, Loss function: 4.061, Average Loss: 4.271, avg. samples / sec: 1442.55
Iteration:   5500, Loss function: 4.056, Average Loss: 4.269, avg. samples / sec: 1444.95
Iteration:   5520, Loss function: 4.003, Average Loss: 4.268, avg. samples / sec: 1443.24
:::MLL 1586376434.423 epoch_stop: {"value": null, "metadata": {"epoch_num": 17, "file": "train.py", "lineno": 819}}
:::MLL 1586376434.424 epoch_start: {"value": null, "metadata": {"epoch_num": 18, "file": "train.py", "lineno": 673}}
Iteration:   5540, Loss function: 4.096, Average Loss: 4.266, avg. samples / sec: 1443.96
Iteration:   5560, Loss function: 4.073, Average Loss: 4.264, avg. samples / sec: 1446.90
Iteration:   5580, Loss function: 4.012, Average Loss: 4.260, avg. samples / sec: 1441.10
Iteration:   5600, Loss function: 3.805, Average Loss: 4.258, avg. samples / sec: 1442.15
Iteration:   5620, Loss function: 4.307, Average Loss: 4.256, avg. samples / sec: 1447.66
Iteration:   5640, Loss function: 4.398, Average Loss: 4.253, avg. samples / sec: 1446.68
Iteration:   5660, Loss function: 3.999, Average Loss: 4.250, avg. samples / sec: 1443.02
Iteration:   5680, Loss function: 3.995, Average Loss: 4.248, avg. samples / sec: 1444.24
Iteration:   5700, Loss function: 4.254, Average Loss: 4.245, avg. samples / sec: 1443.38
Iteration:   5720, Loss function: 3.999, Average Loss: 4.242, avg. samples / sec: 1447.29
Iteration:   5740, Loss function: 3.880, Average Loss: 4.239, avg. samples / sec: 1439.58
Iteration:   5760, Loss function: 4.103, Average Loss: 4.237, avg. samples / sec: 1447.43
Iteration:   5780, Loss function: 4.307, Average Loss: 4.234, avg. samples / sec: 1446.46
Iteration:   5800, Loss function: 4.171, Average Loss: 4.232, avg. samples / sec: 1442.78
Iteration:   5820, Loss function: 4.251, Average Loss: 4.229, avg. samples / sec: 1444.47
Iteration:   5840, Loss function: 3.930, Average Loss: 4.226, avg. samples / sec: 1444.86
Iteration:   5860, Loss function: 4.270, Average Loss: 4.226, avg. samples / sec: 1445.36
:::MLL 1586376515.678 epoch_stop: {"value": null, "metadata": {"epoch_num": 18, "file": "train.py", "lineno": 819}}
:::MLL 1586376515.678 epoch_start: {"value": null, "metadata": {"epoch_num": 19, "file": "train.py", "lineno": 673}}
Iteration:   5880, Loss function: 4.083, Average Loss: 4.222, avg. samples / sec: 1439.82
Iteration:   5900, Loss function: 4.021, Average Loss: 4.218, avg. samples / sec: 1445.98
Iteration:   5920, Loss function: 4.200, Average Loss: 4.216, avg. samples / sec: 1446.84
Iteration:   5940, Loss function: 4.130, Average Loss: 4.213, avg. samples / sec: 1443.16
Iteration:   5960, Loss function: 4.095, Average Loss: 4.212, avg. samples / sec: 1447.23
Iteration:   5980, Loss function: 3.891, Average Loss: 4.209, avg. samples / sec: 1443.91
Iteration:   6000, Loss function: 4.219, Average Loss: 4.205, avg. samples / sec: 1444.32
Iteration:   6020, Loss function: 4.546, Average Loss: 4.203, avg. samples / sec: 1444.06
Iteration:   6040, Loss function: 4.067, Average Loss: 4.201, avg. samples / sec: 1445.63
Iteration:   6060, Loss function: 4.482, Average Loss: 4.199, avg. samples / sec: 1439.91
Iteration:   6080, Loss function: 4.088, Average Loss: 4.196, avg. samples / sec: 1443.58
Iteration:   6100, Loss function: 4.206, Average Loss: 4.194, avg. samples / sec: 1447.04
Iteration:   6120, Loss function: 4.110, Average Loss: 4.191, avg. samples / sec: 1441.90
Iteration:   6140, Loss function: 4.109, Average Loss: 4.189, avg. samples / sec: 1445.33
Iteration:   6160, Loss function: 4.033, Average Loss: 4.188, avg. samples / sec: 1445.38
Iteration:   6180, Loss function: 4.038, Average Loss: 4.185, avg. samples / sec: 1446.83
:::MLL 1586376596.927 epoch_stop: {"value": null, "metadata": {"epoch_num": 19, "file": "train.py", "lineno": 819}}
:::MLL 1586376596.928 epoch_start: {"value": null, "metadata": {"epoch_num": 20, "file": "train.py", "lineno": 673}}
Iteration:   6200, Loss function: 4.184, Average Loss: 4.183, avg. samples / sec: 1439.01
Iteration:   6220, Loss function: 4.123, Average Loss: 4.181, avg. samples / sec: 1436.70
Iteration:   6240, Loss function: 4.135, Average Loss: 4.178, avg. samples / sec: 1442.65
Iteration:   6260, Loss function: 4.082, Average Loss: 4.174, avg. samples / sec: 1445.13
Iteration:   6280, Loss function: 3.896, Average Loss: 4.172, avg. samples / sec: 1443.69
Iteration:   6300, Loss function: 3.787, Average Loss: 4.170, avg. samples / sec: 1441.66
Iteration:   6320, Loss function: 4.135, Average Loss: 4.168, avg. samples / sec: 1441.23
Iteration:   6340, Loss function: 4.217, Average Loss: 4.166, avg. samples / sec: 1444.19
Iteration:   6360, Loss function: 4.020, Average Loss: 4.165, avg. samples / sec: 1445.51
Iteration:   6380, Loss function: 4.081, Average Loss: 4.162, avg. samples / sec: 1447.63
Iteration:   6400, Loss function: 4.282, Average Loss: 4.160, avg. samples / sec: 1439.96
Iteration:   6420, Loss function: 4.162, Average Loss: 4.158, avg. samples / sec: 1445.32
Iteration:   6440, Loss function: 4.273, Average Loss: 4.157, avg. samples / sec: 1444.15
Iteration:   6460, Loss function: 4.404, Average Loss: 4.156, avg. samples / sec: 1445.37
Iteration:   6480, Loss function: 3.970, Average Loss: 4.153, avg. samples / sec: 1446.95
Iteration:   6500, Loss function: 4.112, Average Loss: 4.150, avg. samples / sec: 1442.36
:::MLL 1586376677.992 epoch_stop: {"value": null, "metadata": {"epoch_num": 20, "file": "train.py", "lineno": 819}}
:::MLL 1586376677.993 epoch_start: {"value": null, "metadata": {"epoch_num": 21, "file": "train.py", "lineno": 673}}
Iteration:   6520, Loss function: 4.318, Average Loss: 4.149, avg. samples / sec: 1439.53
Iteration:   6540, Loss function: 4.109, Average Loss: 4.146, avg. samples / sec: 1438.22
Iteration:   6560, Loss function: 4.192, Average Loss: 4.143, avg. samples / sec: 1441.33
Iteration:   6580, Loss function: 3.915, Average Loss: 4.140, avg. samples / sec: 1443.71
Iteration:   6600, Loss function: 4.297, Average Loss: 4.137, avg. samples / sec: 1443.90
Iteration:   6620, Loss function: 4.025, Average Loss: 4.135, avg. samples / sec: 1440.98
Iteration:   6640, Loss function: 4.065, Average Loss: 4.134, avg. samples / sec: 1444.73
Iteration:   6660, Loss function: 3.930, Average Loss: 4.132, avg. samples / sec: 1447.39
Iteration:   6680, Loss function: 4.511, Average Loss: 4.129, avg. samples / sec: 1443.12
Iteration:   6700, Loss function: 4.276, Average Loss: 4.128, avg. samples / sec: 1438.24
Iteration:   6720, Loss function: 4.194, Average Loss: 4.126, avg. samples / sec: 1442.72
Iteration:   6740, Loss function: 3.828, Average Loss: 4.125, avg. samples / sec: 1445.68
Iteration:   6760, Loss function: 4.293, Average Loss: 4.123, avg. samples / sec: 1446.83
Iteration:   6780, Loss function: 4.060, Average Loss: 4.121, avg. samples / sec: 1440.56
Iteration:   6800, Loss function: 3.730, Average Loss: 4.118, avg. samples / sec: 1445.83
Iteration:   6820, Loss function: 4.061, Average Loss: 4.117, avg. samples / sec: 1441.99
Iteration:   6840, Loss function: 4.153, Average Loss: 4.117, avg. samples / sec: 1445.06
:::MLL 1586376759.340 epoch_stop: {"value": null, "metadata": {"epoch_num": 21, "file": "train.py", "lineno": 819}}
:::MLL 1586376759.341 epoch_start: {"value": null, "metadata": {"epoch_num": 22, "file": "train.py", "lineno": 673}}
Iteration:   6860, Loss function: 4.104, Average Loss: 4.114, avg. samples / sec: 1437.25
Iteration:   6880, Loss function: 4.151, Average Loss: 4.111, avg. samples / sec: 1442.03
Iteration:   6900, Loss function: 4.215, Average Loss: 4.108, avg. samples / sec: 1446.47
Iteration:   6920, Loss function: 4.022, Average Loss: 4.106, avg. samples / sec: 1445.28
Iteration:   6940, Loss function: 4.169, Average Loss: 4.103, avg. samples / sec: 1444.31
Iteration:   6960, Loss function: 4.293, Average Loss: 4.101, avg. samples / sec: 1444.60
Iteration:   6980, Loss function: 4.062, Average Loss: 4.098, avg. samples / sec: 1443.57
Iteration:   7000, Loss function: 4.223, Average Loss: 4.097, avg. samples / sec: 1449.02
Iteration:   7020, Loss function: 3.969, Average Loss: 4.095, avg. samples / sec: 1445.58
Iteration:   7040, Loss function: 4.242, Average Loss: 4.093, avg. samples / sec: 1446.07
Iteration:   7060, Loss function: 3.750, Average Loss: 4.092, avg. samples / sec: 1445.35
Iteration:   7080, Loss function: 4.122, Average Loss: 4.090, avg. samples / sec: 1442.63
Iteration:   7100, Loss function: 3.940, Average Loss: 4.087, avg. samples / sec: 1439.21
Iteration:   7120, Loss function: 4.031, Average Loss: 4.086, avg. samples / sec: 1446.93
Iteration:   7140, Loss function: 4.195, Average Loss: 4.085, avg. samples / sec: 1444.63
Iteration:   7160, Loss function: 4.162, Average Loss: 4.084, avg. samples / sec: 1441.23
:::MLL 1586376840.621 epoch_stop: {"value": null, "metadata": {"epoch_num": 22, "file": "train.py", "lineno": 819}}
:::MLL 1586376840.622 epoch_start: {"value": null, "metadata": {"epoch_num": 23, "file": "train.py", "lineno": 673}}
Iteration:   7180, Loss function: 3.962, Average Loss: 4.081, avg. samples / sec: 1431.99
Iteration:   7200, Loss function: 4.003, Average Loss: 4.078, avg. samples / sec: 1445.40
Iteration:   7220, Loss function: 3.738, Average Loss: 4.075, avg. samples / sec: 1440.38
Iteration:   7240, Loss function: 3.969, Average Loss: 4.072, avg. samples / sec: 1450.41
Iteration:   7260, Loss function: 4.017, Average Loss: 4.070, avg. samples / sec: 1443.29
Iteration:   7280, Loss function: 3.782, Average Loss: 4.067, avg. samples / sec: 1442.56
Iteration:   7300, Loss function: 3.982, Average Loss: 4.066, avg. samples / sec: 1444.70
Iteration:   7320, Loss function: 4.117, Average Loss: 4.065, avg. samples / sec: 1444.72
Iteration:   7340, Loss function: 3.648, Average Loss: 4.063, avg. samples / sec: 1444.25
Iteration:   7360, Loss function: 3.847, Average Loss: 4.061, avg. samples / sec: 1434.41
Iteration:   7380, Loss function: 4.007, Average Loss: 4.060, avg. samples / sec: 1446.39
Iteration:   7400, Loss function: 4.110, Average Loss: 4.058, avg. samples / sec: 1447.11
Iteration:   7420, Loss function: 4.197, Average Loss: 4.057, avg. samples / sec: 1447.28
Iteration:   7440, Loss function: 3.656, Average Loss: 4.054, avg. samples / sec: 1436.61
Iteration:   7460, Loss function: 4.044, Average Loss: 4.053, avg. samples / sec: 1447.43
Iteration:   7480, Loss function: 4.212, Average Loss: 4.051, avg. samples / sec: 1444.78
:::MLL 1586376921.675 epoch_stop: {"value": null, "metadata": {"epoch_num": 23, "file": "train.py", "lineno": 819}}
:::MLL 1586376921.675 epoch_start: {"value": null, "metadata": {"epoch_num": 24, "file": "train.py", "lineno": 673}}
Iteration:   7500, Loss function: 3.818, Average Loss: 4.050, avg. samples / sec: 1444.08
Iteration:   7520, Loss function: 4.050, Average Loss: 4.047, avg. samples / sec: 1443.67
Iteration:   7540, Loss function: 3.857, Average Loss: 4.045, avg. samples / sec: 1442.29
Iteration:   7560, Loss function: 3.848, Average Loss: 4.041, avg. samples / sec: 1445.57
Iteration:   7580, Loss function: 4.132, Average Loss: 4.040, avg. samples / sec: 1442.16
Iteration:   7600, Loss function: 4.208, Average Loss: 4.040, avg. samples / sec: 1444.93
Iteration:   7620, Loss function: 4.058, Average Loss: 4.037, avg. samples / sec: 1448.07
Iteration:   7640, Loss function: 4.060, Average Loss: 4.036, avg. samples / sec: 1444.72
Iteration:   7660, Loss function: 3.956, Average Loss: 4.034, avg. samples / sec: 1435.86
Iteration:   7680, Loss function: 4.166, Average Loss: 4.034, avg. samples / sec: 1444.82
Iteration:   7700, Loss function: 4.038, Average Loss: 4.032, avg. samples / sec: 1443.95
Iteration:   7720, Loss function: 4.064, Average Loss: 4.032, avg. samples / sec: 1436.99
Iteration:   7740, Loss function: 3.980, Average Loss: 4.031, avg. samples / sec: 1446.27
Iteration:   7760, Loss function: 4.109, Average Loss: 4.031, avg. samples / sec: 1433.56
Iteration:   7780, Loss function: 3.918, Average Loss: 4.030, avg. samples / sec: 1445.72
Iteration:   7800, Loss function: 3.850, Average Loss: 4.029, avg. samples / sec: 1440.63
:::MLL 1586377003.036 epoch_stop: {"value": null, "metadata": {"epoch_num": 24, "file": "train.py", "lineno": 819}}
:::MLL 1586377003.037 epoch_start: {"value": null, "metadata": {"epoch_num": 25, "file": "train.py", "lineno": 673}}
Iteration:   7820, Loss function: 4.072, Average Loss: 4.027, avg. samples / sec: 1437.96
Iteration:   7840, Loss function: 3.758, Average Loss: 4.023, avg. samples / sec: 1443.47
Iteration:   7860, Loss function: 3.885, Average Loss: 4.021, avg. samples / sec: 1445.37
Iteration:   7880, Loss function: 3.982, Average Loss: 4.019, avg. samples / sec: 1442.39
Iteration:   7900, Loss function: 3.607, Average Loss: 4.016, avg. samples / sec: 1443.79
Iteration:   7920, Loss function: 4.226, Average Loss: 4.015, avg. samples / sec: 1442.95
Iteration:   7940, Loss function: 3.873, Average Loss: 4.014, avg. samples / sec: 1442.68
Iteration:   7960, Loss function: 4.047, Average Loss: 4.012, avg. samples / sec: 1436.34
Iteration:   7980, Loss function: 3.878, Average Loss: 4.010, avg. samples / sec: 1441.30
Iteration:   8000, Loss function: 4.156, Average Loss: 4.009, avg. samples / sec: 1443.52
Iteration:   8020, Loss function: 4.048, Average Loss: 4.008, avg. samples / sec: 1434.10
Iteration:   8040, Loss function: 4.116, Average Loss: 4.006, avg. samples / sec: 1440.72
Iteration:   8060, Loss function: 3.856, Average Loss: 4.006, avg. samples / sec: 1445.70
Iteration:   8080, Loss function: 4.129, Average Loss: 4.006, avg. samples / sec: 1440.23
Iteration:   8100, Loss function: 4.103, Average Loss: 4.004, avg. samples / sec: 1441.66
Iteration:   8120, Loss function: 4.258, Average Loss: 4.002, avg. samples / sec: 1444.98
Iteration:   8140, Loss function: 3.752, Average Loss: 4.001, avg. samples / sec: 1444.30
:::MLL 1586377084.432 epoch_stop: {"value": null, "metadata": {"epoch_num": 25, "file": "train.py", "lineno": 819}}
:::MLL 1586377084.433 epoch_start: {"value": null, "metadata": {"epoch_num": 26, "file": "train.py", "lineno": 673}}
Iteration:   8160, Loss function: 3.589, Average Loss: 3.998, avg. samples / sec: 1442.88
Iteration:   8180, Loss function: 3.649, Average Loss: 3.997, avg. samples / sec: 1440.63
Iteration:   8200, Loss function: 3.689, Average Loss: 3.994, avg. samples / sec: 1441.96
Iteration:   8220, Loss function: 3.939, Average Loss: 3.994, avg. samples / sec: 1444.48
Iteration:   8240, Loss function: 3.872, Average Loss: 3.991, avg. samples / sec: 1446.78
Iteration:   8260, Loss function: 4.131, Average Loss: 3.991, avg. samples / sec: 1441.59
Iteration:   8280, Loss function: 3.833, Average Loss: 3.988, avg. samples / sec: 1442.15
Iteration:   8300, Loss function: 3.898, Average Loss: 3.987, avg. samples / sec: 1446.17
Iteration:   8320, Loss function: 3.802, Average Loss: 3.985, avg. samples / sec: 1443.19
Iteration:   8340, Loss function: 3.687, Average Loss: 3.982, avg. samples / sec: 1444.65
Iteration:   8360, Loss function: 4.021, Average Loss: 3.981, avg. samples / sec: 1446.53
Iteration:   8380, Loss function: 3.978, Average Loss: 3.980, avg. samples / sec: 1441.99
Iteration:   8400, Loss function: 4.103, Average Loss: 3.979, avg. samples / sec: 1447.12
Iteration:   8420, Loss function: 3.967, Average Loss: 3.978, avg. samples / sec: 1443.55
Iteration:   8440, Loss function: 4.043, Average Loss: 3.976, avg. samples / sec: 1443.44
Iteration:   8460, Loss function: 3.726, Average Loss: 3.975, avg. samples / sec: 1446.66
:::MLL 1586377165.713 epoch_stop: {"value": null, "metadata": {"epoch_num": 26, "file": "train.py", "lineno": 819}}
:::MLL 1586377165.713 epoch_start: {"value": null, "metadata": {"epoch_num": 27, "file": "train.py", "lineno": 673}}
Iteration:   8480, Loss function: 3.905, Average Loss: 3.972, avg. samples / sec: 1439.28
Iteration:   8500, Loss function: 3.838, Average Loss: 3.971, avg. samples / sec: 1443.37
Iteration:   8520, Loss function: 3.861, Average Loss: 3.968, avg. samples / sec: 1441.87
Iteration:   8540, Loss function: 3.639, Average Loss: 3.966, avg. samples / sec: 1440.80
Iteration:   8560, Loss function: 3.916, Average Loss: 3.963, avg. samples / sec: 1434.76
Iteration:   8580, Loss function: 3.708, Average Loss: 3.962, avg. samples / sec: 1442.17
Iteration:   8600, Loss function: 3.635, Average Loss: 3.960, avg. samples / sec: 1442.80
Iteration:   8620, Loss function: 4.196, Average Loss: 3.961, avg. samples / sec: 1439.89
Iteration:   8640, Loss function: 4.040, Average Loss: 3.959, avg. samples / sec: 1442.21
Iteration:   8660, Loss function: 3.825, Average Loss: 3.958, avg. samples / sec: 1439.95
Iteration:   8680, Loss function: 3.722, Average Loss: 3.956, avg. samples / sec: 1439.94
Iteration:   8700, Loss function: 3.725, Average Loss: 3.955, avg. samples / sec: 1442.01
Iteration:   8720, Loss function: 3.997, Average Loss: 3.955, avg. samples / sec: 1440.87
Iteration:   8740, Loss function: 4.132, Average Loss: 3.955, avg. samples / sec: 1442.81
Iteration:   8760, Loss function: 3.793, Average Loss: 3.954, avg. samples / sec: 1443.14
Iteration:   8780, Loss function: 3.905, Average Loss: 3.953, avg. samples / sec: 1438.76
:::MLL 1586377246.900 epoch_stop: {"value": null, "metadata": {"epoch_num": 27, "file": "train.py", "lineno": 819}}
:::MLL 1586377246.901 epoch_start: {"value": null, "metadata": {"epoch_num": 28, "file": "train.py", "lineno": 673}}
Iteration:   8800, Loss function: 3.980, Average Loss: 3.952, avg. samples / sec: 1442.53
Iteration:   8820, Loss function: 4.110, Average Loss: 3.951, avg. samples / sec: 1446.97
Iteration:   8840, Loss function: 3.646, Average Loss: 3.949, avg. samples / sec: 1432.63
Iteration:   8860, Loss function: 4.004, Average Loss: 3.947, avg. samples / sec: 1440.57
Iteration:   8880, Loss function: 3.896, Average Loss: 3.945, avg. samples / sec: 1442.52
Iteration:   8900, Loss function: 3.949, Average Loss: 3.943, avg. samples / sec: 1443.49
Iteration:   8920, Loss function: 3.913, Average Loss: 3.941, avg. samples / sec: 1441.47
Iteration:   8940, Loss function: 3.688, Average Loss: 3.938, avg. samples / sec: 1442.14
Iteration:   8960, Loss function: 3.724, Average Loss: 3.936, avg. samples / sec: 1444.46
Iteration:   8980, Loss function: 4.004, Average Loss: 3.936, avg. samples / sec: 1445.67
Iteration:   9000, Loss function: 3.946, Average Loss: 3.935, avg. samples / sec: 1442.40
Iteration:   9020, Loss function: 3.774, Average Loss: 3.934, avg. samples / sec: 1446.02
Iteration:   9040, Loss function: 4.074, Average Loss: 3.933, avg. samples / sec: 1442.78
Iteration:   9060, Loss function: 3.722, Average Loss: 3.933, avg. samples / sec: 1446.32
Iteration:   9080, Loss function: 3.934, Average Loss: 3.933, avg. samples / sec: 1442.13
Iteration:   9100, Loss function: 3.755, Average Loss: 3.933, avg. samples / sec: 1440.57
Iteration:   9120, Loss function: 3.508, Average Loss: 3.932, avg. samples / sec: 1443.54
:::MLL 1586377328.252 epoch_stop: {"value": null, "metadata": {"epoch_num": 28, "file": "train.py", "lineno": 819}}
:::MLL 1586377328.253 epoch_start: {"value": null, "metadata": {"epoch_num": 29, "file": "train.py", "lineno": 673}}
Iteration:   9140, Loss function: 3.568, Average Loss: 3.929, avg. samples / sec: 1442.20
Iteration:   9160, Loss function: 4.159, Average Loss: 3.928, avg. samples / sec: 1445.36
Iteration:   9180, Loss function: 3.952, Average Loss: 3.925, avg. samples / sec: 1445.89
Iteration:   9200, Loss function: 3.870, Average Loss: 3.924, avg. samples / sec: 1443.91
Iteration:   9220, Loss function: 3.755, Average Loss: 3.924, avg. samples / sec: 1440.18
Iteration:   9240, Loss function: 3.823, Average Loss: 3.921, avg. samples / sec: 1442.04
Iteration:   9260, Loss function: 3.893, Average Loss: 3.919, avg. samples / sec: 1445.79
Iteration:   9280, Loss function: 3.679, Average Loss: 3.917, avg. samples / sec: 1434.45
Iteration:   9300, Loss function: 4.044, Average Loss: 3.916, avg. samples / sec: 1438.83
Iteration:   9320, Loss function: 3.629, Average Loss: 3.914, avg. samples / sec: 1447.18
Iteration:   9340, Loss function: 3.775, Average Loss: 3.913, avg. samples / sec: 1447.84
Iteration:   9360, Loss function: 3.863, Average Loss: 3.912, avg. samples / sec: 1447.39
Iteration:   9380, Loss function: 3.645, Average Loss: 3.911, avg. samples / sec: 1443.67
Iteration:   9400, Loss function: 3.710, Average Loss: 3.911, avg. samples / sec: 1441.27
Iteration:   9420, Loss function: 3.810, Average Loss: 3.910, avg. samples / sec: 1439.35
Iteration:   9440, Loss function: 3.961, Average Loss: 3.909, avg. samples / sec: 1445.88
:::MLL 1586377409.585 epoch_stop: {"value": null, "metadata": {"epoch_num": 29, "file": "train.py", "lineno": 819}}
:::MLL 1586377409.586 epoch_start: {"value": null, "metadata": {"epoch_num": 30, "file": "train.py", "lineno": 673}}
Iteration:   9460, Loss function: 4.082, Average Loss: 3.908, avg. samples / sec: 1434.13
Iteration:   9480, Loss function: 4.059, Average Loss: 3.906, avg. samples / sec: 1441.57
Iteration:   9500, Loss function: 3.868, Average Loss: 3.904, avg. samples / sec: 1443.45
Iteration:   9520, Loss function: 3.580, Average Loss: 3.904, avg. samples / sec: 1443.96
Iteration:   9540, Loss function: 3.851, Average Loss: 3.903, avg. samples / sec: 1442.72
Iteration:   9560, Loss function: 3.717, Average Loss: 3.903, avg. samples / sec: 1442.95
Iteration:   9580, Loss function: 3.841, Average Loss: 3.901, avg. samples / sec: 1440.43
Iteration:   9600, Loss function: 4.007, Average Loss: 3.901, avg. samples / sec: 1441.12
Iteration:   9620, Loss function: 3.881, Average Loss: 3.899, avg. samples / sec: 1443.21
Iteration:   9640, Loss function: 3.712, Average Loss: 3.897, avg. samples / sec: 1439.80
Iteration:   9660, Loss function: 3.934, Average Loss: 3.896, avg. samples / sec: 1445.22
Iteration:   9680, Loss function: 3.771, Average Loss: 3.896, avg. samples / sec: 1443.95
Iteration:   9700, Loss function: 3.716, Average Loss: 3.896, avg. samples / sec: 1444.78
Iteration:   9720, Loss function: 3.869, Average Loss: 3.895, avg. samples / sec: 1439.87
Iteration:   9740, Loss function: 3.982, Average Loss: 3.894, avg. samples / sec: 1446.99
Iteration:   9760, Loss function: 4.010, Average Loss: 3.893, avg. samples / sec: 1441.91
:::MLL 1586377490.949 epoch_stop: {"value": null, "metadata": {"epoch_num": 30, "file": "train.py", "lineno": 819}}
:::MLL 1586377490.950 epoch_start: {"value": null, "metadata": {"epoch_num": 31, "file": "train.py", "lineno": 673}}
Iteration:   9780, Loss function: 3.730, Average Loss: 3.891, avg. samples / sec: 1435.52
Iteration:   9800, Loss function: 3.732, Average Loss: 3.890, avg. samples / sec: 1428.43
Iteration:   9820, Loss function: 4.019, Average Loss: 3.889, avg. samples / sec: 1437.66
Iteration:   9840, Loss function: 4.158, Average Loss: 3.888, avg. samples / sec: 1443.65
Iteration:   9860, Loss function: 4.093, Average Loss: 3.887, avg. samples / sec: 1440.55
Iteration:   9880, Loss function: 3.608, Average Loss: 3.885, avg. samples / sec: 1438.04
Iteration:   9900, Loss function: 3.625, Average Loss: 3.884, avg. samples / sec: 1443.17
Iteration:   9920, Loss function: 3.721, Average Loss: 3.884, avg. samples / sec: 1442.49
Iteration:   9940, Loss function: 3.898, Average Loss: 3.883, avg. samples / sec: 1438.32
Iteration:   9960, Loss function: 3.900, Average Loss: 3.884, avg. samples / sec: 1431.93
Iteration:   9980, Loss function: 3.645, Average Loss: 3.882, avg. samples / sec: 1441.80
Iteration:  10000, Loss function: 3.779, Average Loss: 3.882, avg. samples / sec: 1442.10
Iteration:  10020, Loss function: 3.898, Average Loss: 3.881, avg. samples / sec: 1440.01
Iteration:  10040, Loss function: 3.874, Average Loss: 3.880, avg. samples / sec: 1442.98
Iteration:  10060, Loss function: 3.537, Average Loss: 3.877, avg. samples / sec: 1436.22
Iteration:  10080, Loss function: 3.913, Average Loss: 3.876, avg. samples / sec: 1442.01
:::MLL 1586377572.249 epoch_stop: {"value": null, "metadata": {"epoch_num": 31, "file": "train.py", "lineno": 819}}
:::MLL 1586377572.249 epoch_start: {"value": null, "metadata": {"epoch_num": 32, "file": "train.py", "lineno": 673}}
Iteration:  10100, Loss function: 3.783, Average Loss: 3.875, avg. samples / sec: 1439.97
Iteration:  10120, Loss function: 3.652, Average Loss: 3.873, avg. samples / sec: 1440.49
Iteration:  10140, Loss function: 3.885, Average Loss: 3.873, avg. samples / sec: 1446.51
Iteration:  10160, Loss function: 3.556, Average Loss: 3.871, avg. samples / sec: 1443.82
Iteration:  10180, Loss function: 3.722, Average Loss: 3.869, avg. samples / sec: 1444.27
Iteration:  10200, Loss function: 3.857, Average Loss: 3.869, avg. samples / sec: 1441.83
Iteration:  10220, Loss function: 3.634, Average Loss: 3.868, avg. samples / sec: 1442.67
Iteration:  10240, Loss function: 3.840, Average Loss: 3.867, avg. samples / sec: 1443.36
Iteration:  10260, Loss function: 3.605, Average Loss: 3.865, avg. samples / sec: 1438.90
Iteration:  10280, Loss function: 3.928, Average Loss: 3.864, avg. samples / sec: 1435.82
Iteration:  10300, Loss function: 3.815, Average Loss: 3.863, avg. samples / sec: 1444.46
Iteration:  10320, Loss function: 3.810, Average Loss: 3.860, avg. samples / sec: 1444.07
Iteration:  10340, Loss function: 3.687, Average Loss: 3.859, avg. samples / sec: 1442.53
Iteration:  10360, Loss function: 3.868, Average Loss: 3.858, avg. samples / sec: 1441.98
Iteration:  10380, Loss function: 3.783, Average Loss: 3.857, avg. samples / sec: 1443.79
Iteration:  10400, Loss function: 3.731, Average Loss: 3.857, avg. samples / sec: 1443.99
Iteration:  10420, Loss function: 3.849, Average Loss: 3.857, avg. samples / sec: 1446.08
:::MLL 1586377653.604 epoch_stop: {"value": null, "metadata": {"epoch_num": 32, "file": "train.py", "lineno": 819}}
:::MLL 1586377653.605 epoch_start: {"value": null, "metadata": {"epoch_num": 33, "file": "train.py", "lineno": 673}}
Iteration:  10440, Loss function: 3.908, Average Loss: 3.856, avg. samples / sec: 1440.90
Iteration:  10460, Loss function: 3.667, Average Loss: 3.855, avg. samples / sec: 1442.72
Iteration:  10480, Loss function: 4.036, Average Loss: 3.853, avg. samples / sec: 1443.32
Iteration:  10500, Loss function: 3.469, Average Loss: 3.853, avg. samples / sec: 1442.94
Iteration:  10520, Loss function: 3.859, Average Loss: 3.851, avg. samples / sec: 1436.32
Iteration:  10540, Loss function: 3.674, Average Loss: 3.849, avg. samples / sec: 1441.98
Iteration:  10560, Loss function: 3.573, Average Loss: 3.847, avg. samples / sec: 1440.54
Iteration:  10580, Loss function: 3.946, Average Loss: 3.846, avg. samples / sec: 1445.73
Iteration:  10600, Loss function: 3.696, Average Loss: 3.846, avg. samples / sec: 1444.04
Iteration:  10620, Loss function: 3.748, Average Loss: 3.845, avg. samples / sec: 1441.38
Iteration:  10640, Loss function: 3.918, Average Loss: 3.846, avg. samples / sec: 1442.95
Iteration:  10660, Loss function: 3.760, Average Loss: 3.845, avg. samples / sec: 1441.90
:::MLL 1586377714.261 eval_start: {"value": null, "metadata": {"epoch_num": 33, "file": "train.py", "lineno": 276}}
Parsing batch: 0/11Parsing batch: 0/11Parsing batch: 0/11Parsing batch: 1/11Parsing batch: 1/11Parsing batch: 1/11Parsing batch: 2/11Parsing batch: 2/11Parsing batch: 2/11Parsing batch: 3/11Parsing batch: 3/11Parsing batch: 3/11Parsing batch: 4/11Parsing batch: 4/11Parsing batch: 4/11Parsing batch: 5/11Parsing batch: 5/11Parsing batch: 5/11Parsing batch: 6/11Parsing batch: 6/11Parsing batch: 6/11Parsing batch: 7/11Parsing batch: 7/11Parsing batch: 7/11Parsing batch: 8/11Parsing batch: 8/11Parsing batch: 8/11Parsing batch: 9/11Parsing batch: 9/11Parsing batch: 9/11Parsing batch: 10/11Parsing batch: 10/11Parsing batch: 10/11Predicting Ended, total time: 14.38 s
Loading and preparing results...
Loading and preparing results...
Loading and preparing results...
DONE (t=0.49s)
Running per image evaluation...
Evaluate annotation type *bbox*
DONE (t=0.80s)
DONE (t=0.88s)
DONE (t=2.49s).
Accumulating evaluation results...
DONE (t=0.00s).
 Average Precision  (AP) @[ IoU=0.50:0.95 | area=   all | maxDets=100 ] = 0.18303
 Average Precision  (AP) @[ IoU=0.50      | area=   all | maxDets=100 ] = 0.33290
 Average Precision  (AP) @[ IoU=0.75      | area=   all | maxDets=100 ] = 0.18004
 Average Precision  (AP) @[ IoU=0.50:0.95 | area= small | maxDets=100 ] = 0.04775
 Average Precision  (AP) @[ IoU=0.50:0.95 | area=medium | maxDets=100 ] = 0.18935
 Average Precision  (AP) @[ IoU=0.50:0.95 | area= large | maxDets=100 ] = 0.30107
 Average Recall     (AR) @[ IoU=0.50:0.95 | area=   all | maxDets=  1 ] = 0.18978
 Average Recall     (AR) @[ IoU=0.50:0.95 | area=   all | maxDets= 10 ] = 0.27604
 Average Recall     (AR) @[ IoU=0.50:0.95 | area=   all | maxDets=100 ] = 0.29161
 Average Recall     (AR) @[ IoU=0.50:0.95 | area= small | maxDets=100 ] = 0.08492
 Average Recall     (AR) @[ IoU=0.50:0.95 | area=medium | maxDets=100 ] = 0.30581
 Average Recall     (AR) @[ IoU=0.50:0.95 | area= large | maxDets=100 ] = 0.45606
Current AP: 0.18303 AP goal: 0.23000
:::MLL 1586377731.726 eval_accuracy: {"value": 0.18302992513849636, "metadata": {"epoch_num": 33, "file": "train.py", "lineno": 389}}
:::MLL 1586377732.774 eval_stop: {"value": null, "metadata": {"epoch_num": 33, "file": "train.py", "lineno": 392}}
:::MLL 1586377732.786 block_stop: {"value": null, "metadata": {"first_epoch_num": 1, "file": "train.py", "lineno": 804}}
:::MLL 1586377732.787 block_start: {"value": null, "metadata": {"first_epoch_num": 33, "epoch_count": 10.915354834308324, "file": "train.py", "lineno": 813}}
Iteration:  10680, Loss function: 3.970, Average Loss: 3.846, avg. samples / sec: 306.03
Iteration:  10700, Loss function: 3.721, Average Loss: 3.845, avg. samples / sec: 1442.93
Iteration:  10720, Loss function: 3.960, Average Loss: 3.844, avg. samples / sec: 1442.37
Iteration:  10740, Loss function: 3.810, Average Loss: 3.843, avg. samples / sec: 1443.01
:::MLL 1586377753.518 epoch_stop: {"value": null, "metadata": {"epoch_num": 33, "file": "train.py", "lineno": 819}}
:::MLL 1586377753.519 epoch_start: {"value": null, "metadata": {"epoch_num": 34, "file": "train.py", "lineno": 673}}
Iteration:  10760, Loss function: 3.856, Average Loss: 3.843, avg. samples / sec: 1438.41
Iteration:  10780, Loss function: 3.746, Average Loss: 3.843, avg. samples / sec: 1445.81
Iteration:  10800, Loss function: 3.781, Average Loss: 3.841, avg. samples / sec: 1443.57
Iteration:  10820, Loss function: 3.651, Average Loss: 3.839, avg. samples / sec: 1443.91
Iteration:  10840, Loss function: 3.833, Average Loss: 3.839, avg. samples / sec: 1439.72
Iteration:  10860, Loss function: 3.785, Average Loss: 3.838, avg. samples / sec: 1438.44
Iteration:  10880, Loss function: 3.827, Average Loss: 3.837, avg. samples / sec: 1444.46
Iteration:  10900, Loss function: 3.774, Average Loss: 3.836, avg. samples / sec: 1437.72
Iteration:  10920, Loss function: 3.714, Average Loss: 3.836, avg. samples / sec: 1444.47
Iteration:  10940, Loss function: 3.803, Average Loss: 3.835, avg. samples / sec: 1442.05
Iteration:  10960, Loss function: 3.878, Average Loss: 3.835, avg. samples / sec: 1441.13
Iteration:  10980, Loss function: 3.764, Average Loss: 3.835, avg. samples / sec: 1443.72
Iteration:  11000, Loss function: 3.975, Average Loss: 3.834, avg. samples / sec: 1440.27
Iteration:  11020, Loss function: 3.859, Average Loss: 3.832, avg. samples / sec: 1445.71
Iteration:  11040, Loss function: 3.928, Average Loss: 3.831, avg. samples / sec: 1441.77
Iteration:  11060, Loss function: 3.847, Average Loss: 3.829, avg. samples / sec: 1441.95
:::MLL 1586377834.901 epoch_stop: {"value": null, "metadata": {"epoch_num": 34, "file": "train.py", "lineno": 819}}
:::MLL 1586377834.902 epoch_start: {"value": null, "metadata": {"epoch_num": 35, "file": "train.py", "lineno": 673}}
Iteration:  11080, Loss function: 3.834, Average Loss: 3.829, avg. samples / sec: 1439.28
Iteration:  11100, Loss function: 3.640, Average Loss: 3.826, avg. samples / sec: 1441.03
Iteration:  11120, Loss function: 3.545, Average Loss: 3.826, avg. samples / sec: 1436.38
Iteration:  11140, Loss function: 3.564, Average Loss: 3.825, avg. samples / sec: 1443.34
Iteration:  11160, Loss function: 4.015, Average Loss: 3.824, avg. samples / sec: 1447.10
Iteration:  11180, Loss function: 3.819, Average Loss: 3.823, avg. samples / sec: 1435.16
Iteration:  11200, Loss function: 4.169, Average Loss: 3.822, avg. samples / sec: 1445.67
Iteration:  11220, Loss function: 3.697, Average Loss: 3.821, avg. samples / sec: 1442.97
Iteration:  11240, Loss function: 3.818, Average Loss: 3.821, avg. samples / sec: 1437.80
Iteration:  11260, Loss function: 3.918, Average Loss: 3.821, avg. samples / sec: 1444.75
Iteration:  11280, Loss function: 3.783, Average Loss: 3.821, avg. samples / sec: 1434.14
Iteration:  11300, Loss function: 3.719, Average Loss: 3.819, avg. samples / sec: 1439.99
Iteration:  11320, Loss function: 3.524, Average Loss: 3.819, avg. samples / sec: 1437.60
Iteration:  11340, Loss function: 3.645, Average Loss: 3.820, avg. samples / sec: 1441.13
Iteration:  11360, Loss function: 3.899, Average Loss: 3.818, avg. samples / sec: 1438.27
Iteration:  11380, Loss function: 3.799, Average Loss: 3.818, avg. samples / sec: 1441.03
Iteration:  11400, Loss function: 3.841, Average Loss: 3.817, avg. samples / sec: 1441.78
:::MLL 1586377916.134 epoch_stop: {"value": null, "metadata": {"epoch_num": 35, "file": "train.py", "lineno": 819}}
:::MLL 1586377916.135 epoch_start: {"value": null, "metadata": {"epoch_num": 36, "file": "train.py", "lineno": 673}}
Iteration:  11420, Loss function: 3.781, Average Loss: 3.816, avg. samples / sec: 1434.69
Iteration:  11440, Loss function: 3.834, Average Loss: 3.813, avg. samples / sec: 1433.20
Iteration:  11460, Loss function: 3.783, Average Loss: 3.811, avg. samples / sec: 1439.15
Iteration:  11480, Loss function: 3.724, Average Loss: 3.811, avg. samples / sec: 1444.08
Iteration:  11500, Loss function: 3.549, Average Loss: 3.809, avg. samples / sec: 1444.33
Iteration:  11520, Loss function: 3.585, Average Loss: 3.809, avg. samples / sec: 1445.14
Iteration:  11540, Loss function: 4.028, Average Loss: 3.809, avg. samples / sec: 1438.57
Iteration:  11560, Loss function: 3.630, Average Loss: 3.808, avg. samples / sec: 1442.05
Iteration:  11580, Loss function: 3.708, Average Loss: 3.806, avg. samples / sec: 1441.63
Iteration:  11600, Loss function: 3.935, Average Loss: 3.806, avg. samples / sec: 1442.38
Iteration:  11620, Loss function: 3.691, Average Loss: 3.806, avg. samples / sec: 1439.34
Iteration:  11640, Loss function: 3.633, Average Loss: 3.805, avg. samples / sec: 1440.50
Iteration:  11660, Loss function: 3.634, Average Loss: 3.804, avg. samples / sec: 1445.05
Iteration:  11680, Loss function: 3.753, Average Loss: 3.805, avg. samples / sec: 1443.89
Iteration:  11700, Loss function: 3.599, Average Loss: 3.805, avg. samples / sec: 1446.46
Iteration:  11720, Loss function: 3.875, Average Loss: 3.803, avg. samples / sec: 1445.29
:::MLL 1586377997.541 epoch_stop: {"value": null, "metadata": {"epoch_num": 36, "file": "train.py", "lineno": 819}}
:::MLL 1586377997.541 epoch_start: {"value": null, "metadata": {"epoch_num": 37, "file": "train.py", "lineno": 673}}
Iteration:  11740, Loss function: 3.784, Average Loss: 3.802, avg. samples / sec: 1435.39
Iteration:  11760, Loss function: 3.513, Average Loss: 3.801, avg. samples / sec: 1444.97
Iteration:  11780, Loss function: 3.565, Average Loss: 3.799, avg. samples / sec: 1441.92
Iteration:  11800, Loss function: 3.553, Average Loss: 3.797, avg. samples / sec: 1443.15
Iteration:  11820, Loss function: 3.660, Average Loss: 3.795, avg. samples / sec: 1442.97
Iteration:  11840, Loss function: 3.753, Average Loss: 3.794, avg. samples / sec: 1442.95
Iteration:  11860, Loss function: 3.766, Average Loss: 3.793, avg. samples / sec: 1443.74
Iteration:  11880, Loss function: 3.734, Average Loss: 3.792, avg. samples / sec: 1438.62
Iteration:  11900, Loss function: 3.766, Average Loss: 3.791, avg. samples / sec: 1444.78
Iteration:  11920, Loss function: 3.540, Average Loss: 3.791, avg. samples / sec: 1436.44
Iteration:  11940, Loss function: 3.501, Average Loss: 3.790, avg. samples / sec: 1443.87
Iteration:  11960, Loss function: 3.688, Average Loss: 3.790, avg. samples / sec: 1440.54
Iteration:  11980, Loss function: 3.777, Average Loss: 3.790, avg. samples / sec: 1444.92
Iteration:  12000, Loss function: 3.972, Average Loss: 3.790, avg. samples / sec: 1435.56
Iteration:  12020, Loss function: 3.577, Average Loss: 3.790, avg. samples / sec: 1444.73
Iteration:  12040, Loss function: 3.792, Average Loss: 3.790, avg. samples / sec: 1445.84
:::MLL 1586378078.941 epoch_stop: {"value": null, "metadata": {"epoch_num": 37, "file": "train.py", "lineno": 819}}
:::MLL 1586378078.941 epoch_start: {"value": null, "metadata": {"epoch_num": 38, "file": "train.py", "lineno": 673}}
Iteration:  12060, Loss function: 3.653, Average Loss: 3.789, avg. samples / sec: 1437.36
Iteration:  12080, Loss function: 3.538, Average Loss: 3.789, avg. samples / sec: 1443.77
Iteration:  12100, Loss function: 3.631, Average Loss: 3.787, avg. samples / sec: 1440.88
Iteration:  12120, Loss function: 3.617, Average Loss: 3.786, avg. samples / sec: 1441.38
Iteration:  12140, Loss function: 3.631, Average Loss: 3.785, avg. samples / sec: 1439.05
Iteration:  12160, Loss function: 3.934, Average Loss: 3.784, avg. samples / sec: 1441.19
Iteration:  12180, Loss function: 3.609, Average Loss: 3.783, avg. samples / sec: 1437.96
Iteration:  12200, Loss function: 3.841, Average Loss: 3.783, avg. samples / sec: 1437.98
Iteration:  12220, Loss function: 3.906, Average Loss: 3.782, avg. samples / sec: 1438.41
Iteration:  12240, Loss function: 3.708, Average Loss: 3.781, avg. samples / sec: 1438.47
Iteration:  12260, Loss function: 3.466, Average Loss: 3.780, avg. samples / sec: 1440.51
Iteration:  12280, Loss function: 3.893, Average Loss: 3.780, avg. samples / sec: 1438.75
Iteration:  12300, Loss function: 3.561, Average Loss: 3.780, avg. samples / sec: 1436.48
Iteration:  12320, Loss function: 3.810, Average Loss: 3.779, avg. samples / sec: 1439.53
Iteration:  12340, Loss function: 3.849, Average Loss: 3.778, avg. samples / sec: 1437.96
Iteration:  12360, Loss function: 3.525, Average Loss: 3.777, avg. samples / sec: 1438.94
:::MLL 1586378160.469 epoch_stop: {"value": null, "metadata": {"epoch_num": 38, "file": "train.py", "lineno": 819}}
:::MLL 1586378160.470 epoch_start: {"value": null, "metadata": {"epoch_num": 39, "file": "train.py", "lineno": 673}}
Iteration:  12380, Loss function: 3.565, Average Loss: 3.777, avg. samples / sec: 1439.85
Iteration:  12400, Loss function: 3.742, Average Loss: 3.775, avg. samples / sec: 1427.34
Iteration:  12420, Loss function: 3.405, Average Loss: 3.774, avg. samples / sec: 1438.79
Iteration:  12440, Loss function: 3.432, Average Loss: 3.773, avg. samples / sec: 1439.22
Iteration:  12460, Loss function: 3.806, Average Loss: 3.772, avg. samples / sec: 1444.89
Iteration:  12480, Loss function: 3.402, Average Loss: 3.770, avg. samples / sec: 1441.56
Iteration:  12500, Loss function: 3.746, Average Loss: 3.770, avg. samples / sec: 1441.47
Iteration:  12520, Loss function: 3.596, Average Loss: 3.768, avg. samples / sec: 1442.48
Iteration:  12540, Loss function: 3.446, Average Loss: 3.766, avg. samples / sec: 1439.07
Iteration:  12560, Loss function: 3.743, Average Loss: 3.765, avg. samples / sec: 1441.71
Iteration:  12580, Loss function: 3.621, Average Loss: 3.764, avg. samples / sec: 1437.87
Iteration:  12600, Loss function: 3.481, Average Loss: 3.763, avg. samples / sec: 1441.90
Iteration:  12620, Loss function: 3.587, Average Loss: 3.761, avg. samples / sec: 1439.72
Iteration:  12640, Loss function: 3.569, Average Loss: 3.761, avg. samples / sec: 1439.62
Iteration:  12660, Loss function: 3.801, Average Loss: 3.760, avg. samples / sec: 1443.15
Iteration:  12680, Loss function: 3.579, Average Loss: 3.759, avg. samples / sec: 1443.56
Iteration:  12700, Loss function: 3.511, Average Loss: 3.760, avg. samples / sec: 1439.14
:::MLL 1586378241.728 epoch_stop: {"value": null, "metadata": {"epoch_num": 39, "file": "train.py", "lineno": 819}}
:::MLL 1586378241.728 epoch_start: {"value": null, "metadata": {"epoch_num": 40, "file": "train.py", "lineno": 673}}
Iteration:  12720, Loss function: 3.919, Average Loss: 3.761, avg. samples / sec: 1441.26
Iteration:  12740, Loss function: 3.472, Average Loss: 3.760, avg. samples / sec: 1441.50
Iteration:  12760, Loss function: 3.499, Average Loss: 3.758, avg. samples / sec: 1444.73
Iteration:  12780, Loss function: 3.766, Average Loss: 3.756, avg. samples / sec: 1441.17
Iteration:  12800, Loss function: 3.651, Average Loss: 3.754, avg. samples / sec: 1441.19
Iteration:  12820, Loss function: 3.708, Average Loss: 3.754, avg. samples / sec: 1443.86
Iteration:  12840, Loss function: 3.681, Average Loss: 3.752, avg. samples / sec: 1444.40
Iteration:  12860, Loss function: 3.781, Average Loss: 3.751, avg. samples / sec: 1434.02
Iteration:  12880, Loss function: 3.638, Average Loss: 3.750, avg. samples / sec: 1438.10
Iteration:  12900, Loss function: 3.803, Average Loss: 3.751, avg. samples / sec: 1437.02
Iteration:  12920, Loss function: 3.756, Average Loss: 3.750, avg. samples / sec: 1436.75
Iteration:  12940, Loss function: 3.761, Average Loss: 3.750, avg. samples / sec: 1435.32
Iteration:  12960, Loss function: 3.760, Average Loss: 3.749, avg. samples / sec: 1439.15
Iteration:  12980, Loss function: 3.672, Average Loss: 3.749, avg. samples / sec: 1435.30
Iteration:  13000, Loss function: 3.614, Average Loss: 3.748, avg. samples / sec: 1440.62
Iteration:  13020, Loss function: 3.833, Average Loss: 3.748, avg. samples / sec: 1439.64
:::MLL 1586378323.248 epoch_stop: {"value": null, "metadata": {"epoch_num": 40, "file": "train.py", "lineno": 819}}
:::MLL 1586378323.249 epoch_start: {"value": null, "metadata": {"epoch_num": 41, "file": "train.py", "lineno": 673}}
Iteration:  13040, Loss function: 3.820, Average Loss: 3.747, avg. samples / sec: 1435.09
Iteration:  13060, Loss function: 3.549, Average Loss: 3.745, avg. samples / sec: 1433.99
Iteration:  13080, Loss function: 3.681, Average Loss: 3.744, avg. samples / sec: 1437.69
Iteration:  13100, Loss function: 3.640, Average Loss: 3.743, avg. samples / sec: 1438.70
Iteration:  13120, Loss function: 3.817, Average Loss: 3.741, avg. samples / sec: 1431.72
Iteration:  13140, Loss function: 3.624, Average Loss: 3.740, avg. samples / sec: 1439.27
Iteration:  13160, Loss function: 3.856, Average Loss: 3.740, avg. samples / sec: 1439.37
Iteration:  13180, Loss function: 3.740, Average Loss: 3.739, avg. samples / sec: 1438.30
Iteration:  13200, Loss function: 3.619, Average Loss: 3.738, avg. samples / sec: 1436.33
Iteration:  13220, Loss function: 3.447, Average Loss: 3.738, avg. samples / sec: 1440.92
Iteration:  13240, Loss function: 3.505, Average Loss: 3.737, avg. samples / sec: 1439.35
Iteration:  13260, Loss function: 3.777, Average Loss: 3.738, avg. samples / sec: 1439.84
Iteration:  13280, Loss function: 3.823, Average Loss: 3.737, avg. samples / sec: 1438.02
Iteration:  13300, Loss function: 3.852, Average Loss: 3.737, avg. samples / sec: 1437.44
Iteration:  13320, Loss function: 3.594, Average Loss: 3.736, avg. samples / sec: 1441.61
Iteration:  13340, Loss function: 3.613, Average Loss: 3.736, avg. samples / sec: 1436.63
:::MLL 1586378404.895 epoch_stop: {"value": null, "metadata": {"epoch_num": 41, "file": "train.py", "lineno": 819}}
:::MLL 1586378404.896 epoch_start: {"value": null, "metadata": {"epoch_num": 42, "file": "train.py", "lineno": 673}}
Iteration:  13360, Loss function: 3.478, Average Loss: 3.736, avg. samples / sec: 1427.00
Iteration:  13380, Loss function: 3.682, Average Loss: 3.735, avg. samples / sec: 1439.72
Iteration:  13400, Loss function: 4.027, Average Loss: 3.735, avg. samples / sec: 1436.06
Iteration:  13420, Loss function: 3.708, Average Loss: 3.734, avg. samples / sec: 1438.16
Iteration:  13440, Loss function: 3.575, Average Loss: 3.733, avg. samples / sec: 1441.78
Iteration:  13460, Loss function: 3.663, Average Loss: 3.732, avg. samples / sec: 1441.83
Iteration:  13480, Loss function: 3.786, Average Loss: 3.731, avg. samples / sec: 1433.78
Iteration:  13500, Loss function: 3.507, Average Loss: 3.730, avg. samples / sec: 1441.71
Iteration:  13520, Loss function: 3.807, Average Loss: 3.729, avg. samples / sec: 1440.54
Iteration:  13540, Loss function: 3.990, Average Loss: 3.729, avg. samples / sec: 1442.26
Iteration:  13560, Loss function: 3.650, Average Loss: 3.728, avg. samples / sec: 1440.77
Iteration:  13580, Loss function: 3.698, Average Loss: 3.727, avg. samples / sec: 1437.31
Iteration:  13600, Loss function: 3.870, Average Loss: 3.725, avg. samples / sec: 1434.56
Iteration:  13620, Loss function: 3.471, Average Loss: 3.726, avg. samples / sec: 1442.75
Iteration:  13640, Loss function: 3.347, Average Loss: 3.726, avg. samples / sec: 1440.69
Iteration:  13660, Loss function: 3.522, Average Loss: 3.726, avg. samples / sec: 1440.35
Iteration:  13680, Loss function: 3.454, Average Loss: 3.726, avg. samples / sec: 1441.23
:::MLL 1586378486.448 epoch_stop: {"value": null, "metadata": {"epoch_num": 42, "file": "train.py", "lineno": 819}}
:::MLL 1586378486.449 epoch_start: {"value": null, "metadata": {"epoch_num": 43, "file": "train.py", "lineno": 673}}
Iteration:  13700, Loss function: 3.886, Average Loss: 3.725, avg. samples / sec: 1432.83
Iteration:  13720, Loss function: 3.756, Average Loss: 3.724, avg. samples / sec: 1441.03
Iteration:  13740, Loss function: 3.599, Average Loss: 3.723, avg. samples / sec: 1439.29
Iteration:  13760, Loss function: 3.769, Average Loss: 3.722, avg. samples / sec: 1442.35
Iteration:  13780, Loss function: 3.642, Average Loss: 3.721, avg. samples / sec: 1440.54
Iteration:  13800, Loss function: 3.409, Average Loss: 3.719, avg. samples / sec: 1439.54
Iteration:  13820, Loss function: 3.649, Average Loss: 3.717, avg. samples / sec: 1437.28
Iteration:  13840, Loss function: 3.428, Average Loss: 3.716, avg. samples / sec: 1434.10
Iteration:  13860, Loss function: 3.758, Average Loss: 3.716, avg. samples / sec: 1431.06
Iteration:  13880, Loss function: 3.723, Average Loss: 3.716, avg. samples / sec: 1437.57
Iteration:  13900, Loss function: 3.709, Average Loss: 3.716, avg. samples / sec: 1438.92
Iteration:  13920, Loss function: 3.547, Average Loss: 3.717, avg. samples / sec: 1441.45
Iteration:  13940, Loss function: 3.579, Average Loss: 3.716, avg. samples / sec: 1437.96
Iteration:  13960, Loss function: 3.710, Average Loss: 3.716, avg. samples / sec: 1441.45
Iteration:  13980, Loss function: 3.955, Average Loss: 3.717, avg. samples / sec: 1440.79
Iteration:  14000, Loss function: 3.594, Average Loss: 3.717, avg. samples / sec: 1432.41
:::MLL 1586378567.814 epoch_stop: {"value": null, "metadata": {"epoch_num": 43, "file": "train.py", "lineno": 819}}
:::MLL 1586378567.815 epoch_start: {"value": null, "metadata": {"epoch_num": 44, "file": "train.py", "lineno": 673}}
Iteration:  14020, Loss function: 3.826, Average Loss: 3.717, avg. samples / sec: 1434.59
Iteration:  14040, Loss function: 3.871, Average Loss: 3.715, avg. samples / sec: 1437.55
Iteration:  14060, Loss function: 3.564, Average Loss: 3.715, avg. samples / sec: 1437.59
Iteration:  14080, Loss function: 3.573, Average Loss: 3.714, avg. samples / sec: 1440.00
Iteration:  14100, Loss function: 3.622, Average Loss: 3.712, avg. samples / sec: 1439.47
Iteration:  14120, Loss function: 4.156, Average Loss: 3.712, avg. samples / sec: 1438.30
Iteration:  14140, Loss function: 3.647, Average Loss: 3.712, avg. samples / sec: 1441.00
Iteration:  14160, Loss function: 3.766, Average Loss: 3.711, avg. samples / sec: 1442.95
Iteration:  14180, Loss function: 3.841, Average Loss: 3.711, avg. samples / sec: 1438.69
Iteration:  14200, Loss function: 3.723, Average Loss: 3.710, avg. samples / sec: 1441.43
Iteration:  14220, Loss function: 3.877, Average Loss: 3.710, avg. samples / sec: 1440.71
lr decay step #1
:::MLL 1586378621.834 eval_start: {"value": null, "metadata": {"epoch_num": 44, "file": "train.py", "lineno": 276}}
Parsing batch: 0/11Parsing batch: 0/11Parsing batch: 0/11Parsing batch: 1/11Parsing batch: 1/11Parsing batch: 1/11Parsing batch: 2/11Parsing batch: 2/11Parsing batch: 2/11Parsing batch: 3/11Parsing batch: 3/11Parsing batch: 3/11Parsing batch: 4/11Parsing batch: 4/11Parsing batch: 4/11Parsing batch: 5/11Parsing batch: 5/11Parsing batch: 5/11Parsing batch: 6/11Parsing batch: 6/11Parsing batch: 6/11Parsing batch: 7/11Parsing batch: 7/11Parsing batch: 7/11Parsing batch: 8/11Parsing batch: 8/11Parsing batch: 8/11Parsing batch: 9/11Parsing batch: 9/11Parsing batch: 9/11Parsing batch: 10/11Parsing batch: 10/11Parsing batch: 10/11Predicting Ended, total time: 13.32 s
Loading and preparing results...
Loading and preparing results...
Loading and preparing results...
DONE (t=0.60s)
DONE (t=0.61s)
DONE (t=0.61s)
Running per image evaluation...
Evaluate annotation type *bbox*
DONE (t=2.47s).
Accumulating evaluation results...
DONE (t=0.00s).
 Average Precision  (AP) @[ IoU=0.50:0.95 | area=   all | maxDets=100 ] = 0.18723
 Average Precision  (AP) @[ IoU=0.50      | area=   all | maxDets=100 ] = 0.33848
 Average Precision  (AP) @[ IoU=0.75      | area=   all | maxDets=100 ] = 0.18847
 Average Precision  (AP) @[ IoU=0.50:0.95 | area= small | maxDets=100 ] = 0.05159
 Average Precision  (AP) @[ IoU=0.50:0.95 | area=medium | maxDets=100 ] = 0.19252
 Average Precision  (AP) @[ IoU=0.50:0.95 | area= large | maxDets=100 ] = 0.30832
 Average Recall     (AR) @[ IoU=0.50:0.95 | area=   all | maxDets=  1 ] = 0.19494
 Average Recall     (AR) @[ IoU=0.50:0.95 | area=   all | maxDets= 10 ] = 0.28321
 Average Recall     (AR) @[ IoU=0.50:0.95 | area=   all | maxDets=100 ] = 0.29898
 Average Recall     (AR) @[ IoU=0.50:0.95 | area= small | maxDets=100 ] = 0.09403
 Average Recall     (AR) @[ IoU=0.50:0.95 | area=medium | maxDets=100 ] = 0.31715
 Average Recall     (AR) @[ IoU=0.50:0.95 | area= large | maxDets=100 ] = 0.47509
Current AP: 0.18723 AP goal: 0.23000
:::MLL 1586378638.321 eval_accuracy: {"value": 0.18722762461328765, "metadata": {"epoch_num": 44, "file": "train.py", "lineno": 389}}
:::MLL 1586378638.341 eval_stop: {"value": null, "metadata": {"epoch_num": 44, "file": "train.py", "lineno": 392}}
:::MLL 1586378638.366 block_stop: {"value": null, "metadata": {"first_epoch_num": 33, "file": "train.py", "lineno": 804}}
:::MLL 1586378638.366 block_start: {"value": null, "metadata": {"first_epoch_num": 44, "epoch_count": 5.457677417154162, "file": "train.py", "lineno": 813}}
Iteration:  14240, Loss function: 3.692, Average Loss: 3.708, avg. samples / sec: 334.46
Iteration:  14260, Loss function: 3.298, Average Loss: 3.706, avg. samples / sec: 1442.59
Iteration:  14280, Loss function: 3.455, Average Loss: 3.701, avg. samples / sec: 1442.93
Iteration:  14300, Loss function: 3.527, Average Loss: 3.699, avg. samples / sec: 1445.68
Iteration:  14320, Loss function: 3.389, Average Loss: 3.693, avg. samples / sec: 1446.56
:::MLL 1586378665.787 epoch_stop: {"value": null, "metadata": {"epoch_num": 44, "file": "train.py", "lineno": 819}}
:::MLL 1586378665.788 epoch_start: {"value": null, "metadata": {"epoch_num": 45, "file": "train.py", "lineno": 673}}
Iteration:  14340, Loss function: 3.558, Average Loss: 3.688, avg. samples / sec: 1441.77
Iteration:  14360, Loss function: 3.203, Average Loss: 3.683, avg. samples / sec: 1445.67
Iteration:  14380, Loss function: 3.466, Average Loss: 3.676, avg. samples / sec: 1445.66
Iteration:  14400, Loss function: 3.466, Average Loss: 3.669, avg. samples / sec: 1438.76
Iteration:  14420, Loss function: 3.451, Average Loss: 3.663, avg. samples / sec: 1440.25
Iteration:  14440, Loss function: 3.298, Average Loss: 3.657, avg. samples / sec: 1444.18
Iteration:  14460, Loss function: 3.319, Average Loss: 3.651, avg. samples / sec: 1444.21
Iteration:  14480, Loss function: 3.433, Average Loss: 3.646, avg. samples / sec: 1435.53
Iteration:  14500, Loss function: 3.506, Average Loss: 3.639, avg. samples / sec: 1442.93
Iteration:  14520, Loss function: 3.382, Average Loss: 3.633, avg. samples / sec: 1441.01
Iteration:  14540, Loss function: 3.167, Average Loss: 3.627, avg. samples / sec: 1442.94
Iteration:  14560, Loss function: 3.142, Average Loss: 3.622, avg. samples / sec: 1441.41
Iteration:  14580, Loss function: 3.316, Average Loss: 3.616, avg. samples / sec: 1443.03
Iteration:  14600, Loss function: 3.170, Average Loss: 3.610, avg. samples / sec: 1443.80
Iteration:  14620, Loss function: 3.439, Average Loss: 3.607, avg. samples / sec: 1442.58
Iteration:  14640, Loss function: 3.444, Average Loss: 3.601, avg. samples / sec: 1440.67
:::MLL 1586378747.180 epoch_stop: {"value": null, "metadata": {"epoch_num": 45, "file": "train.py", "lineno": 819}}
:::MLL 1586378747.181 epoch_start: {"value": null, "metadata": {"epoch_num": 46, "file": "train.py", "lineno": 673}}
Iteration:  14660, Loss function: 3.040, Average Loss: 3.598, avg. samples / sec: 1436.18
Iteration:  14680, Loss function: 3.473, Average Loss: 3.592, avg. samples / sec: 1436.77
Iteration:  14700, Loss function: 3.189, Average Loss: 3.587, avg. samples / sec: 1440.42
Iteration:  14720, Loss function: 3.664, Average Loss: 3.580, avg. samples / sec: 1433.77
Iteration:  14740, Loss function: 3.634, Average Loss: 3.575, avg. samples / sec: 1442.03
Iteration:  14760, Loss function: 3.520, Average Loss: 3.569, avg. samples / sec: 1441.49
Iteration:  14780, Loss function: 3.256, Average Loss: 3.565, avg. samples / sec: 1442.70
Iteration:  14800, Loss function: 3.201, Average Loss: 3.559, avg. samples / sec: 1438.92
Iteration:  14820, Loss function: 3.114, Average Loss: 3.554, avg. samples / sec: 1440.46
Iteration:  14840, Loss function: 3.362, Average Loss: 3.550, avg. samples / sec: 1443.48
Iteration:  14860, Loss function: 3.430, Average Loss: 3.545, avg. samples / sec: 1438.50
Iteration:  14880, Loss function: 3.363, Average Loss: 3.539, avg. samples / sec: 1442.42
Iteration:  14900, Loss function: 3.164, Average Loss: 3.534, avg. samples / sec: 1442.56
Iteration:  14920, Loss function: 3.284, Average Loss: 3.529, avg. samples / sec: 1440.08
Iteration:  14940, Loss function: 3.166, Average Loss: 3.524, avg. samples / sec: 1441.68
Iteration:  14960, Loss function: 3.225, Average Loss: 3.520, avg. samples / sec: 1443.33
Iteration:  14980, Loss function: 3.300, Average Loss: 3.516, avg. samples / sec: 1442.27
:::MLL 1586378828.408 epoch_stop: {"value": null, "metadata": {"epoch_num": 46, "file": "train.py", "lineno": 819}}
:::MLL 1586378828.408 epoch_start: {"value": null, "metadata": {"epoch_num": 47, "file": "train.py", "lineno": 673}}
Iteration:  15000, Loss function: 3.425, Average Loss: 3.512, avg. samples / sec: 1431.42
Iteration:  15020, Loss function: 3.688, Average Loss: 3.508, avg. samples / sec: 1443.12
Iteration:  15040, Loss function: 3.284, Average Loss: 3.505, avg. samples / sec: 1440.17
Iteration:  15060, Loss function: 3.234, Average Loss: 3.502, avg. samples / sec: 1445.71
Iteration:  15080, Loss function: 3.272, Average Loss: 3.496, avg. samples / sec: 1445.41
Iteration:  15100, Loss function: 3.144, Average Loss: 3.492, avg. samples / sec: 1431.08
Iteration:  15120, Loss function: 3.217, Average Loss: 3.488, avg. samples / sec: 1440.42
Iteration:  15140, Loss function: 3.190, Average Loss: 3.483, avg. samples / sec: 1444.00
Iteration:  15160, Loss function: 3.446, Average Loss: 3.479, avg. samples / sec: 1429.00
Iteration:  15180, Loss function: 3.325, Average Loss: 3.475, avg. samples / sec: 1437.03
Iteration:  15200, Loss function: 3.282, Average Loss: 3.470, avg. samples / sec: 1437.56
Iteration:  15220, Loss function: 3.418, Average Loss: 3.467, avg. samples / sec: 1444.27
Iteration:  15240, Loss function: 3.198, Average Loss: 3.463, avg. samples / sec: 1442.08
Iteration:  15260, Loss function: 3.314, Average Loss: 3.461, avg. samples / sec: 1440.95
Iteration:  15280, Loss function: 3.600, Average Loss: 3.456, avg. samples / sec: 1442.92
Iteration:  15300, Loss function: 3.580, Average Loss: 3.453, avg. samples / sec: 1442.13
:::MLL 1586378909.909 epoch_stop: {"value": null, "metadata": {"epoch_num": 47, "file": "train.py", "lineno": 819}}
:::MLL 1586378909.910 epoch_start: {"value": null, "metadata": {"epoch_num": 48, "file": "train.py", "lineno": 673}}
Iteration:  15320, Loss function: 3.245, Average Loss: 3.449, avg. samples / sec: 1441.96
Iteration:  15340, Loss function: 3.301, Average Loss: 3.446, avg. samples / sec: 1439.30
Iteration:  15360, Loss function: 3.498, Average Loss: 3.443, avg. samples / sec: 1442.82
Iteration:  15380, Loss function: 3.442, Average Loss: 3.441, avg. samples / sec: 1438.60
Iteration:  15400, Loss function: 3.586, Average Loss: 3.437, avg. samples / sec: 1440.27
Iteration:  15420, Loss function: 3.118, Average Loss: 3.435, avg. samples / sec: 1442.83
Iteration:  15440, Loss function: 3.021, Average Loss: 3.431, avg. samples / sec: 1438.98
Iteration:  15460, Loss function: 3.344, Average Loss: 3.429, avg. samples / sec: 1441.40
Iteration:  15480, Loss function: 3.225, Average Loss: 3.426, avg. samples / sec: 1437.04
Iteration:  15500, Loss function: 3.474, Average Loss: 3.423, avg. samples / sec: 1436.42
Iteration:  15520, Loss function: 3.467, Average Loss: 3.419, avg. samples / sec: 1439.40
Iteration:  15540, Loss function: 3.020, Average Loss: 3.416, avg. samples / sec: 1444.35
Iteration:  15560, Loss function: 3.259, Average Loss: 3.412, avg. samples / sec: 1440.56
Iteration:  15580, Loss function: 3.006, Average Loss: 3.408, avg. samples / sec: 1445.72
Iteration:  15600, Loss function: 3.317, Average Loss: 3.406, avg. samples / sec: 1442.26
Iteration:  15620, Loss function: 3.120, Average Loss: 3.403, avg. samples / sec: 1440.97
:::MLL 1586378991.369 epoch_stop: {"value": null, "metadata": {"epoch_num": 48, "file": "train.py", "lineno": 819}}
:::MLL 1586378991.369 epoch_start: {"value": null, "metadata": {"epoch_num": 49, "file": "train.py", "lineno": 673}}
Iteration:  15640, Loss function: 3.155, Average Loss: 3.400, avg. samples / sec: 1438.16
Iteration:  15660, Loss function: 3.064, Average Loss: 3.396, avg. samples / sec: 1440.07
Iteration:  15680, Loss function: 3.134, Average Loss: 3.395, avg. samples / sec: 1434.76
Iteration:  15700, Loss function: 3.069, Average Loss: 3.391, avg. samples / sec: 1438.08
Iteration:  15720, Loss function: 3.322, Average Loss: 3.389, avg. samples / sec: 1437.62
Iteration:  15740, Loss function: 3.059, Average Loss: 3.386, avg. samples / sec: 1434.87
Iteration:  15760, Loss function: 3.146, Average Loss: 3.382, avg. samples / sec: 1441.30
Iteration:  15780, Loss function: 3.420, Average Loss: 3.379, avg. samples / sec: 1441.77
Iteration:  15800, Loss function: 3.085, Average Loss: 3.376, avg. samples / sec: 1430.16
Iteration:  15820, Loss function: 3.092, Average Loss: 3.374, avg. samples / sec: 1443.79
Iteration:  15840, Loss function: 3.205, Average Loss: 3.372, avg. samples / sec: 1446.17
Iteration:  15860, Loss function: 3.677, Average Loss: 3.369, avg. samples / sec: 1444.52
Iteration:  15880, Loss function: 3.387, Average Loss: 3.367, avg. samples / sec: 1441.78
Iteration:  15900, Loss function: 3.406, Average Loss: 3.365, avg. samples / sec: 1441.38
Iteration:  15920, Loss function: 3.339, Average Loss: 3.362, avg. samples / sec: 1441.28
Iteration:  15940, Loss function: 3.470, Average Loss: 3.359, avg. samples / sec: 1440.27
Iteration:  15960, Loss function: 3.491, Average Loss: 3.357, avg. samples / sec: 1442.81
:::MLL 1586379072.880 epoch_stop: {"value": null, "metadata": {"epoch_num": 49, "file": "train.py", "lineno": 819}}
:::MLL 1586379072.881 epoch_start: {"value": null, "metadata": {"epoch_num": 50, "file": "train.py", "lineno": 673}}
Iteration:  15980, Loss function: 3.461, Average Loss: 3.355, avg. samples / sec: 1437.75
Iteration:  16000, Loss function: 3.366, Average Loss: 3.353, avg. samples / sec: 1441.75
:::MLL 1586379082.632 eval_start: {"value": null, "metadata": {"epoch_num": 50, "file": "train.py", "lineno": 276}}
Parsing batch: 0/11Parsing batch: 0/11Parsing batch: 0/11Parsing batch: 1/11Parsing batch: 1/11Parsing batch: 1/11Parsing batch: 2/11Parsing batch: 2/11Parsing batch: 2/11Parsing batch: 3/11Parsing batch: 3/11Parsing batch: 3/11Parsing batch: 4/11Parsing batch: 4/11Parsing batch: 4/11Parsing batch: 5/11Parsing batch: 5/11Parsing batch: 5/11Parsing batch: 6/11Parsing batch: 6/11Parsing batch: 6/11Parsing batch: 7/11Parsing batch: 7/11Parsing batch: 7/11Parsing batch: 8/11Parsing batch: 8/11Parsing batch: 8/11Parsing batch: 9/11Parsing batch: 9/11Parsing batch: 9/11Parsing batch: 10/11Parsing batch: 10/11Parsing batch: 10/11Predicting Ended, total time: 13.22 s
Loading and preparing results...
Loading and preparing results...
Loading and preparing results...
DONE (t=0.57s)
DONE (t=0.58s)
Running per image evaluation...
Evaluate annotation type *bbox*
DONE (t=0.79s)
DONE (t=2.39s).
Accumulating evaluation results...
DONE (t=0.00s).
 Average Precision  (AP) @[ IoU=0.50:0.95 | area=   all | maxDets=100 ] = 0.23696
 Average Precision  (AP) @[ IoU=0.50      | area=   all | maxDets=100 ] = 0.40385
 Average Precision  (AP) @[ IoU=0.75      | area=   all | maxDets=100 ] = 0.24222
 Average Precision  (AP) @[ IoU=0.50:0.95 | area= small | maxDets=100 ] = 0.06355
 Average Precision  (AP) @[ IoU=0.50:0.95 | area=medium | maxDets=100 ] = 0.24896
 Average Precision  (AP) @[ IoU=0.50:0.95 | area= large | maxDets=100 ] = 0.38430
 Average Recall     (AR) @[ IoU=0.50:0.95 | area=   all | maxDets=  1 ] = 0.22527
 Average Recall     (AR) @[ IoU=0.50:0.95 | area=   all | maxDets= 10 ] = 0.33051
 Average Recall     (AR) @[ IoU=0.50:0.95 | area=   all | maxDets=100 ] = 0.34703
 Average Recall     (AR) @[ IoU=0.50:0.95 | area= small | maxDets=100 ] = 0.10716
 Average Recall     (AR) @[ IoU=0.50:0.95 | area=medium | maxDets=100 ] = 0.37728
 Average Recall     (AR) @[ IoU=0.50:0.95 | area= large | maxDets=100 ] = 0.53516
Current AP: 0.23696 AP goal: 0.23000
:::MLL 1586379098.903 eval_accuracy: {"value": 0.2369563643396234, "metadata": {"epoch_num": 50, "file": "train.py", "lineno": 389}}
:::MLL 1586379099.155 eval_stop: {"value": null, "metadata": {"epoch_num": 50, "file": "train.py", "lineno": 392}}
:::MLL 1586379099.167 block_stop: {"value": null, "metadata": {"first_epoch_num": 44, "file": "train.py", "lineno": 804}}
:::MLL 1586379099.682 run_stop: {"value": null, "metadata": {"status": "success", "file": "train.py", "lineno": 849}}
Binding: ['/usr/bin/numactl', '--physcpubind=0-19', '/opt/conda/bin/python', '-u', 'train.py', '--local_rank=0', '--use-fp16', '--nhwc', '--pad-input', '--jit', '--delay-allreduce', '--opt-loss', '--epochs', '80', '--warmup-factor', '0', '--no-save', '--threshold=0.23', '--data', '/data/coco2017', '--evaluation', '120000', '160000', '180000', '200000', '220000', '240000', '260000', '280000', '--batch-size', '120', '--eval-batch-size', '160', '--warmup', '650', '--lr', '2.92e-3', '--wd', '1.6e-4', '--use-nvjpeg', '--use-roi-decode']
Binding: ['/usr/bin/numactl', '--physcpubind=20-39', '/opt/conda/bin/python', '-u', 'train.py', '--local_rank=1', '--use-fp16', '--nhwc', '--pad-input', '--jit', '--delay-allreduce', '--opt-loss', '--epochs', '80', '--warmup-factor', '0', '--no-save', '--threshold=0.23', '--data', '/data/coco2017', '--evaluation', '120000', '160000', '180000', '200000', '220000', '240000', '260000', '280000', '--batch-size', '120', '--eval-batch-size', '160', '--warmup', '650', '--lr', '2.92e-3', '--wd', '1.6e-4', '--use-nvjpeg', '--use-roi-decode']
Binding: ['/usr/bin/numactl', '--physcpubind=40-59', '/opt/conda/bin/python', '-u', 'train.py', '--local_rank=2', '--use-fp16', '--nhwc', '--pad-input', '--jit', '--delay-allreduce', '--opt-loss', '--epochs', '80', '--warmup-factor', '0', '--no-save', '--threshold=0.23', '--data', '/data/coco2017', '--evaluation', '120000', '160000', '180000', '200000', '220000', '240000', '260000', '280000', '--batch-size', '120', '--eval-batch-size', '160', '--warmup', '650', '--lr', '2.92e-3', '--wd', '1.6e-4', '--use-nvjpeg', '--use-roi-decode']
+ ret_code=0
+ set +x
ENDING TIMING RUN AT 2020-04-08 08:51:43 PM
RESULT,SINGLE_STAGE_DETECTOR,,4075,nvidia,2020-04-08 07:43:48 PM
