Beginning trial 5 of 5
Gathering sys log on node001
:::MLL 1586387299.210 submission_benchmark: {"value": "ssd", "metadata": {"file": "mlperf_log_utils.py", "lineno": 176}}
:::MLL 1586387299.211 submission_org: {"value": "NVIDIA", "metadata": {"file": "mlperf_log_utils.py", "lineno": 181}}
WARNING: Log validation: Key "submission_division" is not in known ssd keys.
:::MLL 1586387299.212 submission_division: {"value": "closed", "metadata": {"file": "mlperf_log_utils.py", "lineno": 185}}
:::MLL 1586387299.213 submission_status: {"value": "onprem", "metadata": {"file": "mlperf_log_utils.py", "lineno": 189}}
:::MLL 1586387299.214 submission_platform: {"value": "1xPowerEdge R7525", "metadata": {"file": "mlperf_log_utils.py", "lineno": 193}}
:::MLL 1586387299.215 submission_entry: {"value": "{'hardware': 'PowerEdge R7525', 'framework': 'PyTorch NVIDIA Release 19.05', 'power': 'N/A', 'notes': 'N/A', 'interconnect': ' ', 'os': '\\\\S / ', 'libraries': \"{'container_base': 'Ubuntu-16.04', 'openmpi_version': '3.1.3', 'mofed_version': '4.0-0', 'cuda_version': '10.1.163', 'cuda_driver_version': '418.67', 'nccl_version': '2.4.6', 'cudnn_version': '7.6.0.64', 'cublas_version': '10.2.0.163', 'trt_version': '5.1.5.0', 'dali_version': '0.9.1'}\", 'compilers': 'gcc (Ubuntu 5.4.0-6ubuntu1~16.04.11) 5.4.0 20160609', 'nodes': \"{'num_nodes': '1', 'cpu': '2x AMD EPYC 7502 32-Core Processor', 'num_cores': '64', 'num_vcpus': '64', 'accelerator': 'Tesla V100-PCIE-32GB', 'num_accelerators': '3', 'sys_mem_size': '251 GB', 'sys_storage_type': 'NVMe SSD', 'sys_storage_size': '1x 931.5G', 'cpu_accel_interconnect': 'QPI', 'network_card': '', 'num_network_cards': '0', 'notes': ''}\"}", "metadata": {"file": "mlperf_log_utils.py", "lineno": 197}}
:::MLL 1586387299.215 submission_poc_name: {"value": "Paulius Micikevicius", "metadata": {"file": "mlperf_log_utils.py", "lineno": 201}}
:::MLL 1586387299.216 submission_poc_email: {"value": "pauliusm@nvidia.com", "metadata": {"file": "mlperf_log_utils.py", "lineno": 205}}
Clearing caches
:::MLL 1586387302.621 cache_clear: {"value": true, "metadata": {"file": "<string>", "lineno": 1}}
Launching on node node001
+ pids+=($!)
+ set +x
++ eval echo
+++ echo
+ docker exec -e DGXSYSTEM=DGX1 -e 'MULTI_NODE= --master_port=4886' -e SLURM_JOB_ID=200408133318911802340 -e SLURM_NTASKS_PER_NODE= cont_200408133318911802340 ./run_and_time.sh
Run vars: id 200408133318911802340 gpus 3 mparams  --master_port=4886
STARTING TIMING RUN AT 2020-04-08 11:08:23 PM
+ NUMEPOCHS=80
+ echo 'running benchmark'
running benchmark
+ export DATASET_DIR=/data/coco2017
+ DATASET_DIR=/data/coco2017
+ export TORCH_MODEL_ZOO=/data/torchvision
+ TORCH_MODEL_ZOO=/data/torchvision
+ python -m bind_launch --nsockets_per_node 2 --ncores_per_socket 20 --nproc_per_node 3 --master_port=4886 --no_hyperthreads --no_membind train.py --use-fp16 --nhwc --pad-input --jit --delay-allreduce --opt-loss --epochs 80 --warmup-factor 0 --no-save --threshold=0.23 --data /data/coco2017 --evaluation 120000 160000 180000 200000 220000 240000 260000 280000 --batch-size 120 --eval-batch-size 160 --warmup 650 --lr 2.92e-3 --wd 1.6e-4 --use-nvjpeg --use-roi-decode
:::MLL 1586387305.248 init_start: {"value": null, "metadata": {"file": "train.py", "lineno": 833}}
:::MLL 1586387305.248 init_start: {"value": null, "metadata": {"file": "train.py", "lineno": 833}}
:::MLL 1586387305.248 init_start: {"value": null, "metadata": {"file": "train.py", "lineno": 833}}
BN group: 1
BN group: 1
BN group: 1
0 Using seed = 3683342237
2 Using seed = 3683342239
1 Using seed = 3683342238
:::MLL 1586387310.838 max_samples: {"value": 1, "metadata": {"file": "utils.py", "lineno": 465}}
/opt/conda/lib/python3.6/site-packages/torch/nn/_reduction.py:46: UserWarning: size_average and reduce args will be deprecated, please use reduction='none' instead.
  warnings.warn(warning.format(ret))
/opt/conda/lib/python3.6/site-packages/torch/nn/_reduction.py:46: UserWarning: size_average and reduce args will be deprecated, please use reduction='none' instead.
  warnings.warn(warning.format(ret))
/opt/conda/lib/python3.6/site-packages/torch/nn/_reduction.py:46: UserWarning: size_average and reduce args will be deprecated, please use reduction='none' instead.
  warnings.warn(warning.format(ret))
Delaying allreduces to the end of backward()
:::MLL 1586387311.714 model_bn_span: {"value": 120, "metadata": {"file": "train.py", "lineno": 480}}
:::MLL 1586387311.714 global_batch_size: {"value": 360, "metadata": {"file": "train.py", "lineno": 481}}
:::MLL 1586387311.723 opt_base_learning_rate: {"value": 0.0325, "metadata": {"file": "train.py", "lineno": 511}}
:::MLL 1586387311.724 opt_weight_decay: {"value": 0.00016, "metadata": {"file": "train.py", "lineno": 513}}
:::MLL 1586387311.724 opt_learning_rate_warmup_steps: {"value": 650, "metadata": {"file": "train.py", "lineno": 516}}
:::MLL 1586387311.725 opt_learning_rate_warmup_factor: {"value": 0, "metadata": {"file": "train.py", "lineno": 518}}
epoch nbatch loss
:::MLL 1586387316.224 init_stop: {"value": null, "metadata": {"file": "train.py", "lineno": 604}}
:::MLL 1586387316.225 run_start: {"value": null, "metadata": {"file": "train.py", "lineno": 610}}
loading annotations into memory...
loading annotations into memory...
loading annotations into memory...
Done (t=1.24s)
creating index...
Done (t=1.26s)
creating index...
Done (t=1.26s)
creating index...
time_check a: 1586387319.069352150
time_check b: 1586387323.961907864
:::MLL 1586387324.335 block_start: {"value": null, "metadata": {"first_epoch_num": 1, "epoch_count": 32.74606450292497, "file": "train.py", "lineno": 669}}
:::MLL 1586387324.336 epoch_start: {"value": null, "metadata": {"epoch_num": 1, "file": "train.py", "lineno": 673}}
Iteration:      0, Loss function: 22.878, Average Loss: 0.023, avg. samples / sec: 27.14
Iteration:     20, Loss function: 20.740, Average Loss: 0.450, avg. samples / sec: 1273.77
Iteration:     40, Loss function: 20.411, Average Loss: 0.850, avg. samples / sec: 1421.44
Iteration:     60, Loss function: 19.043, Average Loss: 1.227, avg. samples / sec: 1431.50
Iteration:     80, Loss function: 13.133, Average Loss: 1.499, avg. samples / sec: 1428.64
Iteration:    100, Loss function: 10.149, Average Loss: 1.686, avg. samples / sec: 1450.22
Iteration:    120, Loss function: 9.359, Average Loss: 1.843, avg. samples / sec: 1457.81
Iteration:    140, Loss function: 8.886, Average Loss: 1.988, avg. samples / sec: 1445.85
Iteration:    160, Loss function: 9.192, Average Loss: 2.127, avg. samples / sec: 1451.54
Iteration:    180, Loss function: 8.805, Average Loss: 2.260, avg. samples / sec: 1452.24
Iteration:    200, Loss function: 8.661, Average Loss: 2.391, avg. samples / sec: 1448.43
Iteration:    220, Loss function: 8.412, Average Loss: 2.511, avg. samples / sec: 1448.63
Iteration:    240, Loss function: 8.331, Average Loss: 2.625, avg. samples / sec: 1452.88
Iteration:    260, Loss function: 8.009, Average Loss: 2.734, avg. samples / sec: 1450.40
Iteration:    280, Loss function: 7.845, Average Loss: 2.839, avg. samples / sec: 1448.82
Iteration:    300, Loss function: 8.087, Average Loss: 2.941, avg. samples / sec: 1446.64
Iteration:    320, Loss function: 8.360, Average Loss: 3.039, avg. samples / sec: 1446.39
:::MLL 1586387407.508 epoch_stop: {"value": null, "metadata": {"epoch_num": 1, "file": "train.py", "lineno": 819}}
:::MLL 1586387407.509 epoch_start: {"value": null, "metadata": {"epoch_num": 2, "file": "train.py", "lineno": 673}}
Iteration:    340, Loss function: 7.645, Average Loss: 3.136, avg. samples / sec: 1435.95
Iteration:    360, Loss function: 7.408, Average Loss: 3.223, avg. samples / sec: 1439.25
Iteration:    380, Loss function: 7.592, Average Loss: 3.306, avg. samples / sec: 1441.76
Iteration:    400, Loss function: 7.646, Average Loss: 3.386, avg. samples / sec: 1442.96
Iteration:    420, Loss function: 7.060, Average Loss: 3.466, avg. samples / sec: 1443.84
Iteration:    440, Loss function: 7.624, Average Loss: 3.543, avg. samples / sec: 1445.82
Iteration:    460, Loss function: 6.938, Average Loss: 3.617, avg. samples / sec: 1446.94
Iteration:    480, Loss function: 6.931, Average Loss: 3.685, avg. samples / sec: 1441.83
Iteration:    500, Loss function: 7.099, Average Loss: 3.749, avg. samples / sec: 1443.57
Iteration:    520, Loss function: 7.221, Average Loss: 3.816, avg. samples / sec: 1444.81
Iteration:    540, Loss function: 6.909, Average Loss: 3.882, avg. samples / sec: 1443.97
Iteration:    560, Loss function: 6.740, Average Loss: 3.940, avg. samples / sec: 1444.01
Iteration:    580, Loss function: 6.486, Average Loss: 3.995, avg. samples / sec: 1444.08
Iteration:    600, Loss function: 6.637, Average Loss: 4.047, avg. samples / sec: 1443.76
Iteration:    620, Loss function: 6.697, Average Loss: 4.097, avg. samples / sec: 1442.66
Iteration:    640, Loss function: 6.467, Average Loss: 4.147, avg. samples / sec: 1443.17
:::MLL 1586387488.833 epoch_stop: {"value": null, "metadata": {"epoch_num": 2, "file": "train.py", "lineno": 819}}
:::MLL 1586387488.833 epoch_start: {"value": null, "metadata": {"epoch_num": 3, "file": "train.py", "lineno": 673}}
Iteration:    660, Loss function: 6.546, Average Loss: 4.193, avg. samples / sec: 1440.99
Iteration:    680, Loss function: 6.303, Average Loss: 4.235, avg. samples / sec: 1436.42
Iteration:    700, Loss function: 6.367, Average Loss: 4.277, avg. samples / sec: 1437.66
Iteration:    720, Loss function: 6.332, Average Loss: 4.316, avg. samples / sec: 1441.60
Iteration:    740, Loss function: 6.272, Average Loss: 4.354, avg. samples / sec: 1444.33
Iteration:    760, Loss function: 6.286, Average Loss: 4.390, avg. samples / sec: 1441.80
Iteration:    780, Loss function: 5.972, Average Loss: 4.424, avg. samples / sec: 1443.15
Iteration:    800, Loss function: 6.178, Average Loss: 4.457, avg. samples / sec: 1444.70
Iteration:    820, Loss function: 6.239, Average Loss: 4.488, avg. samples / sec: 1436.59
Iteration:    840, Loss function: 5.929, Average Loss: 4.517, avg. samples / sec: 1441.02
Iteration:    860, Loss function: 5.960, Average Loss: 4.544, avg. samples / sec: 1438.90
Iteration:    880, Loss function: 5.910, Average Loss: 4.572, avg. samples / sec: 1443.01
Iteration:    900, Loss function: 5.799, Average Loss: 4.597, avg. samples / sec: 1440.16
Iteration:    920, Loss function: 5.983, Average Loss: 4.622, avg. samples / sec: 1446.62
Iteration:    940, Loss function: 5.636, Average Loss: 4.643, avg. samples / sec: 1437.59
Iteration:    960, Loss function: 5.653, Average Loss: 4.665, avg. samples / sec: 1440.35
:::MLL 1586387570.283 epoch_stop: {"value": null, "metadata": {"epoch_num": 3, "file": "train.py", "lineno": 819}}
:::MLL 1586387570.283 epoch_start: {"value": null, "metadata": {"epoch_num": 4, "file": "train.py", "lineno": 673}}
Iteration:    980, Loss function: 5.528, Average Loss: 4.684, avg. samples / sec: 1441.94
Iteration:   1000, Loss function: 5.569, Average Loss: 4.702, avg. samples / sec: 1443.87
Iteration:   1020, Loss function: 5.397, Average Loss: 4.719, avg. samples / sec: 1444.07
Iteration:   1040, Loss function: 5.585, Average Loss: 4.735, avg. samples / sec: 1435.81
Iteration:   1060, Loss function: 5.290, Average Loss: 4.750, avg. samples / sec: 1438.80
Iteration:   1080, Loss function: 5.683, Average Loss: 4.765, avg. samples / sec: 1441.21
Iteration:   1100, Loss function: 5.367, Average Loss: 4.779, avg. samples / sec: 1443.87
Iteration:   1120, Loss function: 5.748, Average Loss: 4.794, avg. samples / sec: 1435.51
Iteration:   1140, Loss function: 5.656, Average Loss: 4.807, avg. samples / sec: 1440.83
Iteration:   1160, Loss function: 5.280, Average Loss: 4.818, avg. samples / sec: 1442.75
Iteration:   1180, Loss function: 5.574, Average Loss: 4.830, avg. samples / sec: 1443.97
Iteration:   1200, Loss function: 5.497, Average Loss: 4.842, avg. samples / sec: 1441.07
Iteration:   1220, Loss function: 5.285, Average Loss: 4.853, avg. samples / sec: 1442.35
Iteration:   1240, Loss function: 5.423, Average Loss: 4.863, avg. samples / sec: 1434.30
Iteration:   1260, Loss function: 5.363, Average Loss: 4.871, avg. samples / sec: 1438.73
Iteration:   1280, Loss function: 5.301, Average Loss: 4.881, avg. samples / sec: 1440.13
Iteration:   1300, Loss function: 5.277, Average Loss: 4.889, avg. samples / sec: 1444.29
:::MLL 1586387651.508 epoch_stop: {"value": null, "metadata": {"epoch_num": 4, "file": "train.py", "lineno": 819}}
:::MLL 1586387651.508 epoch_start: {"value": null, "metadata": {"epoch_num": 5, "file": "train.py", "lineno": 673}}
Iteration:   1320, Loss function: 5.120, Average Loss: 4.897, avg. samples / sec: 1431.22
Iteration:   1340, Loss function: 5.004, Average Loss: 4.903, avg. samples / sec: 1440.28
Iteration:   1360, Loss function: 5.369, Average Loss: 4.909, avg. samples / sec: 1445.17
Iteration:   1380, Loss function: 5.295, Average Loss: 4.916, avg. samples / sec: 1441.87
Iteration:   1400, Loss function: 5.312, Average Loss: 4.922, avg. samples / sec: 1447.09
Iteration:   1420, Loss function: 5.563, Average Loss: 4.927, avg. samples / sec: 1439.43
Iteration:   1440, Loss function: 5.097, Average Loss: 4.931, avg. samples / sec: 1442.95
Iteration:   1460, Loss function: 5.630, Average Loss: 4.936, avg. samples / sec: 1444.24
Iteration:   1480, Loss function: 5.070, Average Loss: 4.938, avg. samples / sec: 1444.63
Iteration:   1500, Loss function: 5.169, Average Loss: 4.941, avg. samples / sec: 1440.68
Iteration:   1520, Loss function: 5.164, Average Loss: 4.944, avg. samples / sec: 1437.26
Iteration:   1540, Loss function: 5.400, Average Loss: 4.947, avg. samples / sec: 1441.02
Iteration:   1560, Loss function: 4.932, Average Loss: 4.949, avg. samples / sec: 1443.87
Iteration:   1580, Loss function: 5.026, Average Loss: 4.951, avg. samples / sec: 1438.51
Iteration:   1600, Loss function: 5.318, Average Loss: 4.955, avg. samples / sec: 1435.25
Iteration:   1620, Loss function: 4.710, Average Loss: 4.956, avg. samples / sec: 1444.17
:::MLL 1586387732.942 epoch_stop: {"value": null, "metadata": {"epoch_num": 5, "file": "train.py", "lineno": 819}}
:::MLL 1586387732.943 epoch_start: {"value": null, "metadata": {"epoch_num": 6, "file": "train.py", "lineno": 673}}
Iteration:   1640, Loss function: 5.209, Average Loss: 4.957, avg. samples / sec: 1442.41
Iteration:   1660, Loss function: 5.150, Average Loss: 4.958, avg. samples / sec: 1445.55
Iteration:   1680, Loss function: 4.868, Average Loss: 4.957, avg. samples / sec: 1443.20
Iteration:   1700, Loss function: 4.887, Average Loss: 4.958, avg. samples / sec: 1446.68
Iteration:   1720, Loss function: 4.988, Average Loss: 4.958, avg. samples / sec: 1440.67
Iteration:   1740, Loss function: 5.261, Average Loss: 4.957, avg. samples / sec: 1430.72
Iteration:   1760, Loss function: 4.972, Average Loss: 4.956, avg. samples / sec: 1440.85
Iteration:   1780, Loss function: 4.980, Average Loss: 4.956, avg. samples / sec: 1441.92
Iteration:   1800, Loss function: 4.830, Average Loss: 4.957, avg. samples / sec: 1442.05
Iteration:   1820, Loss function: 4.682, Average Loss: 4.957, avg. samples / sec: 1443.51
Iteration:   1840, Loss function: 4.540, Average Loss: 4.957, avg. samples / sec: 1437.57
Iteration:   1860, Loss function: 4.785, Average Loss: 4.954, avg. samples / sec: 1438.13
Iteration:   1880, Loss function: 4.575, Average Loss: 4.953, avg. samples / sec: 1442.73
Iteration:   1900, Loss function: 4.619, Average Loss: 4.952, avg. samples / sec: 1446.39
Iteration:   1920, Loss function: 4.801, Average Loss: 4.951, avg. samples / sec: 1445.89
Iteration:   1940, Loss function: 4.841, Average Loss: 4.949, avg. samples / sec: 1443.46
:::MLL 1586387814.324 epoch_stop: {"value": null, "metadata": {"epoch_num": 6, "file": "train.py", "lineno": 819}}
:::MLL 1586387814.325 epoch_start: {"value": null, "metadata": {"epoch_num": 7, "file": "train.py", "lineno": 673}}
Iteration:   1960, Loss function: 4.739, Average Loss: 4.947, avg. samples / sec: 1441.13
Iteration:   1980, Loss function: 4.853, Average Loss: 4.943, avg. samples / sec: 1432.28
Iteration:   2000, Loss function: 4.611, Average Loss: 4.940, avg. samples / sec: 1442.62
Iteration:   2020, Loss function: 4.820, Average Loss: 4.937, avg. samples / sec: 1444.96
Iteration:   2040, Loss function: 4.827, Average Loss: 4.934, avg. samples / sec: 1444.58
Iteration:   2060, Loss function: 4.851, Average Loss: 4.932, avg. samples / sec: 1443.78
Iteration:   2080, Loss function: 4.818, Average Loss: 4.929, avg. samples / sec: 1441.36
Iteration:   2100, Loss function: 5.111, Average Loss: 4.927, avg. samples / sec: 1445.10
Iteration:   2120, Loss function: 4.857, Average Loss: 4.923, avg. samples / sec: 1443.55
Iteration:   2140, Loss function: 4.960, Average Loss: 4.921, avg. samples / sec: 1445.62
Iteration:   2160, Loss function: 4.573, Average Loss: 4.919, avg. samples / sec: 1446.18
Iteration:   2180, Loss function: 4.889, Average Loss: 4.918, avg. samples / sec: 1442.68
Iteration:   2200, Loss function: 4.545, Average Loss: 4.915, avg. samples / sec: 1431.21
Iteration:   2220, Loss function: 4.627, Average Loss: 4.910, avg. samples / sec: 1444.21
Iteration:   2240, Loss function: 4.500, Average Loss: 4.907, avg. samples / sec: 1433.69
Iteration:   2260, Loss function: 4.642, Average Loss: 4.905, avg. samples / sec: 1445.70
Iteration:   2280, Loss function: 4.769, Average Loss: 4.902, avg. samples / sec: 1444.63
:::MLL 1586387895.718 epoch_stop: {"value": null, "metadata": {"epoch_num": 7, "file": "train.py", "lineno": 819}}
:::MLL 1586387895.719 epoch_start: {"value": null, "metadata": {"epoch_num": 8, "file": "train.py", "lineno": 673}}
Iteration:   2300, Loss function: 4.686, Average Loss: 4.897, avg. samples / sec: 1439.04
Iteration:   2320, Loss function: 4.365, Average Loss: 4.894, avg. samples / sec: 1441.37
Iteration:   2340, Loss function: 4.655, Average Loss: 4.891, avg. samples / sec: 1445.43
Iteration:   2360, Loss function: 4.488, Average Loss: 4.887, avg. samples / sec: 1442.89
Iteration:   2380, Loss function: 4.604, Average Loss: 4.885, avg. samples / sec: 1439.85
Iteration:   2400, Loss function: 4.714, Average Loss: 4.880, avg. samples / sec: 1444.81
Iteration:   2420, Loss function: 4.554, Average Loss: 4.875, avg. samples / sec: 1445.89
Iteration:   2440, Loss function: 4.354, Average Loss: 4.870, avg. samples / sec: 1442.42
Iteration:   2460, Loss function: 4.431, Average Loss: 4.865, avg. samples / sec: 1445.09
Iteration:   2480, Loss function: 4.728, Average Loss: 4.861, avg. samples / sec: 1438.51
Iteration:   2500, Loss function: 4.757, Average Loss: 4.858, avg. samples / sec: 1442.62
Iteration:   2520, Loss function: 4.447, Average Loss: 4.853, avg. samples / sec: 1441.52
Iteration:   2540, Loss function: 4.448, Average Loss: 4.848, avg. samples / sec: 1443.21
Iteration:   2560, Loss function: 4.708, Average Loss: 4.844, avg. samples / sec: 1446.55
Iteration:   2580, Loss function: 4.790, Average Loss: 4.841, avg. samples / sec: 1447.78
Iteration:   2600, Loss function: 4.923, Average Loss: 4.837, avg. samples / sec: 1443.30
:::MLL 1586387976.788 epoch_stop: {"value": null, "metadata": {"epoch_num": 8, "file": "train.py", "lineno": 819}}
:::MLL 1586387976.789 epoch_start: {"value": null, "metadata": {"epoch_num": 9, "file": "train.py", "lineno": 673}}
Iteration:   2620, Loss function: 4.263, Average Loss: 4.831, avg. samples / sec: 1438.88
Iteration:   2640, Loss function: 4.493, Average Loss: 4.826, avg. samples / sec: 1444.11
Iteration:   2660, Loss function: 4.854, Average Loss: 4.821, avg. samples / sec: 1442.39
Iteration:   2680, Loss function: 4.564, Average Loss: 4.816, avg. samples / sec: 1445.61
Iteration:   2700, Loss function: 4.392, Average Loss: 4.811, avg. samples / sec: 1444.34
Iteration:   2720, Loss function: 4.413, Average Loss: 4.806, avg. samples / sec: 1430.30
Iteration:   2740, Loss function: 4.455, Average Loss: 4.801, avg. samples / sec: 1445.01
Iteration:   2760, Loss function: 4.678, Average Loss: 4.798, avg. samples / sec: 1443.57
Iteration:   2780, Loss function: 4.440, Average Loss: 4.794, avg. samples / sec: 1443.80
Iteration:   2800, Loss function: 4.355, Average Loss: 4.790, avg. samples / sec: 1444.16
Iteration:   2820, Loss function: 4.488, Average Loss: 4.784, avg. samples / sec: 1443.96
Iteration:   2840, Loss function: 4.854, Average Loss: 4.780, avg. samples / sec: 1443.00
Iteration:   2860, Loss function: 4.890, Average Loss: 4.776, avg. samples / sec: 1441.74
Iteration:   2880, Loss function: 4.437, Average Loss: 4.772, avg. samples / sec: 1438.77
Iteration:   2900, Loss function: 4.588, Average Loss: 4.768, avg. samples / sec: 1436.87
Iteration:   2920, Loss function: 4.776, Average Loss: 4.764, avg. samples / sec: 1440.41
:::MLL 1586388058.210 epoch_stop: {"value": null, "metadata": {"epoch_num": 9, "file": "train.py", "lineno": 819}}
:::MLL 1586388058.210 epoch_start: {"value": null, "metadata": {"epoch_num": 10, "file": "train.py", "lineno": 673}}
Iteration:   2940, Loss function: 4.311, Average Loss: 4.761, avg. samples / sec: 1434.49
Iteration:   2960, Loss function: 4.461, Average Loss: 4.755, avg. samples / sec: 1444.21
Iteration:   2980, Loss function: 4.664, Average Loss: 4.749, avg. samples / sec: 1437.96
Iteration:   3000, Loss function: 4.506, Average Loss: 4.744, avg. samples / sec: 1441.43
Iteration:   3020, Loss function: 4.652, Average Loss: 4.740, avg. samples / sec: 1440.64
Iteration:   3040, Loss function: 4.704, Average Loss: 4.735, avg. samples / sec: 1440.44
Iteration:   3060, Loss function: 4.610, Average Loss: 4.731, avg. samples / sec: 1441.98
Iteration:   3080, Loss function: 4.663, Average Loss: 4.727, avg. samples / sec: 1435.59
Iteration:   3100, Loss function: 4.507, Average Loss: 4.724, avg. samples / sec: 1444.82
Iteration:   3120, Loss function: 4.459, Average Loss: 4.721, avg. samples / sec: 1446.17
Iteration:   3140, Loss function: 4.447, Average Loss: 4.715, avg. samples / sec: 1445.02
Iteration:   3160, Loss function: 4.308, Average Loss: 4.710, avg. samples / sec: 1445.24
Iteration:   3180, Loss function: 4.488, Average Loss: 4.705, avg. samples / sec: 1442.46
Iteration:   3200, Loss function: 4.404, Average Loss: 4.701, avg. samples / sec: 1445.26
Iteration:   3220, Loss function: 4.594, Average Loss: 4.697, avg. samples / sec: 1433.46
Iteration:   3240, Loss function: 4.406, Average Loss: 4.692, avg. samples / sec: 1445.63
:::MLL 1586388139.599 epoch_stop: {"value": null, "metadata": {"epoch_num": 10, "file": "train.py", "lineno": 819}}
:::MLL 1586388139.600 epoch_start: {"value": null, "metadata": {"epoch_num": 11, "file": "train.py", "lineno": 673}}
Iteration:   3260, Loss function: 4.724, Average Loss: 4.686, avg. samples / sec: 1443.59
Iteration:   3280, Loss function: 4.422, Average Loss: 4.681, avg. samples / sec: 1443.36
Iteration:   3300, Loss function: 4.706, Average Loss: 4.677, avg. samples / sec: 1444.85
Iteration:   3320, Loss function: 4.416, Average Loss: 4.671, avg. samples / sec: 1440.50
Iteration:   3340, Loss function: 4.437, Average Loss: 4.667, avg. samples / sec: 1448.66
Iteration:   3360, Loss function: 4.282, Average Loss: 4.663, avg. samples / sec: 1442.89
Iteration:   3380, Loss function: 4.533, Average Loss: 4.659, avg. samples / sec: 1442.49
Iteration:   3400, Loss function: 4.474, Average Loss: 4.655, avg. samples / sec: 1443.71
Iteration:   3420, Loss function: 4.350, Average Loss: 4.650, avg. samples / sec: 1444.00
Iteration:   3440, Loss function: 4.309, Average Loss: 4.646, avg. samples / sec: 1443.70
Iteration:   3460, Loss function: 4.389, Average Loss: 4.643, avg. samples / sec: 1442.92
Iteration:   3480, Loss function: 4.237, Average Loss: 4.638, avg. samples / sec: 1445.02
Iteration:   3500, Loss function: 4.511, Average Loss: 4.634, avg. samples / sec: 1443.92
Iteration:   3520, Loss function: 4.732, Average Loss: 4.629, avg. samples / sec: 1442.14
Iteration:   3540, Loss function: 4.410, Average Loss: 4.624, avg. samples / sec: 1444.32
Iteration:   3560, Loss function: 4.507, Average Loss: 4.619, avg. samples / sec: 1448.39
Iteration:   3580, Loss function: 4.646, Average Loss: 4.616, avg. samples / sec: 1445.14
:::MLL 1586388220.878 epoch_stop: {"value": null, "metadata": {"epoch_num": 11, "file": "train.py", "lineno": 819}}
:::MLL 1586388220.878 epoch_start: {"value": null, "metadata": {"epoch_num": 12, "file": "train.py", "lineno": 673}}
Iteration:   3600, Loss function: 4.428, Average Loss: 4.610, avg. samples / sec: 1442.01
Iteration:   3620, Loss function: 4.212, Average Loss: 4.606, avg. samples / sec: 1447.52
Iteration:   3640, Loss function: 4.600, Average Loss: 4.600, avg. samples / sec: 1442.55
Iteration:   3660, Loss function: 4.534, Average Loss: 4.596, avg. samples / sec: 1446.21
Iteration:   3680, Loss function: 4.232, Average Loss: 4.592, avg. samples / sec: 1441.30
Iteration:   3700, Loss function: 4.353, Average Loss: 4.587, avg. samples / sec: 1444.75
Iteration:   3720, Loss function: 4.254, Average Loss: 4.583, avg. samples / sec: 1445.46
Iteration:   3740, Loss function: 4.639, Average Loss: 4.579, avg. samples / sec: 1445.82
Iteration:   3760, Loss function: 4.222, Average Loss: 4.575, avg. samples / sec: 1443.03
Iteration:   3780, Loss function: 4.482, Average Loss: 4.569, avg. samples / sec: 1443.77
Iteration:   3800, Loss function: 4.269, Average Loss: 4.565, avg. samples / sec: 1441.01
Iteration:   3820, Loss function: 4.376, Average Loss: 4.560, avg. samples / sec: 1443.07
Iteration:   3840, Loss function: 4.077, Average Loss: 4.556, avg. samples / sec: 1445.01
Iteration:   3860, Loss function: 4.583, Average Loss: 4.552, avg. samples / sec: 1447.87
Iteration:   3880, Loss function: 4.048, Average Loss: 4.549, avg. samples / sec: 1445.10
Iteration:   3900, Loss function: 4.528, Average Loss: 4.546, avg. samples / sec: 1443.57
:::MLL 1586388301.897 epoch_stop: {"value": null, "metadata": {"epoch_num": 12, "file": "train.py", "lineno": 819}}
:::MLL 1586388301.898 epoch_start: {"value": null, "metadata": {"epoch_num": 13, "file": "train.py", "lineno": 673}}
Iteration:   3920, Loss function: 4.151, Average Loss: 4.542, avg. samples / sec: 1441.46
Iteration:   3940, Loss function: 4.177, Average Loss: 4.538, avg. samples / sec: 1445.41
Iteration:   3960, Loss function: 4.433, Average Loss: 4.532, avg. samples / sec: 1443.33
Iteration:   3980, Loss function: 4.381, Average Loss: 4.527, avg. samples / sec: 1448.82
Iteration:   4000, Loss function: 4.207, Average Loss: 4.521, avg. samples / sec: 1445.08
Iteration:   4020, Loss function: 4.480, Average Loss: 4.517, avg. samples / sec: 1445.63
Iteration:   4040, Loss function: 4.022, Average Loss: 4.512, avg. samples / sec: 1443.06
Iteration:   4060, Loss function: 4.233, Average Loss: 4.509, avg. samples / sec: 1443.30
Iteration:   4080, Loss function: 4.399, Average Loss: 4.505, avg. samples / sec: 1443.93
Iteration:   4100, Loss function: 4.157, Average Loss: 4.501, avg. samples / sec: 1438.69
Iteration:   4120, Loss function: 4.435, Average Loss: 4.497, avg. samples / sec: 1446.74
Iteration:   4140, Loss function: 4.091, Average Loss: 4.493, avg. samples / sec: 1441.34
Iteration:   4160, Loss function: 4.264, Average Loss: 4.489, avg. samples / sec: 1438.69
Iteration:   4180, Loss function: 4.122, Average Loss: 4.486, avg. samples / sec: 1436.62
Iteration:   4200, Loss function: 4.457, Average Loss: 4.481, avg. samples / sec: 1442.25
Iteration:   4220, Loss function: 3.924, Average Loss: 4.476, avg. samples / sec: 1437.60
:::MLL 1586388383.240 epoch_stop: {"value": null, "metadata": {"epoch_num": 13, "file": "train.py", "lineno": 819}}
:::MLL 1586388383.240 epoch_start: {"value": null, "metadata": {"epoch_num": 14, "file": "train.py", "lineno": 673}}
Iteration:   4240, Loss function: 4.235, Average Loss: 4.472, avg. samples / sec: 1443.51
Iteration:   4260, Loss function: 4.218, Average Loss: 4.467, avg. samples / sec: 1445.93
Iteration:   4280, Loss function: 4.108, Average Loss: 4.462, avg. samples / sec: 1445.90
Iteration:   4300, Loss function: 4.417, Average Loss: 4.459, avg. samples / sec: 1444.51
Iteration:   4320, Loss function: 4.439, Average Loss: 4.455, avg. samples / sec: 1440.14
Iteration:   4340, Loss function: 4.203, Average Loss: 4.450, avg. samples / sec: 1444.84
Iteration:   4360, Loss function: 3.983, Average Loss: 4.446, avg. samples / sec: 1443.53
Iteration:   4380, Loss function: 4.300, Average Loss: 4.442, avg. samples / sec: 1447.28
Iteration:   4400, Loss function: 4.341, Average Loss: 4.439, avg. samples / sec: 1445.25
Iteration:   4420, Loss function: 4.063, Average Loss: 4.435, avg. samples / sec: 1444.76
Iteration:   4440, Loss function: 4.450, Average Loss: 4.430, avg. samples / sec: 1443.77
Iteration:   4460, Loss function: 4.374, Average Loss: 4.428, avg. samples / sec: 1443.24
Iteration:   4480, Loss function: 4.377, Average Loss: 4.424, avg. samples / sec: 1442.81
Iteration:   4500, Loss function: 4.402, Average Loss: 4.421, avg. samples / sec: 1443.29
Iteration:   4520, Loss function: 4.322, Average Loss: 4.419, avg. samples / sec: 1444.60
Iteration:   4540, Loss function: 4.124, Average Loss: 4.414, avg. samples / sec: 1444.99
Iteration:   4560, Loss function: 4.589, Average Loss: 4.411, avg. samples / sec: 1443.11
:::MLL 1586388464.505 epoch_stop: {"value": null, "metadata": {"epoch_num": 14, "file": "train.py", "lineno": 819}}
:::MLL 1586388464.505 epoch_start: {"value": null, "metadata": {"epoch_num": 15, "file": "train.py", "lineno": 673}}
Iteration:   4580, Loss function: 4.118, Average Loss: 4.407, avg. samples / sec: 1445.19
Iteration:   4600, Loss function: 4.140, Average Loss: 4.403, avg. samples / sec: 1445.24
Iteration:   4620, Loss function: 4.318, Average Loss: 4.400, avg. samples / sec: 1443.31
Iteration:   4640, Loss function: 4.096, Average Loss: 4.396, avg. samples / sec: 1447.14
Iteration:   4660, Loss function: 4.258, Average Loss: 4.393, avg. samples / sec: 1446.99
Iteration:   4680, Loss function: 4.144, Average Loss: 4.390, avg. samples / sec: 1445.30
Iteration:   4700, Loss function: 4.051, Average Loss: 4.386, avg. samples / sec: 1441.76
Iteration:   4720, Loss function: 4.469, Average Loss: 4.382, avg. samples / sec: 1444.37
Iteration:   4740, Loss function: 4.209, Average Loss: 4.379, avg. samples / sec: 1440.45
Iteration:   4760, Loss function: 4.017, Average Loss: 4.376, avg. samples / sec: 1447.33
Iteration:   4780, Loss function: 3.799, Average Loss: 4.373, avg. samples / sec: 1446.02
Iteration:   4800, Loss function: 4.009, Average Loss: 4.369, avg. samples / sec: 1441.57
Iteration:   4820, Loss function: 4.482, Average Loss: 4.367, avg. samples / sec: 1444.49
Iteration:   4840, Loss function: 4.337, Average Loss: 4.365, avg. samples / sec: 1444.00
Iteration:   4860, Loss function: 4.074, Average Loss: 4.361, avg. samples / sec: 1443.96
Iteration:   4880, Loss function: 4.020, Average Loss: 4.357, avg. samples / sec: 1443.00
:::MLL 1586388545.768 epoch_stop: {"value": null, "metadata": {"epoch_num": 15, "file": "train.py", "lineno": 819}}
:::MLL 1586388545.769 epoch_start: {"value": null, "metadata": {"epoch_num": 16, "file": "train.py", "lineno": 673}}
Iteration:   4900, Loss function: 3.891, Average Loss: 4.354, avg. samples / sec: 1434.02
Iteration:   4920, Loss function: 3.966, Average Loss: 4.350, avg. samples / sec: 1447.65
Iteration:   4940, Loss function: 4.335, Average Loss: 4.348, avg. samples / sec: 1441.40
Iteration:   4960, Loss function: 4.260, Average Loss: 4.344, avg. samples / sec: 1443.61
Iteration:   4980, Loss function: 4.204, Average Loss: 4.340, avg. samples / sec: 1444.34
Iteration:   5000, Loss function: 4.093, Average Loss: 4.336, avg. samples / sec: 1443.30
Iteration:   5020, Loss function: 4.312, Average Loss: 4.332, avg. samples / sec: 1440.97
Iteration:   5040, Loss function: 4.109, Average Loss: 4.329, avg. samples / sec: 1437.31
Iteration:   5060, Loss function: 4.536, Average Loss: 4.327, avg. samples / sec: 1444.80
Iteration:   5080, Loss function: 4.048, Average Loss: 4.323, avg. samples / sec: 1443.91
Iteration:   5100, Loss function: 3.976, Average Loss: 4.321, avg. samples / sec: 1442.29
Iteration:   5120, Loss function: 4.200, Average Loss: 4.318, avg. samples / sec: 1437.21
Iteration:   5140, Loss function: 4.337, Average Loss: 4.314, avg. samples / sec: 1444.62
Iteration:   5160, Loss function: 4.064, Average Loss: 4.310, avg. samples / sec: 1440.62
Iteration:   5180, Loss function: 4.041, Average Loss: 4.308, avg. samples / sec: 1442.55
Iteration:   5200, Loss function: 4.160, Average Loss: 4.305, avg. samples / sec: 1443.47
:::MLL 1586388626.894 epoch_stop: {"value": null, "metadata": {"epoch_num": 16, "file": "train.py", "lineno": 819}}
:::MLL 1586388626.895 epoch_start: {"value": null, "metadata": {"epoch_num": 17, "file": "train.py", "lineno": 673}}
Iteration:   5220, Loss function: 4.218, Average Loss: 4.302, avg. samples / sec: 1443.94
Iteration:   5240, Loss function: 4.001, Average Loss: 4.299, avg. samples / sec: 1443.25
Iteration:   5260, Loss function: 4.105, Average Loss: 4.294, avg. samples / sec: 1442.11
Iteration:   5280, Loss function: 4.445, Average Loss: 4.293, avg. samples / sec: 1440.39
Iteration:   5300, Loss function: 4.150, Average Loss: 4.289, avg. samples / sec: 1441.56
Iteration:   5320, Loss function: 3.744, Average Loss: 4.285, avg. samples / sec: 1442.83
Iteration:   5340, Loss function: 4.434, Average Loss: 4.283, avg. samples / sec: 1435.18
Iteration:   5360, Loss function: 4.314, Average Loss: 4.280, avg. samples / sec: 1443.36
Iteration:   5380, Loss function: 4.224, Average Loss: 4.278, avg. samples / sec: 1436.36
Iteration:   5400, Loss function: 4.324, Average Loss: 4.276, avg. samples / sec: 1445.16
Iteration:   5420, Loss function: 4.135, Average Loss: 4.274, avg. samples / sec: 1444.71
Iteration:   5440, Loss function: 3.752, Average Loss: 4.271, avg. samples / sec: 1446.41
Iteration:   5460, Loss function: 4.084, Average Loss: 4.268, avg. samples / sec: 1443.09
Iteration:   5480, Loss function: 4.003, Average Loss: 4.266, avg. samples / sec: 1441.62
Iteration:   5500, Loss function: 3.972, Average Loss: 4.263, avg. samples / sec: 1441.73
Iteration:   5520, Loss function: 4.052, Average Loss: 4.260, avg. samples / sec: 1446.96
:::MLL 1586388708.254 epoch_stop: {"value": null, "metadata": {"epoch_num": 17, "file": "train.py", "lineno": 819}}
:::MLL 1586388708.254 epoch_start: {"value": null, "metadata": {"epoch_num": 18, "file": "train.py", "lineno": 673}}
Iteration:   5540, Loss function: 3.958, Average Loss: 4.259, avg. samples / sec: 1442.95
Iteration:   5560, Loss function: 4.136, Average Loss: 4.257, avg. samples / sec: 1446.94
Iteration:   5580, Loss function: 4.030, Average Loss: 4.254, avg. samples / sec: 1442.83
Iteration:   5600, Loss function: 4.043, Average Loss: 4.252, avg. samples / sec: 1440.79
Iteration:   5620, Loss function: 4.250, Average Loss: 4.249, avg. samples / sec: 1447.00
Iteration:   5640, Loss function: 4.147, Average Loss: 4.245, avg. samples / sec: 1442.13
Iteration:   5660, Loss function: 3.867, Average Loss: 4.241, avg. samples / sec: 1443.16
Iteration:   5680, Loss function: 4.241, Average Loss: 4.240, avg. samples / sec: 1447.03
Iteration:   5700, Loss function: 3.975, Average Loss: 4.237, avg. samples / sec: 1447.30
Iteration:   5720, Loss function: 4.014, Average Loss: 4.234, avg. samples / sec: 1448.43
Iteration:   5740, Loss function: 4.012, Average Loss: 4.232, avg. samples / sec: 1445.38
Iteration:   5760, Loss function: 4.020, Average Loss: 4.229, avg. samples / sec: 1438.84
Iteration:   5780, Loss function: 4.443, Average Loss: 4.228, avg. samples / sec: 1440.37
Iteration:   5800, Loss function: 4.103, Average Loss: 4.226, avg. samples / sec: 1442.55
Iteration:   5820, Loss function: 3.954, Average Loss: 4.222, avg. samples / sec: 1446.66
Iteration:   5840, Loss function: 3.831, Average Loss: 4.219, avg. samples / sec: 1440.28
Iteration:   5860, Loss function: 4.217, Average Loss: 4.218, avg. samples / sec: 1444.28
:::MLL 1586388789.536 epoch_stop: {"value": null, "metadata": {"epoch_num": 18, "file": "train.py", "lineno": 819}}
:::MLL 1586388789.537 epoch_start: {"value": null, "metadata": {"epoch_num": 19, "file": "train.py", "lineno": 673}}
Iteration:   5880, Loss function: 4.094, Average Loss: 4.215, avg. samples / sec: 1440.28
Iteration:   5900, Loss function: 4.003, Average Loss: 4.212, avg. samples / sec: 1445.56
Iteration:   5920, Loss function: 4.108, Average Loss: 4.209, avg. samples / sec: 1446.82
Iteration:   5940, Loss function: 4.262, Average Loss: 4.207, avg. samples / sec: 1445.86
Iteration:   5960, Loss function: 3.980, Average Loss: 4.205, avg. samples / sec: 1445.79
Iteration:   5980, Loss function: 4.045, Average Loss: 4.202, avg. samples / sec: 1448.39
Iteration:   6000, Loss function: 4.237, Average Loss: 4.199, avg. samples / sec: 1437.52
Iteration:   6020, Loss function: 4.388, Average Loss: 4.197, avg. samples / sec: 1446.67
Iteration:   6040, Loss function: 4.017, Average Loss: 4.195, avg. samples / sec: 1445.90
Iteration:   6060, Loss function: 4.399, Average Loss: 4.193, avg. samples / sec: 1441.95
Iteration:   6080, Loss function: 4.168, Average Loss: 4.190, avg. samples / sec: 1444.35
Iteration:   6100, Loss function: 4.309, Average Loss: 4.189, avg. samples / sec: 1443.71
Iteration:   6120, Loss function: 4.295, Average Loss: 4.186, avg. samples / sec: 1444.48
Iteration:   6140, Loss function: 4.149, Average Loss: 4.184, avg. samples / sec: 1442.87
Iteration:   6160, Loss function: 4.012, Average Loss: 4.184, avg. samples / sec: 1443.07
Iteration:   6180, Loss function: 3.898, Average Loss: 4.181, avg. samples / sec: 1444.10
:::MLL 1586388870.809 epoch_stop: {"value": null, "metadata": {"epoch_num": 19, "file": "train.py", "lineno": 819}}
:::MLL 1586388870.809 epoch_start: {"value": null, "metadata": {"epoch_num": 20, "file": "train.py", "lineno": 673}}
Iteration:   6200, Loss function: 4.094, Average Loss: 4.179, avg. samples / sec: 1437.72
Iteration:   6220, Loss function: 3.983, Average Loss: 4.177, avg. samples / sec: 1448.14
Iteration:   6240, Loss function: 4.035, Average Loss: 4.173, avg. samples / sec: 1445.45
Iteration:   6260, Loss function: 3.873, Average Loss: 4.172, avg. samples / sec: 1427.49
Iteration:   6280, Loss function: 4.124, Average Loss: 4.170, avg. samples / sec: 1443.26
Iteration:   6300, Loss function: 3.620, Average Loss: 4.168, avg. samples / sec: 1444.61
Iteration:   6320, Loss function: 4.147, Average Loss: 4.164, avg. samples / sec: 1443.33
Iteration:   6340, Loss function: 4.077, Average Loss: 4.161, avg. samples / sec: 1445.59
Iteration:   6360, Loss function: 4.058, Average Loss: 4.160, avg. samples / sec: 1442.65
Iteration:   6380, Loss function: 4.219, Average Loss: 4.157, avg. samples / sec: 1442.39
Iteration:   6400, Loss function: 4.291, Average Loss: 4.155, avg. samples / sec: 1440.96
Iteration:   6420, Loss function: 4.389, Average Loss: 4.153, avg. samples / sec: 1443.35
Iteration:   6440, Loss function: 4.352, Average Loss: 4.152, avg. samples / sec: 1440.73
Iteration:   6460, Loss function: 4.278, Average Loss: 4.151, avg. samples / sec: 1444.39
Iteration:   6480, Loss function: 3.972, Average Loss: 4.148, avg. samples / sec: 1442.07
Iteration:   6500, Loss function: 4.180, Average Loss: 4.146, avg. samples / sec: 1441.50
:::MLL 1586388951.933 epoch_stop: {"value": null, "metadata": {"epoch_num": 20, "file": "train.py", "lineno": 819}}
:::MLL 1586388951.933 epoch_start: {"value": null, "metadata": {"epoch_num": 21, "file": "train.py", "lineno": 673}}
Iteration:   6520, Loss function: 4.331, Average Loss: 4.144, avg. samples / sec: 1443.89
Iteration:   6540, Loss function: 3.795, Average Loss: 4.140, avg. samples / sec: 1443.17
Iteration:   6560, Loss function: 4.038, Average Loss: 4.137, avg. samples / sec: 1441.98
Iteration:   6580, Loss function: 4.169, Average Loss: 4.136, avg. samples / sec: 1436.47
Iteration:   6600, Loss function: 4.259, Average Loss: 4.134, avg. samples / sec: 1446.05
Iteration:   6620, Loss function: 3.863, Average Loss: 4.132, avg. samples / sec: 1443.38
Iteration:   6640, Loss function: 4.146, Average Loss: 4.131, avg. samples / sec: 1443.31
Iteration:   6660, Loss function: 4.218, Average Loss: 4.129, avg. samples / sec: 1444.50
Iteration:   6680, Loss function: 4.306, Average Loss: 4.127, avg. samples / sec: 1441.53
Iteration:   6700, Loss function: 4.320, Average Loss: 4.126, avg. samples / sec: 1445.85
Iteration:   6720, Loss function: 4.313, Average Loss: 4.126, avg. samples / sec: 1438.28
Iteration:   6740, Loss function: 3.993, Average Loss: 4.124, avg. samples / sec: 1446.07
Iteration:   6760, Loss function: 4.177, Average Loss: 4.122, avg. samples / sec: 1444.59
Iteration:   6780, Loss function: 3.886, Average Loss: 4.121, avg. samples / sec: 1446.65
Iteration:   6800, Loss function: 3.607, Average Loss: 4.118, avg. samples / sec: 1445.44
Iteration:   6820, Loss function: 4.041, Average Loss: 4.116, avg. samples / sec: 1444.40
Iteration:   6840, Loss function: 4.121, Average Loss: 4.115, avg. samples / sec: 1447.09
:::MLL 1586389033.230 epoch_stop: {"value": null, "metadata": {"epoch_num": 21, "file": "train.py", "lineno": 819}}
:::MLL 1586389033.231 epoch_start: {"value": null, "metadata": {"epoch_num": 22, "file": "train.py", "lineno": 673}}
Iteration:   6860, Loss function: 4.065, Average Loss: 4.112, avg. samples / sec: 1441.09
Iteration:   6880, Loss function: 3.989, Average Loss: 4.109, avg. samples / sec: 1438.26
Iteration:   6900, Loss function: 3.928, Average Loss: 4.106, avg. samples / sec: 1444.22
Iteration:   6920, Loss function: 3.951, Average Loss: 4.103, avg. samples / sec: 1445.83
Iteration:   6940, Loss function: 4.150, Average Loss: 4.100, avg. samples / sec: 1443.75
Iteration:   6960, Loss function: 4.014, Average Loss: 4.097, avg. samples / sec: 1440.48
Iteration:   6980, Loss function: 4.056, Average Loss: 4.096, avg. samples / sec: 1441.73
Iteration:   7000, Loss function: 4.073, Average Loss: 4.094, avg. samples / sec: 1445.21
Iteration:   7020, Loss function: 3.858, Average Loss: 4.092, avg. samples / sec: 1445.67
Iteration:   7040, Loss function: 4.216, Average Loss: 4.091, avg. samples / sec: 1442.71
Iteration:   7060, Loss function: 3.849, Average Loss: 4.090, avg. samples / sec: 1443.85
Iteration:   7080, Loss function: 4.002, Average Loss: 4.087, avg. samples / sec: 1441.21
Iteration:   7100, Loss function: 3.872, Average Loss: 4.085, avg. samples / sec: 1437.02
Iteration:   7120, Loss function: 3.997, Average Loss: 4.084, avg. samples / sec: 1445.76
Iteration:   7140, Loss function: 4.300, Average Loss: 4.083, avg. samples / sec: 1442.88
Iteration:   7160, Loss function: 4.223, Average Loss: 4.083, avg. samples / sec: 1444.53
:::MLL 1586389114.566 epoch_stop: {"value": null, "metadata": {"epoch_num": 22, "file": "train.py", "lineno": 819}}
:::MLL 1586389114.566 epoch_start: {"value": null, "metadata": {"epoch_num": 23, "file": "train.py", "lineno": 673}}
Iteration:   7180, Loss function: 4.011, Average Loss: 4.081, avg. samples / sec: 1443.16
Iteration:   7200, Loss function: 3.981, Average Loss: 4.079, avg. samples / sec: 1446.37
Iteration:   7220, Loss function: 3.773, Average Loss: 4.076, avg. samples / sec: 1443.92
Iteration:   7240, Loss function: 3.792, Average Loss: 4.074, avg. samples / sec: 1446.13
Iteration:   7260, Loss function: 3.953, Average Loss: 4.072, avg. samples / sec: 1443.22
Iteration:   7280, Loss function: 4.129, Average Loss: 4.070, avg. samples / sec: 1445.92
Iteration:   7300, Loss function: 4.321, Average Loss: 4.069, avg. samples / sec: 1437.25
Iteration:   7320, Loss function: 4.132, Average Loss: 4.068, avg. samples / sec: 1443.31
Iteration:   7340, Loss function: 3.589, Average Loss: 4.066, avg. samples / sec: 1445.59
Iteration:   7360, Loss function: 3.855, Average Loss: 4.065, avg. samples / sec: 1445.11
Iteration:   7380, Loss function: 3.908, Average Loss: 4.064, avg. samples / sec: 1445.62
Iteration:   7400, Loss function: 4.169, Average Loss: 4.062, avg. samples / sec: 1446.96
Iteration:   7420, Loss function: 3.881, Average Loss: 4.061, avg. samples / sec: 1444.84
Iteration:   7440, Loss function: 3.518, Average Loss: 4.058, avg. samples / sec: 1445.92
Iteration:   7460, Loss function: 3.950, Average Loss: 4.057, avg. samples / sec: 1445.42
Iteration:   7480, Loss function: 3.992, Average Loss: 4.054, avg. samples / sec: 1443.06
:::MLL 1586389195.560 epoch_stop: {"value": null, "metadata": {"epoch_num": 23, "file": "train.py", "lineno": 819}}
:::MLL 1586389195.561 epoch_start: {"value": null, "metadata": {"epoch_num": 24, "file": "train.py", "lineno": 673}}
Iteration:   7500, Loss function: 3.879, Average Loss: 4.053, avg. samples / sec: 1444.24
Iteration:   7520, Loss function: 3.801, Average Loss: 4.049, avg. samples / sec: 1439.62
Iteration:   7540, Loss function: 3.896, Average Loss: 4.048, avg. samples / sec: 1445.27
Iteration:   7560, Loss function: 3.933, Average Loss: 4.045, avg. samples / sec: 1440.18
Iteration:   7580, Loss function: 4.067, Average Loss: 4.044, avg. samples / sec: 1441.62
Iteration:   7600, Loss function: 3.993, Average Loss: 4.043, avg. samples / sec: 1442.28
Iteration:   7620, Loss function: 4.137, Average Loss: 4.042, avg. samples / sec: 1445.75
Iteration:   7640, Loss function: 4.055, Average Loss: 4.039, avg. samples / sec: 1443.12
Iteration:   7660, Loss function: 4.003, Average Loss: 4.039, avg. samples / sec: 1445.68
Iteration:   7680, Loss function: 4.231, Average Loss: 4.037, avg. samples / sec: 1444.08
Iteration:   7700, Loss function: 4.135, Average Loss: 4.036, avg. samples / sec: 1443.59
Iteration:   7720, Loss function: 3.892, Average Loss: 4.035, avg. samples / sec: 1437.58
Iteration:   7740, Loss function: 3.891, Average Loss: 4.034, avg. samples / sec: 1446.07
Iteration:   7760, Loss function: 4.196, Average Loss: 4.032, avg. samples / sec: 1442.45
Iteration:   7780, Loss function: 3.844, Average Loss: 4.033, avg. samples / sec: 1440.26
Iteration:   7800, Loss function: 3.908, Average Loss: 4.032, avg. samples / sec: 1442.83
:::MLL 1586389276.914 epoch_stop: {"value": null, "metadata": {"epoch_num": 24, "file": "train.py", "lineno": 819}}
:::MLL 1586389276.914 epoch_start: {"value": null, "metadata": {"epoch_num": 25, "file": "train.py", "lineno": 673}}
Iteration:   7820, Loss function: 3.873, Average Loss: 4.030, avg. samples / sec: 1441.94
Iteration:   7840, Loss function: 3.735, Average Loss: 4.027, avg. samples / sec: 1444.08
Iteration:   7860, Loss function: 3.734, Average Loss: 4.025, avg. samples / sec: 1445.64
Iteration:   7880, Loss function: 4.091, Average Loss: 4.022, avg. samples / sec: 1443.94
Iteration:   7900, Loss function: 3.657, Average Loss: 4.020, avg. samples / sec: 1443.69
Iteration:   7920, Loss function: 4.028, Average Loss: 4.019, avg. samples / sec: 1442.61
Iteration:   7940, Loss function: 3.705, Average Loss: 4.017, avg. samples / sec: 1442.96
Iteration:   7960, Loss function: 4.062, Average Loss: 4.016, avg. samples / sec: 1442.92
Iteration:   7980, Loss function: 3.791, Average Loss: 4.014, avg. samples / sec: 1445.63
Iteration:   8000, Loss function: 4.313, Average Loss: 4.013, avg. samples / sec: 1437.09
Iteration:   8020, Loss function: 3.918, Average Loss: 4.012, avg. samples / sec: 1442.42
Iteration:   8040, Loss function: 4.102, Average Loss: 4.010, avg. samples / sec: 1445.58
Iteration:   8060, Loss function: 3.889, Average Loss: 4.008, avg. samples / sec: 1445.49
Iteration:   8080, Loss function: 4.022, Average Loss: 4.009, avg. samples / sec: 1439.01
Iteration:   8100, Loss function: 3.862, Average Loss: 4.006, avg. samples / sec: 1442.66
Iteration:   8120, Loss function: 4.261, Average Loss: 4.004, avg. samples / sec: 1442.61
Iteration:   8140, Loss function: 3.897, Average Loss: 4.001, avg. samples / sec: 1446.14
:::MLL 1586389358.235 epoch_stop: {"value": null, "metadata": {"epoch_num": 25, "file": "train.py", "lineno": 819}}
:::MLL 1586389358.236 epoch_start: {"value": null, "metadata": {"epoch_num": 26, "file": "train.py", "lineno": 673}}
Iteration:   8160, Loss function: 3.735, Average Loss: 3.999, avg. samples / sec: 1441.79
Iteration:   8180, Loss function: 3.738, Average Loss: 3.997, avg. samples / sec: 1444.75
Iteration:   8200, Loss function: 3.903, Average Loss: 3.996, avg. samples / sec: 1443.82
Iteration:   8220, Loss function: 3.953, Average Loss: 3.994, avg. samples / sec: 1445.50
Iteration:   8240, Loss function: 4.023, Average Loss: 3.992, avg. samples / sec: 1446.33
Iteration:   8260, Loss function: 4.007, Average Loss: 3.991, avg. samples / sec: 1439.40
Iteration:   8280, Loss function: 3.844, Average Loss: 3.989, avg. samples / sec: 1446.46
Iteration:   8300, Loss function: 3.737, Average Loss: 3.987, avg. samples / sec: 1442.73
Iteration:   8320, Loss function: 4.046, Average Loss: 3.986, avg. samples / sec: 1443.07
Iteration:   8340, Loss function: 3.980, Average Loss: 3.985, avg. samples / sec: 1441.32
Iteration:   8360, Loss function: 4.031, Average Loss: 3.984, avg. samples / sec: 1444.79
Iteration:   8380, Loss function: 4.129, Average Loss: 3.983, avg. samples / sec: 1444.05
Iteration:   8400, Loss function: 3.965, Average Loss: 3.981, avg. samples / sec: 1444.48
Iteration:   8420, Loss function: 3.945, Average Loss: 3.981, avg. samples / sec: 1440.32
Iteration:   8440, Loss function: 4.010, Average Loss: 3.979, avg. samples / sec: 1446.73
Iteration:   8460, Loss function: 4.015, Average Loss: 3.980, avg. samples / sec: 1445.88
:::MLL 1586389439.526 epoch_stop: {"value": null, "metadata": {"epoch_num": 26, "file": "train.py", "lineno": 819}}
:::MLL 1586389439.526 epoch_start: {"value": null, "metadata": {"epoch_num": 27, "file": "train.py", "lineno": 673}}
Iteration:   8480, Loss function: 3.961, Average Loss: 3.978, avg. samples / sec: 1438.44
Iteration:   8500, Loss function: 3.853, Average Loss: 3.976, avg. samples / sec: 1448.29
Iteration:   8520, Loss function: 3.861, Average Loss: 3.975, avg. samples / sec: 1447.50
Iteration:   8540, Loss function: 3.526, Average Loss: 3.972, avg. samples / sec: 1444.81
Iteration:   8560, Loss function: 3.833, Average Loss: 3.969, avg. samples / sec: 1446.77
Iteration:   8580, Loss function: 3.919, Average Loss: 3.968, avg. samples / sec: 1445.84
Iteration:   8600, Loss function: 3.745, Average Loss: 3.967, avg. samples / sec: 1445.48
Iteration:   8620, Loss function: 4.028, Average Loss: 3.966, avg. samples / sec: 1445.29
Iteration:   8640, Loss function: 4.147, Average Loss: 3.964, avg. samples / sec: 1443.97
Iteration:   8660, Loss function: 3.886, Average Loss: 3.963, avg. samples / sec: 1446.37
Iteration:   8680, Loss function: 4.097, Average Loss: 3.962, avg. samples / sec: 1439.84
Iteration:   8700, Loss function: 3.980, Average Loss: 3.961, avg. samples / sec: 1448.37
Iteration:   8720, Loss function: 3.928, Average Loss: 3.960, avg. samples / sec: 1445.84
Iteration:   8740, Loss function: 4.031, Average Loss: 3.960, avg. samples / sec: 1444.44
Iteration:   8760, Loss function: 3.834, Average Loss: 3.960, avg. samples / sec: 1442.93
Iteration:   8780, Loss function: 3.806, Average Loss: 3.959, avg. samples / sec: 1439.42
:::MLL 1586389520.508 epoch_stop: {"value": null, "metadata": {"epoch_num": 27, "file": "train.py", "lineno": 819}}
:::MLL 1586389520.508 epoch_start: {"value": null, "metadata": {"epoch_num": 28, "file": "train.py", "lineno": 673}}
Iteration:   8800, Loss function: 3.928, Average Loss: 3.958, avg. samples / sec: 1442.36
Iteration:   8820, Loss function: 4.132, Average Loss: 3.956, avg. samples / sec: 1443.57
Iteration:   8840, Loss function: 3.695, Average Loss: 3.955, avg. samples / sec: 1445.12
Iteration:   8860, Loss function: 3.982, Average Loss: 3.954, avg. samples / sec: 1442.99
Iteration:   8880, Loss function: 3.845, Average Loss: 3.952, avg. samples / sec: 1441.87
Iteration:   8900, Loss function: 3.995, Average Loss: 3.950, avg. samples / sec: 1443.19
Iteration:   8920, Loss function: 4.075, Average Loss: 3.949, avg. samples / sec: 1440.82
Iteration:   8940, Loss function: 3.651, Average Loss: 3.946, avg. samples / sec: 1446.52
Iteration:   8960, Loss function: 3.690, Average Loss: 3.944, avg. samples / sec: 1444.67
Iteration:   8980, Loss function: 3.852, Average Loss: 3.943, avg. samples / sec: 1445.33
Iteration:   9000, Loss function: 4.025, Average Loss: 3.944, avg. samples / sec: 1443.88
Iteration:   9020, Loss function: 3.805, Average Loss: 3.943, avg. samples / sec: 1446.78
Iteration:   9040, Loss function: 3.940, Average Loss: 3.943, avg. samples / sec: 1445.71
Iteration:   9060, Loss function: 3.626, Average Loss: 3.941, avg. samples / sec: 1443.21
Iteration:   9080, Loss function: 3.929, Average Loss: 3.941, avg. samples / sec: 1444.56
Iteration:   9100, Loss function: 3.829, Average Loss: 3.940, avg. samples / sec: 1448.17
Iteration:   9120, Loss function: 3.636, Average Loss: 3.938, avg. samples / sec: 1444.32
:::MLL 1586389601.771 epoch_stop: {"value": null, "metadata": {"epoch_num": 28, "file": "train.py", "lineno": 819}}
:::MLL 1586389601.772 epoch_start: {"value": null, "metadata": {"epoch_num": 29, "file": "train.py", "lineno": 673}}
Iteration:   9140, Loss function: 3.661, Average Loss: 3.935, avg. samples / sec: 1444.20
Iteration:   9160, Loss function: 3.941, Average Loss: 3.933, avg. samples / sec: 1444.92
Iteration:   9180, Loss function: 3.899, Average Loss: 3.931, avg. samples / sec: 1443.94
Iteration:   9200, Loss function: 3.992, Average Loss: 3.931, avg. samples / sec: 1434.35
Iteration:   9220, Loss function: 3.804, Average Loss: 3.929, avg. samples / sec: 1439.09
Iteration:   9240, Loss function: 3.854, Average Loss: 3.927, avg. samples / sec: 1439.09
Iteration:   9260, Loss function: 3.933, Average Loss: 3.925, avg. samples / sec: 1445.07
Iteration:   9280, Loss function: 3.714, Average Loss: 3.924, avg. samples / sec: 1439.82
Iteration:   9300, Loss function: 3.869, Average Loss: 3.924, avg. samples / sec: 1446.04
Iteration:   9320, Loss function: 3.647, Average Loss: 3.922, avg. samples / sec: 1446.47
Iteration:   9340, Loss function: 3.692, Average Loss: 3.920, avg. samples / sec: 1446.79
Iteration:   9360, Loss function: 4.015, Average Loss: 3.919, avg. samples / sec: 1444.77
Iteration:   9380, Loss function: 3.686, Average Loss: 3.918, avg. samples / sec: 1443.99
Iteration:   9400, Loss function: 3.661, Average Loss: 3.918, avg. samples / sec: 1444.21
Iteration:   9420, Loss function: 3.992, Average Loss: 3.918, avg. samples / sec: 1446.87
Iteration:   9440, Loss function: 3.686, Average Loss: 3.916, avg. samples / sec: 1439.93
:::MLL 1586389683.109 epoch_stop: {"value": null, "metadata": {"epoch_num": 29, "file": "train.py", "lineno": 819}}
:::MLL 1586389683.109 epoch_start: {"value": null, "metadata": {"epoch_num": 30, "file": "train.py", "lineno": 673}}
Iteration:   9460, Loss function: 3.946, Average Loss: 3.914, avg. samples / sec: 1434.99
Iteration:   9480, Loss function: 3.958, Average Loss: 3.913, avg. samples / sec: 1442.44
Iteration:   9500, Loss function: 3.946, Average Loss: 3.911, avg. samples / sec: 1447.09
Iteration:   9520, Loss function: 3.908, Average Loss: 3.911, avg. samples / sec: 1443.73
Iteration:   9540, Loss function: 3.720, Average Loss: 3.910, avg. samples / sec: 1446.20
Iteration:   9560, Loss function: 3.814, Average Loss: 3.910, avg. samples / sec: 1446.99
Iteration:   9580, Loss function: 3.733, Average Loss: 3.907, avg. samples / sec: 1441.61
Iteration:   9600, Loss function: 3.944, Average Loss: 3.907, avg. samples / sec: 1445.39
Iteration:   9620, Loss function: 3.732, Average Loss: 3.904, avg. samples / sec: 1446.49
Iteration:   9640, Loss function: 3.539, Average Loss: 3.902, avg. samples / sec: 1439.32
Iteration:   9660, Loss function: 3.699, Average Loss: 3.900, avg. samples / sec: 1446.82
Iteration:   9680, Loss function: 3.958, Average Loss: 3.901, avg. samples / sec: 1444.18
Iteration:   9700, Loss function: 3.783, Average Loss: 3.901, avg. samples / sec: 1445.61
Iteration:   9720, Loss function: 3.941, Average Loss: 3.899, avg. samples / sec: 1439.13
Iteration:   9740, Loss function: 4.118, Average Loss: 3.898, avg. samples / sec: 1445.88
Iteration:   9760, Loss function: 4.108, Average Loss: 3.897, avg. samples / sec: 1441.78
:::MLL 1586389764.399 epoch_stop: {"value": null, "metadata": {"epoch_num": 30, "file": "train.py", "lineno": 819}}
:::MLL 1586389764.400 epoch_start: {"value": null, "metadata": {"epoch_num": 31, "file": "train.py", "lineno": 673}}
Iteration:   9780, Loss function: 3.546, Average Loss: 3.896, avg. samples / sec: 1441.72
Iteration:   9800, Loss function: 3.955, Average Loss: 3.895, avg. samples / sec: 1442.90
Iteration:   9820, Loss function: 3.861, Average Loss: 3.893, avg. samples / sec: 1444.32
Iteration:   9840, Loss function: 3.910, Average Loss: 3.892, avg. samples / sec: 1443.17
Iteration:   9860, Loss function: 4.045, Average Loss: 3.890, avg. samples / sec: 1441.75
Iteration:   9880, Loss function: 3.602, Average Loss: 3.889, avg. samples / sec: 1443.05
Iteration:   9900, Loss function: 3.606, Average Loss: 3.889, avg. samples / sec: 1445.84
Iteration:   9920, Loss function: 3.950, Average Loss: 3.888, avg. samples / sec: 1445.24
Iteration:   9940, Loss function: 4.054, Average Loss: 3.888, avg. samples / sec: 1441.82
Iteration:   9960, Loss function: 4.049, Average Loss: 3.887, avg. samples / sec: 1442.66
Iteration:   9980, Loss function: 3.689, Average Loss: 3.885, avg. samples / sec: 1445.47
Iteration:  10000, Loss function: 3.562, Average Loss: 3.884, avg. samples / sec: 1446.06
Iteration:  10020, Loss function: 3.784, Average Loss: 3.883, avg. samples / sec: 1445.75
Iteration:  10040, Loss function: 3.720, Average Loss: 3.882, avg. samples / sec: 1443.31
Iteration:  10060, Loss function: 3.496, Average Loss: 3.880, avg. samples / sec: 1446.32
Iteration:  10080, Loss function: 4.082, Average Loss: 3.880, avg. samples / sec: 1445.63
:::MLL 1586389845.416 epoch_stop: {"value": null, "metadata": {"epoch_num": 31, "file": "train.py", "lineno": 819}}
:::MLL 1586389845.416 epoch_start: {"value": null, "metadata": {"epoch_num": 32, "file": "train.py", "lineno": 673}}
Iteration:  10100, Loss function: 3.618, Average Loss: 3.878, avg. samples / sec: 1441.63
Iteration:  10120, Loss function: 3.641, Average Loss: 3.877, avg. samples / sec: 1446.31
Iteration:  10140, Loss function: 3.712, Average Loss: 3.876, avg. samples / sec: 1445.74
Iteration:  10160, Loss function: 3.760, Average Loss: 3.875, avg. samples / sec: 1446.11
Iteration:  10180, Loss function: 3.590, Average Loss: 3.873, avg. samples / sec: 1443.29
Iteration:  10200, Loss function: 3.745, Average Loss: 3.872, avg. samples / sec: 1442.77
Iteration:  10220, Loss function: 3.607, Average Loss: 3.872, avg. samples / sec: 1447.89
Iteration:  10240, Loss function: 3.839, Average Loss: 3.870, avg. samples / sec: 1442.49
Iteration:  10260, Loss function: 3.699, Average Loss: 3.867, avg. samples / sec: 1444.24
Iteration:  10280, Loss function: 3.918, Average Loss: 3.867, avg. samples / sec: 1447.38
Iteration:  10300, Loss function: 3.545, Average Loss: 3.865, avg. samples / sec: 1444.41
Iteration:  10320, Loss function: 4.053, Average Loss: 3.864, avg. samples / sec: 1448.03
Iteration:  10340, Loss function: 3.754, Average Loss: 3.863, avg. samples / sec: 1441.56
Iteration:  10360, Loss function: 3.826, Average Loss: 3.861, avg. samples / sec: 1441.27
Iteration:  10380, Loss function: 3.753, Average Loss: 3.860, avg. samples / sec: 1447.24
Iteration:  10400, Loss function: 3.512, Average Loss: 3.860, avg. samples / sec: 1442.14
Iteration:  10420, Loss function: 3.924, Average Loss: 3.860, avg. samples / sec: 1439.81
:::MLL 1586389926.677 epoch_stop: {"value": null, "metadata": {"epoch_num": 32, "file": "train.py", "lineno": 819}}
:::MLL 1586389926.678 epoch_start: {"value": null, "metadata": {"epoch_num": 33, "file": "train.py", "lineno": 673}}
Iteration:  10440, Loss function: 3.716, Average Loss: 3.860, avg. samples / sec: 1435.04
Iteration:  10460, Loss function: 3.689, Average Loss: 3.858, avg. samples / sec: 1447.41
Iteration:  10480, Loss function: 4.022, Average Loss: 3.857, avg. samples / sec: 1443.36
Iteration:  10500, Loss function: 3.622, Average Loss: 3.855, avg. samples / sec: 1447.53
Iteration:  10520, Loss function: 3.808, Average Loss: 3.853, avg. samples / sec: 1446.73
Iteration:  10540, Loss function: 3.643, Average Loss: 3.851, avg. samples / sec: 1445.72
Iteration:  10560, Loss function: 3.672, Average Loss: 3.849, avg. samples / sec: 1445.13
Iteration:  10580, Loss function: 3.751, Average Loss: 3.848, avg. samples / sec: 1447.80
Iteration:  10600, Loss function: 3.896, Average Loss: 3.848, avg. samples / sec: 1447.45
Iteration:  10620, Loss function: 3.841, Average Loss: 3.847, avg. samples / sec: 1444.25
Iteration:  10640, Loss function: 3.921, Average Loss: 3.848, avg. samples / sec: 1442.95
Iteration:  10660, Loss function: 3.880, Average Loss: 3.848, avg. samples / sec: 1447.62
:::MLL 1586389987.225 eval_start: {"value": null, "metadata": {"epoch_num": 33, "file": "train.py", "lineno": 276}}
Parsing batch: 0/11Parsing batch: 0/11Parsing batch: 0/11Parsing batch: 1/11Parsing batch: 1/11Parsing batch: 1/11Parsing batch: 2/11Parsing batch: 2/11Parsing batch: 2/11Parsing batch: 3/11Parsing batch: 3/11Parsing batch: 3/11Parsing batch: 4/11Parsing batch: 4/11Parsing batch: 4/11Parsing batch: 5/11Parsing batch: 5/11Parsing batch: 5/11Parsing batch: 6/11Parsing batch: 6/11Parsing batch: 6/11Parsing batch: 7/11Parsing batch: 7/11Parsing batch: 7/11Parsing batch: 8/11Parsing batch: 8/11Parsing batch: 8/11Parsing batch: 9/11Parsing batch: 9/11Parsing batch: 9/11Parsing batch: 10/11Parsing batch: 10/11Parsing batch: 10/11Predicting Ended, total time: 13.28 s
Loading and preparing results...
Loading and preparing results...
Loading and preparing results...
DONE (t=0.48s)
DONE (t=0.49s)
DONE (t=0.49s)
Running per image evaluation...
Evaluate annotation type *bbox*
DONE (t=2.54s).
Accumulating evaluation results...
DONE (t=0.00s).
 Average Precision  (AP) @[ IoU=0.50:0.95 | area=   all | maxDets=100 ] = 0.18679
 Average Precision  (AP) @[ IoU=0.50      | area=   all | maxDets=100 ] = 0.33891
 Average Precision  (AP) @[ IoU=0.75      | area=   all | maxDets=100 ] = 0.18762
 Average Precision  (AP) @[ IoU=0.50:0.95 | area= small | maxDets=100 ] = 0.04957
 Average Precision  (AP) @[ IoU=0.50:0.95 | area=medium | maxDets=100 ] = 0.19867
 Average Precision  (AP) @[ IoU=0.50:0.95 | area= large | maxDets=100 ] = 0.29695
 Average Recall     (AR) @[ IoU=0.50:0.95 | area=   all | maxDets=  1 ] = 0.19383
 Average Recall     (AR) @[ IoU=0.50:0.95 | area=   all | maxDets= 10 ] = 0.28511
 Average Recall     (AR) @[ IoU=0.50:0.95 | area=   all | maxDets=100 ] = 0.30082
 Average Recall     (AR) @[ IoU=0.50:0.95 | area= small | maxDets=100 ] = 0.08561
 Average Recall     (AR) @[ IoU=0.50:0.95 | area=medium | maxDets=100 ] = 0.32560
 Average Recall     (AR) @[ IoU=0.50:0.95 | area= large | maxDets=100 ] = 0.46920
Current AP: 0.18679 AP goal: 0.23000
:::MLL 1586390003.651 eval_accuracy: {"value": 0.18678766101926056, "metadata": {"epoch_num": 33, "file": "train.py", "lineno": 389}}
:::MLL 1586390003.676 eval_stop: {"value": null, "metadata": {"epoch_num": 33, "file": "train.py", "lineno": 392}}
:::MLL 1586390003.687 block_stop: {"value": null, "metadata": {"first_epoch_num": 1, "file": "train.py", "lineno": 804}}
:::MLL 1586390003.687 block_start: {"value": null, "metadata": {"first_epoch_num": 33, "epoch_count": 10.915354834308324, "file": "train.py", "lineno": 813}}
Iteration:  10680, Loss function: 3.821, Average Loss: 3.848, avg. samples / sec: 335.40
Iteration:  10700, Loss function: 3.875, Average Loss: 3.846, avg. samples / sec: 1446.97
Iteration:  10720, Loss function: 3.814, Average Loss: 3.845, avg. samples / sec: 1442.08
Iteration:  10740, Loss function: 4.033, Average Loss: 3.845, avg. samples / sec: 1446.31
:::MLL 1586390024.371 epoch_stop: {"value": null, "metadata": {"epoch_num": 33, "file": "train.py", "lineno": 819}}
:::MLL 1586390024.372 epoch_start: {"value": null, "metadata": {"epoch_num": 34, "file": "train.py", "lineno": 673}}
Iteration:  10760, Loss function: 3.903, Average Loss: 3.845, avg. samples / sec: 1443.49
Iteration:  10780, Loss function: 3.765, Average Loss: 3.843, avg. samples / sec: 1446.22
Iteration:  10800, Loss function: 3.667, Average Loss: 3.843, avg. samples / sec: 1446.13
Iteration:  10820, Loss function: 3.763, Average Loss: 3.841, avg. samples / sec: 1445.61
Iteration:  10840, Loss function: 4.010, Average Loss: 3.840, avg. samples / sec: 1441.83
Iteration:  10860, Loss function: 3.679, Average Loss: 3.838, avg. samples / sec: 1442.86
Iteration:  10880, Loss function: 3.707, Average Loss: 3.837, avg. samples / sec: 1445.15
Iteration:  10900, Loss function: 3.814, Average Loss: 3.836, avg. samples / sec: 1443.28
Iteration:  10920, Loss function: 3.760, Average Loss: 3.836, avg. samples / sec: 1439.07
Iteration:  10940, Loss function: 3.760, Average Loss: 3.835, avg. samples / sec: 1445.34
Iteration:  10960, Loss function: 3.780, Average Loss: 3.836, avg. samples / sec: 1440.28
Iteration:  10980, Loss function: 3.797, Average Loss: 3.836, avg. samples / sec: 1445.45
Iteration:  11000, Loss function: 4.038, Average Loss: 3.835, avg. samples / sec: 1442.86
Iteration:  11020, Loss function: 3.865, Average Loss: 3.833, avg. samples / sec: 1441.01
Iteration:  11040, Loss function: 3.984, Average Loss: 3.832, avg. samples / sec: 1443.06
Iteration:  11060, Loss function: 4.100, Average Loss: 3.831, avg. samples / sec: 1437.71
:::MLL 1586390105.710 epoch_stop: {"value": null, "metadata": {"epoch_num": 34, "file": "train.py", "lineno": 819}}
:::MLL 1586390105.710 epoch_start: {"value": null, "metadata": {"epoch_num": 35, "file": "train.py", "lineno": 673}}
Iteration:  11080, Loss function: 3.910, Average Loss: 3.831, avg. samples / sec: 1439.17
Iteration:  11100, Loss function: 3.696, Average Loss: 3.829, avg. samples / sec: 1438.59
Iteration:  11120, Loss function: 3.674, Average Loss: 3.828, avg. samples / sec: 1442.70
Iteration:  11140, Loss function: 3.644, Average Loss: 3.829, avg. samples / sec: 1445.55
Iteration:  11160, Loss function: 3.889, Average Loss: 3.827, avg. samples / sec: 1443.43
Iteration:  11180, Loss function: 3.923, Average Loss: 3.826, avg. samples / sec: 1443.42
Iteration:  11200, Loss function: 4.193, Average Loss: 3.825, avg. samples / sec: 1441.00
Iteration:  11220, Loss function: 3.460, Average Loss: 3.823, avg. samples / sec: 1439.79
Iteration:  11240, Loss function: 3.831, Average Loss: 3.822, avg. samples / sec: 1441.36
Iteration:  11260, Loss function: 4.072, Average Loss: 3.823, avg. samples / sec: 1440.59
Iteration:  11280, Loss function: 3.695, Average Loss: 3.822, avg. samples / sec: 1437.53
Iteration:  11300, Loss function: 3.752, Average Loss: 3.822, avg. samples / sec: 1440.83
Iteration:  11320, Loss function: 3.599, Average Loss: 3.821, avg. samples / sec: 1441.34
Iteration:  11340, Loss function: 3.727, Average Loss: 3.821, avg. samples / sec: 1441.89
Iteration:  11360, Loss function: 4.004, Average Loss: 3.821, avg. samples / sec: 1441.93
Iteration:  11380, Loss function: 3.760, Average Loss: 3.819, avg. samples / sec: 1439.47
Iteration:  11400, Loss function: 3.767, Average Loss: 3.818, avg. samples / sec: 1446.10
:::MLL 1586390186.881 epoch_stop: {"value": null, "metadata": {"epoch_num": 35, "file": "train.py", "lineno": 819}}
:::MLL 1586390186.881 epoch_start: {"value": null, "metadata": {"epoch_num": 36, "file": "train.py", "lineno": 673}}
Iteration:  11420, Loss function: 3.754, Average Loss: 3.817, avg. samples / sec: 1441.90
Iteration:  11440, Loss function: 3.819, Average Loss: 3.816, avg. samples / sec: 1443.05
Iteration:  11460, Loss function: 3.761, Average Loss: 3.814, avg. samples / sec: 1434.53
Iteration:  11480, Loss function: 3.788, Average Loss: 3.813, avg. samples / sec: 1437.89
Iteration:  11500, Loss function: 3.652, Average Loss: 3.812, avg. samples / sec: 1440.89
Iteration:  11520, Loss function: 3.678, Average Loss: 3.812, avg. samples / sec: 1441.32
Iteration:  11540, Loss function: 3.976, Average Loss: 3.813, avg. samples / sec: 1443.07
Iteration:  11560, Loss function: 3.681, Average Loss: 3.813, avg. samples / sec: 1441.37
Iteration:  11580, Loss function: 3.715, Average Loss: 3.811, avg. samples / sec: 1445.07
Iteration:  11600, Loss function: 3.867, Average Loss: 3.812, avg. samples / sec: 1444.17
Iteration:  11620, Loss function: 3.641, Average Loss: 3.812, avg. samples / sec: 1442.69
Iteration:  11640, Loss function: 3.567, Average Loss: 3.811, avg. samples / sec: 1441.91
Iteration:  11660, Loss function: 3.737, Average Loss: 3.811, avg. samples / sec: 1441.94
Iteration:  11680, Loss function: 3.598, Average Loss: 3.811, avg. samples / sec: 1446.77
Iteration:  11700, Loss function: 3.712, Average Loss: 3.810, avg. samples / sec: 1444.07
Iteration:  11720, Loss function: 3.789, Average Loss: 3.809, avg. samples / sec: 1448.19
:::MLL 1586390268.243 epoch_stop: {"value": null, "metadata": {"epoch_num": 36, "file": "train.py", "lineno": 819}}
:::MLL 1586390268.244 epoch_start: {"value": null, "metadata": {"epoch_num": 37, "file": "train.py", "lineno": 673}}
Iteration:  11740, Loss function: 3.802, Average Loss: 3.808, avg. samples / sec: 1443.47
Iteration:  11760, Loss function: 3.596, Average Loss: 3.806, avg. samples / sec: 1440.16
Iteration:  11780, Loss function: 3.706, Average Loss: 3.805, avg. samples / sec: 1441.68
Iteration:  11800, Loss function: 3.510, Average Loss: 3.803, avg. samples / sec: 1438.71
Iteration:  11820, Loss function: 3.768, Average Loss: 3.802, avg. samples / sec: 1441.94
Iteration:  11840, Loss function: 4.166, Average Loss: 3.801, avg. samples / sec: 1443.29
Iteration:  11860, Loss function: 3.704, Average Loss: 3.801, avg. samples / sec: 1441.97
Iteration:  11880, Loss function: 3.679, Average Loss: 3.800, avg. samples / sec: 1443.34
Iteration:  11900, Loss function: 3.854, Average Loss: 3.799, avg. samples / sec: 1442.33
Iteration:  11920, Loss function: 3.479, Average Loss: 3.799, avg. samples / sec: 1439.46
Iteration:  11940, Loss function: 3.521, Average Loss: 3.798, avg. samples / sec: 1444.14
Iteration:  11960, Loss function: 3.736, Average Loss: 3.798, avg. samples / sec: 1446.03
Iteration:  11980, Loss function: 3.916, Average Loss: 3.797, avg. samples / sec: 1443.39
Iteration:  12000, Loss function: 3.866, Average Loss: 3.796, avg. samples / sec: 1441.41
Iteration:  12020, Loss function: 3.534, Average Loss: 3.795, avg. samples / sec: 1438.72
Iteration:  12040, Loss function: 3.752, Average Loss: 3.795, avg. samples / sec: 1441.07
:::MLL 1586390349.628 epoch_stop: {"value": null, "metadata": {"epoch_num": 37, "file": "train.py", "lineno": 819}}
:::MLL 1586390349.629 epoch_start: {"value": null, "metadata": {"epoch_num": 38, "file": "train.py", "lineno": 673}}
Iteration:  12060, Loss function: 3.736, Average Loss: 3.794, avg. samples / sec: 1443.04
Iteration:  12080, Loss function: 3.737, Average Loss: 3.792, avg. samples / sec: 1443.27
Iteration:  12100, Loss function: 3.678, Average Loss: 3.790, avg. samples / sec: 1440.80
Iteration:  12120, Loss function: 3.626, Average Loss: 3.788, avg. samples / sec: 1445.42
Iteration:  12140, Loss function: 3.543, Average Loss: 3.787, avg. samples / sec: 1445.03
Iteration:  12160, Loss function: 3.671, Average Loss: 3.785, avg. samples / sec: 1445.09
Iteration:  12180, Loss function: 3.664, Average Loss: 3.783, avg. samples / sec: 1443.37
Iteration:  12200, Loss function: 4.076, Average Loss: 3.783, avg. samples / sec: 1445.13
Iteration:  12220, Loss function: 3.901, Average Loss: 3.782, avg. samples / sec: 1438.90
Iteration:  12240, Loss function: 3.793, Average Loss: 3.781, avg. samples / sec: 1440.76
Iteration:  12260, Loss function: 3.593, Average Loss: 3.781, avg. samples / sec: 1443.39
Iteration:  12280, Loss function: 3.770, Average Loss: 3.780, avg. samples / sec: 1441.68
Iteration:  12300, Loss function: 3.734, Average Loss: 3.779, avg. samples / sec: 1445.15
Iteration:  12320, Loss function: 3.879, Average Loss: 3.778, avg. samples / sec: 1442.31
Iteration:  12340, Loss function: 3.725, Average Loss: 3.778, avg. samples / sec: 1443.61
Iteration:  12360, Loss function: 3.486, Average Loss: 3.777, avg. samples / sec: 1446.74
:::MLL 1586390430.949 epoch_stop: {"value": null, "metadata": {"epoch_num": 38, "file": "train.py", "lineno": 819}}
:::MLL 1586390430.949 epoch_start: {"value": null, "metadata": {"epoch_num": 39, "file": "train.py", "lineno": 673}}
Iteration:  12380, Loss function: 3.590, Average Loss: 3.776, avg. samples / sec: 1440.80
Iteration:  12400, Loss function: 3.557, Average Loss: 3.774, avg. samples / sec: 1442.90
Iteration:  12420, Loss function: 3.557, Average Loss: 3.772, avg. samples / sec: 1443.00
Iteration:  12440, Loss function: 3.570, Average Loss: 3.771, avg. samples / sec: 1441.80
Iteration:  12460, Loss function: 3.762, Average Loss: 3.770, avg. samples / sec: 1442.30
Iteration:  12480, Loss function: 3.512, Average Loss: 3.769, avg. samples / sec: 1442.24
Iteration:  12500, Loss function: 3.795, Average Loss: 3.770, avg. samples / sec: 1442.34
Iteration:  12520, Loss function: 3.525, Average Loss: 3.769, avg. samples / sec: 1443.72
Iteration:  12540, Loss function: 3.458, Average Loss: 3.768, avg. samples / sec: 1444.01
Iteration:  12560, Loss function: 3.859, Average Loss: 3.766, avg. samples / sec: 1442.95
Iteration:  12580, Loss function: 3.844, Average Loss: 3.766, avg. samples / sec: 1439.60
Iteration:  12600, Loss function: 3.477, Average Loss: 3.765, avg. samples / sec: 1438.38
Iteration:  12620, Loss function: 3.620, Average Loss: 3.764, avg. samples / sec: 1434.30
Iteration:  12640, Loss function: 3.519, Average Loss: 3.764, avg. samples / sec: 1437.58
Iteration:  12660, Loss function: 3.853, Average Loss: 3.764, avg. samples / sec: 1441.70
Iteration:  12680, Loss function: 3.502, Average Loss: 3.763, avg. samples / sec: 1444.58
Iteration:  12700, Loss function: 3.607, Average Loss: 3.763, avg. samples / sec: 1441.56
:::MLL 1586390512.128 epoch_stop: {"value": null, "metadata": {"epoch_num": 39, "file": "train.py", "lineno": 819}}
:::MLL 1586390512.128 epoch_start: {"value": null, "metadata": {"epoch_num": 40, "file": "train.py", "lineno": 673}}
Iteration:  12720, Loss function: 3.975, Average Loss: 3.762, avg. samples / sec: 1432.48
Iteration:  12740, Loss function: 3.400, Average Loss: 3.761, avg. samples / sec: 1441.69
Iteration:  12760, Loss function: 3.880, Average Loss: 3.759, avg. samples / sec: 1442.28
Iteration:  12780, Loss function: 3.697, Average Loss: 3.759, avg. samples / sec: 1442.97
Iteration:  12800, Loss function: 3.826, Average Loss: 3.757, avg. samples / sec: 1440.61
Iteration:  12820, Loss function: 3.812, Average Loss: 3.757, avg. samples / sec: 1441.92
Iteration:  12840, Loss function: 3.642, Average Loss: 3.756, avg. samples / sec: 1443.04
Iteration:  12860, Loss function: 3.732, Average Loss: 3.755, avg. samples / sec: 1442.60
Iteration:  12880, Loss function: 3.632, Average Loss: 3.754, avg. samples / sec: 1441.12
Iteration:  12900, Loss function: 3.861, Average Loss: 3.754, avg. samples / sec: 1444.06
Iteration:  12920, Loss function: 3.801, Average Loss: 3.754, avg. samples / sec: 1444.83
Iteration:  12940, Loss function: 3.692, Average Loss: 3.755, avg. samples / sec: 1439.10
Iteration:  12960, Loss function: 3.590, Average Loss: 3.753, avg. samples / sec: 1440.39
Iteration:  12980, Loss function: 3.689, Average Loss: 3.752, avg. samples / sec: 1438.88
Iteration:  13000, Loss function: 3.717, Average Loss: 3.752, avg. samples / sec: 1438.94
Iteration:  13020, Loss function: 4.007, Average Loss: 3.751, avg. samples / sec: 1440.04
:::MLL 1586390593.575 epoch_stop: {"value": null, "metadata": {"epoch_num": 40, "file": "train.py", "lineno": 819}}
:::MLL 1586390593.576 epoch_start: {"value": null, "metadata": {"epoch_num": 41, "file": "train.py", "lineno": 673}}
Iteration:  13040, Loss function: 3.739, Average Loss: 3.750, avg. samples / sec: 1434.87
Iteration:  13060, Loss function: 3.573, Average Loss: 3.749, avg. samples / sec: 1442.62
Iteration:  13080, Loss function: 3.602, Average Loss: 3.747, avg. samples / sec: 1443.25
Iteration:  13100, Loss function: 3.754, Average Loss: 3.746, avg. samples / sec: 1440.94
Iteration:  13120, Loss function: 3.804, Average Loss: 3.745, avg. samples / sec: 1435.52
Iteration:  13140, Loss function: 3.649, Average Loss: 3.745, avg. samples / sec: 1435.32
Iteration:  13160, Loss function: 4.112, Average Loss: 3.745, avg. samples / sec: 1446.55
Iteration:  13180, Loss function: 3.966, Average Loss: 3.744, avg. samples / sec: 1441.08
Iteration:  13200, Loss function: 3.867, Average Loss: 3.745, avg. samples / sec: 1445.10
Iteration:  13220, Loss function: 3.377, Average Loss: 3.745, avg. samples / sec: 1442.44
Iteration:  13240, Loss function: 3.584, Average Loss: 3.745, avg. samples / sec: 1442.32
Iteration:  13260, Loss function: 3.853, Average Loss: 3.744, avg. samples / sec: 1441.02
Iteration:  13280, Loss function: 3.890, Average Loss: 3.743, avg. samples / sec: 1442.57
Iteration:  13300, Loss function: 3.905, Average Loss: 3.743, avg. samples / sec: 1442.06
Iteration:  13320, Loss function: 3.403, Average Loss: 3.741, avg. samples / sec: 1441.66
Iteration:  13340, Loss function: 3.547, Average Loss: 3.740, avg. samples / sec: 1439.90
:::MLL 1586390675.021 epoch_stop: {"value": null, "metadata": {"epoch_num": 41, "file": "train.py", "lineno": 819}}
:::MLL 1586390675.022 epoch_start: {"value": null, "metadata": {"epoch_num": 42, "file": "train.py", "lineno": 673}}
Iteration:  13360, Loss function: 3.369, Average Loss: 3.739, avg. samples / sec: 1436.67
Iteration:  13380, Loss function: 3.510, Average Loss: 3.738, avg. samples / sec: 1440.80
Iteration:  13400, Loss function: 3.957, Average Loss: 3.737, avg. samples / sec: 1443.89
Iteration:  13420, Loss function: 3.816, Average Loss: 3.736, avg. samples / sec: 1439.95
Iteration:  13440, Loss function: 3.644, Average Loss: 3.736, avg. samples / sec: 1441.10
Iteration:  13460, Loss function: 3.577, Average Loss: 3.734, avg. samples / sec: 1440.53
Iteration:  13480, Loss function: 3.996, Average Loss: 3.733, avg. samples / sec: 1443.74
Iteration:  13500, Loss function: 3.463, Average Loss: 3.732, avg. samples / sec: 1446.78
Iteration:  13520, Loss function: 3.912, Average Loss: 3.731, avg. samples / sec: 1442.75
Iteration:  13540, Loss function: 3.961, Average Loss: 3.731, avg. samples / sec: 1442.58
Iteration:  13560, Loss function: 3.729, Average Loss: 3.731, avg. samples / sec: 1439.51
Iteration:  13580, Loss function: 3.743, Average Loss: 3.730, avg. samples / sec: 1435.82
Iteration:  13600, Loss function: 3.907, Average Loss: 3.729, avg. samples / sec: 1436.83
Iteration:  13620, Loss function: 3.486, Average Loss: 3.730, avg. samples / sec: 1443.99
Iteration:  13640, Loss function: 3.340, Average Loss: 3.730, avg. samples / sec: 1436.94
Iteration:  13660, Loss function: 3.709, Average Loss: 3.731, avg. samples / sec: 1438.00
Iteration:  13680, Loss function: 3.643, Average Loss: 3.732, avg. samples / sec: 1442.03
:::MLL 1586390756.477 epoch_stop: {"value": null, "metadata": {"epoch_num": 42, "file": "train.py", "lineno": 819}}
:::MLL 1586390756.478 epoch_start: {"value": null, "metadata": {"epoch_num": 43, "file": "train.py", "lineno": 673}}
Iteration:  13700, Loss function: 3.758, Average Loss: 3.731, avg. samples / sec: 1437.47
Iteration:  13720, Loss function: 3.819, Average Loss: 3.730, avg. samples / sec: 1442.66
Iteration:  13740, Loss function: 3.649, Average Loss: 3.728, avg. samples / sec: 1441.22
Iteration:  13760, Loss function: 3.683, Average Loss: 3.728, avg. samples / sec: 1443.01
Iteration:  13780, Loss function: 3.739, Average Loss: 3.728, avg. samples / sec: 1438.64
Iteration:  13800, Loss function: 3.427, Average Loss: 3.726, avg. samples / sec: 1443.20
Iteration:  13820, Loss function: 3.730, Average Loss: 3.725, avg. samples / sec: 1436.59
Iteration:  13840, Loss function: 3.380, Average Loss: 3.724, avg. samples / sec: 1444.01
Iteration:  13860, Loss function: 3.751, Average Loss: 3.724, avg. samples / sec: 1433.52
Iteration:  13880, Loss function: 3.590, Average Loss: 3.724, avg. samples / sec: 1438.42
Iteration:  13900, Loss function: 3.773, Average Loss: 3.723, avg. samples / sec: 1443.89
Iteration:  13920, Loss function: 3.516, Average Loss: 3.723, avg. samples / sec: 1440.69
Iteration:  13940, Loss function: 3.720, Average Loss: 3.722, avg. samples / sec: 1443.37
Iteration:  13960, Loss function: 3.895, Average Loss: 3.722, avg. samples / sec: 1442.62
Iteration:  13980, Loss function: 3.982, Average Loss: 3.723, avg. samples / sec: 1440.90
Iteration:  14000, Loss function: 3.572, Average Loss: 3.723, avg. samples / sec: 1440.05
:::MLL 1586390837.694 epoch_stop: {"value": null, "metadata": {"epoch_num": 43, "file": "train.py", "lineno": 819}}
:::MLL 1586390837.694 epoch_start: {"value": null, "metadata": {"epoch_num": 44, "file": "train.py", "lineno": 673}}
Iteration:  14020, Loss function: 3.567, Average Loss: 3.723, avg. samples / sec: 1439.23
Iteration:  14040, Loss function: 3.965, Average Loss: 3.722, avg. samples / sec: 1442.57
Iteration:  14060, Loss function: 3.525, Average Loss: 3.721, avg. samples / sec: 1442.13
Iteration:  14080, Loss function: 3.696, Average Loss: 3.720, avg. samples / sec: 1443.06
Iteration:  14100, Loss function: 3.812, Average Loss: 3.719, avg. samples / sec: 1439.60
Iteration:  14120, Loss function: 4.087, Average Loss: 3.718, avg. samples / sec: 1438.54
Iteration:  14140, Loss function: 3.599, Average Loss: 3.718, avg. samples / sec: 1442.05
Iteration:  14160, Loss function: 3.700, Average Loss: 3.718, avg. samples / sec: 1439.67
Iteration:  14180, Loss function: 3.850, Average Loss: 3.718, avg. samples / sec: 1436.35
Iteration:  14200, Loss function: 3.528, Average Loss: 3.717, avg. samples / sec: 1437.15
Iteration:  14220, Loss function: 3.583, Average Loss: 3.717, avg. samples / sec: 1442.13
lr decay step #1
:::MLL 1586390891.688 eval_start: {"value": null, "metadata": {"epoch_num": 44, "file": "train.py", "lineno": 276}}
Parsing batch: 0/11Parsing batch: 0/11Parsing batch: 0/11Parsing batch: 1/11Parsing batch: 1/11Parsing batch: 1/11Parsing batch: 2/11Parsing batch: 2/11Parsing batch: 2/11Parsing batch: 3/11Parsing batch: 3/11Parsing batch: 3/11Parsing batch: 4/11Parsing batch: 4/11Parsing batch: 4/11Parsing batch: 5/11Parsing batch: 5/11Parsing batch: 5/11Parsing batch: 6/11Parsing batch: 6/11Parsing batch: 6/11Parsing batch: 7/11Parsing batch: 7/11Parsing batch: 7/11Parsing batch: 8/11Parsing batch: 8/11Parsing batch: 8/11Parsing batch: 9/11Parsing batch: 9/11Parsing batch: 9/11Parsing batch: 10/11Parsing batch: 10/11Parsing batch: 10/11Predicting Ended, total time: 13.63 s
Loading and preparing results...
Loading and preparing results...
Loading and preparing results...
DONE (t=0.64s)
DONE (t=0.66s)
Running per image evaluation...
Evaluate annotation type *bbox*
DONE (t=0.67s)
DONE (t=2.65s).
Accumulating evaluation results...
DONE (t=0.00s).
 Average Precision  (AP) @[ IoU=0.50:0.95 | area=   all | maxDets=100 ] = 0.18538
 Average Precision  (AP) @[ IoU=0.50      | area=   all | maxDets=100 ] = 0.33470
 Average Precision  (AP) @[ IoU=0.75      | area=   all | maxDets=100 ] = 0.18558
 Average Precision  (AP) @[ IoU=0.50:0.95 | area= small | maxDets=100 ] = 0.04754
 Average Precision  (AP) @[ IoU=0.50:0.95 | area=medium | maxDets=100 ] = 0.18957
 Average Precision  (AP) @[ IoU=0.50:0.95 | area= large | maxDets=100 ] = 0.30686
 Average Recall     (AR) @[ IoU=0.50:0.95 | area=   all | maxDets=  1 ] = 0.19178
 Average Recall     (AR) @[ IoU=0.50:0.95 | area=   all | maxDets= 10 ] = 0.27996
 Average Recall     (AR) @[ IoU=0.50:0.95 | area=   all | maxDets=100 ] = 0.29582
 Average Recall     (AR) @[ IoU=0.50:0.95 | area= small | maxDets=100 ] = 0.08602
 Average Recall     (AR) @[ IoU=0.50:0.95 | area=medium | maxDets=100 ] = 0.31476
 Average Recall     (AR) @[ IoU=0.50:0.95 | area= large | maxDets=100 ] = 0.46052
Current AP: 0.18538 AP goal: 0.23000
:::MLL 1586390908.723 eval_accuracy: {"value": 0.18538490585456768, "metadata": {"epoch_num": 44, "file": "train.py", "lineno": 389}}
:::MLL 1586390908.766 eval_stop: {"value": null, "metadata": {"epoch_num": 44, "file": "train.py", "lineno": 392}}
:::MLL 1586390908.780 block_stop: {"value": null, "metadata": {"first_epoch_num": 33, "file": "train.py", "lineno": 804}}
:::MLL 1586390908.780 block_start: {"value": null, "metadata": {"first_epoch_num": 44, "epoch_count": 5.457677417154162, "file": "train.py", "lineno": 813}}
Iteration:  14240, Loss function: 3.706, Average Loss: 3.715, avg. samples / sec: 326.20
Iteration:  14260, Loss function: 3.320, Average Loss: 3.712, avg. samples / sec: 1447.27
Iteration:  14280, Loss function: 3.346, Average Loss: 3.707, avg. samples / sec: 1447.66
Iteration:  14300, Loss function: 3.351, Average Loss: 3.702, avg. samples / sec: 1447.43
Iteration:  14320, Loss function: 3.257, Average Loss: 3.698, avg. samples / sec: 1448.69
:::MLL 1586390936.137 epoch_stop: {"value": null, "metadata": {"epoch_num": 44, "file": "train.py", "lineno": 819}}
:::MLL 1586390936.138 epoch_start: {"value": null, "metadata": {"epoch_num": 45, "file": "train.py", "lineno": 673}}
Iteration:  14340, Loss function: 3.557, Average Loss: 3.692, avg. samples / sec: 1443.50
Iteration:  14360, Loss function: 3.177, Average Loss: 3.687, avg. samples / sec: 1442.67
Iteration:  14380, Loss function: 3.398, Average Loss: 3.680, avg. samples / sec: 1444.21
Iteration:  14400, Loss function: 3.349, Average Loss: 3.673, avg. samples / sec: 1440.89
Iteration:  14420, Loss function: 3.257, Average Loss: 3.667, avg. samples / sec: 1442.26
Iteration:  14440, Loss function: 3.304, Average Loss: 3.661, avg. samples / sec: 1442.07
Iteration:  14460, Loss function: 3.304, Average Loss: 3.655, avg. samples / sec: 1440.06
Iteration:  14480, Loss function: 3.470, Average Loss: 3.649, avg. samples / sec: 1442.34
Iteration:  14500, Loss function: 3.439, Average Loss: 3.643, avg. samples / sec: 1435.05
Iteration:  14520, Loss function: 3.167, Average Loss: 3.636, avg. samples / sec: 1440.70
Iteration:  14540, Loss function: 3.007, Average Loss: 3.631, avg. samples / sec: 1441.86
Iteration:  14560, Loss function: 3.284, Average Loss: 3.625, avg. samples / sec: 1445.72
Iteration:  14580, Loss function: 3.191, Average Loss: 3.619, avg. samples / sec: 1437.74
Iteration:  14600, Loss function: 3.106, Average Loss: 3.612, avg. samples / sec: 1445.50
Iteration:  14620, Loss function: 3.136, Average Loss: 3.608, avg. samples / sec: 1440.44
Iteration:  14640, Loss function: 3.105, Average Loss: 3.602, avg. samples / sec: 1442.01
:::MLL 1586391017.545 epoch_stop: {"value": null, "metadata": {"epoch_num": 45, "file": "train.py", "lineno": 819}}
:::MLL 1586391017.545 epoch_start: {"value": null, "metadata": {"epoch_num": 46, "file": "train.py", "lineno": 673}}
Iteration:  14660, Loss function: 2.934, Average Loss: 3.597, avg. samples / sec: 1442.05
Iteration:  14680, Loss function: 3.531, Average Loss: 3.592, avg. samples / sec: 1440.28
Iteration:  14700, Loss function: 3.138, Average Loss: 3.586, avg. samples / sec: 1436.90
Iteration:  14720, Loss function: 3.476, Average Loss: 3.580, avg. samples / sec: 1438.92
Iteration:  14740, Loss function: 3.669, Average Loss: 3.574, avg. samples / sec: 1441.16
Iteration:  14760, Loss function: 3.375, Average Loss: 3.569, avg. samples / sec: 1442.06
Iteration:  14780, Loss function: 3.336, Average Loss: 3.565, avg. samples / sec: 1439.56
Iteration:  14800, Loss function: 3.334, Average Loss: 3.559, avg. samples / sec: 1438.24
Iteration:  14820, Loss function: 3.121, Average Loss: 3.554, avg. samples / sec: 1444.71
Iteration:  14840, Loss function: 3.427, Average Loss: 3.549, avg. samples / sec: 1442.71
Iteration:  14860, Loss function: 3.393, Average Loss: 3.546, avg. samples / sec: 1440.75
Iteration:  14880, Loss function: 3.231, Average Loss: 3.540, avg. samples / sec: 1441.79
Iteration:  14900, Loss function: 3.167, Average Loss: 3.535, avg. samples / sec: 1440.09
Iteration:  14920, Loss function: 3.403, Average Loss: 3.531, avg. samples / sec: 1440.61
Iteration:  14940, Loss function: 3.293, Average Loss: 3.526, avg. samples / sec: 1439.28
Iteration:  14960, Loss function: 3.109, Average Loss: 3.521, avg. samples / sec: 1438.19
Iteration:  14980, Loss function: 3.153, Average Loss: 3.516, avg. samples / sec: 1439.25
:::MLL 1586391098.792 epoch_stop: {"value": null, "metadata": {"epoch_num": 46, "file": "train.py", "lineno": 819}}
:::MLL 1586391098.793 epoch_start: {"value": null, "metadata": {"epoch_num": 47, "file": "train.py", "lineno": 673}}
Iteration:  15000, Loss function: 3.303, Average Loss: 3.513, avg. samples / sec: 1437.05
Iteration:  15020, Loss function: 3.492, Average Loss: 3.509, avg. samples / sec: 1437.64
Iteration:  15040, Loss function: 3.237, Average Loss: 3.506, avg. samples / sec: 1441.10
Iteration:  15060, Loss function: 3.162, Average Loss: 3.502, avg. samples / sec: 1437.42
Iteration:  15080, Loss function: 3.339, Average Loss: 3.497, avg. samples / sec: 1440.02
Iteration:  15100, Loss function: 3.241, Average Loss: 3.494, avg. samples / sec: 1441.06
Iteration:  15120, Loss function: 3.395, Average Loss: 3.488, avg. samples / sec: 1445.61
Iteration:  15140, Loss function: 3.413, Average Loss: 3.484, avg. samples / sec: 1435.60
Iteration:  15160, Loss function: 3.439, Average Loss: 3.480, avg. samples / sec: 1438.80
Iteration:  15180, Loss function: 3.336, Average Loss: 3.476, avg. samples / sec: 1444.43
Iteration:  15200, Loss function: 3.364, Average Loss: 3.472, avg. samples / sec: 1443.50
Iteration:  15220, Loss function: 3.417, Average Loss: 3.469, avg. samples / sec: 1444.49
Iteration:  15240, Loss function: 3.174, Average Loss: 3.465, avg. samples / sec: 1442.10
Iteration:  15260, Loss function: 3.278, Average Loss: 3.462, avg. samples / sec: 1443.54
Iteration:  15280, Loss function: 3.310, Average Loss: 3.457, avg. samples / sec: 1439.59
Iteration:  15300, Loss function: 3.735, Average Loss: 3.455, avg. samples / sec: 1443.83
:::MLL 1586391180.222 epoch_stop: {"value": null, "metadata": {"epoch_num": 47, "file": "train.py", "lineno": 819}}
:::MLL 1586391180.223 epoch_start: {"value": null, "metadata": {"epoch_num": 48, "file": "train.py", "lineno": 673}}
Iteration:  15320, Loss function: 3.137, Average Loss: 3.451, avg. samples / sec: 1441.77
Iteration:  15340, Loss function: 3.394, Average Loss: 3.448, avg. samples / sec: 1440.80
Iteration:  15360, Loss function: 3.229, Average Loss: 3.445, avg. samples / sec: 1435.93
Iteration:  15380, Loss function: 3.293, Average Loss: 3.442, avg. samples / sec: 1439.86
Iteration:  15400, Loss function: 3.518, Average Loss: 3.439, avg. samples / sec: 1437.37
Iteration:  15420, Loss function: 3.264, Average Loss: 3.436, avg. samples / sec: 1441.29
Iteration:  15440, Loss function: 3.147, Average Loss: 3.432, avg. samples / sec: 1436.51
Iteration:  15460, Loss function: 3.307, Average Loss: 3.430, avg. samples / sec: 1440.45
Iteration:  15480, Loss function: 3.261, Average Loss: 3.427, avg. samples / sec: 1433.83
Iteration:  15500, Loss function: 3.328, Average Loss: 3.424, avg. samples / sec: 1438.43
Iteration:  15520, Loss function: 3.413, Average Loss: 3.420, avg. samples / sec: 1435.70
Iteration:  15540, Loss function: 3.195, Average Loss: 3.418, avg. samples / sec: 1438.34
Iteration:  15560, Loss function: 3.360, Average Loss: 3.414, avg. samples / sec: 1441.42
Iteration:  15580, Loss function: 3.202, Average Loss: 3.410, avg. samples / sec: 1441.40
Iteration:  15600, Loss function: 3.261, Average Loss: 3.408, avg. samples / sec: 1440.17
Iteration:  15620, Loss function: 3.065, Average Loss: 3.405, avg. samples / sec: 1440.51
:::MLL 1586391261.789 epoch_stop: {"value": null, "metadata": {"epoch_num": 48, "file": "train.py", "lineno": 819}}
:::MLL 1586391261.790 epoch_start: {"value": null, "metadata": {"epoch_num": 49, "file": "train.py", "lineno": 673}}
Iteration:  15640, Loss function: 3.302, Average Loss: 3.403, avg. samples / sec: 1439.20
Iteration:  15660, Loss function: 2.985, Average Loss: 3.397, avg. samples / sec: 1439.11
Iteration:  15680, Loss function: 3.060, Average Loss: 3.396, avg. samples / sec: 1442.77
Iteration:  15700, Loss function: 3.075, Average Loss: 3.392, avg. samples / sec: 1436.33
Iteration:  15720, Loss function: 3.208, Average Loss: 3.390, avg. samples / sec: 1440.83
Iteration:  15740, Loss function: 2.953, Average Loss: 3.386, avg. samples / sec: 1440.38
Iteration:  15760, Loss function: 3.291, Average Loss: 3.383, avg. samples / sec: 1440.21
Iteration:  15780, Loss function: 3.524, Average Loss: 3.381, avg. samples / sec: 1443.28
Iteration:  15800, Loss function: 3.023, Average Loss: 3.378, avg. samples / sec: 1437.99
Iteration:  15820, Loss function: 3.109, Average Loss: 3.376, avg. samples / sec: 1442.69
Iteration:  15840, Loss function: 3.257, Average Loss: 3.373, avg. samples / sec: 1440.23
Iteration:  15860, Loss function: 3.457, Average Loss: 3.370, avg. samples / sec: 1442.32
Iteration:  15880, Loss function: 3.171, Average Loss: 3.367, avg. samples / sec: 1443.08
Iteration:  15900, Loss function: 3.254, Average Loss: 3.365, avg. samples / sec: 1437.44
Iteration:  15920, Loss function: 3.178, Average Loss: 3.362, avg. samples / sec: 1442.03
Iteration:  15940, Loss function: 3.497, Average Loss: 3.360, avg. samples / sec: 1432.37
Iteration:  15960, Loss function: 3.430, Average Loss: 3.357, avg. samples / sec: 1443.93
:::MLL 1586391343.278 epoch_stop: {"value": null, "metadata": {"epoch_num": 49, "file": "train.py", "lineno": 819}}
:::MLL 1586391343.278 epoch_start: {"value": null, "metadata": {"epoch_num": 50, "file": "train.py", "lineno": 673}}
Iteration:  15980, Loss function: 3.488, Average Loss: 3.356, avg. samples / sec: 1437.37
Iteration:  16000, Loss function: 3.222, Average Loss: 3.353, avg. samples / sec: 1444.95
:::MLL 1586391353.025 eval_start: {"value": null, "metadata": {"epoch_num": 50, "file": "train.py", "lineno": 276}}
Parsing batch: 0/11Parsing batch: 0/11Parsing batch: 0/11Parsing batch: 1/11Parsing batch: 1/11Parsing batch: 1/11Parsing batch: 2/11Parsing batch: 2/11Parsing batch: 2/11Parsing batch: 3/11Parsing batch: 3/11Parsing batch: 3/11Parsing batch: 4/11Parsing batch: 4/11Parsing batch: 4/11Parsing batch: 5/11Parsing batch: 5/11Parsing batch: 5/11Parsing batch: 6/11Parsing batch: 6/11Parsing batch: 6/11Parsing batch: 7/11Parsing batch: 7/11Parsing batch: 7/11Parsing batch: 8/11Parsing batch: 8/11Parsing batch: 8/11Parsing batch: 9/11Parsing batch: 9/11Parsing batch: 9/11Parsing batch: 10/11Parsing batch: 10/11Parsing batch: 10/11Predicting Ended, total time: 13.00 s
Loading and preparing results...
Loading and preparing results...
Loading and preparing results...
DONE (t=0.56s)
DONE (t=0.57s)
DONE (t=0.57s)
Running per image evaluation...
Evaluate annotation type *bbox*
DONE (t=2.37s).
Accumulating evaluation results...
DONE (t=0.00s).
 Average Precision  (AP) @[ IoU=0.50:0.95 | area=   all | maxDets=100 ] = 0.23427
 Average Precision  (AP) @[ IoU=0.50      | area=   all | maxDets=100 ] = 0.40066
 Average Precision  (AP) @[ IoU=0.75      | area=   all | maxDets=100 ] = 0.23939
 Average Precision  (AP) @[ IoU=0.50:0.95 | area= small | maxDets=100 ] = 0.06289
 Average Precision  (AP) @[ IoU=0.50:0.95 | area=medium | maxDets=100 ] = 0.24694
 Average Precision  (AP) @[ IoU=0.50:0.95 | area= large | maxDets=100 ] = 0.38120
 Average Recall     (AR) @[ IoU=0.50:0.95 | area=   all | maxDets=  1 ] = 0.22611
 Average Recall     (AR) @[ IoU=0.50:0.95 | area=   all | maxDets= 10 ] = 0.32918
 Average Recall     (AR) @[ IoU=0.50:0.95 | area=   all | maxDets=100 ] = 0.34664
 Average Recall     (AR) @[ IoU=0.50:0.95 | area= small | maxDets=100 ] = 0.10504
 Average Recall     (AR) @[ IoU=0.50:0.95 | area=medium | maxDets=100 ] = 0.37786
 Average Recall     (AR) @[ IoU=0.50:0.95 | area= large | maxDets=100 ] = 0.54695
Current AP: 0.23427 AP goal: 0.23000
:::MLL 1586391369.065 eval_accuracy: {"value": 0.2342703617019046, "metadata": {"epoch_num": 50, "file": "train.py", "lineno": 389}}
:::MLL 1586391369.079 eval_stop: {"value": null, "metadata": {"epoch_num": 50, "file": "train.py", "lineno": 392}}
:::MLL 1586391369.094 block_stop: {"value": null, "metadata": {"first_epoch_num": 44, "file": "train.py", "lineno": 804}}
:::MLL 1586391369.616 run_stop: {"value": null, "metadata": {"status": "success", "file": "train.py", "lineno": 849}}
Binding: ['/usr/bin/numactl', '--physcpubind=0-19', '/opt/conda/bin/python', '-u', 'train.py', '--local_rank=0', '--use-fp16', '--nhwc', '--pad-input', '--jit', '--delay-allreduce', '--opt-loss', '--epochs', '80', '--warmup-factor', '0', '--no-save', '--threshold=0.23', '--data', '/data/coco2017', '--evaluation', '120000', '160000', '180000', '200000', '220000', '240000', '260000', '280000', '--batch-size', '120', '--eval-batch-size', '160', '--warmup', '650', '--lr', '2.92e-3', '--wd', '1.6e-4', '--use-nvjpeg', '--use-roi-decode']
Binding: ['/usr/bin/numactl', '--physcpubind=20-39', '/opt/conda/bin/python', '-u', 'train.py', '--local_rank=1', '--use-fp16', '--nhwc', '--pad-input', '--jit', '--delay-allreduce', '--opt-loss', '--epochs', '80', '--warmup-factor', '0', '--no-save', '--threshold=0.23', '--data', '/data/coco2017', '--evaluation', '120000', '160000', '180000', '200000', '220000', '240000', '260000', '280000', '--batch-size', '120', '--eval-batch-size', '160', '--warmup', '650', '--lr', '2.92e-3', '--wd', '1.6e-4', '--use-nvjpeg', '--use-roi-decode']
Binding: ['/usr/bin/numactl', '--physcpubind=40-59', '/opt/conda/bin/python', '-u', 'train.py', '--local_rank=2', '--use-fp16', '--nhwc', '--pad-input', '--jit', '--delay-allreduce', '--opt-loss', '--epochs', '80', '--warmup-factor', '0', '--no-save', '--threshold=0.23', '--data', '/data/coco2017', '--evaluation', '120000', '160000', '180000', '200000', '220000', '240000', '260000', '280000', '--batch-size', '120', '--eval-batch-size', '160', '--warmup', '650', '--lr', '2.92e-3', '--wd', '1.6e-4', '--use-nvjpeg', '--use-roi-decode']
+ ret_code=0
+ set +x
ENDING TIMING RUN AT 2020-04-09 12:16:13 AM
RESULT,SINGLE_STAGE_DETECTOR,,4070,nvidia,2020-04-08 11:08:23 PM
