Beginning trial 1 of 3
Run vars: id 191016163036696453426
Gathering sys log on dss01
:::MLL 1571261492.626 submission_benchmark: {"value": "resnet", "metadata": {"file": "mlperf_log_utils.py", "lineno": 226}}
:::MLL 1571261492.627 submission_org: {"value": "NVIDIA", "metadata": {"file": "mlperf_log_utils.py", "lineno": 231}}
WARNING: Log validation: Key "submission_division" is not in known resnet keys.
:::MLL 1571261492.628 submission_division: {"value": "closed", "metadata": {"file": "mlperf_log_utils.py", "lineno": 235}}
:::MLL 1571261492.628 submission_status: {"value": "onprem", "metadata": {"file": "mlperf_log_utils.py", "lineno": 239}}
:::MLL 1571261492.629 submission_platform: {"value": "1xDSS8440", "metadata": {"file": "mlperf_log_utils.py", "lineno": 243}}
:::MLL 1571261492.629 submission_entry: {"value": "{'power': 'N/A', 'os': '\\\\S / ', 'notes': 'N/A', 'interconnect': 'InfiniBand 100 Gb/sec (4X EDR)', 'nodes': \"{'sys_mem_size': '754 GB', 'num_nodes': '1', 'sys_storage_type': 'SATA SSD', 'num_vcpus': '40', 'cpu': '2x Intel(R) Xeon(R) Gold 6230 CPU @ 2.10GHz', 'cpu_accel_interconnect': 'UPI', 'sys_storage_size': '1x 931.5G + 1x 447.1G', 'network_card': 'Mellanox Technologies MT27700 Family [ConnectX-4]', 'num_network_cards': '1', 'notes': '', 'num_cores': '40', 'accelerator': 'Tesla V100-PCIE-32GB', 'num_accelerators': '8'}\", 'hardware': 'DSS8440', 'libraries': \"{'cuda_driver_version': '418.67', 'cudnn_version': '7.6.0.64', 'nccl_version': '2.4.6', 'cublas_version': '10.2.0.163', 'container_base': 'Ubuntu-16.04', 'trt_version': '5.1.5.0', 'cuda_version': '10.1.163', 'dali_version': '0.9.1', 'openmpi_version': '3.1.3', 'mofed_version': '5.0-0'}\", 'compilers': 'gcc (Ubuntu 5.4.0-6ubuntu1~16.04.11) 5.4.0 20160609', 'framework': 'MXNet NVIDIA Release 19.05'}", "metadata": {"file": "mlperf_log_utils.py", "lineno": 247}}
:::MLL 1571261492.630 submission_poc_name: {"value": "Paulius Micikevicius", "metadata": {"file": "mlperf_log_utils.py", "lineno": 251}}
:::MLL 1571261492.630 submission_poc_email: {"value": "pauliusm@nvidia.com", "metadata": {"file": "mlperf_log_utils.py", "lineno": 255}}
Clearing cache on dss01
:::MLL 1571261502.341 cache_clear: {"value": true, "metadata": {"lineno": 1, "file": "<string>"}}

Launching user script on master node:
[1,1]<stdout>:STARTING TIMING RUN AT 2019-10-16 09:31:42 PM
[1,1]<stdout>:running benchmark
[1,2]<stdout>:STARTING TIMING RUN AT 2019-10-16 09:31:42 PM
[1,2]<stdout>:running benchmark
[1,3]<stdout>:STARTING TIMING RUN AT 2019-10-16 09:31:42 PM
[1,3]<stdout>:running benchmark
[1,0]<stdout>:STARTING TIMING RUN AT 2019-10-16 09:31:42 PM
[1,0]<stdout>:running benchmark
[1,4]<stdout>:STARTING TIMING RUN AT 2019-10-16 09:31:42 PM
[1,4]<stdout>:running benchmark
[1,5]<stdout>:STARTING TIMING RUN AT 2019-10-16 09:31:42 PM
[1,5]<stdout>:running benchmark
[1,6]<stdout>:STARTING TIMING RUN AT 2019-10-16 09:31:42 PM
[1,6]<stdout>:running benchmark
[1,7]<stdout>:STARTING TIMING RUN AT 2019-10-16 09:31:42 PM
[1,7]<stdout>:running benchmark
