Beginning trial 3 of 3
Gathering sys log on node009
:::MLL 1582310013.400 submission_benchmark: {"value": "transformer", "metadata": {"file": "mlperf_log_utils.py", "lineno": 225}}
:::MLL 1582310013.401 submission_org: {"value": "NVIDIA", "metadata": {"file": "mlperf_log_utils.py", "lineno": 230}}
WARNING: Log validation: Key "submission_division" is not in known transformer keys.
:::MLL 1582310013.402 submission_division: {"value": "closed", "metadata": {"file": "mlperf_log_utils.py", "lineno": 234}}
:::MLL 1582310013.403 submission_status: {"value": "onprem", "metadata": {"file": "mlperf_log_utils.py", "lineno": 238}}
:::MLL 1582310013.403 submission_platform: {"value": "1xDSS8440", "metadata": {"file": "mlperf_log_utils.py", "lineno": 242}}
:::MLL 1582310013.404 submission_entry: {"value": "{'hardware': 'DSS8440', 'framework': 'PyTorch NVIDIA Release 19.05', 'power': 'N/A', 'notes': 'N/A', 'interconnect': 'Ethernet 100 Gb/sec (4X EDR)', 'os': '\\\\S / ', 'libraries': \"{'container_base': 'Ubuntu-16.04', 'openmpi_version': '3.1.3', 'mofed_version': '4.6-2.1.4', 'cuda_version': '10.1.163', 'cuda_driver_version': '418.67', 'nccl_version': '2.4.6', 'cudnn_version': '7.6.0.64', 'cublas_version': '10.2.0.163', 'trt_version': '5.1.5.0', 'dali_version': '0.9.1'}\", 'compilers': 'gcc (Ubuntu 5.4.0-6ubuntu1~16.04.11) 5.4.0 20160609', 'nodes': \"{'num_nodes': '1', 'cpu': '2x Intel(R) Xeon(R) Gold 6230 CPU @ 2.10GHz', 'num_cores': '40', 'num_vcpus': '40', 'accelerator': 'Tesla V100S-PCIE-32GB', 'num_accelerators': '8', 'sys_mem_size': '754 GB', 'sys_storage_type': 'SATA SSD', 'sys_storage_size': '1x 446.6G + 1x 931.5G', 'cpu_accel_interconnect': 'UPI', 'network_card': '', 'num_network_cards': '0', 'notes': ''}\"}", "metadata": {"file": "mlperf_log_utils.py", "lineno": 246}}
:::MLL 1582310013.405 submission_poc_name: {"value": "Paulius Micikevicius", "metadata": {"file": "mlperf_log_utils.py", "lineno": 250}}
:::MLL 1582310013.406 submission_poc_email: {"value": "pauliusm@nvidia.com", "metadata": {"file": "mlperf_log_utils.py", "lineno": 254}}
Clearing caches
:::MLL 1582310015.539 cache_clear: {"value": true, "metadata": {"file": "<string>", "lineno": 1}}
Launching on node node009
+ pids+=($!)
+ set +x
++ eval echo
+++ echo
+ docker exec -e DGXSYSTEM=DGX1 -e 'MULTI_NODE= --master_port=4355' -e 'SEED=      454445' -e SLURM_JOB_ID=200221113649062520246 -e SLURM_NTASKS_PER_NODE= -e SLURM_NNODES=1 -e MODE=TRAIN cont_200221113649062520246 ./run_and_time.sh
Run vars: id 200221113649062520246 gpus 8 mparams  --master_port=4355
+ SEED='      454445'
+ MAX_TOKENS=10240
+ DATASET_DIR=/data
+ MODE=TRAIN
+ NUMEPOCHS=30
+ case "$MODE" in
+ source run_training.sh
+++ date +%s
++ START=1582310015
+++ date '+%Y-%m-%d %r'
++ START_FMT='2020-02-21 06:33:35 PM'
++ echo 'STARTING TIMING RUN AT 2020-02-21 06:33:35 PM'
STARTING TIMING RUN AT 2020-02-21 06:33:35 PM
++ [[ 8 -ne 1 ]]
++ DISTRIBUTED_INIT_METHOD='--distributed-init-method env://'
++ export DGXSYSTEM
++ export SLURM_NTASKS_PER_NODE
++ export SLURM_NNODES
++ export MLPERF_HOST_OS
++ python -m bind_launch --nsockets_per_node 2 --ncores_per_socket 20 --nproc_per_node 8 --master_port=4355 --no_hyperthreads train.py /data --seed 454445 --arch transformer_wmt_en_de_big_t2t --share-all-embeddings --optimizer adam --adam-betas '(0.9, 0.997)' --adam-eps 1e-9 --clip-norm 0.0 --lr-scheduler inverse_sqrt --warmup-init-lr 0.0 --warmup-updates 1000 --lr 1.976e-3 --min-lr 0.0 --dropout 0.1 --weight-decay 0.0 --criterion label_smoothed_cross_entropy --label-smoothing 0.1 --max-tokens 10240 --max-epoch 30 --target-bleu 25.0 --ignore-case --no-save --update-freq 1 --fp16 --seq-len-multiple 2 --softmax-type fast_fill --source_lang en --target_lang de --bucket_growth_factor 1.035 --batching_scheme v0p5_better --batch_multiple_strategy dynamic --fast-xentropy --max-len-a 1 --max-len-b 50 --lenpen 0.6 --distributed-init-method env:// --max-source-positions 64 --max-target-positions 64 --enable-parallel-backward-allred-opt --parallel-backward-allred-opt-threshold 105404416 --parallel-backward-allred-cuda-nstreams 2 --adam-betas '(0.9,0.98)'
| distributed init (rank 0): env://
| distributed env init. MASTER_ADDR: 127.0.0.1, MASTER_PORT: 4355, WORLD_SIZE: 8, RANK: 0
| distributed init (rank 0): env://
| distributed env init. MASTER_ADDR: 127.0.0.1, MASTER_PORT: 4355, WORLD_SIZE: 8, RANK: 2
| distributed init done!
| distributed init (rank 0): env://
| distributed env init. MASTER_ADDR: 127.0.0.1, MASTER_PORT: 4355, WORLD_SIZE: 8, RANK: 1
| distributed init done!
:::MLL 1582310019.448 init_start: {"value": null, "metadata": {"file": "train.py", "lineno": 57}}
:::MLL 1582310019.449 init_start: {"value": null, "metadata": {"file": "train.py", "lineno": 57}}
| distributed init (rank 0): env://
| distributed env init. MASTER_ADDR: 127.0.0.1, MASTER_PORT: 4355, WORLD_SIZE: 8, RANK: 6
| distributed init done!
| distributed init (rank 0): env://
| distributed env init. MASTER_ADDR: 127.0.0.1, MASTER_PORT: 4355, WORLD_SIZE: 8, RANK: 4
| distributed init done!
| distributed init (rank 0): env://
| distributed env init. MASTER_ADDR: 127.0.0.1, MASTER_PORT: 4355, WORLD_SIZE: 8, RANK: 3
| distributed init done!
| distributed init (rank 0): env://
| distributed env init. MASTER_ADDR: 127.0.0.1, MASTER_PORT: 4355, WORLD_SIZE: 8, RANK: 5
| distributed init done!
:::MLL 1582310019.521 init_start: {"value": null, "metadata": {"file": "train.py", "lineno": 57}}
| distributed init (rank 0): env://
| distributed env init. MASTER_ADDR: 127.0.0.1, MASTER_PORT: 4355, WORLD_SIZE: 8, RANK: 7
| distributed init done!
:::MLL 1582310019.529 init_start: {"value": null, "metadata": {"file": "train.py", "lineno": 57}}
| distributed init done!
| initialized host node009 as rank 0 and device id 0
:::MLL 1582310019.530 init_start: {"value": null, "metadata": {"file": "train.py", "lineno": 57}}
:::MLL 1582310019.542 init_start: {"value": null, "metadata": {"file": "train.py", "lineno": 57}}
:::MLL 1582310019.553 init_start: {"value": null, "metadata": {"file": "train.py", "lineno": 57}}
:::MLL 1582310019.557 init_start: {"value": null, "metadata": {"file": "train.py", "lineno": 57}}
Namespace(adam_betas='(0.9,0.98)', adam_eps=1e-09, adaptive_softmax_cutoff=None, arch='transformer_wmt_en_de_big_t2t', attention_dropout=0.1, batch_multiple_strategy='dynamic', batching_scheme='v0p5_better', beam=4, bucket_growth_factor=1.035, clip_norm=0.0, cpu=False, criterion='label_smoothed_cross_entropy', data='/data', dataloader_num_workers=1, decoder_attention_heads=16, decoder_embed_dim=1024, decoder_embed_path=None, decoder_ffn_embed_dim=4096, decoder_layers=6, decoder_learned_pos=False, decoder_normalize_before=True, device_id=0, distributed_backend='nccl', distributed_init_method='env://', distributed_port=-1, distributed_rank=0, distributed_world_size=8, dropout=0.1, enable_dataloader_pin_memory=False, enable_parallel_backward_allred_opt=True, enable_parallel_backward_allred_opt_correctness_check=False, encoder_attention_heads=16, encoder_embed_dim=1024, encoder_embed_path=None, encoder_ffn_embed_dim=4096, encoder_layers=6, encoder_learned_pos=False, encoder_normalize_before=True, fast_xentropy=True, fp16=True, fuse_dropout_add=False, fuse_relu_dropout=False, gen_subset='test', ignore_case=True, keep_interval_updates=-1, label_smoothing=0.1, left_pad_source='True', left_pad_target='False', lenpen=0.6, local_rank=0, log_format=None, log_interval=1000, log_translations=False, lr=[0.001976], lr_scheduler='inverse_sqrt', lr_shrink=0.1, max_epoch=30, max_len_a=1.0, max_len_b=50, max_sentences=None, max_sentences_valid=None, max_source_positions=64, max_target_positions=64, max_tokens=10240, max_update=0, min_len=1, min_loss_scale=0.0001, min_lr=0.0, model_overrides='{}', momentum=0.99, nbest=1, no_beamable_mm=False, no_early_stop=False, no_epoch_checkpoints=False, no_progress_bar=False, no_save=True, no_token_positional_embeddings=False, num_shards=1, online_eval=False, optimizer='adam', parallel_backward_allred_cuda_nstreams=2, parallel_backward_allred_opt_threshold=105404416, path=None, prefix_size=0, print_alignment=False, profile=None, quiet=False, raw_text=False, relu_dropout=0.1, remove_bpe=None, replace_unk=None, restore_file='checkpoint_last.pt', sampling=False, sampling_temperature=1, sampling_topk=-1, save_dir='checkpoints', save_interval=1, save_interval_updates=0, score_reference=False, seed=454445, sentence_avg=False, seq_len_multiple=2, shard_id=0, share_all_embeddings=True, share_decoder_input_output_embed=False, skip_invalid_size_inputs_valid_test=False, softmax_type='fast_fill', source_lang='en', target_bleu=25.0, target_lang='de', task='translation', train_subset='train', unkpen=0, unnormalized=False, update_freq=[1], valid_subset='valid', validate_interval=1, warmup_init_lr=0.0, warmup_updates=1000, weight_decay=0.0)
:::MLL 1582310024.293 global_batch_size: {"value": 81920, "metadata": {"file": "train.py", "lineno": 74}}
:::MLL 1582310024.293 opt_name: {"value": "adam", "metadata": {"file": "train.py", "lineno": 75}}
:::MLL 1582310024.294 opt_base_learning_rate: {"value": 0.001976, "metadata": {"file": "train.py", "lineno": 77}}
:::MLL 1582310024.294 opt_learning_rate_warmup_steps: {"value": 1000, "metadata": {"file": "train.py", "lineno": 78}}
:::MLL 1582310024.294 max_sequence_length: {"value": 64, "metadata": {"file": "train.py", "lineno": 80}}
:::MLL 1582310024.294 opt_adam_beta_1: {"value": 0.9, "metadata": {"file": "train.py", "lineno": 81}}
:::MLL 1582310024.295 opt_adam_beta_2: {"value": 0.98, "metadata": {"file": "train.py", "lineno": 82}}
:::MLL 1582310024.295 opt_adam_epsilon: {"value": 1e-09, "metadata": {"file": "train.py", "lineno": 83}}
| [en] dictionary: 33712 types
| [de] dictionary: 33712 types
| model transformer_wmt_en_de_big_t2t, criterion LabelSmoothedCrossEntropyCriterion
| num. model params: 210808832
| parallel all-reduce ENABLED. all-reduce threshold: 105404416
| # of parallel all-reduce cuda streams: 2
| training on 8 GPUs
| max tokens per GPU = 10240 and max sentences per GPU = None
:::MLL 1582310029.461 init_stop: {"value": null, "metadata": {"file": "train.py", "lineno": 140}}
:::MLL 1582310029.461 run_start: {"value": null, "metadata": {"file": "train.py", "lineno": 142}}
filename: /data/train.en-de.en
raw_text: False
| /data train 4590101 examples
filename: /data/train1.en-de.en
raw_text: False
filename: /data/train1.de-en.en
raw_text: False
srcline: tensor([ 9093,    73,   156,    10,  3977,   165,     7,   147,   273, 10881,     2])
| Sentences are being padded to multiples of: 2
filename: /data/test.en-de.en
raw_text: False
| /data test 3003 examples
srcline: tensor([ 7549,  4344,    64, 32364,  1259,    20, 13504,  8959,  3868,     2])
| Sentences are being padded to multiples of: 2
filename: /data/test1.en-de.en
raw_text: False
filename: /data/test1.de-en.en
raw_text: False
:::MLL 1582310031.885 block_start: {"value": null, "metadata": {"first_epoch_num": 1, "epoch_count": 1, "file": "train.py", "lineno": 162}}
:::MLL 1582310031.885 epoch_start: {"value": null, "metadata": {"epoch_num": 1, "file": "train.py", "lineno": 163}}
generated 13089 batches in 1.497578s
got epoch iterator 1.498082160949707
| WARNING: overflow detected, setting loss scale to: 64.0
| WARNING: overflow detected, setting loss scale to: 32.0
| WARNING: overflow detected, setting loss scale to: 16.0
| WARNING: overflow detected, setting loss scale to: 8.0
| WARNING: overflow detected, setting loss scale to: 4.0
| epoch 001:   1000 / 1637 loss=7.554, nll_loss=0.000, ppl=1.00, wps=233892, ups=3.1, wpb=74755, bsz=2596, num_updates=996, lr=0.0019681, gnorm=49944.523, clip=100%, oom=0, loss_scale=4.000, wall=325
| epoch 001 | loss 6.623 | nll_loss 0.000 | ppl 1.00 | wps 234418 | ups 3.1 | wpb 74787 | bsz 2595 | num_updates 1632 | lr 0.00154677 | gnorm 33743.364 | clip 100% | oom 0 | loss_scale 4.000 | wall 528
epoch time  521.4301514625549
:::MLL 1582310554.814 epoch_stop: {"value": null, "metadata": {"epoch_num": 1, "file": "train.py", "lineno": 201}}
:::MLL 1582310554.815 eval_start: {"value": null, "metadata": {"epoch_num": 1, "file": "train.py", "lineno": 547}}
generated 51 batches in 0.000701s
| Translated 445 sentences (12217 tokens) in 3.6s (122.29 sentences/s, 3357.29 tokens/s)
| Generate test with beam=4: bleu_score=20.1082
| Eval completed in: 5.74s
:::MLL 1582310560.554 eval_stop: {"value": null, "metadata": {"epoch_num": 1, "file": "train.py", "lineno": 658}}
:::MLL 1582310560.557 eval_accuracy: {"value": "20.108158886432648", "metadata": {"epoch_num": 1, "file": "train.py", "lineno": 211}}
validation and scoring  5.743135452270508
:::MLL 1582310560.625 block_stop: {"value": null, "metadata": {"first_epoch_num": 1, "file": "train.py", "lineno": 226}}
:::MLL 1582310560.626 block_start: {"value": null, "metadata": {"first_epoch_num": 2, "epoch_count": 1, "file": "train.py", "lineno": 162}}
:::MLL 1582310560.626 epoch_start: {"value": null, "metadata": {"epoch_num": 2, "file": "train.py", "lineno": 163}}
generated 13089 batches in 1.506661s
got epoch iterator 1.566211223602295
| epoch 002:   1000 / 1637 loss=4.733, nll_loss=0.000, ppl=1.00, wps=235465, ups=3.1, wpb=74881, bsz=2588, num_updates=2633, lr=0.00121776, gnorm=23060.272, clip=100%, oom=0, loss_scale=8.000, wall=854
| WARNING: overflow detected, setting loss scale to: 4.0
| epoch 002 | loss 4.657 | nll_loss 0.000 | ppl 1.00 | wps 235105 | ups 3.1 | wpb 74797 | bsz 2595 | num_updates 3268 | lr 0.00109306 | gnorm 19550.359 | clip 100% | oom 0 | loss_scale 4.000 | wall 1056
epoch time  520.9241604804993
:::MLL 1582311083.117 epoch_stop: {"value": null, "metadata": {"epoch_num": 2, "file": "train.py", "lineno": 201}}
:::MLL 1582311083.118 eval_start: {"value": null, "metadata": {"epoch_num": 2, "file": "train.py", "lineno": 547}}
generated 51 batches in 0.000731s
| Translated 445 sentences (11759 tokens) in 3.3s (134.11 sentences/s, 3543.75 tokens/s)
| Generate test with beam=4: bleu_score=24.2951
| Eval completed in: 5.26s
:::MLL 1582311088.384 eval_stop: {"value": null, "metadata": {"epoch_num": 2, "file": "train.py", "lineno": 658}}
:::MLL 1582311088.386 eval_accuracy: {"value": "24.295085668563843", "metadata": {"epoch_num": 2, "file": "train.py", "lineno": 211}}
validation and scoring  5.269527435302734
:::MLL 1582311088.455 block_stop: {"value": null, "metadata": {"first_epoch_num": 2, "file": "train.py", "lineno": 226}}
:::MLL 1582311088.456 block_start: {"value": null, "metadata": {"first_epoch_num": 3, "epoch_count": 1, "file": "train.py", "lineno": 162}}
:::MLL 1582311088.456 epoch_start: {"value": null, "metadata": {"epoch_num": 3, "file": "train.py", "lineno": 163}}
generated 13089 batches in 1.512903s
got epoch iterator 1.5737409591674805
| epoch 003:   1000 / 1637 loss=4.394, nll_loss=0.000, ppl=1.00, wps=235604, ups=3.1, wpb=74870, bsz=2611, num_updates=4269, lr=0.000956365, gnorm=15890.197, clip=100%, oom=0, loss_scale=4.000, wall=1381
| epoch 003 | loss 4.377 | nll_loss 0.000 | ppl 1.00 | wps 235264 | ups 3.1 | wpb 74793 | bsz 2597 | num_updates 4905 | lr 0.000892211 | gnorm 14424.049 | clip 100% | oom 0 | loss_scale 8.000 | wall 1584
epoch time  520.8100259304047
:::MLL 1582311610.841 epoch_stop: {"value": null, "metadata": {"epoch_num": 3, "file": "train.py", "lineno": 201}}
:::MLL 1582311610.842 eval_start: {"value": null, "metadata": {"epoch_num": 3, "file": "train.py", "lineno": 547}}
generated 51 batches in 0.000779s
| Translated 445 sentences (11889 tokens) in 3.5s (126.23 sentences/s, 3372.37 tokens/s)
| Generate test with beam=4: bleu_score=25.2477
| Eval completed in: 5.35s
:::MLL 1582311616.190 eval_stop: {"value": null, "metadata": {"epoch_num": 3, "file": "train.py", "lineno": 658}}
:::MLL 1582311616.193 eval_accuracy: {"value": "25.247737765312195", "metadata": {"epoch_num": 3, "file": "train.py", "lineno": 211}}
validation and scoring  5.352773904800415
:::MLL 1582311616.262 block_stop: {"value": null, "metadata": {"first_epoch_num": 3, "file": "train.py", "lineno": 226}}
:::MLL 1582311616.263 run_stop: {"value": null, "metadata": {"status": "success", "file": "train.py", "lineno": 231}}
| done training in 1587.8 seconds
++ ret_code=0
++ sleep 3
++ [[ 0 != 0 ]]
+++ date +%s
++ END=1582311620
+++ date '+%Y-%m-%d %r'
ENDING TIMING RUN AT 2020-02-21 07:00:20 PM
RESULT,transformer,      454445,1605,,2020-02-21 06:33:35 PM
++ END_FMT='2020-02-21 07:00:20 PM'
++ echo 'ENDING TIMING RUN AT 2020-02-21 07:00:20 PM'
++ RESULT=1605
++ RESULT_NAME=transformer
++ echo 'RESULT,transformer,      454445,1605,,2020-02-21 06:33:35 PM'
+ set +x
