Beginning trial 1 of 3
Gathering sys log on dss01
:::MLL 1572012578.433 submission_benchmark: {"value": "transformer", "metadata": {"file": "mlperf_log_utils.py", "lineno": 225}}
:::MLL 1572012578.434 submission_org: {"value": "NVIDIA", "metadata": {"file": "mlperf_log_utils.py", "lineno": 230}}
WARNING: Log validation: Key "submission_division" is not in known transformer keys.
:::MLL 1572012578.435 submission_division: {"value": "closed", "metadata": {"file": "mlperf_log_utils.py", "lineno": 234}}
:::MLL 1572012578.436 submission_status: {"value": "onprem", "metadata": {"file": "mlperf_log_utils.py", "lineno": 238}}
:::MLL 1572012578.437 submission_platform: {"value": "1xDSS8440", "metadata": {"file": "mlperf_log_utils.py", "lineno": 242}}
:::MLL 1572012578.438 submission_entry: {"value": "{'hardware': 'DSS8440', 'framework': 'PyTorch NVIDIA Release 19.05', 'power': 'N/A', 'notes': 'N/A', 'interconnect': 'InfiniBand 100 Gb/sec (4X EDR)', 'os': '\\\\S / ', 'libraries': \"{'container_base': 'Ubuntu-16.04', 'openmpi_version': '3.1.3', 'mofed_version': '5.0-0', 'cuda_version': '10.1.163', 'cuda_driver_version': '418.67', 'nccl_version': '2.4.6', 'cudnn_version': '7.6.0.64', 'cublas_version': '10.2.0.163', 'trt_version': '5.1.5.0', 'dali_version': '0.9.1'}\", 'compilers': 'gcc (Ubuntu 5.4.0-6ubuntu1~16.04.11) 5.4.0 20160609', 'nodes': \"{'num_nodes': '1', 'cpu': '2x Intel(R) Xeon(R) Gold 6230 CPU @ 2.10GHz', 'num_cores': '40', 'num_vcpus': '40', 'accelerator': 'Tesla V100-PCIE-32GB', 'num_accelerators': '8', 'sys_mem_size': '754 GB', 'sys_storage_type': 'SATA SSD', 'sys_storage_size': '1x 447.1G + 1x 931.5G', 'cpu_accel_interconnect': 'UPI', 'network_card': 'Mellanox Technologies MT27700 Family [ConnectX-4]', 'num_network_cards': '1', 'notes': ''}\"}", "metadata": {"file": "mlperf_log_utils.py", "lineno": 246}}
:::MLL 1572012578.439 submission_poc_name: {"value": "Paulius Micikevicius", "metadata": {"file": "mlperf_log_utils.py", "lineno": 250}}
:::MLL 1572012578.440 submission_poc_email: {"value": "pauliusm@nvidia.com", "metadata": {"file": "mlperf_log_utils.py", "lineno": 254}}
Clearing caches
:::MLL 1572012583.584 cache_clear: {"value": true, "metadata": {"file": "<string>", "lineno": 1}}
Launching on node dss01
+ pids+=($!)
+ set +x
++ eval echo
+++ echo
+ docker exec -e DGXSYSTEM=DGX1 -e 'MULTI_NODE= --master_port=5226' -e 'SEED=    16618226' -e SLURM_JOB_ID=191025090621105912703 -e SLURM_NTASKS_PER_NODE= -e SLURM_NNODES=1 -e MODE=TRAIN cont_191025090621105912703 ./run_and_time.sh
+ SEED='    16618226'
+ MAX_TOKENS=10240
+ DATASET_DIR=/data
+ MODE=TRAIN
+ NUMEPOCHS=30
+ case "$MODE" in
Run vars: id 191025090621105912703 gpus 8 mparams  --master_port=5226
+ source run_training.sh
+++ date +%s
++ START=1572012584
+++ date '+%Y-%m-%d %r'
++ START_FMT='2019-10-25 02:09:44 PM'
++ echo 'STARTING TIMING RUN AT 2019-10-25 02:09:44 PM'
STARTING TIMING RUN AT 2019-10-25 02:09:44 PM
++ [[ 8 -ne 1 ]]
++ DISTRIBUTED_INIT_METHOD='--distributed-init-method env://'
++ export DGXSYSTEM
++ export SLURM_NTASKS_PER_NODE
++ export SLURM_NNODES
++ export MLPERF_HOST_OS
++ python -m bind_launch --nsockets_per_node 2 --ncores_per_socket 20 --nproc_per_node 8 --master_port=5226 --no_hyperthreads train.py /data --seed 16618226 --arch transformer_wmt_en_de_big_t2t --share-all-embeddings --optimizer adam --adam-betas '(0.9, 0.997)' --adam-eps 1e-9 --clip-norm 0.0 --lr-scheduler inverse_sqrt --warmup-init-lr 0.0 --warmup-updates 1000 --lr 1.976e-3 --min-lr 0.0 --dropout 0.1 --weight-decay 0.0 --criterion label_smoothed_cross_entropy --label-smoothing 0.1 --max-tokens 10240 --max-epoch 30 --target-bleu 25.0 --ignore-case --no-save --update-freq 1 --fp16 --seq-len-multiple 2 --softmax-type fast_fill --source_lang en --target_lang de --bucket_growth_factor 1.035 --batching_scheme v0p5_better --batch_multiple_strategy dynamic --fast-xentropy --max-len-a 1 --max-len-b 50 --lenpen 0.6 --distributed-init-method env:// --max-source-positions 64 --max-target-positions 64 --enable-parallel-backward-allred-opt --parallel-backward-allred-opt-threshold 105404416 --parallel-backward-allred-cuda-nstreams 2 --adam-betas '(0.9,0.98)'
| distributed init (rank 0): env://
| distributed env init. MASTER_ADDR: 127.0.0.1, MASTER_PORT: 5226, WORLD_SIZE: 8, RANK: 5
| distributed init (rank 0): env://
| distributed env init. MASTER_ADDR: 127.0.0.1, MASTER_PORT: 5226, WORLD_SIZE: 8, RANK: 2
| distributed init (rank 0): env://
| distributed env init. MASTER_ADDR: 127.0.0.1, MASTER_PORT: 5226, WORLD_SIZE: 8, RANK: 0
| distributed init (rank 0): env://
| distributed env init. MASTER_ADDR: 127.0.0.1, MASTER_PORT: 5226, WORLD_SIZE: 8, RANK: 3
| distributed init done!
| distributed init (rank 0): env://
| distributed env init. MASTER_ADDR: 127.0.0.1, MASTER_PORT: 5226, WORLD_SIZE: 8, RANK: 4
| distributed init done!
| distributed init (rank 0): env://
| distributed env init. MASTER_ADDR: 127.0.0.1, MASTER_PORT: 5226, WORLD_SIZE: 8, RANK: 6
| distributed init done!
| distributed init (rank 0): env://
| distributed env init. MASTER_ADDR: 127.0.0.1, MASTER_PORT: 5226, WORLD_SIZE: 8, RANK: 1
| distributed init done!
| distributed init (rank 0): env://
| distributed env init. MASTER_ADDR: 127.0.0.1, MASTER_PORT: 5226, WORLD_SIZE: 8, RANK: 7
| distributed init done!
:::MLL 1572012594.999 init_start: {"value": null, "metadata": {"file": "train.py", "lineno": 57}}
:::MLL 1572012595.001 init_start: {"value": null, "metadata": {"file": "train.py", "lineno": 57}}
:::MLL 1572012595.004 init_start: {"value": null, "metadata": {"file": "train.py", "lineno": 57}}
:::MLL 1572012595.004 init_start: {"value": null, "metadata": {"file": "train.py", "lineno": 57}}
:::MLL 1572012595.018 init_start: {"value": null, "metadata": {"file": "train.py", "lineno": 57}}
| distributed init done!
| distributed init done!
| distributed init done!
| initialized host dss01 as rank 0 and device id 0
:::MLL 1572012595.978 init_start: {"value": null, "metadata": {"file": "train.py", "lineno": 57}}
:::MLL 1572012595.983 init_start: {"value": null, "metadata": {"file": "train.py", "lineno": 57}}
:::MLL 1572012595.988 init_start: {"value": null, "metadata": {"file": "train.py", "lineno": 57}}
Namespace(adam_betas='(0.9,0.98)', adam_eps=1e-09, adaptive_softmax_cutoff=None, arch='transformer_wmt_en_de_big_t2t', attention_dropout=0.1, batch_multiple_strategy='dynamic', batching_scheme='v0p5_better', beam=4, bucket_growth_factor=1.035, clip_norm=0.0, cpu=False, criterion='label_smoothed_cross_entropy', data='/data', dataloader_num_workers=1, decoder_attention_heads=16, decoder_embed_dim=1024, decoder_embed_path=None, decoder_ffn_embed_dim=4096, decoder_layers=6, decoder_learned_pos=False, decoder_normalize_before=True, device_id=0, distributed_backend='nccl', distributed_init_method='env://', distributed_port=-1, distributed_rank=0, distributed_world_size=8, dropout=0.1, enable_dataloader_pin_memory=False, enable_parallel_backward_allred_opt=True, enable_parallel_backward_allred_opt_correctness_check=False, encoder_attention_heads=16, encoder_embed_dim=1024, encoder_embed_path=None, encoder_ffn_embed_dim=4096, encoder_layers=6, encoder_learned_pos=False, encoder_normalize_before=True, fast_xentropy=True, fp16=True, fuse_dropout_add=False, fuse_relu_dropout=False, gen_subset='test', ignore_case=True, keep_interval_updates=-1, label_smoothing=0.1, left_pad_source='True', left_pad_target='False', lenpen=0.6, local_rank=0, log_format=None, log_interval=1000, log_translations=False, lr=[0.001976], lr_scheduler='inverse_sqrt', lr_shrink=0.1, max_epoch=30, max_len_a=1.0, max_len_b=50, max_sentences=None, max_sentences_valid=None, max_source_positions=64, max_target_positions=64, max_tokens=10240, max_update=0, min_len=1, min_loss_scale=0.0001, min_lr=0.0, model_overrides='{}', momentum=0.99, nbest=1, no_beamable_mm=False, no_early_stop=False, no_epoch_checkpoints=False, no_progress_bar=False, no_save=True, no_token_positional_embeddings=False, num_shards=1, online_eval=False, optimizer='adam', parallel_backward_allred_cuda_nstreams=2, parallel_backward_allred_opt_threshold=105404416, path=None, prefix_size=0, print_alignment=False, profile=None, quiet=False, raw_text=False, relu_dropout=0.1, remove_bpe=None, replace_unk=None, restore_file='checkpoint_last.pt', sampling=False, sampling_temperature=1, sampling_topk=-1, save_dir='checkpoints', save_interval=1, save_interval_updates=0, score_reference=False, seed=16618226, sentence_avg=False, seq_len_multiple=2, shard_id=0, share_all_embeddings=True, share_decoder_input_output_embed=False, skip_invalid_size_inputs_valid_test=False, softmax_type='fast_fill', source_lang='en', target_bleu=25.0, target_lang='de', task='translation', train_subset='train', unkpen=0, unnormalized=False, update_freq=[1], valid_subset='valid', validate_interval=1, warmup_init_lr=0.0, warmup_updates=1000, weight_decay=0.0)
:::MLL 1572012610.185 global_batch_size: {"value": 81920, "metadata": {"file": "train.py", "lineno": 74}}
:::MLL 1572012610.185 opt_name: {"value": "adam", "metadata": {"file": "train.py", "lineno": 75}}
:::MLL 1572012610.186 opt_base_learning_rate: {"value": 0.001976, "metadata": {"file": "train.py", "lineno": 77}}
:::MLL 1572012610.186 opt_learning_rate_warmup_steps: {"value": 1000, "metadata": {"file": "train.py", "lineno": 78}}
:::MLL 1572012610.186 max_sequence_length: {"value": 64, "metadata": {"file": "train.py", "lineno": 80}}
:::MLL 1572012610.187 opt_adam_beta_1: {"value": 0.9, "metadata": {"file": "train.py", "lineno": 81}}
:::MLL 1572012610.187 opt_adam_beta_2: {"value": 0.98, "metadata": {"file": "train.py", "lineno": 82}}
:::MLL 1572012610.187 opt_adam_epsilon: {"value": 1e-09, "metadata": {"file": "train.py", "lineno": 83}}
| [en] dictionary: 33712 types
| [de] dictionary: 33712 types
| model transformer_wmt_en_de_big_t2t, criterion LabelSmoothedCrossEntropyCriterion
| num. model params: 210808832
| parallel all-reduce ENABLED. all-reduce threshold: 105404416
| # of parallel all-reduce cuda streams: 2
| training on 8 GPUs
| max tokens per GPU = 10240 and max sentences per GPU = None
:::MLL 1572012622.639 init_stop: {"value": null, "metadata": {"file": "train.py", "lineno": 140}}
:::MLL 1572012622.640 run_start: {"value": null, "metadata": {"file": "train.py", "lineno": 142}}
filename: /data/train.en-de.en
raw_text: False
| /data train 4590101 examples
filename: /data/train1.en-de.en
raw_text: False
filename: /data/train1.de-en.en
raw_text: False
srcline: tensor([ 9093,    73,   156,    10,  3977,   165,     7,   147,   273, 10881,     2])
| Sentences are being padded to multiples of: 2
filename: /data/test.en-de.en
raw_text: False
| /data test 3003 examples
srcline: tensor([ 7549,  4344,    64, 32364,  1259,    20, 13504,  8959,  3868,     2])
| Sentences are being padded to multiples of: 2
filename: /data/test1.en-de.en
raw_text: False
filename: /data/test1.de-en.en
raw_text: False
:::MLL 1572012625.007 block_start: {"value": null, "metadata": {"first_epoch_num": 1, "epoch_count": 1, "file": "train.py", "lineno": 162}}
:::MLL 1572012625.007 epoch_start: {"value": null, "metadata": {"epoch_num": 1, "file": "train.py", "lineno": 163}}
generated 13089 batches in 1.756918s
got epoch iterator 1.7573494911193848
| WARNING: overflow detected, setting loss scale to: 64.0
| WARNING: overflow detected, setting loss scale to: 32.0
| WARNING: overflow detected, setting loss scale to: 16.0
| WARNING: overflow detected, setting loss scale to: 8.0
| WARNING: overflow detected, setting loss scale to: 4.0
| WARNING: overflow detected, setting loss scale to: 2.0
| epoch 001:   1000 / 1637 loss=7.610, nll_loss=0.000, ppl=1.00, wps=232317, ups=3.0, wpb=74795, bsz=2578, num_updates=995, lr=0.00196612, gnorm=51693.727, clip=100%, oom=0, loss_scale=2.000, wall=334
| epoch 001 | loss 6.647 | nll_loss 0.000 | ppl 1.00 | wps 232998 | ups 3.0 | wpb 74795 | bsz 2593 | num_updates 1631 | lr 0.00154725 | gnorm 33213.371 | clip 100% | oom 0 | loss_scale 2.000 | wall 537
epoch time  524.3387832641602
:::MLL 1572013151.105 epoch_stop: {"value": null, "metadata": {"epoch_num": 1, "file": "train.py", "lineno": 201}}
:::MLL 1572013151.106 eval_start: {"value": null, "metadata": {"epoch_num": 1, "file": "train.py", "lineno": 547}}
generated 51 batches in 0.000662s
| Translated 445 sentences (10756 tokens) in 3.3s (133.22 sentences/s, 3220.05 tokens/s)
| Generate test with beam=4: bleu_score=20.2672
| Eval completed in: 5.29s
:::MLL 1572013156.394 eval_stop: {"value": null, "metadata": {"epoch_num": 1, "file": "train.py", "lineno": 658}}
:::MLL 1572013156.396 eval_accuracy: {"value": "20.26723623275757", "metadata": {"epoch_num": 1, "file": "train.py", "lineno": 211}}
validation and scoring  5.292701959609985
:::MLL 1572013156.450 block_stop: {"value": null, "metadata": {"first_epoch_num": 1, "file": "train.py", "lineno": 226}}
:::MLL 1572013156.451 block_start: {"value": null, "metadata": {"first_epoch_num": 2, "epoch_count": 1, "file": "train.py", "lineno": 162}}
:::MLL 1572013156.451 epoch_start: {"value": null, "metadata": {"epoch_num": 2, "file": "train.py", "lineno": 163}}
generated 13089 batches in 1.777141s
got epoch iterator 1.839787483215332
| epoch 002:   1000 / 1637 loss=4.717, nll_loss=0.000, ppl=1.00, wps=234555, ups=3.1, wpb=74826, bsz=2590, num_updates=2632, lr=0.00121799, gnorm=21612.286, clip=100%, oom=0, loss_scale=2.000, wall=864
| epoch 002 | loss 4.646 | nll_loss 0.000 | ppl 1.00 | wps 234464 | ups 3.1 | wpb 74793 | bsz 2597 | num_updates 3268 | lr 0.00109306 | gnorm 18073.188 | clip 100% | oom 0 | loss_scale 4.000 | wall 1067
epoch time  522.3025741577148
:::MLL 1572013680.594 epoch_stop: {"value": null, "metadata": {"epoch_num": 2, "file": "train.py", "lineno": 201}}
:::MLL 1572013680.595 eval_start: {"value": null, "metadata": {"epoch_num": 2, "file": "train.py", "lineno": 547}}
generated 51 batches in 0.000746s
| Translated 445 sentences (12006 tokens) in 4.0s (111.65 sentences/s, 3012.25 tokens/s)
| Generate test with beam=4: bleu_score=23.6001
| Eval completed in: 6.01s
:::MLL 1572013686.602 eval_stop: {"value": null, "metadata": {"epoch_num": 2, "file": "train.py", "lineno": 658}}
:::MLL 1572013686.605 eval_accuracy: {"value": "23.600052297115326", "metadata": {"epoch_num": 2, "file": "train.py", "lineno": 211}}
validation and scoring  6.0116026401519775
:::MLL 1572013686.659 block_stop: {"value": null, "metadata": {"first_epoch_num": 2, "file": "train.py", "lineno": 226}}
:::MLL 1572013686.659 block_start: {"value": null, "metadata": {"first_epoch_num": 3, "epoch_count": 1, "file": "train.py", "lineno": 162}}
:::MLL 1572013686.660 epoch_start: {"value": null, "metadata": {"epoch_num": 3, "file": "train.py", "lineno": 163}}
generated 13089 batches in 1.784631s
got epoch iterator 1.8474185466766357
| epoch 003:   1000 / 1637 loss=4.395, nll_loss=0.000, ppl=1.00, wps=234673, ups=3.1, wpb=74865, bsz=2599, num_updates=4269, lr=0.000956365, gnorm=14718.641, clip=100%, oom=0, loss_scale=4.000, wall=1394
| epoch 003 | loss 4.371 | nll_loss 0.000 | ppl 1.00 | wps 234388 | ups 3.1 | wpb 74793 | bsz 2597 | num_updates 4905 | lr 0.000892211 | gnorm 13264.820 | clip 100% | oom 0 | loss_scale 8.000 | wall 1597
epoch time  522.4576802253723
:::MLL 1572014210.966 epoch_stop: {"value": null, "metadata": {"epoch_num": 3, "file": "train.py", "lineno": 201}}
:::MLL 1572014210.966 eval_start: {"value": null, "metadata": {"epoch_num": 3, "file": "train.py", "lineno": 547}}
generated 51 batches in 0.000739s
| Translated 445 sentences (11881 tokens) in 3.7s (119.07 sentences/s, 3179.09 tokens/s)
| Generate test with beam=4: bleu_score=24.9590
| Eval completed in: 5.72s
:::MLL 1572014216.688 eval_stop: {"value": null, "metadata": {"epoch_num": 3, "file": "train.py", "lineno": 658}}
:::MLL 1572014216.691 eval_accuracy: {"value": "24.958978593349457", "metadata": {"epoch_num": 3, "file": "train.py", "lineno": 211}}
validation and scoring  5.725992918014526
:::MLL 1572014216.760 block_stop: {"value": null, "metadata": {"first_epoch_num": 3, "file": "train.py", "lineno": 226}}
:::MLL 1572014216.760 block_start: {"value": null, "metadata": {"first_epoch_num": 4, "epoch_count": 1, "file": "train.py", "lineno": 162}}
:::MLL 1572014216.761 epoch_start: {"value": null, "metadata": {"epoch_num": 4, "file": "train.py", "lineno": 163}}
generated 13089 batches in 1.816413s
got epoch iterator 1.8789958953857422
| WARNING: overflow detected, setting loss scale to: 4.0
| epoch 004:   1000 / 1637 loss=4.238, nll_loss=0.000, ppl=1.00, wps=234445, ups=3.1, wpb=74901, bsz=2589, num_updates=5905, lr=0.000813162, gnorm=12101.256, clip=100%, oom=0, loss_scale=4.000, wall=1925
| epoch 004 | loss 4.239 | nll_loss 0.000 | ppl 1.00 | wps 234238 | ups 3.1 | wpb 74792 | bsz 2595 | num_updates 6541 | lr 0.000772618 | gnorm 11227.083 | clip 100% | oom 0 | loss_scale 4.000 | wall 2128
epoch time  522.8903822898865
:::MLL 1572014741.533 epoch_stop: {"value": null, "metadata": {"epoch_num": 4, "file": "train.py", "lineno": 201}}
:::MLL 1572014741.533 eval_start: {"value": null, "metadata": {"epoch_num": 4, "file": "train.py", "lineno": 547}}
generated 51 batches in 0.000643s
| Translated 445 sentences (11870 tokens) in 3.4s (131.16 sentences/s, 3498.62 tokens/s)
| Generate test with beam=4: bleu_score=26.3849
| Eval completed in: 5.27s
:::MLL 1572014746.800 eval_stop: {"value": null, "metadata": {"epoch_num": 4, "file": "train.py", "lineno": 658}}
:::MLL 1572014746.803 eval_accuracy: {"value": "26.384931802749634", "metadata": {"epoch_num": 4, "file": "train.py", "lineno": 211}}
validation and scoring  5.272897720336914
:::MLL 1572014746.873 block_stop: {"value": null, "metadata": {"first_epoch_num": 4, "file": "train.py", "lineno": 226}}
:::MLL 1572014746.873 run_stop: {"value": null, "metadata": {"status": "success", "file": "train.py", "lineno": 231}}
| done training in 2125.9 seconds
++ ret_code=0
++ sleep 3
++ [[ 0 != 0 ]]
+++ date +%s
++ END=1572014760
+++ date '+%Y-%m-%d %r'
++ END_FMT='2019-10-25 02:46:00 PM'
++ echo 'ENDING TIMING RUN AT 2019-10-25 02:46:00 PM'
++ RESULT=2176
++ RESULT_NAME=transformer
++ echo 'RESULT,transformer,    16618226,2176,,2019-10-25 02:09:44 PM'
+ set +x
ENDING TIMING RUN AT 2019-10-25 02:46:00 PM
RESULT,transformer,    16618226,2176,,2019-10-25 02:09:44 PM
