Beginning trial 5 of 10
Gathering sys log on node001
:::MLL 1588484131.768 submission_benchmark: {"value": "transformer", "metadata": {"file": "mlperf_log_utils.py", "lineno": 225}}
:::MLL 1588484131.770 submission_org: {"value": "NVIDIA", "metadata": {"file": "mlperf_log_utils.py", "lineno": 230}}
WARNING: Log validation: Key "submission_division" is not in known transformer keys.
:::MLL 1588484131.772 submission_division: {"value": "closed", "metadata": {"file": "mlperf_log_utils.py", "lineno": 234}}
:::MLL 1588484131.774 submission_status: {"value": "onprem", "metadata": {"file": "mlperf_log_utils.py", "lineno": 238}}
:::MLL 1588484131.776 submission_platform: {"value": "1xPowerEdge R7525", "metadata": {"file": "mlperf_log_utils.py", "lineno": 242}}
:::MLL 1588484131.777 submission_entry: {"value": "{'hardware': 'PowerEdge R7525', 'framework': 'PyTorch NVIDIA Release 19.05', 'power': 'N/A', 'notes': 'N/A', 'interconnect': ' ', 'os': '\\\\S / ', 'libraries': \"{'container_base': 'Ubuntu-16.04', 'openmpi_version': '3.1.3', 'mofed_version': '4.0-0', 'cuda_version': '10.1.163', 'cuda_driver_version': '418.67', 'nccl_version': '2.4.6', 'cudnn_version': '7.6.0.64', 'cublas_version': '10.2.0.163', 'trt_version': '5.1.5.0', 'dali_version': '0.9.1'}\", 'compilers': 'gcc (Ubuntu 5.4.0-6ubuntu1~16.04.11) 5.4.0 20160609', 'nodes': \"{'num_nodes': '1', 'cpu': '8x AMD EPYC 7502 32-Core Processor', 'num_cores': '256', 'num_vcpus': '256', 'accelerator': 'Tesla V100S-PCIE-32GB', 'num_accelerators': '3', 'sys_mem_size': '251 GB', 'sys_storage_type': 'NVMe SSD', 'sys_storage_size': '1x 931.5G', 'cpu_accel_interconnect': 'QPI', 'network_card': '', 'num_network_cards': '0', 'notes': ''}\"}", "metadata": {"file": "mlperf_log_utils.py", "lineno": 246}}
:::MLL 1588484131.779 submission_poc_name: {"value": "Paulius Micikevicius", "metadata": {"file": "mlperf_log_utils.py", "lineno": 250}}
:::MLL 1588484131.781 submission_poc_email: {"value": "pauliusm@nvidia.com", "metadata": {"file": "mlperf_log_utils.py", "lineno": 254}}
Clearing caches
:::MLL 1588484132.749 cache_clear: {"value": true, "metadata": {"file": "<string>", "lineno": 1}}
Launching on node node001
+ pids+=($!)
+ set +x
++ eval echo
+++ echo
+ docker exec -e DGXSYSTEM=DGX1 -e 'MULTI_NODE= --master_port=5237' -e 'SEED=     4992750' -e SLURM_JOB_ID=200502200044477702800 -e SLURM_NTASKS_PER_NODE= -e SLURM_NNODES=1 -e MODE=TRAIN cont_200502200044477702800 ./run_and_time.sh
Run vars: id 200502200044477702800 gpus 3 mparams  --master_port=5237
+ SEED='     4992750'
+ MAX_TOKENS=15360
+ DATASET_DIR=/data
+ MODE=TRAIN
+ NUMEPOCHS=30
+ case "$MODE" in
+ source run_training.sh
+++ date +%s
++ START=1588484133
+++ date '+%Y-%m-%d %r'
++ START_FMT='2020-05-03 05:35:33 AM'
++ echo 'STARTING TIMING RUN AT 2020-05-03 05:35:33 AM'
STARTING TIMING RUN AT 2020-05-03 05:35:33 AM
++ [[ 3 -ne 1 ]]
++ DISTRIBUTED_INIT_METHOD='--distributed-init-method env://'
++ export DGXSYSTEM
++ export SLURM_NTASKS_PER_NODE
++ export SLURM_NNODES
++ export MLPERF_HOST_OS
++ python -m bind_launch --nsockets_per_node 2 --ncores_per_socket 32 --nproc_per_node 3 --master_port=5237 --no_hyperthreads train.py /data --seed 4992750 --arch transformer_wmt_en_de_big_t2t --share-all-embeddings --optimizer adam --adam-betas '(0.9, 0.997)' --adam-eps 1e-9 --clip-norm 0.0 --lr-scheduler inverse_sqrt --warmup-init-lr 0.0 --warmup-updates 3000 --lr 1.976e-3 --min-lr 0.0 --dropout 0.1 --weight-decay 0.0 --criterion label_smoothed_cross_entropy --label-smoothing 0.1 --max-tokens 15360 --max-epoch 30 --target-bleu 25.0 --ignore-case --no-save --update-freq 1 --fp16 --seq-len-multiple 2 --softmax-type fast_fill --source_lang en --target_lang de --bucket_growth_factor 1.035 --batching_scheme v0p5_better --batch_multiple_strategy dynamic --fast-xentropy --max-len-a 1 --max-len-b 50 --lenpen 0.6 --distributed-init-method env:// --max-source-positions 64 --max-target-positions 64 --enable-parallel-backward-allred-opt --parallel-backward-allred-opt-threshold 105404416 --parallel-backward-allred-cuda-nstreams 2 --adam-betas '(0.9,0.98)'
| distributed init (rank 0): env://
| distributed env init. MASTER_ADDR: 127.0.0.1, MASTER_PORT: 5237, WORLD_SIZE: 3, RANK: 2
| distributed init (rank 0): env://
| distributed env init. MASTER_ADDR: 127.0.0.1, MASTER_PORT: 5237, WORLD_SIZE: 3, RANK: 0
| distributed init (rank 0): env://
| distributed env init. MASTER_ADDR: 127.0.0.1, MASTER_PORT: 5237, WORLD_SIZE: 3, RANK: 1
| distributed init done!
:::MLL 1588484137.769 init_start: {"value": null, "metadata": {"file": "train.py", "lineno": 57}}
| distributed init done!
| distributed init done!
| initialized host node001 as rank 0 and device id 0
:::MLL 1588484138.414 init_start: {"value": null, "metadata": {"file": "train.py", "lineno": 57}}
:::MLL 1588484138.423 init_start: {"value": null, "metadata": {"file": "train.py", "lineno": 57}}
Namespace(adam_betas='(0.9,0.98)', adam_eps=1e-09, adaptive_softmax_cutoff=None, arch='transformer_wmt_en_de_big_t2t', attention_dropout=0.1, batch_multiple_strategy='dynamic', batching_scheme='v0p5_better', beam=4, bucket_growth_factor=1.035, clip_norm=0.0, cpu=False, criterion='label_smoothed_cross_entropy', data='/data', dataloader_num_workers=1, decoder_attention_heads=16, decoder_embed_dim=1024, decoder_embed_path=None, decoder_ffn_embed_dim=4096, decoder_layers=6, decoder_learned_pos=False, decoder_normalize_before=True, device_id=0, distributed_backend='nccl', distributed_init_method='env://', distributed_port=-1, distributed_rank=0, distributed_world_size=3, dropout=0.1, enable_dataloader_pin_memory=False, enable_parallel_backward_allred_opt=True, enable_parallel_backward_allred_opt_correctness_check=False, encoder_attention_heads=16, encoder_embed_dim=1024, encoder_embed_path=None, encoder_ffn_embed_dim=4096, encoder_layers=6, encoder_learned_pos=False, encoder_normalize_before=True, fast_xentropy=True, fp16=True, fuse_dropout_add=False, fuse_relu_dropout=False, gen_subset='test', ignore_case=True, keep_interval_updates=-1, label_smoothing=0.1, left_pad_source='True', left_pad_target='False', lenpen=0.6, local_rank=0, log_format=None, log_interval=1000, log_translations=False, lr=[0.001976], lr_scheduler='inverse_sqrt', lr_shrink=0.1, max_epoch=30, max_len_a=1.0, max_len_b=50, max_sentences=None, max_sentences_valid=None, max_source_positions=64, max_target_positions=64, max_tokens=15360, max_update=0, min_len=1, min_loss_scale=0.0001, min_lr=0.0, model_overrides='{}', momentum=0.99, nbest=1, no_beamable_mm=False, no_early_stop=False, no_epoch_checkpoints=False, no_progress_bar=False, no_save=True, no_token_positional_embeddings=False, num_shards=1, online_eval=False, optimizer='adam', parallel_backward_allred_cuda_nstreams=2, parallel_backward_allred_opt_threshold=105404416, path=None, prefix_size=0, print_alignment=False, profile=None, quiet=False, raw_text=False, relu_dropout=0.1, remove_bpe=None, replace_unk=None, restore_file='checkpoint_last.pt', sampling=False, sampling_temperature=1, sampling_topk=-1, save_dir='checkpoints', save_interval=1, save_interval_updates=0, score_reference=False, seed=4992750, sentence_avg=False, seq_len_multiple=2, shard_id=0, share_all_embeddings=True, share_decoder_input_output_embed=False, skip_invalid_size_inputs_valid_test=False, softmax_type='fast_fill', source_lang='en', target_bleu=25.0, target_lang='de', task='translation', train_subset='train', unkpen=0, unnormalized=False, update_freq=[1], valid_subset='valid', validate_interval=1, warmup_init_lr=0.0, warmup_updates=3000, weight_decay=0.0)
:::MLL 1588484141.809 global_batch_size: {"value": 46080, "metadata": {"file": "train.py", "lineno": 74}}
:::MLL 1588484141.810 opt_name: {"value": "adam", "metadata": {"file": "train.py", "lineno": 75}}
:::MLL 1588484141.810 opt_base_learning_rate: {"value": 0.001976, "metadata": {"file": "train.py", "lineno": 77}}
:::MLL 1588484141.810 opt_learning_rate_warmup_steps: {"value": 3000, "metadata": {"file": "train.py", "lineno": 78}}
:::MLL 1588484141.811 max_sequence_length: {"value": 64, "metadata": {"file": "train.py", "lineno": 80}}
:::MLL 1588484141.811 opt_adam_beta_1: {"value": 0.9, "metadata": {"file": "train.py", "lineno": 81}}
:::MLL 1588484141.812 opt_adam_beta_2: {"value": 0.98, "metadata": {"file": "train.py", "lineno": 82}}
:::MLL 1588484141.812 opt_adam_epsilon: {"value": 1e-09, "metadata": {"file": "train.py", "lineno": 83}}
| [en] dictionary: 33712 types
| [de] dictionary: 33712 types
| model transformer_wmt_en_de_big_t2t, criterion LabelSmoothedCrossEntropyCriterion
| num. model params: 210808832
| parallel all-reduce ENABLED. all-reduce threshold: 105404416
| # of parallel all-reduce cuda streams: 2
| training on 3 GPUs
| max tokens per GPU = 15360 and max sentences per GPU = None
:::MLL 1588484147.394 init_stop: {"value": null, "metadata": {"file": "train.py", "lineno": 140}}
:::MLL 1588484147.394 run_start: {"value": null, "metadata": {"file": "train.py", "lineno": 142}}
filename: /data/train.en-de.en
raw_text: False
| /data train 4590101 examples
filename: /data/train1.en-de.en
raw_text: False
filename: /data/train1.de-en.en
raw_text: False
srcline: tensor([ 9093,    73,   156,    10,  3977,   165,     7,   147,   273, 10881,     2])
| Sentences are being padded to multiples of: 2
filename: /data/test.en-de.en
raw_text: False
| /data test 3003 examples
srcline: tensor([ 7549,  4344,    64, 32364,  1259,    20, 13504,  8959,  3868,     2])
| Sentences are being padded to multiples of: 2
filename: /data/test1.en-de.en
raw_text: False
filename: /data/test1.de-en.en
raw_text: False
:::MLL 1588484150.652 block_start: {"value": null, "metadata": {"first_epoch_num": 1, "epoch_count": 1, "file": "train.py", "lineno": 162}}
:::MLL 1588484150.652 epoch_start: {"value": null, "metadata": {"epoch_num": 1, "file": "train.py", "lineno": 163}}
generated 8733 batches in 1.698936s
got epoch iterator 1.6994843482971191
| WARNING: overflow detected, setting loss scale to: 64.0
| WARNING: overflow detected, setting loss scale to: 32.0
| WARNING: overflow detected, setting loss scale to: 16.0
| WARNING: overflow detected, setting loss scale to: 8.0
| WARNING: overflow detected, setting loss scale to: 4.0
| epoch 001:   1000 / 2911 loss=8.898, nll_loss=0.000, ppl=1.00, wps=105796, ups=2.5, wpb=42195, bsz=1465, num_updates=996, lr=0.000656032, gnorm=110314.173, clip=100%, oom=0, loss_scale=4.000, wall=405
| epoch 001:   2000 / 2911 loss=7.267, nll_loss=0.000, ppl=1.00, wps=105909, ups=2.5, wpb=42069, bsz=1458, num_updates=1996, lr=0.0013147, gnorm=66595.325, clip=100%, oom=0, loss_scale=4.000, wall=801
| epoch 001 | loss 6.609 | nll_loss 0.000 | ppl 1.00 | wps 106047 | ups 2.5 | wpb 42062 | bsz 1459 | num_updates 2906 | lr 0.00191409 | gnorm 50962.770 | clip 100% | oom 0 | loss_scale 8.000 | wall 1160
epoch time  1153.364156961441
:::MLL 1588485305.725 epoch_stop: {"value": null, "metadata": {"epoch_num": 1, "file": "train.py", "lineno": 201}}
:::MLL 1588485305.726 eval_start: {"value": null, "metadata": {"epoch_num": 1, "file": "train.py", "lineno": 547}}
generated 51 batches in 0.001112s
| Translated 1023 sentences (30359 tokens) in 10.0s (101.93 sentences/s, 3025.06 tokens/s)
| Generate test with beam=4: bleu_score=19.0140
| Eval completed in: 15.20s
:::MLL 1588485320.927 eval_stop: {"value": null, "metadata": {"epoch_num": 1, "file": "train.py", "lineno": 658}}
:::MLL 1588485320.931 eval_accuracy: {"value": "19.01402175426483", "metadata": {"epoch_num": 1, "file": "train.py", "lineno": 211}}
validation and scoring  15.214940309524536
:::MLL 1588485320.968 block_stop: {"value": null, "metadata": {"first_epoch_num": 1, "file": "train.py", "lineno": 226}}
:::MLL 1588485320.968 block_start: {"value": null, "metadata": {"first_epoch_num": 2, "epoch_count": 1, "file": "train.py", "lineno": 162}}
:::MLL 1588485320.969 epoch_start: {"value": null, "metadata": {"epoch_num": 2, "file": "train.py", "lineno": 163}}
generated 8733 batches in 1.406844s
got epoch iterator 1.4542148113250732
| epoch 002:   1000 / 2911 loss=4.894, nll_loss=0.000, ppl=1.00, wps=106820, ups=2.4, wpb=42203, bsz=1460, num_updates=3907, lr=0.00173151, gnorm=42933.376, clip=100%, oom=0, loss_scale=8.000, wall=1573
| epoch 002:   2000 / 2911 loss=4.776, nll_loss=0.000, ppl=1.00, wps=106427, ups=2.5, wpb=42082, bsz=1464, num_updates=4907, lr=0.00154504, gnorm=37538.232, clip=100%, oom=0, loss_scale=16.000, wall=1968
| WARNING: overflow detected, setting loss scale to: 8.0
| epoch 002 | loss 4.700 | nll_loss 0.000 | ppl 1.00 | wps 106299 | ups 2.5 | wpb 42061 | bsz 1460 | num_updates 5816 | lr 0.00141917 | gnorm 35016.301 | clip 100% | oom 0 | loss_scale 8.000 | wall 2329
epoch time  1151.6061792373657
:::MLL 1588486474.039 epoch_stop: {"value": null, "metadata": {"epoch_num": 2, "file": "train.py", "lineno": 201}}
:::MLL 1588486474.040 eval_start: {"value": null, "metadata": {"epoch_num": 2, "file": "train.py", "lineno": 547}}
generated 51 batches in 0.001115s
| Translated 1023 sentences (29787 tokens) in 8.6s (118.73 sentences/s, 3456.97 tokens/s)
| Generate test with beam=4: bleu_score=23.8714
| Eval completed in: 13.86s
:::MLL 1588486487.906 eval_stop: {"value": null, "metadata": {"epoch_num": 2, "file": "train.py", "lineno": 658}}
:::MLL 1588486487.908 eval_accuracy: {"value": "23.87135773897171", "metadata": {"epoch_num": 2, "file": "train.py", "lineno": 211}}
validation and scoring  13.879053592681885
:::MLL 1588486487.938 block_stop: {"value": null, "metadata": {"first_epoch_num": 2, "file": "train.py", "lineno": 226}}
:::MLL 1588486487.938 block_start: {"value": null, "metadata": {"first_epoch_num": 3, "epoch_count": 1, "file": "train.py", "lineno": 162}}
:::MLL 1588486487.939 epoch_start: {"value": null, "metadata": {"epoch_num": 3, "file": "train.py", "lineno": 163}}
generated 8733 batches in 1.438136s
got epoch iterator 1.4834661483764648
| epoch 003:   1000 / 2911 loss=4.412, nll_loss=0.000, ppl=1.00, wps=106138, ups=2.4, wpb=41939, bsz=1470, num_updates=6817, lr=0.00131084, gnorm=31807.202, clip=100%, oom=0, loss_scale=8.000, wall=2740
| epoch 003:   2000 / 2911 loss=4.383, nll_loss=0.000, ppl=1.00, wps=106278, ups=2.5, wpb=42050, bsz=1464, num_updates=7817, lr=0.00122413, gnorm=29986.827, clip=100%, oom=0, loss_scale=16.000, wall=3136
| WARNING: overflow detected, setting loss scale to: 8.0
| epoch 003 | loss 4.379 | nll_loss 0.000 | ppl 1.00 | wps 106283 | ups 2.5 | wpb 42060 | bsz 1460 | num_updates 8726 | lr 0.00115862 | gnorm 28918.582 | clip 100% | oom 0 | loss_scale 8.000 | wall 3496
epoch time  1151.786330461502
:::MLL 1588487641.218 epoch_stop: {"value": null, "metadata": {"epoch_num": 3, "file": "train.py", "lineno": 201}}
:::MLL 1588487641.219 eval_start: {"value": null, "metadata": {"epoch_num": 3, "file": "train.py", "lineno": 547}}
generated 51 batches in 0.001147s
| Translated 1023 sentences (29903 tokens) in 9.4s (108.44 sentences/s, 3169.89 tokens/s)
| Generate test with beam=4: bleu_score=24.7555
| Eval completed in: 14.92s
:::MLL 1588487656.143 eval_stop: {"value": null, "metadata": {"epoch_num": 3, "file": "train.py", "lineno": 658}}
:::MLL 1588487656.146 eval_accuracy: {"value": "24.755477905273438", "metadata": {"epoch_num": 3, "file": "train.py", "lineno": 211}}
validation and scoring  14.93775486946106
:::MLL 1588487656.178 block_stop: {"value": null, "metadata": {"first_epoch_num": 3, "file": "train.py", "lineno": 226}}
:::MLL 1588487656.178 block_start: {"value": null, "metadata": {"first_epoch_num": 4, "epoch_count": 1, "file": "train.py", "lineno": 162}}
:::MLL 1588487656.178 epoch_start: {"value": null, "metadata": {"epoch_num": 4, "file": "train.py", "lineno": 163}}
generated 8733 batches in 1.425118s
got epoch iterator 1.4694881439208984
| epoch 004:   1000 / 2911 loss=4.240, nll_loss=0.000, ppl=1.00, wps=106367, ups=2.4, wpb=42048, bsz=1458, num_updates=9727, lr=0.00109738, gnorm=27227.527, clip=100%, oom=0, loss_scale=8.000, wall=3908
| WARNING: overflow detected, setting loss scale to: 4.0
| epoch 004:   2000 / 2911 loss=4.243, nll_loss=0.000, ppl=1.00, wps=106366, ups=2.5, wpb=42088, bsz=1447, num_updates=10726, lr=0.00104503, gnorm=25367.991, clip=100%, oom=0, loss_scale=4.000, wall=4304
| epoch 004 | loss 4.241 | nll_loss 0.000 | ppl 1.00 | wps 106347 | ups 2.5 | wpb 42062 | bsz 1460 | num_updates 11636 | lr 0.00100333 | gnorm 23873.552 | clip 100% | oom 0 | loss_scale 4.000 | wall 4663
epoch time  1151.1047520637512
:::MLL 1588488808.760 epoch_stop: {"value": null, "metadata": {"epoch_num": 4, "file": "train.py", "lineno": 201}}
:::MLL 1588488808.760 eval_start: {"value": null, "metadata": {"epoch_num": 4, "file": "train.py", "lineno": 547}}
generated 51 batches in 0.001157s
| Translated 1023 sentences (29458 tokens) in 8.7s (118.25 sentences/s, 3405.18 tokens/s)
| Generate test with beam=4: bleu_score=25.8462
| Eval completed in: 13.87s
:::MLL 1588488822.628 eval_stop: {"value": null, "metadata": {"epoch_num": 4, "file": "train.py", "lineno": 658}}
:::MLL 1588488822.632 eval_accuracy: {"value": "25.84616243839264", "metadata": {"epoch_num": 4, "file": "train.py", "lineno": 211}}
validation and scoring  13.878851413726807
:::MLL 1588488822.663 block_stop: {"value": null, "metadata": {"first_epoch_num": 4, "file": "train.py", "lineno": 226}}
:::MLL 1588488822.664 run_stop: {"value": null, "metadata": {"status": "success", "file": "train.py", "lineno": 231}}
| done training in 4675.8 seconds
++ ret_code=0
++ sleep 3
++ [[ 0 != 0 ]]
+++ date +%s
++ END=1588488826
+++ date '+%Y-%m-%d %r'
++ END_FMT='2020-05-03 06:53:46 AM'
++ echo 'ENDING TIMING RUN AT 2020-05-03 06:53:46 AM'
++ RESULT=4693
++ RESULT_NAME=transformer
ENDING TIMING RUN AT 2020-05-03 06:53:46 AM
RESULT,transformer,     4992750,4693,,2020-05-03 05:35:33 AM
++ echo 'RESULT,transformer,     4992750,4693,,2020-05-03 05:35:33 AM'
+ set +x
