Beginning trial 3 of 10
Gathering sys log on node001
:::MLL 1588475902.954 submission_benchmark: {"value": "transformer", "metadata": {"file": "mlperf_log_utils.py", "lineno": 225}}
:::MLL 1588475902.956 submission_org: {"value": "NVIDIA", "metadata": {"file": "mlperf_log_utils.py", "lineno": 230}}
WARNING: Log validation: Key "submission_division" is not in known transformer keys.
:::MLL 1588475902.957 submission_division: {"value": "closed", "metadata": {"file": "mlperf_log_utils.py", "lineno": 234}}
:::MLL 1588475902.959 submission_status: {"value": "onprem", "metadata": {"file": "mlperf_log_utils.py", "lineno": 238}}
:::MLL 1588475902.961 submission_platform: {"value": "1xPowerEdge R7525", "metadata": {"file": "mlperf_log_utils.py", "lineno": 242}}
:::MLL 1588475902.963 submission_entry: {"value": "{'hardware': 'PowerEdge R7525', 'framework': 'PyTorch NVIDIA Release 19.05', 'power': 'N/A', 'notes': 'N/A', 'interconnect': ' ', 'os': '\\\\S / ', 'libraries': \"{'container_base': 'Ubuntu-16.04', 'openmpi_version': '3.1.3', 'mofed_version': '4.0-0', 'cuda_version': '10.1.163', 'cuda_driver_version': '418.67', 'nccl_version': '2.4.6', 'cudnn_version': '7.6.0.64', 'cublas_version': '10.2.0.163', 'trt_version': '5.1.5.0', 'dali_version': '0.9.1'}\", 'compilers': 'gcc (Ubuntu 5.4.0-6ubuntu1~16.04.11) 5.4.0 20160609', 'nodes': \"{'num_nodes': '1', 'cpu': '8x AMD EPYC 7502 32-Core Processor', 'num_cores': '256', 'num_vcpus': '256', 'accelerator': 'Tesla V100S-PCIE-32GB', 'num_accelerators': '3', 'sys_mem_size': '251 GB', 'sys_storage_type': 'NVMe SSD', 'sys_storage_size': '1x 931.5G', 'cpu_accel_interconnect': 'QPI', 'network_card': '', 'num_network_cards': '0', 'notes': ''}\"}", "metadata": {"file": "mlperf_log_utils.py", "lineno": 246}}
:::MLL 1588475902.964 submission_poc_name: {"value": "Paulius Micikevicius", "metadata": {"file": "mlperf_log_utils.py", "lineno": 250}}
:::MLL 1588475902.966 submission_poc_email: {"value": "pauliusm@nvidia.com", "metadata": {"file": "mlperf_log_utils.py", "lineno": 254}}
Clearing caches
:::MLL 1588475903.943 cache_clear: {"value": true, "metadata": {"file": "<string>", "lineno": 1}}
Launching on node node001
+ pids+=($!)
+ set +x
++ eval echo
+++ echo
+ docker exec -e DGXSYSTEM=DGX1 -e 'MULTI_NODE= --master_port=5237' -e 'SEED=     2614625' -e SLURM_JOB_ID=200502200044477702800 -e SLURM_NTASKS_PER_NODE= -e SLURM_NNODES=1 -e MODE=TRAIN cont_200502200044477702800 ./run_and_time.sh
+ SEED='     2614625'
+ MAX_TOKENS=15360
+ DATASET_DIR=/data
+ MODE=TRAIN
+ NUMEPOCHS=30
+ case "$MODE" in
+ source run_training.sh
Run vars: id 200502200044477702800 gpus 3 mparams  --master_port=5237
+++ date +%s
++ START=1588475904
+++ date '+%Y-%m-%d %r'
STARTING TIMING RUN AT 2020-05-03 03:18:24 AM
++ START_FMT='2020-05-03 03:18:24 AM'
++ echo 'STARTING TIMING RUN AT 2020-05-03 03:18:24 AM'
++ [[ 3 -ne 1 ]]
++ DISTRIBUTED_INIT_METHOD='--distributed-init-method env://'
++ export DGXSYSTEM
++ export SLURM_NTASKS_PER_NODE
++ export SLURM_NNODES
++ export MLPERF_HOST_OS
++ python -m bind_launch --nsockets_per_node 2 --ncores_per_socket 32 --nproc_per_node 3 --master_port=5237 --no_hyperthreads train.py /data --seed 2614625 --arch transformer_wmt_en_de_big_t2t --share-all-embeddings --optimizer adam --adam-betas '(0.9, 0.997)' --adam-eps 1e-9 --clip-norm 0.0 --lr-scheduler inverse_sqrt --warmup-init-lr 0.0 --warmup-updates 3000 --lr 1.976e-3 --min-lr 0.0 --dropout 0.1 --weight-decay 0.0 --criterion label_smoothed_cross_entropy --label-smoothing 0.1 --max-tokens 15360 --max-epoch 30 --target-bleu 25.0 --ignore-case --no-save --update-freq 1 --fp16 --seq-len-multiple 2 --softmax-type fast_fill --source_lang en --target_lang de --bucket_growth_factor 1.035 --batching_scheme v0p5_better --batch_multiple_strategy dynamic --fast-xentropy --max-len-a 1 --max-len-b 50 --lenpen 0.6 --distributed-init-method env:// --max-source-positions 64 --max-target-positions 64 --enable-parallel-backward-allred-opt --parallel-backward-allred-opt-threshold 105404416 --parallel-backward-allred-cuda-nstreams 2 --adam-betas '(0.9,0.98)'
| distributed init (rank 0): env://
| distributed env init. MASTER_ADDR: 127.0.0.1, MASTER_PORT: 5237, WORLD_SIZE: 3, RANK: 1
| distributed init (rank 0): env://
| distributed env init. MASTER_ADDR: 127.0.0.1, MASTER_PORT: 5237, WORLD_SIZE: 3, RANK: 0
| distributed init (rank 0): env://
| distributed env init. MASTER_ADDR: 127.0.0.1, MASTER_PORT: 5237, WORLD_SIZE: 3, RANK: 2
| distributed init done!
:::MLL 1588475908.837 init_start: {"value": null, "metadata": {"file": "train.py", "lineno": 57}}
| distributed init done!
| distributed init done!
| initialized host node001 as rank 0 and device id 0
:::MLL 1588475909.543 init_start: {"value": null, "metadata": {"file": "train.py", "lineno": 57}}
:::MLL 1588475909.550 init_start: {"value": null, "metadata": {"file": "train.py", "lineno": 57}}
Namespace(adam_betas='(0.9,0.98)', adam_eps=1e-09, adaptive_softmax_cutoff=None, arch='transformer_wmt_en_de_big_t2t', attention_dropout=0.1, batch_multiple_strategy='dynamic', batching_scheme='v0p5_better', beam=4, bucket_growth_factor=1.035, clip_norm=0.0, cpu=False, criterion='label_smoothed_cross_entropy', data='/data', dataloader_num_workers=1, decoder_attention_heads=16, decoder_embed_dim=1024, decoder_embed_path=None, decoder_ffn_embed_dim=4096, decoder_layers=6, decoder_learned_pos=False, decoder_normalize_before=True, device_id=0, distributed_backend='nccl', distributed_init_method='env://', distributed_port=-1, distributed_rank=0, distributed_world_size=3, dropout=0.1, enable_dataloader_pin_memory=False, enable_parallel_backward_allred_opt=True, enable_parallel_backward_allred_opt_correctness_check=False, encoder_attention_heads=16, encoder_embed_dim=1024, encoder_embed_path=None, encoder_ffn_embed_dim=4096, encoder_layers=6, encoder_learned_pos=False, encoder_normalize_before=True, fast_xentropy=True, fp16=True, fuse_dropout_add=False, fuse_relu_dropout=False, gen_subset='test', ignore_case=True, keep_interval_updates=-1, label_smoothing=0.1, left_pad_source='True', left_pad_target='False', lenpen=0.6, local_rank=0, log_format=None, log_interval=1000, log_translations=False, lr=[0.001976], lr_scheduler='inverse_sqrt', lr_shrink=0.1, max_epoch=30, max_len_a=1.0, max_len_b=50, max_sentences=None, max_sentences_valid=None, max_source_positions=64, max_target_positions=64, max_tokens=15360, max_update=0, min_len=1, min_loss_scale=0.0001, min_lr=0.0, model_overrides='{}', momentum=0.99, nbest=1, no_beamable_mm=False, no_early_stop=False, no_epoch_checkpoints=False, no_progress_bar=False, no_save=True, no_token_positional_embeddings=False, num_shards=1, online_eval=False, optimizer='adam', parallel_backward_allred_cuda_nstreams=2, parallel_backward_allred_opt_threshold=105404416, path=None, prefix_size=0, print_alignment=False, profile=None, quiet=False, raw_text=False, relu_dropout=0.1, remove_bpe=None, replace_unk=None, restore_file='checkpoint_last.pt', sampling=False, sampling_temperature=1, sampling_topk=-1, save_dir='checkpoints', save_interval=1, save_interval_updates=0, score_reference=False, seed=2614625, sentence_avg=False, seq_len_multiple=2, shard_id=0, share_all_embeddings=True, share_decoder_input_output_embed=False, skip_invalid_size_inputs_valid_test=False, softmax_type='fast_fill', source_lang='en', target_bleu=25.0, target_lang='de', task='translation', train_subset='train', unkpen=0, unnormalized=False, update_freq=[1], valid_subset='valid', validate_interval=1, warmup_init_lr=0.0, warmup_updates=3000, weight_decay=0.0)
:::MLL 1588475912.867 global_batch_size: {"value": 46080, "metadata": {"file": "train.py", "lineno": 74}}
:::MLL 1588475912.868 opt_name: {"value": "adam", "metadata": {"file": "train.py", "lineno": 75}}
:::MLL 1588475912.868 opt_base_learning_rate: {"value": 0.001976, "metadata": {"file": "train.py", "lineno": 77}}
:::MLL 1588475912.869 opt_learning_rate_warmup_steps: {"value": 3000, "metadata": {"file": "train.py", "lineno": 78}}
:::MLL 1588475912.869 max_sequence_length: {"value": 64, "metadata": {"file": "train.py", "lineno": 80}}
:::MLL 1588475912.870 opt_adam_beta_1: {"value": 0.9, "metadata": {"file": "train.py", "lineno": 81}}
:::MLL 1588475912.870 opt_adam_beta_2: {"value": 0.98, "metadata": {"file": "train.py", "lineno": 82}}
:::MLL 1588475912.871 opt_adam_epsilon: {"value": 1e-09, "metadata": {"file": "train.py", "lineno": 83}}
| [en] dictionary: 33712 types
| [de] dictionary: 33712 types
| model transformer_wmt_en_de_big_t2t, criterion LabelSmoothedCrossEntropyCriterion
| num. model params: 210808832
| parallel all-reduce ENABLED. all-reduce threshold: 105404416
| # of parallel all-reduce cuda streams: 2
| training on 3 GPUs
| max tokens per GPU = 15360 and max sentences per GPU = None
:::MLL 1588475919.032 init_stop: {"value": null, "metadata": {"file": "train.py", "lineno": 140}}
:::MLL 1588475919.032 run_start: {"value": null, "metadata": {"file": "train.py", "lineno": 142}}
filename: /data/train.en-de.en
raw_text: False
| /data train 4590101 examples
filename: /data/train1.en-de.en
raw_text: False
filename: /data/train1.de-en.en
raw_text: False
srcline: tensor([ 9093,    73,   156,    10,  3977,   165,     7,   147,   273, 10881,     2])
| Sentences are being padded to multiples of: 2
filename: /data/test.en-de.en
raw_text: False
| /data test 3003 examples
srcline: tensor([ 7549,  4344,    64, 32364,  1259,    20, 13504,  8959,  3868,     2])
| Sentences are being padded to multiples of: 2
filename: /data/test1.en-de.en
raw_text: False
filename: /data/test1.de-en.en
raw_text: False
:::MLL 1588475922.336 block_start: {"value": null, "metadata": {"first_epoch_num": 1, "epoch_count": 1, "file": "train.py", "lineno": 162}}
:::MLL 1588475922.336 epoch_start: {"value": null, "metadata": {"epoch_num": 1, "file": "train.py", "lineno": 163}}
generated 8733 batches in 1.955761s
got epoch iterator 1.956160306930542
| WARNING: overflow detected, setting loss scale to: 64.0
| WARNING: overflow detected, setting loss scale to: 32.0
| WARNING: overflow detected, setting loss scale to: 16.0
| WARNING: overflow detected, setting loss scale to: 8.0
| epoch 001:   1000 / 2911 loss=8.885, nll_loss=0.000, ppl=1.00, wps=105739, ups=2.5, wpb=42119, bsz=1433, num_updates=997, lr=0.000656691, gnorm=118007.868, clip=100%, oom=0, loss_scale=8.000, wall=405
| WARNING: overflow detected, setting loss scale to: 4.0
| epoch 001:   2000 / 2911 loss=7.256, nll_loss=0.000, ppl=1.00, wps=105759, ups=2.5, wpb=42005, bsz=1457, num_updates=1996, lr=0.0013147, gnorm=76920.462, clip=100%, oom=0, loss_scale=4.000, wall=801
| epoch 001 | loss 6.605 | nll_loss 0.000 | ppl 1.00 | wps 105996 | ups 2.5 | wpb 42061 | bsz 1459 | num_updates 2906 | lr 0.00191409 | gnorm 57900.182 | clip 100% | oom 0 | loss_scale 4.000 | wall 1161
epoch time  1153.6729950904846
:::MLL 1588477077.974 epoch_stop: {"value": null, "metadata": {"epoch_num": 1, "file": "train.py", "lineno": 201}}
:::MLL 1588477077.975 eval_start: {"value": null, "metadata": {"epoch_num": 1, "file": "train.py", "lineno": 547}}
generated 51 batches in 0.001105s
| Translated 1023 sentences (28839 tokens) in 9.5s (107.74 sentences/s, 3037.20 tokens/s)
| Generate test with beam=4: bleu_score=19.1587
| Eval completed in: 14.65s
:::MLL 1588477092.621 eval_stop: {"value": null, "metadata": {"epoch_num": 1, "file": "train.py", "lineno": 658}}
:::MLL 1588477092.623 eval_accuracy: {"value": "19.15874183177948", "metadata": {"epoch_num": 1, "file": "train.py", "lineno": 211}}
validation and scoring  14.657320499420166
:::MLL 1588477092.663 block_stop: {"value": null, "metadata": {"first_epoch_num": 1, "file": "train.py", "lineno": 226}}
:::MLL 1588477092.664 block_start: {"value": null, "metadata": {"first_epoch_num": 2, "epoch_count": 1, "file": "train.py", "lineno": 162}}
:::MLL 1588477092.664 epoch_start: {"value": null, "metadata": {"epoch_num": 2, "file": "train.py", "lineno": 163}}
generated 8733 batches in 1.401383s
got epoch iterator 1.4488980770111084
| epoch 002:   1000 / 2911 loss=4.881, nll_loss=0.000, ppl=1.00, wps=106445, ups=2.4, wpb=42164, bsz=1467, num_updates=3907, lr=0.00173151, gnorm=46920.715, clip=100%, oom=0, loss_scale=8.000, wall=1574
| epoch 002:   2000 / 2911 loss=4.788, nll_loss=0.000, ppl=1.00, wps=106270, ups=2.5, wpb=42049, bsz=1464, num_updates=4907, lr=0.00154504, gnorm=40503.956, clip=100%, oom=0, loss_scale=8.000, wall=1969
| epoch 002 | loss 4.717 | nll_loss 0.000 | ppl 1.00 | wps 106235 | ups 2.5 | wpb 42060 | bsz 1461 | num_updates 5817 | lr 0.00141905 | gnorm 37328.023 | clip 100% | oom 0 | loss_scale 16.000 | wall 2330
epoch time  1152.6970620155334
:::MLL 1588478246.816 epoch_stop: {"value": null, "metadata": {"epoch_num": 2, "file": "train.py", "lineno": 201}}
:::MLL 1588478246.817 eval_start: {"value": null, "metadata": {"epoch_num": 2, "file": "train.py", "lineno": 547}}
generated 51 batches in 0.001104s
| Translated 1023 sentences (30076 tokens) in 9.9s (103.41 sentences/s, 3040.22 tokens/s)
| Generate test with beam=4: bleu_score=23.2086
| Eval completed in: 14.99s
:::MLL 1588478261.811 eval_stop: {"value": null, "metadata": {"epoch_num": 2, "file": "train.py", "lineno": 658}}
:::MLL 1588478261.815 eval_accuracy: {"value": "23.20864349603653", "metadata": {"epoch_num": 2, "file": "train.py", "lineno": 211}}
validation and scoring  15.004542112350464
:::MLL 1588478261.847 block_stop: {"value": null, "metadata": {"first_epoch_num": 2, "file": "train.py", "lineno": 226}}
:::MLL 1588478261.847 block_start: {"value": null, "metadata": {"first_epoch_num": 3, "epoch_count": 1, "file": "train.py", "lineno": 162}}
:::MLL 1588478261.847 epoch_start: {"value": null, "metadata": {"epoch_num": 3, "file": "train.py", "lineno": 163}}
generated 8733 batches in 1.418953s
got epoch iterator 1.462597370147705
| epoch 003:   1000 / 2911 loss=4.425, nll_loss=0.000, ppl=1.00, wps=106319, ups=2.4, wpb=42079, bsz=1455, num_updates=6818, lr=0.00131075, gnorm=35674.913, clip=100%, oom=0, loss_scale=16.000, wall=2743
| WARNING: overflow detected, setting loss scale to: 8.0
| WARNING: overflow detected, setting loss scale to: 4.0
| epoch 003:   2000 / 2911 loss=4.400, nll_loss=0.000, ppl=1.00, wps=106151, ups=2.5, wpb=42059, bsz=1458, num_updates=7816, lr=0.00122421, gnorm=33053.735, clip=100%, oom=0, loss_scale=4.000, wall=3139
| epoch 003 | loss 4.387 | nll_loss 0.000 | ppl 1.00 | wps 106239 | ups 2.5 | wpb 42066 | bsz 1458 | num_updates 8726 | lr 0.00115862 | gnorm 30272.834 | clip 100% | oom 0 | loss_scale 4.000 | wall 3499
epoch time  1151.9337034225464
:::MLL 1588479415.253 epoch_stop: {"value": null, "metadata": {"epoch_num": 3, "file": "train.py", "lineno": 201}}
:::MLL 1588479415.254 eval_start: {"value": null, "metadata": {"epoch_num": 3, "file": "train.py", "lineno": 547}}
generated 51 batches in 0.001141s
| Translated 1023 sentences (29883 tokens) in 9.5s (107.86 sentences/s, 3150.85 tokens/s)
| Generate test with beam=4: bleu_score=24.7981
| Eval completed in: 14.68s
:::MLL 1588479429.932 eval_stop: {"value": null, "metadata": {"epoch_num": 3, "file": "train.py", "lineno": 658}}
:::MLL 1588479429.935 eval_accuracy: {"value": "24.798129498958588", "metadata": {"epoch_num": 3, "file": "train.py", "lineno": 211}}
validation and scoring  14.690997838973999
:::MLL 1588479429.968 block_stop: {"value": null, "metadata": {"first_epoch_num": 3, "file": "train.py", "lineno": 226}}
:::MLL 1588479429.968 block_start: {"value": null, "metadata": {"first_epoch_num": 4, "epoch_count": 1, "file": "train.py", "lineno": 162}}
:::MLL 1588479429.969 epoch_start: {"value": null, "metadata": {"epoch_num": 4, "file": "train.py", "lineno": 163}}
generated 8733 batches in 1.424515s
got epoch iterator 1.4694836139678955
| epoch 004:   1000 / 2911 loss=4.252, nll_loss=0.000, ppl=1.00, wps=106646, ups=2.4, wpb=42180, bsz=1461, num_updates=9727, lr=0.00109738, gnorm=27821.003, clip=100%, oom=0, loss_scale=4.000, wall=3911
| epoch 004:   2000 / 2911 loss=4.249, nll_loss=0.000, ppl=1.00, wps=106198, ups=2.5, wpb=42034, bsz=1463, num_updates=10727, lr=0.00104498, gnorm=26410.229, clip=100%, oom=0, loss_scale=8.000, wall=4307
| epoch 004 | loss 4.247 | nll_loss 0.000 | ppl 1.00 | wps 106273 | ups 2.5 | wpb 42060 | bsz 1461 | num_updates 11637 | lr 0.00100329 | gnorm 25346.040 | clip 100% | oom 0 | loss_scale 8.000 | wall 4667
epoch time  1152.1931931972504
:::MLL 1588480583.641 epoch_stop: {"value": null, "metadata": {"epoch_num": 4, "file": "train.py", "lineno": 201}}
:::MLL 1588480583.641 eval_start: {"value": null, "metadata": {"epoch_num": 4, "file": "train.py", "lineno": 547}}
generated 51 batches in 0.001156s
| Translated 1023 sentences (29874 tokens) in 8.9s (115.25 sentences/s, 3365.45 tokens/s)
| Generate test with beam=4: bleu_score=26.0149
| Eval completed in: 14.33s
:::MLL 1588480597.974 eval_stop: {"value": null, "metadata": {"epoch_num": 4, "file": "train.py", "lineno": 658}}
:::MLL 1588480597.976 eval_accuracy: {"value": "26.014915108680725", "metadata": {"epoch_num": 4, "file": "train.py", "lineno": 211}}
validation and scoring  14.345240592956543
:::MLL 1588480598.007 block_stop: {"value": null, "metadata": {"first_epoch_num": 4, "file": "train.py", "lineno": 226}}
:::MLL 1588480598.007 run_stop: {"value": null, "metadata": {"status": "success", "file": "train.py", "lineno": 231}}
| done training in 4679.3 seconds
++ ret_code=0
++ sleep 3
++ [[ 0 != 0 ]]
+++ date +%s
++ END=1588480601
+++ date '+%Y-%m-%d %r'
++ END_FMT='2020-05-03 04:36:41 AM'
++ echo 'ENDING TIMING RUN AT 2020-05-03 04:36:41 AM'
ENDING TIMING RUN AT 2020-05-03 04:36:41 AM
++ RESULT=4697
++ RESULT_NAME=transformer
++ echo 'RESULT,transformer,     2614625,4697,,2020-05-03 03:18:24 AM'
RESULT,transformer,     2614625,4697,,2020-05-03 03:18:24 AM
+ set +x
