Beginning trial 2 of 10
Gathering sys log on node001
:::MLL 1588471211.354 submission_benchmark: {"value": "transformer", "metadata": {"file": "mlperf_log_utils.py", "lineno": 225}}
:::MLL 1588471211.355 submission_org: {"value": "NVIDIA", "metadata": {"file": "mlperf_log_utils.py", "lineno": 230}}
WARNING: Log validation: Key "submission_division" is not in known transformer keys.
:::MLL 1588471211.357 submission_division: {"value": "closed", "metadata": {"file": "mlperf_log_utils.py", "lineno": 234}}
:::MLL 1588471211.359 submission_status: {"value": "onprem", "metadata": {"file": "mlperf_log_utils.py", "lineno": 238}}
:::MLL 1588471211.361 submission_platform: {"value": "1xPowerEdge R7525", "metadata": {"file": "mlperf_log_utils.py", "lineno": 242}}
:::MLL 1588471211.362 submission_entry: {"value": "{'hardware': 'PowerEdge R7525', 'framework': 'PyTorch NVIDIA Release 19.05', 'power': 'N/A', 'notes': 'N/A', 'interconnect': ' ', 'os': '\\\\S / ', 'libraries': \"{'container_base': 'Ubuntu-16.04', 'openmpi_version': '3.1.3', 'mofed_version': '4.0-0', 'cuda_version': '10.1.163', 'cuda_driver_version': '418.67', 'nccl_version': '2.4.6', 'cudnn_version': '7.6.0.64', 'cublas_version': '10.2.0.163', 'trt_version': '5.1.5.0', 'dali_version': '0.9.1'}\", 'compilers': 'gcc (Ubuntu 5.4.0-6ubuntu1~16.04.11) 5.4.0 20160609', 'nodes': \"{'num_nodes': '1', 'cpu': '8x AMD EPYC 7502 32-Core Processor', 'num_cores': '256', 'num_vcpus': '256', 'accelerator': 'Tesla V100S-PCIE-32GB', 'num_accelerators': '3', 'sys_mem_size': '251 GB', 'sys_storage_type': 'NVMe SSD', 'sys_storage_size': '1x 931.5G', 'cpu_accel_interconnect': 'QPI', 'network_card': '', 'num_network_cards': '0', 'notes': ''}\"}", "metadata": {"file": "mlperf_log_utils.py", "lineno": 246}}
:::MLL 1588471211.364 submission_poc_name: {"value": "Paulius Micikevicius", "metadata": {"file": "mlperf_log_utils.py", "lineno": 250}}
:::MLL 1588471211.366 submission_poc_email: {"value": "pauliusm@nvidia.com", "metadata": {"file": "mlperf_log_utils.py", "lineno": 254}}
Clearing caches
:::MLL 1588471212.331 cache_clear: {"value": true, "metadata": {"file": "<string>", "lineno": 1}}
Launching on node node001
+ pids+=($!)
+ set +x
++ eval echo
+++ echo
+ docker exec -e DGXSYSTEM=DGX1 -e 'MULTI_NODE= --master_port=5237' -e 'SEED=     8343619' -e SLURM_JOB_ID=200502200044477702800 -e SLURM_NTASKS_PER_NODE= -e SLURM_NNODES=1 -e MODE=TRAIN cont_200502200044477702800 ./run_and_time.sh
+ SEED='     8343619'
+ MAX_TOKENS=15360
+ DATASET_DIR=/data
+ MODE=TRAIN
+ NUMEPOCHS=30
+ case "$MODE" in
Run vars: id 200502200044477702800 gpus 3 mparams  --master_port=5237
+ source run_training.sh
+++ date +%s
++ START=1588471212
+++ date '+%Y-%m-%d %r'
++ START_FMT='2020-05-03 02:00:12 AM'
++ echo 'STARTING TIMING RUN AT 2020-05-03 02:00:12 AM'
STARTING TIMING RUN AT 2020-05-03 02:00:12 AM
++ [[ 3 -ne 1 ]]
++ DISTRIBUTED_INIT_METHOD='--distributed-init-method env://'
++ export DGXSYSTEM
++ export SLURM_NTASKS_PER_NODE
++ export SLURM_NNODES
++ export MLPERF_HOST_OS
++ python -m bind_launch --nsockets_per_node 2 --ncores_per_socket 32 --nproc_per_node 3 --master_port=5237 --no_hyperthreads train.py /data --seed 8343619 --arch transformer_wmt_en_de_big_t2t --share-all-embeddings --optimizer adam --adam-betas '(0.9, 0.997)' --adam-eps 1e-9 --clip-norm 0.0 --lr-scheduler inverse_sqrt --warmup-init-lr 0.0 --warmup-updates 3000 --lr 1.976e-3 --min-lr 0.0 --dropout 0.1 --weight-decay 0.0 --criterion label_smoothed_cross_entropy --label-smoothing 0.1 --max-tokens 15360 --max-epoch 30 --target-bleu 25.0 --ignore-case --no-save --update-freq 1 --fp16 --seq-len-multiple 2 --softmax-type fast_fill --source_lang en --target_lang de --bucket_growth_factor 1.035 --batching_scheme v0p5_better --batch_multiple_strategy dynamic --fast-xentropy --max-len-a 1 --max-len-b 50 --lenpen 0.6 --distributed-init-method env:// --max-source-positions 64 --max-target-positions 64 --enable-parallel-backward-allred-opt --parallel-backward-allred-opt-threshold 105404416 --parallel-backward-allred-cuda-nstreams 2 --adam-betas '(0.9,0.98)'
| distributed init (rank 0): env://
| distributed env init. MASTER_ADDR: 127.0.0.1, MASTER_PORT: 5237, WORLD_SIZE: 3, RANK: 2
| distributed init (rank 0): env://
| distributed env init. MASTER_ADDR: 127.0.0.1, MASTER_PORT: 5237, WORLD_SIZE: 3, RANK: 0
| distributed init (rank 0): env://
| distributed env init. MASTER_ADDR: 127.0.0.1, MASTER_PORT: 5237, WORLD_SIZE: 3, RANK: 1
| distributed init done!
:::MLL 1588471217.378 init_start: {"value": null, "metadata": {"file": "train.py", "lineno": 57}}
| distributed init done!
| distributed init done!
| initialized host node001 as rank 0 and device id 0
:::MLL 1588471217.981 init_start: {"value": null, "metadata": {"file": "train.py", "lineno": 57}}
:::MLL 1588471217.984 init_start: {"value": null, "metadata": {"file": "train.py", "lineno": 57}}
Namespace(adam_betas='(0.9,0.98)', adam_eps=1e-09, adaptive_softmax_cutoff=None, arch='transformer_wmt_en_de_big_t2t', attention_dropout=0.1, batch_multiple_strategy='dynamic', batching_scheme='v0p5_better', beam=4, bucket_growth_factor=1.035, clip_norm=0.0, cpu=False, criterion='label_smoothed_cross_entropy', data='/data', dataloader_num_workers=1, decoder_attention_heads=16, decoder_embed_dim=1024, decoder_embed_path=None, decoder_ffn_embed_dim=4096, decoder_layers=6, decoder_learned_pos=False, decoder_normalize_before=True, device_id=0, distributed_backend='nccl', distributed_init_method='env://', distributed_port=-1, distributed_rank=0, distributed_world_size=3, dropout=0.1, enable_dataloader_pin_memory=False, enable_parallel_backward_allred_opt=True, enable_parallel_backward_allred_opt_correctness_check=False, encoder_attention_heads=16, encoder_embed_dim=1024, encoder_embed_path=None, encoder_ffn_embed_dim=4096, encoder_layers=6, encoder_learned_pos=False, encoder_normalize_before=True, fast_xentropy=True, fp16=True, fuse_dropout_add=False, fuse_relu_dropout=False, gen_subset='test', ignore_case=True, keep_interval_updates=-1, label_smoothing=0.1, left_pad_source='True', left_pad_target='False', lenpen=0.6, local_rank=0, log_format=None, log_interval=1000, log_translations=False, lr=[0.001976], lr_scheduler='inverse_sqrt', lr_shrink=0.1, max_epoch=30, max_len_a=1.0, max_len_b=50, max_sentences=None, max_sentences_valid=None, max_source_positions=64, max_target_positions=64, max_tokens=15360, max_update=0, min_len=1, min_loss_scale=0.0001, min_lr=0.0, model_overrides='{}', momentum=0.99, nbest=1, no_beamable_mm=False, no_early_stop=False, no_epoch_checkpoints=False, no_progress_bar=False, no_save=True, no_token_positional_embeddings=False, num_shards=1, online_eval=False, optimizer='adam', parallel_backward_allred_cuda_nstreams=2, parallel_backward_allred_opt_threshold=105404416, path=None, prefix_size=0, print_alignment=False, profile=None, quiet=False, raw_text=False, relu_dropout=0.1, remove_bpe=None, replace_unk=None, restore_file='checkpoint_last.pt', sampling=False, sampling_temperature=1, sampling_topk=-1, save_dir='checkpoints', save_interval=1, save_interval_updates=0, score_reference=False, seed=8343619, sentence_avg=False, seq_len_multiple=2, shard_id=0, share_all_embeddings=True, share_decoder_input_output_embed=False, skip_invalid_size_inputs_valid_test=False, softmax_type='fast_fill', source_lang='en', target_bleu=25.0, target_lang='de', task='translation', train_subset='train', unkpen=0, unnormalized=False, update_freq=[1], valid_subset='valid', validate_interval=1, warmup_init_lr=0.0, warmup_updates=3000, weight_decay=0.0)
:::MLL 1588471221.135 global_batch_size: {"value": 46080, "metadata": {"file": "train.py", "lineno": 74}}
:::MLL 1588471221.136 opt_name: {"value": "adam", "metadata": {"file": "train.py", "lineno": 75}}
:::MLL 1588471221.136 opt_base_learning_rate: {"value": 0.001976, "metadata": {"file": "train.py", "lineno": 77}}
:::MLL 1588471221.137 opt_learning_rate_warmup_steps: {"value": 3000, "metadata": {"file": "train.py", "lineno": 78}}
:::MLL 1588471221.137 max_sequence_length: {"value": 64, "metadata": {"file": "train.py", "lineno": 80}}
:::MLL 1588471221.138 opt_adam_beta_1: {"value": 0.9, "metadata": {"file": "train.py", "lineno": 81}}
:::MLL 1588471221.138 opt_adam_beta_2: {"value": 0.98, "metadata": {"file": "train.py", "lineno": 82}}
:::MLL 1588471221.139 opt_adam_epsilon: {"value": 1e-09, "metadata": {"file": "train.py", "lineno": 83}}
| [en] dictionary: 33712 types
| [de] dictionary: 33712 types
| model transformer_wmt_en_de_big_t2t, criterion LabelSmoothedCrossEntropyCriterion
| num. model params: 210808832
| parallel all-reduce ENABLED. all-reduce threshold: 105404416
| # of parallel all-reduce cuda streams: 2
| training on 3 GPUs
| max tokens per GPU = 15360 and max sentences per GPU = None
:::MLL 1588471226.765 init_stop: {"value": null, "metadata": {"file": "train.py", "lineno": 140}}
:::MLL 1588471226.766 run_start: {"value": null, "metadata": {"file": "train.py", "lineno": 142}}
filename: /data/train.en-de.en
raw_text: False
| /data train 4590101 examples
filename: /data/train1.en-de.en
raw_text: False
filename: /data/train1.de-en.en
raw_text: False
srcline: tensor([ 9093,    73,   156,    10,  3977,   165,     7,   147,   273, 10881,     2])
| Sentences are being padded to multiples of: 2
filename: /data/test.en-de.en
raw_text: False
| /data test 3003 examples
srcline: tensor([ 7549,  4344,    64, 32364,  1259,    20, 13504,  8959,  3868,     2])
| Sentences are being padded to multiples of: 2
filename: /data/test1.en-de.en
raw_text: False
filename: /data/test1.de-en.en
raw_text: False
:::MLL 1588471230.022 block_start: {"value": null, "metadata": {"first_epoch_num": 1, "epoch_count": 1, "file": "train.py", "lineno": 162}}
:::MLL 1588471230.023 epoch_start: {"value": null, "metadata": {"epoch_num": 1, "file": "train.py", "lineno": 163}}
generated 8733 batches in 1.946096s
got epoch iterator 1.9464941024780273
| WARNING: overflow detected, setting loss scale to: 64.0
| WARNING: overflow detected, setting loss scale to: 32.0
| WARNING: overflow detected, setting loss scale to: 16.0
| WARNING: overflow detected, setting loss scale to: 8.0
| WARNING: overflow detected, setting loss scale to: 4.0
| epoch 001:   1000 / 2911 loss=8.865, nll_loss=0.000, ppl=1.00, wps=104999, ups=2.5, wpb=41861, bsz=1456, num_updates=996, lr=0.000656032, gnorm=102239.889, clip=100%, oom=0, loss_scale=4.000, wall=405
| epoch 001:   2000 / 2911 loss=7.237, nll_loss=0.000, ppl=1.00, wps=105610, ups=2.5, wpb=41957, bsz=1452, num_updates=1996, lr=0.0013147, gnorm=62641.455, clip=100%, oom=0, loss_scale=4.000, wall=801
| epoch 001 | loss 6.582 | nll_loss 0.000 | ppl 1.00 | wps 105945 | ups 2.5 | wpb 42057 | bsz 1460 | num_updates 2906 | lr 0.00191409 | gnorm 48742.537 | clip 100% | oom 0 | loss_scale 8.000 | wall 1161
epoch time  1154.0854456424713
:::MLL 1588472386.064 epoch_stop: {"value": null, "metadata": {"epoch_num": 1, "file": "train.py", "lineno": 201}}
:::MLL 1588472386.065 eval_start: {"value": null, "metadata": {"epoch_num": 1, "file": "train.py", "lineno": 547}}
generated 51 batches in 0.001123s
| Translated 1023 sentences (27602 tokens) in 8.3s (123.10 sentences/s, 3321.44 tokens/s)
| Generate test with beam=4: bleu_score=19.4465
| Eval completed in: 13.45s
:::MLL 1588472399.516 eval_stop: {"value": null, "metadata": {"epoch_num": 1, "file": "train.py", "lineno": 658}}
:::MLL 1588472399.520 eval_accuracy: {"value": "19.44645345211029", "metadata": {"epoch_num": 1, "file": "train.py", "lineno": 211}}
validation and scoring  13.465060710906982
:::MLL 1588472399.551 block_stop: {"value": null, "metadata": {"first_epoch_num": 1, "file": "train.py", "lineno": 226}}
:::MLL 1588472399.552 block_start: {"value": null, "metadata": {"first_epoch_num": 2, "epoch_count": 1, "file": "train.py", "lineno": 162}}
:::MLL 1588472399.552 epoch_start: {"value": null, "metadata": {"epoch_num": 2, "file": "train.py", "lineno": 163}}
generated 8733 batches in 1.428243s
got epoch iterator 1.471764087677002
| WARNING: overflow detected, setting loss scale to: 4.0
| epoch 002:   1000 / 2911 loss=4.877, nll_loss=0.000, ppl=1.00, wps=106209, ups=2.4, wpb=41981, bsz=1491, num_updates=3906, lr=0.00173174, gnorm=39415.515, clip=100%, oom=0, loss_scale=4.000, wall=1572
| epoch 002:   2000 / 2911 loss=4.768, nll_loss=0.000, ppl=1.00, wps=106323, ups=2.5, wpb=42053, bsz=1466, num_updates=4906, lr=0.0015452, gnorm=32933.986, clip=100%, oom=0, loss_scale=4.000, wall=1967
| epoch 002 | loss 4.711 | nll_loss 0.000 | ppl 1.00 | wps 106340 | ups 2.5 | wpb 42060 | bsz 1461 | num_updates 5816 | lr 0.00141917 | gnorm 29728.068 | clip 100% | oom 0 | loss_scale 8.000 | wall 2327
epoch time  1151.051769733429
:::MLL 1588473552.083 epoch_stop: {"value": null, "metadata": {"epoch_num": 2, "file": "train.py", "lineno": 201}}
:::MLL 1588473552.083 eval_start: {"value": null, "metadata": {"epoch_num": 2, "file": "train.py", "lineno": 547}}
generated 51 batches in 0.001123s
| Translated 1023 sentences (29358 tokens) in 7.9s (129.66 sentences/s, 3721.01 tokens/s)
| Generate test with beam=4: bleu_score=23.3305
| Eval completed in: 13.39s
:::MLL 1588473565.475 eval_stop: {"value": null, "metadata": {"epoch_num": 2, "file": "train.py", "lineno": 658}}
:::MLL 1588473565.477 eval_accuracy: {"value": "23.330490291118622", "metadata": {"epoch_num": 2, "file": "train.py", "lineno": 211}}
validation and scoring  13.40164303779602
:::MLL 1588473565.507 block_stop: {"value": null, "metadata": {"first_epoch_num": 2, "file": "train.py", "lineno": 226}}
:::MLL 1588473565.507 block_start: {"value": null, "metadata": {"first_epoch_num": 3, "epoch_count": 1, "file": "train.py", "lineno": 162}}
:::MLL 1588473565.508 epoch_start: {"value": null, "metadata": {"epoch_num": 3, "file": "train.py", "lineno": 163}}
generated 8733 batches in 1.430513s
got epoch iterator 1.47398042678833
| WARNING: overflow detected, setting loss scale to: 4.0
| epoch 003:   1000 / 2911 loss=4.411, nll_loss=0.000, ppl=1.00, wps=106331, ups=2.4, wpb=42149, bsz=1456, num_updates=6816, lr=0.00131094, gnorm=26524.840, clip=100%, oom=0, loss_scale=4.000, wall=2739
| epoch 003:   2000 / 2911 loss=4.402, nll_loss=0.000, ppl=1.00, wps=106227, ups=2.5, wpb=42053, bsz=1456, num_updates=7816, lr=0.00122421, gnorm=23958.208, clip=100%, oom=0, loss_scale=4.000, wall=3134
| WARNING: overflow detected, setting loss scale to: 4.0
| epoch 003 | loss 4.382 | nll_loss 0.000 | ppl 1.00 | wps 106261 | ups 2.5 | wpb 42062 | bsz 1459 | num_updates 8725 | lr 0.00115868 | gnorm 22353.089 | clip 100% | oom 0 | loss_scale 4.000 | wall 3494
epoch time  1151.6063404083252
:::MLL 1588474718.598 epoch_stop: {"value": null, "metadata": {"epoch_num": 3, "file": "train.py", "lineno": 201}}
:::MLL 1588474718.599 eval_start: {"value": null, "metadata": {"epoch_num": 3, "file": "train.py", "lineno": 547}}
generated 51 batches in 0.001137s
| Translated 1023 sentences (29750 tokens) in 7.9s (129.47 sentences/s, 3765.08 tokens/s)
| Generate test with beam=4: bleu_score=24.8235
| Eval completed in: 13.30s
:::MLL 1588474731.904 eval_stop: {"value": null, "metadata": {"epoch_num": 3, "file": "train.py", "lineno": 658}}
:::MLL 1588474731.907 eval_accuracy: {"value": "24.82353150844574", "metadata": {"epoch_num": 3, "file": "train.py", "lineno": 211}}
validation and scoring  13.318785429000854
:::MLL 1588474731.936 block_stop: {"value": null, "metadata": {"first_epoch_num": 3, "file": "train.py", "lineno": 226}}
:::MLL 1588474731.937 block_start: {"value": null, "metadata": {"first_epoch_num": 4, "epoch_count": 1, "file": "train.py", "lineno": 162}}
:::MLL 1588474731.937 epoch_start: {"value": null, "metadata": {"epoch_num": 4, "file": "train.py", "lineno": 163}}
generated 8733 batches in 1.429781s
got epoch iterator 1.4727227687835693
| epoch 004:   1000 / 2911 loss=4.252, nll_loss=0.000, ppl=1.00, wps=106202, ups=2.4, wpb=41985, bsz=1453, num_updates=9726, lr=0.00109744, gnorm=20699.102, clip=100%, oom=0, loss_scale=4.000, wall=3905
| WARNING: overflow detected, setting loss scale to: 2.0
| epoch 004:   2000 / 2911 loss=4.256, nll_loss=0.000, ppl=1.00, wps=106235, ups=2.5, wpb=42015, bsz=1452, num_updates=10725, lr=0.00104508, gnorm=19208.872, clip=100%, oom=0, loss_scale=2.000, wall=4300
| epoch 004 | loss 4.243 | nll_loss 0.000 | ppl 1.00 | wps 106328 | ups 2.5 | wpb 42062 | bsz 1460 | num_updates 11635 | lr 0.00100338 | gnorm 17949.973 | clip 100% | oom 0 | loss_scale 2.000 | wall 4660
epoch time  1151.2568497657776
:::MLL 1588475884.675 epoch_stop: {"value": null, "metadata": {"epoch_num": 4, "file": "train.py", "lineno": 201}}
:::MLL 1588475884.676 eval_start: {"value": null, "metadata": {"epoch_num": 4, "file": "train.py", "lineno": 547}}
generated 51 batches in 0.001153s
| Translated 1023 sentences (29653 tokens) in 8.0s (127.45 sentences/s, 3694.44 tokens/s)
| Generate test with beam=4: bleu_score=25.6401
| Eval completed in: 13.38s
:::MLL 1588475898.052 eval_stop: {"value": null, "metadata": {"epoch_num": 4, "file": "train.py", "lineno": 658}}
:::MLL 1588475898.055 eval_accuracy: {"value": "25.640061497688293", "metadata": {"epoch_num": 4, "file": "train.py", "lineno": 211}}
validation and scoring  13.388152837753296
:::MLL 1588475898.102 block_stop: {"value": null, "metadata": {"first_epoch_num": 4, "file": "train.py", "lineno": 226}}
:::MLL 1588475898.102 run_stop: {"value": null, "metadata": {"status": "success", "file": "train.py", "lineno": 231}}
| done training in 4671.9 seconds
++ ret_code=0
++ sleep 3
++ [[ 0 != 0 ]]
+++ date +%s
++ END=1588475901
+++ date '+%Y-%m-%d %r'
++ END_FMT='2020-05-03 03:18:21 AM'
++ echo 'ENDING TIMING RUN AT 2020-05-03 03:18:21 AM'
ENDING TIMING RUN AT 2020-05-03 03:18:21 AM
++ RESULT=4689
++ RESULT_NAME=transformer
RESULT,transformer,     8343619,4689,,2020-05-03 02:00:12 AM
++ echo 'RESULT,transformer,     8343619,4689,,2020-05-03 02:00:12 AM'
+ set +x
