Beginning trial 4 of 10
Gathering sys log on node001
:::MLL 1588874625.148 submission_benchmark: {"value": "transformer", "metadata": {"file": "mlperf_log_utils.py", "lineno": 225}}
:::MLL 1588874625.150 submission_org: {"value": "NVIDIA", "metadata": {"file": "mlperf_log_utils.py", "lineno": 230}}
WARNING: Log validation: Key "submission_division" is not in known transformer keys.
:::MLL 1588874625.152 submission_division: {"value": "closed", "metadata": {"file": "mlperf_log_utils.py", "lineno": 234}}
:::MLL 1588874625.154 submission_status: {"value": "onprem", "metadata": {"file": "mlperf_log_utils.py", "lineno": 238}}
:::MLL 1588874625.155 submission_platform: {"value": "1xPowerEdge R7525", "metadata": {"file": "mlperf_log_utils.py", "lineno": 242}}
:::MLL 1588874625.157 submission_entry: {"value": "{'hardware': 'PowerEdge R7525', 'framework': 'PyTorch NVIDIA Release 19.05', 'power': 'N/A', 'notes': 'N/A', 'interconnect': ' ', 'os': '\\\\S / ', 'libraries': \"{'container_base': 'Ubuntu-16.04', 'openmpi_version': '3.1.3', 'mofed_version': '4.0-0', 'cuda_version': '10.1.163', 'cuda_driver_version': '418.67', 'nccl_version': '2.4.6', 'cudnn_version': '7.6.0.64', 'cublas_version': '10.2.0.163', 'trt_version': '5.1.5.0', 'dali_version': '0.9.1'}\", 'compilers': 'gcc (Ubuntu 5.4.0-6ubuntu1~16.04.11) 5.4.0 20160609', 'nodes': \"{'num_nodes': '1', 'cpu': '4x AMD EPYC 7502 32-Core Processor', 'num_cores': '128', 'num_vcpus': '128', 'accelerator': 'Tesla V100S-PCIE-32GB', 'num_accelerators': '3', 'sys_mem_size': '251 GB', 'sys_storage_type': 'NVMe SSD', 'sys_storage_size': '1x 931.5G', 'cpu_accel_interconnect': 'QPI', 'network_card': '', 'num_network_cards': '0', 'notes': ''}\"}", "metadata": {"file": "mlperf_log_utils.py", "lineno": 246}}
:::MLL 1588874625.159 submission_poc_name: {"value": "Paulius Micikevicius", "metadata": {"file": "mlperf_log_utils.py", "lineno": 250}}
:::MLL 1588874625.161 submission_poc_email: {"value": "pauliusm@nvidia.com", "metadata": {"file": "mlperf_log_utils.py", "lineno": 254}}
Clearing caches
:::MLL 1588874626.082 cache_clear: {"value": true, "metadata": {"file": "<string>", "lineno": 1}}
Launching on node node001
+ pids+=($!)
+ set +x
++ eval echo
+++ echo
+ docker exec -e DGXSYSTEM=DGX1 -e 'MULTI_NODE= --master_port=4936' -e 'SEED=     9356540' -e SLURM_JOB_ID=200507093608426133846 -e SLURM_NTASKS_PER_NODE= -e SLURM_NNODES=1 -e MODE=TRAIN cont_200507093608426133846 ./run_and_time.sh
Run vars: id 200507093608426133846 gpus 3 mparams  --master_port=4936
+ SEED='     9356540'
+ MAX_TOKENS=15360
+ DATASET_DIR=/data
+ MODE=TRAIN
+ NUMEPOCHS=30
+ case "$MODE" in
+ source run_training.sh
+++ date +%s
++ START=1588874626
+++ date '+%Y-%m-%d %r'
++ START_FMT='2020-05-07 06:03:46 PM'
++ echo 'STARTING TIMING RUN AT 2020-05-07 06:03:46 PM'
STARTING TIMING RUN AT 2020-05-07 06:03:46 PM
++ [[ 3 -ne 1 ]]
++ DISTRIBUTED_INIT_METHOD='--distributed-init-method env://'
++ export DGXSYSTEM
++ export SLURM_NTASKS_PER_NODE
++ export SLURM_NNODES
++ export MLPERF_HOST_OS
++ python -m bind_launch --nsockets_per_node 2 --ncores_per_socket 32 --nproc_per_node 3 --master_port=4936 --no_hyperthreads train.py /data --seed 9356540 --arch transformer_wmt_en_de_big_t2t --share-all-embeddings --optimizer adam --adam-betas '(0.9, 0.997)' --adam-eps 1e-9 --clip-norm 0.0 --lr-scheduler inverse_sqrt --warmup-init-lr 0.0 --warmup-updates 3000 --lr 1.976e-3 --min-lr 0.0 --dropout 0.1 --weight-decay 0.0 --criterion label_smoothed_cross_entropy --label-smoothing 0.1 --max-tokens 15360 --max-epoch 30 --target-bleu 25.0 --ignore-case --no-save --update-freq 1 --fp16 --seq-len-multiple 2 --softmax-type fast_fill --source_lang en --target_lang de --bucket_growth_factor 1.035 --batching_scheme v0p5_better --batch_multiple_strategy dynamic --fast-xentropy --max-len-a 1 --max-len-b 50 --lenpen 0.6 --distributed-init-method env:// --max-source-positions 64 --max-target-positions 64 --enable-parallel-backward-allred-opt --parallel-backward-allred-opt-threshold 105404416 --parallel-backward-allred-cuda-nstreams 2 --adam-betas '(0.9,0.98)'
| distributed init (rank 0): env://
| distributed env init. MASTER_ADDR: 127.0.0.1, MASTER_PORT: 4936, WORLD_SIZE: 3, RANK: 2
| distributed init (rank 0): env://
| distributed env init. MASTER_ADDR: 127.0.0.1, MASTER_PORT: 4936, WORLD_SIZE: 3, RANK: 0
| distributed init (rank 0): env://
| distributed env init. MASTER_ADDR: 127.0.0.1, MASTER_PORT: 4936, WORLD_SIZE: 3, RANK: 1
| distributed init done!
:::MLL 1588874631.403 init_start: {"value": null, "metadata": {"file": "train.py", "lineno": 57}}
| distributed init done!
| distributed init done!
| initialized host node001 as rank 0 and device id 0
:::MLL 1588874632.005 init_start: {"value": null, "metadata": {"file": "train.py", "lineno": 57}}
:::MLL 1588874632.010 init_start: {"value": null, "metadata": {"file": "train.py", "lineno": 57}}
Namespace(adam_betas='(0.9,0.98)', adam_eps=1e-09, adaptive_softmax_cutoff=None, arch='transformer_wmt_en_de_big_t2t', attention_dropout=0.1, batch_multiple_strategy='dynamic', batching_scheme='v0p5_better', beam=4, bucket_growth_factor=1.035, clip_norm=0.0, cpu=False, criterion='label_smoothed_cross_entropy', data='/data', dataloader_num_workers=1, decoder_attention_heads=16, decoder_embed_dim=1024, decoder_embed_path=None, decoder_ffn_embed_dim=4096, decoder_layers=6, decoder_learned_pos=False, decoder_normalize_before=True, device_id=0, distributed_backend='nccl', distributed_init_method='env://', distributed_port=-1, distributed_rank=0, distributed_world_size=3, dropout=0.1, enable_dataloader_pin_memory=False, enable_parallel_backward_allred_opt=True, enable_parallel_backward_allred_opt_correctness_check=False, encoder_attention_heads=16, encoder_embed_dim=1024, encoder_embed_path=None, encoder_ffn_embed_dim=4096, encoder_layers=6, encoder_learned_pos=False, encoder_normalize_before=True, fast_xentropy=True, fp16=True, fuse_dropout_add=False, fuse_relu_dropout=False, gen_subset='test', ignore_case=True, keep_interval_updates=-1, label_smoothing=0.1, left_pad_source='True', left_pad_target='False', lenpen=0.6, local_rank=0, log_format=None, log_interval=1000, log_translations=False, lr=[0.001976], lr_scheduler='inverse_sqrt', lr_shrink=0.1, max_epoch=30, max_len_a=1.0, max_len_b=50, max_sentences=None, max_sentences_valid=None, max_source_positions=64, max_target_positions=64, max_tokens=15360, max_update=0, min_len=1, min_loss_scale=0.0001, min_lr=0.0, model_overrides='{}', momentum=0.99, nbest=1, no_beamable_mm=False, no_early_stop=False, no_epoch_checkpoints=False, no_progress_bar=False, no_save=True, no_token_positional_embeddings=False, num_shards=1, online_eval=False, optimizer='adam', parallel_backward_allred_cuda_nstreams=2, parallel_backward_allred_opt_threshold=105404416, path=None, prefix_size=0, print_alignment=False, profile=None, quiet=False, raw_text=False, relu_dropout=0.1, remove_bpe=None, replace_unk=None, restore_file='checkpoint_last.pt', sampling=False, sampling_temperature=1, sampling_topk=-1, save_dir='checkpoints', save_interval=1, save_interval_updates=0, score_reference=False, seed=9356540, sentence_avg=False, seq_len_multiple=2, shard_id=0, share_all_embeddings=True, share_decoder_input_output_embed=False, skip_invalid_size_inputs_valid_test=False, softmax_type='fast_fill', source_lang='en', target_bleu=25.0, target_lang='de', task='translation', train_subset='train', unkpen=0, unnormalized=False, update_freq=[1], valid_subset='valid', validate_interval=1, warmup_init_lr=0.0, warmup_updates=3000, weight_decay=0.0)
:::MLL 1588874635.276 global_batch_size: {"value": 46080, "metadata": {"file": "train.py", "lineno": 74}}
:::MLL 1588874635.277 opt_name: {"value": "adam", "metadata": {"file": "train.py", "lineno": 75}}
:::MLL 1588874635.277 opt_base_learning_rate: {"value": 0.001976, "metadata": {"file": "train.py", "lineno": 77}}
:::MLL 1588874635.278 opt_learning_rate_warmup_steps: {"value": 3000, "metadata": {"file": "train.py", "lineno": 78}}
:::MLL 1588874635.278 max_sequence_length: {"value": 64, "metadata": {"file": "train.py", "lineno": 80}}
:::MLL 1588874635.278 opt_adam_beta_1: {"value": 0.9, "metadata": {"file": "train.py", "lineno": 81}}
:::MLL 1588874635.279 opt_adam_beta_2: {"value": 0.98, "metadata": {"file": "train.py", "lineno": 82}}
:::MLL 1588874635.279 opt_adam_epsilon: {"value": 1e-09, "metadata": {"file": "train.py", "lineno": 83}}
| [en] dictionary: 33712 types
| [de] dictionary: 33712 types
| model transformer_wmt_en_de_big_t2t, criterion LabelSmoothedCrossEntropyCriterion
| num. model params: 210808832
| parallel all-reduce ENABLED. all-reduce threshold: 105404416
| # of parallel all-reduce cuda streams: 2
| training on 3 GPUs
| max tokens per GPU = 15360 and max sentences per GPU = None
:::MLL 1588874641.513 init_stop: {"value": null, "metadata": {"file": "train.py", "lineno": 140}}
:::MLL 1588874641.513 run_start: {"value": null, "metadata": {"file": "train.py", "lineno": 142}}
filename: /data/train.en-de.en
raw_text: False
| /data train 4590101 examples
filename: /data/train1.en-de.en
raw_text: False
filename: /data/train1.de-en.en
raw_text: False
srcline: tensor([ 9093,    73,   156,    10,  3977,   165,     7,   147,   273, 10881,     2])
| Sentences are being padded to multiples of: 2
filename: /data/test.en-de.en
raw_text: False
| /data test 3003 examples
srcline: tensor([ 7549,  4344,    64, 32364,  1259,    20, 13504,  8959,  3868,     2])
| Sentences are being padded to multiples of: 2
filename: /data/test1.en-de.en
raw_text: False
filename: /data/test1.de-en.en
raw_text: False
:::MLL 1588874643.650 block_start: {"value": null, "metadata": {"first_epoch_num": 1, "epoch_count": 1, "file": "train.py", "lineno": 162}}
:::MLL 1588874643.651 epoch_start: {"value": null, "metadata": {"epoch_num": 1, "file": "train.py", "lineno": 163}}
generated 8733 batches in 1.730500s
got epoch iterator 1.731065034866333
| WARNING: overflow detected, setting loss scale to: 64.0
| WARNING: overflow detected, setting loss scale to: 32.0
| WARNING: overflow detected, setting loss scale to: 16.0
| WARNING: overflow detected, setting loss scale to: 8.0
| WARNING: overflow detected, setting loss scale to: 4.0
| epoch 001:   1000 / 2911 loss=8.898, nll_loss=0.000, ppl=1.00, wps=91831, ups=2.1, wpb=42161, bsz=1440, num_updates=996, lr=0.000656032, gnorm=63054.290, clip=100%, oom=0, loss_scale=4.000, wall=464
| WARNING: overflow detected, setting loss scale to: 2.0
| epoch 001:   2000 / 2911 loss=7.252, nll_loss=0.000, ppl=1.00, wps=91863, ups=2.2, wpb=42091, bsz=1454, num_updates=1995, lr=0.00131404, gnorm=42589.071, clip=100%, oom=0, loss_scale=2.000, wall=921
| epoch 001 | loss 6.603 | nll_loss 0.000 | ppl 1.00 | wps 91896 | ups 2.2 | wpb 42057 | bsz 1459 | num_updates 2905 | lr 0.00191343 | gnorm 31694.709 | clip 100% | oom 0 | loss_scale 2.000 | wall 1337
epoch time  1330.2574026584625
:::MLL 1588875975.645 epoch_stop: {"value": null, "metadata": {"epoch_num": 1, "file": "train.py", "lineno": 201}}
:::MLL 1588875975.646 eval_start: {"value": null, "metadata": {"epoch_num": 1, "file": "train.py", "lineno": 547}}
generated 51 batches in 0.001171s
| Translated 1023 sentences (29069 tokens) in 10.0s (102.06 sentences/s, 2900.17 tokens/s)
| Generate test with beam=4: bleu_score=19.4700
| Eval completed in: 15.53s
:::MLL 1588875991.174 eval_stop: {"value": null, "metadata": {"epoch_num": 1, "file": "train.py", "lineno": 658}}
:::MLL 1588875991.177 eval_accuracy: {"value": "19.4699689745903", "metadata": {"epoch_num": 1, "file": "train.py", "lineno": 211}}
validation and scoring  15.537686586380005
:::MLL 1588875991.213 block_stop: {"value": null, "metadata": {"first_epoch_num": 1, "file": "train.py", "lineno": 226}}
:::MLL 1588875991.214 block_start: {"value": null, "metadata": {"first_epoch_num": 2, "epoch_count": 1, "file": "train.py", "lineno": 162}}
:::MLL 1588875991.214 epoch_start: {"value": null, "metadata": {"epoch_num": 2, "file": "train.py", "lineno": 163}}
generated 8733 batches in 1.546439s
got epoch iterator 1.591787338256836
| epoch 002:   1000 / 2911 loss=4.878, nll_loss=0.000, ppl=1.00, wps=92337, ups=2.1, wpb=42114, bsz=1456, num_updates=3906, lr=0.00173174, gnorm=24937.725, clip=100%, oom=0, loss_scale=4.000, wall=1810
| epoch 002:   2000 / 2911 loss=4.774, nll_loss=0.000, ppl=1.00, wps=92192, ups=2.2, wpb=42042, bsz=1463, num_updates=4906, lr=0.0015452, gnorm=21383.307, clip=100%, oom=0, loss_scale=4.000, wall=2266
| epoch 002 | loss 4.709 | nll_loss 0.000 | ppl 1.00 | wps 92219 | ups 2.2 | wpb 42060 | bsz 1461 | num_updates 5816 | lr 0.00141917 | gnorm 19098.335 | clip 100% | oom 0 | loss_scale 4.000 | wall 2681
epoch time  1327.7027852535248
:::MLL 1588877320.522 epoch_stop: {"value": null, "metadata": {"epoch_num": 2, "file": "train.py", "lineno": 201}}
:::MLL 1588877320.522 eval_start: {"value": null, "metadata": {"epoch_num": 2, "file": "train.py", "lineno": 547}}
generated 51 batches in 0.001176s
| Translated 1023 sentences (30177 tokens) in 9.2s (111.13 sentences/s, 3278.15 tokens/s)
| Generate test with beam=4: bleu_score=23.4689
| Eval completed in: 14.41s
:::MLL 1588877334.938 eval_stop: {"value": null, "metadata": {"epoch_num": 2, "file": "train.py", "lineno": 658}}
:::MLL 1588877334.940 eval_accuracy: {"value": "23.46891462802887", "metadata": {"epoch_num": 2, "file": "train.py", "lineno": 211}}
validation and scoring  14.431633472442627
:::MLL 1588877334.969 block_stop: {"value": null, "metadata": {"first_epoch_num": 2, "file": "train.py", "lineno": 226}}
:::MLL 1588877334.969 block_start: {"value": null, "metadata": {"first_epoch_num": 3, "epoch_count": 1, "file": "train.py", "lineno": 162}}
:::MLL 1588877334.970 epoch_start: {"value": null, "metadata": {"epoch_num": 3, "file": "train.py", "lineno": 163}}
generated 8733 batches in 1.483937s
got epoch iterator 1.5329625606536865
| epoch 003:   1000 / 2911 loss=4.418, nll_loss=0.000, ppl=1.00, wps=92331, ups=2.1, wpb=42138, bsz=1435, num_updates=6817, lr=0.00131084, gnorm=18169.422, clip=100%, oom=0, loss_scale=8.000, wall=3154
| epoch 003:   2000 / 2911 loss=4.409, nll_loss=0.000, ppl=1.00, wps=92079, ups=2.2, wpb=41988, bsz=1451, num_updates=7817, lr=0.00122413, gnorm=17494.819, clip=100%, oom=0, loss_scale=8.000, wall=3610
| epoch 003 | loss 4.385 | nll_loss 0.000 | ppl 1.00 | wps 92175 | ups 2.2 | wpb 42060 | bsz 1461 | num_updates 8727 | lr 0.00115855 | gnorm 18274.717 | clip 100% | oom 0 | loss_scale 16.000 | wall 4026
epoch time  1328.446620464325
:::MLL 1588878664.952 epoch_stop: {"value": null, "metadata": {"epoch_num": 3, "file": "train.py", "lineno": 201}}
:::MLL 1588878664.952 eval_start: {"value": null, "metadata": {"epoch_num": 3, "file": "train.py", "lineno": 547}}
generated 51 batches in 0.001176s
| Translated 1023 sentences (29343 tokens) in 9.1s (112.17 sentences/s, 3217.36 tokens/s)
| Generate test with beam=4: bleu_score=25.2618
| Eval completed in: 14.59s
:::MLL 1588878679.546 eval_stop: {"value": null, "metadata": {"epoch_num": 3, "file": "train.py", "lineno": 658}}
:::MLL 1588878679.549 eval_accuracy: {"value": "25.26184618473053", "metadata": {"epoch_num": 3, "file": "train.py", "lineno": 211}}
validation and scoring  14.59939694404602
:::MLL 1588878679.578 block_stop: {"value": null, "metadata": {"first_epoch_num": 3, "file": "train.py", "lineno": 226}}
:::MLL 1588878679.578 run_stop: {"value": null, "metadata": {"status": "success", "file": "train.py", "lineno": 231}}
| done training in 4038.6 seconds
++ ret_code=0
++ sleep 3
++ [[ 0 != 0 ]]
+++ date +%s
++ END=1588878683
+++ date '+%Y-%m-%d %r'
++ END_FMT='2020-05-07 07:11:23 PM'
++ echo 'ENDING TIMING RUN AT 2020-05-07 07:11:23 PM'
++ RESULT=4057
++ RESULT_NAME=transformer
ENDING TIMING RUN AT 2020-05-07 07:11:23 PM
RESULT,transformer,     9356540,4057,,2020-05-07 06:03:46 PM
++ echo 'RESULT,transformer,     9356540,4057,,2020-05-07 06:03:46 PM'
+ set +x
