Beginning trial 1 of 2
Gathering sys log on dss01
:::MLL 1570204629.701 submission_benchmark: {"value": "gnmt", "metadata": {"file": "mlperf_log_utils.py", "lineno": 176}}
:::MLL 1570204629.701 submission_org: {"value": "NVIDIA", "metadata": {"file": "mlperf_log_utils.py", "lineno": 181}}
WARNING: Log validation: Key "submission_division" is not in known gnmt keys.
:::MLL 1570204629.702 submission_division: {"value": "closed", "metadata": {"file": "mlperf_log_utils.py", "lineno": 185}}
:::MLL 1570204629.702 submission_status: {"value": "onprem", "metadata": {"file": "mlperf_log_utils.py", "lineno": 189}}
:::MLL 1570204629.703 submission_platform: {"value": "1xDSS8440", "metadata": {"file": "mlperf_log_utils.py", "lineno": 193}}
:::MLL 1570204629.703 submission_entry: {"value": "{'hardware': 'DSS8440', 'framework': 'PyTorch NVIDIA Release 19.05', 'power': 'N/A', 'notes': 'N/A', 'interconnect': 'InfiniBand 100 Gb/sec (4X EDR)', 'os': '\\\\S / ', 'libraries': \"{'container_base': 'Ubuntu-16.04', 'openmpi_version': '3.1.3', 'mofed_version': '5.0-0', 'cuda_version': '10.1.163', 'cuda_driver_version': '418.67', 'nccl_version': '2.4.6', 'cudnn_version': '7.6.0.64', 'cublas_version': '10.2.0.163', 'trt_version': '5.1.5.0', 'dali_version': '0.9.1'}\", 'compilers': 'gcc (Ubuntu 5.4.0-6ubuntu1~16.04.11) 5.4.0 20160609', 'nodes': \"{'num_nodes': '1', 'cpu': '2x Intel(R) Xeon(R) Gold 6230 CPU @ 2.10GHz', 'num_cores': '40', 'num_vcpus': '40', 'accelerator': 'Tesla V100-PCIE-32GB', 'num_accelerators': '8', 'sys_mem_size': '754 GB', 'sys_storage_type': 'SATA SSD', 'sys_storage_size': '1x 447.1G + 1x 931.5G', 'cpu_accel_interconnect': 'UPI', 'network_card': 'Mellanox Technologies MT27700 Family [ConnectX-4]', 'num_network_cards': '1', 'notes': ''}\"}", "metadata": {"file": "mlperf_log_utils.py", "lineno": 197}}
:::MLL 1570204629.704 submission_poc_name: {"value": "Paulius Micikevicius", "metadata": {"file": "mlperf_log_utils.py", "lineno": 201}}
:::MLL 1570204629.704 submission_poc_email: {"value": "pauliusm@nvidia.com", "metadata": {"file": "mlperf_log_utils.py", "lineno": 205}}
Clearing caches
:::MLL 1570204635.022 cache_clear: {"value": true, "metadata": {"file": "<string>", "lineno": 1}}
Launching on node dss01
+ pids+=($!)
+ set +x
++ eval echo
+++ echo
+ docker exec -e DGXSYSTEM=DGX1 -e 'MULTI_NODE= --master_port=5178' -e LR=2.0e-3 -e TRAIN_BATCH_SIZE=256 -e TEST_BATCH_SIZE=128 -e WARMUP_STEPS=200 -e REMAIN_STEPS=6453 -e DECAY_INTERVAL=809 -e TARGET=24.0 -e NUMEPOCHS=8 -e MAX_SEQ_LEN=75 -e 'EXTRA_OPTS=   --fused-attention    --fused-xentropy    --no-log-all-ranks    ' -e SLURM_JOB_ID=191004105533785754792 -e SLURM_NTASKS_PER_NODE= -e SLURM_NNODES=1 cont_191004105533785754792 ./run_and_time.sh
Run vars: id 191004105533785754792 gpus 8 mparams  --master_port=5178
NCCL_SOCKET_NTHREADS=8
NCCL_NSOCKS_PERTHREAD=8
STARTING TIMING RUN AT 2019-10-04 03:57:15 PM
+ DATASET_DIR=/data
+ PREPROC_DATADIR=/preproc_data
+ RESULTS_DIR=gnmt_wmt16
+ LR=2.0e-3
+ TRAIN_BATCH_SIZE=256
+ TEST_BATCH_SIZE=128
+ WARMUP_STEPS=200
+ REMAIN_STEPS=6453
+ DECAY_INTERVAL=809
+ TARGET=24.0
+ MAX_SEQ_LEN=75
+ NUMEPOCHS=8
+ EXTRA_OPTS='   --fused-attention    --fused-xentropy    --no-log-all-ranks    '
+ BIND_LAUNCH=0
+ MATH=amp_fp16
+ [[ 0 -eq 1 ]]
+ LAUNCH_OPT='torch.distributed.launch --nproc_per_node 8  --master_port=5178'
+ echo 'running benchmark'
running benchmark
+ python -m torch.distributed.launch --nproc_per_node 8 --master_port=5178 train.py --save gnmt_wmt16 --dataset-dir /data --preproc-data-dir /preproc_data --target-bleu 24.0 --epochs 8 --math amp_fp16 --max-length-train 75 --print-freq 10 --train-batch-size 256 --test-batch-size 128 --optimizer FusedAdam --lr 2.0e-3 --warmup-steps 200 --remain-steps 6453 --decay-interval 809 --fused-attention --fused-xentropy --no-log-all-ranks
:::MLL 1570204637.743 init_start: {"value": null, "metadata": {"file": "train.py", "lineno": 287}}
:::MLL 1570204637.744 init_start: {"value": null, "metadata": {"file": "train.py", "lineno": 287}}
:::MLL 1570204637.748 init_start: {"value": null, "metadata": {"file": "train.py", "lineno": 287}}
:::MLL 1570204637.748 init_start: {"value": null, "metadata": {"file": "train.py", "lineno": 287}}
:::MLL 1570204637.748 init_start: {"value": null, "metadata": {"file": "train.py", "lineno": 287}}
:::MLL 1570204637.748 init_start: {"value": null, "metadata": {"file": "train.py", "lineno": 287}}
:::MLL 1570204637.748 init_start: {"value": null, "metadata": {"file": "train.py", "lineno": 287}}
:::MLL 1570204637.754 init_start: {"value": null, "metadata": {"file": "train.py", "lineno": 287}}
0: Saving results to: results/gnmt_wmt16
0: Run arguments: Namespace(apex_message_size=10000000.0, apex_num_allreduce_streams=1, batching='bucketing', beam_size=5, cov_penalty_factor=0.1, cuda=True, cudnn=True, dataset_dir='/data', decay_factor=0.5, decay_interval=809, decay_steps=4, dropout=0.2, enable_apex_allreduce_overlap=False, env=False, epochs=8, eval=True, fused_attention=True, fused_xentropy=True, grad_clip=5.0, hidden_size=1024, init_scale=1024, intra_epoch_eval=0, keep_checkpoints=0, len_norm_const=5.0, len_norm_factor=0.6, local_rank=0, log_all_ranks=False, lr=0.002, math='amp_fp16', max_length_test=150, max_length_train=75, max_size=None, min_length_test=0, min_length_train=0, num_buckets=5, num_layers=4, optimizer='FusedAdam', optimizer_extra='{}', prealloc_mode='always', preproc_data_dir='/preproc_data', print_freq=10, rank=0, remain_steps=6453, results_dir='results', resume=None, save='gnmt_wmt16', save_all=False, save_freq=5000, save_path='results/gnmt_wmt16', seed=None, shard_size=80, share_embedding=True, smoothing=0.1, start_epoch=0, target_bleu=24.0, test_batch_size=128, test_loader_workers=0, train_batch_size=256, train_global_batch_size=None, train_iter_size=1, train_loader_workers=1, upscale_interval=128, use_preproc_data=True, warmup_steps=200)
0: L2 promotion: 128B
0: Using random master seed: 231716548
dss01:464:464 [0] NCCL INFO Bootstrap : Using [0]eth0:10.141.0.200<0>
dss01:464:464 [0] NCCL INFO NET/Plugin : No plugin found (libnccl-net.so).

dss01:464:464 [0] misc/ibvwrap.cc:212 NCCL WARN Call to ibv_open_device failed

dss01:464:464 [0] transport/net_ib.cc:117 NCCL WARN NET/IB : Unable to open device mlx5_0
dss01:464:464 [0] NCCL INFO NET/IB : No device found.
dss01:464:464 [0] NCCL INFO NET/Socket : Using [0]eth0:10.141.0.200<0>
NCCL version 2.4.8+cuda10.1
dss01:465:465 [1] NCCL INFO Bootstrap : Using [0]eth0:10.141.0.200<0>
dss01:465:465 [1] NCCL INFO NET/Plugin : No plugin found (libnccl-net.so).
dss01:468:468 [4] NCCL INFO Bootstrap : Using [0]eth0:10.141.0.200<0>
dss01:468:468 [4] NCCL INFO NET/Plugin : No plugin found (libnccl-net.so).
dss01:469:469 [5] NCCL INFO Bootstrap : Using [0]eth0:10.141.0.200<0>
dss01:469:469 [5] NCCL INFO NET/Plugin : No plugin found (libnccl-net.so).
dss01:471:471 [7] NCCL INFO Bootstrap : Using [0]eth0:10.141.0.200<0>
dss01:471:471 [7] NCCL INFO NET/Plugin : No plugin found (libnccl-net.so).
dss01:470:470 [6] NCCL INFO Bootstrap : Using [0]eth0:10.141.0.200<0>
dss01:470:470 [6] NCCL INFO NET/Plugin : No plugin found (libnccl-net.so).

dss01:465:465 [1] misc/ibvwrap.cc:212 NCCL WARN Call to ibv_open_device failed

dss01:468:468 [4] misc/ibvwrap.cc:212 NCCL WARN Call to ibv_open_device failed

dss01:469:469 [5] misc/ibvwrap.cc:212 NCCL WARN Call to ibv_open_device failed

dss01:465:465 [1] transport/net_ib.cc:117 NCCL WARN NET/IB : Unable to open device mlx5_0

dss01:468:468 [4] transport/net_ib.cc:117 NCCL WARN NET/IB : Unable to open device mlx5_0

dss01:469:469 [5] transport/net_ib.cc:117 NCCL WARN NET/IB : Unable to open device mlx5_0
dss01:465:465 [1] NCCL INFO NET/IB : No device found.
dss01:468:468 [4] NCCL INFO NET/IB : No device found.
dss01:469:469 [5] NCCL INFO NET/IB : No device found.

dss01:470:470 [6] misc/ibvwrap.cc:212 NCCL WARN Call to ibv_open_device failed

dss01:470:470 [6] transport/net_ib.cc:117 NCCL WARN NET/IB : Unable to open device mlx5_0
dss01:470:470 [6] NCCL INFO NET/IB : No device found.

dss01:471:471 [7] misc/ibvwrap.cc:212 NCCL WARN Call to ibv_open_device failed

dss01:471:471 [7] transport/net_ib.cc:117 NCCL WARN NET/IB : Unable to open device mlx5_0
dss01:471:471 [7] NCCL INFO NET/IB : No device found.
dss01:468:468 [4] NCCL INFO NET/Socket : Using [0]eth0:10.141.0.200<0>
dss01:469:469 [5] NCCL INFO NET/Socket : Using [0]eth0:10.141.0.200<0>
dss01:470:470 [6] NCCL INFO NET/Socket : Using [0]eth0:10.141.0.200<0>
dss01:471:471 [7] NCCL INFO NET/Socket : Using [0]eth0:10.141.0.200<0>
dss01:465:465 [1] NCCL INFO NET/Socket : Using [0]eth0:10.141.0.200<0>
dss01:466:466 [2] NCCL INFO Bootstrap : Using [0]eth0:10.141.0.200<0>
dss01:466:466 [2] NCCL INFO NET/Plugin : No plugin found (libnccl-net.so).

dss01:466:466 [2] misc/ibvwrap.cc:212 NCCL WARN Call to ibv_open_device failed

dss01:466:466 [2] transport/net_ib.cc:117 NCCL WARN NET/IB : Unable to open device mlx5_0
dss01:466:466 [2] NCCL INFO NET/IB : No device found.
dss01:466:466 [2] NCCL INFO NET/Socket : Using [0]eth0:10.141.0.200<0>
dss01:467:467 [3] NCCL INFO Bootstrap : Using [0]eth0:10.141.0.200<0>
dss01:467:467 [3] NCCL INFO NET/Plugin : No plugin found (libnccl-net.so).

dss01:467:467 [3] misc/ibvwrap.cc:212 NCCL WARN Call to ibv_open_device failed

dss01:467:467 [3] transport/net_ib.cc:117 NCCL WARN NET/IB : Unable to open device mlx5_0
dss01:467:467 [3] NCCL INFO NET/IB : No device found.
dss01:467:467 [3] NCCL INFO NET/Socket : Using [0]eth0:10.141.0.200<0>
dss01:464:826 [0] NCCL INFO Setting affinity for GPU 0 to 55,55555555
dss01:469:827 [5] NCCL INFO Setting affinity for GPU 5 to aa,aaaaaaaa
dss01:471:829 [7] NCCL INFO Setting affinity for GPU 7 to aa,aaaaaaaa
dss01:465:828 [1] NCCL INFO Setting affinity for GPU 1 to 55,55555555
dss01:468:830 [4] NCCL INFO Setting affinity for GPU 4 to aa,aaaaaaaa
dss01:470:831 [6] NCCL INFO Setting affinity for GPU 6 to aa,aaaaaaaa
dss01:466:832 [2] NCCL INFO Setting affinity for GPU 2 to 55,55555555
dss01:467:833 [3] NCCL INFO Setting affinity for GPU 3 to 55,55555555
dss01:469:827 [5] NCCL INFO NCCL_P2P_LEVEL set by environment to 3.
dss01:470:831 [6] NCCL INFO NCCL_P2P_LEVEL set by environment to 3.
dss01:471:829 [7] NCCL INFO NCCL_P2P_LEVEL set by environment to 3.
dss01:465:828 [1] NCCL INFO NCCL_P2P_LEVEL set by environment to 3.
dss01:464:826 [0] NCCL INFO NCCL_P2P_LEVEL set by environment to 3.
dss01:466:832 [2] NCCL INFO NCCL_P2P_LEVEL set by environment to 3.
dss01:467:833 [3] NCCL INFO NCCL_P2P_LEVEL set by environment to 3.
dss01:468:830 [4] NCCL INFO NCCL_P2P_LEVEL set by environment to 3.
dss01:464:826 [0] NCCL INFO Channel 00 :    0   1   2   3   4   5   6   7
dss01:468:830 [4] NCCL INFO Ring 00 : 4[4] -> 5[5] via P2P/IPC
dss01:464:826 [0] NCCL INFO Ring 00 : 0[0] -> 1[1] via P2P/IPC
dss01:466:832 [2] NCCL INFO Ring 00 : 2[2] -> 3[3] via P2P/IPC
dss01:470:831 [6] NCCL INFO Ring 00 : 6[6] -> 7[7] via P2P/IPC
dss01:467:833 [3] NCCL INFO Ring 00 : 3[3] -> 4[4] via direct shared memory
dss01:471:829 [7] NCCL INFO Ring 00 : 7[7] -> 0[0] via direct shared memory
dss01:469:827 [5] NCCL INFO Ring 00 : 5[5] -> 6[6] via direct shared memory
dss01:465:828 [1] NCCL INFO Ring 00 : 1[1] -> 2[2] via direct shared memory
dss01:464:826 [0] NCCL INFO Using 256 threads, Min Comp Cap 7, Trees disabled
dss01:467:833 [3] NCCL INFO comm 0x7ffe98007590 rank 3 nranks 8 cudaDev 3 nvmlDev 3 - Init COMPLETE
dss01:471:829 [7] NCCL INFO comm 0x7ffe98007590 rank 7 nranks 8 cudaDev 7 nvmlDev 7 - Init COMPLETE
dss01:465:828 [1] NCCL INFO comm 0x7fff5c007590 rank 1 nranks 8 cudaDev 1 nvmlDev 1 - Init COMPLETE
dss01:468:830 [4] NCCL INFO comm 0x7ffe98007590 rank 4 nranks 8 cudaDev 4 nvmlDev 4 - Init COMPLETE
dss01:469:827 [5] NCCL INFO comm 0x7ffe98007590 rank 5 nranks 8 cudaDev 5 nvmlDev 5 - Init COMPLETE
dss01:464:826 [0] NCCL INFO comm 0x7ffe40007590 rank 0 nranks 8 cudaDev 0 nvmlDev 0 - Init COMPLETE
dss01:464:464 [0] NCCL INFO Launch mode Parallel
dss01:470:831 [6] NCCL INFO comm 0x7ffe98007590 rank 6 nranks 8 cudaDev 6 nvmlDev 6 - Init COMPLETE
dss01:466:832 [2] NCCL INFO comm 0x7fff4c007590 rank 2 nranks 8 cudaDev 2 nvmlDev 2 - Init COMPLETE
0: Worker 0 is using worker seed: 2280666546
0: Building vocabulary from /data/vocab.bpe.32000
0: Size of vocabulary: 32320
0: Fused attention flag set to True
0: GNMT(
  (encoder): ResidualRecurrentEncoder(
    (rnn_layers): ModuleList(
      (0): EmuBidirLSTM(
        (bidir): LSTM(1024, 1024, bidirectional=True)
        (layer1): LSTM(1024, 1024)
        (layer2): LSTM(1024, 1024)
      )
      (1): LSTM(2048, 1024)
      (2): LSTM(1024, 1024)
      (3): LSTM(1024, 1024)
    )
    (dropout): Dropout(p=0.2)
    (embedder): Embedding(32320, 1024, padding_idx=0)
  )
  (decoder): ResidualRecurrentDecoder(
    (att_rnn): RecurrentAttention(
      (rnn): LSTM(1024, 1024)
      (attn): BahdanauAttention(
        (linear_q): Linear(in_features=1024, out_features=1024, bias=False)
        (linear_k): Linear(in_features=1024, out_features=1024, bias=False)
      )
      (dropout): Dropout(p=0.2)
    )
    (rnn_layers): ModuleList(
      (0): LSTM(2048, 1024)
      (1): LSTM(2048, 1024)
      (2): LSTM(2048, 1024)
    )
    (embedder): Embedding(32320, 1024, padding_idx=0)
    (classifier): Classifier(
      (classifier): Linear(in_features=1024, out_features=32320, bias=True)
    )
    (dropout): Dropout(p=0.2)
  )
)
0: Building LabelSmoothingLoss (smoothing: 0.1)
0: Fused xentropy flag set to True
0: Training optimizer config: {'optimizer': 'FusedAdam', 'lr': 0.002}
0: Number of parameters: 160671297
0: Saving state of the tokenizer
Selected optimization level O2:  FP16 training with FP32 batchnorm and FP32 master weights.

Defaults for this optimization level are:
enabled                : True
opt_level              : O2
cast_model_type        : torch.float16
patch_torch_functions  : False
keep_batchnorm_fp32    : True
master_weights         : True
loss_scale             : dynamic
Processing user overrides (additional kwargs that are not None)...
After processing overrides, optimization options are:
enabled                : True
opt_level              : O2
cast_model_type        : torch.float16
patch_torch_functions  : False
keep_batchnorm_fp32    : False
master_weights         : True
loss_scale             : dynamic
0: Initializing amp optimizer
0: Using optimizer: FusedAdam (
Parameter Group 0
    betas: (0.9, 0.999)
    bias_correction: True
    eps: 1e-08
    lr: 0.002
    max_grad_norm: 5.0
    weight_decay: 0.0
)
:::MLL 1570204661.427 opt_base_learning_rate: {"value": 0.002, "metadata": {"file": "seq2seq/train/trainer.py", "lineno": 169}}
0: Executing preallocation
:::MLL 1570204664.171 init_stop: {"value": null, "metadata": {"file": "train.py", "lineno": 406}}
:::MLL 1570204664.171 run_start: {"value": null, "metadata": {"file": "train.py", "lineno": 408}}
:::MLL 1570204664.172 max_sequence_length: {"value": 75, "metadata": {"method": "discard", "file": "train.py", "lineno": 413}}
0: Reading preprocessed data file from /preproc_data/training.bin
0: Preprocessed data: length: 3975116 min length: 0 max length: 75 
0: Opening preprocessed data /preproc_data/training.bin for reading
0: Processing data from /data/newstest2014.tok.bpe.32000.en
0: Filtering data, min len: 0, max len: 150
0: Pairs before: 3003, after: 3003
:::MLL 1570204665.085 global_batch_size: {"value": 2048, "metadata": {"file": "train.py", "lineno": 458}}
0: Training LR schedule config: {'warmup_steps': 200, 'remain_steps': 6453, 'decay_interval': 809, 'decay_steps': 4, 'decay_factor': 0.5}
0: Scheduler warmup steps: 200
0: Scheduler remain steps: 6453
0: Scheduler decay interval: 809
0: Scheduler decay factor: 0.5
0: Scheduler max decay steps: 4
:::MLL 1570204665.086 opt_learning_rate_alt_decay_func: {"value": true, "metadata": {"file": "seq2seq/train/lr_scheduler.py", "lineno": 78}}
:::MLL 1570204665.087 opt_learning_rate_alt_warmup_func: {"value": true, "metadata": {"file": "seq2seq/train/lr_scheduler.py", "lineno": 80}}
:::MLL 1570204665.087 opt_learning_rate_decay_interval: {"value": 809, "metadata": {"file": "seq2seq/train/lr_scheduler.py", "lineno": 83}}
:::MLL 1570204665.087 opt_learning_rate_decay_factor: {"value": 0.5, "metadata": {"file": "seq2seq/train/lr_scheduler.py", "lineno": 85}}
:::MLL 1570204665.088 opt_learning_rate_decay_steps: {"value": 4, "metadata": {"file": "seq2seq/train/lr_scheduler.py", "lineno": 87}}
:::MLL 1570204665.088 opt_learning_rate_remain_steps: {"value": 6453, "metadata": {"file": "seq2seq/train/lr_scheduler.py", "lineno": 89}}
:::MLL 1570204665.088 opt_learning_rate_warmup_steps: {"value": 200, "metadata": {"file": "seq2seq/train/lr_scheduler.py", "lineno": 91}}
:::MLL 1570204665.234 block_start: {"value": null, "metadata": {"first_epoch_num": 1, "epoch_count": 1, "file": "train.py", "lineno": 511}}
:::MLL 1570204665.235 epoch_start: {"value": null, "metadata": {"epoch_num": 1, "file": "train.py", "lineno": 514}}
0: Starting epoch 0
0: Executing preallocation
0: Sampler for epoch 0 uses seed 2074465763
Gradient overflow.  Skipping step, loss scaler 0 reducing loss scale to 256.0
Gradient overflow.  Skipping step, loss scaler 0 reducing loss scale to 256.0
Gradient overflow.  Skipping step, loss scaler 0 reducing loss scale to 256.0
Gradient overflow.  Skipping step, loss scaler 0 reducing loss scale to 256.0
Gradient overflow.  Skipping step, loss scaler 0 reducing loss scale to 256.0
Gradient overflow.  Skipping step, loss scaler 0 reducing loss scale to 256.0
Gradient overflow.  Skipping step, loss scaler 0 reducing loss scale to 256.0
Gradient overflow.  Skipping step, loss scaler 0 reducing loss scale to 256.0
0: TRAIN [0][0/1938]	Time 1.124 (1.124)	Data 7.77e-01 (7.77e-01)	Tok/s 20643 (20643)	Loss/tok 10.7266 (10.7266)	LR 2.000e-05
0: TRAIN [0][10/1938]	Time 0.215 (0.323)	Data 1.15e-04 (7.07e-02)	Tok/s 48590 (48320)	Loss/tok 9.6609 (10.2431)	LR 2.518e-05
0: TRAIN [0][20/1938]	Time 0.277 (0.292)	Data 5.53e-04 (3.71e-02)	Tok/s 60969 (52128)	Loss/tok 9.3474 (9.8865)	LR 3.170e-05
0: TRAIN [0][30/1938]	Time 0.215 (0.284)	Data 1.05e-04 (2.52e-02)	Tok/s 48017 (53344)	Loss/tok 8.9401 (9.6449)	LR 3.991e-05
0: TRAIN [0][40/1938]	Time 0.215 (0.279)	Data 1.06e-04 (1.91e-02)	Tok/s 48580 (53792)	Loss/tok 8.7823 (9.4718)	LR 5.024e-05
0: TRAIN [0][50/1938]	Time 0.338 (0.282)	Data 9.94e-05 (1.54e-02)	Tok/s 69192 (55006)	Loss/tok 8.6118 (9.3043)	LR 6.325e-05
0: TRAIN [0][60/1938]	Time 0.336 (0.277)	Data 1.15e-04 (1.29e-02)	Tok/s 69232 (54895)	Loss/tok 8.3475 (9.1677)	LR 7.962e-05
0: TRAIN [0][70/1938]	Time 0.160 (0.269)	Data 1.06e-04 (1.11e-02)	Tok/s 33519 (54004)	Loss/tok 7.8002 (9.0647)	LR 1.002e-04
0: TRAIN [0][80/1938]	Time 0.215 (0.269)	Data 1.15e-04 (9.73e-03)	Tok/s 47998 (54201)	Loss/tok 7.9600 (8.9429)	LR 1.262e-04
0: TRAIN [0][90/1938]	Time 0.338 (0.269)	Data 1.37e-04 (8.67e-03)	Tok/s 68688 (54781)	Loss/tok 8.1236 (8.8326)	LR 1.589e-04
0: TRAIN [0][100/1938]	Time 0.276 (0.267)	Data 1.04e-04 (7.82e-03)	Tok/s 61363 (54566)	Loss/tok 8.0129 (8.7545)	LR 2.000e-04
0: TRAIN [0][110/1938]	Time 0.274 (0.264)	Data 1.24e-04 (7.13e-03)	Tok/s 62024 (54352)	Loss/tok 8.0003 (8.6859)	LR 2.518e-04
0: TRAIN [0][120/1938]	Time 0.277 (0.261)	Data 1.01e-04 (6.55e-03)	Tok/s 61374 (54028)	Loss/tok 7.8979 (8.6254)	LR 3.170e-04
0: TRAIN [0][130/1938]	Time 0.337 (0.263)	Data 1.14e-04 (6.06e-03)	Tok/s 69137 (54473)	Loss/tok 7.9890 (8.5590)	LR 3.991e-04
0: TRAIN [0][140/1938]	Time 0.215 (0.261)	Data 9.78e-05 (5.64e-03)	Tok/s 47984 (54278)	Loss/tok 7.5776 (8.5068)	LR 5.024e-04
Gradient overflow.  Skipping step, loss scaler 0 reducing loss scale to 256.0
Gradient overflow.  Skipping step, loss scaler 0 reducing loss scale to 256.0
Gradient overflow.  Skipping step, loss scaler 0 reducing loss scale to 256.0
Gradient overflow.  Skipping step, loss scaler 0 reducing loss scale to 256.0
Gradient overflow.  Skipping step, loss scaler 0 reducing loss scale to 256.0
Gradient overflow.  Skipping step, loss scaler 0 reducing loss scale to 256.0
Gradient overflow.  Skipping step, loss scaler 0 reducing loss scale to 256.0
Gradient overflow.  Skipping step, loss scaler 0 reducing loss scale to 256.0
Gradient overflow.  Skipping step, loss scaler 0 reducing loss scale to 128.0
Gradient overflow.  Skipping step, loss scaler 0 reducing loss scale to 128.0
Gradient overflow.  Skipping step, loss scaler 0 reducing loss scale to 128.0
Gradient overflow.  Skipping step, loss scaler 0 reducing loss scale to 128.0
Gradient overflow.  Skipping step, loss scaler 0 reducing loss scale to 128.0
Gradient overflow.  Skipping step, loss scaler 0 reducing loss scale to 128.0
Gradient overflow.  Skipping step, loss scaler 0 reducing loss scale to 128.0
Gradient overflow.  Skipping step, loss scaler 0 reducing loss scale to 128.0
0: TRAIN [0][150/1938]	Time 0.274 (0.263)	Data 1.02e-04 (5.27e-03)	Tok/s 61150 (54691)	Loss/tok 7.7711 (8.4544)	LR 6.040e-04
0: TRAIN [0][160/1938]	Time 0.274 (0.265)	Data 1.00e-04 (4.95e-03)	Tok/s 61776 (55092)	Loss/tok 7.7099 (8.3998)	LR 7.604e-04
0: TRAIN [0][170/1938]	Time 0.276 (0.263)	Data 9.99e-05 (4.67e-03)	Tok/s 60930 (54809)	Loss/tok 8.0799 (8.3578)	LR 9.573e-04
0: TRAIN [0][180/1938]	Time 0.275 (0.261)	Data 1.09e-04 (4.42e-03)	Tok/s 60710 (54612)	Loss/tok 7.5330 (8.3137)	LR 1.205e-03
0: TRAIN [0][190/1938]	Time 0.276 (0.262)	Data 1.05e-04 (4.19e-03)	Tok/s 61431 (54861)	Loss/tok 7.2801 (8.2575)	LR 1.517e-03
0: TRAIN [0][200/1938]	Time 0.276 (0.261)	Data 9.80e-05 (3.99e-03)	Tok/s 60465 (54633)	Loss/tok 7.2323 (8.2091)	LR 1.910e-03
0: TRAIN [0][210/1938]	Time 0.413 (0.262)	Data 9.68e-05 (3.81e-03)	Tok/s 70705 (54812)	Loss/tok 7.2691 (8.1468)	LR 2.000e-03
0: TRAIN [0][220/1938]	Time 0.160 (0.261)	Data 1.31e-04 (3.64e-03)	Tok/s 32235 (54759)	Loss/tok 5.8861 (8.0903)	LR 2.000e-03
0: TRAIN [0][230/1938]	Time 0.215 (0.260)	Data 1.03e-04 (3.49e-03)	Tok/s 47723 (54617)	Loss/tok 6.4023 (8.0366)	LR 2.000e-03
0: TRAIN [0][240/1938]	Time 0.215 (0.258)	Data 1.03e-04 (3.35e-03)	Tok/s 48957 (54327)	Loss/tok 6.3284 (7.9865)	LR 2.000e-03
0: TRAIN [0][250/1938]	Time 0.216 (0.257)	Data 4.98e-04 (3.22e-03)	Tok/s 47814 (54237)	Loss/tok 6.1890 (7.9302)	LR 2.000e-03
0: TRAIN [0][260/1938]	Time 0.215 (0.257)	Data 1.35e-04 (3.10e-03)	Tok/s 48297 (54242)	Loss/tok 6.0708 (7.8685)	LR 2.000e-03
0: TRAIN [0][270/1938]	Time 0.410 (0.257)	Data 1.13e-04 (2.99e-03)	Tok/s 72202 (54268)	Loss/tok 6.6850 (7.8054)	LR 2.000e-03
0: TRAIN [0][280/1938]	Time 0.160 (0.257)	Data 1.08e-04 (2.89e-03)	Tok/s 32287 (54232)	Loss/tok 4.9720 (7.7463)	LR 2.000e-03
0: TRAIN [0][290/1938]	Time 0.215 (0.257)	Data 1.07e-04 (2.79e-03)	Tok/s 47928 (54264)	Loss/tok 5.6532 (7.6875)	LR 2.000e-03
0: TRAIN [0][300/1938]	Time 0.215 (0.256)	Data 1.09e-04 (2.71e-03)	Tok/s 47342 (54067)	Loss/tok 5.6253 (7.6377)	LR 2.000e-03
0: TRAIN [0][310/1938]	Time 0.216 (0.256)	Data 1.68e-04 (2.62e-03)	Tok/s 47572 (54182)	Loss/tok 5.3440 (7.5747)	LR 2.000e-03
0: TRAIN [0][320/1938]	Time 0.339 (0.256)	Data 1.08e-04 (2.55e-03)	Tok/s 69451 (54128)	Loss/tok 6.0145 (7.5199)	LR 2.000e-03
0: TRAIN [0][330/1938]	Time 0.160 (0.256)	Data 1.03e-04 (2.47e-03)	Tok/s 33015 (54080)	Loss/tok 4.4124 (7.4655)	LR 2.000e-03
0: TRAIN [0][340/1938]	Time 0.277 (0.256)	Data 1.03e-04 (2.40e-03)	Tok/s 60826 (54172)	Loss/tok 5.4472 (7.4030)	LR 2.000e-03
0: TRAIN [0][350/1938]	Time 0.337 (0.256)	Data 1.02e-04 (2.34e-03)	Tok/s 68523 (54085)	Loss/tok 5.8524 (7.3525)	LR 2.000e-03
0: TRAIN [0][360/1938]	Time 0.338 (0.256)	Data 1.33e-04 (2.28e-03)	Tok/s 69204 (54120)	Loss/tok 5.6421 (7.2970)	LR 2.000e-03
0: TRAIN [0][370/1938]	Time 0.215 (0.256)	Data 9.78e-05 (2.22e-03)	Tok/s 48199 (54209)	Loss/tok 5.0235 (7.2380)	LR 2.000e-03
0: TRAIN [0][380/1938]	Time 0.276 (0.256)	Data 1.04e-04 (2.16e-03)	Tok/s 60330 (54174)	Loss/tok 5.2419 (7.1898)	LR 2.000e-03
0: TRAIN [0][390/1938]	Time 0.216 (0.255)	Data 1.01e-04 (2.11e-03)	Tok/s 48399 (54004)	Loss/tok 4.8306 (7.1459)	LR 2.000e-03
0: TRAIN [0][400/1938]	Time 0.216 (0.255)	Data 1.01e-04 (2.06e-03)	Tok/s 48494 (53941)	Loss/tok 4.6962 (7.0983)	LR 2.000e-03
0: TRAIN [0][410/1938]	Time 0.217 (0.254)	Data 1.07e-04 (2.01e-03)	Tok/s 47754 (53953)	Loss/tok 4.6961 (7.0469)	LR 2.000e-03
0: TRAIN [0][420/1938]	Time 0.275 (0.254)	Data 1.02e-04 (1.97e-03)	Tok/s 62081 (53926)	Loss/tok 4.8730 (6.9983)	LR 2.000e-03
0: TRAIN [0][430/1938]	Time 0.216 (0.254)	Data 1.07e-04 (1.93e-03)	Tok/s 48533 (53958)	Loss/tok 4.4544 (6.9472)	LR 2.000e-03
0: TRAIN [0][440/1938]	Time 0.216 (0.255)	Data 1.05e-04 (1.89e-03)	Tok/s 47987 (54077)	Loss/tok 4.4704 (6.8913)	LR 2.000e-03
0: TRAIN [0][450/1938]	Time 0.215 (0.255)	Data 1.20e-04 (1.85e-03)	Tok/s 48072 (54080)	Loss/tok 4.4977 (6.8429)	LR 2.000e-03
0: TRAIN [0][460/1938]	Time 0.217 (0.255)	Data 1.00e-04 (1.81e-03)	Tok/s 48299 (54191)	Loss/tok 4.3816 (6.7892)	LR 2.000e-03
0: TRAIN [0][470/1938]	Time 0.278 (0.256)	Data 1.00e-04 (1.77e-03)	Tok/s 60056 (54236)	Loss/tok 4.6083 (6.7412)	LR 2.000e-03
0: TRAIN [0][480/1938]	Time 0.215 (0.256)	Data 1.14e-04 (1.74e-03)	Tok/s 47800 (54225)	Loss/tok 4.2284 (6.6956)	LR 2.000e-03
