Beginning trial 1 of 2
Gathering sys log on dss01
:::MLL 1570202548.342 submission_benchmark: {"value": "gnmt", "metadata": {"file": "mlperf_log_utils.py", "lineno": 176}}
:::MLL 1570202548.342 submission_org: {"value": "NVIDIA", "metadata": {"file": "mlperf_log_utils.py", "lineno": 181}}
WARNING: Log validation: Key "submission_division" is not in known gnmt keys.
:::MLL 1570202548.343 submission_division: {"value": "closed", "metadata": {"file": "mlperf_log_utils.py", "lineno": 185}}
:::MLL 1570202548.343 submission_status: {"value": "onprem", "metadata": {"file": "mlperf_log_utils.py", "lineno": 189}}
:::MLL 1570202548.344 submission_platform: {"value": "1xDSS8440", "metadata": {"file": "mlperf_log_utils.py", "lineno": 193}}
:::MLL 1570202548.344 submission_entry: {"value": "{'hardware': 'DSS8440', 'framework': 'PyTorch NVIDIA Release 19.05', 'power': 'N/A', 'notes': 'N/A', 'interconnect': 'InfiniBand 100 Gb/sec (4X EDR)', 'os': '\\\\S / ', 'libraries': \"{'container_base': 'Ubuntu-16.04', 'openmpi_version': '3.1.3', 'mofed_version': '5.0-0', 'cuda_version': '10.1.163', 'cuda_driver_version': '418.67', 'nccl_version': '2.4.6', 'cudnn_version': '7.6.0.64', 'cublas_version': '10.2.0.163', 'trt_version': '5.1.5.0', 'dali_version': '0.9.1'}\", 'compilers': 'gcc (Ubuntu 5.4.0-6ubuntu1~16.04.11) 5.4.0 20160609', 'nodes': \"{'num_nodes': '1', 'cpu': '2x Intel(R) Xeon(R) Gold 6230 CPU @ 2.10GHz', 'num_cores': '40', 'num_vcpus': '40', 'accelerator': 'Tesla V100-PCIE-32GB', 'num_accelerators': '8', 'sys_mem_size': '754 GB', 'sys_storage_type': 'SATA SSD', 'sys_storage_size': '1x 447.1G + 1x 931.5G', 'cpu_accel_interconnect': 'UPI', 'network_card': 'Mellanox Technologies MT27700 Family [ConnectX-4]', 'num_network_cards': '1', 'notes': ''}\"}", "metadata": {"file": "mlperf_log_utils.py", "lineno": 197}}
:::MLL 1570202548.344 submission_poc_name: {"value": "Paulius Micikevicius", "metadata": {"file": "mlperf_log_utils.py", "lineno": 201}}
:::MLL 1570202548.345 submission_poc_email: {"value": "pauliusm@nvidia.com", "metadata": {"file": "mlperf_log_utils.py", "lineno": 205}}
Clearing caches
:::MLL 1570202554.116 cache_clear: {"value": true, "metadata": {"file": "<string>", "lineno": 1}}
Launching on node dss01
+ pids+=($!)
+ set +x
++ eval echo
+++ echo
+ docker exec -e DGXSYSTEM=DGX1 -e 'MULTI_NODE= --master_port=4544' -e LR=2.0e-3 -e TRAIN_BATCH_SIZE=256 -e TEST_BATCH_SIZE=128 -e WARMUP_STEPS=200 -e REMAIN_STEPS=6453 -e DECAY_INTERVAL=809 -e TARGET=24.0 -e NUMEPOCHS=8 -e MAX_SEQ_LEN=75 -e 'EXTRA_OPTS=   --fused-attention    --fused-xentropy    --no-log-all-ranks    ' -e SLURM_JOB_ID=191004102046862271203 -e SLURM_NTASKS_PER_NODE= -e SLURM_NNODES=1 cont_191004102046862271203 ./run_and_time.sh
Run vars: id 191004102046862271203 gpus 8 mparams  --master_port=4544
NCCL_SOCKET_NTHREADS=16
NCCL_NSOCKS_PERTHREAD=4
STARTING TIMING RUN AT 2019-10-04 03:22:34 PM
+ DATASET_DIR=/data
+ PREPROC_DATADIR=/preproc_data
+ RESULTS_DIR=gnmt_wmt16
+ LR=2.0e-3
+ TRAIN_BATCH_SIZE=256
+ TEST_BATCH_SIZE=128
+ WARMUP_STEPS=200
+ REMAIN_STEPS=6453
+ DECAY_INTERVAL=809
+ TARGET=24.0
+ MAX_SEQ_LEN=75
+ NUMEPOCHS=8
+ EXTRA_OPTS='   --fused-attention    --fused-xentropy    --no-log-all-ranks    '
+ BIND_LAUNCH=0
+ MATH=amp_fp16
+ [[ 0 -eq 1 ]]
+ LAUNCH_OPT='torch.distributed.launch --nproc_per_node 8  --master_port=4544'
running benchmark
+ echo 'running benchmark'
+ python -m torch.distributed.launch --nproc_per_node 8 --master_port=4544 train.py --save gnmt_wmt16 --dataset-dir /data --preproc-data-dir /preproc_data --target-bleu 24.0 --epochs 8 --math amp_fp16 --max-length-train 75 --print-freq 10 --train-batch-size 256 --test-batch-size 128 --optimizer FusedAdam --lr 2.0e-3 --warmup-steps 200 --remain-steps 6453 --decay-interval 809 --fused-attention --fused-xentropy --no-log-all-ranks
:::MLL 1570202556.838 init_start: {"value": null, "metadata": {"file": "train.py", "lineno": 287}}
:::MLL 1570202556.842 init_start: {"value": null, "metadata": {"file": "train.py", "lineno": 287}}
:::MLL 1570202556.842 init_start: {"value": null, "metadata": {"file": "train.py", "lineno": 287}}
:::MLL 1570202556.842 init_start: {"value": null, "metadata": {"file": "train.py", "lineno": 287}}
:::MLL 1570202556.842 init_start: {"value": null, "metadata": {"file": "train.py", "lineno": 287}}
:::MLL 1570202556.842 init_start: {"value": null, "metadata": {"file": "train.py", "lineno": 287}}
:::MLL 1570202556.842 init_start: {"value": null, "metadata": {"file": "train.py", "lineno": 287}}
:::MLL 1570202556.843 init_start: {"value": null, "metadata": {"file": "train.py", "lineno": 287}}
0: Saving results to: results/gnmt_wmt16
0: Run arguments: Namespace(apex_message_size=10000000.0, apex_num_allreduce_streams=1, batching='bucketing', beam_size=5, cov_penalty_factor=0.1, cuda=True, cudnn=True, dataset_dir='/data', decay_factor=0.5, decay_interval=809, decay_steps=4, dropout=0.2, enable_apex_allreduce_overlap=False, env=False, epochs=8, eval=True, fused_attention=True, fused_xentropy=True, grad_clip=5.0, hidden_size=1024, init_scale=1024, intra_epoch_eval=0, keep_checkpoints=0, len_norm_const=5.0, len_norm_factor=0.6, local_rank=0, log_all_ranks=False, lr=0.002, math='amp_fp16', max_length_test=150, max_length_train=75, max_size=None, min_length_test=0, min_length_train=0, num_buckets=5, num_layers=4, optimizer='FusedAdam', optimizer_extra='{}', prealloc_mode='always', preproc_data_dir='/preproc_data', print_freq=10, rank=0, remain_steps=6453, results_dir='results', resume=None, save='gnmt_wmt16', save_all=False, save_freq=5000, save_path='results/gnmt_wmt16', seed=None, shard_size=80, share_embedding=True, smoothing=0.1, start_epoch=0, target_bleu=24.0, test_batch_size=128, test_loader_workers=0, train_batch_size=256, train_global_batch_size=None, train_iter_size=1, train_loader_workers=1, upscale_interval=128, use_preproc_data=True, warmup_steps=200)
0: L2 promotion: 128B
0: Using random master seed: 1337702306
dss01:464:464 [0] NCCL INFO Bootstrap : Using [0]eth0:10.141.0.200<0>
dss01:464:464 [0] NCCL INFO NET/Plugin : No plugin found (libnccl-net.so).

dss01:464:464 [0] misc/ibvwrap.cc:212 NCCL WARN Call to ibv_open_device failed

dss01:464:464 [0] transport/net_ib.cc:117 NCCL WARN NET/IB : Unable to open device mlx5_0
dss01:464:464 [0] NCCL INFO NET/IB : No device found.
dss01:464:464 [0] NCCL INFO NET/Socket : Using [0]eth0:10.141.0.200<0>
NCCL version 2.4.8+cuda10.1
dss01:466:466 [2] NCCL INFO Bootstrap : Using [0]eth0:10.141.0.200<0>
dss01:466:466 [2] NCCL INFO NET/Plugin : No plugin found (libnccl-net.so).
dss01:470:470 [6] NCCL INFO Bootstrap : Using [0]eth0:10.141.0.200<0>
dss01:470:470 [6] NCCL INFO NET/Plugin : No plugin found (libnccl-net.so).
dss01:468:468 [4] NCCL INFO Bootstrap : Using [0]eth0:10.141.0.200<0>
dss01:468:468 [4] NCCL INFO NET/Plugin : No plugin found (libnccl-net.so).
dss01:465:465 [1] NCCL INFO Bootstrap : Using [0]eth0:10.141.0.200<0>
dss01:465:465 [1] NCCL INFO NET/Plugin : No plugin found (libnccl-net.so).
dss01:467:467 [3] NCCL INFO Bootstrap : Using [0]eth0:10.141.0.200<0>
dss01:467:467 [3] NCCL INFO NET/Plugin : No plugin found (libnccl-net.so).

dss01:466:466 [2] misc/ibvwrap.cc:212 NCCL WARN Call to ibv_open_device failed

dss01:470:470 [6] misc/ibvwrap.cc:212 NCCL WARN Call to ibv_open_device failed

dss01:466:466 [2] transport/net_ib.cc:117 NCCL WARN NET/IB : Unable to open device mlx5_0

dss01:470:470 [6] transport/net_ib.cc:117 NCCL WARN NET/IB : Unable to open device mlx5_0
dss01:466:466 [2] NCCL INFO NET/IB : No device found.
dss01:470:470 [6] NCCL INFO NET/IB : No device found.

dss01:465:465 [1] misc/ibvwrap.cc:212 NCCL WARN Call to ibv_open_device failed

dss01:465:465 [1] transport/net_ib.cc:117 NCCL WARN NET/IB : Unable to open device mlx5_0
dss01:465:465 [1] NCCL INFO NET/IB : No device found.

dss01:467:467 [3] misc/ibvwrap.cc:212 NCCL WARN Call to ibv_open_device failed

dss01:467:467 [3] transport/net_ib.cc:117 NCCL WARN NET/IB : Unable to open device mlx5_0
dss01:467:467 [3] NCCL INFO NET/IB : No device found.

dss01:468:468 [4] misc/ibvwrap.cc:212 NCCL WARN Call to ibv_open_device failed

dss01:468:468 [4] transport/net_ib.cc:117 NCCL WARN NET/IB : Unable to open device mlx5_0
dss01:468:468 [4] NCCL INFO NET/IB : No device found.
dss01:466:466 [2] NCCL INFO NET/Socket : Using [0]eth0:10.141.0.200<0>
dss01:470:470 [6] NCCL INFO NET/Socket : Using [0]eth0:10.141.0.200<0>
dss01:468:468 [4] NCCL INFO NET/Socket : Using [0]eth0:10.141.0.200<0>
dss01:465:465 [1] NCCL INFO NET/Socket : Using [0]eth0:10.141.0.200<0>
dss01:467:467 [3] NCCL INFO NET/Socket : Using [0]eth0:10.141.0.200<0>
dss01:471:471 [7] NCCL INFO Bootstrap : Using [0]eth0:10.141.0.200<0>
dss01:471:471 [7] NCCL INFO NET/Plugin : No plugin found (libnccl-net.so).

dss01:471:471 [7] misc/ibvwrap.cc:212 NCCL WARN Call to ibv_open_device failed

dss01:471:471 [7] transport/net_ib.cc:117 NCCL WARN NET/IB : Unable to open device mlx5_0
dss01:471:471 [7] NCCL INFO NET/IB : No device found.
dss01:471:471 [7] NCCL INFO NET/Socket : Using [0]eth0:10.141.0.200<0>
dss01:469:469 [5] NCCL INFO Bootstrap : Using [0]eth0:10.141.0.200<0>
dss01:469:469 [5] NCCL INFO NET/Plugin : No plugin found (libnccl-net.so).

dss01:469:469 [5] misc/ibvwrap.cc:212 NCCL WARN Call to ibv_open_device failed

dss01:469:469 [5] transport/net_ib.cc:117 NCCL WARN NET/IB : Unable to open device mlx5_0
dss01:469:469 [5] NCCL INFO NET/IB : No device found.
dss01:469:469 [5] NCCL INFO NET/Socket : Using [0]eth0:10.141.0.200<0>
dss01:464:826 [0] NCCL INFO Setting affinity for GPU 0 to 55,55555555
dss01:466:827 [2] NCCL INFO Setting affinity for GPU 2 to 55,55555555
dss01:470:828 [6] NCCL INFO Setting affinity for GPU 6 to aa,aaaaaaaa
dss01:471:832 [7] NCCL INFO Setting affinity for GPU 7 to aa,aaaaaaaa
dss01:465:830 [1] NCCL INFO Setting affinity for GPU 1 to 55,55555555
dss01:467:831 [3] NCCL INFO Setting affinity for GPU 3 to 55,55555555
dss01:468:829 [4] NCCL INFO Setting affinity for GPU 4 to aa,aaaaaaaa
dss01:469:833 [5] NCCL INFO Setting affinity for GPU 5 to aa,aaaaaaaa
dss01:470:828 [6] NCCL INFO NCCL_P2P_LEVEL set by environment to 0.
dss01:471:832 [7] NCCL INFO NCCL_P2P_LEVEL set by environment to 0.
dss01:464:826 [0] NCCL INFO NCCL_P2P_LEVEL set by environment to 0.
dss01:465:830 [1] NCCL INFO NCCL_P2P_LEVEL set by environment to 0.
dss01:466:827 [2] NCCL INFO NCCL_P2P_LEVEL set by environment to 0.
dss01:467:831 [3] NCCL INFO NCCL_P2P_LEVEL set by environment to 0.
dss01:469:833 [5] NCCL INFO NCCL_P2P_LEVEL set by environment to 0.
dss01:468:829 [4] NCCL INFO NCCL_P2P_LEVEL set by environment to 0.
dss01:464:826 [0] NCCL INFO Channel 00 :    0   1   2   3   4   5   6   7
dss01:468:829 [4] NCCL INFO Ring 00 : 4[4] -> 5[5] via direct shared memory
dss01:469:833 [5] NCCL INFO Ring 00 : 5[5] -> 6[6] via direct shared memory
dss01:471:832 [7] NCCL INFO Ring 00 : 7[7] -> 0[0] via direct shared memory
dss01:470:828 [6] NCCL INFO Ring 00 : 6[6] -> 7[7] via direct shared memory
dss01:465:830 [1] NCCL INFO Ring 00 : 1[1] -> 2[2] via direct shared memory
dss01:466:827 [2] NCCL INFO Ring 00 : 2[2] -> 3[3] via direct shared memory
dss01:467:831 [3] NCCL INFO Ring 00 : 3[3] -> 4[4] via direct shared memory
dss01:464:826 [0] NCCL INFO Ring 00 : 0[0] -> 1[1] via direct shared memory
dss01:464:826 [0] NCCL INFO Using 256 threads, Min Comp Cap 7, Trees disabled
dss01:468:829 [4] NCCL INFO comm 0x7ffedc007590 rank 4 nranks 8 cudaDev 4 nvmlDev 4 - Init COMPLETE
dss01:469:833 [5] NCCL INFO comm 0x7ffe98007590 rank 5 nranks 8 cudaDev 5 nvmlDev 5 - Init COMPLETE
dss01:471:832 [7] NCCL INFO comm 0x7ffe98007590 rank 7 nranks 8 cudaDev 7 nvmlDev 7 - Init COMPLETE
dss01:470:828 [6] NCCL INFO comm 0x7ffe98007590 rank 6 nranks 8 cudaDev 6 nvmlDev 6 - Init COMPLETE
dss01:465:830 [1] NCCL INFO comm 0x7ffe70007590 rank 1 nranks 8 cudaDev 1 nvmlDev 1 - Init COMPLETE
dss01:467:831 [3] NCCL INFO comm 0x7fff38007590 rank 3 nranks 8 cudaDev 3 nvmlDev 3 - Init COMPLETE
dss01:464:826 [0] NCCL INFO comm 0x7ffe30007590 rank 0 nranks 8 cudaDev 0 nvmlDev 0 - Init COMPLETE
dss01:464:464 [0] NCCL INFO Launch mode Parallel
dss01:466:827 [2] NCCL INFO comm 0x7ffe60007590 rank 2 nranks 8 cudaDev 2 nvmlDev 2 - Init COMPLETE
0: Worker 0 is using worker seed: 1456153451
0: Building vocabulary from /data/vocab.bpe.32000
0: Size of vocabulary: 32320
0: Fused attention flag set to True
0: GNMT(
  (encoder): ResidualRecurrentEncoder(
    (rnn_layers): ModuleList(
      (0): EmuBidirLSTM(
        (bidir): LSTM(1024, 1024, bidirectional=True)
        (layer1): LSTM(1024, 1024)
        (layer2): LSTM(1024, 1024)
      )
      (1): LSTM(2048, 1024)
      (2): LSTM(1024, 1024)
      (3): LSTM(1024, 1024)
    )
    (dropout): Dropout(p=0.2)
    (embedder): Embedding(32320, 1024, padding_idx=0)
  )
  (decoder): ResidualRecurrentDecoder(
    (att_rnn): RecurrentAttention(
      (rnn): LSTM(1024, 1024)
      (attn): BahdanauAttention(
        (linear_q): Linear(in_features=1024, out_features=1024, bias=False)
        (linear_k): Linear(in_features=1024, out_features=1024, bias=False)
      )
      (dropout): Dropout(p=0.2)
    )
    (rnn_layers): ModuleList(
      (0): LSTM(2048, 1024)
      (1): LSTM(2048, 1024)
      (2): LSTM(2048, 1024)
    )
    (embedder): Embedding(32320, 1024, padding_idx=0)
    (classifier): Classifier(
      (classifier): Linear(in_features=1024, out_features=32320, bias=True)
    )
    (dropout): Dropout(p=0.2)
  )
)
0: Building LabelSmoothingLoss (smoothing: 0.1)
0: Fused xentropy flag set to True
0: Training optimizer config: {'optimizer': 'FusedAdam', 'lr': 0.002}
0: Number of parameters: 160671297
0: Saving state of the tokenizer
Selected optimization level O2:  FP16 training with FP32 batchnorm and FP32 master weights.

Defaults for this optimization level are:
enabled                : True
opt_level              : O2
cast_model_type        : torch.float16
patch_torch_functions  : False
keep_batchnorm_fp32    : True
master_weights         : True
loss_scale             : dynamic
Processing user overrides (additional kwargs that are not None)...
After processing overrides, optimization options are:
enabled                : True
opt_level              : O2
cast_model_type        : torch.float16
patch_torch_functions  : False
keep_batchnorm_fp32    : False
master_weights         : True
loss_scale             : dynamic
0: Initializing amp optimizer
0: Using optimizer: FusedAdam (
Parameter Group 0
    betas: (0.9, 0.999)
    bias_correction: True
    eps: 1e-08
    lr: 0.002
    max_grad_norm: 5.0
    weight_decay: 0.0
)
:::MLL 1570202580.102 opt_base_learning_rate: {"value": 0.002, "metadata": {"file": "seq2seq/train/trainer.py", "lineno": 169}}
0: Executing preallocation
:::MLL 1570202583.002 init_stop: {"value": null, "metadata": {"file": "train.py", "lineno": 406}}
:::MLL 1570202583.003 run_start: {"value": null, "metadata": {"file": "train.py", "lineno": 408}}
:::MLL 1570202583.003 max_sequence_length: {"value": 75, "metadata": {"method": "discard", "file": "train.py", "lineno": 413}}
0: Reading preprocessed data file from /preproc_data/training.bin
0: Preprocessed data: length: 3975116 min length: 0 max length: 75 
0: Opening preprocessed data /preproc_data/training.bin for reading
0: Processing data from /data/newstest2014.tok.bpe.32000.en
0: Filtering data, min len: 0, max len: 150
0: Pairs before: 3003, after: 3003
:::MLL 1570202584.026 global_batch_size: {"value": 2048, "metadata": {"file": "train.py", "lineno": 458}}
0: Training LR schedule config: {'warmup_steps': 200, 'remain_steps': 6453, 'decay_interval': 809, 'decay_steps': 4, 'decay_factor': 0.5}
0: Scheduler warmup steps: 200
0: Scheduler remain steps: 6453
0: Scheduler decay interval: 809
0: Scheduler decay factor: 0.5
0: Scheduler max decay steps: 4
:::MLL 1570202584.028 opt_learning_rate_alt_decay_func: {"value": true, "metadata": {"file": "seq2seq/train/lr_scheduler.py", "lineno": 78}}
:::MLL 1570202584.028 opt_learning_rate_alt_warmup_func: {"value": true, "metadata": {"file": "seq2seq/train/lr_scheduler.py", "lineno": 80}}
:::MLL 1570202584.028 opt_learning_rate_decay_interval: {"value": 809, "metadata": {"file": "seq2seq/train/lr_scheduler.py", "lineno": 83}}
:::MLL 1570202584.029 opt_learning_rate_decay_factor: {"value": 0.5, "metadata": {"file": "seq2seq/train/lr_scheduler.py", "lineno": 85}}
:::MLL 1570202584.029 opt_learning_rate_decay_steps: {"value": 4, "metadata": {"file": "seq2seq/train/lr_scheduler.py", "lineno": 87}}
:::MLL 1570202584.029 opt_learning_rate_remain_steps: {"value": 6453, "metadata": {"file": "seq2seq/train/lr_scheduler.py", "lineno": 89}}
:::MLL 1570202584.029 opt_learning_rate_warmup_steps: {"value": 200, "metadata": {"file": "seq2seq/train/lr_scheduler.py", "lineno": 91}}
:::MLL 1570202584.056 block_start: {"value": null, "metadata": {"first_epoch_num": 1, "epoch_count": 1, "file": "train.py", "lineno": 511}}
:::MLL 1570202584.064 epoch_start: {"value": null, "metadata": {"epoch_num": 1, "file": "train.py", "lineno": 514}}
0: Starting epoch 0
0: Executing preallocation
0: Sampler for epoch 0 uses seed 2521150603
Gradient overflow.  Skipping step, loss scaler 0 reducing loss scale to 256.0
Gradient overflow.  Skipping step, loss scaler 0 reducing loss scale to 256.0
Gradient overflow.  Skipping step, loss scaler 0 reducing loss scale to 256.0
Gradient overflow.  Skipping step, loss scaler 0 reducing loss scale to 256.0
Gradient overflow.  Skipping step, loss scaler 0 reducing loss scale to 256.0
Gradient overflow.  Skipping step, loss scaler 0 reducing loss scale to 256.0
Gradient overflow.  Skipping step, loss scaler 0 reducing loss scale to 256.0
Gradient overflow.  Skipping step, loss scaler 0 reducing loss scale to 256.0
0: TRAIN [0][0/1938]	Time 1.073 (1.073)	Data 7.78e-01 (7.78e-01)	Tok/s 9743 (9743)	Loss/tok 10.6042 (10.6042)	LR 2.000e-05
0: TRAIN [0][10/1938]	Time 0.510 (0.396)	Data 1.09e-04 (7.09e-02)	Tok/s 58691 (44061)	Loss/tok 9.8013 (10.1385)	LR 2.518e-05
0: TRAIN [0][20/1938]	Time 0.264 (0.345)	Data 1.50e-04 (3.72e-02)	Tok/s 39655 (43418)	Loss/tok 9.2976 (9.8698)	LR 3.170e-05
0: TRAIN [0][30/1938]	Time 0.264 (0.337)	Data 1.50e-04 (2.52e-02)	Tok/s 39572 (45236)	Loss/tok 8.9677 (9.6347)	LR 3.991e-05
0: TRAIN [0][40/1938]	Time 0.385 (0.328)	Data 1.01e-04 (1.91e-02)	Tok/s 60926 (45529)	Loss/tok 8.9503 (9.4637)	LR 5.024e-05
0: TRAIN [0][50/1938]	Time 0.264 (0.322)	Data 1.04e-04 (1.54e-02)	Tok/s 39561 (45779)	Loss/tok 8.4067 (9.3169)	LR 6.325e-05
0: TRAIN [0][60/1938]	Time 0.263 (0.317)	Data 1.12e-04 (1.29e-02)	Tok/s 40446 (45478)	Loss/tok 8.2093 (9.1837)	LR 7.962e-05
0: TRAIN [0][70/1938]	Time 0.324 (0.314)	Data 1.72e-04 (1.11e-02)	Tok/s 51964 (45515)	Loss/tok 8.3149 (9.0644)	LR 1.002e-04
0: TRAIN [0][80/1938]	Time 0.324 (0.310)	Data 3.31e-04 (9.75e-03)	Tok/s 52013 (45069)	Loss/tok 8.1438 (8.9664)	LR 1.262e-04
0: TRAIN [0][90/1938]	Time 0.386 (0.311)	Data 1.27e-04 (8.69e-03)	Tok/s 59544 (45514)	Loss/tok 8.1074 (8.8564)	LR 1.589e-04
0: TRAIN [0][100/1938]	Time 0.386 (0.313)	Data 1.56e-04 (7.85e-03)	Tok/s 60330 (46015)	Loss/tok 8.0900 (8.7575)	LR 2.000e-04
0: TRAIN [0][110/1938]	Time 0.209 (0.314)	Data 1.38e-04 (7.15e-03)	Tok/s 25264 (46190)	Loss/tok 7.3195 (8.6802)	LR 2.518e-04
0: TRAIN [0][120/1938]	Time 0.263 (0.311)	Data 1.33e-04 (6.58e-03)	Tok/s 39010 (45887)	Loss/tok 7.8210 (8.6263)	LR 3.170e-04
0: TRAIN [0][130/1938]	Time 0.324 (0.311)	Data 1.80e-04 (6.09e-03)	Tok/s 52245 (45829)	Loss/tok 7.8751 (8.5749)	LR 3.991e-04
Gradient overflow.  Skipping step, loss scaler 0 reducing loss scale to 256.0
Gradient overflow.  Skipping step, loss scaler 0 reducing loss scale to 256.0
Gradient overflow.  Skipping step, loss scaler 0 reducing loss scale to 256.0
Gradient overflow.  Skipping step, loss scaler 0 reducing loss scale to 256.0
Gradient overflow.  Skipping step, loss scaler 0 reducing loss scale to 256.0
Gradient overflow.  Skipping step, loss scaler 0 reducing loss scale to 256.0
Gradient overflow.  Skipping step, loss scaler 0 reducing loss scale to 256.0
Gradient overflow.  Skipping step, loss scaler 0 reducing loss scale to 256.0
Gradient overflow.  Skipping step, loss scaler 0 reducing loss scale to 128.0
Gradient overflow.  Skipping step, loss scaler 0 reducing loss scale to 128.0
Gradient overflow.  Skipping step, loss scaler 0 reducing loss scale to 128.0
Gradient overflow.  Skipping step, loss scaler 0 reducing loss scale to 128.0
Gradient overflow.  Skipping step, loss scaler 0 reducing loss scale to 128.0
Gradient overflow.  Skipping step, loss scaler 0 reducing loss scale to 128.0
Gradient overflow.  Skipping step, loss scaler 0 reducing loss scale to 128.0
Gradient overflow.  Skipping step, loss scaler 0 reducing loss scale to 128.0
0: TRAIN [0][140/1938]	Time 0.325 (0.309)	Data 1.22e-04 (5.67e-03)	Tok/s 51684 (45693)	Loss/tok 7.9310 (8.5381)	LR 4.798e-04
0: TRAIN [0][150/1938]	Time 0.263 (0.308)	Data 1.49e-04 (5.30e-03)	Tok/s 39374 (45762)	Loss/tok 7.5805 (8.4910)	LR 6.040e-04
0: TRAIN [0][160/1938]	Time 0.262 (0.307)	Data 1.58e-04 (4.98e-03)	Tok/s 38797 (45653)	Loss/tok 7.4716 (8.4463)	LR 7.604e-04
0: TRAIN [0][170/1938]	Time 0.326 (0.308)	Data 1.22e-04 (4.70e-03)	Tok/s 51548 (45921)	Loss/tok 7.5379 (8.3927)	LR 9.573e-04
0: TRAIN [0][180/1938]	Time 0.326 (0.309)	Data 1.20e-04 (4.45e-03)	Tok/s 51286 (46199)	Loss/tok 7.4903 (8.3422)	LR 1.205e-03
0: TRAIN [0][190/1938]	Time 0.263 (0.309)	Data 1.24e-04 (4.22e-03)	Tok/s 38456 (46103)	Loss/tok 7.0965 (8.2935)	LR 1.517e-03
0: TRAIN [0][200/1938]	Time 0.208 (0.309)	Data 1.16e-04 (4.02e-03)	Tok/s 25223 (46183)	Loss/tok 6.1123 (8.2347)	LR 1.910e-03
0: TRAIN [0][210/1938]	Time 0.264 (0.309)	Data 1.13e-04 (3.84e-03)	Tok/s 38709 (46152)	Loss/tok 6.8030 (8.1797)	LR 2.000e-03
0: TRAIN [0][220/1938]	Time 0.324 (0.310)	Data 1.41e-04 (3.67e-03)	Tok/s 51161 (46420)	Loss/tok 6.7922 (8.1114)	LR 2.000e-03
0: TRAIN [0][230/1938]	Time 0.386 (0.310)	Data 1.16e-04 (3.51e-03)	Tok/s 60909 (46449)	Loss/tok 6.7837 (8.0484)	LR 2.000e-03
0: TRAIN [0][240/1938]	Time 0.384 (0.309)	Data 1.68e-04 (3.37e-03)	Tok/s 60409 (46226)	Loss/tok 6.7926 (7.9951)	LR 2.000e-03
0: TRAIN [0][250/1938]	Time 0.264 (0.310)	Data 1.40e-04 (3.25e-03)	Tok/s 39664 (46441)	Loss/tok 6.2713 (7.9239)	LR 2.000e-03
0: TRAIN [0][260/1938]	Time 0.462 (0.311)	Data 1.21e-04 (3.13e-03)	Tok/s 63879 (46608)	Loss/tok 6.6356 (7.8570)	LR 2.000e-03
0: TRAIN [0][270/1938]	Time 0.325 (0.311)	Data 1.52e-04 (3.02e-03)	Tok/s 52405 (46655)	Loss/tok 6.2982 (7.7965)	LR 2.000e-03
0: TRAIN [0][280/1938]	Time 0.325 (0.312)	Data 1.18e-04 (2.91e-03)	Tok/s 51454 (46772)	Loss/tok 6.1788 (7.7343)	LR 2.000e-03
0: TRAIN [0][290/1938]	Time 0.324 (0.311)	Data 1.14e-04 (2.82e-03)	Tok/s 51836 (46666)	Loss/tok 6.0424 (7.6809)	LR 2.000e-03
0: TRAIN [0][300/1938]	Time 0.325 (0.312)	Data 1.18e-04 (2.73e-03)	Tok/s 51397 (46862)	Loss/tok 6.0177 (7.6115)	LR 2.000e-03
0: TRAIN [0][310/1938]	Time 0.322 (0.313)	Data 1.28e-04 (2.65e-03)	Tok/s 51968 (47005)	Loss/tok 5.7981 (7.5500)	LR 2.000e-03
0: TRAIN [0][320/1938]	Time 0.323 (0.312)	Data 1.13e-04 (2.57e-03)	Tok/s 51626 (46941)	Loss/tok 5.7008 (7.4963)	LR 2.000e-03
0: TRAIN [0][330/1938]	Time 0.263 (0.312)	Data 1.33e-04 (2.49e-03)	Tok/s 39826 (46940)	Loss/tok 5.3318 (7.4405)	LR 2.000e-03
0: TRAIN [0][340/1938]	Time 0.264 (0.311)	Data 1.51e-04 (2.43e-03)	Tok/s 39247 (46733)	Loss/tok 5.2388 (7.3953)	LR 2.000e-03
0: TRAIN [0][350/1938]	Time 0.264 (0.311)	Data 1.23e-04 (2.36e-03)	Tok/s 39455 (46782)	Loss/tok 5.1059 (7.3395)	LR 2.000e-03
0: TRAIN [0][360/1938]	Time 0.325 (0.311)	Data 1.56e-04 (2.30e-03)	Tok/s 52017 (46801)	Loss/tok 5.3467 (7.2848)	LR 2.000e-03
0: TRAIN [0][370/1938]	Time 0.264 (0.310)	Data 1.09e-04 (2.24e-03)	Tok/s 39006 (46648)	Loss/tok 5.0587 (7.2401)	LR 2.000e-03
0: TRAIN [0][380/1938]	Time 0.264 (0.310)	Data 1.19e-04 (2.19e-03)	Tok/s 39547 (46632)	Loss/tok 4.9392 (7.1894)	LR 2.000e-03
0: TRAIN [0][390/1938]	Time 0.386 (0.310)	Data 1.23e-04 (2.14e-03)	Tok/s 60851 (46615)	Loss/tok 5.2933 (7.1374)	LR 2.000e-03
0: TRAIN [0][400/1938]	Time 0.264 (0.309)	Data 1.15e-04 (2.09e-03)	Tok/s 39370 (46586)	Loss/tok 4.6974 (7.0877)	LR 2.000e-03
0: TRAIN [0][410/1938]	Time 0.264 (0.309)	Data 1.18e-04 (2.04e-03)	Tok/s 38941 (46467)	Loss/tok 4.6376 (7.0421)	LR 2.000e-03
0: TRAIN [0][420/1938]	Time 0.324 (0.309)	Data 1.36e-04 (1.99e-03)	Tok/s 52394 (46488)	Loss/tok 4.8688 (6.9915)	LR 2.000e-03
0: TRAIN [0][430/1938]	Time 0.264 (0.308)	Data 1.42e-04 (1.95e-03)	Tok/s 39190 (46304)	Loss/tok 4.6155 (6.9524)	LR 2.000e-03
0: TRAIN [0][440/1938]	Time 0.264 (0.308)	Data 1.38e-04 (1.91e-03)	Tok/s 38217 (46316)	Loss/tok 4.3786 (6.9038)	LR 2.000e-03
0: TRAIN [0][450/1938]	Time 0.387 (0.308)	Data 1.47e-04 (1.87e-03)	Tok/s 60517 (46336)	Loss/tok 4.9367 (6.8549)	LR 2.000e-03
0: TRAIN [0][460/1938]	Time 0.326 (0.308)	Data 1.16e-04 (1.83e-03)	Tok/s 51333 (46457)	Loss/tok 4.7057 (6.8004)	LR 2.000e-03
0: TRAIN [0][470/1938]	Time 0.264 (0.308)	Data 3.75e-04 (1.80e-03)	Tok/s 38815 (46493)	Loss/tok 4.2672 (6.7520)	LR 2.000e-03
0: TRAIN [0][480/1938]	Time 0.325 (0.308)	Data 1.31e-04 (1.76e-03)	Tok/s 52024 (46486)	Loss/tok 4.5602 (6.7080)	LR 2.000e-03
0: TRAIN [0][490/1938]	Time 0.264 (0.308)	Data 1.13e-04 (1.73e-03)	Tok/s 39847 (46415)	Loss/tok 4.2106 (6.6670)	LR 2.000e-03
0: TRAIN [0][500/1938]	Time 0.264 (0.309)	Data 1.33e-04 (1.70e-03)	Tok/s 38361 (46481)	Loss/tok 4.2082 (6.6201)	LR 2.000e-03
0: TRAIN [0][510/1938]	Time 0.325 (0.308)	Data 1.21e-04 (1.67e-03)	Tok/s 51313 (46404)	Loss/tok 4.3790 (6.5811)	LR 2.000e-03
0: TRAIN [0][520/1938]	Time 0.385 (0.308)	Data 1.68e-04 (1.64e-03)	Tok/s 60202 (46393)	Loss/tok 4.7642 (6.5415)	LR 2.000e-03
0: TRAIN [0][530/1938]	Time 0.264 (0.308)	Data 1.20e-04 (1.61e-03)	Tok/s 39217 (46449)	Loss/tok 4.0327 (6.4976)	LR 2.000e-03
0: TRAIN [0][540/1938]	Time 0.208 (0.308)	Data 1.13e-04 (1.58e-03)	Tok/s 25750 (46382)	Loss/tok 3.4085 (6.4621)	LR 2.000e-03
0: TRAIN [0][550/1938]	Time 0.327 (0.308)	Data 1.02e-04 (1.56e-03)	Tok/s 51409 (46402)	Loss/tok 4.2517 (6.4224)	LR 2.000e-03
0: TRAIN [0][560/1938]	Time 0.264 (0.308)	Data 1.06e-04 (1.53e-03)	Tok/s 39339 (46346)	Loss/tok 3.9883 (6.3887)	LR 2.000e-03
Gradient overflow.  Skipping step, loss scaler 0 reducing loss scale to 512.0
Gradient overflow.  Skipping step, loss scaler 0 reducing loss scale to 512.0
Gradient overflow.  Skipping step, loss scaler 0 reducing loss scale to 512.0
Gradient overflow.  Skipping step, loss scaler 0 reducing loss scale to 512.0
Gradient overflow.  Skipping step, loss scaler 0 reducing loss scale to 512.0
Gradient overflow.  Skipping step, loss scaler 0 reducing loss scale to 512.0
Gradient overflow.  Skipping step, loss scaler 0 reducing loss scale to 512.0
Gradient overflow.  Skipping step, loss scaler 0 reducing loss scale to 512.0
0: TRAIN [0][570/1938]	Time 0.322 (0.307)	Data 1.56e-04 (1.51e-03)	Tok/s 51232 (46311)	Loss/tok 4.4510 (6.3548)	LR 2.000e-03
0: TRAIN [0][580/1938]	Time 0.264 (0.307)	Data 1.34e-04 (1.48e-03)	Tok/s 38898 (46291)	Loss/tok 4.0240 (6.3215)	LR 2.000e-03
0: TRAIN [0][590/1938]	Time 0.264 (0.307)	Data 1.46e-04 (1.46e-03)	Tok/s 39426 (46269)	Loss/tok 3.8358 (6.2883)	LR 2.000e-03
0: TRAIN [0][600/1938]	Time 0.264 (0.307)	Data 1.84e-04 (1.44e-03)	Tok/s 39971 (46279)	Loss/tok 3.9013 (6.2545)	LR 2.000e-03
0: TRAIN [0][610/1938]	Time 0.264 (0.307)	Data 1.46e-04 (1.42e-03)	Tok/s 39067 (46276)	Loss/tok 3.8793 (6.2204)	LR 2.000e-03
0: TRAIN [0][620/1938]	Time 0.386 (0.307)	Data 1.10e-04 (1.40e-03)	Tok/s 60957 (46285)	Loss/tok 4.5744 (6.1881)	LR 2.000e-03
0: TRAIN [0][630/1938]	Time 0.387 (0.307)	Data 1.20e-04 (1.38e-03)	Tok/s 60594 (46283)	Loss/tok 4.3298 (6.1569)	LR 2.000e-03
0: TRAIN [0][640/1938]	Time 0.209 (0.307)	Data 1.12e-04 (1.36e-03)	Tok/s 25097 (46284)	Loss/tok 3.2458 (6.1257)	LR 2.000e-03
0: TRAIN [0][650/1938]	Time 0.388 (0.308)	Data 1.18e-04 (1.34e-03)	Tok/s 61688 (46336)	Loss/tok 4.2624 (6.0928)	LR 2.000e-03
0: TRAIN [0][660/1938]	Time 0.264 (0.308)	Data 1.18e-04 (1.32e-03)	Tok/s 39051 (46295)	Loss/tok 3.8689 (6.0657)	LR 2.000e-03
0: TRAIN [0][670/1938]	Time 0.325 (0.308)	Data 1.20e-04 (1.31e-03)	Tok/s 51284 (46315)	Loss/tok 4.1539 (6.0355)	LR 2.000e-03
0: TRAIN [0][680/1938]	Time 0.264 (0.308)	Data 1.23e-04 (1.29e-03)	Tok/s 39325 (46295)	Loss/tok 3.6908 (6.0082)	LR 2.000e-03
0: TRAIN [0][690/1938]	Time 0.263 (0.308)	Data 1.34e-04 (1.27e-03)	Tok/s 38699 (46304)	Loss/tok 3.8029 (5.9797)	LR 2.000e-03
0: TRAIN [0][700/1938]	Time 0.385 (0.307)	Data 1.23e-04 (1.26e-03)	Tok/s 60409 (46294)	Loss/tok 4.4862 (5.9533)	LR 2.000e-03
Gradient overflow.  Skipping step, loss scaler 0 reducing loss scale to 512.0
Gradient overflow.  Skipping step, loss scaler 0 reducing loss scale to 512.0
Gradient overflow.  Skipping step, loss scaler 0 reducing loss scale to 512.0
Gradient overflow.  Skipping step, loss scaler 0 reducing loss scale to 512.0
Gradient overflow.  Skipping step, loss scaler 0 reducing loss scale to 512.0
Gradient overflow.  Skipping step, loss scaler 0 reducing loss scale to 512.0
Gradient overflow.  Skipping step, loss scaler 0 reducing loss scale to 512.0
Gradient overflow.  Skipping step, loss scaler 0 reducing loss scale to 512.0
0: TRAIN [0][710/1938]	Time 0.387 (0.308)	Data 2.60e-04 (1.24e-03)	Tok/s 60014 (46313)	Loss/tok 4.3359 (5.9256)	LR 2.000e-03
