Beginning trial 1 of 2
Gathering sys log on dss01
:::MLL 1571846199.704 submission_benchmark: {"value": "gnmt", "metadata": {"file": "mlperf_log_utils.py", "lineno": 176}}
:::MLL 1571846199.704 submission_org: {"value": "NVIDIA", "metadata": {"file": "mlperf_log_utils.py", "lineno": 181}}
WARNING: Log validation: Key "submission_division" is not in known gnmt keys.
:::MLL 1571846199.705 submission_division: {"value": "closed", "metadata": {"file": "mlperf_log_utils.py", "lineno": 185}}
:::MLL 1571846199.705 submission_status: {"value": "onprem", "metadata": {"file": "mlperf_log_utils.py", "lineno": 189}}
:::MLL 1571846199.706 submission_platform: {"value": "1xDSS8440", "metadata": {"file": "mlperf_log_utils.py", "lineno": 193}}
:::MLL 1571846199.706 submission_entry: {"value": "{'hardware': 'DSS8440', 'framework': 'PyTorch NVIDIA Release 19.05', 'power': 'N/A', 'notes': 'N/A', 'interconnect': 'InfiniBand 100 Gb/sec (4X EDR)', 'os': '\\\\S / ', 'libraries': \"{'container_base': 'Ubuntu-16.04', 'openmpi_version': '3.1.3', 'mofed_version': '5.0-0', 'cuda_version': '10.1.163', 'cuda_driver_version': '418.67', 'nccl_version': '2.4.6', 'cudnn_version': '7.6.0.64', 'cublas_version': '10.2.0.163', 'trt_version': '5.1.5.0', 'dali_version': '0.9.1'}\", 'compilers': 'gcc (Ubuntu 5.4.0-6ubuntu1~16.04.11) 5.4.0 20160609', 'nodes': \"{'num_nodes': '1', 'cpu': '2x Intel(R) Xeon(R) Gold 6230 CPU @ 2.10GHz', 'num_cores': '40', 'num_vcpus': '40', 'accelerator': 'Tesla V100-PCIE-32GB', 'num_accelerators': '8', 'sys_mem_size': '754 GB', 'sys_storage_type': 'SATA SSD', 'sys_storage_size': '1x 447.1G + 1x 931.5G', 'cpu_accel_interconnect': 'UPI', 'network_card': 'Mellanox Technologies MT27700 Family [ConnectX-4]', 'num_network_cards': '1', 'notes': ''}\"}", "metadata": {"file": "mlperf_log_utils.py", "lineno": 197}}
:::MLL 1571846199.707 submission_poc_name: {"value": "Paulius Micikevicius", "metadata": {"file": "mlperf_log_utils.py", "lineno": 201}}
:::MLL 1571846199.707 submission_poc_email: {"value": "pauliusm@nvidia.com", "metadata": {"file": "mlperf_log_utils.py", "lineno": 205}}
Clearing caches
:::MLL 1571846204.723 cache_clear: {"value": true, "metadata": {"file": "<string>", "lineno": 1}}
Launching on node dss01
+ pids+=($!)
+ set +x
++ eval echo
+++ echo
+ docker exec -e DGXSYSTEM=DGX1 -e 'MULTI_NODE= --master_port=4473' -e LR=8.0e-3 -e TRAIN_BATCH_SIZE=1024 -e TEST_BATCH_SIZE=128 -e WARMUP_STEPS=200 -e REMAIN_STEPS=6453 -e DECAY_INTERVAL=809 -e TARGET=24.0 -e NUMEPOCHS=8 -e MAX_SEQ_LEN=75 -e 'EXTRA_OPTS=   --fused-attention    --fused-xentropy    --no-log-all-ranks    ' -e SLURM_JOB_ID=191023105458793739615 -e SLURM_NTASKS_PER_NODE= -e SLURM_NNODES=1 cont_191023105458793739615 ./run_and_time.sh
Run vars: id 191023105458793739615 gpus 8 mparams  --master_port=4473
NCCL_SOCKET_NTHREADS=2
NCCL_NSOCKS_PERTHREAD=8
+ DATASET_DIR=/data
+ PREPROC_DATADIR=/preproc_data
+ RESULTS_DIR=gnmt_wmt16
+ LR=8.0e-3
+ TRAIN_BATCH_SIZE=1024
+ TEST_BATCH_SIZE=128
+ WARMUP_STEPS=200
+ REMAIN_STEPS=6453
STARTING TIMING RUN AT 2019-10-23 03:56:45 PM
running benchmark
+ DECAY_INTERVAL=809
+ TARGET=24.0
+ MAX_SEQ_LEN=75
+ NUMEPOCHS=8
+ EXTRA_OPTS='   --fused-attention    --fused-xentropy    --no-log-all-ranks    '
+ BIND_LAUNCH=0
+ MATH=amp_fp16
+ [[ 0 -eq 1 ]]
+ LAUNCH_OPT='torch.distributed.launch --nproc_per_node 8  --master_port=4473'
+ echo 'running benchmark'
+ python -m torch.distributed.launch --nproc_per_node 8 --master_port=4473 train.py --save gnmt_wmt16 --dataset-dir /data --preproc-data-dir /preproc_data --target-bleu 24.0 --epochs 8 --math amp_fp16 --max-length-train 75 --print-freq 10 --train-batch-size 1024 --test-batch-size 128 --optimizer FusedAdam --lr 8.0e-3 --warmup-steps 200 --remain-steps 6453 --decay-interval 809 --fused-attention --fused-xentropy --no-log-all-ranks
:::MLL 1571846207.511 init_start: {"value": null, "metadata": {"file": "train.py", "lineno": 287}}
:::MLL 1571846207.511 init_start: {"value": null, "metadata": {"file": "train.py", "lineno": 287}}
:::MLL 1571846207.511 init_start: {"value": null, "metadata": {"file": "train.py", "lineno": 287}}
:::MLL 1571846207.512 init_start: {"value": null, "metadata": {"file": "train.py", "lineno": 287}}
:::MLL 1571846207.513 init_start: {"value": null, "metadata": {"file": "train.py", "lineno": 287}}
:::MLL 1571846207.514 init_start: {"value": null, "metadata": {"file": "train.py", "lineno": 287}}
:::MLL 1571846207.514 init_start: {"value": null, "metadata": {"file": "train.py", "lineno": 287}}
:::MLL 1571846207.515 init_start: {"value": null, "metadata": {"file": "train.py", "lineno": 287}}
0: Saving results to: results/gnmt_wmt16
0: Run arguments: Namespace(apex_message_size=10000000.0, apex_num_allreduce_streams=1, batching='bucketing', beam_size=5, cov_penalty_factor=0.1, cuda=True, cudnn=True, dataset_dir='/data', decay_factor=0.5, decay_interval=809, decay_steps=4, dropout=0.2, enable_apex_allreduce_overlap=False, env=False, epochs=8, eval=True, fused_attention=True, fused_xentropy=True, grad_clip=5.0, hidden_size=1024, init_scale=1024, intra_epoch_eval=0, keep_checkpoints=0, len_norm_const=5.0, len_norm_factor=0.6, local_rank=0, log_all_ranks=False, lr=0.008, math='amp_fp16', max_length_test=150, max_length_train=75, max_size=None, min_length_test=0, min_length_train=0, num_buckets=5, num_layers=4, optimizer='FusedAdam', optimizer_extra='{}', prealloc_mode='always', preproc_data_dir='/preproc_data', print_freq=10, rank=0, remain_steps=6453, results_dir='results', resume=None, save='gnmt_wmt16', save_all=False, save_freq=5000, save_path='results/gnmt_wmt16', seed=None, shard_size=80, share_embedding=True, smoothing=0.1, start_epoch=0, target_bleu=24.0, test_batch_size=128, test_loader_workers=0, train_batch_size=1024, train_global_batch_size=None, train_iter_size=1, train_loader_workers=1, upscale_interval=128, use_preproc_data=True, warmup_steps=200)
0: L2 promotion: 128B
0: Using random master seed: 2583294349
dss01:465:465 [0] NCCL INFO Bootstrap : Using [0]eth0:10.141.0.200<0>
dss01:465:465 [0] NCCL INFO NET/Plugin : No plugin found (libnccl-net.so).

dss01:465:465 [0] misc/ibvwrap.cc:212 NCCL WARN Call to ibv_open_device failed

dss01:465:465 [0] transport/net_ib.cc:117 NCCL WARN NET/IB : Unable to open device mlx5_0
dss01:465:465 [0] NCCL INFO NET/IB : No device found.
dss01:465:465 [0] NCCL INFO NET/Socket : Using [0]eth0:10.141.0.200<0>
NCCL version 2.4.8+cuda10.1
dss01:468:468 [3] NCCL INFO Bootstrap : Using [0]eth0:10.141.0.200<0>
dss01:468:468 [3] NCCL INFO NET/Plugin : No plugin found (libnccl-net.so).
dss01:466:466 [1] NCCL INFO Bootstrap : Using [0]eth0:10.141.0.200<0>
dss01:466:466 [1] NCCL INFO NET/Plugin : No plugin found (libnccl-net.so).
dss01:467:467 [2] NCCL INFO Bootstrap : Using [0]eth0:10.141.0.200<0>
dss01:467:467 [2] NCCL INFO NET/Plugin : No plugin found (libnccl-net.so).
dss01:471:471 [6] NCCL INFO Bootstrap : Using [0]eth0:10.141.0.200<0>
dss01:471:471 [6] NCCL INFO NET/Plugin : No plugin found (libnccl-net.so).
dss01:469:469 [4] NCCL INFO Bootstrap : Using [0]eth0:10.141.0.200<0>
dss01:469:469 [4] NCCL INFO NET/Plugin : No plugin found (libnccl-net.so).
dss01:472:472 [7] NCCL INFO Bootstrap : Using [0]eth0:10.141.0.200<0>
dss01:472:472 [7] NCCL INFO NET/Plugin : No plugin found (libnccl-net.so).

dss01:468:468 [3] misc/ibvwrap.cc:212 NCCL WARN Call to ibv_open_device failed

dss01:468:468 [3] transport/net_ib.cc:117 NCCL WARN NET/IB : Unable to open device mlx5_0
dss01:468:468 [3] NCCL INFO NET/IB : No device found.

dss01:466:466 [1] misc/ibvwrap.cc:212 NCCL WARN Call to ibv_open_device failed

dss01:467:467 [2] misc/ibvwrap.cc:212 NCCL WARN Call to ibv_open_device failed

dss01:466:466 [1] transport/net_ib.cc:117 NCCL WARN NET/IB : Unable to open device mlx5_0

dss01:467:467 [2] transport/net_ib.cc:117 NCCL WARN NET/IB : Unable to open device mlx5_0
dss01:466:466 [1] NCCL INFO NET/IB : No device found.
dss01:467:467 [2] NCCL INFO NET/IB : No device found.

dss01:469:469 [4] misc/ibvwrap.cc:212 NCCL WARN Call to ibv_open_device failed

dss01:471:471 [6] misc/ibvwrap.cc:212 NCCL WARN Call to ibv_open_device failed

dss01:469:469 [4] transport/net_ib.cc:117 NCCL WARN NET/IB : Unable to open device mlx5_0

dss01:471:471 [6] transport/net_ib.cc:117 NCCL WARN NET/IB : Unable to open device mlx5_0
dss01:469:469 [4] NCCL INFO NET/IB : No device found.
dss01:471:471 [6] NCCL INFO NET/IB : No device found.
dss01:470:470 [5] NCCL INFO Bootstrap : Using [0]eth0:10.141.0.200<0>
dss01:470:470 [5] NCCL INFO NET/Plugin : No plugin found (libnccl-net.so).
dss01:468:468 [3] NCCL INFO NET/Socket : Using [0]eth0:10.141.0.200<0>

dss01:472:472 [7] misc/ibvwrap.cc:212 NCCL WARN Call to ibv_open_device failed

dss01:472:472 [7] transport/net_ib.cc:117 NCCL WARN NET/IB : Unable to open device mlx5_0
dss01:472:472 [7] NCCL INFO NET/IB : No device found.
dss01:466:466 [1] NCCL INFO NET/Socket : Using [0]eth0:10.141.0.200<0>
dss01:469:469 [4] NCCL INFO NET/Socket : Using [0]eth0:10.141.0.200<0>
dss01:467:467 [2] NCCL INFO NET/Socket : Using [0]eth0:10.141.0.200<0>
dss01:471:471 [6] NCCL INFO NET/Socket : Using [0]eth0:10.141.0.200<0>

dss01:470:470 [5] misc/ibvwrap.cc:212 NCCL WARN Call to ibv_open_device failed

dss01:470:470 [5] transport/net_ib.cc:117 NCCL WARN NET/IB : Unable to open device mlx5_0
dss01:470:470 [5] NCCL INFO NET/IB : No device found.
dss01:472:472 [7] NCCL INFO NET/Socket : Using [0]eth0:10.141.0.200<0>
dss01:470:470 [5] NCCL INFO NET/Socket : Using [0]eth0:10.141.0.200<0>
dss01:465:827 [0] NCCL INFO Setting affinity for GPU 0 to 55,55555555
dss01:468:828 [3] NCCL INFO Setting affinity for GPU 3 to 55,55555555
dss01:471:829 [6] NCCL INFO Setting affinity for GPU 6 to aa,aaaaaaaa
dss01:467:830 [2] NCCL INFO Setting affinity for GPU 2 to 55,55555555
dss01:472:833 [7] NCCL INFO Setting affinity for GPU 7 to aa,aaaaaaaa
dss01:469:831 [4] NCCL INFO Setting affinity for GPU 4 to aa,aaaaaaaa
dss01:470:834 [5] NCCL INFO Setting affinity for GPU 5 to aa,aaaaaaaa
dss01:466:832 [1] NCCL INFO Setting affinity for GPU 1 to 55,55555555
dss01:469:831 [4] NCCL INFO NCCL_P2P_LEVEL set by environment to 3.
dss01:470:834 [5] NCCL INFO NCCL_P2P_LEVEL set by environment to 3.
dss01:471:829 [6] NCCL INFO NCCL_P2P_LEVEL set by environment to 3.
dss01:472:833 [7] NCCL INFO NCCL_P2P_LEVEL set by environment to 3.
dss01:465:827 [0] NCCL INFO NCCL_P2P_LEVEL set by environment to 3.
dss01:466:832 [1] NCCL INFO NCCL_P2P_LEVEL set by environment to 3.
dss01:467:830 [2] NCCL INFO NCCL_P2P_LEVEL set by environment to 3.
dss01:468:828 [3] NCCL INFO NCCL_P2P_LEVEL set by environment to 3.
dss01:465:827 [0] NCCL INFO Channel 00 :    0   1   2   3   4   5   6   7
dss01:469:831 [4] NCCL INFO Ring 00 : 4[4] -> 5[5] via P2P/IPC
dss01:471:829 [6] NCCL INFO Ring 00 : 6[6] -> 7[7] via P2P/IPC
dss01:467:830 [2] NCCL INFO Ring 00 : 2[2] -> 3[3] via P2P/IPC
dss01:465:827 [0] NCCL INFO Ring 00 : 0[0] -> 1[1] via P2P/IPC
dss01:470:834 [5] NCCL INFO Ring 00 : 5[5] -> 6[6] via direct shared memory
dss01:466:832 [1] NCCL INFO Ring 00 : 1[1] -> 2[2] via direct shared memory
dss01:468:828 [3] NCCL INFO Ring 00 : 3[3] -> 4[4] via direct shared memory
dss01:472:833 [7] NCCL INFO Ring 00 : 7[7] -> 0[0] via direct shared memory
dss01:465:827 [0] NCCL INFO Using 256 threads, Min Comp Cap 7, Trees disabled
dss01:466:832 [1] NCCL INFO comm 0x7fff5c007590 rank 1 nranks 8 cudaDev 1 nvmlDev 1 - Init COMPLETE
dss01:468:828 [3] NCCL INFO comm 0x7fff40007590 rank 3 nranks 8 cudaDev 3 nvmlDev 3 - Init COMPLETE
dss01:470:834 [5] NCCL INFO comm 0x7fff5c007590 rank 5 nranks 8 cudaDev 5 nvmlDev 5 - Init COMPLETE
dss01:472:833 [7] NCCL INFO comm 0x7ffe98007590 rank 7 nranks 8 cudaDev 7 nvmlDev 7 - Init COMPLETE
dss01:469:831 [4] NCCL INFO comm 0x7ffe70007590 rank 4 nranks 8 cudaDev 4 nvmlDev 4 - Init COMPLETE
dss01:465:827 [0] NCCL INFO comm 0x7fff18007590 rank 0 nranks 8 cudaDev 0 nvmlDev 0 - Init COMPLETE
dss01:465:465 [0] NCCL INFO Launch mode Parallel
0: Worker 0 is using worker seed: 1018009827
0: Building vocabulary from /data/vocab.bpe.32000
dss01:471:829 [6] NCCL INFO comm 0x7ffe98007590 rank 6 nranks 8 cudaDev 6 nvmlDev 6 - Init COMPLETE
dss01:467:830 [2] NCCL INFO comm 0x7fff6c007590 rank 2 nranks 8 cudaDev 2 nvmlDev 2 - Init COMPLETE
0: Size of vocabulary: 32320
0: Fused attention flag set to True
0: GNMT(
  (encoder): ResidualRecurrentEncoder(
    (rnn_layers): ModuleList(
      (0): EmuBidirLSTM(
        (bidir): LSTM(1024, 1024, bidirectional=True)
        (layer1): LSTM(1024, 1024)
        (layer2): LSTM(1024, 1024)
      )
      (1): LSTM(2048, 1024)
      (2): LSTM(1024, 1024)
      (3): LSTM(1024, 1024)
    )
    (dropout): Dropout(p=0.2)
    (embedder): Embedding(32320, 1024, padding_idx=0)
  )
  (decoder): ResidualRecurrentDecoder(
    (att_rnn): RecurrentAttention(
      (rnn): LSTM(1024, 1024)
      (attn): BahdanauAttention(
        (linear_q): Linear(in_features=1024, out_features=1024, bias=False)
        (linear_k): Linear(in_features=1024, out_features=1024, bias=False)
      )
      (dropout): Dropout(p=0.2)
    )
    (rnn_layers): ModuleList(
      (0): LSTM(2048, 1024)
      (1): LSTM(2048, 1024)
      (2): LSTM(2048, 1024)
    )
    (embedder): Embedding(32320, 1024, padding_idx=0)
    (classifier): Classifier(
      (classifier): Linear(in_features=1024, out_features=32320, bias=True)
    )
    (dropout): Dropout(p=0.2)
  )
)
0: Building LabelSmoothingLoss (smoothing: 0.1)
0: Fused xentropy flag set to True
0: Training optimizer config: {'optimizer': 'FusedAdam', 'lr': 0.008}
0: Number of parameters: 160671297
0: Saving state of the tokenizer
Selected optimization level O2:  FP16 training with FP32 batchnorm and FP32 master weights.

Defaults for this optimization level are:
enabled                : True
opt_level              : O2
cast_model_type        : torch.float16
patch_torch_functions  : False
keep_batchnorm_fp32    : True
master_weights         : True
loss_scale             : dynamic
Processing user overrides (additional kwargs that are not None)...
After processing overrides, optimization options are:
enabled                : True
opt_level              : O2
cast_model_type        : torch.float16
patch_torch_functions  : False
keep_batchnorm_fp32    : False
master_weights         : True
loss_scale             : dynamic
0: Initializing amp optimizer
0: Using optimizer: FusedAdam (
Parameter Group 0
    betas: (0.9, 0.999)
    bias_correction: True
    eps: 1e-08
    lr: 0.008
    max_grad_norm: 5.0
    weight_decay: 0.0
)
:::MLL 1571846230.410 opt_base_learning_rate: {"value": 0.008, "metadata": {"file": "seq2seq/train/trainer.py", "lineno": 169}}
0: Executing preallocation
/opt/conda/lib/python3.6/site-packages/torch/nn/modules/rnn.py:522: RuntimeWarning: RNN module weights are not part of single contiguous chunk of memory. This means they need to be compacted at every call, possibly greatly increasing memory usage. To compact weights again call flatten_parameters().
  self.num_layers, self.dropout, self.training, self.bidirectional)
/opt/conda/lib/python3.6/site-packages/torch/nn/modules/rnn.py:522: RuntimeWarning: RNN module weights are not part of single contiguous chunk of memory. This means they need to be compacted at every call, possibly greatly increasing memory usage. To compact weights again call flatten_parameters().
  self.num_layers, self.dropout, self.training, self.bidirectional)
/opt/conda/lib/python3.6/site-packages/torch/nn/modules/rnn.py:522: RuntimeWarning: RNN module weights are not part of single contiguous chunk of memory. This means they need to be compacted at every call, possibly greatly increasing memory usage. To compact weights again call flatten_parameters().
  self.num_layers, self.dropout, self.training, self.bidirectional)
/opt/conda/lib/python3.6/site-packages/torch/nn/modules/rnn.py:522: RuntimeWarning: RNN module weights are not part of single contiguous chunk of memory. This means they need to be compacted at every call, possibly greatly increasing memory usage. To compact weights again call flatten_parameters().
  self.num_layers, self.dropout, self.training, self.bidirectional)
/opt/conda/lib/python3.6/site-packages/torch/nn/modules/rnn.py:522: RuntimeWarning: RNN module weights are not part of single contiguous chunk of memory. This means they need to be compacted at every call, possibly greatly increasing memory usage. To compact weights again call flatten_parameters().
  self.num_layers, self.dropout, self.training, self.bidirectional)
/opt/conda/lib/python3.6/site-packages/torch/nn/modules/rnn.py:522: RuntimeWarning: RNN module weights are not part of single contiguous chunk of memory. This means they need to be compacted at every call, possibly greatly increasing memory usage. To compact weights again call flatten_parameters().
  self.num_layers, self.dropout, self.training, self.bidirectional)
/opt/conda/lib/python3.6/site-packages/torch/nn/modules/rnn.py:522: RuntimeWarning: RNN module weights are not part of single contiguous chunk of memory. This means they need to be compacted at every call, possibly greatly increasing memory usage. To compact weights again call flatten_parameters().
  self.num_layers, self.dropout, self.training, self.bidirectional)
/opt/conda/lib/python3.6/site-packages/torch/nn/modules/rnn.py:522: RuntimeWarning: RNN module weights are not part of single contiguous chunk of memory. This means they need to be compacted at every call, possibly greatly increasing memory usage. To compact weights again call flatten_parameters().
  self.num_layers, self.dropout, self.training, self.bidirectional)
:::MLL 1571846234.472 init_stop: {"value": null, "metadata": {"file": "train.py", "lineno": 406}}
:::MLL 1571846234.473 run_start: {"value": null, "metadata": {"file": "train.py", "lineno": 408}}
:::MLL 1571846234.473 max_sequence_length: {"value": 75, "metadata": {"method": "discard", "file": "train.py", "lineno": 413}}
0: Reading preprocessed data file from /preproc_data/training.bin
0: Preprocessed data: length: 3975116 min length: 0 max length: 75 
0: Opening preprocessed data /preproc_data/training.bin for reading
0: Processing data from /data/newstest2014.tok.bpe.32000.en
0: Filtering data, min len: 0, max len: 150
0: Pairs before: 3003, after: 3003
:::MLL 1571846235.507 global_batch_size: {"value": 8192, "metadata": {"file": "train.py", "lineno": 458}}
0: Training LR schedule config: {'warmup_steps': 200, 'remain_steps': 6453, 'decay_interval': 809, 'decay_steps': 4, 'decay_factor': 0.5}
0: Scheduler warmup steps: 200
0: Scheduler remain steps: 6453
0: Scheduler decay interval: 809
0: Scheduler decay factor: 0.5
0: Scheduler max decay steps: 4
:::MLL 1571846235.508 opt_learning_rate_alt_decay_func: {"value": true, "metadata": {"file": "seq2seq/train/lr_scheduler.py", "lineno": 78}}
:::MLL 1571846235.508 opt_learning_rate_alt_warmup_func: {"value": true, "metadata": {"file": "seq2seq/train/lr_scheduler.py", "lineno": 80}}
:::MLL 1571846235.509 opt_learning_rate_decay_interval: {"value": 809, "metadata": {"file": "seq2seq/train/lr_scheduler.py", "lineno": 83}}
:::MLL 1571846235.509 opt_learning_rate_decay_factor: {"value": 0.5, "metadata": {"file": "seq2seq/train/lr_scheduler.py", "lineno": 85}}
:::MLL 1571846235.509 opt_learning_rate_decay_steps: {"value": 4, "metadata": {"file": "seq2seq/train/lr_scheduler.py", "lineno": 87}}
:::MLL 1571846235.509 opt_learning_rate_remain_steps: {"value": 6453, "metadata": {"file": "seq2seq/train/lr_scheduler.py", "lineno": 89}}
:::MLL 1571846235.510 opt_learning_rate_warmup_steps: {"value": 200, "metadata": {"file": "seq2seq/train/lr_scheduler.py", "lineno": 91}}
:::MLL 1571846235.535 block_start: {"value": null, "metadata": {"first_epoch_num": 1, "epoch_count": 1, "file": "train.py", "lineno": 511}}
:::MLL 1571846235.538 epoch_start: {"value": null, "metadata": {"epoch_num": 1, "file": "train.py", "lineno": 514}}
0: Starting epoch 0
0: Executing preallocation
0: Sampler for epoch 0 uses seed 739283273
Gradient overflow.  Skipping step, loss scaler 0 reducing loss scale to 256.0
Gradient overflow.  Skipping step, loss scaler 0 reducing loss scale to 256.0
Gradient overflow.  Skipping step, loss scaler 0 reducing loss scale to 256.0
Gradient overflow.  Skipping step, loss scaler 0 reducing loss scale to 256.0
Gradient overflow.  Skipping step, loss scaler 0 reducing loss scale to 256.0
Gradient overflow.  Skipping step, loss scaler 0 reducing loss scale to 256.0
Gradient overflow.  Skipping step, loss scaler 0 reducing loss scale to 256.0
Gradient overflow.  Skipping step, loss scaler 0 reducing loss scale to 256.0
0: TRAIN [0][0/484]	Time 1.609 (1.609)	Data 1.06e+00 (1.06e+00)	Tok/s 25563 (25563)	Loss/tok 10.6218 (10.6218)	LR 8.000e-05
0: TRAIN [0][10/484]	Time 0.544 (0.818)	Data 3.16e-04 (9.65e-02)	Tok/s 76983 (74211)	Loss/tok 9.1517 (9.7250)	LR 1.007e-04
0: TRAIN [0][20/484]	Time 1.086 (0.753)	Data 3.46e-04 (5.07e-02)	Tok/s 85252 (76261)	Loss/tok 8.7910 (9.3419)	LR 1.268e-04
0: TRAIN [0][30/484]	Time 0.542 (0.710)	Data 3.12e-04 (3.45e-02)	Tok/s 74961 (76915)	Loss/tok 8.2485 (9.0782)	LR 1.596e-04
0: TRAIN [0][40/484]	Time 0.541 (0.671)	Data 2.99e-04 (2.61e-02)	Tok/s 76779 (76657)	Loss/tok 7.9681 (8.8807)	LR 2.010e-04
0: TRAIN [0][50/484]	Time 0.543 (0.693)	Data 2.86e-04 (2.11e-02)	Tok/s 76029 (77569)	Loss/tok 7.8597 (8.6906)	LR 2.530e-04
0: TRAIN [0][60/484]	Time 0.546 (0.686)	Data 2.86e-04 (1.77e-02)	Tok/s 75473 (77707)	Loss/tok 7.7279 (8.5629)	LR 3.185e-04
0: TRAIN [0][70/484]	Time 0.548 (0.688)	Data 2.84e-04 (1.52e-02)	Tok/s 74918 (77598)	Loss/tok 7.6822 (8.4625)	LR 4.009e-04
0: TRAIN [0][80/484]	Time 0.545 (0.677)	Data 2.90e-04 (1.34e-02)	Tok/s 75313 (77540)	Loss/tok 7.5978 (8.3799)	LR 5.048e-04
Gradient overflow.  Skipping step, loss scaler 0 reducing loss scale to 128.0
Gradient overflow.  Skipping step, loss scaler 0 reducing loss scale to 128.0
Gradient overflow.  Skipping step, loss scaler 0 reducing loss scale to 128.0
Gradient overflow.  Skipping step, loss scaler 0 reducing loss scale to 128.0
Gradient overflow.  Skipping step, loss scaler 0 reducing loss scale to 128.0
Gradient overflow.  Skipping step, loss scaler 0 reducing loss scale to 128.0
Gradient overflow.  Skipping step, loss scaler 0 reducing loss scale to 128.0
Gradient overflow.  Skipping step, loss scaler 0 reducing loss scale to 128.0
0: TRAIN [0][90/484]	Time 0.798 (0.677)	Data 2.68e-04 (1.19e-02)	Tok/s 84218 (77776)	Loss/tok 7.8417 (8.3174)	LR 6.210e-04
0: TRAIN [0][100/484]	Time 0.542 (0.688)	Data 5.00e-04 (1.08e-02)	Tok/s 76262 (78100)	Loss/tok 7.5147 (8.2534)	LR 7.818e-04
Gradient overflow.  Skipping step, loss scaler 0 reducing loss scale to 64.0
Gradient overflow.  Skipping step, loss scaler 0 reducing loss scale to 64.0
Gradient overflow.  Skipping step, loss scaler 0 reducing loss scale to 64.0
Gradient overflow.  Skipping step, loss scaler 0 reducing loss scale to 64.0
Gradient overflow.  Skipping step, loss scaler 0 reducing loss scale to 64.0
Gradient overflow.  Skipping step, loss scaler 0 reducing loss scale to 64.0
Gradient overflow.  Skipping step, loss scaler 0 reducing loss scale to 64.0
Gradient overflow.  Skipping step, loss scaler 0 reducing loss scale to 64.0
Gradient overflow.  Skipping step, loss scaler 0 reducing loss scale to 32.0
Gradient overflow.  Skipping step, loss scaler 0 reducing loss scale to 32.0
Gradient overflow.  Skipping step, loss scaler 0 reducing loss scale to 32.0
Gradient overflow.  Skipping step, loss scaler 0 reducing loss scale to 32.0
Gradient overflow.  Skipping step, loss scaler 0 reducing loss scale to 32.0
Gradient overflow.  Skipping step, loss scaler 0 reducing loss scale to 32.0
Gradient overflow.  Skipping step, loss scaler 0 reducing loss scale to 32.0
Gradient overflow.  Skipping step, loss scaler 0 reducing loss scale to 32.0
0: TRAIN [0][110/484]	Time 1.088 (0.697)	Data 2.89e-04 (9.85e-03)	Tok/s 86157 (78325)	Loss/tok 8.0653 (8.2009)	LR 9.399e-04
0: TRAIN [0][120/484]	Time 0.543 (0.694)	Data 2.55e-04 (9.06e-03)	Tok/s 76751 (78304)	Loss/tok 7.3093 (8.1458)	LR 1.183e-03
0: TRAIN [0][130/484]	Time 0.555 (0.693)	Data 2.71e-04 (8.39e-03)	Tok/s 74956 (78256)	Loss/tok 7.0477 (8.0794)	LR 1.490e-03
0: TRAIN [0][140/484]	Time 0.540 (0.699)	Data 2.92e-04 (7.82e-03)	Tok/s 76314 (78306)	Loss/tok 6.7824 (8.0012)	LR 1.875e-03
0: TRAIN [0][150/484]	Time 0.323 (0.697)	Data 3.00e-04 (7.32e-03)	Tok/s 65212 (78220)	Loss/tok 5.8447 (7.9249)	LR 2.361e-03
0: TRAIN [0][160/484]	Time 0.553 (0.705)	Data 2.81e-04 (6.89e-03)	Tok/s 74998 (78351)	Loss/tok 6.5213 (7.8457)	LR 2.972e-03
0: TRAIN [0][170/484]	Time 0.544 (0.705)	Data 2.86e-04 (6.50e-03)	Tok/s 76002 (78408)	Loss/tok 6.2266 (7.7694)	LR 3.742e-03
0: TRAIN [0][180/484]	Time 0.798 (0.707)	Data 2.62e-04 (6.16e-03)	Tok/s 84066 (78584)	Loss/tok 6.3073 (7.6840)	LR 4.711e-03
0: TRAIN [0][190/484]	Time 1.423 (0.720)	Data 2.92e-04 (5.85e-03)	Tok/s 83538 (78721)	Loss/tok 6.4967 (7.5912)	LR 5.930e-03
0: TRAIN [0][200/484]	Time 0.800 (0.717)	Data 2.94e-04 (5.58e-03)	Tok/s 83987 (78657)	Loss/tok 6.0736 (7.5205)	LR 7.466e-03
0: TRAIN [0][210/484]	Time 0.806 (0.724)	Data 2.95e-04 (5.32e-03)	Tok/s 83424 (78821)	Loss/tok 5.9644 (7.4383)	LR 8.000e-03
0: TRAIN [0][220/484]	Time 0.807 (0.722)	Data 2.92e-04 (5.10e-03)	Tok/s 82271 (78826)	Loss/tok 5.7491 (7.3682)	LR 8.000e-03
0: TRAIN [0][230/484]	Time 1.092 (0.722)	Data 2.63e-04 (4.89e-03)	Tok/s 85362 (78758)	Loss/tok 5.8790 (7.2973)	LR 8.000e-03
0: TRAIN [0][240/484]	Time 0.800 (0.729)	Data 3.01e-04 (4.70e-03)	Tok/s 84022 (78865)	Loss/tok 5.4880 (7.2113)	LR 8.000e-03
0: TRAIN [0][250/484]	Time 1.082 (0.734)	Data 2.90e-04 (4.52e-03)	Tok/s 86223 (78936)	Loss/tok 5.5574 (7.1254)	LR 8.000e-03
0: TRAIN [0][260/484]	Time 0.543 (0.730)	Data 2.86e-04 (4.36e-03)	Tok/s 76537 (78940)	Loss/tok 5.0062 (7.0552)	LR 8.000e-03
0: TRAIN [0][270/484]	Time 0.799 (0.728)	Data 2.76e-04 (4.21e-03)	Tok/s 83900 (78866)	Loss/tok 5.0687 (6.9899)	LR 8.000e-03
0: TRAIN [0][280/484]	Time 0.319 (0.729)	Data 3.09e-04 (4.07e-03)	Tok/s 66572 (78849)	Loss/tok 3.8362 (6.9171)	LR 8.000e-03
0: TRAIN [0][290/484]	Time 0.804 (0.728)	Data 2.78e-04 (3.95e-03)	Tok/s 83297 (78888)	Loss/tok 4.7542 (6.8446)	LR 8.000e-03
0: TRAIN [0][300/484]	Time 0.798 (0.731)	Data 2.94e-04 (3.82e-03)	Tok/s 83959 (78935)	Loss/tok 4.6644 (6.7632)	LR 8.000e-03
0: TRAIN [0][310/484]	Time 0.547 (0.734)	Data 2.68e-04 (3.71e-03)	Tok/s 75708 (78982)	Loss/tok 4.2863 (6.6835)	LR 8.000e-03
0: TRAIN [0][320/484]	Time 0.546 (0.734)	Data 2.97e-04 (3.60e-03)	Tok/s 76136 (79026)	Loss/tok 4.0898 (6.6133)	LR 8.000e-03
0: TRAIN [0][330/484]	Time 0.543 (0.731)	Data 2.87e-04 (3.50e-03)	Tok/s 76915 (79024)	Loss/tok 4.0720 (6.5509)	LR 8.000e-03
0: TRAIN [0][340/484]	Time 0.799 (0.733)	Data 2.81e-04 (3.41e-03)	Tok/s 83685 (79074)	Loss/tok 4.2456 (6.4789)	LR 8.000e-03
0: TRAIN [0][350/484]	Time 0.801 (0.732)	Data 2.90e-04 (3.32e-03)	Tok/s 84196 (79101)	Loss/tok 4.1986 (6.4157)	LR 8.000e-03
0: TRAIN [0][360/484]	Time 0.547 (0.729)	Data 2.69e-04 (3.24e-03)	Tok/s 74885 (79049)	Loss/tok 3.9316 (6.3620)	LR 8.000e-03
0: TRAIN [0][370/484]	Time 0.549 (0.727)	Data 2.93e-04 (3.16e-03)	Tok/s 74177 (79023)	Loss/tok 3.7934 (6.3071)	LR 8.000e-03
0: TRAIN [0][380/484]	Time 0.548 (0.724)	Data 2.70e-04 (3.08e-03)	Tok/s 76418 (78964)	Loss/tok 3.7905 (6.2568)	LR 8.000e-03
0: TRAIN [0][390/484]	Time 0.546 (0.720)	Data 6.89e-04 (3.01e-03)	Tok/s 76093 (78891)	Loss/tok 3.8083 (6.2095)	LR 8.000e-03
0: TRAIN [0][400/484]	Time 0.551 (0.723)	Data 2.80e-04 (2.95e-03)	Tok/s 74733 (78930)	Loss/tok 3.7164 (6.1480)	LR 8.000e-03
0: TRAIN [0][410/484]	Time 0.320 (0.725)	Data 2.90e-04 (2.88e-03)	Tok/s 66271 (78977)	Loss/tok 3.2702 (6.0924)	LR 8.000e-03
0: TRAIN [0][420/484]	Time 0.799 (0.726)	Data 2.72e-04 (2.82e-03)	Tok/s 84549 (78998)	Loss/tok 4.0358 (6.0418)	LR 8.000e-03
0: TRAIN [0][430/484]	Time 1.086 (0.724)	Data 2.90e-04 (2.76e-03)	Tok/s 85636 (78964)	Loss/tok 4.2250 (5.9978)	LR 8.000e-03
0: TRAIN [0][440/484]	Time 1.424 (0.725)	Data 2.77e-04 (2.71e-03)	Tok/s 83887 (78974)	Loss/tok 4.3416 (5.9499)	LR 8.000e-03
0: TRAIN [0][450/484]	Time 0.318 (0.722)	Data 2.77e-04 (2.65e-03)	Tok/s 65984 (78875)	Loss/tok 3.1427 (5.9148)	LR 8.000e-03
0: TRAIN [0][460/484]	Time 1.084 (0.725)	Data 2.82e-04 (2.60e-03)	Tok/s 86727 (78898)	Loss/tok 4.1870 (5.8685)	LR 8.000e-03
0: TRAIN [0][470/484]	Time 1.086 (0.724)	Data 9.40e-04 (2.56e-03)	Tok/s 85990 (78919)	Loss/tok 4.1634 (5.8288)	LR 8.000e-03
0: TRAIN [0][480/484]	Time 0.807 (0.723)	Data 3.15e-04 (2.51e-03)	Tok/s 83234 (78918)	Loss/tok 3.9556 (5.7905)	LR 8.000e-03
:::MLL 1571846588.626 epoch_stop: {"value": null, "metadata": {"epoch_num": 1, "file": "train.py", "lineno": 524}}
:::MLL 1571846588.626 eval_start: {"value": null, "metadata": {"epoch_num": 1, "file": "train.py", "lineno": 529}}
0: Running evaluation on test set
0: TEST [0][0/3]	Time 0.950 (0.950)	Decoder iters 149.0 (149.0)	Tok/s 17467 (17467)
0: Running moses detokenizer
0: BLEU(score=14.136296492673848, counts=[29746, 11966, 5862, 2982], totals=[67420, 64417, 61414, 58416], precisions=[44.12043903886087, 18.575841780896347, 9.545054873481616, 5.104765817584224], bp=1.0, sys_len=67420, ref_len=64676)
0: Finished evaluation on test set
:::MLL 1571846591.317 eval_accuracy: {"value": 14.14, "metadata": {"epoch_num": 1, "file": "train.py", "lineno": 535}}
:::MLL 1571846591.318 eval_stop: {"value": null, "metadata": {"epoch_num": 1, "file": "train.py", "lineno": 538}}
0: Summary: Epoch: 0	Training Loss: 5.7762	Test BLEU: 14.14
0: Performance: Epoch: 0	Training: 631580 Tok/s
0: Finished epoch 0
:::MLL 1571846591.318 block_stop: {"value": null, "metadata": {"first_epoch_num": 1, "file": "train.py", "lineno": 557}}
:::MLL 1571846591.319 block_start: {"value": null, "metadata": {"first_epoch_num": 2, "epoch_count": 1, "file": "train.py", "lineno": 511}}
:::MLL 1571846591.319 epoch_start: {"value": null, "metadata": {"epoch_num": 2, "file": "train.py", "lineno": 514}}
0: Starting epoch 1
0: Executing preallocation
0: Sampler for epoch 1 uses seed 1387451559
0: TRAIN [1][0/484]	Time 1.861 (1.861)	Data 7.46e-01 (7.46e-01)	Tok/s 50415 (50415)	Loss/tok 4.0783 (4.0783)	LR 8.000e-03
0: TRAIN [1][10/484]	Time 0.320 (0.978)	Data 2.96e-04 (6.81e-02)	Tok/s 65216 (77190)	Loss/tok 3.1002 (4.0021)	LR 8.000e-03
0: TRAIN [1][20/484]	Time 0.808 (0.848)	Data 2.80e-04 (3.58e-02)	Tok/s 83053 (78541)	Loss/tok 3.8285 (3.9108)	LR 8.000e-03
0: TRAIN [1][30/484]	Time 0.544 (0.821)	Data 3.23e-04 (2.44e-02)	Tok/s 76670 (78974)	Loss/tok 3.6172 (3.8985)	LR 8.000e-03
0: TRAIN [1][40/484]	Time 0.546 (0.793)	Data 3.07e-04 (1.85e-02)	Tok/s 75961 (79082)	Loss/tok 3.5417 (3.8869)	LR 8.000e-03
0: TRAIN [1][50/484]	Time 0.317 (0.763)	Data 2.94e-04 (1.49e-02)	Tok/s 67279 (78508)	Loss/tok 3.0868 (3.8691)	LR 8.000e-03
0: TRAIN [1][60/484]	Time 0.540 (0.746)	Data 2.90e-04 (1.25e-02)	Tok/s 76556 (78371)	Loss/tok 3.5245 (3.8537)	LR 8.000e-03
0: TRAIN [1][70/484]	Time 0.802 (0.752)	Data 2.84e-04 (1.08e-02)	Tok/s 84053 (78719)	Loss/tok 3.8060 (3.8535)	LR 8.000e-03
0: TRAIN [1][80/484]	Time 0.804 (0.754)	Data 3.29e-04 (9.52e-03)	Tok/s 84328 (78773)	Loss/tok 3.8655 (3.8560)	LR 8.000e-03
0: TRAIN [1][90/484]	Time 0.542 (0.752)	Data 3.12e-04 (8.51e-03)	Tok/s 76142 (78895)	Loss/tok 3.5065 (3.8462)	LR 8.000e-03
0: TRAIN [1][100/484]	Time 0.545 (0.759)	Data 6.54e-04 (7.70e-03)	Tok/s 75352 (79055)	Loss/tok 3.4623 (3.8453)	LR 8.000e-03
0: TRAIN [1][110/484]	Time 0.320 (0.738)	Data 3.79e-04 (7.04e-03)	Tok/s 66074 (78673)	Loss/tok 2.9187 (3.8225)	LR 8.000e-03
0: TRAIN [1][120/484]	Time 0.544 (0.744)	Data 2.99e-04 (6.48e-03)	Tok/s 75730 (78860)	Loss/tok 3.5833 (3.8226)	LR 8.000e-03
0: TRAIN [1][130/484]	Time 0.800 (0.735)	Data 2.90e-04 (6.01e-03)	Tok/s 83369 (78799)	Loss/tok 3.8408 (3.8112)	LR 8.000e-03
0: TRAIN [1][140/484]	Time 1.431 (0.738)	Data 2.87e-04 (5.61e-03)	Tok/s 83148 (78801)	Loss/tok 4.0660 (3.8080)	LR 8.000e-03
0: TRAIN [1][150/484]	Time 0.544 (0.736)	Data 2.80e-04 (5.26e-03)	Tok/s 76133 (78843)	Loss/tok 3.4980 (3.7993)	LR 8.000e-03
0: TRAIN [1][160/484]	Time 0.548 (0.731)	Data 2.85e-04 (4.95e-03)	Tok/s 75675 (78797)	Loss/tok 3.4617 (3.7896)	LR 8.000e-03
0: TRAIN [1][170/484]	Time 1.084 (0.736)	Data 3.16e-04 (4.68e-03)	Tok/s 85897 (78907)	Loss/tok 3.8781 (3.7880)	LR 8.000e-03
0: TRAIN [1][180/484]	Time 0.548 (0.733)	Data 2.89e-04 (4.44e-03)	Tok/s 75981 (78882)	Loss/tok 3.5255 (3.7806)	LR 8.000e-03
0: TRAIN [1][190/484]	Time 0.547 (0.738)	Data 3.12e-04 (4.22e-03)	Tok/s 75530 (78977)	Loss/tok 3.4903 (3.7809)	LR 8.000e-03
0: TRAIN [1][200/484]	Time 0.801 (0.737)	Data 2.80e-04 (4.03e-03)	Tok/s 83877 (78955)	Loss/tok 3.6147 (3.7773)	LR 8.000e-03
0: TRAIN [1][210/484]	Time 0.803 (0.737)	Data 3.00e-04 (3.85e-03)	Tok/s 83906 (78945)	Loss/tok 3.7170 (3.7728)	LR 8.000e-03
0: TRAIN [1][220/484]	Time 0.540 (0.739)	Data 2.81e-04 (3.70e-03)	Tok/s 76922 (79023)	Loss/tok 3.4213 (3.7703)	LR 8.000e-03
0: TRAIN [1][230/484]	Time 0.546 (0.738)	Data 2.90e-04 (3.55e-03)	Tok/s 76444 (78959)	Loss/tok 3.4260 (3.7686)	LR 8.000e-03
0: TRAIN [1][240/484]	Time 0.804 (0.740)	Data 3.25e-04 (3.42e-03)	Tok/s 84353 (79081)	Loss/tok 3.6265 (3.7644)	LR 8.000e-03
0: TRAIN [1][250/484]	Time 0.542 (0.737)	Data 3.18e-04 (3.29e-03)	Tok/s 76463 (79022)	Loss/tok 3.4456 (3.7586)	LR 8.000e-03
0: TRAIN [1][260/484]	Time 0.543 (0.737)	Data 3.60e-04 (3.18e-03)	Tok/s 76746 (79027)	Loss/tok 3.3632 (3.7546)	LR 8.000e-03
0: TRAIN [1][270/484]	Time 0.543 (0.738)	Data 3.04e-04 (3.07e-03)	Tok/s 75648 (78978)	Loss/tok 3.3664 (3.7526)	LR 8.000e-03
0: TRAIN [1][280/484]	Time 0.545 (0.736)	Data 3.01e-04 (2.98e-03)	Tok/s 75721 (78929)	Loss/tok 3.4877 (3.7483)	LR 8.000e-03
0: TRAIN [1][290/484]	Time 0.802 (0.732)	Data 2.73e-04 (2.88e-03)	Tok/s 83693 (78892)	Loss/tok 3.7305 (3.7434)	LR 8.000e-03
0: TRAIN [1][300/484]	Time 1.088 (0.731)	Data 3.03e-04 (2.80e-03)	Tok/s 85626 (78906)	Loss/tok 3.8294 (3.7382)	LR 8.000e-03
0: TRAIN [1][310/484]	Time 0.545 (0.727)	Data 3.03e-04 (2.72e-03)	Tok/s 75347 (78827)	Loss/tok 3.3961 (3.7335)	LR 8.000e-03
0: TRAIN [1][320/484]	Time 0.544 (0.727)	Data 3.09e-04 (2.65e-03)	Tok/s 75752 (78798)	Loss/tok 3.3660 (3.7302)	LR 8.000e-03
0: TRAIN [1][330/484]	Time 0.548 (0.730)	Data 4.33e-04 (2.58e-03)	Tok/s 74611 (78860)	Loss/tok 3.4265 (3.7293)	LR 8.000e-03
0: TRAIN [1][340/484]	Time 0.549 (0.729)	Data 2.47e-04 (2.51e-03)	Tok/s 75518 (78859)	Loss/tok 3.3985 (3.7258)	LR 8.000e-03
0: TRAIN [1][350/484]	Time 0.801 (0.726)	Data 2.60e-04 (2.45e-03)	Tok/s 84415 (78834)	Loss/tok 3.5627 (3.7197)	LR 8.000e-03
0: TRAIN [1][360/484]	Time 0.313 (0.724)	Data 2.63e-04 (2.39e-03)	Tok/s 67064 (78802)	Loss/tok 2.8486 (3.7154)	LR 8.000e-03
0: TRAIN [1][370/484]	Time 0.544 (0.724)	Data 2.51e-04 (2.33e-03)	Tok/s 75869 (78837)	Loss/tok 3.2817 (3.7109)	LR 8.000e-03
0: TRAIN [1][380/484]	Time 0.806 (0.724)	Data 2.50e-04 (2.28e-03)	Tok/s 83190 (78890)	Loss/tok 3.5975 (3.7069)	LR 8.000e-03
0: TRAIN [1][390/484]	Time 1.086 (0.727)	Data 2.70e-04 (2.23e-03)	Tok/s 86130 (78964)	Loss/tok 3.7415 (3.7058)	LR 8.000e-03
0: TRAIN [1][400/484]	Time 1.427 (0.728)	Data 2.53e-04 (2.18e-03)	Tok/s 83576 (78935)	Loss/tok 3.9624 (3.7040)	LR 8.000e-03
0: TRAIN [1][410/484]	Time 0.543 (0.725)	Data 3.03e-04 (2.13e-03)	Tok/s 76415 (78857)	Loss/tok 3.3646 (3.7015)	LR 8.000e-03
0: TRAIN [1][420/484]	Time 0.804 (0.723)	Data 2.74e-04 (2.09e-03)	Tok/s 83942 (78848)	Loss/tok 3.5954 (3.6983)	LR 8.000e-03
0: TRAIN [1][430/484]	Time 0.807 (0.723)	Data 2.87e-04 (2.05e-03)	Tok/s 83671 (78886)	Loss/tok 3.6157 (3.6947)	LR 8.000e-03
0: TRAIN [1][440/484]	Time 1.090 (0.724)	Data 3.13e-04 (2.01e-03)	Tok/s 85088 (78920)	Loss/tok 3.8213 (3.6935)	LR 8.000e-03
0: TRAIN [1][450/484]	Time 0.548 (0.724)	Data 2.52e-04 (1.97e-03)	Tok/s 76176 (78913)	Loss/tok 3.3430 (3.6911)	LR 8.000e-03
0: TRAIN [1][460/484]	Time 1.088 (0.722)	Data 2.63e-04 (1.93e-03)	Tok/s 85817 (78874)	Loss/tok 3.7605 (3.6874)	LR 8.000e-03
0: TRAIN [1][470/484]	Time 0.547 (0.722)	Data 2.52e-04 (1.89e-03)	Tok/s 76278 (78876)	Loss/tok 3.3392 (3.6845)	LR 8.000e-03
0: TRAIN [1][480/484]	Time 0.548 (0.725)	Data 2.42e-04 (1.86e-03)	Tok/s 75288 (78922)	Loss/tok 3.3675 (3.6832)	LR 8.000e-03
:::MLL 1571846944.727 epoch_stop: {"value": null, "metadata": {"epoch_num": 2, "file": "train.py", "lineno": 524}}
:::MLL 1571846944.727 eval_start: {"value": null, "metadata": {"epoch_num": 2, "file": "train.py", "lineno": 529}}
0: Running evaluation on test set
0: TEST [1][0/3]	Time 0.764 (0.764)	Decoder iters 149.0 (149.0)	Tok/s 20491 (20491)
0: Running moses detokenizer
0: BLEU(score=18.894235865143248, counts=[32810, 14903, 7859, 4268], totals=[60687, 57684, 54682, 51686], precisions=[54.064297131181306, 25.8355869911934, 14.372188288650744, 8.257555237395039], bp=0.9363829827115673, sys_len=60687, ref_len=64676)
0: Finished evaluation on test set
:::MLL 1571846946.713 eval_accuracy: {"value": 18.89, "metadata": {"epoch_num": 2, "file": "train.py", "lineno": 535}}
:::MLL 1571846946.714 eval_stop: {"value": null, "metadata": {"epoch_num": 2, "file": "train.py", "lineno": 538}}
0: Summary: Epoch: 1	Training Loss: 3.6799	Test BLEU: 18.89
0: Performance: Epoch: 1	Training: 631476 Tok/s
0: Finished epoch 1
:::MLL 1571846946.715 block_stop: {"value": null, "metadata": {"first_epoch_num": 2, "file": "train.py", "lineno": 557}}
:::MLL 1571846946.715 block_start: {"value": null, "metadata": {"first_epoch_num": 3, "epoch_count": 1, "file": "train.py", "lineno": 511}}
:::MLL 1571846946.716 epoch_start: {"value": null, "metadata": {"epoch_num": 3, "file": "train.py", "lineno": 514}}
0: Starting epoch 2
0: Executing preallocation
0: Sampler for epoch 2 uses seed 1808546142
Gradient overflow.  Skipping step, loss scaler 0 reducing loss scale to 1024.0
Gradient overflow.  Skipping step, loss scaler 0 reducing loss scale to 1024.0
Gradient overflow.  Skipping step, loss scaler 0 reducing loss scale to 1024.0
Gradient overflow.  Skipping step, loss scaler 0 reducing loss scale to 1024.0
Gradient overflow.  Skipping step, loss scaler 0 reducing loss scale to 1024.0
Gradient overflow.  Skipping step, loss scaler 0 reducing loss scale to 1024.0
Gradient overflow.  Skipping step, loss scaler 0 reducing loss scale to 1024.0
Gradient overflow.  Skipping step, loss scaler 0 reducing loss scale to 1024.0
0: TRAIN [2][0/484]	Time 1.566 (1.566)	Data 7.50e-01 (7.50e-01)	Tok/s 42478 (42478)	Loss/tok 3.5010 (3.5010)	LR 8.000e-03
0: TRAIN [2][10/484]	Time 0.546 (0.711)	Data 4.52e-04 (6.84e-02)	Tok/s 75320 (74376)	Loss/tok 3.2329 (3.4141)	LR 8.000e-03
0: TRAIN [2][20/484]	Time 0.545 (0.685)	Data 3.79e-04 (3.60e-02)	Tok/s 76304 (75910)	Loss/tok 3.2863 (3.4297)	LR 8.000e-03
0: TRAIN [2][30/484]	Time 0.554 (0.729)	Data 3.06e-04 (2.45e-02)	Tok/s 74278 (76457)	Loss/tok 3.3026 (3.4879)	LR 8.000e-03
0: TRAIN [2][40/484]	Time 1.090 (0.752)	Data 3.45e-04 (1.86e-02)	Tok/s 85918 (77483)	Loss/tok 3.7509 (3.5144)	LR 8.000e-03
0: TRAIN [2][50/484]	Time 0.799 (0.745)	Data 3.02e-04 (1.50e-02)	Tok/s 84040 (77620)	Loss/tok 3.5481 (3.5165)	LR 8.000e-03
0: TRAIN [2][60/484]	Time 0.543 (0.772)	Data 2.98e-04 (1.26e-02)	Tok/s 76184 (78174)	Loss/tok 3.3008 (3.5468)	LR 8.000e-03
0: TRAIN [2][70/484]	Time 1.086 (0.764)	Data 4.49e-04 (1.09e-02)	Tok/s 85752 (78178)	Loss/tok 3.7782 (3.5489)	LR 8.000e-03
0: TRAIN [2][80/484]	Time 0.800 (0.758)	Data 3.61e-04 (9.59e-03)	Tok/s 84338 (78279)	Loss/tok 3.4878 (3.5447)	LR 8.000e-03
0: TRAIN [2][90/484]	Time 0.546 (0.745)	Data 3.05e-04 (8.57e-03)	Tok/s 76330 (78054)	Loss/tok 3.3116 (3.5378)	LR 8.000e-03
0: TRAIN [2][100/484]	Time 1.086 (0.758)	Data 3.18e-04 (7.75e-03)	Tok/s 85230 (78450)	Loss/tok 3.7841 (3.5483)	LR 8.000e-03
0: TRAIN [2][110/484]	Time 0.320 (0.744)	Data 2.96e-04 (7.08e-03)	Tok/s 65416 (78330)	Loss/tok 2.8144 (3.5346)	LR 8.000e-03
0: TRAIN [2][120/484]	Time 1.089 (0.748)	Data 3.51e-04 (6.52e-03)	Tok/s 85498 (78495)	Loss/tok 3.6844 (3.5387)	LR 8.000e-03
0: TRAIN [2][130/484]	Time 0.548 (0.741)	Data 2.85e-04 (6.05e-03)	Tok/s 75440 (78451)	Loss/tok 3.3110 (3.5340)	LR 8.000e-03
0: TRAIN [2][140/484]	Time 0.545 (0.742)	Data 3.02e-04 (5.64e-03)	Tok/s 76175 (78597)	Loss/tok 3.3150 (3.5334)	LR 8.000e-03
0: TRAIN [2][150/484]	Time 0.806 (0.731)	Data 3.10e-04 (5.29e-03)	Tok/s 83359 (78432)	Loss/tok 3.5372 (3.5245)	LR 8.000e-03
0: TRAIN [2][160/484]	Time 1.428 (0.733)	Data 2.79e-04 (4.98e-03)	Tok/s 83644 (78513)	Loss/tok 3.9105 (3.5263)	LR 8.000e-03
0: TRAIN [2][170/484]	Time 0.549 (0.727)	Data 2.78e-04 (4.70e-03)	Tok/s 75706 (78428)	Loss/tok 3.3055 (3.5212)	LR 8.000e-03
0: TRAIN [2][180/484]	Time 0.800 (0.729)	Data 2.89e-04 (4.46e-03)	Tok/s 84618 (78411)	Loss/tok 3.5398 (3.5235)	LR 8.000e-03
0: TRAIN [2][190/484]	Time 0.544 (0.730)	Data 2.89e-04 (4.24e-03)	Tok/s 75661 (78546)	Loss/tok 3.2481 (3.5228)	LR 8.000e-03
0: TRAIN [2][200/484]	Time 0.542 (0.726)	Data 3.00e-04 (4.05e-03)	Tok/s 76773 (78539)	Loss/tok 3.2622 (3.5186)	LR 8.000e-03
0: TRAIN [2][210/484]	Time 0.546 (0.719)	Data 3.00e-04 (3.87e-03)	Tok/s 75546 (78431)	Loss/tok 3.2512 (3.5118)	LR 8.000e-03
0: TRAIN [2][220/484]	Time 0.547 (0.719)	Data 2.86e-04 (3.71e-03)	Tok/s 76065 (78428)	Loss/tok 3.2390 (3.5107)	LR 8.000e-03
0: TRAIN [2][230/484]	Time 0.543 (0.720)	Data 2.37e-04 (3.56e-03)	Tok/s 75951 (78466)	Loss/tok 3.2769 (3.5100)	LR 8.000e-03
0: TRAIN [2][240/484]	Time 1.430 (0.723)	Data 2.60e-04 (3.42e-03)	Tok/s 83222 (78534)	Loss/tok 3.9070 (3.5121)	LR 8.000e-03
0: TRAIN [2][250/484]	Time 0.799 (0.727)	Data 2.50e-04 (3.30e-03)	Tok/s 83971 (78609)	Loss/tok 3.4610 (3.5140)	LR 8.000e-03
0: TRAIN [2][260/484]	Time 0.546 (0.724)	Data 2.48e-04 (3.18e-03)	Tok/s 75413 (78606)	Loss/tok 3.2382 (3.5097)	LR 8.000e-03
0: TRAIN [2][270/484]	Time 0.802 (0.721)	Data 2.48e-04 (3.07e-03)	Tok/s 83983 (78555)	Loss/tok 3.5042 (3.5059)	LR 8.000e-03
Gradient overflow.  Skipping step, loss scaler 0 reducing loss scale to 2048.0
Gradient overflow.  Skipping step, loss scaler 0 reducing loss scale to 2048.0
Gradient overflow.  Skipping step, loss scaler 0 reducing loss scale to 2048.0
Gradient overflow.  Skipping step, loss scaler 0 reducing loss scale to 2048.0
Gradient overflow.  Skipping step, loss scaler 0 reducing loss scale to 2048.0
Gradient overflow.  Skipping step, loss scaler 0 reducing loss scale to 2048.0
Gradient overflow.  Skipping step, loss scaler 0 reducing loss scale to 2048.0
Gradient overflow.  Skipping step, loss scaler 0 reducing loss scale to 2048.0
0: TRAIN [2][280/484]	Time 0.553 (0.719)	Data 2.40e-04 (2.97e-03)	Tok/s 74582 (78561)	Loss/tok 3.2958 (3.5035)	LR 8.000e-03
0: TRAIN [2][290/484]	Time 0.807 (0.724)	Data 2.87e-04 (2.88e-03)	Tok/s 83206 (78667)	Loss/tok 3.4762 (3.5064)	LR 8.000e-03
0: TRAIN [2][300/484]	Time 0.548 (0.727)	Data 2.54e-04 (2.79e-03)	Tok/s 74952 (78795)	Loss/tok 3.3000 (3.5072)	LR 8.000e-03
0: TRAIN [2][310/484]	Time 1.091 (0.731)	Data 2.63e-04 (2.71e-03)	Tok/s 85252 (78846)	Loss/tok 3.7394 (3.5094)	LR 8.000e-03
0: TRAIN [2][320/484]	Time 0.551 (0.726)	Data 2.33e-04 (2.63e-03)	Tok/s 74622 (78762)	Loss/tok 3.3144 (3.5047)	LR 8.000e-03
0: TRAIN [2][330/484]	Time 0.549 (0.728)	Data 2.68e-04 (2.56e-03)	Tok/s 74215 (78787)	Loss/tok 3.3093 (3.5059)	LR 8.000e-03
0: TRAIN [2][340/484]	Time 0.800 (0.728)	Data 2.50e-04 (2.50e-03)	Tok/s 83668 (78776)	Loss/tok 3.5277 (3.5062)	LR 8.000e-03
0: TRAIN [2][350/484]	Time 0.544 (0.732)	Data 2.52e-04 (2.43e-03)	Tok/s 76518 (78888)	Loss/tok 3.2433 (3.5099)	LR 8.000e-03
0: TRAIN [2][360/484]	Time 0.546 (0.732)	Data 2.42e-04 (2.37e-03)	Tok/s 74792 (78891)	Loss/tok 3.2697 (3.5092)	LR 8.000e-03
0: TRAIN [2][370/484]	Time 0.545 (0.729)	Data 2.33e-04 (2.32e-03)	Tok/s 76007 (78833)	Loss/tok 3.2834 (3.5072)	LR 8.000e-03
0: TRAIN [2][380/484]	Time 0.547 (0.727)	Data 2.31e-04 (2.26e-03)	Tok/s 74607 (78812)	Loss/tok 3.2318 (3.5049)	LR 8.000e-03
0: TRAIN [2][390/484]	Time 0.319 (0.727)	Data 2.33e-04 (2.21e-03)	Tok/s 65904 (78811)	Loss/tok 2.8123 (3.5036)	LR 8.000e-03
0: TRAIN [2][400/484]	Time 0.799 (0.729)	Data 2.28e-04 (2.16e-03)	Tok/s 84382 (78844)	Loss/tok 3.4975 (3.5039)	LR 8.000e-03
0: TRAIN [2][410/484]	Time 0.556 (0.727)	Data 2.71e-04 (2.11e-03)	Tok/s 73926 (78799)	Loss/tok 3.2165 (3.5015)	LR 8.000e-03
0: TRAIN [2][420/484]	Time 0.554 (0.729)	Data 5.77e-04 (2.07e-03)	Tok/s 75232 (78820)	Loss/tok 3.2318 (3.5021)	LR 8.000e-03
0: TRAIN [2][430/484]	Time 0.543 (0.726)	Data 2.41e-04 (2.03e-03)	Tok/s 75894 (78783)	Loss/tok 3.2364 (3.4992)	LR 8.000e-03
0: TRAIN [2][440/484]	Time 0.800 (0.725)	Data 2.56e-04 (1.99e-03)	Tok/s 83653 (78735)	Loss/tok 3.5097 (3.4982)	LR 8.000e-03
Gradient overflow.  Skipping step, loss scaler 0 reducing loss scale to 2048.0
Gradient overflow.  Skipping step, loss scaler 0 reducing loss scale to 2048.0
Gradient overflow.  Skipping step, loss scaler 0 reducing loss scale to 2048.0
Gradient overflow.  Skipping step, loss scaler 0 reducing loss scale to 2048.0
Gradient overflow.  Skipping step, loss scaler 0 reducing loss scale to 2048.0
Gradient overflow.  Skipping step, loss scaler 0 reducing loss scale to 2048.0
Gradient overflow.  Skipping step, loss scaler 0 reducing loss scale to 2048.0
Gradient overflow.  Skipping step, loss scaler 0 reducing loss scale to 2048.0
0: TRAIN [2][450/484]	Time 1.083 (0.726)	Data 2.72e-04 (1.95e-03)	Tok/s 85899 (78745)	Loss/tok 3.7052 (3.4987)	LR 8.000e-03
0: TRAIN [2][460/484]	Time 0.804 (0.726)	Data 7.84e-04 (1.91e-03)	Tok/s 83547 (78754)	Loss/tok 3.5015 (3.4978)	LR 8.000e-03
0: TRAIN [2][470/484]	Time 1.088 (0.727)	Data 2.38e-04 (1.88e-03)	Tok/s 85164 (78819)	Loss/tok 3.6364 (3.4973)	LR 8.000e-03
0: TRAIN [2][480/484]	Time 0.548 (0.726)	Data 2.63e-04 (1.85e-03)	Tok/s 75071 (78807)	Loss/tok 3.2127 (3.4958)	LR 8.000e-03
:::MLL 1571847300.592 epoch_stop: {"value": null, "metadata": {"epoch_num": 3, "file": "train.py", "lineno": 524}}
:::MLL 1571847300.592 eval_start: {"value": null, "metadata": {"epoch_num": 3, "file": "train.py", "lineno": 529}}
0: Running evaluation on test set
0: TEST [2][0/3]	Time 0.748 (0.748)	Decoder iters 149.0 (149.0)	Tok/s 21206 (21206)
0: Running moses detokenizer
0: BLEU(score=20.1327234413886, counts=[33857, 15697, 8432, 4734], totals=[62349, 59346, 56344, 53347], precisions=[54.302394585318126, 26.44997135442995, 14.965213687349141, 8.873976043638818], bp=0.9633657174645432, sys_len=62349, ref_len=64676)
0: Finished evaluation on test set
:::MLL 1571847302.520 eval_accuracy: {"value": 20.13, "metadata": {"epoch_num": 3, "file": "train.py", "lineno": 535}}
:::MLL 1571847302.521 eval_stop: {"value": null, "metadata": {"epoch_num": 3, "file": "train.py", "lineno": 538}}
0: Summary: Epoch: 2	Training Loss: 3.4935	Test BLEU: 20.13
0: Performance: Epoch: 2	Training: 630611 Tok/s
0: Finished epoch 2
:::MLL 1571847302.521 block_stop: {"value": null, "metadata": {"first_epoch_num": 3, "file": "train.py", "lineno": 557}}
:::MLL 1571847302.521 block_start: {"value": null, "metadata": {"first_epoch_num": 4, "epoch_count": 1, "file": "train.py", "lineno": 511}}
:::MLL 1571847302.522 epoch_start: {"value": null, "metadata": {"epoch_num": 4, "file": "train.py", "lineno": 514}}
0: Starting epoch 3
0: Executing preallocation
0: Sampler for epoch 3 uses seed 1502480285
Gradient overflow.  Skipping step, loss scaler 0 reducing loss scale to 1024.0
Gradient overflow.  Skipping step, loss scaler 0 reducing loss scale to 1024.0
Gradient overflow.  Skipping step, loss scaler 0 reducing loss scale to 1024.0
Gradient overflow.  Skipping step, loss scaler 0 reducing loss scale to 1024.0
Gradient overflow.  Skipping step, loss scaler 0 reducing loss scale to 1024.0
Gradient overflow.  Skipping step, loss scaler 0 reducing loss scale to 1024.0
Gradient overflow.  Skipping step, loss scaler 0 reducing loss scale to 1024.0
Gradient overflow.  Skipping step, loss scaler 0 reducing loss scale to 1024.0
0: TRAIN [3][0/484]	Time 1.347 (1.347)	Data 7.76e-01 (7.76e-01)	Tok/s 30622 (30622)	Loss/tok 3.1967 (3.1967)	LR 8.000e-03
0: TRAIN [3][10/484]	Time 1.429 (0.906)	Data 2.51e-04 (7.08e-02)	Tok/s 84342 (76082)	Loss/tok 3.6867 (3.4711)	LR 8.000e-03
0: TRAIN [3][20/484]	Time 1.427 (0.828)	Data 2.55e-04 (3.72e-02)	Tok/s 83508 (77461)	Loss/tok 3.8521 (3.4678)	LR 8.000e-03
0: TRAIN [3][30/484]	Time 0.800 (0.791)	Data 2.42e-04 (2.53e-02)	Tok/s 83694 (77895)	Loss/tok 3.4048 (3.4637)	LR 8.000e-03
0: TRAIN [3][40/484]	Time 0.542 (0.770)	Data 2.60e-04 (1.92e-02)	Tok/s 76113 (78108)	Loss/tok 3.1796 (3.4535)	LR 8.000e-03
0: TRAIN [3][50/484]	Time 0.545 (0.766)	Data 2.46e-04 (1.55e-02)	Tok/s 76124 (78083)	Loss/tok 3.2190 (3.4548)	LR 8.000e-03
0: TRAIN [3][60/484]	Time 0.809 (0.743)	Data 2.52e-04 (1.30e-02)	Tok/s 82145 (77969)	Loss/tok 3.4706 (3.4378)	LR 8.000e-03
0: TRAIN [3][70/484]	Time 0.803 (0.767)	Data 2.50e-04 (1.12e-02)	Tok/s 83807 (78462)	Loss/tok 3.4079 (3.4554)	LR 8.000e-03
0: TRAIN [3][80/484]	Time 0.549 (0.771)	Data 2.45e-04 (9.86e-03)	Tok/s 75393 (78611)	Loss/tok 3.1888 (3.4592)	LR 8.000e-03
0: TRAIN [3][90/484]	Time 1.431 (0.788)	Data 2.78e-04 (8.81e-03)	Tok/s 83022 (78750)	Loss/tok 3.8016 (3.4739)	LR 8.000e-03
0: TRAIN [3][100/484]	Time 0.548 (0.777)	Data 2.39e-04 (7.97e-03)	Tok/s 74492 (78762)	Loss/tok 3.2840 (3.4676)	LR 8.000e-03
0: TRAIN [3][110/484]	Time 1.424 (0.782)	Data 2.57e-04 (7.28e-03)	Tok/s 83445 (78868)	Loss/tok 3.8200 (3.4759)	LR 8.000e-03
0: TRAIN [3][120/484]	Time 0.560 (0.774)	Data 2.62e-04 (6.70e-03)	Tok/s 73528 (78764)	Loss/tok 3.2713 (3.4738)	LR 8.000e-03
0: TRAIN [3][130/484]	Time 0.550 (0.775)	Data 2.40e-04 (6.21e-03)	Tok/s 75068 (78879)	Loss/tok 3.2247 (3.4753)	LR 8.000e-03
0: TRAIN [3][140/484]	Time 0.541 (0.771)	Data 2.51e-04 (5.79e-03)	Tok/s 76723 (78884)	Loss/tok 3.2444 (3.4730)	LR 8.000e-03
0: TRAIN [3][150/484]	Time 0.803 (0.769)	Data 2.44e-04 (5.42e-03)	Tok/s 83517 (78878)	Loss/tok 3.5078 (3.4732)	LR 8.000e-03
0: TRAIN [3][160/484]	Time 0.549 (0.759)	Data 2.50e-04 (5.10e-03)	Tok/s 76419 (78695)	Loss/tok 3.2726 (3.4664)	LR 8.000e-03
0: TRAIN [3][170/484]	Time 0.799 (0.751)	Data 2.40e-04 (4.82e-03)	Tok/s 84522 (78603)	Loss/tok 3.3926 (3.4597)	LR 8.000e-03
0: TRAIN [3][180/484]	Time 0.801 (0.752)	Data 2.57e-04 (4.57e-03)	Tok/s 84481 (78726)	Loss/tok 3.4474 (3.4594)	LR 8.000e-03
0: TRAIN [3][190/484]	Time 0.802 (0.752)	Data 2.51e-04 (4.34e-03)	Tok/s 83899 (78882)	Loss/tok 3.3493 (3.4558)	LR 8.000e-03
0: TRAIN [3][200/484]	Time 0.541 (0.753)	Data 2.48e-04 (4.14e-03)	Tok/s 76897 (78952)	Loss/tok 3.2150 (3.4547)	LR 8.000e-03
0: TRAIN [3][210/484]	Time 0.803 (0.757)	Data 2.39e-04 (3.96e-03)	Tok/s 84138 (79085)	Loss/tok 3.4484 (3.4577)	LR 8.000e-03
0: TRAIN [3][220/484]	Time 0.548 (0.753)	Data 2.47e-04 (3.79e-03)	Tok/s 75245 (79081)	Loss/tok 3.1657 (3.4546)	LR 8.000e-03
0: TRAIN [3][230/484]	Time 0.549 (0.742)	Data 2.74e-04 (3.64e-03)	Tok/s 74624 (78794)	Loss/tok 3.2188 (3.4467)	LR 8.000e-03
0: TRAIN [3][240/484]	Time 0.319 (0.739)	Data 2.60e-04 (3.50e-03)	Tok/s 65634 (78765)	Loss/tok 2.7130 (3.4444)	LR 8.000e-03
0: TRAIN [3][250/484]	Time 0.800 (0.738)	Data 2.49e-04 (3.37e-03)	Tok/s 84109 (78814)	Loss/tok 3.3598 (3.4413)	LR 8.000e-03
0: TRAIN [3][260/484]	Time 0.547 (0.738)	Data 2.24e-04 (3.25e-03)	Tok/s 75412 (78857)	Loss/tok 3.2297 (3.4401)	LR 8.000e-03
0: TRAIN [3][270/484]	Time 0.543 (0.735)	Data 3.77e-04 (3.14e-03)	Tok/s 75242 (78868)	Loss/tok 3.1445 (3.4365)	LR 8.000e-03
0: TRAIN [3][280/484]	Time 0.808 (0.736)	Data 2.56e-04 (3.04e-03)	Tok/s 83694 (78937)	Loss/tok 3.4190 (3.4354)	LR 8.000e-03
0: TRAIN [3][290/484]	Time 0.322 (0.732)	Data 2.46e-04 (2.94e-03)	Tok/s 65527 (78825)	Loss/tok 2.7054 (3.4324)	LR 8.000e-03
0: TRAIN [3][300/484]	Time 0.550 (0.730)	Data 2.41e-04 (2.85e-03)	Tok/s 75708 (78839)	Loss/tok 3.1848 (3.4306)	LR 8.000e-03
Gradient overflow.  Skipping step, loss scaler 0 reducing loss scale to 2048.0
Gradient overflow.  Skipping step, loss scaler 0 reducing loss scale to 2048.0
Gradient overflow.  Skipping step, loss scaler 0 reducing loss scale to 2048.0
Gradient overflow.  Skipping step, loss scaler 0 reducing loss scale to 2048.0
Gradient overflow.  Skipping step, loss scaler 0 reducing loss scale to 2048.0
Gradient overflow.  Skipping step, loss scaler 0 reducing loss scale to 2048.0
Gradient overflow.  Skipping step, loss scaler 0 reducing loss scale to 2048.0
Gradient overflow.  Skipping step, loss scaler 0 reducing loss scale to 2048.0
0: TRAIN [3][310/484]	Time 0.543 (0.730)	Data 2.30e-04 (2.77e-03)	Tok/s 75165 (78843)	Loss/tok 3.1832 (3.4311)	LR 8.000e-03
0: TRAIN [3][320/484]	Time 0.800 (0.730)	Data 2.60e-04 (2.69e-03)	Tok/s 84344 (78816)	Loss/tok 3.4487 (3.4312)	LR 8.000e-03
0: TRAIN [3][330/484]	Time 0.548 (0.731)	Data 2.40e-04 (2.61e-03)	Tok/s 75746 (78899)	Loss/tok 3.1674 (3.4302)	LR 8.000e-03
0: TRAIN [3][340/484]	Time 1.427 (0.730)	Data 2.63e-04 (2.55e-03)	Tok/s 83737 (78847)	Loss/tok 3.7822 (3.4296)	LR 8.000e-03
0: TRAIN [3][350/484]	Time 0.550 (0.731)	Data 2.64e-04 (2.48e-03)	Tok/s 75793 (78834)	Loss/tok 3.2237 (3.4317)	LR 8.000e-03
0: TRAIN [3][360/484]	Time 0.803 (0.734)	Data 2.54e-04 (2.42e-03)	Tok/s 84120 (78919)	Loss/tok 3.4732 (3.4339)	LR 8.000e-03
0: TRAIN [3][370/484]	Time 0.546 (0.731)	Data 2.43e-04 (2.36e-03)	Tok/s 74581 (78836)	Loss/tok 3.2169 (3.4328)	LR 8.000e-03
0: TRAIN [3][380/484]	Time 0.542 (0.730)	Data 2.63e-04 (2.31e-03)	Tok/s 76202 (78831)	Loss/tok 3.2949 (3.4328)	LR 8.000e-03
0: TRAIN [3][390/484]	Time 0.802 (0.731)	Data 2.50e-04 (2.25e-03)	Tok/s 84114 (78873)	Loss/tok 3.4217 (3.4332)	LR 8.000e-03
0: TRAIN [3][400/484]	Time 0.324 (0.729)	Data 2.47e-04 (2.20e-03)	Tok/s 65400 (78798)	Loss/tok 2.7235 (3.4317)	LR 8.000e-03
0: TRAIN [3][410/484]	Time 1.092 (0.730)	Data 2.64e-04 (2.16e-03)	Tok/s 85525 (78832)	Loss/tok 3.6047 (3.4321)	LR 8.000e-03
0: TRAIN [3][420/484]	Time 0.544 (0.729)	Data 2.65e-04 (2.11e-03)	Tok/s 76187 (78859)	Loss/tok 3.1484 (3.4309)	LR 8.000e-03
0: TRAIN [3][430/484]	Time 0.802 (0.728)	Data 2.46e-04 (2.07e-03)	Tok/s 83888 (78884)	Loss/tok 3.3948 (3.4292)	LR 8.000e-03
0: TRAIN [3][440/484]	Time 0.544 (0.724)	Data 2.41e-04 (2.03e-03)	Tok/s 76575 (78794)	Loss/tok 3.2010 (3.4265)	LR 8.000e-03
Gradient overflow.  Skipping step, loss scaler 0 reducing loss scale to 2048.0
Gradient overflow.  Skipping step, loss scaler 0 reducing loss scale to 2048.0
Gradient overflow.  Skipping step, loss scaler 0 reducing loss scale to 2048.0
Gradient overflow.  Skipping step, loss scaler 0 reducing loss scale to 2048.0
Gradient overflow.  Skipping step, loss scaler 0 reducing loss scale to 2048.0
Gradient overflow.  Skipping step, loss scaler 0 reducing loss scale to 2048.0
Gradient overflow.  Skipping step, loss scaler 0 reducing loss scale to 2048.0
Gradient overflow.  Skipping step, loss scaler 0 reducing loss scale to 2048.0
0: TRAIN [3][450/484]	Time 1.431 (0.726)	Data 2.50e-04 (1.99e-03)	Tok/s 83520 (78806)	Loss/tok 3.7626 (3.4270)	LR 8.000e-03
0: TRAIN [3][460/484]	Time 0.550 (0.726)	Data 2.54e-04 (1.95e-03)	Tok/s 75230 (78829)	Loss/tok 3.1745 (3.4264)	LR 8.000e-03
0: TRAIN [3][470/484]	Time 0.546 (0.724)	Data 2.55e-04 (1.91e-03)	Tok/s 75551 (78796)	Loss/tok 3.2234 (3.4242)	LR 8.000e-03
0: TRAIN [3][480/484]	Time 1.089 (0.725)	Data 2.45e-04 (1.88e-03)	Tok/s 85578 (78840)	Loss/tok 3.6261 (3.4246)	LR 8.000e-03
:::MLL 1571847656.234 epoch_stop: {"value": null, "metadata": {"epoch_num": 4, "file": "train.py", "lineno": 524}}
:::MLL 1571847656.234 eval_start: {"value": null, "metadata": {"epoch_num": 4, "file": "train.py", "lineno": 529}}
0: Running evaluation on test set
0: TEST [3][0/3]	Time 0.760 (0.760)	Decoder iters 149.0 (149.0)	Tok/s 21291 (21291)
0: Running moses detokenizer
0: BLEU(score=20.557420892725858, counts=[34186, 15954, 8667, 4889], totals=[63001, 59998, 56997, 54002], precisions=[54.26263075189283, 26.590886362878763, 15.206063477025106, 9.053368393763193], bp=0.9737634400082139, sys_len=63001, ref_len=64676)
0: Finished evaluation on test set
:::MLL 1571847658.171 eval_accuracy: {"value": 20.56, "metadata": {"epoch_num": 4, "file": "train.py", "lineno": 535}}
:::MLL 1571847658.171 eval_stop: {"value": null, "metadata": {"epoch_num": 4, "file": "train.py", "lineno": 538}}
0: Summary: Epoch: 3	Training Loss: 3.4228	Test BLEU: 20.56
0: Performance: Epoch: 3	Training: 630772 Tok/s
0: Finished epoch 3
:::MLL 1571847658.172 block_stop: {"value": null, "metadata": {"first_epoch_num": 4, "file": "train.py", "lineno": 557}}
:::MLL 1571847658.172 block_start: {"value": null, "metadata": {"first_epoch_num": 5, "epoch_count": 1, "file": "train.py", "lineno": 511}}
:::MLL 1571847658.172 epoch_start: {"value": null, "metadata": {"epoch_num": 5, "file": "train.py", "lineno": 514}}
0: Starting epoch 4
0: Executing preallocation
0: Sampler for epoch 4 uses seed 2308781906
Gradient overflow.  Skipping step, loss scaler 0 reducing loss scale to 1024.0
Gradient overflow.  Skipping step, loss scaler 0 reducing loss scale to 1024.0
Gradient overflow.  Skipping step, loss scaler 0 reducing loss scale to 1024.0
Gradient overflow.  Skipping step, loss scaler 0 reducing loss scale to 1024.0
Gradient overflow.  Skipping step, loss scaler 0 reducing loss scale to 1024.0
Gradient overflow.  Skipping step, loss scaler 0 reducing loss scale to 1024.0
Gradient overflow.  Skipping step, loss scaler 0 reducing loss scale to 1024.0
Gradient overflow.  Skipping step, loss scaler 0 reducing loss scale to 1024.0
0: TRAIN [4][0/484]	Time 1.302 (1.302)	Data 7.57e-01 (7.57e-01)	Tok/s 31645 (31645)	Loss/tok 3.0884 (3.0884)	LR 8.000e-03
0: TRAIN [4][10/484]	Time 0.318 (0.673)	Data 2.84e-04 (6.92e-02)	Tok/s 66123 (71646)	Loss/tok 2.7119 (3.2595)	LR 8.000e-03
0: TRAIN [4][20/484]	Time 0.543 (0.741)	Data 3.11e-04 (3.64e-02)	Tok/s 75994 (76294)	Loss/tok 3.1816 (3.3583)	LR 8.000e-03
0: TRAIN [4][30/484]	Time 0.543 (0.723)	Data 3.29e-04 (2.48e-02)	Tok/s 76149 (76939)	Loss/tok 3.2394 (3.3508)	LR 8.000e-03
0: TRAIN [4][40/484]	Time 0.318 (0.706)	Data 3.02e-04 (1.88e-02)	Tok/s 66628 (77261)	Loss/tok 2.7080 (3.3411)	LR 8.000e-03
0: TRAIN [4][50/484]	Time 0.321 (0.712)	Data 3.19e-04 (1.52e-02)	Tok/s 66957 (77841)	Loss/tok 2.6971 (3.3443)	LR 8.000e-03
0: TRAIN [4][60/484]	Time 1.528 (0.701)	Data 3.33e-04 (1.28e-02)	Tok/s 77880 (77471)	Loss/tok 3.8261 (3.3401)	LR 8.000e-03
0: TRAIN [4][70/484]	Time 0.797 (0.698)	Data 2.84e-04 (1.10e-02)	Tok/s 84022 (77765)	Loss/tok 3.4094 (3.3360)	LR 8.000e-03
0: TRAIN [4][80/484]	Time 0.802 (0.702)	Data 3.04e-04 (9.69e-03)	Tok/s 83771 (78067)	Loss/tok 3.3945 (3.3410)	LR 8.000e-03
0: TRAIN [4][90/484]	Time 0.548 (0.702)	Data 2.76e-04 (8.66e-03)	Tok/s 75327 (78252)	Loss/tok 3.1428 (3.3389)	LR 8.000e-03
0: TRAIN [4][100/484]	Time 0.545 (0.711)	Data 3.57e-04 (7.84e-03)	Tok/s 75094 (78441)	Loss/tok 3.1964 (3.3478)	LR 8.000e-03
0: TRAIN [4][110/484]	Time 0.544 (0.718)	Data 3.24e-04 (7.16e-03)	Tok/s 76219 (78696)	Loss/tok 3.1729 (3.3518)	LR 8.000e-03
0: TRAIN [4][120/484]	Time 0.543 (0.708)	Data 2.93e-04 (6.59e-03)	Tok/s 75848 (78509)	Loss/tok 3.1794 (3.3443)	LR 8.000e-03
0: TRAIN [4][130/484]	Time 1.425 (0.715)	Data 2.79e-04 (6.11e-03)	Tok/s 83397 (78604)	Loss/tok 3.7616 (3.3522)	LR 8.000e-03
0: TRAIN [4][140/484]	Time 0.801 (0.707)	Data 3.29e-04 (5.70e-03)	Tok/s 84038 (78508)	Loss/tok 3.4071 (3.3474)	LR 8.000e-03
Gradient overflow.  Skipping step, loss scaler 0 reducing loss scale to 1024.0
Gradient overflow.  Skipping step, loss scaler 0 reducing loss scale to 1024.0
Gradient overflow.  Skipping step, loss scaler 0 reducing loss scale to 1024.0
Gradient overflow.  Skipping step, loss scaler 0 reducing loss scale to 1024.0
Gradient overflow.  Skipping step, loss scaler 0 reducing loss scale to 1024.0
Gradient overflow.  Skipping step, loss scaler 0 reducing loss scale to 1024.0
Gradient overflow.  Skipping step, loss scaler 0 reducing loss scale to 1024.0
Gradient overflow.  Skipping step, loss scaler 0 reducing loss scale to 1024.0
0: TRAIN [4][150/484]	Time 0.544 (0.709)	Data 2.81e-04 (5.34e-03)	Tok/s 76528 (78607)	Loss/tok 3.1735 (3.3514)	LR 8.000e-03
0: TRAIN [4][160/484]	Time 0.799 (0.707)	Data 2.80e-04 (5.03e-03)	Tok/s 83660 (78574)	Loss/tok 3.4557 (3.3506)	LR 8.000e-03
0: TRAIN [4][170/484]	Time 0.802 (0.713)	Data 2.75e-04 (4.75e-03)	Tok/s 83731 (78638)	Loss/tok 3.3533 (3.3563)	LR 8.000e-03
0: TRAIN [4][180/484]	Time 0.318 (0.718)	Data 2.77e-04 (4.51e-03)	Tok/s 67342 (78628)	Loss/tok 2.7653 (3.3624)	LR 8.000e-03
0: TRAIN [4][190/484]	Time 1.424 (0.723)	Data 2.84e-04 (4.29e-03)	Tok/s 83772 (78788)	Loss/tok 3.8095 (3.3691)	LR 8.000e-03
0: TRAIN [4][200/484]	Time 0.544 (0.729)	Data 3.06e-04 (4.09e-03)	Tok/s 75774 (78809)	Loss/tok 3.2354 (3.3763)	LR 8.000e-03
0: TRAIN [4][210/484]	Time 0.543 (0.722)	Data 4.90e-04 (3.91e-03)	Tok/s 75758 (78649)	Loss/tok 3.2438 (3.3729)	LR 8.000e-03
0: TRAIN [4][220/484]	Time 0.545 (0.715)	Data 2.92e-04 (3.75e-03)	Tok/s 75513 (78506)	Loss/tok 3.2619 (3.3703)	LR 8.000e-03
0: TRAIN [4][230/484]	Time 1.086 (0.717)	Data 3.23e-04 (3.60e-03)	Tok/s 85976 (78548)	Loss/tok 3.6139 (3.3734)	LR 8.000e-03
0: TRAIN [4][240/484]	Time 0.544 (0.720)	Data 2.74e-04 (3.46e-03)	Tok/s 76178 (78602)	Loss/tok 3.1570 (3.3753)	LR 8.000e-03
0: TRAIN [4][250/484]	Time 0.544 (0.725)	Data 3.02e-04 (3.34e-03)	Tok/s 75993 (78701)	Loss/tok 3.2002 (3.3804)	LR 8.000e-03
0: TRAIN [4][260/484]	Time 0.321 (0.724)	Data 2.85e-04 (3.22e-03)	Tok/s 65673 (78757)	Loss/tok 2.7329 (3.3792)	LR 8.000e-03
0: TRAIN [4][270/484]	Time 0.802 (0.721)	Data 2.95e-04 (3.11e-03)	Tok/s 83686 (78762)	Loss/tok 3.3641 (3.3761)	LR 8.000e-03
0: TRAIN [4][280/484]	Time 0.800 (0.717)	Data 2.76e-04 (3.01e-03)	Tok/s 83995 (78683)	Loss/tok 3.3785 (3.3739)	LR 8.000e-03
0: TRAIN [4][290/484]	Time 1.087 (0.724)	Data 3.57e-04 (2.92e-03)	Tok/s 85380 (78837)	Loss/tok 3.6331 (3.3794)	LR 8.000e-03
0: TRAIN [4][300/484]	Time 0.800 (0.725)	Data 2.92e-04 (2.83e-03)	Tok/s 83974 (78877)	Loss/tok 3.3827 (3.3790)	LR 8.000e-03
0: TRAIN [4][310/484]	Time 0.542 (0.725)	Data 2.98e-04 (2.75e-03)	Tok/s 76112 (78916)	Loss/tok 3.1567 (3.3790)	LR 8.000e-03
0: TRAIN [4][320/484]	Time 0.806 (0.723)	Data 2.88e-04 (2.68e-03)	Tok/s 83247 (78896)	Loss/tok 3.3609 (3.3766)	LR 8.000e-03
0: TRAIN [4][330/484]	Time 0.802 (0.727)	Data 2.78e-04 (2.60e-03)	Tok/s 84190 (78948)	Loss/tok 3.3605 (3.3829)	LR 8.000e-03
0: TRAIN [4][340/484]	Time 0.545 (0.725)	Data 2.89e-04 (2.54e-03)	Tok/s 76134 (78908)	Loss/tok 3.1707 (3.3818)	LR 8.000e-03
0: TRAIN [4][350/484]	Time 0.800 (0.721)	Data 2.80e-04 (2.47e-03)	Tok/s 83547 (78818)	Loss/tok 3.4347 (3.3796)	LR 8.000e-03
0: TRAIN [4][360/484]	Time 0.542 (0.728)	Data 2.93e-04 (2.41e-03)	Tok/s 75474 (78942)	Loss/tok 3.1641 (3.3853)	LR 8.000e-03
0: TRAIN [4][370/484]	Time 0.802 (0.727)	Data 3.16e-04 (2.36e-03)	Tok/s 84207 (78926)	Loss/tok 3.4485 (3.3849)	LR 8.000e-03
0: TRAIN [4][380/484]	Time 0.546 (0.726)	Data 2.87e-04 (2.30e-03)	Tok/s 75442 (78945)	Loss/tok 3.1698 (3.3841)	LR 8.000e-03
0: TRAIN [4][390/484]	Time 0.545 (0.724)	Data 2.93e-04 (2.25e-03)	Tok/s 75753 (78907)	Loss/tok 3.2011 (3.3818)	LR 8.000e-03
0: TRAIN [4][400/484]	Time 0.546 (0.726)	Data 3.98e-04 (2.20e-03)	Tok/s 75504 (78892)	Loss/tok 3.1959 (3.3845)	LR 8.000e-03
Gradient overflow.  Skipping step, loss scaler 0 reducing loss scale to 2048.0
Gradient overflow.  Skipping step, loss scaler 0 reducing loss scale to 2048.0
Gradient overflow.  Skipping step, loss scaler 0 reducing loss scale to 2048.0
Gradient overflow.  Skipping step, loss scaler 0 reducing loss scale to 2048.0
Gradient overflow.  Skipping step, loss scaler 0 reducing loss scale to 2048.0
Gradient overflow.  Skipping step, loss scaler 0 reducing loss scale to 2048.0
Gradient overflow.  Skipping step, loss scaler 0 reducing loss scale to 2048.0
Gradient overflow.  Skipping step, loss scaler 0 reducing loss scale to 2048.0
0: TRAIN [4][410/484]	Time 0.802 (0.727)	Data 2.93e-04 (2.16e-03)	Tok/s 83684 (78872)	Loss/tok 3.4272 (3.3884)	LR 8.000e-03
0: TRAIN [4][420/484]	Time 0.800 (0.725)	Data 2.78e-04 (2.11e-03)	Tok/s 84159 (78869)	Loss/tok 3.4075 (3.3871)	LR 8.000e-03
0: TRAIN [4][430/484]	Time 0.801 (0.723)	Data 2.92e-04 (2.07e-03)	Tok/s 83940 (78874)	Loss/tok 3.3843 (3.3849)	LR 8.000e-03
0: TRAIN [4][440/484]	Time 0.546 (0.725)	Data 3.01e-04 (2.03e-03)	Tok/s 75404 (78908)	Loss/tok 3.2055 (3.3864)	LR 8.000e-03
0: TRAIN [4][450/484]	Time 0.550 (0.726)	Data 3.02e-04 (1.99e-03)	Tok/s 75384 (78951)	Loss/tok 3.1739 (3.3869)	LR 8.000e-03
0: TRAIN [4][460/484]	Time 0.803 (0.725)	Data 2.93e-04 (1.96e-03)	Tok/s 83310 (78950)	Loss/tok 3.3971 (3.3854)	LR 8.000e-03
0: TRAIN [4][470/484]	Time 0.805 (0.725)	Data 2.76e-04 (1.92e-03)	Tok/s 83339 (78930)	Loss/tok 3.3418 (3.3847)	LR 8.000e-03
0: TRAIN [4][480/484]	Time 0.319 (0.724)	Data 2.98e-04 (1.89e-03)	Tok/s 65961 (78941)	Loss/tok 2.7528 (3.3838)	LR 8.000e-03
:::MLL 1571848011.433 epoch_stop: {"value": null, "metadata": {"epoch_num": 5, "file": "train.py", "lineno": 524}}
:::MLL 1571848011.433 eval_start: {"value": null, "metadata": {"epoch_num": 5, "file": "train.py", "lineno": 529}}
0: Running evaluation on test set
0: TEST [4][0/3]	Time 0.746 (0.746)	Decoder iters 149.0 (149.0)	Tok/s 21661 (21661)
0: Running moses detokenizer
0: BLEU(score=21.120919636079268, counts=[34510, 16273, 8943, 5138], totals=[63583, 60580, 57578, 54582], precisions=[54.27551389522357, 26.862000660283922, 15.531974017854042, 9.413359715657176], bp=0.9829567778483522, sys_len=63583, ref_len=64676)
0: Finished evaluation on test set
:::MLL 1571848013.423 eval_accuracy: {"value": 21.12, "metadata": {"epoch_num": 5, "file": "train.py", "lineno": 535}}
:::MLL 1571848013.423 eval_stop: {"value": null, "metadata": {"epoch_num": 5, "file": "train.py", "lineno": 538}}
0: Summary: Epoch: 4	Training Loss: 3.3848	Test BLEU: 21.12
0: Performance: Epoch: 4	Training: 631608 Tok/s
0: Finished epoch 4
:::MLL 1571848013.424 block_stop: {"value": null, "metadata": {"first_epoch_num": 5, "file": "train.py", "lineno": 557}}
:::MLL 1571848013.424 block_start: {"value": null, "metadata": {"first_epoch_num": 6, "epoch_count": 1, "file": "train.py", "lineno": 511}}
:::MLL 1571848013.424 epoch_start: {"value": null, "metadata": {"epoch_num": 6, "file": "train.py", "lineno": 514}}
0: Starting epoch 5
0: Executing preallocation
0: Sampler for epoch 5 uses seed 1091628515
Gradient overflow.  Skipping step, loss scaler 0 reducing loss scale to 1024.0
Gradient overflow.  Skipping step, loss scaler 0 reducing loss scale to 1024.0
Gradient overflow.  Skipping step, loss scaler 0 reducing loss scale to 1024.0
Gradient overflow.  Skipping step, loss scaler 0 reducing loss scale to 1024.0
Gradient overflow.  Skipping step, loss scaler 0 reducing loss scale to 1024.0
Gradient overflow.  Skipping step, loss scaler 0 reducing loss scale to 1024.0
Gradient overflow.  Skipping step, loss scaler 0 reducing loss scale to 1024.0
Gradient overflow.  Skipping step, loss scaler 0 reducing loss scale to 1024.0
0: TRAIN [5][0/484]	Time 1.367 (1.367)	Data 7.39e-01 (7.39e-01)	Tok/s 30196 (30196)	Loss/tok 3.0947 (3.0947)	LR 8.000e-03
0: TRAIN [5][10/484]	Time 0.319 (0.836)	Data 2.94e-04 (6.74e-02)	Tok/s 65262 (73919)	Loss/tok 2.6798 (3.3675)	LR 8.000e-03
0: TRAIN [5][20/484]	Time 1.087 (0.881)	Data 2.41e-04 (3.54e-02)	Tok/s 86382 (78055)	Loss/tok 3.4841 (3.4096)	LR 8.000e-03
0: TRAIN [5][30/484]	Time 0.800 (0.807)	Data 2.60e-04 (2.41e-02)	Tok/s 84086 (78352)	Loss/tok 3.3633 (3.3712)	LR 8.000e-03
0: TRAIN [5][40/484]	Time 0.550 (0.764)	Data 2.61e-04 (1.83e-02)	Tok/s 75884 (78046)	Loss/tok 3.1810 (3.3453)	LR 8.000e-03
0: TRAIN [5][50/484]	Time 0.546 (0.764)	Data 2.52e-04 (1.47e-02)	Tok/s 76005 (78546)	Loss/tok 3.0736 (3.3450)	LR 8.000e-03
0: TRAIN [5][60/484]	Time 0.545 (0.733)	Data 2.76e-04 (1.24e-02)	Tok/s 75459 (78174)	Loss/tok 3.1430 (3.3241)	LR 8.000e-03
0: TRAIN [5][70/484]	Time 0.799 (0.731)	Data 2.94e-04 (1.07e-02)	Tok/s 83803 (78180)	Loss/tok 3.3021 (3.3275)	LR 8.000e-03
0: TRAIN [5][80/484]	Time 0.548 (0.730)	Data 5.44e-04 (9.39e-03)	Tok/s 74891 (78586)	Loss/tok 3.1182 (3.3231)	LR 8.000e-03
0: TRAIN [5][90/484]	Time 0.801 (0.733)	Data 2.58e-04 (8.39e-03)	Tok/s 84021 (78851)	Loss/tok 3.3453 (3.3259)	LR 8.000e-03
0: TRAIN [5][100/484]	Time 0.798 (0.733)	Data 2.51e-04 (7.58e-03)	Tok/s 84535 (79037)	Loss/tok 3.3625 (3.3275)	LR 8.000e-03
0: TRAIN [5][110/484]	Time 0.546 (0.730)	Data 2.36e-04 (6.92e-03)	Tok/s 75633 (79113)	Loss/tok 3.1468 (3.3237)	LR 8.000e-03
0: TRAIN [5][120/484]	Time 0.555 (0.743)	Data 2.55e-04 (6.38e-03)	Tok/s 74340 (79307)	Loss/tok 3.1433 (3.3366)	LR 8.000e-03
0: TRAIN [5][130/484]	Time 0.809 (0.744)	Data 2.44e-04 (5.91e-03)	Tok/s 83536 (79365)	Loss/tok 3.3020 (3.3381)	LR 8.000e-03
0: TRAIN [5][140/484]	Time 1.085 (0.738)	Data 5.94e-04 (5.51e-03)	Tok/s 85985 (79236)	Loss/tok 3.4706 (3.3355)	LR 8.000e-03
0: TRAIN [5][150/484]	Time 0.542 (0.740)	Data 2.50e-04 (5.16e-03)	Tok/s 75939 (79342)	Loss/tok 3.0979 (3.3374)	LR 8.000e-03
0: TRAIN [5][160/484]	Time 0.549 (0.734)	Data 2.56e-04 (4.86e-03)	Tok/s 74645 (79287)	Loss/tok 3.1029 (3.3333)	LR 8.000e-03
0: TRAIN [5][170/484]	Time 1.087 (0.739)	Data 2.50e-04 (4.59e-03)	Tok/s 85819 (79451)	Loss/tok 3.5050 (3.3356)	LR 8.000e-03
0: TRAIN [5][180/484]	Time 1.091 (0.738)	Data 2.56e-04 (4.35e-03)	Tok/s 84968 (79492)	Loss/tok 3.5362 (3.3350)	LR 8.000e-03
0: TRAIN [5][190/484]	Time 0.550 (0.736)	Data 2.66e-04 (4.14e-03)	Tok/s 74784 (79345)	Loss/tok 3.2008 (3.3374)	LR 8.000e-03
0: TRAIN [5][200/484]	Time 0.545 (0.732)	Data 2.75e-04 (3.95e-03)	Tok/s 75825 (79311)	Loss/tok 3.1441 (3.3349)	LR 8.000e-03
0: TRAIN [5][210/484]	Time 0.546 (0.735)	Data 2.47e-04 (3.77e-03)	Tok/s 75523 (79353)	Loss/tok 3.1325 (3.3376)	LR 8.000e-03
0: TRAIN [5][220/484]	Time 0.547 (0.733)	Data 2.66e-04 (3.61e-03)	Tok/s 75659 (79253)	Loss/tok 3.1407 (3.3389)	LR 8.000e-03
0: TRAIN [5][230/484]	Time 1.426 (0.737)	Data 2.43e-04 (3.47e-03)	Tok/s 83828 (79249)	Loss/tok 3.6682 (3.3441)	LR 8.000e-03
0: TRAIN [5][240/484]	Time 0.545 (0.739)	Data 2.72e-04 (3.34e-03)	Tok/s 75179 (79214)	Loss/tok 3.1452 (3.3461)	LR 8.000e-03
0: TRAIN [5][250/484]	Time 0.547 (0.735)	Data 3.07e-04 (3.22e-03)	Tok/s 76527 (79098)	Loss/tok 3.1980 (3.3459)	LR 8.000e-03
0: TRAIN [5][260/484]	Time 0.553 (0.732)	Data 2.37e-04 (3.10e-03)	Tok/s 74677 (79061)	Loss/tok 3.1600 (3.3442)	LR 8.000e-03
0: TRAIN [5][270/484]	Time 0.549 (0.728)	Data 2.78e-04 (3.00e-03)	Tok/s 75357 (78993)	Loss/tok 3.1575 (3.3418)	LR 8.000e-03
0: TRAIN [5][280/484]	Time 0.542 (0.732)	Data 2.64e-04 (2.90e-03)	Tok/s 76023 (78994)	Loss/tok 3.1372 (3.3465)	LR 8.000e-03
Gradient overflow.  Skipping step, loss scaler 0 reducing loss scale to 2048.0
Gradient overflow.  Skipping step, loss scaler 0 reducing loss scale to 2048.0
Gradient overflow.  Skipping step, loss scaler 0 reducing loss scale to 2048.0
Gradient overflow.  Skipping step, loss scaler 0 reducing loss scale to 2048.0
Gradient overflow.  Skipping step, loss scaler 0 reducing loss scale to 2048.0
Gradient overflow.  Skipping step, loss scaler 0 reducing loss scale to 2048.0
Gradient overflow.  Skipping step, loss scaler 0 reducing loss scale to 2048.0
Gradient overflow.  Skipping step, loss scaler 0 reducing loss scale to 2048.0
0: TRAIN [5][290/484]	Time 1.437 (0.737)	Data 2.65e-04 (2.81e-03)	Tok/s 82818 (79072)	Loss/tok 3.7082 (3.3518)	LR 8.000e-03
0: TRAIN [5][300/484]	Time 0.548 (0.735)	Data 2.40e-04 (2.72e-03)	Tok/s 75751 (79056)	Loss/tok 3.1758 (3.3506)	LR 8.000e-03
0: TRAIN [5][310/484]	Time 0.545 (0.731)	Data 2.66e-04 (2.65e-03)	Tok/s 75830 (78976)	Loss/tok 3.1506 (3.3476)	LR 8.000e-03
0: TRAIN [5][320/484]	Time 0.801 (0.725)	Data 2.48e-04 (2.57e-03)	Tok/s 83768 (78858)	Loss/tok 3.3636 (3.3446)	LR 8.000e-03
0: TRAIN [5][330/484]	Time 0.543 (0.724)	Data 2.81e-04 (2.51e-03)	Tok/s 75954 (78784)	Loss/tok 3.1750 (3.3449)	LR 8.000e-03
0: TRAIN [5][340/484]	Time 0.802 (0.725)	Data 2.59e-04 (2.44e-03)	Tok/s 84042 (78885)	Loss/tok 3.3608 (3.3450)	LR 8.000e-03
0: TRAIN [5][350/484]	Time 1.086 (0.725)	Data 2.68e-04 (2.38e-03)	Tok/s 86081 (78897)	Loss/tok 3.5505 (3.3448)	LR 8.000e-03
0: TRAIN [5][360/484]	Time 0.544 (0.726)	Data 2.53e-04 (2.32e-03)	Tok/s 75739 (78931)	Loss/tok 3.0986 (3.3461)	LR 8.000e-03
0: TRAIN [5][370/484]	Time 0.546 (0.725)	Data 2.54e-04 (2.27e-03)	Tok/s 76073 (78929)	Loss/tok 3.1405 (3.3463)	LR 8.000e-03
0: TRAIN [5][380/484]	Time 0.318 (0.719)	Data 2.60e-04 (2.21e-03)	Tok/s 67208 (78774)	Loss/tok 2.6778 (3.3420)	LR 8.000e-03
0: TRAIN [5][390/484]	Time 1.089 (0.722)	Data 2.47e-04 (2.16e-03)	Tok/s 85781 (78831)	Loss/tok 3.5189 (3.3442)	LR 8.000e-03
0: TRAIN [5][400/484]	Time 0.546 (0.725)	Data 2.47e-04 (2.12e-03)	Tok/s 76157 (78869)	Loss/tok 3.1080 (3.3472)	LR 8.000e-03
0: TRAIN [5][410/484]	Time 0.320 (0.725)	Data 2.47e-04 (2.07e-03)	Tok/s 65900 (78847)	Loss/tok 2.7314 (3.3488)	LR 8.000e-03
0: TRAIN [5][420/484]	Time 0.545 (0.726)	Data 2.82e-04 (2.03e-03)	Tok/s 76116 (78860)	Loss/tok 3.1672 (3.3496)	LR 8.000e-03
Gradient overflow.  Skipping step, loss scaler 0 reducing loss scale to 2048.0
Gradient overflow.  Skipping step, loss scaler 0 reducing loss scale to 2048.0
Gradient overflow.  Skipping step, loss scaler 0 reducing loss scale to 2048.0
Gradient overflow.  Skipping step, loss scaler 0 reducing loss scale to 2048.0
Gradient overflow.  Skipping step, loss scaler 0 reducing loss scale to 2048.0
Gradient overflow.  Skipping step, loss scaler 0 reducing loss scale to 2048.0
Gradient overflow.  Skipping step, loss scaler 0 reducing loss scale to 2048.0
Gradient overflow.  Skipping step, loss scaler 0 reducing loss scale to 2048.0
0: TRAIN [5][430/484]	Time 1.089 (0.727)	Data 3.84e-04 (1.99e-03)	Tok/s 85593 (78886)	Loss/tok 3.5321 (3.3517)	LR 8.000e-03
0: TRAIN [5][440/484]	Time 1.083 (0.728)	Data 2.54e-04 (1.95e-03)	Tok/s 85672 (78932)	Loss/tok 3.5740 (3.3518)	LR 8.000e-03
0: TRAIN [5][450/484]	Time 0.799 (0.727)	Data 3.10e-04 (1.91e-03)	Tok/s 83385 (78915)	Loss/tok 3.3983 (3.3511)	LR 8.000e-03
0: TRAIN [5][460/484]	Time 0.800 (0.725)	Data 2.60e-04 (1.88e-03)	Tok/s 84570 (78899)	Loss/tok 3.2985 (3.3500)	LR 8.000e-03
0: TRAIN [5][470/484]	Time 1.085 (0.724)	Data 2.60e-04 (1.84e-03)	Tok/s 85723 (78899)	Loss/tok 3.5315 (3.3491)	LR 8.000e-03
0: TRAIN [5][480/484]	Time 1.089 (0.725)	Data 2.32e-04 (1.81e-03)	Tok/s 86189 (78922)	Loss/tok 3.5138 (3.3496)	LR 8.000e-03
:::MLL 1571848366.922 epoch_stop: {"value": null, "metadata": {"epoch_num": 6, "file": "train.py", "lineno": 524}}
:::MLL 1571848366.922 eval_start: {"value": null, "metadata": {"epoch_num": 6, "file": "train.py", "lineno": 529}}
0: Running evaluation on test set
0: TEST [5][0/3]	Time 0.761 (0.761)	Decoder iters 149.0 (149.0)	Tok/s 21577 (21577)
0: Running moses detokenizer
0: BLEU(score=21.166146750704417, counts=[34961, 16471, 8957, 5069], totals=[64639, 61636, 58633, 55636], precisions=[54.086542180417396, 26.723019014861446, 15.276380195453072, 9.11100726148537], bp=0.9994277539498121, sys_len=64639, ref_len=64676)
0: Finished evaluation on test set
:::MLL 1571848368.872 eval_accuracy: {"value": 21.17, "metadata": {"epoch_num": 6, "file": "train.py", "lineno": 535}}
:::MLL 1571848368.872 eval_stop: {"value": null, "metadata": {"epoch_num": 6, "file": "train.py", "lineno": 538}}
0: Summary: Epoch: 5	Training Loss: 3.3522	Test BLEU: 21.17
0: Performance: Epoch: 5	Training: 631124 Tok/s
0: Finished epoch 5
:::MLL 1571848368.873 block_stop: {"value": null, "metadata": {"first_epoch_num": 6, "file": "train.py", "lineno": 557}}
:::MLL 1571848368.873 block_start: {"value": null, "metadata": {"first_epoch_num": 7, "epoch_count": 1, "file": "train.py", "lineno": 511}}
:::MLL 1571848368.873 epoch_start: {"value": null, "metadata": {"epoch_num": 7, "file": "train.py", "lineno": 514}}
0: Starting epoch 6
0: Executing preallocation
0: Sampler for epoch 6 uses seed 2070563553
Gradient overflow.  Skipping step, loss scaler 0 reducing loss scale to 1024.0
Gradient overflow.  Skipping step, loss scaler 0 reducing loss scale to 1024.0
Gradient overflow.  Skipping step, loss scaler 0 reducing loss scale to 1024.0
Gradient overflow.  Skipping step, loss scaler 0 reducing loss scale to 1024.0
Gradient overflow.  Skipping step, loss scaler 0 reducing loss scale to 1024.0
Gradient overflow.  Skipping step, loss scaler 0 reducing loss scale to 1024.0
Gradient overflow.  Skipping step, loss scaler 0 reducing loss scale to 1024.0
Gradient overflow.  Skipping step, loss scaler 0 reducing loss scale to 1024.0
0: TRAIN [6][0/484]	Time 1.865 (1.865)	Data 7.60e-01 (7.60e-01)	Tok/s 50035 (50035)	Loss/tok 3.4313 (3.4313)	LR 8.000e-03
0: TRAIN [6][10/484]	Time 0.544 (0.740)	Data 2.54e-04 (6.93e-02)	Tok/s 76687 (75431)	Loss/tok 3.1069 (3.2424)	LR 8.000e-03
0: TRAIN [6][20/484]	Time 0.546 (0.676)	Data 2.94e-04 (3.65e-02)	Tok/s 75851 (75927)	Loss/tok 3.0906 (3.2178)	LR 8.000e-03
0: TRAIN [6][30/484]	Time 1.090 (0.684)	Data 3.25e-04 (2.48e-02)	Tok/s 86353 (76206)	Loss/tok 3.4709 (3.2465)	LR 8.000e-03
0: TRAIN [6][40/484]	Time 0.804 (0.715)	Data 3.01e-04 (1.88e-02)	Tok/s 83113 (77624)	Loss/tok 3.2823 (3.2792)	LR 8.000e-03
0: TRAIN [6][50/484]	Time 1.094 (0.733)	Data 2.94e-04 (1.52e-02)	Tok/s 85870 (78636)	Loss/tok 3.4499 (3.2908)	LR 8.000e-03
0: TRAIN [6][60/484]	Time 0.805 (0.729)	Data 2.72e-04 (1.28e-02)	Tok/s 83740 (78718)	Loss/tok 3.2982 (3.2902)	LR 8.000e-03
0: TRAIN [6][70/484]	Time 0.545 (0.720)	Data 3.07e-04 (1.10e-02)	Tok/s 75623 (78447)	Loss/tok 3.0857 (3.2936)	LR 8.000e-03
0: TRAIN [6][80/484]	Time 0.544 (0.718)	Data 2.95e-04 (9.70e-03)	Tok/s 76174 (78745)	Loss/tok 3.1451 (3.2884)	LR 8.000e-03
0: TRAIN [6][90/484]	Time 1.432 (0.729)	Data 3.74e-04 (8.67e-03)	Tok/s 83225 (78987)	Loss/tok 3.7174 (3.3020)	LR 8.000e-03
0: TRAIN [6][100/484]	Time 0.321 (0.728)	Data 6.78e-04 (7.84e-03)	Tok/s 65639 (78858)	Loss/tok 2.7369 (3.3047)	LR 8.000e-03
0: TRAIN [6][110/484]	Time 0.544 (0.734)	Data 3.16e-04 (7.17e-03)	Tok/s 75572 (78964)	Loss/tok 3.1233 (3.3132)	LR 8.000e-03
0: TRAIN [6][120/484]	Time 0.543 (0.732)	Data 2.81e-04 (6.60e-03)	Tok/s 77528 (78950)	Loss/tok 3.1507 (3.3141)	LR 8.000e-03
0: TRAIN [6][130/484]	Time 0.547 (0.733)	Data 3.77e-04 (6.12e-03)	Tok/s 76546 (78927)	Loss/tok 3.1021 (3.3161)	LR 8.000e-03
0: TRAIN [6][140/484]	Time 0.543 (0.730)	Data 3.13e-04 (5.71e-03)	Tok/s 76495 (78866)	Loss/tok 3.1097 (3.3155)	LR 8.000e-03
0: TRAIN [6][150/484]	Time 1.423 (0.737)	Data 3.03e-04 (5.35e-03)	Tok/s 83843 (79057)	Loss/tok 3.6422 (3.3226)	LR 8.000e-03
0: TRAIN [6][160/484]	Time 0.800 (0.735)	Data 3.79e-04 (5.04e-03)	Tok/s 83696 (79093)	Loss/tok 3.3609 (3.3220)	LR 8.000e-03
0: TRAIN [6][170/484]	Time 0.546 (0.731)	Data 2.96e-04 (4.76e-03)	Tok/s 75433 (79026)	Loss/tok 3.0860 (3.3182)	LR 8.000e-03
0: TRAIN [6][180/484]	Time 0.802 (0.731)	Data 3.07e-04 (4.51e-03)	Tok/s 83297 (79086)	Loss/tok 3.3534 (3.3196)	LR 8.000e-03
Gradient overflow.  Skipping step, loss scaler 0 reducing loss scale to 1024.0
Gradient overflow.  Skipping step, loss scaler 0 reducing loss scale to 1024.0
Gradient overflow.  Skipping step, loss scaler 0 reducing loss scale to 1024.0
Gradient overflow.  Skipping step, loss scaler 0 reducing loss scale to 1024.0
Gradient overflow.  Skipping step, loss scaler 0 reducing loss scale to 1024.0
Gradient overflow.  Skipping step, loss scaler 0 reducing loss scale to 1024.0
Gradient overflow.  Skipping step, loss scaler 0 reducing loss scale to 1024.0
Gradient overflow.  Skipping step, loss scaler 0 reducing loss scale to 1024.0
0: TRAIN [6][190/484]	Time 1.091 (0.733)	Data 2.99e-04 (4.29e-03)	Tok/s 85266 (79043)	Loss/tok 3.5877 (3.3240)	LR 8.000e-03
0: TRAIN [6][200/484]	Time 0.801 (0.735)	Data 3.10e-04 (4.09e-03)	Tok/s 84683 (79036)	Loss/tok 3.3569 (3.3290)	LR 8.000e-03
0: TRAIN [6][210/484]	Time 0.804 (0.732)	Data 2.72e-04 (3.91e-03)	Tok/s 83000 (78961)	Loss/tok 3.3581 (3.3283)	LR 8.000e-03
0: TRAIN [6][220/484]	Time 0.549 (0.728)	Data 3.12e-04 (3.75e-03)	Tok/s 74872 (78892)	Loss/tok 3.1276 (3.3263)	LR 8.000e-03
0: TRAIN [6][230/484]	Time 1.092 (0.726)	Data 2.89e-04 (3.60e-03)	Tok/s 85154 (78794)	Loss/tok 3.5375 (3.3270)	LR 8.000e-03
0: TRAIN [6][240/484]	Time 0.545 (0.722)	Data 2.92e-04 (3.47e-03)	Tok/s 75615 (78742)	Loss/tok 3.1744 (3.3249)	LR 8.000e-03
0: TRAIN [6][250/484]	Time 0.546 (0.723)	Data 2.92e-04 (3.34e-03)	Tok/s 75355 (78749)	Loss/tok 3.1606 (3.3269)	LR 8.000e-03
0: TRAIN [6][260/484]	Time 0.548 (0.722)	Data 3.13e-04 (3.22e-03)	Tok/s 75901 (78752)	Loss/tok 3.1681 (3.3276)	LR 8.000e-03
0: TRAIN [6][270/484]	Time 0.799 (0.715)	Data 3.22e-04 (3.12e-03)	Tok/s 83965 (78588)	Loss/tok 3.3192 (3.3231)	LR 8.000e-03
0: TRAIN [6][280/484]	Time 0.543 (0.718)	Data 3.32e-04 (3.02e-03)	Tok/s 77070 (78555)	Loss/tok 3.1366 (3.3269)	LR 8.000e-03
0: TRAIN [6][290/484]	Time 1.082 (0.721)	Data 3.05e-04 (2.92e-03)	Tok/s 86384 (78610)	Loss/tok 3.4849 (3.3303)	LR 8.000e-03
0: TRAIN [6][300/484]	Time 0.543 (0.724)	Data 2.96e-04 (2.84e-03)	Tok/s 76941 (78664)	Loss/tok 3.2025 (3.3327)	LR 8.000e-03
0: TRAIN [6][310/484]	Time 0.802 (0.725)	Data 3.03e-04 (2.76e-03)	Tok/s 83817 (78791)	Loss/tok 3.3429 (3.3329)	LR 8.000e-03
0: TRAIN [6][320/484]	Time 0.802 (0.726)	Data 2.94e-04 (2.68e-03)	Tok/s 84179 (78828)	Loss/tok 3.3445 (3.3324)	LR 8.000e-03
0: TRAIN [6][330/484]	Time 0.546 (0.724)	Data 2.89e-04 (2.61e-03)	Tok/s 75096 (78788)	Loss/tok 3.1121 (3.3317)	LR 8.000e-03
0: TRAIN [6][340/484]	Time 0.800 (0.727)	Data 3.13e-04 (2.54e-03)	Tok/s 83537 (78821)	Loss/tok 3.3837 (3.3352)	LR 8.000e-03
0: TRAIN [6][350/484]	Time 0.542 (0.723)	Data 2.92e-04 (2.48e-03)	Tok/s 76353 (78750)	Loss/tok 3.1018 (3.3317)	LR 8.000e-03
0: TRAIN [6][360/484]	Time 0.549 (0.724)	Data 2.97e-04 (2.42e-03)	Tok/s 75333 (78786)	Loss/tok 3.1464 (3.3328)	LR 8.000e-03
0: TRAIN [6][370/484]	Time 1.431 (0.727)	Data 2.80e-04 (2.36e-03)	Tok/s 83011 (78809)	Loss/tok 3.7801 (3.3362)	LR 8.000e-03
0: TRAIN [6][380/484]	Time 0.548 (0.728)	Data 2.80e-04 (2.31e-03)	Tok/s 75711 (78838)	Loss/tok 3.1893 (3.3381)	LR 8.000e-03
0: TRAIN [6][390/484]	Time 1.087 (0.731)	Data 3.04e-04 (2.26e-03)	Tok/s 85959 (78876)	Loss/tok 3.5382 (3.3423)	LR 8.000e-03
0: TRAIN [6][400/484]	Time 0.552 (0.728)	Data 3.07e-04 (2.21e-03)	Tok/s 74298 (78777)	Loss/tok 3.1779 (3.3401)	LR 8.000e-03
0: TRAIN [6][410/484]	Time 0.807 (0.725)	Data 3.18e-04 (2.16e-03)	Tok/s 82666 (78740)	Loss/tok 3.3730 (3.3388)	LR 8.000e-03
0: TRAIN [6][420/484]	Time 0.546 (0.723)	Data 2.91e-04 (2.12e-03)	Tok/s 75664 (78717)	Loss/tok 3.1399 (3.3368)	LR 8.000e-03
0: TRAIN [6][430/484]	Time 1.087 (0.724)	Data 2.81e-04 (2.08e-03)	Tok/s 86067 (78788)	Loss/tok 3.5444 (3.3374)	LR 8.000e-03
0: TRAIN [6][440/484]	Time 0.554 (0.726)	Data 2.79e-04 (2.04e-03)	Tok/s 74735 (78836)	Loss/tok 3.1254 (3.3396)	LR 8.000e-03
0: TRAIN [6][450/484]	Time 0.803 (0.728)	Data 2.90e-04 (2.00e-03)	Tok/s 83109 (78913)	Loss/tok 3.4277 (3.3407)	LR 8.000e-03
0: TRAIN [6][460/484]	Time 0.802 (0.727)	Data 2.81e-04 (1.96e-03)	Tok/s 83611 (78896)	Loss/tok 3.3369 (3.3397)	LR 8.000e-03
0: TRAIN [6][470/484]	Time 0.550 (0.727)	Data 3.04e-04 (1.93e-03)	Tok/s 75437 (78912)	Loss/tok 3.1645 (3.3395)	LR 8.000e-03
0: TRAIN [6][480/484]	Time 0.806 (0.726)	Data 2.96e-04 (1.90e-03)	Tok/s 83408 (78919)	Loss/tok 3.3566 (3.3391)	LR 8.000e-03
:::MLL 1571848722.447 epoch_stop: {"value": null, "metadata": {"epoch_num": 7, "file": "train.py", "lineno": 524}}
:::MLL 1571848722.447 eval_start: {"value": null, "metadata": {"epoch_num": 7, "file": "train.py", "lineno": 529}}
0: Running evaluation on test set
0: TEST [6][0/3]	Time 0.742 (0.742)	Decoder iters 149.0 (149.0)	Tok/s 21455 (21455)
0: Running moses detokenizer
0: BLEU(score=20.951109982129548, counts=[34514, 16285, 8866, 5003], totals=[62999, 59996, 56995, 53998], precisions=[54.78499658724742, 27.14347623174878, 15.555750504430213, 9.265157968813659], bp=0.9737317050129959, sys_len=62999, ref_len=64676)
0: Finished evaluation on test set
:::MLL 1571848724.380 eval_accuracy: {"value": 20.95, "metadata": {"epoch_num": 7, "file": "train.py", "lineno": 535}}
:::MLL 1571848724.381 eval_stop: {"value": null, "metadata": {"epoch_num": 7, "file": "train.py", "lineno": 538}}
0: Summary: Epoch: 6	Training Loss: 3.3385	Test BLEU: 20.95
0: Performance: Epoch: 6	Training: 631068 Tok/s
0: Finished epoch 6
:::MLL 1571848724.381 block_stop: {"value": null, "metadata": {"first_epoch_num": 7, "file": "train.py", "lineno": 557}}
:::MLL 1571848724.382 block_start: {"value": null, "metadata": {"first_epoch_num": 8, "epoch_count": 1, "file": "train.py", "lineno": 511}}
:::MLL 1571848724.382 epoch_start: {"value": null, "metadata": {"epoch_num": 8, "file": "train.py", "lineno": 514}}
0: Starting epoch 7
0: Executing preallocation
0: Sampler for epoch 7 uses seed 898111997
Gradient overflow.  Skipping step, loss scaler 0 reducing loss scale to 2048.0
Gradient overflow.  Skipping step, loss scaler 0 reducing loss scale to 2048.0
Gradient overflow.  Skipping step, loss scaler 0 reducing loss scale to 2048.0
Gradient overflow.  Skipping step, loss scaler 0 reducing loss scale to 2048.0
Gradient overflow.  Skipping step, loss scaler 0 reducing loss scale to 2048.0
Gradient overflow.  Skipping step, loss scaler 0 reducing loss scale to 2048.0
Gradient overflow.  Skipping step, loss scaler 0 reducing loss scale to 2048.0
Gradient overflow.  Skipping step, loss scaler 0 reducing loss scale to 2048.0
0: TRAIN [7][0/484]	Time 1.574 (1.574)	Data 7.57e-01 (7.57e-01)	Tok/s 42491 (42491)	Loss/tok 3.2881 (3.2881)	LR 8.000e-03
0: TRAIN [7][10/484]	Time 1.087 (0.833)	Data 2.56e-04 (6.91e-02)	Tok/s 85597 (77011)	Loss/tok 3.4473 (3.2814)	LR 8.000e-03
0: TRAIN [7][20/484]	Time 1.086 (0.832)	Data 2.52e-04 (3.63e-02)	Tok/s 85957 (78338)	Loss/tok 3.4565 (3.3298)	LR 8.000e-03
0: TRAIN [7][30/484]	Time 0.803 (0.740)	Data 2.40e-04 (2.47e-02)	Tok/s 83551 (77325)	Loss/tok 3.3493 (3.2809)	LR 8.000e-03
0: TRAIN [7][40/484]	Time 0.805 (0.726)	Data 2.35e-04 (1.87e-02)	Tok/s 83354 (77712)	Loss/tok 3.2753 (3.2726)	LR 8.000e-03
0: TRAIN [7][50/484]	Time 0.806 (0.727)	Data 2.54e-04 (1.51e-02)	Tok/s 83358 (78236)	Loss/tok 3.2904 (3.2768)	LR 8.000e-03
0: TRAIN [7][60/484]	Time 0.544 (0.710)	Data 4.26e-04 (1.27e-02)	Tok/s 75847 (78256)	Loss/tok 3.0292 (3.2620)	LR 8.000e-03
0: TRAIN [7][70/484]	Time 1.082 (0.750)	Data 2.58e-04 (1.09e-02)	Tok/s 86334 (78862)	Loss/tok 3.4789 (3.3037)	LR 8.000e-03
0: TRAIN [7][80/484]	Time 0.549 (0.748)	Data 3.54e-04 (9.60e-03)	Tok/s 74303 (79006)	Loss/tok 3.1053 (3.3026)	LR 8.000e-03
0: TRAIN [7][90/484]	Time 0.803 (0.740)	Data 2.51e-04 (8.57e-03)	Tok/s 83334 (78995)	Loss/tok 3.2960 (3.2985)	LR 8.000e-03
0: TRAIN [7][100/484]	Time 0.801 (0.731)	Data 2.49e-04 (7.75e-03)	Tok/s 83739 (78921)	Loss/tok 3.3096 (3.2937)	LR 8.000e-03
0: TRAIN [7][110/484]	Time 1.434 (0.738)	Data 2.51e-04 (7.07e-03)	Tok/s 82721 (78995)	Loss/tok 3.6520 (3.3016)	LR 8.000e-03
0: TRAIN [7][120/484]	Time 1.090 (0.735)	Data 2.34e-04 (6.51e-03)	Tok/s 85378 (79014)	Loss/tok 3.4734 (3.2999)	LR 8.000e-03
Gradient overflow.  Skipping step, loss scaler 0 reducing loss scale to 2048.0
Gradient overflow.  Skipping step, loss scaler 0 reducing loss scale to 2048.0
Gradient overflow.  Skipping step, loss scaler 0 reducing loss scale to 2048.0
Gradient overflow.  Skipping step, loss scaler 0 reducing loss scale to 2048.0
Gradient overflow.  Skipping step, loss scaler 0 reducing loss scale to 2048.0
Gradient overflow.  Skipping step, loss scaler 0 reducing loss scale to 2048.0
Gradient overflow.  Skipping step, loss scaler 0 reducing loss scale to 2048.0
Gradient overflow.  Skipping step, loss scaler 0 reducing loss scale to 2048.0
0: TRAIN [7][130/484]	Time 1.431 (0.738)	Data 2.88e-04 (6.03e-03)	Tok/s 83415 (78762)	Loss/tok 3.7093 (3.3096)	LR 8.000e-03
0: TRAIN [7][140/484]	Time 0.551 (0.732)	Data 2.68e-04 (5.62e-03)	Tok/s 75309 (78702)	Loss/tok 3.1370 (3.3058)	LR 8.000e-03
0: TRAIN [7][150/484]	Time 1.424 (0.733)	Data 3.04e-04 (5.27e-03)	Tok/s 83221 (78663)	Loss/tok 3.6556 (3.3089)	LR 8.000e-03
0: TRAIN [7][160/484]	Time 0.546 (0.727)	Data 2.88e-04 (4.96e-03)	Tok/s 75818 (78529)	Loss/tok 3.1573 (3.3055)	LR 8.000e-03
0: TRAIN [7][170/484]	Time 0.803 (0.722)	Data 3.26e-04 (4.69e-03)	Tok/s 83230 (78394)	Loss/tok 3.4187 (3.3056)	LR 8.000e-03
0: TRAIN [7][180/484]	Time 0.802 (0.726)	Data 2.87e-04 (4.45e-03)	Tok/s 83752 (78517)	Loss/tok 3.3456 (3.3104)	LR 8.000e-03
0: TRAIN [7][190/484]	Time 0.544 (0.720)	Data 3.36e-04 (4.23e-03)	Tok/s 75507 (78490)	Loss/tok 3.0904 (3.3065)	LR 8.000e-03
0: TRAIN [7][200/484]	Time 0.801 (0.722)	Data 2.91e-04 (4.04e-03)	Tok/s 84071 (78630)	Loss/tok 3.3158 (3.3066)	LR 8.000e-03
Gradient overflow.  Skipping step, loss scaler 0 reducing loss scale to 1024.0
Gradient overflow.  Skipping step, loss scaler 0 reducing loss scale to 1024.0
Gradient overflow.  Skipping step, loss scaler 0 reducing loss scale to 1024.0
Gradient overflow.  Skipping step, loss scaler 0 reducing loss scale to 1024.0
Gradient overflow.  Skipping step, loss scaler 0 reducing loss scale to 1024.0
Gradient overflow.  Skipping step, loss scaler 0 reducing loss scale to 1024.0
Gradient overflow.  Skipping step, loss scaler 0 reducing loss scale to 1024.0
Gradient overflow.  Skipping step, loss scaler 0 reducing loss scale to 1024.0
0: TRAIN [7][210/484]	Time 0.547 (0.724)	Data 2.92e-04 (3.86e-03)	Tok/s 76220 (78641)	Loss/tok 3.0610 (3.3106)	LR 8.000e-03
0: TRAIN [7][220/484]	Time 0.545 (0.718)	Data 3.02e-04 (3.70e-03)	Tok/s 75999 (78536)	Loss/tok 3.0842 (3.3049)	LR 8.000e-03
0: TRAIN [7][230/484]	Time 1.085 (0.718)	Data 2.98e-04 (3.56e-03)	Tok/s 85536 (78607)	Loss/tok 3.4753 (3.3041)	LR 8.000e-03
0: TRAIN [7][240/484]	Time 0.319 (0.713)	Data 3.38e-04 (3.42e-03)	Tok/s 66385 (78480)	Loss/tok 2.6631 (3.3004)	LR 8.000e-03
0: TRAIN [7][250/484]	Time 0.798 (0.712)	Data 3.67e-04 (3.30e-03)	Tok/s 84447 (78515)	Loss/tok 3.3104 (3.2999)	LR 8.000e-03
0: TRAIN [7][260/484]	Time 1.082 (0.713)	Data 3.03e-04 (3.18e-03)	Tok/s 86022 (78596)	Loss/tok 3.5096 (3.3001)	LR 8.000e-03
0: TRAIN [7][270/484]	Time 0.319 (0.710)	Data 2.89e-04 (3.08e-03)	Tok/s 66603 (78545)	Loss/tok 2.6525 (3.2982)	LR 8.000e-03
0: TRAIN [7][280/484]	Time 1.427 (0.711)	Data 2.95e-04 (2.98e-03)	Tok/s 82785 (78554)	Loss/tok 3.6951 (3.3001)	LR 8.000e-03
0: TRAIN [7][290/484]	Time 0.322 (0.712)	Data 3.67e-04 (2.89e-03)	Tok/s 65491 (78635)	Loss/tok 2.6742 (3.2998)	LR 8.000e-03
0: TRAIN [7][300/484]	Time 0.801 (0.714)	Data 2.88e-04 (2.80e-03)	Tok/s 83990 (78698)	Loss/tok 3.3034 (3.3015)	LR 8.000e-03
0: TRAIN [7][310/484]	Time 0.548 (0.709)	Data 2.81e-04 (2.72e-03)	Tok/s 75922 (78598)	Loss/tok 3.0876 (3.2993)	LR 8.000e-03
0: TRAIN [7][320/484]	Time 0.325 (0.704)	Data 3.16e-04 (2.65e-03)	Tok/s 65279 (78477)	Loss/tok 2.6595 (3.2964)	LR 8.000e-03
0: TRAIN [7][330/484]	Time 0.801 (0.704)	Data 3.15e-04 (2.58e-03)	Tok/s 83721 (78463)	Loss/tok 3.3824 (3.2971)	LR 8.000e-03
0: TRAIN [7][340/484]	Time 0.542 (0.704)	Data 3.01e-04 (2.51e-03)	Tok/s 75813 (78501)	Loss/tok 3.1891 (3.2971)	LR 8.000e-03
0: TRAIN [7][350/484]	Time 0.800 (0.707)	Data 3.06e-04 (2.45e-03)	Tok/s 83411 (78569)	Loss/tok 3.3666 (3.3002)	LR 8.000e-03
0: TRAIN [7][360/484]	Time 0.546 (0.711)	Data 3.03e-04 (2.39e-03)	Tok/s 75507 (78696)	Loss/tok 3.1282 (3.3027)	LR 8.000e-03
0: TRAIN [7][370/484]	Time 1.420 (0.714)	Data 2.88e-04 (2.33e-03)	Tok/s 83646 (78728)	Loss/tok 3.7427 (3.3073)	LR 8.000e-03
0: TRAIN [7][380/484]	Time 0.547 (0.713)	Data 2.94e-04 (2.28e-03)	Tok/s 77148 (78716)	Loss/tok 3.1405 (3.3074)	LR 8.000e-03
0: TRAIN [7][390/484]	Time 0.800 (0.714)	Data 2.87e-04 (2.23e-03)	Tok/s 84253 (78776)	Loss/tok 3.3372 (3.3080)	LR 8.000e-03
0: TRAIN [7][400/484]	Time 0.544 (0.715)	Data 2.96e-04 (2.18e-03)	Tok/s 76148 (78797)	Loss/tok 3.1029 (3.3086)	LR 8.000e-03
0: TRAIN [7][410/484]	Time 0.802 (0.715)	Data 2.97e-04 (2.14e-03)	Tok/s 83945 (78832)	Loss/tok 3.3144 (3.3084)	LR 8.000e-03
0: TRAIN [7][420/484]	Time 1.087 (0.719)	Data 2.87e-04 (2.09e-03)	Tok/s 85479 (78929)	Loss/tok 3.5334 (3.3105)	LR 8.000e-03
0: TRAIN [7][430/484]	Time 1.090 (0.726)	Data 3.24e-04 (2.05e-03)	Tok/s 85558 (79018)	Loss/tok 3.5478 (3.3172)	LR 8.000e-03
0: TRAIN [7][440/484]	Time 0.543 (0.723)	Data 2.97e-04 (2.01e-03)	Tok/s 76221 (78979)	Loss/tok 3.1678 (3.3153)	LR 8.000e-03
0: TRAIN [7][450/484]	Time 0.802 (0.722)	Data 2.79e-04 (1.97e-03)	Tok/s 84120 (78981)	Loss/tok 3.3649 (3.3143)	LR 8.000e-03
0: TRAIN [7][460/484]	Time 0.320 (0.722)	Data 3.15e-04 (1.94e-03)	Tok/s 65645 (78973)	Loss/tok 2.6978 (3.3152)	LR 8.000e-03
0: TRAIN [7][470/484]	Time 0.548 (0.723)	Data 2.98e-04 (1.90e-03)	Tok/s 75651 (79007)	Loss/tok 3.1205 (3.3161)	LR 8.000e-03
Gradient overflow.  Skipping step, loss scaler 0 reducing loss scale to 2048.0
Gradient overflow.  Skipping step, loss scaler 0 reducing loss scale to 2048.0
Gradient overflow.  Skipping step, loss scaler 0 reducing loss scale to 2048.0
Gradient overflow.  Skipping step, loss scaler 0 reducing loss scale to 2048.0
Gradient overflow.  Skipping step, loss scaler 0 reducing loss scale to 2048.0
Gradient overflow.  Skipping step, loss scaler 0 reducing loss scale to 2048.0
Gradient overflow.  Skipping step, loss scaler 0 reducing loss scale to 2048.0
Gradient overflow.  Skipping step, loss scaler 0 reducing loss scale to 2048.0
Gradient overflow.  Skipping step, loss scaler 0 reducing loss scale to 1024.0
Gradient overflow.  Skipping step, loss scaler 0 reducing loss scale to 1024.0
Gradient overflow.  Skipping step, loss scaler 0 reducing loss scale to 1024.0
Gradient overflow.  Skipping step, loss scaler 0 reducing loss scale to 1024.0
Gradient overflow.  Skipping step, loss scaler 0 reducing loss scale to 1024.0
Gradient overflow.  Skipping step, loss scaler 0 reducing loss scale to 1024.0
Gradient overflow.  Skipping step, loss scaler 0 reducing loss scale to 1024.0
Gradient overflow.  Skipping step, loss scaler 0 reducing loss scale to 1024.0
0: TRAIN [7][480/484]	Time 1.085 (0.724)	Data 4.72e-04 (1.87e-03)	Tok/s 86537 (78966)	Loss/tok 3.5309 (3.3191)	LR 8.000e-03
:::MLL 1571849077.536 epoch_stop: {"value": null, "metadata": {"epoch_num": 8, "file": "train.py", "lineno": 524}}
:::MLL 1571849077.536 eval_start: {"value": null, "metadata": {"epoch_num": 8, "file": "train.py", "lineno": 529}}
0: Running evaluation on test set
0: TEST [7][0/3]	Time 0.743 (0.743)	Decoder iters 149.0 (149.0)	Tok/s 21521 (21521)
0: Running moses detokenizer
0: BLEU(score=20.610066480589257, counts=[34446, 16179, 8685, 4833], totals=[63555, 60552, 57549, 54551], precisions=[54.19872551333491, 26.719183511692428, 15.09148725433978, 8.859599274073803], bp=0.9825163775959872, sys_len=63555, ref_len=64676)
0: Finished evaluation on test set
:::MLL 1571849079.724 eval_accuracy: {"value": 20.61, "metadata": {"epoch_num": 8, "file": "train.py", "lineno": 535}}
:::MLL 1571849079.724 eval_stop: {"value": null, "metadata": {"epoch_num": 8, "file": "train.py", "lineno": 538}}
0: Summary: Epoch: 7	Training Loss: 3.3214	Test BLEU: 20.61
0: Performance: Epoch: 7	Training: 631760 Tok/s
0: Finished epoch 7
:::MLL 1571849079.724 block_stop: {"value": null, "metadata": {"first_epoch_num": 8, "file": "train.py", "lineno": 557}}
0: Closing preprocessed data file
:::MLL 1571849079.725 run_stop: {"value": null, "metadata": {"status": "aborted", "file": "train.py", "lineno": 568}}
+ ret_code=0
+ set +x
ENDING TIMING RUN AT 2019-10-23 04:44:51 PM
RESULT,RNN_TRANSLATOR,,2886,nvidia,2019-10-23 03:56:45 PM
