Beginning trial 1 of 2
Gathering sys log on dss01
:::MLL 1570203291.652 submission_benchmark: {"value": "gnmt", "metadata": {"file": "mlperf_log_utils.py", "lineno": 176}}
:::MLL 1570203291.652 submission_org: {"value": "NVIDIA", "metadata": {"file": "mlperf_log_utils.py", "lineno": 181}}
WARNING: Log validation: Key "submission_division" is not in known gnmt keys.
:::MLL 1570203291.653 submission_division: {"value": "closed", "metadata": {"file": "mlperf_log_utils.py", "lineno": 185}}
:::MLL 1570203291.653 submission_status: {"value": "onprem", "metadata": {"file": "mlperf_log_utils.py", "lineno": 189}}
:::MLL 1570203291.654 submission_platform: {"value": "1xDSS8440", "metadata": {"file": "mlperf_log_utils.py", "lineno": 193}}
:::MLL 1570203291.654 submission_entry: {"value": "{'hardware': 'DSS8440', 'framework': 'PyTorch NVIDIA Release 19.05', 'power': 'N/A', 'notes': 'N/A', 'interconnect': 'InfiniBand 100 Gb/sec (4X EDR)', 'os': '\\\\S / ', 'libraries': \"{'container_base': 'Ubuntu-16.04', 'openmpi_version': '3.1.3', 'mofed_version': '5.0-0', 'cuda_version': '10.1.163', 'cuda_driver_version': '418.67', 'nccl_version': '2.4.6', 'cudnn_version': '7.6.0.64', 'cublas_version': '10.2.0.163', 'trt_version': '5.1.5.0', 'dali_version': '0.9.1'}\", 'compilers': 'gcc (Ubuntu 5.4.0-6ubuntu1~16.04.11) 5.4.0 20160609', 'nodes': \"{'num_nodes': '1', 'cpu': '2x Intel(R) Xeon(R) Gold 6230 CPU @ 2.10GHz', 'num_cores': '40', 'num_vcpus': '40', 'accelerator': 'Tesla V100-PCIE-32GB', 'num_accelerators': '8', 'sys_mem_size': '754 GB', 'sys_storage_type': 'SATA SSD', 'sys_storage_size': '1x 447.1G + 1x 931.5G', 'cpu_accel_interconnect': 'UPI', 'network_card': 'Mellanox Technologies MT27700 Family [ConnectX-4]', 'num_network_cards': '1', 'notes': ''}\"}", "metadata": {"file": "mlperf_log_utils.py", "lineno": 197}}
:::MLL 1570203291.654 submission_poc_name: {"value": "Paulius Micikevicius", "metadata": {"file": "mlperf_log_utils.py", "lineno": 201}}
:::MLL 1570203291.655 submission_poc_email: {"value": "pauliusm@nvidia.com", "metadata": {"file": "mlperf_log_utils.py", "lineno": 205}}
Clearing caches
:::MLL 1570203297.333 cache_clear: {"value": true, "metadata": {"file": "<string>", "lineno": 1}}
Launching on node dss01
+ pids+=($!)
+ set +x
++ eval echo
+++ echo
+ docker exec -e DGXSYSTEM=DGX1 -e 'MULTI_NODE= --master_port=4581' -e LR=2.0e-3 -e TRAIN_BATCH_SIZE=256 -e TEST_BATCH_SIZE=128 -e WARMUP_STEPS=200 -e REMAIN_STEPS=6453 -e DECAY_INTERVAL=809 -e TARGET=24.0 -e NUMEPOCHS=8 -e MAX_SEQ_LEN=75 -e 'EXTRA_OPTS=   --fused-attention    --fused-xentropy    --no-log-all-ranks    ' -e SLURM_JOB_ID=191004103312383815360 -e SLURM_NTASKS_PER_NODE= -e SLURM_NNODES=1 cont_191004103312383815360 ./run_and_time.sh
Run vars: id 191004103312383815360 gpus 8 mparams  --master_port=4581
NCCL_SOCKET_NTHREADS=16
NCCL_NSOCKS_PERTHREAD=4
+ DATASET_DIR=/data
+ PREPROC_DATADIR=/preproc_data
+ RESULTS_DIR=gnmt_wmt16
+ LR=2.0e-3
+ TRAIN_BATCH_SIZE=256
+ TEST_BATCH_SIZE=128
+ WARMUP_STEPS=200
+ REMAIN_STEPS=6453
+ DECAY_INTERVAL=809
+ TARGET=24.0
+ MAX_SEQ_LEN=75
+ NUMEPOCHS=8
+ EXTRA_OPTS='   --fused-attention    --fused-xentropy    --no-log-all-ranks    '
+ BIND_LAUNCH=0
+ MATH=amp_fp16
STARTING TIMING RUN AT 2019-10-04 03:34:57 PM
+ [[ 0 -eq 1 ]]
+ LAUNCH_OPT='torch.distributed.launch --nproc_per_node 8  --master_port=4581'
+ echo 'running benchmark'
running benchmark
+ python -m torch.distributed.launch --nproc_per_node 8 --master_port=4581 train.py --save gnmt_wmt16 --dataset-dir /data --preproc-data-dir /preproc_data --target-bleu 24.0 --epochs 8 --math amp_fp16 --max-length-train 75 --print-freq 10 --train-batch-size 256 --test-batch-size 128 --optimizer FusedAdam --lr 2.0e-3 --warmup-steps 200 --remain-steps 6453 --decay-interval 809 --fused-attention --fused-xentropy --no-log-all-ranks
:::MLL 1570203300.053 init_start: {"value": null, "metadata": {"file": "train.py", "lineno": 287}}
:::MLL 1570203300.053 init_start: {"value": null, "metadata": {"file": "train.py", "lineno": 287}}
:::MLL 1570203300.054 init_start: {"value": null, "metadata": {"file": "train.py", "lineno": 287}}
:::MLL 1570203300.058 init_start: {"value": null, "metadata": {"file": "train.py", "lineno": 287}}
:::MLL 1570203300.058 init_start: {"value": null, "metadata": {"file": "train.py", "lineno": 287}}
:::MLL 1570203300.058 init_start: {"value": null, "metadata": {"file": "train.py", "lineno": 287}}
:::MLL 1570203300.058 init_start: {"value": null, "metadata": {"file": "train.py", "lineno": 287}}
:::MLL 1570203300.058 init_start: {"value": null, "metadata": {"file": "train.py", "lineno": 287}}
0: Saving results to: results/gnmt_wmt16
0: Run arguments: Namespace(apex_message_size=10000000.0, apex_num_allreduce_streams=1, batching='bucketing', beam_size=5, cov_penalty_factor=0.1, cuda=True, cudnn=True, dataset_dir='/data', decay_factor=0.5, decay_interval=809, decay_steps=4, dropout=0.2, enable_apex_allreduce_overlap=False, env=False, epochs=8, eval=True, fused_attention=True, fused_xentropy=True, grad_clip=5.0, hidden_size=1024, init_scale=1024, intra_epoch_eval=0, keep_checkpoints=0, len_norm_const=5.0, len_norm_factor=0.6, local_rank=0, log_all_ranks=False, lr=0.002, math='amp_fp16', max_length_test=150, max_length_train=75, max_size=None, min_length_test=0, min_length_train=0, num_buckets=5, num_layers=4, optimizer='FusedAdam', optimizer_extra='{}', prealloc_mode='always', preproc_data_dir='/preproc_data', print_freq=10, rank=0, remain_steps=6453, results_dir='results', resume=None, save='gnmt_wmt16', save_all=False, save_freq=5000, save_path='results/gnmt_wmt16', seed=None, shard_size=80, share_embedding=True, smoothing=0.1, start_epoch=0, target_bleu=24.0, test_batch_size=128, test_loader_workers=0, train_batch_size=256, train_global_batch_size=None, train_iter_size=1, train_loader_workers=1, upscale_interval=128, use_preproc_data=True, warmup_steps=200)
0: L2 promotion: 128B
0: Using random master seed: 2643679290
dss01:464:464 [0] NCCL INFO Bootstrap : Using [0]eth0:10.141.0.200<0>
dss01:464:464 [0] NCCL INFO NET/Plugin : No plugin found (libnccl-net.so).

dss01:464:464 [0] misc/ibvwrap.cc:212 NCCL WARN Call to ibv_open_device failed

dss01:464:464 [0] transport/net_ib.cc:117 NCCL WARN NET/IB : Unable to open device mlx5_0
dss01:464:464 [0] NCCL INFO NET/IB : No device found.
dss01:464:464 [0] NCCL INFO NET/Socket : Using [0]eth0:10.141.0.200<0>
NCCL version 2.4.8+cuda10.1
dss01:468:468 [4] NCCL INFO Bootstrap : Using [0]eth0:10.141.0.200<0>
dss01:468:468 [4] NCCL INFO NET/Plugin : No plugin found (libnccl-net.so).
dss01:470:470 [6] NCCL INFO Bootstrap : Using [0]eth0:10.141.0.200<0>
dss01:470:470 [6] NCCL INFO NET/Plugin : No plugin found (libnccl-net.so).
dss01:467:467 [3] NCCL INFO Bootstrap : Using [0]eth0:10.141.0.200<0>
dss01:467:467 [3] NCCL INFO NET/Plugin : No plugin found (libnccl-net.so).

dss01:470:470 [6] misc/ibvwrap.cc:212 NCCL WARN Call to ibv_open_device failed

dss01:468:468 [4] misc/ibvwrap.cc:212 NCCL WARN Call to ibv_open_device failed

dss01:470:470 [6] transport/net_ib.cc:117 NCCL WARN NET/IB : Unable to open device mlx5_0

dss01:468:468 [4] transport/net_ib.cc:117 NCCL WARN NET/IB : Unable to open device mlx5_0
dss01:470:470 [6] NCCL INFO NET/IB : No device found.
dss01:468:468 [4] NCCL INFO NET/IB : No device found.
dss01:465:465 [1] NCCL INFO Bootstrap : Using [0]eth0:10.141.0.200<0>
dss01:465:465 [1] NCCL INFO NET/Plugin : No plugin found (libnccl-net.so).
dss01:469:469 [5] NCCL INFO Bootstrap : Using [0]eth0:10.141.0.200<0>
dss01:469:469 [5] NCCL INFO NET/Plugin : No plugin found (libnccl-net.so).
dss01:466:466 [2] NCCL INFO Bootstrap : Using [0]eth0:10.141.0.200<0>
dss01:466:466 [2] NCCL INFO NET/Plugin : No plugin found (libnccl-net.so).
dss01:468:468 [4] NCCL INFO NET/Socket : Using [0]eth0:10.141.0.200<0>
dss01:470:470 [6] NCCL INFO NET/Socket : Using [0]eth0:10.141.0.200<0>

dss01:467:467 [3] misc/ibvwrap.cc:212 NCCL WARN Call to ibv_open_device failed

dss01:467:467 [3] transport/net_ib.cc:117 NCCL WARN NET/IB : Unable to open device mlx5_0
dss01:467:467 [3] NCCL INFO NET/IB : No device found.

dss01:469:469 [5] misc/ibvwrap.cc:212 NCCL WARN Call to ibv_open_device failed

dss01:469:469 [5] transport/net_ib.cc:117 NCCL WARN NET/IB : Unable to open device mlx5_0
dss01:469:469 [5] NCCL INFO NET/IB : No device found.

dss01:466:466 [2] misc/ibvwrap.cc:212 NCCL WARN Call to ibv_open_device failed

dss01:465:465 [1] misc/ibvwrap.cc:212 NCCL WARN Call to ibv_open_device failed

dss01:466:466 [2] transport/net_ib.cc:117 NCCL WARN NET/IB : Unable to open device mlx5_0

dss01:465:465 [1] transport/net_ib.cc:117 NCCL WARN NET/IB : Unable to open device mlx5_0
dss01:466:466 [2] NCCL INFO NET/IB : No device found.
dss01:465:465 [1] NCCL INFO NET/IB : No device found.
dss01:471:471 [7] NCCL INFO Bootstrap : Using [0]eth0:10.141.0.200<0>
dss01:471:471 [7] NCCL INFO NET/Plugin : No plugin found (libnccl-net.so).
dss01:467:467 [3] NCCL INFO NET/Socket : Using [0]eth0:10.141.0.200<0>
dss01:469:469 [5] NCCL INFO NET/Socket : Using [0]eth0:10.141.0.200<0>
dss01:466:466 [2] NCCL INFO NET/Socket : Using [0]eth0:10.141.0.200<0>
dss01:465:465 [1] NCCL INFO NET/Socket : Using [0]eth0:10.141.0.200<0>

dss01:471:471 [7] misc/ibvwrap.cc:212 NCCL WARN Call to ibv_open_device failed

dss01:471:471 [7] transport/net_ib.cc:117 NCCL WARN NET/IB : Unable to open device mlx5_0
dss01:471:471 [7] NCCL INFO NET/IB : No device found.
dss01:471:471 [7] NCCL INFO NET/Socket : Using [0]eth0:10.141.0.200<0>
dss01:464:826 [0] NCCL INFO Setting affinity for GPU 0 to 55,55555555
dss01:468:827 [4] NCCL INFO Setting affinity for GPU 4 to aa,aaaaaaaa
dss01:470:828 [6] NCCL INFO Setting affinity for GPU 6 to aa,aaaaaaaa
dss01:467:829 [3] NCCL INFO Setting affinity for GPU 3 to 55,55555555
dss01:466:830 [2] NCCL INFO Setting affinity for GPU 2 to 55,55555555
dss01:469:831 [5] NCCL INFO Setting affinity for GPU 5 to aa,aaaaaaaa
dss01:465:832 [1] NCCL INFO Setting affinity for GPU 1 to 55,55555555
dss01:471:833 [7] NCCL INFO Setting affinity for GPU 7 to aa,aaaaaaaa
dss01:469:831 [5] NCCL INFO NCCL_P2P_LEVEL set by environment to 2.
dss01:470:828 [6] NCCL INFO NCCL_P2P_LEVEL set by environment to 2.
dss01:471:833 [7] NCCL INFO NCCL_P2P_LEVEL set by environment to 2.
dss01:464:826 [0] NCCL INFO NCCL_P2P_LEVEL set by environment to 2.
dss01:465:832 [1] NCCL INFO NCCL_P2P_LEVEL set by environment to 2.
dss01:466:830 [2] NCCL INFO NCCL_P2P_LEVEL set by environment to 2.
dss01:467:829 [3] NCCL INFO NCCL_P2P_LEVEL set by environment to 2.
dss01:468:827 [4] NCCL INFO NCCL_P2P_LEVEL set by environment to 2.
dss01:464:826 [0] NCCL INFO Channel 00 :    0   1   2   3   4   5   6   7
dss01:468:827 [4] NCCL INFO Ring 00 : 4[4] -> 5[5] via P2P/IPC
dss01:470:828 [6] NCCL INFO Ring 00 : 6[6] -> 7[7] via P2P/IPC
dss01:464:826 [0] NCCL INFO Ring 00 : 0[0] -> 1[1] via P2P/IPC
dss01:466:830 [2] NCCL INFO Ring 00 : 2[2] -> 3[3] via P2P/IPC
dss01:467:829 [3] NCCL INFO Ring 00 : 3[3] -> 4[4] via direct shared memory
dss01:469:831 [5] NCCL INFO Ring 00 : 5[5] -> 6[6] via direct shared memory
dss01:471:833 [7] NCCL INFO Ring 00 : 7[7] -> 0[0] via direct shared memory
dss01:465:832 [1] NCCL INFO Ring 00 : 1[1] -> 2[2] via direct shared memory
dss01:464:826 [0] NCCL INFO Using 256 threads, Min Comp Cap 7, Trees disabled
dss01:465:832 [1] NCCL INFO comm 0x7fff6c007590 rank 1 nranks 8 cudaDev 1 nvmlDev 1 - Init COMPLETE
dss01:467:829 [3] NCCL INFO comm 0x7fff90007590 rank 3 nranks 8 cudaDev 3 nvmlDev 3 - Init COMPLETE
dss01:471:833 [7] NCCL INFO comm 0x7ffe98007590 rank 7 nranks 8 cudaDev 7 nvmlDev 7 - Init COMPLETE
dss01:468:827 [4] NCCL INFO comm 0x7ffe98007590 rank 4 nranks 8 cudaDev 4 nvmlDev 4 - Init COMPLETE
dss01:469:831 [5] NCCL INFO comm 0x7fff58007590 rank 5 nranks 8 cudaDev 5 nvmlDev 5 - Init COMPLETE
dss01:466:830 [2] NCCL INFO comm 0x7ffe70007590 rank 2 nranks 8 cudaDev 2 nvmlDev 2 - Init COMPLETE
dss01:470:828 [6] NCCL INFO comm 0x7ffe98007590 rank 6 nranks 8 cudaDev 6 nvmlDev 6 - Init COMPLETE
dss01:464:826 [0] NCCL INFO comm 0x7ffe94007590 rank 0 nranks 8 cudaDev 0 nvmlDev 0 - Init COMPLETE
dss01:464:464 [0] NCCL INFO Launch mode Parallel
0: Worker 0 is using worker seed: 2214399741
0: Building vocabulary from /data/vocab.bpe.32000
0: Size of vocabulary: 32320
0: Fused attention flag set to True
0: GNMT(
  (encoder): ResidualRecurrentEncoder(
    (rnn_layers): ModuleList(
      (0): EmuBidirLSTM(
        (bidir): LSTM(1024, 1024, bidirectional=True)
        (layer1): LSTM(1024, 1024)
        (layer2): LSTM(1024, 1024)
      )
      (1): LSTM(2048, 1024)
      (2): LSTM(1024, 1024)
      (3): LSTM(1024, 1024)
    )
    (dropout): Dropout(p=0.2)
    (embedder): Embedding(32320, 1024, padding_idx=0)
  )
  (decoder): ResidualRecurrentDecoder(
    (att_rnn): RecurrentAttention(
      (rnn): LSTM(1024, 1024)
      (attn): BahdanauAttention(
        (linear_q): Linear(in_features=1024, out_features=1024, bias=False)
        (linear_k): Linear(in_features=1024, out_features=1024, bias=False)
      )
      (dropout): Dropout(p=0.2)
    )
    (rnn_layers): ModuleList(
      (0): LSTM(2048, 1024)
      (1): LSTM(2048, 1024)
      (2): LSTM(2048, 1024)
    )
    (embedder): Embedding(32320, 1024, padding_idx=0)
    (classifier): Classifier(
      (classifier): Linear(in_features=1024, out_features=32320, bias=True)
    )
    (dropout): Dropout(p=0.2)
  )
)
0: Building LabelSmoothingLoss (smoothing: 0.1)
0: Fused xentropy flag set to True
0: Training optimizer config: {'optimizer': 'FusedAdam', 'lr': 0.002}
0: Number of parameters: 160671297
0: Saving state of the tokenizer
Selected optimization level O2:  FP16 training with FP32 batchnorm and FP32 master weights.

Defaults for this optimization level are:
enabled                : True
opt_level              : O2
cast_model_type        : torch.float16
patch_torch_functions  : False
keep_batchnorm_fp32    : True
master_weights         : True
loss_scale             : dynamic
Processing user overrides (additional kwargs that are not None)...
After processing overrides, optimization options are:
enabled                : True
opt_level              : O2
cast_model_type        : torch.float16
patch_torch_functions  : False
keep_batchnorm_fp32    : False
master_weights         : True
loss_scale             : dynamic
0: Initializing amp optimizer
0: Using optimizer: FusedAdam (
Parameter Group 0
    betas: (0.9, 0.999)
    bias_correction: True
    eps: 1e-08
    lr: 0.002
    max_grad_norm: 5.0
    weight_decay: 0.0
)
:::MLL 1570203323.679 opt_base_learning_rate: {"value": 0.002, "metadata": {"file": "seq2seq/train/trainer.py", "lineno": 169}}
0: Executing preallocation
:::MLL 1570203326.573 init_stop: {"value": null, "metadata": {"file": "train.py", "lineno": 406}}
:::MLL 1570203326.573 run_start: {"value": null, "metadata": {"file": "train.py", "lineno": 408}}
:::MLL 1570203326.574 max_sequence_length: {"value": 75, "metadata": {"method": "discard", "file": "train.py", "lineno": 413}}
0: Reading preprocessed data file from /preproc_data/training.bin
0: Preprocessed data: length: 3975116 min length: 0 max length: 75 
0: Opening preprocessed data /preproc_data/training.bin for reading
0: Processing data from /data/newstest2014.tok.bpe.32000.en
0: Filtering data, min len: 0, max len: 150
0: Pairs before: 3003, after: 3003
:::MLL 1570203327.627 global_batch_size: {"value": 2048, "metadata": {"file": "train.py", "lineno": 458}}
0: Training LR schedule config: {'warmup_steps': 200, 'remain_steps': 6453, 'decay_interval': 809, 'decay_steps': 4, 'decay_factor': 0.5}
0: Scheduler warmup steps: 200
0: Scheduler remain steps: 6453
0: Scheduler decay interval: 809
0: Scheduler decay factor: 0.5
0: Scheduler max decay steps: 4
:::MLL 1570203327.629 opt_learning_rate_alt_decay_func: {"value": true, "metadata": {"file": "seq2seq/train/lr_scheduler.py", "lineno": 78}}
:::MLL 1570203327.629 opt_learning_rate_alt_warmup_func: {"value": true, "metadata": {"file": "seq2seq/train/lr_scheduler.py", "lineno": 80}}
:::MLL 1570203327.629 opt_learning_rate_decay_interval: {"value": 809, "metadata": {"file": "seq2seq/train/lr_scheduler.py", "lineno": 83}}
:::MLL 1570203327.630 opt_learning_rate_decay_factor: {"value": 0.5, "metadata": {"file": "seq2seq/train/lr_scheduler.py", "lineno": 85}}
:::MLL 1570203327.630 opt_learning_rate_decay_steps: {"value": 4, "metadata": {"file": "seq2seq/train/lr_scheduler.py", "lineno": 87}}
:::MLL 1570203327.630 opt_learning_rate_remain_steps: {"value": 6453, "metadata": {"file": "seq2seq/train/lr_scheduler.py", "lineno": 89}}
:::MLL 1570203327.632 opt_learning_rate_warmup_steps: {"value": 200, "metadata": {"file": "seq2seq/train/lr_scheduler.py", "lineno": 91}}
:::MLL 1570203327.633 block_start: {"value": null, "metadata": {"first_epoch_num": 1, "epoch_count": 1, "file": "train.py", "lineno": 511}}
:::MLL 1570203327.633 epoch_start: {"value": null, "metadata": {"epoch_num": 1, "file": "train.py", "lineno": 514}}
0: Starting epoch 0
0: Executing preallocation
0: Sampler for epoch 0 uses seed 755145177
Gradient overflow.  Skipping step, loss scaler 0 reducing loss scale to 256.0
Gradient overflow.  Skipping step, loss scaler 0 reducing loss scale to 256.0
Gradient overflow.  Skipping step, loss scaler 0 reducing loss scale to 256.0
Gradient overflow.  Skipping step, loss scaler 0 reducing loss scale to 256.0
Gradient overflow.  Skipping step, loss scaler 0 reducing loss scale to 256.0
Gradient overflow.  Skipping step, loss scaler 0 reducing loss scale to 256.0
Gradient overflow.  Skipping step, loss scaler 0 reducing loss scale to 256.0
Gradient overflow.  Skipping step, loss scaler 0 reducing loss scale to 256.0
0: TRAIN [0][0/1938]	Time 0.997 (0.997)	Data 7.76e-01 (7.76e-01)	Tok/s 10217 (10217)	Loss/tok 10.6036 (10.6036)	LR 2.000e-05
0: TRAIN [0][10/1938]	Time 0.338 (0.345)	Data 1.10e-04 (7.07e-02)	Tok/s 68869 (51060)	Loss/tok 9.8112 (10.1050)	LR 2.518e-05
0: TRAIN [0][20/1938]	Time 0.159 (0.295)	Data 1.07e-04 (3.71e-02)	Tok/s 33683 (51503)	Loss/tok 8.9866 (9.8382)	LR 3.170e-05
0: TRAIN [0][30/1938]	Time 0.277 (0.284)	Data 1.07e-04 (2.51e-02)	Tok/s 60307 (52709)	Loss/tok 9.0601 (9.6213)	LR 3.991e-05
0: TRAIN [0][40/1938]	Time 0.217 (0.283)	Data 9.78e-05 (1.90e-02)	Tok/s 46935 (53863)	Loss/tok 8.6559 (9.4506)	LR 5.024e-05
0: TRAIN [0][50/1938]	Time 0.161 (0.273)	Data 1.08e-04 (1.53e-02)	Tok/s 33023 (53246)	Loss/tok 8.2919 (9.3172)	LR 6.325e-05
0: TRAIN [0][60/1938]	Time 0.160 (0.267)	Data 1.02e-04 (1.28e-02)	Tok/s 32283 (52926)	Loss/tok 7.8405 (9.1903)	LR 7.962e-05
0: TRAIN [0][70/1938]	Time 0.274 (0.268)	Data 1.33e-04 (1.10e-02)	Tok/s 61078 (53714)	Loss/tok 8.2252 (9.0547)	LR 1.002e-04
0: TRAIN [0][80/1938]	Time 0.275 (0.267)	Data 1.05e-04 (9.69e-03)	Tok/s 61015 (54153)	Loss/tok 8.0192 (8.9386)	LR 1.262e-04
0: TRAIN [0][90/1938]	Time 0.215 (0.264)	Data 1.06e-04 (8.64e-03)	Tok/s 47525 (53799)	Loss/tok 7.8133 (8.8473)	LR 1.589e-04
0: TRAIN [0][100/1938]	Time 0.215 (0.263)	Data 1.04e-04 (7.80e-03)	Tok/s 48646 (53808)	Loss/tok 7.8389 (8.7612)	LR 2.000e-04
0: TRAIN [0][110/1938]	Time 0.215 (0.261)	Data 1.08e-04 (7.10e-03)	Tok/s 47339 (53698)	Loss/tok 7.7546 (8.6934)	LR 2.518e-04
0: TRAIN [0][120/1938]	Time 0.279 (0.264)	Data 1.34e-04 (6.53e-03)	Tok/s 60466 (54337)	Loss/tok 7.8447 (8.6190)	LR 3.170e-04
0: TRAIN [0][130/1938]	Time 0.275 (0.261)	Data 1.05e-04 (6.04e-03)	Tok/s 61131 (53791)	Loss/tok 7.8983 (8.5687)	LR 3.991e-04
Gradient overflow.  Skipping step, loss scaler 0 reducing loss scale to 256.0
Gradient overflow.  Skipping step, loss scaler 0 reducing loss scale to 256.0
Gradient overflow.  Skipping step, loss scaler 0 reducing loss scale to 256.0
Gradient overflow.  Skipping step, loss scaler 0 reducing loss scale to 256.0
Gradient overflow.  Skipping step, loss scaler 0 reducing loss scale to 256.0
Gradient overflow.  Skipping step, loss scaler 0 reducing loss scale to 256.0
Gradient overflow.  Skipping step, loss scaler 0 reducing loss scale to 256.0
Gradient overflow.  Skipping step, loss scaler 0 reducing loss scale to 256.0
Gradient overflow.  Skipping step, loss scaler 0 reducing loss scale to 128.0
Gradient overflow.  Skipping step, loss scaler 0 reducing loss scale to 128.0
Gradient overflow.  Skipping step, loss scaler 0 reducing loss scale to 128.0
Gradient overflow.  Skipping step, loss scaler 0 reducing loss scale to 128.0
Gradient overflow.  Skipping step, loss scaler 0 reducing loss scale to 128.0
Gradient overflow.  Skipping step, loss scaler 0 reducing loss scale to 128.0
Gradient overflow.  Skipping step, loss scaler 0 reducing loss scale to 128.0
Gradient overflow.  Skipping step, loss scaler 0 reducing loss scale to 128.0
0: TRAIN [0][140/1938]	Time 0.158 (0.261)	Data 1.16e-04 (5.62e-03)	Tok/s 33777 (53881)	Loss/tok 6.9904 (8.5185)	LR 4.798e-04
0: TRAIN [0][150/1938]	Time 0.215 (0.260)	Data 1.02e-04 (5.26e-03)	Tok/s 48044 (53725)	Loss/tok 7.4835 (8.4710)	LR 6.040e-04
0: TRAIN [0][160/1938]	Time 0.161 (0.257)	Data 1.14e-04 (4.94e-03)	Tok/s 32424 (53352)	Loss/tok 6.6997 (8.4279)	LR 7.604e-04
0: TRAIN [0][170/1938]	Time 0.161 (0.257)	Data 1.00e-04 (4.66e-03)	Tok/s 32650 (53407)	Loss/tok 6.5713 (8.3791)	LR 9.573e-04
0: TRAIN [0][180/1938]	Time 0.161 (0.256)	Data 1.04e-04 (4.40e-03)	Tok/s 32734 (53262)	Loss/tok 6.6355 (8.3337)	LR 1.205e-03
0: TRAIN [0][190/1938]	Time 0.216 (0.256)	Data 1.27e-04 (4.18e-03)	Tok/s 47820 (53247)	Loss/tok 7.2180 (8.2848)	LR 1.517e-03
0: TRAIN [0][200/1938]	Time 0.215 (0.256)	Data 1.06e-04 (3.98e-03)	Tok/s 48087 (53376)	Loss/tok 6.8914 (8.2279)	LR 1.910e-03
0: TRAIN [0][210/1938]	Time 0.277 (0.256)	Data 1.13e-04 (3.80e-03)	Tok/s 60971 (53313)	Loss/tok 7.0606 (8.1729)	LR 2.000e-03
0: TRAIN [0][220/1938]	Time 0.338 (0.257)	Data 2.27e-04 (3.63e-03)	Tok/s 68985 (53465)	Loss/tok 7.0291 (8.1107)	LR 2.000e-03
0: TRAIN [0][230/1938]	Time 0.279 (0.258)	Data 1.50e-04 (3.48e-03)	Tok/s 60437 (53704)	Loss/tok 6.7326 (8.0425)	LR 2.000e-03
0: TRAIN [0][240/1938]	Time 0.161 (0.258)	Data 1.59e-04 (3.34e-03)	Tok/s 33144 (53778)	Loss/tok 5.4621 (7.9790)	LR 2.000e-03
0: TRAIN [0][250/1938]	Time 0.278 (0.258)	Data 1.03e-04 (3.21e-03)	Tok/s 60734 (53743)	Loss/tok 6.5254 (7.9268)	LR 2.000e-03
0: TRAIN [0][260/1938]	Time 0.217 (0.257)	Data 1.09e-04 (3.09e-03)	Tok/s 47636 (53639)	Loss/tok 6.1287 (7.8752)	LR 2.000e-03
0: TRAIN [0][270/1938]	Time 0.216 (0.256)	Data 1.01e-04 (2.98e-03)	Tok/s 47353 (53541)	Loss/tok 6.0513 (7.8218)	LR 2.000e-03
0: TRAIN [0][280/1938]	Time 0.341 (0.256)	Data 1.25e-04 (2.88e-03)	Tok/s 68177 (53569)	Loss/tok 6.4004 (7.7641)	LR 2.000e-03
0: TRAIN [0][290/1938]	Time 0.275 (0.257)	Data 1.35e-04 (2.79e-03)	Tok/s 61952 (53725)	Loss/tok 6.1434 (7.7045)	LR 2.000e-03
0: TRAIN [0][300/1938]	Time 0.412 (0.257)	Data 1.45e-04 (2.70e-03)	Tok/s 72537 (53694)	Loss/tok 6.3121 (7.6483)	LR 2.000e-03
0: TRAIN [0][310/1938]	Time 0.340 (0.257)	Data 1.08e-04 (2.62e-03)	Tok/s 68835 (53804)	Loss/tok 6.0660 (7.5875)	LR 2.000e-03
0: TRAIN [0][320/1938]	Time 0.215 (0.258)	Data 1.83e-04 (2.54e-03)	Tok/s 48710 (53916)	Loss/tok 5.5204 (7.5280)	LR 2.000e-03
0: TRAIN [0][330/1938]	Time 0.215 (0.258)	Data 1.08e-04 (2.47e-03)	Tok/s 48558 (53909)	Loss/tok 5.4397 (7.4760)	LR 2.000e-03
0: TRAIN [0][340/1938]	Time 0.216 (0.258)	Data 1.09e-04 (2.40e-03)	Tok/s 46423 (53905)	Loss/tok 5.2824 (7.4231)	LR 2.000e-03
0: TRAIN [0][350/1938]	Time 0.413 (0.258)	Data 1.06e-04 (2.34e-03)	Tok/s 71010 (53909)	Loss/tok 5.9904 (7.3694)	LR 2.000e-03
0: TRAIN [0][360/1938]	Time 0.339 (0.258)	Data 1.35e-04 (2.27e-03)	Tok/s 67591 (53950)	Loss/tok 5.8162 (7.3161)	LR 2.000e-03
0: TRAIN [0][370/1938]	Time 0.341 (0.259)	Data 1.22e-04 (2.22e-03)	Tok/s 67304 (54129)	Loss/tok 5.5361 (7.2570)	LR 2.000e-03
0: TRAIN [0][380/1938]	Time 0.216 (0.259)	Data 1.14e-04 (2.16e-03)	Tok/s 48003 (54155)	Loss/tok 4.9260 (7.2056)	LR 2.000e-03
0: TRAIN [0][390/1938]	Time 0.279 (0.258)	Data 1.10e-04 (2.11e-03)	Tok/s 60446 (54116)	Loss/tok 5.2645 (7.1570)	LR 2.000e-03
0: TRAIN [0][400/1938]	Time 0.278 (0.259)	Data 9.82e-05 (2.06e-03)	Tok/s 60592 (54188)	Loss/tok 5.2294 (7.1028)	LR 2.000e-03
0: TRAIN [0][410/1938]	Time 0.160 (0.258)	Data 1.28e-04 (2.01e-03)	Tok/s 33770 (54093)	Loss/tok 3.9405 (7.0583)	LR 2.000e-03
0: TRAIN [0][420/1938]	Time 0.216 (0.258)	Data 1.01e-04 (1.97e-03)	Tok/s 47884 (54121)	Loss/tok 4.6793 (7.0090)	LR 2.000e-03
0: TRAIN [0][430/1938]	Time 0.339 (0.258)	Data 1.05e-04 (1.92e-03)	Tok/s 69353 (54194)	Loss/tok 5.0762 (6.9557)	LR 2.000e-03
0: TRAIN [0][440/1938]	Time 0.216 (0.258)	Data 1.03e-04 (1.88e-03)	Tok/s 47297 (54137)	Loss/tok 4.6486 (6.9116)	LR 2.000e-03
0: TRAIN [0][450/1938]	Time 0.278 (0.258)	Data 1.36e-04 (1.85e-03)	Tok/s 60409 (54135)	Loss/tok 4.7049 (6.8635)	LR 2.000e-03
0: TRAIN [0][460/1938]	Time 0.216 (0.258)	Data 1.38e-04 (1.81e-03)	Tok/s 48603 (54203)	Loss/tok 4.2509 (6.8120)	LR 2.000e-03
Gradient overflow.  Skipping step, loss scaler 0 reducing loss scale to 256.0
Gradient overflow.  Skipping step, loss scaler 0 reducing loss scale to 256.0
Gradient overflow.  Skipping step, loss scaler 0 reducing loss scale to 256.0
Gradient overflow.  Skipping step, loss scaler 0 reducing loss scale to 256.0
Gradient overflow.  Skipping step, loss scaler 0 reducing loss scale to 256.0
Gradient overflow.  Skipping step, loss scaler 0 reducing loss scale to 256.0
Gradient overflow.  Skipping step, loss scaler 0 reducing loss scale to 256.0
Gradient overflow.  Skipping step, loss scaler 0 reducing loss scale to 256.0
0: TRAIN [0][470/1938]	Time 0.279 (0.258)	Data 1.09e-04 (1.77e-03)	Tok/s 60329 (54199)	Loss/tok 4.7709 (6.7661)	LR 2.000e-03
0: TRAIN [0][480/1938]	Time 0.216 (0.258)	Data 1.06e-04 (1.74e-03)	Tok/s 47762 (54281)	Loss/tok 4.2947 (6.7172)	LR 2.000e-03
0: TRAIN [0][490/1938]	Time 0.279 (0.259)	Data 1.24e-04 (1.71e-03)	Tok/s 60070 (54365)	Loss/tok 4.4720 (6.6693)	LR 2.000e-03
0: TRAIN [0][500/1938]	Time 0.277 (0.259)	Data 1.24e-04 (1.67e-03)	Tok/s 62074 (54379)	Loss/tok 4.5122 (6.6260)	LR 2.000e-03
0: TRAIN [0][510/1938]	Time 0.338 (0.259)	Data 1.03e-04 (1.64e-03)	Tok/s 69683 (54438)	Loss/tok 4.6298 (6.5806)	LR 2.000e-03
0: TRAIN [0][520/1938]	Time 0.412 (0.260)	Data 9.94e-05 (1.61e-03)	Tok/s 72573 (54496)	Loss/tok 5.0159 (6.5365)	LR 2.000e-03
0: TRAIN [0][530/1938]	Time 0.278 (0.259)	Data 1.32e-04 (1.59e-03)	Tok/s 60508 (54452)	Loss/tok 4.3770 (6.5003)	LR 2.000e-03
0: TRAIN [0][540/1938]	Time 0.281 (0.259)	Data 1.43e-04 (1.56e-03)	Tok/s 59755 (54376)	Loss/tok 4.4734 (6.4670)	LR 2.000e-03
0: TRAIN [0][550/1938]	Time 0.216 (0.258)	Data 1.63e-04 (1.53e-03)	Tok/s 46904 (54251)	Loss/tok 4.0762 (6.4361)	LR 2.000e-03
0: TRAIN [0][560/1938]	Time 0.279 (0.258)	Data 1.19e-04 (1.51e-03)	Tok/s 59893 (54228)	Loss/tok 4.3735 (6.3996)	LR 2.000e-03
0: TRAIN [0][570/1938]	Time 0.218 (0.258)	Data 1.09e-04 (1.48e-03)	Tok/s 47563 (54346)	Loss/tok 4.0502 (6.3572)	LR 2.000e-03
0: TRAIN [0][580/1938]	Time 0.279 (0.258)	Data 1.11e-04 (1.46e-03)	Tok/s 59636 (54285)	Loss/tok 4.4644 (6.3252)	LR 2.000e-03
0: TRAIN [0][590/1938]	Time 0.216 (0.258)	Data 1.44e-04 (1.44e-03)	Tok/s 48616 (54273)	Loss/tok 3.9457 (6.2914)	LR 2.000e-03
0: TRAIN [0][600/1938]	Time 0.339 (0.258)	Data 1.02e-04 (1.42e-03)	Tok/s 69012 (54243)	Loss/tok 4.4054 (6.2585)	LR 2.000e-03
0: TRAIN [0][610/1938]	Time 0.276 (0.258)	Data 1.13e-04 (1.40e-03)	Tok/s 61174 (54214)	Loss/tok 4.2056 (6.2269)	LR 2.000e-03
0: TRAIN [0][620/1938]	Time 0.216 (0.258)	Data 1.07e-04 (1.38e-03)	Tok/s 47814 (54222)	Loss/tok 3.9068 (6.1940)	LR 2.000e-03
0: TRAIN [0][630/1938]	Time 0.216 (0.257)	Data 1.04e-04 (1.36e-03)	Tok/s 48133 (54115)	Loss/tok 3.9624 (6.1683)	LR 2.000e-03
0: TRAIN [0][640/1938]	Time 0.216 (0.258)	Data 1.08e-04 (1.34e-03)	Tok/s 47652 (54202)	Loss/tok 3.9490 (6.1316)	LR 2.000e-03
0: TRAIN [0][650/1938]	Time 0.278 (0.257)	Data 1.03e-04 (1.32e-03)	Tok/s 60199 (54173)	Loss/tok 4.1298 (6.1034)	LR 2.000e-03
0: TRAIN [0][660/1938]	Time 0.415 (0.257)	Data 1.02e-04 (1.30e-03)	Tok/s 72561 (54146)	Loss/tok 4.5965 (6.0755)	LR 2.000e-03
0: TRAIN [0][670/1938]	Time 0.216 (0.258)	Data 1.29e-04 (1.28e-03)	Tok/s 48335 (54228)	Loss/tok 3.7545 (6.0427)	LR 2.000e-03
0: TRAIN [0][680/1938]	Time 0.217 (0.258)	Data 1.00e-04 (1.27e-03)	Tok/s 46974 (54248)	Loss/tok 3.8296 (6.0134)	LR 2.000e-03
0: TRAIN [0][690/1938]	Time 0.278 (0.258)	Data 9.61e-05 (1.25e-03)	Tok/s 60265 (54289)	Loss/tok 4.0817 (5.9837)	LR 2.000e-03
0: TRAIN [0][700/1938]	Time 0.340 (0.258)	Data 1.57e-04 (1.23e-03)	Tok/s 68886 (54242)	Loss/tok 4.2812 (5.9580)	LR 2.000e-03
0: TRAIN [0][710/1938]	Time 0.161 (0.257)	Data 1.02e-04 (1.22e-03)	Tok/s 33217 (54088)	Loss/tok 3.2829 (5.9390)	LR 2.000e-03
0: TRAIN [0][720/1938]	Time 0.278 (0.257)	Data 2.16e-04 (1.20e-03)	Tok/s 60194 (54049)	Loss/tok 4.1199 (5.9145)	LR 2.000e-03
0: TRAIN [0][730/1938]	Time 0.216 (0.256)	Data 1.84e-04 (1.19e-03)	Tok/s 47121 (53988)	Loss/tok 3.8172 (5.8920)	LR 2.000e-03
0: TRAIN [0][740/1938]	Time 0.215 (0.257)	Data 1.22e-04 (1.17e-03)	Tok/s 48079 (54016)	Loss/tok 3.8078 (5.8656)	LR 2.000e-03
0: TRAIN [0][750/1938]	Time 0.342 (0.257)	Data 1.15e-04 (1.16e-03)	Tok/s 68201 (54119)	Loss/tok 4.2930 (5.8361)	LR 2.000e-03
0: TRAIN [0][760/1938]	Time 0.278 (0.257)	Data 1.01e-04 (1.15e-03)	Tok/s 60839 (54075)	Loss/tok 4.0569 (5.8139)	LR 2.000e-03
0: TRAIN [0][770/1938]	Time 0.216 (0.257)	Data 1.16e-04 (1.13e-03)	Tok/s 47752 (54083)	Loss/tok 3.5995 (5.7897)	LR 2.000e-03
0: TRAIN [0][780/1938]	Time 0.278 (0.257)	Data 1.02e-04 (1.12e-03)	Tok/s 61239 (54085)	Loss/tok 3.8961 (5.7666)	LR 2.000e-03
0: TRAIN [0][790/1938]	Time 0.160 (0.257)	Data 1.05e-04 (1.11e-03)	Tok/s 32572 (54057)	Loss/tok 3.0636 (5.7445)	LR 2.000e-03
0: TRAIN [0][800/1938]	Time 0.278 (0.257)	Data 9.99e-05 (1.09e-03)	Tok/s 60573 (54065)	Loss/tok 3.9121 (5.7218)	LR 2.000e-03
0: TRAIN [0][810/1938]	Time 0.340 (0.257)	Data 1.09e-04 (1.08e-03)	Tok/s 67310 (54078)	Loss/tok 4.1846 (5.6989)	LR 2.000e-03
0: TRAIN [0][820/1938]	Time 0.216 (0.257)	Data 1.05e-04 (1.07e-03)	Tok/s 47485 (54143)	Loss/tok 3.7947 (5.6752)	LR 2.000e-03
0: TRAIN [0][830/1938]	Time 0.340 (0.257)	Data 1.18e-04 (1.06e-03)	Tok/s 68396 (54164)	Loss/tok 4.2913 (5.6539)	LR 2.000e-03
0: TRAIN [0][840/1938]	Time 0.217 (0.257)	Data 9.56e-05 (1.05e-03)	Tok/s 47567 (54194)	Loss/tok 3.7311 (5.6321)	LR 2.000e-03
0: TRAIN [0][850/1938]	Time 0.216 (0.257)	Data 1.06e-04 (1.04e-03)	Tok/s 47496 (54114)	Loss/tok 3.6944 (5.6158)	LR 2.000e-03
0: TRAIN [0][860/1938]	Time 0.339 (0.257)	Data 1.02e-04 (1.03e-03)	Tok/s 68496 (54136)	Loss/tok 4.0925 (5.5949)	LR 2.000e-03
0: TRAIN [0][870/1938]	Time 0.219 (0.257)	Data 1.00e-04 (1.02e-03)	Tok/s 47268 (54119)	Loss/tok 3.6256 (5.5766)	LR 2.000e-03
0: TRAIN [0][880/1938]	Time 0.216 (0.257)	Data 1.19e-04 (1.01e-03)	Tok/s 48758 (54122)	Loss/tok 3.5305 (5.5570)	LR 2.000e-03
0: TRAIN [0][890/1938]	Time 0.216 (0.257)	Data 2.71e-04 (9.96e-04)	Tok/s 47926 (54138)	Loss/tok 3.7112 (5.5381)	LR 2.000e-03
0: TRAIN [0][900/1938]	Time 0.279 (0.257)	Data 1.10e-04 (9.86e-04)	Tok/s 60615 (54170)	Loss/tok 3.8414 (5.5184)	LR 2.000e-03
0: TRAIN [0][910/1938]	Time 0.278 (0.257)	Data 1.10e-04 (9.76e-04)	Tok/s 61089 (54204)	Loss/tok 3.8590 (5.4987)	LR 2.000e-03
0: TRAIN [0][920/1938]	Time 0.278 (0.257)	Data 1.21e-04 (9.67e-04)	Tok/s 60128 (54209)	Loss/tok 3.9650 (5.4813)	LR 2.000e-03
0: TRAIN [0][930/1938]	Time 0.217 (0.257)	Data 1.25e-04 (9.58e-04)	Tok/s 47767 (54183)	Loss/tok 3.5858 (5.4650)	LR 2.000e-03
0: TRAIN [0][940/1938]	Time 0.217 (0.257)	Data 1.00e-04 (9.49e-04)	Tok/s 47078 (54200)	Loss/tok 3.5043 (5.4474)	LR 2.000e-03
0: TRAIN [0][950/1938]	Time 0.216 (0.257)	Data 9.92e-05 (9.40e-04)	Tok/s 48001 (54220)	Loss/tok 3.6378 (5.4296)	LR 2.000e-03
0: TRAIN [0][960/1938]	Time 0.280 (0.257)	Data 1.05e-04 (9.32e-04)	Tok/s 60803 (54281)	Loss/tok 3.7858 (5.4110)	LR 2.000e-03
0: TRAIN [0][970/1938]	Time 0.342 (0.258)	Data 1.04e-04 (9.23e-04)	Tok/s 68939 (54350)	Loss/tok 3.8861 (5.3918)	LR 2.000e-03
0: TRAIN [0][980/1938]	Time 0.216 (0.258)	Data 9.54e-05 (9.15e-04)	Tok/s 48129 (54336)	Loss/tok 3.6761 (5.3769)	LR 2.000e-03
0: TRAIN [0][990/1938]	Time 0.217 (0.258)	Data 8.94e-05 (9.07e-04)	Tok/s 48264 (54321)	Loss/tok 3.6462 (5.3620)	LR 2.000e-03
0: TRAIN [0][1000/1938]	Time 0.276 (0.257)	Data 1.02e-04 (8.99e-04)	Tok/s 59997 (54310)	Loss/tok 3.8618 (5.3467)	LR 2.000e-03
Gradient overflow.  Skipping step, loss scaler 0 reducing loss scale to 2048.0
Gradient overflow.  Skipping step, loss scaler 0 reducing loss scale to 2048.0
Gradient overflow.  Skipping step, loss scaler 0 reducing loss scale to 2048.0
Gradient overflow.  Skipping step, loss scaler 0 reducing loss scale to 2048.0
Gradient overflow.  Skipping step, loss scaler 0 reducing loss scale to 2048.0
Gradient overflow.  Skipping step, loss scaler 0 reducing loss scale to 2048.0
Gradient overflow.  Skipping step, loss scaler 0 reducing loss scale to 2048.0
Gradient overflow.  Skipping step, loss scaler 0 reducing loss scale to 2048.0
0: TRAIN [0][1010/1938]	Time 0.340 (0.257)	Data 1.25e-04 (8.91e-04)	Tok/s 68108 (54292)	Loss/tok 3.9622 (5.3316)	LR 2.000e-03
0: TRAIN [0][1020/1938]	Time 0.278 (0.258)	Data 1.63e-04 (8.84e-04)	Tok/s 60035 (54348)	Loss/tok 3.7808 (5.3144)	LR 2.000e-03
0: TRAIN [0][1030/1938]	Time 0.279 (0.258)	Data 1.05e-04 (8.76e-04)	Tok/s 61326 (54352)	Loss/tok 3.7624 (5.2997)	LR 2.000e-03
0: TRAIN [0][1040/1938]	Time 0.278 (0.258)	Data 2.69e-04 (8.69e-04)	Tok/s 60133 (54322)	Loss/tok 3.9075 (5.2863)	LR 2.000e-03
0: TRAIN [0][1050/1938]	Time 0.216 (0.258)	Data 1.71e-04 (8.62e-04)	Tok/s 46724 (54379)	Loss/tok 3.5056 (5.2694)	LR 2.000e-03
0: TRAIN [0][1060/1938]	Time 0.215 (0.258)	Data 1.02e-04 (8.55e-04)	Tok/s 48175 (54410)	Loss/tok 3.5614 (5.2537)	LR 2.000e-03
0: TRAIN [0][1070/1938]	Time 0.164 (0.258)	Data 6.14e-04 (8.49e-04)	Tok/s 31346 (54411)	Loss/tok 2.9397 (5.2401)	LR 2.000e-03
0: TRAIN [0][1080/1938]	Time 0.280 (0.258)	Data 1.22e-04 (8.42e-04)	Tok/s 59678 (54382)	Loss/tok 3.8239 (5.2277)	LR 2.000e-03
Gradient overflow.  Skipping step, loss scaler 0 reducing loss scale to 1024.0
Gradient overflow.  Skipping step, loss scaler 0 reducing loss scale to 1024.0
Gradient overflow.  Skipping step, loss scaler 0 reducing loss scale to 1024.0
Gradient overflow.  Skipping step, loss scaler 0 reducing loss scale to 1024.0
Gradient overflow.  Skipping step, loss scaler 0 reducing loss scale to 1024.0
Gradient overflow.  Skipping step, loss scaler 0 reducing loss scale to 1024.0
Gradient overflow.  Skipping step, loss scaler 0 reducing loss scale to 1024.0
Gradient overflow.  Skipping step, loss scaler 0 reducing loss scale to 1024.0
0: TRAIN [0][1090/1938]	Time 0.216 (0.258)	Data 1.18e-04 (8.36e-04)	Tok/s 48367 (54369)	Loss/tok 3.5459 (5.2150)	LR 2.000e-03
0: TRAIN [0][1100/1938]	Time 0.161 (0.258)	Data 1.02e-04 (8.29e-04)	Tok/s 32819 (54349)	Loss/tok 3.0281 (5.2022)	LR 2.000e-03
0: TRAIN [0][1110/1938]	Time 0.279 (0.258)	Data 1.13e-04 (8.23e-04)	Tok/s 61108 (54357)	Loss/tok 3.7059 (5.1881)	LR 2.000e-03
0: TRAIN [0][1120/1938]	Time 0.413 (0.258)	Data 9.97e-05 (8.17e-04)	Tok/s 71571 (54405)	Loss/tok 4.1500 (5.1735)	LR 2.000e-03
0: TRAIN [0][1130/1938]	Time 0.216 (0.258)	Data 9.80e-05 (8.11e-04)	Tok/s 48086 (54417)	Loss/tok 3.5077 (5.1604)	LR 2.000e-03
0: TRAIN [0][1140/1938]	Time 0.217 (0.258)	Data 1.10e-04 (8.05e-04)	Tok/s 46826 (54444)	Loss/tok 3.5344 (5.1472)	LR 2.000e-03
0: TRAIN [0][1150/1938]	Time 0.339 (0.259)	Data 1.18e-04 (7.99e-04)	Tok/s 69082 (54472)	Loss/tok 3.9928 (5.1339)	LR 2.000e-03
0: TRAIN [0][1160/1938]	Time 0.217 (0.259)	Data 9.89e-05 (7.94e-04)	Tok/s 47586 (54483)	Loss/tok 3.3430 (5.1213)	LR 2.000e-03
0: TRAIN [0][1170/1938]	Time 0.216 (0.259)	Data 1.01e-04 (7.89e-04)	Tok/s 47931 (54467)	Loss/tok 3.4769 (5.1101)	LR 2.000e-03
0: TRAIN [0][1180/1938]	Time 0.280 (0.258)	Data 9.30e-05 (7.83e-04)	Tok/s 59851 (54437)	Loss/tok 3.9187 (5.0995)	LR 2.000e-03
0: TRAIN [0][1190/1938]	Time 0.414 (0.258)	Data 1.18e-04 (7.77e-04)	Tok/s 71469 (54416)	Loss/tok 4.1888 (5.0888)	LR 2.000e-03
0: TRAIN [0][1200/1938]	Time 0.161 (0.259)	Data 1.03e-04 (7.71e-04)	Tok/s 33149 (54437)	Loss/tok 3.0355 (5.0766)	LR 2.000e-03
0: TRAIN [0][1210/1938]	Time 0.161 (0.258)	Data 9.68e-05 (7.66e-04)	Tok/s 33254 (54395)	Loss/tok 3.0475 (5.0667)	LR 2.000e-03
0: TRAIN [0][1220/1938]	Time 0.279 (0.258)	Data 1.32e-04 (7.61e-04)	Tok/s 61129 (54416)	Loss/tok 3.7460 (5.0548)	LR 2.000e-03
0: TRAIN [0][1230/1938]	Time 0.280 (0.258)	Data 1.04e-04 (7.55e-04)	Tok/s 60010 (54413)	Loss/tok 3.8192 (5.0440)	LR 2.000e-03
0: TRAIN [0][1240/1938]	Time 0.277 (0.259)	Data 9.92e-05 (7.50e-04)	Tok/s 59884 (54443)	Loss/tok 3.7262 (5.0322)	LR 2.000e-03
0: TRAIN [0][1250/1938]	Time 0.217 (0.258)	Data 1.14e-04 (7.45e-04)	Tok/s 47163 (54418)	Loss/tok 3.5407 (5.0224)	LR 2.000e-03
0: TRAIN [0][1260/1938]	Time 0.280 (0.258)	Data 9.58e-05 (7.40e-04)	Tok/s 61106 (54426)	Loss/tok 3.6629 (5.0114)	LR 2.000e-03
0: TRAIN [0][1270/1938]	Time 0.279 (0.258)	Data 9.99e-05 (7.35e-04)	Tok/s 60290 (54385)	Loss/tok 3.7605 (5.0025)	LR 2.000e-03
0: TRAIN [0][1280/1938]	Time 0.414 (0.259)	Data 1.00e-04 (7.30e-04)	Tok/s 71694 (54436)	Loss/tok 4.1644 (4.9911)	LR 2.000e-03
0: TRAIN [0][1290/1938]	Time 0.161 (0.258)	Data 9.87e-05 (7.26e-04)	Tok/s 34012 (54379)	Loss/tok 2.9726 (4.9828)	LR 2.000e-03
0: TRAIN [0][1300/1938]	Time 0.217 (0.258)	Data 1.02e-04 (7.21e-04)	Tok/s 47241 (54339)	Loss/tok 3.4518 (4.9740)	LR 2.000e-03
0: TRAIN [0][1310/1938]	Time 0.215 (0.258)	Data 1.28e-04 (7.16e-04)	Tok/s 48444 (54279)	Loss/tok 3.5270 (4.9656)	LR 2.000e-03
0: TRAIN [0][1320/1938]	Time 0.278 (0.258)	Data 1.05e-04 (7.12e-04)	Tok/s 60521 (54247)	Loss/tok 3.6347 (4.9567)	LR 2.000e-03
0: TRAIN [0][1330/1938]	Time 0.217 (0.257)	Data 1.03e-04 (7.08e-04)	Tok/s 48481 (54231)	Loss/tok 3.5648 (4.9476)	LR 2.000e-03
0: TRAIN [0][1340/1938]	Time 0.217 (0.257)	Data 1.01e-04 (7.03e-04)	Tok/s 46665 (54223)	Loss/tok 3.4020 (4.9380)	LR 2.000e-03
Gradient overflow.  Skipping step, loss scaler 0 reducing loss scale to 2048.0
Gradient overflow.  Skipping step, loss scaler 0 reducing loss scale to 2048.0
Gradient overflow.  Skipping step, loss scaler 0 reducing loss scale to 2048.0
Gradient overflow.  Skipping step, loss scaler 0 reducing loss scale to 2048.0
Gradient overflow.  Skipping step, loss scaler 0 reducing loss scale to 2048.0
Gradient overflow.  Skipping step, loss scaler 0 reducing loss scale to 2048.0
Gradient overflow.  Skipping step, loss scaler 0 reducing loss scale to 2048.0
Gradient overflow.  Skipping step, loss scaler 0 reducing loss scale to 2048.0
0: TRAIN [0][1350/1938]	Time 0.414 (0.258)	Data 1.05e-04 (6.99e-04)	Tok/s 71397 (54246)	Loss/tok 4.1322 (4.9280)	LR 2.000e-03
0: TRAIN [0][1360/1938]	Time 0.412 (0.258)	Data 1.06e-04 (6.95e-04)	Tok/s 71675 (54290)	Loss/tok 4.1227 (4.9174)	LR 2.000e-03
0: TRAIN [0][1370/1938]	Time 0.279 (0.258)	Data 1.18e-04 (6.91e-04)	Tok/s 60832 (54307)	Loss/tok 3.7850 (4.9077)	LR 2.000e-03
0: TRAIN [0][1380/1938]	Time 0.340 (0.258)	Data 1.14e-04 (6.87e-04)	Tok/s 68138 (54321)	Loss/tok 3.7621 (4.8980)	LR 2.000e-03
0: TRAIN [0][1390/1938]	Time 0.277 (0.258)	Data 1.03e-04 (6.82e-04)	Tok/s 60552 (54369)	Loss/tok 3.7523 (4.8878)	LR 2.000e-03
0: TRAIN [0][1400/1938]	Time 0.217 (0.258)	Data 1.15e-04 (6.78e-04)	Tok/s 48147 (54347)	Loss/tok 3.5535 (4.8797)	LR 2.000e-03
0: TRAIN [0][1410/1938]	Time 0.160 (0.258)	Data 1.07e-04 (6.75e-04)	Tok/s 32476 (54299)	Loss/tok 2.9599 (4.8722)	LR 2.000e-03
0: TRAIN [0][1420/1938]	Time 0.280 (0.258)	Data 1.13e-04 (6.71e-04)	Tok/s 59397 (54298)	Loss/tok 3.8076 (4.8638)	LR 2.000e-03
0: TRAIN [0][1430/1938]	Time 0.278 (0.258)	Data 5.42e-04 (6.68e-04)	Tok/s 61450 (54319)	Loss/tok 3.6536 (4.8547)	LR 2.000e-03
0: TRAIN [0][1440/1938]	Time 0.216 (0.258)	Data 1.13e-04 (6.64e-04)	Tok/s 46860 (54312)	Loss/tok 3.3716 (4.8466)	LR 2.000e-03
0: TRAIN [0][1450/1938]	Time 0.339 (0.258)	Data 1.02e-04 (6.61e-04)	Tok/s 67918 (54351)	Loss/tok 3.8983 (4.8369)	LR 2.000e-03
0: TRAIN [0][1460/1938]	Time 0.340 (0.258)	Data 1.26e-04 (6.57e-04)	Tok/s 67821 (54354)	Loss/tok 3.8191 (4.8286)	LR 2.000e-03
0: TRAIN [0][1470/1938]	Time 0.413 (0.258)	Data 1.15e-04 (6.54e-04)	Tok/s 72168 (54370)	Loss/tok 3.9551 (4.8200)	LR 2.000e-03
0: TRAIN [0][1480/1938]	Time 0.217 (0.258)	Data 1.27e-04 (6.50e-04)	Tok/s 47050 (54333)	Loss/tok 3.4169 (4.8130)	LR 2.000e-03
0: TRAIN [0][1490/1938]	Time 0.280 (0.258)	Data 1.31e-04 (6.47e-04)	Tok/s 59725 (54318)	Loss/tok 3.6543 (4.8054)	LR 2.000e-03
Gradient overflow.  Skipping step, loss scaler 0 reducing loss scale to 2048.0
Gradient overflow.  Skipping step, loss scaler 0 reducing loss scale to 2048.0
Gradient overflow.  Skipping step, loss scaler 0 reducing loss scale to 2048.0
Gradient overflow.  Skipping step, loss scaler 0 reducing loss scale to 2048.0
Gradient overflow.  Skipping step, loss scaler 0 reducing loss scale to 2048.0
Gradient overflow.  Skipping step, loss scaler 0 reducing loss scale to 2048.0
Gradient overflow.  Skipping step, loss scaler 0 reducing loss scale to 2048.0
Gradient overflow.  Skipping step, loss scaler 0 reducing loss scale to 2048.0
0: TRAIN [0][1500/1938]	Time 0.280 (0.258)	Data 9.49e-05 (6.43e-04)	Tok/s 60103 (54327)	Loss/tok 3.6819 (4.7973)	LR 2.000e-03
0: TRAIN [0][1510/1938]	Time 0.161 (0.258)	Data 9.92e-05 (6.40e-04)	Tok/s 33291 (54332)	Loss/tok 2.9039 (4.7895)	LR 2.000e-03
0: TRAIN [0][1520/1938]	Time 0.279 (0.258)	Data 6.64e-04 (6.36e-04)	Tok/s 60571 (54301)	Loss/tok 3.5017 (4.7823)	LR 2.000e-03
0: TRAIN [0][1530/1938]	Time 0.278 (0.258)	Data 9.68e-05 (6.33e-04)	Tok/s 60592 (54313)	Loss/tok 3.6092 (4.7744)	LR 2.000e-03
0: TRAIN [0][1540/1938]	Time 0.217 (0.258)	Data 9.80e-05 (6.30e-04)	Tok/s 47945 (54283)	Loss/tok 3.3744 (4.7675)	LR 2.000e-03
0: TRAIN [0][1550/1938]	Time 0.218 (0.258)	Data 9.56e-05 (6.26e-04)	Tok/s 47328 (54295)	Loss/tok 3.3989 (4.7598)	LR 2.000e-03
0: TRAIN [0][1560/1938]	Time 0.160 (0.258)	Data 1.01e-04 (6.23e-04)	Tok/s 32473 (54280)	Loss/tok 2.8835 (4.7528)	LR 2.000e-03
0: TRAIN [0][1570/1938]	Time 0.415 (0.258)	Data 1.11e-04 (6.20e-04)	Tok/s 71660 (54306)	Loss/tok 3.9605 (4.7448)	LR 2.000e-03
0: TRAIN [0][1580/1938]	Time 0.217 (0.258)	Data 1.02e-04 (6.16e-04)	Tok/s 47422 (54297)	Loss/tok 3.2100 (4.7378)	LR 2.000e-03
0: TRAIN [0][1590/1938]	Time 0.280 (0.258)	Data 1.13e-04 (6.14e-04)	Tok/s 61076 (54326)	Loss/tok 3.6925 (4.7298)	LR 2.000e-03
0: TRAIN [0][1600/1938]	Time 0.341 (0.258)	Data 9.80e-05 (6.10e-04)	Tok/s 68018 (54337)	Loss/tok 3.8845 (4.7225)	LR 2.000e-03
0: TRAIN [0][1610/1938]	Time 0.279 (0.258)	Data 1.16e-04 (6.07e-04)	Tok/s 59151 (54330)	Loss/tok 3.5747 (4.7156)	LR 2.000e-03
0: TRAIN [0][1620/1938]	Time 0.280 (0.258)	Data 1.64e-04 (6.05e-04)	Tok/s 60273 (54324)	Loss/tok 3.6100 (4.7086)	LR 2.000e-03
0: TRAIN [0][1630/1938]	Time 0.277 (0.258)	Data 1.74e-04 (6.02e-04)	Tok/s 60290 (54321)	Loss/tok 3.5249 (4.7019)	LR 2.000e-03
0: TRAIN [0][1640/1938]	Time 0.217 (0.258)	Data 9.80e-05 (6.00e-04)	Tok/s 47313 (54282)	Loss/tok 3.3113 (4.6960)	LR 2.000e-03
Gradient overflow.  Skipping step, loss scaler 0 reducing loss scale to 2048.0
Gradient overflow.  Skipping step, loss scaler 0 reducing loss scale to 2048.0
Gradient overflow.  Skipping step, loss scaler 0 reducing loss scale to 2048.0
Gradient overflow.  Skipping step, loss scaler 0 reducing loss scale to 2048.0
Gradient overflow.  Skipping step, loss scaler 0 reducing loss scale to 2048.0
Gradient overflow.  Skipping step, loss scaler 0 reducing loss scale to 2048.0
Gradient overflow.  Skipping step, loss scaler 0 reducing loss scale to 2048.0
Gradient overflow.  Skipping step, loss scaler 0 reducing loss scale to 2048.0
0: TRAIN [0][1650/1938]	Time 0.215 (0.258)	Data 1.56e-04 (5.97e-04)	Tok/s 48486 (54270)	Loss/tok 3.3603 (4.6895)	LR 2.000e-03
0: TRAIN [0][1660/1938]	Time 0.217 (0.258)	Data 1.02e-04 (5.94e-04)	Tok/s 48074 (54262)	Loss/tok 3.3331 (4.6831)	LR 2.000e-03
0: TRAIN [0][1670/1938]	Time 0.278 (0.258)	Data 1.05e-04 (5.91e-04)	Tok/s 58958 (54258)	Loss/tok 3.6722 (4.6768)	LR 2.000e-03
0: TRAIN [0][1680/1938]	Time 0.278 (0.258)	Data 9.99e-05 (5.88e-04)	Tok/s 60665 (54269)	Loss/tok 3.5797 (4.6702)	LR 2.000e-03
0: TRAIN [0][1690/1938]	Time 0.281 (0.258)	Data 1.00e-04 (5.86e-04)	Tok/s 59442 (54239)	Loss/tok 3.6160 (4.6645)	LR 2.000e-03
0: TRAIN [0][1700/1938]	Time 0.416 (0.258)	Data 1.09e-04 (5.83e-04)	Tok/s 70206 (54247)	Loss/tok 3.9658 (4.6579)	LR 2.000e-03
0: TRAIN [0][1710/1938]	Time 0.162 (0.258)	Data 1.07e-04 (5.80e-04)	Tok/s 32356 (54258)	Loss/tok 2.8719 (4.6515)	LR 2.000e-03
0: TRAIN [0][1720/1938]	Time 0.219 (0.258)	Data 2.60e-04 (5.78e-04)	Tok/s 46603 (54225)	Loss/tok 3.4108 (4.6461)	LR 2.000e-03
0: TRAIN [0][1730/1938]	Time 0.339 (0.258)	Data 1.66e-04 (5.76e-04)	Tok/s 69094 (54238)	Loss/tok 3.7804 (4.6397)	LR 2.000e-03
0: TRAIN [0][1740/1938]	Time 0.281 (0.258)	Data 1.00e-04 (5.73e-04)	Tok/s 60089 (54260)	Loss/tok 3.5085 (4.6328)	LR 2.000e-03
0: TRAIN [0][1750/1938]	Time 0.279 (0.258)	Data 1.13e-04 (5.71e-04)	Tok/s 59607 (54259)	Loss/tok 3.5608 (4.6266)	LR 2.000e-03
0: TRAIN [0][1760/1938]	Time 0.341 (0.258)	Data 9.70e-05 (5.68e-04)	Tok/s 68069 (54256)	Loss/tok 3.8340 (4.6204)	LR 2.000e-03
0: TRAIN [0][1770/1938]	Time 0.216 (0.258)	Data 1.38e-04 (5.66e-04)	Tok/s 46813 (54247)	Loss/tok 3.3372 (4.6146)	LR 2.000e-03
0: TRAIN [0][1780/1938]	Time 0.342 (0.258)	Data 1.18e-04 (5.63e-04)	Tok/s 68522 (54244)	Loss/tok 3.7659 (4.6088)	LR 2.000e-03
0: TRAIN [0][1790/1938]	Time 0.279 (0.258)	Data 1.03e-04 (5.61e-04)	Tok/s 60201 (54246)	Loss/tok 3.6283 (4.6031)	LR 2.000e-03
0: TRAIN [0][1800/1938]	Time 0.216 (0.257)	Data 4.40e-04 (5.59e-04)	Tok/s 47550 (54230)	Loss/tok 3.2688 (4.5976)	LR 2.000e-03
0: TRAIN [0][1810/1938]	Time 0.280 (0.257)	Data 1.36e-04 (5.57e-04)	Tok/s 58971 (54220)	Loss/tok 3.5584 (4.5919)	LR 2.000e-03
0: TRAIN [0][1820/1938]	Time 0.279 (0.257)	Data 1.11e-04 (5.54e-04)	Tok/s 60492 (54229)	Loss/tok 3.5914 (4.5858)	LR 2.000e-03
0: TRAIN [0][1830/1938]	Time 0.340 (0.257)	Data 1.02e-04 (5.52e-04)	Tok/s 68526 (54243)	Loss/tok 3.7792 (4.5799)	LR 2.000e-03
