Beginning trial 1 of 2
Gathering sys log on dss01
:::MLL 1570203910.710 submission_benchmark: {"value": "gnmt", "metadata": {"file": "mlperf_log_utils.py", "lineno": 176}}
:::MLL 1570203910.710 submission_org: {"value": "NVIDIA", "metadata": {"file": "mlperf_log_utils.py", "lineno": 181}}
WARNING: Log validation: Key "submission_division" is not in known gnmt keys.
:::MLL 1570203910.711 submission_division: {"value": "closed", "metadata": {"file": "mlperf_log_utils.py", "lineno": 185}}
:::MLL 1570203910.711 submission_status: {"value": "onprem", "metadata": {"file": "mlperf_log_utils.py", "lineno": 189}}
:::MLL 1570203910.712 submission_platform: {"value": "1xDSS8440", "metadata": {"file": "mlperf_log_utils.py", "lineno": 193}}
:::MLL 1570203910.712 submission_entry: {"value": "{'hardware': 'DSS8440', 'framework': 'PyTorch NVIDIA Release 19.05', 'power': 'N/A', 'notes': 'N/A', 'interconnect': 'InfiniBand 100 Gb/sec (4X EDR)', 'os': '\\\\S / ', 'libraries': \"{'container_base': 'Ubuntu-16.04', 'openmpi_version': '3.1.3', 'mofed_version': '5.0-0', 'cuda_version': '10.1.163', 'cuda_driver_version': '418.67', 'nccl_version': '2.4.6', 'cudnn_version': '7.6.0.64', 'cublas_version': '10.2.0.163', 'trt_version': '5.1.5.0', 'dali_version': '0.9.1'}\", 'compilers': 'gcc (Ubuntu 5.4.0-6ubuntu1~16.04.11) 5.4.0 20160609', 'nodes': \"{'num_nodes': '1', 'cpu': '2x Intel(R) Xeon(R) Gold 6230 CPU @ 2.10GHz', 'num_cores': '40', 'num_vcpus': '40', 'accelerator': 'Tesla V100-PCIE-32GB', 'num_accelerators': '8', 'sys_mem_size': '754 GB', 'sys_storage_type': 'SATA SSD', 'sys_storage_size': '1x 447.1G + 1x 931.5G', 'cpu_accel_interconnect': 'UPI', 'network_card': 'Mellanox Technologies MT27700 Family [ConnectX-4]', 'num_network_cards': '1', 'notes': ''}\"}", "metadata": {"file": "mlperf_log_utils.py", "lineno": 197}}
:::MLL 1570203910.712 submission_poc_name: {"value": "Paulius Micikevicius", "metadata": {"file": "mlperf_log_utils.py", "lineno": 201}}
:::MLL 1570203910.713 submission_poc_email: {"value": "pauliusm@nvidia.com", "metadata": {"file": "mlperf_log_utils.py", "lineno": 205}}
Clearing caches
:::MLL 1570203916.698 cache_clear: {"value": true, "metadata": {"file": "<string>", "lineno": 1}}
Launching on node dss01
+ pids+=($!)
+ set +x
++ eval echo
+++ echo
+ docker exec -e DGXSYSTEM=DGX1 -e 'MULTI_NODE= --master_port=4550' -e LR=2.0e-3 -e TRAIN_BATCH_SIZE=256 -e TEST_BATCH_SIZE=128 -e WARMUP_STEPS=200 -e REMAIN_STEPS=6453 -e DECAY_INTERVAL=809 -e TARGET=24.0 -e NUMEPOCHS=8 -e MAX_SEQ_LEN=75 -e 'EXTRA_OPTS=   --fused-attention    --fused-xentropy    --no-log-all-ranks    ' -e SLURM_JOB_ID=191004104332566083034 -e SLURM_NTASKS_PER_NODE= -e SLURM_NNODES=1 cont_191004104332566083034 ./run_and_time.sh
Run vars: id 191004104332566083034 gpus 8 mparams  --master_port=4550
NCCL_SOCKET_NTHREADS=16
NCCL_NSOCKS_PERTHREAD=4
STARTING TIMING RUN AT 2019-10-04 03:45:17 PM
+ DATASET_DIR=/data
+ PREPROC_DATADIR=/preproc_data
+ RESULTS_DIR=gnmt_wmt16
+ LR=2.0e-3
+ TRAIN_BATCH_SIZE=256
+ TEST_BATCH_SIZE=128
+ WARMUP_STEPS=200
+ REMAIN_STEPS=6453
+ DECAY_INTERVAL=809
+ TARGET=24.0
+ MAX_SEQ_LEN=75
+ NUMEPOCHS=8
+ EXTRA_OPTS='   --fused-attention    --fused-xentropy    --no-log-all-ranks    '
+ BIND_LAUNCH=0
+ MATH=amp_fp16
+ [[ 0 -eq 1 ]]
+ LAUNCH_OPT='torch.distributed.launch --nproc_per_node 8  --master_port=4550'
running benchmark
+ echo 'running benchmark'
+ python -m torch.distributed.launch --nproc_per_node 8 --master_port=4550 train.py --save gnmt_wmt16 --dataset-dir /data --preproc-data-dir /preproc_data --target-bleu 24.0 --epochs 8 --math amp_fp16 --max-length-train 75 --print-freq 10 --train-batch-size 256 --test-batch-size 128 --optimizer FusedAdam --lr 2.0e-3 --warmup-steps 200 --remain-steps 6453 --decay-interval 809 --fused-attention --fused-xentropy --no-log-all-ranks
:::MLL 1570203919.426 init_start: {"value": null, "metadata": {"file": "train.py", "lineno": 287}}
:::MLL 1570203919.426 init_start: {"value": null, "metadata": {"file": "train.py", "lineno": 287}}
:::MLL 1570203919.426 init_start: {"value": null, "metadata": {"file": "train.py", "lineno": 287}}
:::MLL 1570203919.426 init_start: {"value": null, "metadata": {"file": "train.py", "lineno": 287}}
:::MLL 1570203919.426 init_start: {"value": null, "metadata": {"file": "train.py", "lineno": 287}}
:::MLL 1570203919.426 init_start: {"value": null, "metadata": {"file": "train.py", "lineno": 287}}
:::MLL 1570203919.426 init_start: {"value": null, "metadata": {"file": "train.py", "lineno": 287}}
:::MLL 1570203919.428 init_start: {"value": null, "metadata": {"file": "train.py", "lineno": 287}}
0: Saving results to: results/gnmt_wmt16
0: Run arguments: Namespace(apex_message_size=10000000.0, apex_num_allreduce_streams=1, batching='bucketing', beam_size=5, cov_penalty_factor=0.1, cuda=True, cudnn=True, dataset_dir='/data', decay_factor=0.5, decay_interval=809, decay_steps=4, dropout=0.2, enable_apex_allreduce_overlap=False, env=False, epochs=8, eval=True, fused_attention=True, fused_xentropy=True, grad_clip=5.0, hidden_size=1024, init_scale=1024, intra_epoch_eval=0, keep_checkpoints=0, len_norm_const=5.0, len_norm_factor=0.6, local_rank=0, log_all_ranks=False, lr=0.002, math='amp_fp16', max_length_test=150, max_length_train=75, max_size=None, min_length_test=0, min_length_train=0, num_buckets=5, num_layers=4, optimizer='FusedAdam', optimizer_extra='{}', prealloc_mode='always', preproc_data_dir='/preproc_data', print_freq=10, rank=0, remain_steps=6453, results_dir='results', resume=None, save='gnmt_wmt16', save_all=False, save_freq=5000, save_path='results/gnmt_wmt16', seed=None, shard_size=80, share_embedding=True, smoothing=0.1, start_epoch=0, target_bleu=24.0, test_batch_size=128, test_loader_workers=0, train_batch_size=256, train_global_batch_size=None, train_iter_size=1, train_loader_workers=1, upscale_interval=128, use_preproc_data=True, warmup_steps=200)
0: L2 promotion: 128B
0: Using random master seed: 2794075642
dss01:464:464 [0] NCCL INFO Bootstrap : Using [0]eth0:10.141.0.200<0>
dss01:464:464 [0] NCCL INFO NET/Plugin : No plugin found (libnccl-net.so).

dss01:464:464 [0] misc/ibvwrap.cc:212 NCCL WARN Call to ibv_open_device failed

dss01:464:464 [0] transport/net_ib.cc:117 NCCL WARN NET/IB : Unable to open device mlx5_0
dss01:464:464 [0] NCCL INFO NET/IB : No device found.
dss01:464:464 [0] NCCL INFO NET/Socket : Using [0]eth0:10.141.0.200<0>
NCCL version 2.4.8+cuda10.1
dss01:471:471 [7] NCCL INFO Bootstrap : Using [0]eth0:10.141.0.200<0>
dss01:471:471 [7] NCCL INFO NET/Plugin : No plugin found (libnccl-net.so).
dss01:465:465 [1] NCCL INFO Bootstrap : Using [0]eth0:10.141.0.200<0>
dss01:465:465 [1] NCCL INFO NET/Plugin : No plugin found (libnccl-net.so).
dss01:470:470 [6] NCCL INFO Bootstrap : Using [0]eth0:10.141.0.200<0>
dss01:470:470 [6] NCCL INFO NET/Plugin : No plugin found (libnccl-net.so).
dss01:468:468 [4] NCCL INFO Bootstrap : Using [0]eth0:10.141.0.200<0>
dss01:468:468 [4] NCCL INFO NET/Plugin : No plugin found (libnccl-net.so).
dss01:469:469 [5] NCCL INFO Bootstrap : Using [0]eth0:10.141.0.200<0>
dss01:469:469 [5] NCCL INFO NET/Plugin : No plugin found (libnccl-net.so).
dss01:466:466 [2] NCCL INFO Bootstrap : Using [0]eth0:10.141.0.200<0>
dss01:466:466 [2] NCCL INFO NET/Plugin : No plugin found (libnccl-net.so).
dss01:467:467 [3] NCCL INFO Bootstrap : Using [0]eth0:10.141.0.200<0>
dss01:467:467 [3] NCCL INFO NET/Plugin : No plugin found (libnccl-net.so).

dss01:471:471 [7] misc/ibvwrap.cc:212 NCCL WARN Call to ibv_open_device failed

dss01:471:471 [7] transport/net_ib.cc:117 NCCL WARN NET/IB : Unable to open device mlx5_0
dss01:471:471 [7] NCCL INFO NET/IB : No device found.

dss01:465:465 [1] misc/ibvwrap.cc:212 NCCL WARN Call to ibv_open_device failed

dss01:465:465 [1] transport/net_ib.cc:117 NCCL WARN NET/IB : Unable to open device mlx5_0
dss01:465:465 [1] NCCL INFO NET/IB : No device found.

dss01:470:470 [6] misc/ibvwrap.cc:212 NCCL WARN Call to ibv_open_device failed

dss01:470:470 [6] transport/net_ib.cc:117 NCCL WARN NET/IB : Unable to open device mlx5_0
dss01:470:470 [6] NCCL INFO NET/IB : No device found.

dss01:469:469 [5] misc/ibvwrap.cc:212 NCCL WARN Call to ibv_open_device failed

dss01:469:469 [5] transport/net_ib.cc:117 NCCL WARN NET/IB : Unable to open device mlx5_0
dss01:469:469 [5] NCCL INFO NET/IB : No device found.

dss01:468:468 [4] misc/ibvwrap.cc:212 NCCL WARN Call to ibv_open_device failed

dss01:468:468 [4] transport/net_ib.cc:117 NCCL WARN NET/IB : Unable to open device mlx5_0
dss01:468:468 [4] NCCL INFO NET/IB : No device found.

dss01:466:466 [2] misc/ibvwrap.cc:212 NCCL WARN Call to ibv_open_device failed

dss01:466:466 [2] transport/net_ib.cc:117 NCCL WARN NET/IB : Unable to open device mlx5_0
dss01:466:466 [2] NCCL INFO NET/IB : No device found.

dss01:467:467 [3] misc/ibvwrap.cc:212 NCCL WARN Call to ibv_open_device failed

dss01:467:467 [3] transport/net_ib.cc:117 NCCL WARN NET/IB : Unable to open device mlx5_0
dss01:467:467 [3] NCCL INFO NET/IB : No device found.
dss01:471:471 [7] NCCL INFO NET/Socket : Using [0]eth0:10.141.0.200<0>
dss01:465:465 [1] NCCL INFO NET/Socket : Using [0]eth0:10.141.0.200<0>
dss01:470:470 [6] NCCL INFO NET/Socket : Using [0]eth0:10.141.0.200<0>
dss01:469:469 [5] NCCL INFO NET/Socket : Using [0]eth0:10.141.0.200<0>
dss01:466:466 [2] NCCL INFO NET/Socket : Using [0]eth0:10.141.0.200<0>
dss01:467:467 [3] NCCL INFO NET/Socket : Using [0]eth0:10.141.0.200<0>
dss01:468:468 [4] NCCL INFO NET/Socket : Using [0]eth0:10.141.0.200<0>
dss01:464:826 [0] NCCL INFO Setting affinity for GPU 0 to 55,55555555
dss01:471:827 [7] NCCL INFO Setting affinity for GPU 7 to aa,aaaaaaaa
dss01:470:829 [6] NCCL INFO Setting affinity for GPU 6 to aa,aaaaaaaa
dss01:465:828 [1] NCCL INFO Setting affinity for GPU 1 to 55,55555555
dss01:466:832 [2] NCCL INFO Setting affinity for GPU 2 to 55,55555555
dss01:467:830 [3] NCCL INFO Setting affinity for GPU 3 to 55,55555555
dss01:469:831 [5] NCCL INFO Setting affinity for GPU 5 to aa,aaaaaaaa
dss01:468:833 [4] NCCL INFO Setting affinity for GPU 4 to aa,aaaaaaaa
dss01:471:827 [7] NCCL INFO NCCL_P2P_LEVEL set by environment to 3.
dss01:464:826 [0] NCCL INFO NCCL_P2P_LEVEL set by environment to 3.
dss01:465:828 [1] NCCL INFO NCCL_P2P_LEVEL set by environment to 3.
dss01:466:832 [2] NCCL INFO NCCL_P2P_LEVEL set by environment to 3.
dss01:467:830 [3] NCCL INFO NCCL_P2P_LEVEL set by environment to 3.
dss01:469:831 [5] NCCL INFO NCCL_P2P_LEVEL set by environment to 3.
dss01:468:833 [4] NCCL INFO NCCL_P2P_LEVEL set by environment to 3.
dss01:470:829 [6] NCCL INFO NCCL_P2P_LEVEL set by environment to 3.
dss01:464:826 [0] NCCL INFO Channel 00 :    0   1   2   3   4   5   6   7
dss01:466:832 [2] NCCL INFO Ring 00 : 2[2] -> 3[3] via P2P/IPC
dss01:468:833 [4] NCCL INFO Ring 00 : 4[4] -> 5[5] via P2P/IPC
dss01:470:829 [6] NCCL INFO Ring 00 : 6[6] -> 7[7] via P2P/IPC
dss01:464:826 [0] NCCL INFO Ring 00 : 0[0] -> 1[1] via P2P/IPC
dss01:467:830 [3] NCCL INFO Ring 00 : 3[3] -> 4[4] via direct shared memory
dss01:469:831 [5] NCCL INFO Ring 00 : 5[5] -> 6[6] via direct shared memory
dss01:471:827 [7] NCCL INFO Ring 00 : 7[7] -> 0[0] via direct shared memory
dss01:465:828 [1] NCCL INFO Ring 00 : 1[1] -> 2[2] via direct shared memory
dss01:464:826 [0] NCCL INFO Using 256 threads, Min Comp Cap 7, Trees disabled
dss01:469:831 [5] NCCL INFO comm 0x7fff5c007590 rank 5 nranks 8 cudaDev 5 nvmlDev 5 - Init COMPLETE
dss01:471:827 [7] NCCL INFO comm 0x7ffe98007590 rank 7 nranks 8 cudaDev 7 nvmlDev 7 - Init COMPLETE
dss01:465:828 [1] NCCL INFO comm 0x7fff4c007590 rank 1 nranks 8 cudaDev 1 nvmlDev 1 - Init COMPLETE
dss01:467:830 [3] NCCL INFO comm 0x7fff68007590 rank 3 nranks 8 cudaDev 3 nvmlDev 3 - Init COMPLETE
dss01:466:832 [2] NCCL INFO comm 0x7ffe70007590 rank 2 nranks 8 cudaDev 2 nvmlDev 2 - Init COMPLETE
dss01:464:826 [0] NCCL INFO comm 0x7fff20007590 rank 0 nranks 8 cudaDev 0 nvmlDev 0 - Init COMPLETE
dss01:464:464 [0] NCCL INFO Launch mode Parallel
0: Worker 0 is using worker seed: 55964605
0: Building vocabulary from /data/vocab.bpe.32000
dss01:468:833 [4] NCCL INFO comm 0x7ffe84007590 rank 4 nranks 8 cudaDev 4 nvmlDev 4 - Init COMPLETE
0: Size of vocabulary: 32320
dss01:470:829 [6] NCCL INFO comm 0x7ffe98007590 rank 6 nranks 8 cudaDev 6 nvmlDev 6 - Init COMPLETE
0: Fused attention flag set to True
0: GNMT(
  (encoder): ResidualRecurrentEncoder(
    (rnn_layers): ModuleList(
      (0): EmuBidirLSTM(
        (bidir): LSTM(1024, 1024, bidirectional=True)
        (layer1): LSTM(1024, 1024)
        (layer2): LSTM(1024, 1024)
      )
      (1): LSTM(2048, 1024)
      (2): LSTM(1024, 1024)
      (3): LSTM(1024, 1024)
    )
    (dropout): Dropout(p=0.2)
    (embedder): Embedding(32320, 1024, padding_idx=0)
  )
  (decoder): ResidualRecurrentDecoder(
    (att_rnn): RecurrentAttention(
      (rnn): LSTM(1024, 1024)
      (attn): BahdanauAttention(
        (linear_q): Linear(in_features=1024, out_features=1024, bias=False)
        (linear_k): Linear(in_features=1024, out_features=1024, bias=False)
      )
      (dropout): Dropout(p=0.2)
    )
    (rnn_layers): ModuleList(
      (0): LSTM(2048, 1024)
      (1): LSTM(2048, 1024)
      (2): LSTM(2048, 1024)
    )
    (embedder): Embedding(32320, 1024, padding_idx=0)
    (classifier): Classifier(
      (classifier): Linear(in_features=1024, out_features=32320, bias=True)
    )
    (dropout): Dropout(p=0.2)
  )
)
0: Building LabelSmoothingLoss (smoothing: 0.1)
0: Fused xentropy flag set to True
0: Training optimizer config: {'optimizer': 'FusedAdam', 'lr': 0.002}
0: Number of parameters: 160671297
0: Saving state of the tokenizer
Selected optimization level O2:  FP16 training with FP32 batchnorm and FP32 master weights.

Defaults for this optimization level are:
enabled                : True
opt_level              : O2
cast_model_type        : torch.float16
patch_torch_functions  : False
keep_batchnorm_fp32    : True
master_weights         : True
loss_scale             : dynamic
Processing user overrides (additional kwargs that are not None)...
After processing overrides, optimization options are:
enabled                : True
opt_level              : O2
cast_model_type        : torch.float16
patch_torch_functions  : False
keep_batchnorm_fp32    : False
master_weights         : True
loss_scale             : dynamic
0: Initializing amp optimizer
0: Using optimizer: FusedAdam (
Parameter Group 0
    betas: (0.9, 0.999)
    bias_correction: True
    eps: 1e-08
    lr: 0.002
    max_grad_norm: 5.0
    weight_decay: 0.0
)
:::MLL 1570203942.640 opt_base_learning_rate: {"value": 0.002, "metadata": {"file": "seq2seq/train/trainer.py", "lineno": 169}}
0: Executing preallocation
:::MLL 1570203945.402 init_stop: {"value": null, "metadata": {"file": "train.py", "lineno": 406}}
:::MLL 1570203945.403 run_start: {"value": null, "metadata": {"file": "train.py", "lineno": 408}}
:::MLL 1570203945.403 max_sequence_length: {"value": 75, "metadata": {"method": "discard", "file": "train.py", "lineno": 413}}
0: Reading preprocessed data file from /preproc_data/training.bin
0: Preprocessed data: length: 3975116 min length: 0 max length: 75 
0: Opening preprocessed data /preproc_data/training.bin for reading
0: Processing data from /data/newstest2014.tok.bpe.32000.en
0: Filtering data, min len: 0, max len: 150
0: Pairs before: 3003, after: 3003
:::MLL 1570203946.296 global_batch_size: {"value": 2048, "metadata": {"file": "train.py", "lineno": 458}}
0: Training LR schedule config: {'warmup_steps': 200, 'remain_steps': 6453, 'decay_interval': 809, 'decay_steps': 4, 'decay_factor': 0.5}
0: Scheduler warmup steps: 200
0: Scheduler remain steps: 6453
0: Scheduler decay interval: 809
0: Scheduler decay factor: 0.5
0: Scheduler max decay steps: 4
:::MLL 1570203946.298 opt_learning_rate_alt_decay_func: {"value": true, "metadata": {"file": "seq2seq/train/lr_scheduler.py", "lineno": 78}}
:::MLL 1570203946.298 opt_learning_rate_alt_warmup_func: {"value": true, "metadata": {"file": "seq2seq/train/lr_scheduler.py", "lineno": 80}}
:::MLL 1570203946.298 opt_learning_rate_decay_interval: {"value": 809, "metadata": {"file": "seq2seq/train/lr_scheduler.py", "lineno": 83}}
:::MLL 1570203946.298 opt_learning_rate_decay_factor: {"value": 0.5, "metadata": {"file": "seq2seq/train/lr_scheduler.py", "lineno": 85}}
:::MLL 1570203946.299 opt_learning_rate_decay_steps: {"value": 4, "metadata": {"file": "seq2seq/train/lr_scheduler.py", "lineno": 87}}
:::MLL 1570203946.299 opt_learning_rate_remain_steps: {"value": 6453, "metadata": {"file": "seq2seq/train/lr_scheduler.py", "lineno": 89}}
:::MLL 1570203946.299 opt_learning_rate_warmup_steps: {"value": 200, "metadata": {"file": "seq2seq/train/lr_scheduler.py", "lineno": 91}}
:::MLL 1570203946.468 block_start: {"value": null, "metadata": {"first_epoch_num": 1, "epoch_count": 1, "file": "train.py", "lineno": 511}}
:::MLL 1570203946.468 epoch_start: {"value": null, "metadata": {"epoch_num": 1, "file": "train.py", "lineno": 514}}
0: Starting epoch 0
0: Executing preallocation
0: Sampler for epoch 0 uses seed 695755185
Gradient overflow.  Skipping step, loss scaler 0 reducing loss scale to 256.0
Gradient overflow.  Skipping step, loss scaler 0 reducing loss scale to 256.0
Gradient overflow.  Skipping step, loss scaler 0 reducing loss scale to 256.0
Gradient overflow.  Skipping step, loss scaler 0 reducing loss scale to 256.0
Gradient overflow.  Skipping step, loss scaler 0 reducing loss scale to 256.0
Gradient overflow.  Skipping step, loss scaler 0 reducing loss scale to 256.0
Gradient overflow.  Skipping step, loss scaler 0 reducing loss scale to 256.0
Gradient overflow.  Skipping step, loss scaler 0 reducing loss scale to 256.0
0: TRAIN [0][0/1938]	Time 1.065 (1.065)	Data 7.71e-01 (7.71e-01)	Tok/s 15640 (15640)	Loss/tok 10.6422 (10.6422)	LR 2.000e-05
0: TRAIN [0][10/1938]	Time 0.214 (0.311)	Data 1.28e-04 (7.02e-02)	Tok/s 47457 (47605)	Loss/tok 9.7020 (10.2210)	LR 2.518e-05
0: TRAIN [0][20/1938]	Time 0.278 (0.291)	Data 1.24e-04 (3.68e-02)	Tok/s 60483 (52844)	Loss/tok 9.3345 (9.8440)	LR 3.170e-05
0: TRAIN [0][30/1938]	Time 0.216 (0.271)	Data 1.04e-04 (2.50e-02)	Tok/s 46944 (52013)	Loss/tok 8.9484 (9.6462)	LR 3.991e-05
0: TRAIN [0][40/1938]	Time 0.161 (0.271)	Data 1.14e-04 (1.89e-02)	Tok/s 33089 (52709)	Loss/tok 8.4710 (9.4587)	LR 5.024e-05
0: TRAIN [0][50/1938]	Time 0.215 (0.264)	Data 1.18e-04 (1.52e-02)	Tok/s 47455 (52365)	Loss/tok 8.4254 (9.3152)	LR 6.325e-05
0: TRAIN [0][60/1938]	Time 0.160 (0.266)	Data 1.18e-04 (1.28e-02)	Tok/s 33014 (53414)	Loss/tok 8.0516 (9.1824)	LR 7.962e-05
0: TRAIN [0][70/1938]	Time 0.277 (0.266)	Data 4.99e-04 (1.10e-02)	Tok/s 60939 (53876)	Loss/tok 8.1957 (9.0452)	LR 1.002e-04
0: TRAIN [0][80/1938]	Time 0.277 (0.269)	Data 1.09e-04 (9.65e-03)	Tok/s 61167 (54650)	Loss/tok 8.0948 (8.9176)	LR 1.262e-04
0: TRAIN [0][90/1938]	Time 0.216 (0.266)	Data 1.32e-04 (8.60e-03)	Tok/s 48256 (54336)	Loss/tok 7.8467 (8.8298)	LR 1.589e-04
0: TRAIN [0][100/1938]	Time 0.215 (0.264)	Data 1.02e-04 (7.76e-03)	Tok/s 49213 (54169)	Loss/tok 7.8674 (8.7513)	LR 2.000e-04
0: TRAIN [0][110/1938]	Time 0.214 (0.263)	Data 1.20e-04 (7.07e-03)	Tok/s 48495 (54114)	Loss/tok 7.8676 (8.6836)	LR 2.518e-04
0: TRAIN [0][120/1938]	Time 0.216 (0.262)	Data 1.04e-04 (6.50e-03)	Tok/s 49065 (54048)	Loss/tok 7.7652 (8.6238)	LR 3.170e-04
Gradient overflow.  Skipping step, loss scaler 0 reducing loss scale to 256.0
Gradient overflow.  Skipping step, loss scaler 0 reducing loss scale to 256.0
Gradient overflow.  Skipping step, loss scaler 0 reducing loss scale to 256.0
Gradient overflow.  Skipping step, loss scaler 0 reducing loss scale to 256.0
Gradient overflow.  Skipping step, loss scaler 0 reducing loss scale to 256.0
Gradient overflow.  Skipping step, loss scaler 0 reducing loss scale to 256.0
Gradient overflow.  Skipping step, loss scaler 0 reducing loss scale to 256.0
Gradient overflow.  Skipping step, loss scaler 0 reducing loss scale to 256.0
Gradient overflow.  Skipping step, loss scaler 0 reducing loss scale to 128.0
Gradient overflow.  Skipping step, loss scaler 0 reducing loss scale to 128.0
Gradient overflow.  Skipping step, loss scaler 0 reducing loss scale to 128.0
Gradient overflow.  Skipping step, loss scaler 0 reducing loss scale to 128.0
Gradient overflow.  Skipping step, loss scaler 0 reducing loss scale to 128.0
Gradient overflow.  Skipping step, loss scaler 0 reducing loss scale to 128.0
Gradient overflow.  Skipping step, loss scaler 0 reducing loss scale to 128.0
Gradient overflow.  Skipping step, loss scaler 0 reducing loss scale to 128.0
0: TRAIN [0][130/1938]	Time 0.274 (0.260)	Data 1.20e-04 (6.01e-03)	Tok/s 61430 (53866)	Loss/tok 8.1834 (8.5804)	LR 3.811e-04
0: TRAIN [0][140/1938]	Time 0.274 (0.263)	Data 1.20e-04 (5.59e-03)	Tok/s 60029 (54383)	Loss/tok 7.8516 (8.5257)	LR 4.798e-04
0: TRAIN [0][150/1938]	Time 0.277 (0.263)	Data 1.50e-04 (5.23e-03)	Tok/s 61113 (54515)	Loss/tok 7.8149 (8.4803)	LR 6.040e-04
0: TRAIN [0][160/1938]	Time 0.214 (0.262)	Data 1.20e-04 (4.91e-03)	Tok/s 48172 (54486)	Loss/tok 7.5932 (8.4366)	LR 7.604e-04
0: TRAIN [0][170/1938]	Time 0.340 (0.263)	Data 1.09e-04 (4.63e-03)	Tok/s 68060 (54839)	Loss/tok 7.7285 (8.3903)	LR 9.573e-04
0: TRAIN [0][180/1938]	Time 0.214 (0.261)	Data 1.11e-04 (4.38e-03)	Tok/s 47458 (54560)	Loss/tok 7.2988 (8.3487)	LR 1.205e-03
0: TRAIN [0][190/1938]	Time 0.279 (0.259)	Data 1.04e-04 (4.16e-03)	Tok/s 59638 (54260)	Loss/tok 7.3018 (8.3062)	LR 1.517e-03
0: TRAIN [0][200/1938]	Time 0.216 (0.259)	Data 1.14e-04 (3.96e-03)	Tok/s 48145 (54363)	Loss/tok 6.9900 (8.2508)	LR 1.910e-03
0: TRAIN [0][210/1938]	Time 0.215 (0.258)	Data 1.15e-04 (3.77e-03)	Tok/s 48494 (54260)	Loss/tok 6.8267 (8.1980)	LR 2.000e-03
0: TRAIN [0][220/1938]	Time 0.215 (0.258)	Data 1.08e-04 (3.61e-03)	Tok/s 48130 (54272)	Loss/tok 6.8805 (8.1494)	LR 2.000e-03
0: TRAIN [0][230/1938]	Time 0.216 (0.258)	Data 1.05e-04 (3.46e-03)	Tok/s 48345 (54156)	Loss/tok 6.5699 (8.0954)	LR 2.000e-03
0: TRAIN [0][240/1938]	Time 0.215 (0.257)	Data 1.07e-04 (3.32e-03)	Tok/s 47875 (54171)	Loss/tok 6.3630 (8.0352)	LR 2.000e-03
0: TRAIN [0][250/1938]	Time 0.337 (0.258)	Data 1.05e-04 (3.19e-03)	Tok/s 70335 (54292)	Loss/tok 6.6628 (7.9697)	LR 2.000e-03
0: TRAIN [0][260/1938]	Time 0.277 (0.258)	Data 1.11e-04 (3.08e-03)	Tok/s 60934 (54346)	Loss/tok 6.3840 (7.9073)	LR 2.000e-03
0: TRAIN [0][270/1938]	Time 0.275 (0.258)	Data 1.19e-04 (2.97e-03)	Tok/s 60363 (54393)	Loss/tok 6.3509 (7.8465)	LR 2.000e-03
0: TRAIN [0][280/1938]	Time 0.274 (0.258)	Data 1.08e-04 (2.87e-03)	Tok/s 60935 (54442)	Loss/tok 6.2142 (7.7831)	LR 2.000e-03
0: TRAIN [0][290/1938]	Time 0.215 (0.258)	Data 1.10e-04 (2.77e-03)	Tok/s 48526 (54384)	Loss/tok 5.9258 (7.7250)	LR 2.000e-03
0: TRAIN [0][300/1938]	Time 0.215 (0.258)	Data 1.05e-04 (2.68e-03)	Tok/s 49092 (54461)	Loss/tok 5.6972 (7.6626)	LR 2.000e-03
0: TRAIN [0][310/1938]	Time 0.338 (0.258)	Data 1.01e-04 (2.60e-03)	Tok/s 68436 (54560)	Loss/tok 6.0240 (7.5992)	LR 2.000e-03
0: TRAIN [0][320/1938]	Time 0.413 (0.258)	Data 1.09e-04 (2.52e-03)	Tok/s 72724 (54453)	Loss/tok 6.0813 (7.5458)	LR 2.000e-03
0: TRAIN [0][330/1938]	Time 0.216 (0.258)	Data 1.08e-04 (2.45e-03)	Tok/s 47463 (54499)	Loss/tok 5.4842 (7.4882)	LR 2.000e-03
0: TRAIN [0][340/1938]	Time 0.277 (0.257)	Data 1.07e-04 (2.38e-03)	Tok/s 60488 (54406)	Loss/tok 5.8437 (7.4382)	LR 2.000e-03
0: TRAIN [0][350/1938]	Time 0.278 (0.257)	Data 1.48e-04 (2.32e-03)	Tok/s 59822 (54440)	Loss/tok 5.5555 (7.3841)	LR 2.000e-03
0: TRAIN [0][360/1938]	Time 0.216 (0.257)	Data 1.04e-04 (2.26e-03)	Tok/s 48288 (54347)	Loss/tok 5.0410 (7.3356)	LR 2.000e-03
0: TRAIN [0][370/1938]	Time 0.411 (0.258)	Data 1.26e-04 (2.20e-03)	Tok/s 71583 (54464)	Loss/tok 5.8590 (7.2748)	LR 2.000e-03
0: TRAIN [0][380/1938]	Time 0.215 (0.259)	Data 1.05e-04 (2.15e-03)	Tok/s 47657 (54585)	Loss/tok 4.9384 (7.2143)	LR 2.000e-03
0: TRAIN [0][390/1938]	Time 0.216 (0.258)	Data 1.13e-04 (2.10e-03)	Tok/s 47252 (54559)	Loss/tok 4.7591 (7.1647)	LR 2.000e-03
0: TRAIN [0][400/1938]	Time 0.276 (0.258)	Data 1.07e-04 (2.05e-03)	Tok/s 61084 (54511)	Loss/tok 5.0123 (7.1158)	LR 2.000e-03
0: TRAIN [0][410/1938]	Time 0.216 (0.258)	Data 1.12e-04 (2.00e-03)	Tok/s 47935 (54508)	Loss/tok 4.7665 (7.0648)	LR 2.000e-03
0: TRAIN [0][420/1938]	Time 0.217 (0.258)	Data 1.30e-04 (1.95e-03)	Tok/s 47263 (54463)	Loss/tok 4.6015 (7.0152)	LR 2.000e-03
0: TRAIN [0][430/1938]	Time 0.160 (0.258)	Data 1.19e-04 (1.91e-03)	Tok/s 33059 (54435)	Loss/tok 3.7823 (6.9659)	LR 2.000e-03
0: TRAIN [0][440/1938]	Time 0.216 (0.257)	Data 1.10e-04 (1.87e-03)	Tok/s 47202 (54364)	Loss/tok 4.3595 (6.9214)	LR 2.000e-03
0: TRAIN [0][450/1938]	Time 0.217 (0.257)	Data 1.05e-04 (1.83e-03)	Tok/s 47181 (54317)	Loss/tok 4.4135 (6.8757)	LR 2.000e-03
0: TRAIN [0][460/1938]	Time 0.277 (0.257)	Data 1.02e-04 (1.79e-03)	Tok/s 59999 (54357)	Loss/tok 4.7928 (6.8264)	LR 2.000e-03
0: TRAIN [0][470/1938]	Time 0.279 (0.258)	Data 1.10e-04 (1.76e-03)	Tok/s 60179 (54414)	Loss/tok 4.6588 (6.7761)	LR 2.000e-03
0: TRAIN [0][480/1938]	Time 0.412 (0.258)	Data 1.38e-04 (1.73e-03)	Tok/s 73922 (54442)	Loss/tok 5.0753 (6.7294)	LR 2.000e-03
0: TRAIN [0][490/1938]	Time 0.217 (0.258)	Data 1.09e-04 (1.69e-03)	Tok/s 48210 (54434)	Loss/tok 4.2018 (6.6865)	LR 2.000e-03
0: TRAIN [0][500/1938]	Time 0.414 (0.258)	Data 1.18e-04 (1.66e-03)	Tok/s 72002 (54547)	Loss/tok 4.8723 (6.6354)	LR 2.000e-03
0: TRAIN [0][510/1938]	Time 0.162 (0.258)	Data 1.05e-04 (1.63e-03)	Tok/s 32524 (54462)	Loss/tok 3.4373 (6.5982)	LR 2.000e-03
0: TRAIN [0][520/1938]	Time 0.217 (0.258)	Data 1.10e-04 (1.60e-03)	Tok/s 47929 (54465)	Loss/tok 4.0753 (6.5573)	LR 2.000e-03
0: TRAIN [0][530/1938]	Time 0.341 (0.258)	Data 1.34e-04 (1.58e-03)	Tok/s 68222 (54497)	Loss/tok 4.7526 (6.5160)	LR 2.000e-03
0: TRAIN [0][540/1938]	Time 0.217 (0.258)	Data 1.25e-04 (1.55e-03)	Tok/s 47466 (54538)	Loss/tok 4.0639 (6.4745)	LR 2.000e-03
Gradient overflow.  Skipping step, loss scaler 0 reducing loss scale to 512.0
Gradient overflow.  Skipping step, loss scaler 0 reducing loss scale to 512.0
Gradient overflow.  Skipping step, loss scaler 0 reducing loss scale to 512.0
Gradient overflow.  Skipping step, loss scaler 0 reducing loss scale to 512.0
Gradient overflow.  Skipping step, loss scaler 0 reducing loss scale to 512.0
Gradient overflow.  Skipping step, loss scaler 0 reducing loss scale to 512.0
Gradient overflow.  Skipping step, loss scaler 0 reducing loss scale to 512.0
Gradient overflow.  Skipping step, loss scaler 0 reducing loss scale to 512.0
0: TRAIN [0][550/1938]	Time 0.216 (0.259)	Data 1.20e-04 (1.52e-03)	Tok/s 49163 (54596)	Loss/tok 4.0897 (6.4328)	LR 2.000e-03
0: TRAIN [0][560/1938]	Time 0.277 (0.258)	Data 1.06e-04 (1.50e-03)	Tok/s 60197 (54560)	Loss/tok 4.4014 (6.3979)	LR 2.000e-03
0: TRAIN [0][570/1938]	Time 0.279 (0.258)	Data 1.05e-04 (1.48e-03)	Tok/s 60089 (54520)	Loss/tok 4.3385 (6.3637)	LR 2.000e-03
0: TRAIN [0][580/1938]	Time 0.277 (0.258)	Data 2.42e-04 (1.45e-03)	Tok/s 60645 (54432)	Loss/tok 4.2836 (6.3327)	LR 2.000e-03
0: TRAIN [0][590/1938]	Time 0.279 (0.257)	Data 1.06e-04 (1.43e-03)	Tok/s 60383 (54419)	Loss/tok 4.3639 (6.2992)	LR 2.000e-03
0: TRAIN [0][600/1938]	Time 0.278 (0.257)	Data 1.11e-04 (1.41e-03)	Tok/s 59920 (54360)	Loss/tok 4.2842 (6.2690)	LR 2.000e-03
0: TRAIN [0][610/1938]	Time 0.278 (0.258)	Data 1.10e-04 (1.39e-03)	Tok/s 60430 (54433)	Loss/tok 4.1847 (6.2315)	LR 2.000e-03
0: TRAIN [0][620/1938]	Time 0.279 (0.258)	Data 1.03e-04 (1.37e-03)	Tok/s 59854 (54472)	Loss/tok 4.1637 (6.1968)	LR 2.000e-03
0: TRAIN [0][630/1938]	Time 0.159 (0.258)	Data 9.82e-05 (1.35e-03)	Tok/s 32481 (54484)	Loss/tok 3.2879 (6.1643)	LR 2.000e-03
0: TRAIN [0][640/1938]	Time 0.160 (0.258)	Data 1.07e-04 (1.33e-03)	Tok/s 32791 (54481)	Loss/tok 3.3363 (6.1330)	LR 2.000e-03
0: TRAIN [0][650/1938]	Time 0.217 (0.258)	Data 1.08e-04 (1.31e-03)	Tok/s 48853 (54471)	Loss/tok 3.8394 (6.1027)	LR 2.000e-03
0: TRAIN [0][660/1938]	Time 0.217 (0.258)	Data 1.05e-04 (1.29e-03)	Tok/s 47915 (54497)	Loss/tok 3.8274 (6.0720)	LR 2.000e-03
0: TRAIN [0][670/1938]	Time 0.217 (0.258)	Data 1.09e-04 (1.27e-03)	Tok/s 47283 (54532)	Loss/tok 3.8159 (6.0404)	LR 2.000e-03
0: TRAIN [0][680/1938]	Time 0.340 (0.259)	Data 1.42e-04 (1.26e-03)	Tok/s 69260 (54653)	Loss/tok 4.2394 (6.0059)	LR 2.000e-03
0: TRAIN [0][690/1938]	Time 0.279 (0.259)	Data 1.10e-04 (1.24e-03)	Tok/s 60305 (54636)	Loss/tok 4.1212 (5.9797)	LR 2.000e-03
0: TRAIN [0][700/1938]	Time 0.279 (0.259)	Data 3.66e-04 (1.22e-03)	Tok/s 60481 (54603)	Loss/tok 4.1166 (5.9549)	LR 2.000e-03
0: TRAIN [0][710/1938]	Time 0.160 (0.259)	Data 1.03e-04 (1.21e-03)	Tok/s 32718 (54595)	Loss/tok 3.1124 (5.9281)	LR 2.000e-03
0: TRAIN [0][720/1938]	Time 0.340 (0.259)	Data 1.07e-04 (1.19e-03)	Tok/s 68722 (54658)	Loss/tok 4.2226 (5.8992)	LR 2.000e-03
0: TRAIN [0][730/1938]	Time 0.217 (0.259)	Data 1.17e-04 (1.18e-03)	Tok/s 47572 (54687)	Loss/tok 3.7496 (5.8726)	LR 2.000e-03
0: TRAIN [0][740/1938]	Time 0.339 (0.259)	Data 1.04e-04 (1.16e-03)	Tok/s 67332 (54717)	Loss/tok 4.2982 (5.8456)	LR 2.000e-03
0: TRAIN [0][750/1938]	Time 0.160 (0.260)	Data 1.09e-04 (1.15e-03)	Tok/s 33078 (54753)	Loss/tok 3.1010 (5.8197)	LR 2.000e-03
0: TRAIN [0][760/1938]	Time 0.279 (0.260)	Data 1.16e-04 (1.14e-03)	Tok/s 59866 (54742)	Loss/tok 4.0252 (5.7967)	LR 2.000e-03
0: TRAIN [0][770/1938]	Time 0.340 (0.260)	Data 1.03e-04 (1.12e-03)	Tok/s 68805 (54762)	Loss/tok 4.0641 (5.7721)	LR 2.000e-03
0: TRAIN [0][780/1938]	Time 0.216 (0.260)	Data 1.06e-04 (1.11e-03)	Tok/s 47676 (54794)	Loss/tok 3.7215 (5.7485)	LR 2.000e-03
0: TRAIN [0][790/1938]	Time 0.216 (0.260)	Data 9.73e-05 (1.10e-03)	Tok/s 47764 (54803)	Loss/tok 3.5616 (5.7256)	LR 2.000e-03
0: TRAIN [0][800/1938]	Time 0.280 (0.260)	Data 1.06e-04 (1.09e-03)	Tok/s 60555 (54804)	Loss/tok 4.0337 (5.7034)	LR 2.000e-03
0: TRAIN [0][810/1938]	Time 0.342 (0.260)	Data 1.11e-04 (1.07e-03)	Tok/s 67939 (54855)	Loss/tok 4.1688 (5.6787)	LR 2.000e-03
0: TRAIN [0][820/1938]	Time 0.160 (0.260)	Data 1.01e-04 (1.06e-03)	Tok/s 33567 (54743)	Loss/tok 3.1454 (5.6626)	LR 2.000e-03
0: TRAIN [0][830/1938]	Time 0.216 (0.260)	Data 1.13e-04 (1.05e-03)	Tok/s 48042 (54752)	Loss/tok 3.5352 (5.6421)	LR 2.000e-03
0: TRAIN [0][840/1938]	Time 0.278 (0.260)	Data 1.06e-04 (1.04e-03)	Tok/s 60981 (54736)	Loss/tok 3.9462 (5.6230)	LR 2.000e-03
0: TRAIN [0][850/1938]	Time 0.278 (0.260)	Data 1.04e-04 (1.03e-03)	Tok/s 60128 (54738)	Loss/tok 3.9582 (5.6034)	LR 2.000e-03
0: TRAIN [0][860/1938]	Time 0.216 (0.259)	Data 1.02e-04 (1.02e-03)	Tok/s 47870 (54669)	Loss/tok 3.5564 (5.5870)	LR 2.000e-03
0: TRAIN [0][870/1938]	Time 0.216 (0.259)	Data 1.03e-04 (1.01e-03)	Tok/s 47520 (54639)	Loss/tok 3.7621 (5.5690)	LR 2.000e-03
0: TRAIN [0][880/1938]	Time 0.278 (0.259)	Data 1.10e-04 (1.00e-03)	Tok/s 60748 (54654)	Loss/tok 3.9266 (5.5499)	LR 2.000e-03
0: TRAIN [0][890/1938]	Time 0.218 (0.259)	Data 1.04e-04 (9.90e-04)	Tok/s 47399 (54636)	Loss/tok 3.5718 (5.5324)	LR 2.000e-03
0: TRAIN [0][900/1938]	Time 0.280 (0.259)	Data 1.29e-04 (9.80e-04)	Tok/s 60125 (54633)	Loss/tok 3.7864 (5.5142)	LR 2.000e-03
0: TRAIN [0][910/1938]	Time 0.278 (0.259)	Data 1.29e-04 (9.71e-04)	Tok/s 61148 (54661)	Loss/tok 3.9209 (5.4949)	LR 2.000e-03
0: TRAIN [0][920/1938]	Time 0.161 (0.259)	Data 1.04e-04 (9.62e-04)	Tok/s 32720 (54681)	Loss/tok 3.0467 (5.4761)	LR 2.000e-03
Gradient overflow.  Skipping step, loss scaler 0 reducing loss scale to 1024.0
Gradient overflow.  Skipping step, loss scaler 0 reducing loss scale to 1024.0
Gradient overflow.  Skipping step, loss scaler 0 reducing loss scale to 1024.0
Gradient overflow.  Skipping step, loss scaler 0 reducing loss scale to 1024.0
Gradient overflow.  Skipping step, loss scaler 0 reducing loss scale to 1024.0
Gradient overflow.  Skipping step, loss scaler 0 reducing loss scale to 1024.0
Gradient overflow.  Skipping step, loss scaler 0 reducing loss scale to 1024.0
Gradient overflow.  Skipping step, loss scaler 0 reducing loss scale to 1024.0
0: TRAIN [0][930/1938]	Time 0.216 (0.259)	Data 1.34e-04 (9.53e-04)	Tok/s 47904 (54652)	Loss/tok 3.5752 (5.4601)	LR 2.000e-03
0: TRAIN [0][940/1938]	Time 0.216 (0.259)	Data 1.15e-04 (9.44e-04)	Tok/s 46966 (54570)	Loss/tok 3.4989 (5.4460)	LR 2.000e-03
0: TRAIN [0][950/1938]	Time 0.216 (0.258)	Data 1.09e-04 (9.36e-04)	Tok/s 47225 (54507)	Loss/tok 3.5324 (5.4317)	LR 2.000e-03
0: TRAIN [0][960/1938]	Time 0.216 (0.259)	Data 1.07e-04 (9.27e-04)	Tok/s 48273 (54548)	Loss/tok 3.5799 (5.4135)	LR 2.000e-03
0: TRAIN [0][970/1938]	Time 0.216 (0.259)	Data 1.34e-04 (9.19e-04)	Tok/s 47670 (54553)	Loss/tok 3.5533 (5.3963)	LR 2.000e-03
0: TRAIN [0][980/1938]	Time 0.277 (0.259)	Data 1.11e-04 (9.11e-04)	Tok/s 59836 (54554)	Loss/tok 3.9612 (5.3802)	LR 2.000e-03
0: TRAIN [0][990/1938]	Time 0.281 (0.259)	Data 1.01e-04 (9.03e-04)	Tok/s 59664 (54592)	Loss/tok 3.9046 (5.3631)	LR 2.000e-03
0: TRAIN [0][1000/1938]	Time 0.281 (0.259)	Data 1.24e-04 (8.95e-04)	Tok/s 61127 (54558)	Loss/tok 3.8110 (5.3491)	LR 2.000e-03
0: TRAIN [0][1010/1938]	Time 0.412 (0.258)	Data 1.27e-04 (8.88e-04)	Tok/s 71287 (54531)	Loss/tok 4.2845 (5.3347)	LR 2.000e-03
0: TRAIN [0][1020/1938]	Time 0.161 (0.258)	Data 1.04e-04 (8.81e-04)	Tok/s 32381 (54489)	Loss/tok 3.0217 (5.3209)	LR 2.000e-03
0: TRAIN [0][1030/1938]	Time 0.216 (0.258)	Data 1.06e-04 (8.73e-04)	Tok/s 47048 (54494)	Loss/tok 3.5283 (5.3063)	LR 2.000e-03
0: TRAIN [0][1040/1938]	Time 0.279 (0.258)	Data 1.07e-04 (8.66e-04)	Tok/s 59473 (54481)	Loss/tok 3.7882 (5.2923)	LR 2.000e-03
0: TRAIN [0][1050/1938]	Time 0.159 (0.258)	Data 1.13e-04 (8.59e-04)	Tok/s 32739 (54483)	Loss/tok 2.9339 (5.2779)	LR 2.000e-03
0: TRAIN [0][1060/1938]	Time 0.278 (0.259)	Data 1.09e-04 (8.52e-04)	Tok/s 60022 (54515)	Loss/tok 3.8374 (5.2625)	LR 2.000e-03
0: TRAIN [0][1070/1938]	Time 0.341 (0.259)	Data 1.45e-04 (8.45e-04)	Tok/s 68756 (54545)	Loss/tok 3.9568 (5.2478)	LR 2.000e-03
0: TRAIN [0][1080/1938]	Time 0.278 (0.259)	Data 1.09e-04 (8.39e-04)	Tok/s 60015 (54580)	Loss/tok 3.8077 (5.2326)	LR 2.000e-03
0: TRAIN [0][1090/1938]	Time 0.279 (0.259)	Data 9.68e-05 (8.32e-04)	Tok/s 60667 (54569)	Loss/tok 3.6610 (5.2197)	LR 2.000e-03
0: TRAIN [0][1100/1938]	Time 0.414 (0.259)	Data 1.18e-04 (8.26e-04)	Tok/s 72594 (54588)	Loss/tok 4.1339 (5.2059)	LR 2.000e-03
0: TRAIN [0][1110/1938]	Time 0.160 (0.259)	Data 1.06e-04 (8.20e-04)	Tok/s 32460 (54617)	Loss/tok 3.0082 (5.1919)	LR 2.000e-03
0: TRAIN [0][1120/1938]	Time 0.216 (0.259)	Data 9.97e-05 (8.13e-04)	Tok/s 47879 (54618)	Loss/tok 3.4851 (5.1794)	LR 2.000e-03
0: TRAIN [0][1130/1938]	Time 0.215 (0.259)	Data 1.06e-04 (8.07e-04)	Tok/s 47447 (54587)	Loss/tok 3.5486 (5.1681)	LR 2.000e-03
0: TRAIN [0][1140/1938]	Time 0.218 (0.259)	Data 1.06e-04 (8.01e-04)	Tok/s 47160 (54566)	Loss/tok 3.5339 (5.1563)	LR 2.000e-03
Gradient overflow.  Skipping step, loss scaler 0 reducing loss scale to 1024.0
Gradient overflow.  Skipping step, loss scaler 0 reducing loss scale to 1024.0
Gradient overflow.  Skipping step, loss scaler 0 reducing loss scale to 1024.0
Gradient overflow.  Skipping step, loss scaler 0 reducing loss scale to 1024.0
Gradient overflow.  Skipping step, loss scaler 0 reducing loss scale to 1024.0
Gradient overflow.  Skipping step, loss scaler 0 reducing loss scale to 1024.0
Gradient overflow.  Skipping step, loss scaler 0 reducing loss scale to 1024.0
Gradient overflow.  Skipping step, loss scaler 0 reducing loss scale to 1024.0
0: TRAIN [0][1150/1938]	Time 0.416 (0.259)	Data 1.03e-04 (7.95e-04)	Tok/s 72203 (54539)	Loss/tok 4.1375 (5.1451)	LR 2.000e-03
0: TRAIN [0][1160/1938]	Time 0.217 (0.259)	Data 1.11e-04 (7.89e-04)	Tok/s 47392 (54536)	Loss/tok 3.4642 (5.1332)	LR 2.000e-03
0: TRAIN [0][1170/1938]	Time 0.216 (0.258)	Data 9.99e-05 (7.83e-04)	Tok/s 47772 (54500)	Loss/tok 3.4797 (5.1225)	LR 2.000e-03
0: TRAIN [0][1180/1938]	Time 0.415 (0.258)	Data 5.34e-04 (7.78e-04)	Tok/s 71432 (54487)	Loss/tok 4.0733 (5.1109)	LR 2.000e-03
0: TRAIN [0][1190/1938]	Time 0.279 (0.258)	Data 1.09e-04 (7.73e-04)	Tok/s 60772 (54502)	Loss/tok 3.7365 (5.0987)	LR 2.000e-03
0: TRAIN [0][1200/1938]	Time 0.216 (0.258)	Data 1.18e-04 (7.67e-04)	Tok/s 48820 (54480)	Loss/tok 3.4097 (5.0881)	LR 2.000e-03
0: TRAIN [0][1210/1938]	Time 0.280 (0.258)	Data 1.08e-04 (7.62e-04)	Tok/s 60047 (54511)	Loss/tok 3.6651 (5.0754)	LR 2.000e-03
0: TRAIN [0][1220/1938]	Time 0.417 (0.259)	Data 1.07e-04 (7.57e-04)	Tok/s 71913 (54561)	Loss/tok 4.0572 (5.0624)	LR 2.000e-03
0: TRAIN [0][1230/1938]	Time 0.217 (0.259)	Data 1.08e-04 (7.51e-04)	Tok/s 47407 (54569)	Loss/tok 3.4643 (5.0510)	LR 2.000e-03
0: TRAIN [0][1240/1938]	Time 0.216 (0.259)	Data 1.02e-04 (7.46e-04)	Tok/s 47948 (54563)	Loss/tok 3.4973 (5.0407)	LR 2.000e-03
0: TRAIN [0][1250/1938]	Time 0.339 (0.259)	Data 1.04e-04 (7.41e-04)	Tok/s 68838 (54565)	Loss/tok 3.8455 (5.0298)	LR 2.000e-03
0: TRAIN [0][1260/1938]	Time 0.279 (0.259)	Data 1.12e-04 (7.36e-04)	Tok/s 60443 (54587)	Loss/tok 3.6300 (5.0183)	LR 2.000e-03
0: TRAIN [0][1270/1938]	Time 0.279 (0.259)	Data 1.17e-04 (7.32e-04)	Tok/s 59895 (54607)	Loss/tok 3.5942 (5.0071)	LR 2.000e-03
0: TRAIN [0][1280/1938]	Time 0.415 (0.259)	Data 1.82e-04 (7.27e-04)	Tok/s 72674 (54630)	Loss/tok 3.9249 (4.9958)	LR 2.000e-03
0: TRAIN [0][1290/1938]	Time 0.216 (0.259)	Data 1.10e-04 (7.23e-04)	Tok/s 47773 (54628)	Loss/tok 3.3936 (4.9857)	LR 2.000e-03
0: TRAIN [0][1300/1938]	Time 0.278 (0.259)	Data 1.02e-04 (7.18e-04)	Tok/s 60127 (54634)	Loss/tok 3.6699 (4.9756)	LR 2.000e-03
0: TRAIN [0][1310/1938]	Time 0.215 (0.259)	Data 1.10e-04 (7.13e-04)	Tok/s 47542 (54612)	Loss/tok 3.5028 (4.9665)	LR 2.000e-03
0: TRAIN [0][1320/1938]	Time 0.216 (0.259)	Data 1.07e-04 (7.09e-04)	Tok/s 48650 (54642)	Loss/tok 3.4484 (4.9556)	LR 2.000e-03
0: TRAIN [0][1330/1938]	Time 0.217 (0.259)	Data 1.06e-04 (7.04e-04)	Tok/s 47382 (54680)	Loss/tok 3.5054 (4.9449)	LR 2.000e-03
0: TRAIN [0][1340/1938]	Time 0.280 (0.259)	Data 1.20e-04 (7.00e-04)	Tok/s 60597 (54683)	Loss/tok 3.6869 (4.9353)	LR 2.000e-03
0: TRAIN [0][1350/1938]	Time 0.165 (0.259)	Data 1.11e-04 (6.96e-04)	Tok/s 32402 (54659)	Loss/tok 2.9337 (4.9263)	LR 2.000e-03
0: TRAIN [0][1360/1938]	Time 0.216 (0.259)	Data 1.11e-04 (6.91e-04)	Tok/s 47342 (54670)	Loss/tok 3.3516 (4.9168)	LR 2.000e-03
0: TRAIN [0][1370/1938]	Time 0.216 (0.259)	Data 1.14e-04 (6.87e-04)	Tok/s 47512 (54590)	Loss/tok 3.4132 (4.9100)	LR 2.000e-03
0: TRAIN [0][1380/1938]	Time 0.216 (0.259)	Data 1.04e-04 (6.83e-04)	Tok/s 47392 (54572)	Loss/tok 3.3934 (4.9014)	LR 2.000e-03
0: TRAIN [0][1390/1938]	Time 0.217 (0.259)	Data 1.06e-04 (6.79e-04)	Tok/s 47551 (54546)	Loss/tok 3.3500 (4.8931)	LR 2.000e-03
0: TRAIN [0][1400/1938]	Time 0.279 (0.259)	Data 1.14e-04 (6.75e-04)	Tok/s 59880 (54593)	Loss/tok 3.6916 (4.8830)	LR 2.000e-03
Gradient overflow.  Skipping step, loss scaler 0 reducing loss scale to 2048.0
Gradient overflow.  Skipping step, loss scaler 0 reducing loss scale to 2048.0
Gradient overflow.  Skipping step, loss scaler 0 reducing loss scale to 2048.0
Gradient overflow.  Skipping step, loss scaler 0 reducing loss scale to 2048.0
Gradient overflow.  Skipping step, loss scaler 0 reducing loss scale to 2048.0
Gradient overflow.  Skipping step, loss scaler 0 reducing loss scale to 2048.0
Gradient overflow.  Skipping step, loss scaler 0 reducing loss scale to 2048.0
Gradient overflow.  Skipping step, loss scaler 0 reducing loss scale to 2048.0
0: TRAIN [0][1410/1938]	Time 0.281 (0.259)	Data 1.13e-04 (6.71e-04)	Tok/s 59426 (54624)	Loss/tok 3.7348 (4.8733)	LR 2.000e-03
0: TRAIN [0][1420/1938]	Time 0.276 (0.259)	Data 1.11e-04 (6.67e-04)	Tok/s 59516 (54619)	Loss/tok 3.6819 (4.8649)	LR 2.000e-03
0: TRAIN [0][1430/1938]	Time 0.216 (0.259)	Data 1.10e-04 (6.63e-04)	Tok/s 47349 (54624)	Loss/tok 3.3902 (4.8564)	LR 2.000e-03
0: TRAIN [0][1440/1938]	Time 0.160 (0.259)	Data 1.21e-04 (6.59e-04)	Tok/s 33183 (54615)	Loss/tok 2.9148 (4.8481)	LR 2.000e-03
0: TRAIN [0][1450/1938]	Time 0.159 (0.259)	Data 1.03e-04 (6.56e-04)	Tok/s 33236 (54581)	Loss/tok 2.8783 (4.8406)	LR 2.000e-03
0: TRAIN [0][1460/1938]	Time 0.217 (0.259)	Data 1.02e-04 (6.52e-04)	Tok/s 48343 (54550)	Loss/tok 3.3261 (4.8333)	LR 2.000e-03
0: TRAIN [0][1470/1938]	Time 0.217 (0.258)	Data 1.03e-04 (6.48e-04)	Tok/s 47856 (54505)	Loss/tok 3.5156 (4.8264)	LR 2.000e-03
0: TRAIN [0][1480/1938]	Time 0.342 (0.259)	Data 3.45e-04 (6.45e-04)	Tok/s 69184 (54514)	Loss/tok 3.7384 (4.8178)	LR 2.000e-03
0: TRAIN [0][1490/1938]	Time 0.160 (0.258)	Data 1.03e-04 (6.41e-04)	Tok/s 32200 (54483)	Loss/tok 2.6558 (4.8104)	LR 2.000e-03
0: TRAIN [0][1500/1938]	Time 0.279 (0.258)	Data 9.92e-05 (6.37e-04)	Tok/s 60073 (54510)	Loss/tok 3.6724 (4.8018)	LR 2.000e-03
0: TRAIN [0][1510/1938]	Time 0.340 (0.258)	Data 1.05e-04 (6.34e-04)	Tok/s 68518 (54500)	Loss/tok 3.8573 (4.7942)	LR 2.000e-03
0: TRAIN [0][1520/1938]	Time 0.218 (0.258)	Data 1.04e-04 (6.31e-04)	Tok/s 46647 (54509)	Loss/tok 3.4122 (4.7862)	LR 2.000e-03
0: TRAIN [0][1530/1938]	Time 0.343 (0.258)	Data 1.43e-04 (6.28e-04)	Tok/s 68058 (54489)	Loss/tok 3.8433 (4.7791)	LR 2.000e-03
0: TRAIN [0][1540/1938]	Time 0.279 (0.258)	Data 1.08e-04 (6.24e-04)	Tok/s 60203 (54483)	Loss/tok 3.6188 (4.7718)	LR 2.000e-03
Gradient overflow.  Skipping step, loss scaler 0 reducing loss scale to 2048.0
Gradient overflow.  Skipping step, loss scaler 0 reducing loss scale to 2048.0
Gradient overflow.  Skipping step, loss scaler 0 reducing loss scale to 2048.0
Gradient overflow.  Skipping step, loss scaler 0 reducing loss scale to 2048.0
Gradient overflow.  Skipping step, loss scaler 0 reducing loss scale to 2048.0
Gradient overflow.  Skipping step, loss scaler 0 reducing loss scale to 2048.0
Gradient overflow.  Skipping step, loss scaler 0 reducing loss scale to 2048.0
Gradient overflow.  Skipping step, loss scaler 0 reducing loss scale to 2048.0
0: TRAIN [0][1550/1938]	Time 0.216 (0.258)	Data 1.38e-04 (6.22e-04)	Tok/s 48028 (54428)	Loss/tok 3.4121 (4.7659)	LR 2.000e-03
0: TRAIN [0][1560/1938]	Time 0.278 (0.258)	Data 1.08e-04 (6.19e-04)	Tok/s 60039 (54449)	Loss/tok 3.8057 (4.7580)	LR 2.000e-03
0: TRAIN [0][1570/1938]	Time 0.281 (0.258)	Data 1.18e-04 (6.16e-04)	Tok/s 60276 (54447)	Loss/tok 3.6147 (4.7506)	LR 2.000e-03
0: TRAIN [0][1580/1938]	Time 0.341 (0.258)	Data 1.09e-04 (6.13e-04)	Tok/s 68211 (54438)	Loss/tok 3.8900 (4.7437)	LR 2.000e-03
0: TRAIN [0][1590/1938]	Time 0.216 (0.258)	Data 1.40e-04 (6.10e-04)	Tok/s 48391 (54439)	Loss/tok 3.4003 (4.7367)	LR 2.000e-03
0: TRAIN [0][1600/1938]	Time 0.217 (0.258)	Data 1.38e-04 (6.07e-04)	Tok/s 47501 (54454)	Loss/tok 3.3729 (4.7291)	LR 2.000e-03
0: TRAIN [0][1610/1938]	Time 0.159 (0.258)	Data 1.03e-04 (6.04e-04)	Tok/s 33643 (54395)	Loss/tok 2.8215 (4.7236)	LR 2.000e-03
0: TRAIN [0][1620/1938]	Time 0.340 (0.258)	Data 1.09e-04 (6.01e-04)	Tok/s 68151 (54395)	Loss/tok 3.8393 (4.7166)	LR 2.000e-03
0: TRAIN [0][1630/1938]	Time 0.161 (0.258)	Data 1.02e-04 (5.98e-04)	Tok/s 33140 (54374)	Loss/tok 2.8960 (4.7103)	LR 2.000e-03
0: TRAIN [0][1640/1938]	Time 0.216 (0.258)	Data 1.04e-04 (5.95e-04)	Tok/s 47817 (54391)	Loss/tok 3.2687 (4.7031)	LR 2.000e-03
0: TRAIN [0][1650/1938]	Time 0.278 (0.258)	Data 1.06e-04 (5.92e-04)	Tok/s 60789 (54407)	Loss/tok 3.5810 (4.6959)	LR 2.000e-03
0: TRAIN [0][1660/1938]	Time 0.277 (0.258)	Data 1.10e-04 (5.89e-04)	Tok/s 60751 (54419)	Loss/tok 3.5297 (4.6886)	LR 2.000e-03
0: TRAIN [0][1670/1938]	Time 0.278 (0.258)	Data 1.78e-04 (5.87e-04)	Tok/s 60090 (54389)	Loss/tok 3.5687 (4.6827)	LR 2.000e-03
0: TRAIN [0][1680/1938]	Time 0.278 (0.258)	Data 1.04e-04 (5.84e-04)	Tok/s 60902 (54381)	Loss/tok 3.5285 (4.6762)	LR 2.000e-03
0: TRAIN [0][1690/1938]	Time 0.278 (0.258)	Data 1.22e-04 (5.81e-04)	Tok/s 61283 (54379)	Loss/tok 3.5099 (4.6696)	LR 2.000e-03
0: TRAIN [0][1700/1938]	Time 0.216 (0.258)	Data 1.07e-04 (5.79e-04)	Tok/s 48357 (54357)	Loss/tok 3.3537 (4.6639)	LR 2.000e-03
0: TRAIN [0][1710/1938]	Time 0.216 (0.258)	Data 1.06e-04 (5.76e-04)	Tok/s 48419 (54376)	Loss/tok 3.4142 (4.6571)	LR 2.000e-03
0: TRAIN [0][1720/1938]	Time 0.278 (0.258)	Data 1.09e-04 (5.73e-04)	Tok/s 60501 (54369)	Loss/tok 3.5003 (4.6509)	LR 2.000e-03
0: TRAIN [0][1730/1938]	Time 0.280 (0.258)	Data 1.06e-04 (5.71e-04)	Tok/s 59899 (54365)	Loss/tok 3.6076 (4.6445)	LR 2.000e-03
0: TRAIN [0][1740/1938]	Time 0.277 (0.258)	Data 9.92e-05 (5.68e-04)	Tok/s 61180 (54370)	Loss/tok 3.4326 (4.6380)	LR 2.000e-03
0: TRAIN [0][1750/1938]	Time 0.217 (0.258)	Data 1.07e-04 (5.66e-04)	Tok/s 47417 (54384)	Loss/tok 3.2869 (4.6314)	LR 2.000e-03
0: TRAIN [0][1760/1938]	Time 0.340 (0.258)	Data 1.04e-04 (5.63e-04)	Tok/s 67424 (54405)	Loss/tok 3.7132 (4.6248)	LR 2.000e-03
0: TRAIN [0][1770/1938]	Time 0.279 (0.258)	Data 1.16e-04 (5.61e-04)	Tok/s 60663 (54413)	Loss/tok 3.4030 (4.6185)	LR 2.000e-03
0: TRAIN [0][1780/1938]	Time 0.216 (0.258)	Data 1.21e-04 (5.58e-04)	Tok/s 47350 (54394)	Loss/tok 3.3969 (4.6132)	LR 2.000e-03
0: TRAIN [0][1790/1938]	Time 0.216 (0.258)	Data 1.04e-04 (5.56e-04)	Tok/s 46733 (54382)	Loss/tok 3.3116 (4.6076)	LR 2.000e-03
Gradient overflow.  Skipping step, loss scaler 0 reducing loss scale to 4096.0
Gradient overflow.  Skipping step, loss scaler 0 reducing loss scale to 4096.0
Gradient overflow.  Skipping step, loss scaler 0 reducing loss scale to 4096.0
Gradient overflow.  Skipping step, loss scaler 0 reducing loss scale to 4096.0
Gradient overflow.  Skipping step, loss scaler 0 reducing loss scale to 4096.0
Gradient overflow.  Skipping step, loss scaler 0 reducing loss scale to 4096.0
Gradient overflow.  Skipping step, loss scaler 0 reducing loss scale to 4096.0
Gradient overflow.  Skipping step, loss scaler 0 reducing loss scale to 4096.0
0: TRAIN [0][1800/1938]	Time 0.415 (0.258)	Data 1.07e-04 (5.53e-04)	Tok/s 70949 (54391)	Loss/tok 3.9104 (4.6014)	LR 2.000e-03
0: TRAIN [0][1810/1938]	Time 0.216 (0.258)	Data 1.06e-04 (5.51e-04)	Tok/s 47738 (54350)	Loss/tok 3.3842 (4.5966)	LR 2.000e-03
0: TRAIN [0][1820/1938]	Time 0.339 (0.257)	Data 1.03e-04 (5.48e-04)	Tok/s 69201 (54319)	Loss/tok 3.7989 (4.5915)	LR 2.000e-03
0: TRAIN [0][1830/1938]	Time 0.217 (0.257)	Data 1.08e-04 (5.46e-04)	Tok/s 47236 (54307)	Loss/tok 3.3843 (4.5861)	LR 2.000e-03
0: TRAIN [0][1840/1938]	Time 0.277 (0.257)	Data 1.14e-04 (5.44e-04)	Tok/s 60068 (54316)	Loss/tok 3.4968 (4.5802)	LR 2.000e-03
0: TRAIN [0][1850/1938]	Time 0.340 (0.257)	Data 1.08e-04 (5.41e-04)	Tok/s 67833 (54317)	Loss/tok 3.6916 (4.5745)	LR 2.000e-03
Gradient overflow.  Skipping step, loss scaler 0 reducing loss scale to 2048.0
Gradient overflow.  Skipping step, loss scaler 0 reducing loss scale to 2048.0
Gradient overflow.  Skipping step, loss scaler 0 reducing loss scale to 2048.0
Gradient overflow.  Skipping step, loss scaler 0 reducing loss scale to 2048.0
Gradient overflow.  Skipping step, loss scaler 0 reducing loss scale to 2048.0
Gradient overflow.  Skipping step, loss scaler 0 reducing loss scale to 2048.0
Gradient overflow.  Skipping step, loss scaler 0 reducing loss scale to 2048.0
Gradient overflow.  Skipping step, loss scaler 0 reducing loss scale to 2048.0
0: TRAIN [0][1860/1938]	Time 0.161 (0.258)	Data 1.34e-04 (5.39e-04)	Tok/s 33172 (54330)	Loss/tok 2.8509 (4.5687)	LR 2.000e-03
0: TRAIN [0][1870/1938]	Time 0.216 (0.257)	Data 2.63e-04 (5.37e-04)	Tok/s 47332 (54329)	Loss/tok 3.2187 (4.5633)	LR 2.000e-03
0: TRAIN [0][1880/1938]	Time 0.414 (0.258)	Data 1.25e-04 (5.35e-04)	Tok/s 71714 (54338)	Loss/tok 3.9178 (4.5575)	LR 2.000e-03
0: TRAIN [0][1890/1938]	Time 0.215 (0.258)	Data 1.33e-04 (5.33e-04)	Tok/s 47488 (54345)	Loss/tok 3.2758 (4.5520)	LR 2.000e-03
0: TRAIN [0][1900/1938]	Time 0.218 (0.258)	Data 3.20e-04 (5.31e-04)	Tok/s 47456 (54322)	Loss/tok 3.3883 (4.5470)	LR 2.000e-03
0: TRAIN [0][1910/1938]	Time 0.217 (0.258)	Data 1.15e-04 (5.29e-04)	Tok/s 47554 (54316)	Loss/tok 3.3581 (4.5417)	LR 2.000e-03
0: TRAIN [0][1920/1938]	Time 0.340 (0.258)	Data 1.06e-04 (5.26e-04)	Tok/s 68268 (54339)	Loss/tok 3.8552 (4.5362)	LR 2.000e-03
0: TRAIN [0][1930/1938]	Time 0.218 (0.257)	Data 1.30e-04 (5.24e-04)	Tok/s 47713 (54302)	Loss/tok 3.3166 (4.5317)	LR 2.000e-03
:::MLL 1570204446.169 epoch_stop: {"value": null, "metadata": {"epoch_num": 1, "file": "train.py", "lineno": 524}}
:::MLL 1570204446.169 eval_start: {"value": null, "metadata": {"epoch_num": 1, "file": "train.py", "lineno": 529}}
0: Running evaluation on test set
0: TEST [0][0/3]	Time 0.834 (0.834)	Decoder iters 149.0 (149.0)	Tok/s 21299 (21299)
0: Running moses detokenizer
0: BLEU(score=19.404676765033024, counts=[34778, 16024, 8531, 4727], totals=[67689, 64686, 61684, 58686], precisions=[51.379101478822264, 24.771975388801287, 13.830166655858894, 8.054731963330266], bp=1.0, sys_len=67689, ref_len=64676)
0: Finished evaluation on test set
:::MLL 1570204448.273 eval_accuracy: {"value": 19.4, "metadata": {"epoch_num": 1, "file": "train.py", "lineno": 535}}
:::MLL 1570204448.273 eval_stop: {"value": null, "metadata": {"epoch_num": 1, "file": "train.py", "lineno": 538}}
0: Summary: Epoch: 0	Training Loss: 4.5280	Test BLEU: 19.40
0: Performance: Epoch: 0	Training: 434438 Tok/s
0: Finished epoch 0
:::MLL 1570204448.273 block_stop: {"value": null, "metadata": {"first_epoch_num": 1, "file": "train.py", "lineno": 557}}
:::MLL 1570204448.274 block_start: {"value": null, "metadata": {"first_epoch_num": 2, "epoch_count": 1, "file": "train.py", "lineno": 511}}
:::MLL 1570204448.274 epoch_start: {"value": null, "metadata": {"epoch_num": 2, "file": "train.py", "lineno": 514}}
0: Starting epoch 1
0: Executing preallocation
0: Sampler for epoch 1 uses seed 3285149791
Gradient overflow.  Skipping step, loss scaler 0 reducing loss scale to 1024.0
Gradient overflow.  Skipping step, loss scaler 0 reducing loss scale to 1024.0
Gradient overflow.  Skipping step, loss scaler 0 reducing loss scale to 1024.0
Gradient overflow.  Skipping step, loss scaler 0 reducing loss scale to 1024.0
Gradient overflow.  Skipping step, loss scaler 0 reducing loss scale to 1024.0
Gradient overflow.  Skipping step, loss scaler 0 reducing loss scale to 1024.0
Gradient overflow.  Skipping step, loss scaler 0 reducing loss scale to 1024.0
Gradient overflow.  Skipping step, loss scaler 0 reducing loss scale to 1024.0
0: TRAIN [1][0/1938]	Time 0.929 (0.929)	Data 6.86e-01 (6.86e-01)	Tok/s 11392 (11392)	Loss/tok 3.2804 (3.2804)	LR 2.000e-03
0: TRAIN [1][10/1938]	Time 0.216 (0.327)	Data 1.38e-04 (6.25e-02)	Tok/s 48689 (52130)	Loss/tok 3.2573 (3.4778)	LR 2.000e-03
0: TRAIN [1][20/1938]	Time 0.339 (0.290)	Data 1.25e-04 (3.28e-02)	Tok/s 68809 (52484)	Loss/tok 3.5795 (3.4517)	LR 2.000e-03
0: TRAIN [1][30/1938]	Time 0.160 (0.274)	Data 1.11e-04 (2.23e-02)	Tok/s 33571 (52426)	Loss/tok 2.6901 (3.4234)	LR 2.000e-03
0: TRAIN [1][40/1938]	Time 0.278 (0.276)	Data 1.12e-04 (1.69e-02)	Tok/s 59769 (53753)	Loss/tok 3.4791 (3.4577)	LR 2.000e-03
0: TRAIN [1][50/1938]	Time 0.340 (0.281)	Data 1.08e-04 (1.36e-02)	Tok/s 69187 (54810)	Loss/tok 3.5892 (3.5020)	LR 2.000e-03
0: TRAIN [1][60/1938]	Time 0.161 (0.270)	Data 1.90e-04 (1.14e-02)	Tok/s 33058 (53269)	Loss/tok 2.7592 (3.4734)	LR 2.000e-03
0: TRAIN [1][70/1938]	Time 0.278 (0.275)	Data 1.20e-04 (9.79e-03)	Tok/s 61301 (54489)	Loss/tok 3.4920 (3.5059)	LR 2.000e-03
0: TRAIN [1][80/1938]	Time 0.217 (0.272)	Data 1.15e-04 (8.60e-03)	Tok/s 48097 (54294)	Loss/tok 3.1699 (3.4986)	LR 2.000e-03
0: TRAIN [1][90/1938]	Time 0.161 (0.268)	Data 1.38e-04 (7.67e-03)	Tok/s 32705 (53908)	Loss/tok 2.7144 (3.4929)	LR 2.000e-03
0: TRAIN [1][100/1938]	Time 0.278 (0.266)	Data 1.34e-04 (6.93e-03)	Tok/s 61167 (53838)	Loss/tok 3.4814 (3.4832)	LR 2.000e-03
0: TRAIN [1][110/1938]	Time 0.216 (0.266)	Data 1.18e-04 (6.31e-03)	Tok/s 48173 (54032)	Loss/tok 3.0852 (3.4851)	LR 2.000e-03
0: TRAIN [1][120/1938]	Time 0.160 (0.263)	Data 1.19e-04 (5.80e-03)	Tok/s 33583 (53428)	Loss/tok 2.7729 (3.4711)	LR 2.000e-03
0: TRAIN [1][130/1938]	Time 0.280 (0.263)	Data 1.27e-04 (5.37e-03)	Tok/s 59434 (53626)	Loss/tok 3.4551 (3.4752)	LR 2.000e-03
0: TRAIN [1][140/1938]	Time 0.280 (0.262)	Data 1.65e-04 (5.00e-03)	Tok/s 60430 (53577)	Loss/tok 3.4410 (3.4696)	LR 2.000e-03
0: TRAIN [1][150/1938]	Time 0.161 (0.259)	Data 1.18e-04 (4.68e-03)	Tok/s 32891 (53214)	Loss/tok 2.7982 (3.4605)	LR 2.000e-03
0: TRAIN [1][160/1938]	Time 0.414 (0.259)	Data 1.17e-04 (4.40e-03)	Tok/s 72230 (53214)	Loss/tok 3.8238 (3.4604)	LR 2.000e-03
0: TRAIN [1][170/1938]	Time 0.278 (0.260)	Data 1.33e-04 (4.15e-03)	Tok/s 59844 (53496)	Loss/tok 3.3991 (3.4655)	LR 2.000e-03
0: TRAIN [1][180/1938]	Time 0.341 (0.262)	Data 1.21e-04 (3.92e-03)	Tok/s 68464 (53825)	Loss/tok 3.6861 (3.4729)	LR 2.000e-03
0: TRAIN [1][190/1938]	Time 0.216 (0.262)	Data 1.25e-04 (3.73e-03)	Tok/s 49462 (53846)	Loss/tok 3.2868 (3.4743)	LR 2.000e-03
0: TRAIN [1][200/1938]	Time 0.279 (0.264)	Data 1.62e-04 (3.55e-03)	Tok/s 59962 (54179)	Loss/tok 3.5074 (3.4818)	LR 2.000e-03
0: TRAIN [1][210/1938]	Time 0.277 (0.264)	Data 1.38e-04 (3.39e-03)	Tok/s 61314 (54359)	Loss/tok 3.4463 (3.4815)	LR 2.000e-03
0: TRAIN [1][220/1938]	Time 0.162 (0.263)	Data 1.60e-04 (3.24e-03)	Tok/s 33315 (54203)	Loss/tok 2.8442 (3.4766)	LR 2.000e-03
0: TRAIN [1][230/1938]	Time 0.279 (0.264)	Data 1.37e-04 (3.11e-03)	Tok/s 60208 (54253)	Loss/tok 3.5095 (3.4823)	LR 2.000e-03
0: TRAIN [1][240/1938]	Time 0.279 (0.262)	Data 1.28e-04 (2.98e-03)	Tok/s 61073 (54009)	Loss/tok 3.3575 (3.4761)	LR 2.000e-03
0: TRAIN [1][250/1938]	Time 0.341 (0.263)	Data 1.41e-04 (2.87e-03)	Tok/s 68949 (54203)	Loss/tok 3.5288 (3.4776)	LR 2.000e-03
