Beginning trial 1 of 1
Gathering sys log on node009
:::MLL 1582128811.940 submission_benchmark: {"value": "maskrcnn", "metadata": {"file": "mlperf_logger.py", "lineno": 213}}
:::MLL 1582128811.941 submission_org: {"value": "NVIDIA", "metadata": {"file": "mlperf_logger.py", "lineno": 218}}
WARNING: Log validation: Key "submission_division" is not in known maskrcnn keys.
:::MLL 1582128811.942 submission_division: {"value": "closed", "metadata": {"file": "mlperf_logger.py", "lineno": 222}}
:::MLL 1582128811.943 submission_status: {"value": "onprem", "metadata": {"file": "mlperf_logger.py", "lineno": 226}}
:::MLL 1582128811.944 submission_platform: {"value": "1xDSS8440", "metadata": {"file": "mlperf_logger.py", "lineno": 230}}
:::MLL 1582128811.945 submission_entry: {"value": "{'hardware': 'DSS8440', 'framework': 'PyTorch NVIDIA Release 19.05', 'power': 'N/A', 'notes': 'N/A', 'interconnect': 'Ethernet 100 Gb/sec (4X EDR)', 'os': '\\\\S / ', 'libraries': \"{'container_base': 'Ubuntu-16.04', 'openmpi_version': '3.1.3', 'mofed_version': '4.6-2.1.4', 'cuda_version': '10.1.163', 'cuda_driver_version': '418.67', 'nccl_version': '2.4.6', 'cudnn_version': '7.6.0.64', 'cublas_version': '10.2.0.163', 'trt_version': '5.1.5.0', 'dali_version': '0.9.1'}\", 'compilers': 'gcc (Ubuntu 5.4.0-6ubuntu1~16.04.11) 5.4.0 20160609', 'nodes': \"{'num_nodes': '1', 'cpu': '2x Intel(R) Xeon(R) Gold 6230 CPU @ 2.10GHz', 'num_cores': '40', 'num_vcpus': '40', 'accelerator': 'Tesla V100S-PCIE-32GB', 'num_accelerators': '8', 'sys_mem_size': '754 GB', 'sys_storage_type': 'SATA SSD', 'sys_storage_size': '1x 446.6G + 1x 931.5G', 'cpu_accel_interconnect': 'UPI', 'network_card': '', 'num_network_cards': '0', 'notes': ''}\"}", "metadata": {"file": "mlperf_logger.py", "lineno": 234}}
:::MLL 1582128811.946 submission_poc_name: {"value": "Paulius Micikevicius", "metadata": {"file": "mlperf_logger.py", "lineno": 238}}
:::MLL 1582128811.946 submission_poc_email: {"value": "pauliusm@nvidia.com", "metadata": {"file": "mlperf_logger.py", "lineno": 242}}
Clearing caches
:::MLL 1582128813.592 cache_clear: {"value": true, "metadata": {"file": "<string>", "lineno": 1}}
Launching on node node009
+ pids+=($!)
+ set +x
++ eval echo
+++ echo
+ docker exec -e DGXSYSTEM=DGX1 -e 'MULTI_NODE= --master_port=5113' -e SLURM_JOB_ID=200219101010870373691 -e SLURM_NTASKS_PER_NODE= -e SLURM_NNODES=1 cont_200219101010870373691 ./run_and_time.sh
+ DGXSYSTEM=DGX1
+ [[ -f config_DGX1.sh ]]
+ source config_DGX1.sh
++ EXTRA_PARAMS=
++ EXTRA_CONFIG=("SOLVER.BASE_LR" "0.06" "SOLVER.MAX_ITER" "80000" "SOLVER.WARMUP_FACTOR" "0.000096" "SOLVER.WARMUP_ITERS" "625" "SOLVER.WARMUP_METHOD" "mlperf_linear" "SOLVER.STEPS" "(24000, 32000)" "SOLVER.IMS_PER_BATCH" "48" "TEST.IMS_PER_BATCH" "8" "MODEL.RPN.FPN_POST_NMS_TOP_N_TRAIN" "6000" "NHWC" "True")
++ DGXNNODES=1
+++ sed 's/^config_//'
+++ sed 's/\.sh$//'
++++ readlink -f config_DGX1.sh
+++ basename /workspace/object_detection/config_DGX1.sh
++ DGXSYSTEM=DGX1
++ WALLTIME=07:00:00
++ DGXNGPU=8
++ DGXSOCKETCORES=20
++ DGXNSOCKET=2
++ DGXHT=1
++ DGXIBDEVICES=
++ BIND_LAUNCH=0
+ SLURM_NTASKS_PER_NODE=8
+ SLURM_JOB_ID=200219101010870373691
+ MULTI_NODE=' --master_port=5113'
+ echo 'Run vars: id 200219101010870373691 gpus 8 mparams  --master_port=5113'
Run vars: id 200219101010870373691 gpus 8 mparams  --master_port=5113
+ set -e
++ date +%s
+ start=1582128814
++ date '+%Y-%m-%d %r'
+ start_fmt='2020-02-19 04:13:34 PM'
+ echo 'STARTING TIMING RUN AT 2020-02-19 04:13:34 PM'
STARTING TIMING RUN AT 2020-02-19 04:13:34 PM
+ set -x
running benchmark
+ echo 'running benchmark'
+ DATASET_DIR=/data
+ '[' '!' -f /coco ']'
+ ln -sf /data/coco2017 /coco
++ ls /data

+ echo
+ python -m bind_launch --nsockets_per_node 2 --ncores_per_socket 20 --no_hyperthreads --nproc_per_node 8 --master_port=5113 tools/train_mlperf.py --config-file configs/e2e_mask_rcnn_R_50_FPN_1x.yaml DTYPE float16 PATHS_CATALOG maskrcnn_benchmark/config/paths_catalog_dbcluster.py MODEL.WEIGHT /coco/models/R-50.pkl DISABLE_REDUCED_LOGGING True SOLVER.BASE_LR 0.06 SOLVER.MAX_ITER 80000 SOLVER.WARMUP_FACTOR 0.000096 SOLVER.WARMUP_ITERS 625 SOLVER.WARMUP_METHOD mlperf_linear SOLVER.STEPS '(24000, 32000)' SOLVER.IMS_PER_BATCH 48 TEST.IMS_PER_BATCH 8 MODEL.RPN.FPN_POST_NMS_TOP_N_TRAIN 6000 NHWC True
:::MLL 1582128815.867 init_start: {"value": null, "metadata": {"file": "tools/train_mlperf.py", "lineno": 262}}
:::MLL 1582128815.867 init_start: {"value": null, "metadata": {"file": "tools/train_mlperf.py", "lineno": 262}}
:::MLL 1582128815.867 init_start: {"value": null, "metadata": {"file": "tools/train_mlperf.py", "lineno": 262}}
:::MLL 1582128815.868 init_start: {"value": null, "metadata": {"file": "tools/train_mlperf.py", "lineno": 262}}
:::MLL 1582128815.868 init_start: {"value": null, "metadata": {"file": "tools/train_mlperf.py", "lineno": 262}}
:::MLL 1582128815.868 init_start: {"value": null, "metadata": {"file": "tools/train_mlperf.py", "lineno": 262}}
:::MLL 1582128815.868 init_start: {"value": null, "metadata": {"file": "tools/train_mlperf.py", "lineno": 262}}
:::MLL 1582128815.869 init_start: {"value": null, "metadata": {"file": "tools/train_mlperf.py", "lineno": 262}}
2020-02-19 16:13:42,463 maskrcnn_benchmark INFO: Using 8 GPUs
2020-02-19 16:13:42,463 maskrcnn_benchmark INFO: Namespace(config_file='configs/e2e_mask_rcnn_R_50_FPN_1x.yaml', distributed=True, local_rank=0, opts=['DTYPE', 'float16', 'PATHS_CATALOG', 'maskrcnn_benchmark/config/paths_catalog_dbcluster.py', 'MODEL.WEIGHT', '/coco/models/R-50.pkl', 'DISABLE_REDUCED_LOGGING', 'True', 'SOLVER.BASE_LR', '0.06', 'SOLVER.MAX_ITER', '80000', 'SOLVER.WARMUP_FACTOR', '0.000096', 'SOLVER.WARMUP_ITERS', '625', 'SOLVER.WARMUP_METHOD', 'mlperf_linear', 'SOLVER.STEPS', '(24000, 32000)', 'SOLVER.IMS_PER_BATCH', '48', 'TEST.IMS_PER_BATCH', '8', 'MODEL.RPN.FPN_POST_NMS_TOP_N_TRAIN', '6000', 'NHWC', 'True'], seed=2622171648)
2020-02-19 16:13:42,464 maskrcnn_benchmark INFO: Worker 0: Setting seed 3839708246
2020-02-19 16:13:42,464 maskrcnn_benchmark INFO: Collecting env info (might take some time)
2020-02-19 16:13:45,923 maskrcnn_benchmark INFO: 
PyTorch version: 1.1.0a0+828a6a3
Is debug build: No
CUDA used to build PyTorch: 10.1.163

OS: Ubuntu 16.04.6 LTS
GCC version: (Ubuntu 5.4.0-6ubuntu1~16.04.11) 5.4.0 20160609
CMake version: version 3.5.1

Python version: 3.6
Is CUDA available: Yes
CUDA runtime version: 10.1.163
GPU models and configuration: 
GPU 0: Tesla V100S-PCIE-32GB
GPU 1: Tesla V100S-PCIE-32GB
GPU 2: Tesla V100S-PCIE-32GB
GPU 3: Tesla V100S-PCIE-32GB
GPU 4: Tesla V100S-PCIE-32GB
GPU 5: Tesla V100S-PCIE-32GB
GPU 6: Tesla V100S-PCIE-32GB
GPU 7: Tesla V100S-PCIE-32GB

Nvidia driver version: 440.33.01
cuDNN version: /usr/lib/x86_64-linux-gnu/libcudnn.so.7.6.0

Versions of relevant libraries:
[pip] msgpack-numpy==0.4.3.2
[pip] numpy==1.16.3
[pip] torch==1.1.0a0+828a6a3
[pip] torchtext==0.4.0
[pip] torchvision==0.2.1
[conda] magma-cuda100             2.1.0                         5    local
[conda] mkl                       2019.1                      144  
[conda] mkl-include               2019.1                      144  
[conda] torch                     1.1.0a0+828a6a3          pypi_0    pypi
[conda] torchtext                 0.4.0                    pypi_0    pypi
[conda] torchvision               0.2.1                    pypi_0    pypi
        Pillow (5.3.0.post1)
2020-02-19 16:13:45,923 maskrcnn_benchmark INFO: Loaded configuration file configs/e2e_mask_rcnn_R_50_FPN_1x.yaml
2020-02-19 16:13:45,923 maskrcnn_benchmark INFO: 
MODEL:
  META_ARCHITECTURE: "GeneralizedRCNN"
  WEIGHT: "catalog://ImageNetPretrained/MSRA/R-50"
  BACKBONE:
    CONV_BODY: "R-50-FPN"
    OUT_CHANNELS: 256
  RPN:
    USE_FPN: True
    ANCHOR_STRIDE: (4, 8, 16, 32, 64)
    PRE_NMS_TOP_N_TRAIN: 2000
    PRE_NMS_TOP_N_TEST: 1000
    POST_NMS_TOP_N_TEST: 1000
    FPN_POST_NMS_TOP_N_TEST: 1000
  ROI_HEADS:
    USE_FPN: True
  ROI_BOX_HEAD:
    POOLER_RESOLUTION: 7
    POOLER_SCALES: (0.25, 0.125, 0.0625, 0.03125)
    POOLER_SAMPLING_RATIO: 2
    FEATURE_EXTRACTOR: "FPN2MLPFeatureExtractor"
    PREDICTOR: "FPNPredictor"
  ROI_MASK_HEAD:
    POOLER_SCALES: (0.25, 0.125, 0.0625, 0.03125)
    FEATURE_EXTRACTOR: "MaskRCNNFPNFeatureExtractor"
    PREDICTOR: "MaskRCNNC4Predictor"
    POOLER_RESOLUTION: 14
    POOLER_SAMPLING_RATIO: 2
    RESOLUTION: 28
    SHARE_BOX_FEATURE_EXTRACTOR: False
  MASK_ON: True
DATASETS:
  TRAIN: ("coco_2017_train",)
  TEST: ("coco_2017_val",)
DATALOADER:
  SIZE_DIVISIBILITY: 32
SOLVER:
  BASE_LR: 0.02
  WEIGHT_DECAY: 0.0001
  STEPS: (60000, 80000)
  MAX_ITER: 90000

2020-02-19 16:13:45,924 maskrcnn_benchmark INFO: Running with config:
AMP_VERBOSE: False
DATALOADER:
  ASPECT_RATIO_GROUPING: True
  NUM_WORKERS: 4
  SIZE_DIVISIBILITY: 32
DATASETS:
  TEST: ('coco_2017_val',)
  TRAIN: ('coco_2017_train',)
DISABLE_REDUCED_LOGGING: True
DTYPE: float16
INPUT:
  MAX_SIZE_TEST: 1333
  MAX_SIZE_TRAIN: 1333
  MIN_SIZE_TEST: 800
  MIN_SIZE_TRAIN: (800,)
  PIXEL_MEAN: [102.9801, 115.9465, 122.7717]
  PIXEL_STD: [1.0, 1.0, 1.0]
  TO_BGR255: True
MLPERF:
  MIN_BBOX_MAP: 0.377
  MIN_SEGM_MAP: 0.339
MODEL:
  BACKBONE:
    CONV_BODY: R-50-FPN
    FREEZE_CONV_BODY_AT: 2
    OUT_CHANNELS: 256
    USE_GN: False
  CLS_AGNOSTIC_BBOX_REG: False
  DEVICE: cuda
  FPN:
    USE_GN: False
    USE_RELU: False
  GROUP_NORM:
    DIM_PER_GP: -1
    EPSILON: 1e-05
    NUM_GROUPS: 32
  KEYPOINT_ON: False
  MASK_ON: True
  META_ARCHITECTURE: GeneralizedRCNN
  RESNETS:
    NUM_GROUPS: 1
    RES2_OUT_CHANNELS: 256
    RES5_DILATION: 1
    STEM_FUNC: StemWithFixedBatchNorm
    STEM_OUT_CHANNELS: 64
    STRIDE_IN_1X1: True
    TRANS_FUNC: BottleneckWithFixedBatchNorm
    WIDTH_PER_GROUP: 64
  RETINANET:
    ANCHOR_SIZES: (32, 64, 128, 256, 512)
    ANCHOR_STRIDES: (8, 16, 32, 64, 128)
    ASPECT_RATIOS: (0.5, 1.0, 2.0)
    BBOX_REG_BETA: 0.11
    BBOX_REG_WEIGHT: 4.0
    BG_IOU_THRESHOLD: 0.4
    FG_IOU_THRESHOLD: 0.5
    INFERENCE_TH: 0.05
    LOSS_ALPHA: 0.25
    LOSS_GAMMA: 2.0
    NMS_TH: 0.4
    NUM_CLASSES: 81
    NUM_CONVS: 4
    OCTAVE: 2.0
    PRE_NMS_TOP_N: 1000
    PRIOR_PROB: 0.01
    SCALES_PER_OCTAVE: 3
    STRADDLE_THRESH: 0
    USE_C5: True
  RETINANET_ON: False
  ROI_BOX_HEAD:
    CONV_HEAD_DIM: 256
    DILATION: 1
    FEATURE_EXTRACTOR: FPN2MLPFeatureExtractor
    MLP_HEAD_DIM: 1024
    NUM_CLASSES: 81
    NUM_STACKED_CONVS: 4
    POOLER_RESOLUTION: 7
    POOLER_SAMPLING_RATIO: 2
    POOLER_SCALES: (0.25, 0.125, 0.0625, 0.03125)
    PREDICTOR: FPNPredictor
    USE_GN: False
  ROI_HEADS:
    BATCH_SIZE_PER_IMAGE: 512
    BBOX_REG_WEIGHTS: (10.0, 10.0, 5.0, 5.0)
    BG_IOU_THRESHOLD: 0.5
    DETECTIONS_PER_IMG: 100
    FG_IOU_THRESHOLD: 0.5
    NMS: 0.5
    POSITIVE_FRACTION: 0.25
    SCORE_THRESH: 0.05
    USE_FPN: True
  ROI_KEYPOINT_HEAD:
    CONV_LAYERS: (512, 512, 512, 512, 512, 512, 512, 512)
    FEATURE_EXTRACTOR: KeypointRCNNFeatureExtractor
    MLP_HEAD_DIM: 1024
    NUM_CLASSES: 17
    POOLER_RESOLUTION: 14
    POOLER_SAMPLING_RATIO: 0
    POOLER_SCALES: (0.0625,)
    PREDICTOR: KeypointRCNNPredictor
    RESOLUTION: 14
    SHARE_BOX_FEATURE_EXTRACTOR: True
  ROI_MASK_HEAD:
    CONV_LAYERS: (256, 256, 256, 256)
    DILATION: 1
    FEATURE_EXTRACTOR: MaskRCNNFPNFeatureExtractor
    MLP_HEAD_DIM: 1024
    POOLER_RESOLUTION: 14
    POOLER_SAMPLING_RATIO: 2
    POOLER_SCALES: (0.25, 0.125, 0.0625, 0.03125)
    POSTPROCESS_MASKS: False
    POSTPROCESS_MASKS_THRESHOLD: 0.5
    PREDICTOR: MaskRCNNC4Predictor
    RESOLUTION: 28
    SHARE_BOX_FEATURE_EXTRACTOR: False
    USE_GN: False
  RPN:
    ANCHOR_SIZES: (32, 64, 128, 256, 512)
    ANCHOR_STRIDE: (4, 8, 16, 32, 64)
    ASPECT_RATIOS: (0.5, 1.0, 2.0)
    BATCH_SIZE_PER_IMAGE: 256
    BG_IOU_THRESHOLD: 0.3
    FG_IOU_THRESHOLD: 0.7
    FPN_POST_NMS_TOP_N_TEST: 1000
    FPN_POST_NMS_TOP_N_TRAIN: 6000
    MIN_SIZE: 0
    NMS_THRESH: 0.7
    POSITIVE_FRACTION: 0.5
    POST_NMS_TOP_N_TEST: 1000
    POST_NMS_TOP_N_TRAIN: 2000
    PRE_NMS_TOP_N_TEST: 1000
    PRE_NMS_TOP_N_TRAIN: 2000
    RPN_HEAD: SingleConvRPNHead
    STRADDLE_THRESH: 0
    USE_FPN: True
  RPN_ONLY: False
  WEIGHT: /coco/models/R-50.pkl
NHWC: True
OUTPUT_DIR: .
PATHS_CATALOG: maskrcnn_benchmark/config/paths_catalog_dbcluster.py
PER_EPOCH_EVAL: True
SAVE_CHECKPOINTS: False
SOLVER:
  BASE_LR: 0.06
  BIAS_LR_FACTOR: 2
  CHECKPOINT_PERIOD: 2500
  GAMMA: 0.1
  IMS_PER_BATCH: 48
  MAX_ITER: 80000
  MOMENTUM: 0.9
  STEPS: (24000, 32000)
  WARMUP_FACTOR: 9.6e-05
  WARMUP_ITERS: 625
  WARMUP_METHOD: mlperf_linear
  WEIGHT_DECAY: 0.0001
  WEIGHT_DECAY_BIAS: 0
TEST:
  DETECTIONS_PER_IMG: 100
  EXPECTED_RESULTS: []
  EXPECTED_RESULTS_SIGMA_TOL: 4
  IMS_PER_BATCH: 8
:::MLL 1582128825.927 global_batch_size: {"value": 48, "metadata": {"file": "tools/train_mlperf.py", "lineno": 147}}
:::MLL 1582128825.927 num_image_candidates: {"value": 6000, "metadata": {"file": "tools/train_mlperf.py", "lineno": 148}}
:::MLL 1582128826.778 opt_base_learning_rate: {"value": 0.06, "metadata": {"file": "tools/train_mlperf.py", "lineno": 157}}
:::MLL 1582128826.778 opt_learning_rate_warmup_steps: {"value": 625, "metadata": {"file": "tools/train_mlperf.py", "lineno": 158}}
:::MLL 1582128826.779 opt_learning_rate_warmup_factor: {"value": 9.6e-05, "metadata": {"file": "tools/train_mlperf.py", "lineno": 159}}
Selected optimization level O1:  Insert automatic casts around Pytorch functions and Tensor methods.

Defaults for this optimization level are:
enabled                : True
opt_level              : O1
cast_model_type        : None
patch_torch_functions  : True
keep_batchnorm_fp32    : None
master_weights         : None
loss_scale             : dynamic
Processing user overrides (additional kwargs that are not None)...
After processing overrides, optimization options are:
enabled                : True
opt_level              : O1
cast_model_type        : None
patch_torch_functions  : True
keep_batchnorm_fp32    : None
master_weights         : None
loss_scale             : dynamic
2020-02-19 16:13:46,791 maskrcnn_benchmark.utils.checkpoint INFO: Loading checkpoint from /coco/models/R-50.pkl
Traceback (most recent call last):
  File "tools/train_mlperf.py", line 365, in <module>
    main()
  File "tools/train_mlperf.py", line 354, in main
    model, success = train(cfg, args.local_rank, args.distributed, random_number_generator)
  File "tools/train_mlperf.py", line 186, in train
    extra_checkpoint_data = checkpointer.load(cfg.MODEL.WEIGHT, cfg.NHWC)
  File "/workspace/object_detection/maskrcnn_benchmark/utils/checkpoint.py", line 70, in load
    checkpoint = self._load_file(f)
  File "/workspace/object_detection/maskrcnn_benchmark/utils/checkpoint.py", line 145, in _load_file
    return load_c2_format(self.cfg, f)
  File "/workspace/object_detection/maskrcnn_benchmark/utils/c2_model_loading.py", line 175, in load_c2_format
    return C2_FORMAT_LOADER[cfg.MODEL.BACKBONE.CONV_BODY](cfg, f)
  File "/workspace/object_detection/maskrcnn_benchmark/utils/c2_model_loading.py", line 165, in load_resnet_c2_format
    state_dict = _load_c2_pickled_weights(f)
  File "/workspace/object_detection/maskrcnn_benchmark/utils/c2_model_loading.py", line 134, in _load_c2_pickled_weights
    with open(file_path, "rb") as f:
FileNotFoundError: [Errno 2] No such file or directory: '/coco/models/R-50.pkl'
Traceback (most recent call last):
  File "tools/train_mlperf.py", line 365, in <module>
    main()
  File "tools/train_mlperf.py", line 354, in main
    model, success = train(cfg, args.local_rank, args.distributed, random_number_generator)
  File "tools/train_mlperf.py", line 186, in train
    extra_checkpoint_data = checkpointer.load(cfg.MODEL.WEIGHT, cfg.NHWC)
  File "/workspace/object_detection/maskrcnn_benchmark/utils/checkpoint.py", line 70, in load
    checkpoint = self._load_file(f)
  File "/workspace/object_detection/maskrcnn_benchmark/utils/checkpoint.py", line 145, in _load_file
    return load_c2_format(self.cfg, f)
  File "/workspace/object_detection/maskrcnn_benchmark/utils/c2_model_loading.py", line 175, in load_c2_format
    return C2_FORMAT_LOADER[cfg.MODEL.BACKBONE.CONV_BODY](cfg, f)
  File "/workspace/object_detection/maskrcnn_benchmark/utils/c2_model_loading.py", line 165, in load_resnet_c2_format
    state_dict = _load_c2_pickled_weights(f)
  File "/workspace/object_detection/maskrcnn_benchmark/utils/c2_model_loading.py", line 134, in _load_c2_pickled_weights
    with open(file_path, "rb") as f:
FileNotFoundError: [Errno 2] No such file or directory: '/coco/models/R-50.pkl'
Traceback (most recent call last):
  File "tools/train_mlperf.py", line 365, in <module>
    main()
  File "tools/train_mlperf.py", line 354, in main
    model, success = train(cfg, args.local_rank, args.distributed, random_number_generator)
  File "tools/train_mlperf.py", line 186, in train
    extra_checkpoint_data = checkpointer.load(cfg.MODEL.WEIGHT, cfg.NHWC)
  File "/workspace/object_detection/maskrcnn_benchmark/utils/checkpoint.py", line 70, in load
    checkpoint = self._load_file(f)
  File "/workspace/object_detection/maskrcnn_benchmark/utils/checkpoint.py", line 145, in _load_file
    return load_c2_format(self.cfg, f)
  File "/workspace/object_detection/maskrcnn_benchmark/utils/c2_model_loading.py", line 175, in load_c2_format
    return C2_FORMAT_LOADER[cfg.MODEL.BACKBONE.CONV_BODY](cfg, f)
  File "/workspace/object_detection/maskrcnn_benchmark/utils/c2_model_loading.py", line 165, in load_resnet_c2_format
    state_dict = _load_c2_pickled_weights(f)
  File "/workspace/object_detection/maskrcnn_benchmark/utils/c2_model_loading.py", line 134, in _load_c2_pickled_weights
    with open(file_path, "rb") as f:
FileNotFoundError: [Errno 2] No such file or directory: '/coco/models/R-50.pkl'
Traceback (most recent call last):
  File "tools/train_mlperf.py", line 365, in <module>
    main()
  File "tools/train_mlperf.py", line 354, in main
    model, success = train(cfg, args.local_rank, args.distributed, random_number_generator)
  File "tools/train_mlperf.py", line 186, in train
    extra_checkpoint_data = checkpointer.load(cfg.MODEL.WEIGHT, cfg.NHWC)
  File "/workspace/object_detection/maskrcnn_benchmark/utils/checkpoint.py", line 70, in load
    checkpoint = self._load_file(f)
  File "/workspace/object_detection/maskrcnn_benchmark/utils/checkpoint.py", line 145, in _load_file
    return load_c2_format(self.cfg, f)
  File "/workspace/object_detection/maskrcnn_benchmark/utils/c2_model_loading.py", line 175, in load_c2_format
    return C2_FORMAT_LOADER[cfg.MODEL.BACKBONE.CONV_BODY](cfg, f)
  File "/workspace/object_detection/maskrcnn_benchmark/utils/c2_model_loading.py", line 165, in load_resnet_c2_format
    state_dict = _load_c2_pickled_weights(f)
  File "/workspace/object_detection/maskrcnn_benchmark/utils/c2_model_loading.py", line 134, in _load_c2_pickled_weights
    with open(file_path, "rb") as f:
FileNotFoundError: [Errno 2] No such file or directory: '/coco/models/R-50.pkl'
Traceback (most recent call last):
  File "tools/train_mlperf.py", line 365, in <module>
    main()
  File "tools/train_mlperf.py", line 354, in main
    model, success = train(cfg, args.local_rank, args.distributed, random_number_generator)
  File "tools/train_mlperf.py", line 186, in train
    extra_checkpoint_data = checkpointer.load(cfg.MODEL.WEIGHT, cfg.NHWC)
  File "/workspace/object_detection/maskrcnn_benchmark/utils/checkpoint.py", line 70, in load
    checkpoint = self._load_file(f)
  File "/workspace/object_detection/maskrcnn_benchmark/utils/checkpoint.py", line 145, in _load_file
    return load_c2_format(self.cfg, f)
  File "/workspace/object_detection/maskrcnn_benchmark/utils/c2_model_loading.py", line 175, in load_c2_format
    return C2_FORMAT_LOADER[cfg.MODEL.BACKBONE.CONV_BODY](cfg, f)
  File "/workspace/object_detection/maskrcnn_benchmark/utils/c2_model_loading.py", line 165, in load_resnet_c2_format
    state_dict = _load_c2_pickled_weights(f)
  File "/workspace/object_detection/maskrcnn_benchmark/utils/c2_model_loading.py", line 134, in _load_c2_pickled_weights
    with open(file_path, "rb") as f:
FileNotFoundError: [Errno 2] No such file or directory: '/coco/models/R-50.pkl'
Traceback (most recent call last):
  File "tools/train_mlperf.py", line 365, in <module>
    main()
  File "tools/train_mlperf.py", line 354, in main
    model, success = train(cfg, args.local_rank, args.distributed, random_number_generator)
  File "tools/train_mlperf.py", line 186, in train
    extra_checkpoint_data = checkpointer.load(cfg.MODEL.WEIGHT, cfg.NHWC)
  File "/workspace/object_detection/maskrcnn_benchmark/utils/checkpoint.py", line 70, in load
    checkpoint = self._load_file(f)
  File "/workspace/object_detection/maskrcnn_benchmark/utils/checkpoint.py", line 145, in _load_file
    return load_c2_format(self.cfg, f)
  File "/workspace/object_detection/maskrcnn_benchmark/utils/c2_model_loading.py", line 175, in load_c2_format
    return C2_FORMAT_LOADER[cfg.MODEL.BACKBONE.CONV_BODY](cfg, f)
  File "/workspace/object_detection/maskrcnn_benchmark/utils/c2_model_loading.py", line 165, in load_resnet_c2_format
    state_dict = _load_c2_pickled_weights(f)
  File "/workspace/object_detection/maskrcnn_benchmark/utils/c2_model_loading.py", line 134, in _load_c2_pickled_weights
    with open(file_path, "rb") as f:
FileNotFoundError: [Errno 2] No such file or directory: '/coco/models/R-50.pkl'
Traceback (most recent call last):
  File "tools/train_mlperf.py", line 365, in <module>
    main()
  File "tools/train_mlperf.py", line 354, in main
    model, success = train(cfg, args.local_rank, args.distributed, random_number_generator)
  File "tools/train_mlperf.py", line 186, in train
    extra_checkpoint_data = checkpointer.load(cfg.MODEL.WEIGHT, cfg.NHWC)
  File "/workspace/object_detection/maskrcnn_benchmark/utils/checkpoint.py", line 70, in load
    checkpoint = self._load_file(f)
  File "/workspace/object_detection/maskrcnn_benchmark/utils/checkpoint.py", line 145, in _load_file
    return load_c2_format(self.cfg, f)
  File "/workspace/object_detection/maskrcnn_benchmark/utils/c2_model_loading.py", line 175, in load_c2_format
    return C2_FORMAT_LOADER[cfg.MODEL.BACKBONE.CONV_BODY](cfg, f)
  File "/workspace/object_detection/maskrcnn_benchmark/utils/c2_model_loading.py", line 165, in load_resnet_c2_format
    state_dict = _load_c2_pickled_weights(f)
  File "/workspace/object_detection/maskrcnn_benchmark/utils/c2_model_loading.py", line 134, in _load_c2_pickled_weights
    with open(file_path, "rb") as f:
FileNotFoundError: [Errno 2] No such file or directory: '/coco/models/R-50.pkl'
Traceback (most recent call last):
  File "tools/train_mlperf.py", line 365, in <module>
    main()
  File "tools/train_mlperf.py", line 354, in main
    model, success = train(cfg, args.local_rank, args.distributed, random_number_generator)
  File "tools/train_mlperf.py", line 186, in train
    extra_checkpoint_data = checkpointer.load(cfg.MODEL.WEIGHT, cfg.NHWC)
  File "/workspace/object_detection/maskrcnn_benchmark/utils/checkpoint.py", line 70, in load
    checkpoint = self._load_file(f)
  File "/workspace/object_detection/maskrcnn_benchmark/utils/checkpoint.py", line 145, in _load_file
    return load_c2_format(self.cfg, f)
  File "/workspace/object_detection/maskrcnn_benchmark/utils/c2_model_loading.py", line 175, in load_c2_format
    return C2_FORMAT_LOADER[cfg.MODEL.BACKBONE.CONV_BODY](cfg, f)
  File "/workspace/object_detection/maskrcnn_benchmark/utils/c2_model_loading.py", line 165, in load_resnet_c2_format
    state_dict = _load_c2_pickled_weights(f)
  File "/workspace/object_detection/maskrcnn_benchmark/utils/c2_model_loading.py", line 134, in _load_c2_pickled_weights
    with open(file_path, "rb") as f:
FileNotFoundError: [Errno 2] No such file or directory: '/coco/models/R-50.pkl'
+ ret_code=0
+ set +x
ENDING TIMING RUN AT 2020-02-19 04:13:52 PM
RESULT,OBJECT_DETECTION,,18,nvidia,2020-02-19 04:13:34 PM
