Beginning trial 2 of 3
Gathering sys log on node009
:::MLL 1582315666.511 submission_benchmark: {"value": "transformer", "metadata": {"file": "mlperf_log_utils.py", "lineno": 225}}
:::MLL 1582315666.512 submission_org: {"value": "NVIDIA", "metadata": {"file": "mlperf_log_utils.py", "lineno": 230}}
WARNING: Log validation: Key "submission_division" is not in known transformer keys.
:::MLL 1582315666.513 submission_division: {"value": "closed", "metadata": {"file": "mlperf_log_utils.py", "lineno": 234}}
:::MLL 1582315666.514 submission_status: {"value": "onprem", "metadata": {"file": "mlperf_log_utils.py", "lineno": 238}}
:::MLL 1582315666.515 submission_platform: {"value": "1xDSS8440", "metadata": {"file": "mlperf_log_utils.py", "lineno": 242}}
:::MLL 1582315666.516 submission_entry: {"value": "{'hardware': 'DSS8440', 'framework': 'PyTorch NVIDIA Release 19.05', 'power': 'N/A', 'notes': 'N/A', 'interconnect': 'Ethernet 100 Gb/sec (4X EDR)', 'os': '\\\\S / ', 'libraries': \"{'container_base': 'Ubuntu-16.04', 'openmpi_version': '3.1.3', 'mofed_version': '4.6-2.1.4', 'cuda_version': '10.1.163', 'cuda_driver_version': '418.67', 'nccl_version': '2.4.6', 'cudnn_version': '7.6.0.64', 'cublas_version': '10.2.0.163', 'trt_version': '5.1.5.0', 'dali_version': '0.9.1'}\", 'compilers': 'gcc (Ubuntu 5.4.0-6ubuntu1~16.04.11) 5.4.0 20160609', 'nodes': \"{'num_nodes': '1', 'cpu': '2x Intel(R) Xeon(R) Gold 6230 CPU @ 2.10GHz', 'num_cores': '40', 'num_vcpus': '40', 'accelerator': 'Tesla V100S-PCIE-32GB', 'num_accelerators': '8', 'sys_mem_size': '754 GB', 'sys_storage_type': 'SATA SSD', 'sys_storage_size': '1x 446.6G + 1x 931.5G', 'cpu_accel_interconnect': 'UPI', 'network_card': '', 'num_network_cards': '0', 'notes': ''}\"}", "metadata": {"file": "mlperf_log_utils.py", "lineno": 246}}
:::MLL 1582315666.516 submission_poc_name: {"value": "Paulius Micikevicius", "metadata": {"file": "mlperf_log_utils.py", "lineno": 250}}
:::MLL 1582315666.517 submission_poc_email: {"value": "pauliusm@nvidia.com", "metadata": {"file": "mlperf_log_utils.py", "lineno": 254}}
Clearing caches
:::MLL 1582315668.866 cache_clear: {"value": true, "metadata": {"file": "<string>", "lineno": 1}}
Launching on node node009
+ pids+=($!)
+ set +x
++ eval echo
+++ echo
+ docker exec -e DGXSYSTEM=DGX1 -e 'MULTI_NODE= --master_port=4815' -e 'SEED=    13288130' -e SLURM_JOB_ID=200221132445055286443 -e SLURM_NTASKS_PER_NODE= -e SLURM_NNODES=1 -e MODE=TRAIN cont_200221132445055286443 ./run_and_time.sh
+ SEED='    13288130'
+ MAX_TOKENS=10240
+ DATASET_DIR=/data
+ MODE=TRAIN
+ NUMEPOCHS=30
+ case "$MODE" in
+ source run_training.sh
Run vars: id 200221132445055286443 gpus 8 mparams  --master_port=4815
+++ date +%s
++ START=1582315669
+++ date '+%Y-%m-%d %r'
++ START_FMT='2020-02-21 08:07:49 PM'
++ echo 'STARTING TIMING RUN AT 2020-02-21 08:07:49 PM'
++ [[ 8 -ne 1 ]]
++ DISTRIBUTED_INIT_METHOD='--distributed-init-method env://'
STARTING TIMING RUN AT 2020-02-21 08:07:49 PM
++ export DGXSYSTEM
++ export SLURM_NTASKS_PER_NODE
++ export SLURM_NNODES
++ export MLPERF_HOST_OS
++ python -m bind_launch --nsockets_per_node 2 --ncores_per_socket 20 --nproc_per_node 8 --master_port=4815 --no_hyperthreads train.py /data --seed 13288130 --arch transformer_wmt_en_de_big_t2t --share-all-embeddings --optimizer adam --adam-betas '(0.9, 0.997)' --adam-eps 1e-9 --clip-norm 0.0 --lr-scheduler inverse_sqrt --warmup-init-lr 0.0 --warmup-updates 1000 --lr 1.976e-3 --min-lr 0.0 --dropout 0.1 --weight-decay 0.0 --criterion label_smoothed_cross_entropy --label-smoothing 0.1 --max-tokens 10240 --max-epoch 30 --target-bleu 25.0 --ignore-case --no-save --update-freq 1 --fp16 --seq-len-multiple 2 --softmax-type fast_fill --source_lang en --target_lang de --bucket_growth_factor 1.035 --batching_scheme v0p5_better --batch_multiple_strategy dynamic --fast-xentropy --max-len-a 1 --max-len-b 50 --lenpen 0.6 --distributed-init-method env:// --max-source-positions 64 --max-target-positions 64 --enable-parallel-backward-allred-opt --parallel-backward-allred-opt-threshold 105404416 --parallel-backward-allred-cuda-nstreams 2 --adam-betas '(0.9,0.98)'
| distributed init (rank 0): env://
| distributed env init. MASTER_ADDR: 127.0.0.1, MASTER_PORT: 4815, WORLD_SIZE: 8, RANK: 0
| distributed init (rank 0): env://
| distributed env init. MASTER_ADDR: 127.0.0.1, MASTER_PORT: 4815, WORLD_SIZE: 8, RANK: 2
| distributed init done!
| distributed init (rank 0): env://
| distributed env init. MASTER_ADDR: 127.0.0.1, MASTER_PORT: 4815, WORLD_SIZE: 8, RANK: 7
| distributed init done!
| distributed init (rank 0): env://
| distributed env init. MASTER_ADDR: 127.0.0.1, MASTER_PORT: 4815, WORLD_SIZE: 8, RANK: 6
| distributed init done!
| distributed init (rank 0): env://
| distributed env init. MASTER_ADDR: 127.0.0.1, MASTER_PORT: 4815, WORLD_SIZE: 8, RANK: 4
| distributed init done!
| distributed init (rank 0): env://
| distributed env init. MASTER_ADDR: 127.0.0.1, MASTER_PORT: 4815, WORLD_SIZE: 8, RANK: 5
| distributed init done!
| distributed init (rank 0): env://
| distributed env init. MASTER_ADDR: 127.0.0.1, MASTER_PORT: 4815, WORLD_SIZE: 8, RANK: 3
| distributed init done!
:::MLL 1582315672.761 init_start: {"value": null, "metadata": {"file": "train.py", "lineno": 57}}
:::MLL 1582315672.763 init_start: {"value": null, "metadata": {"file": "train.py", "lineno": 57}}
:::MLL 1582315672.775 init_start: {"value": null, "metadata": {"file": "train.py", "lineno": 57}}
:::MLL 1582315672.780 init_start: {"value": null, "metadata": {"file": "train.py", "lineno": 57}}
:::MLL 1582315672.780 init_start: {"value": null, "metadata": {"file": "train.py", "lineno": 57}}
:::MLL 1582315672.781 init_start: {"value": null, "metadata": {"file": "train.py", "lineno": 57}}
| distributed init (rank 0): env://
| distributed env init. MASTER_ADDR: 127.0.0.1, MASTER_PORT: 4815, WORLD_SIZE: 8, RANK: 1
| distributed init done!
| distributed init done!
| initialized host node009 as rank 0 and device id 0
:::MLL 1582315672.824 init_start: {"value": null, "metadata": {"file": "train.py", "lineno": 57}}
:::MLL 1582315672.825 init_start: {"value": null, "metadata": {"file": "train.py", "lineno": 57}}
Namespace(adam_betas='(0.9,0.98)', adam_eps=1e-09, adaptive_softmax_cutoff=None, arch='transformer_wmt_en_de_big_t2t', attention_dropout=0.1, batch_multiple_strategy='dynamic', batching_scheme='v0p5_better', beam=4, bucket_growth_factor=1.035, clip_norm=0.0, cpu=False, criterion='label_smoothed_cross_entropy', data='/data', dataloader_num_workers=1, decoder_attention_heads=16, decoder_embed_dim=1024, decoder_embed_path=None, decoder_ffn_embed_dim=4096, decoder_layers=6, decoder_learned_pos=False, decoder_normalize_before=True, device_id=0, distributed_backend='nccl', distributed_init_method='env://', distributed_port=-1, distributed_rank=0, distributed_world_size=8, dropout=0.1, enable_dataloader_pin_memory=False, enable_parallel_backward_allred_opt=True, enable_parallel_backward_allred_opt_correctness_check=False, encoder_attention_heads=16, encoder_embed_dim=1024, encoder_embed_path=None, encoder_ffn_embed_dim=4096, encoder_layers=6, encoder_learned_pos=False, encoder_normalize_before=True, fast_xentropy=True, fp16=True, fuse_dropout_add=False, fuse_relu_dropout=False, gen_subset='test', ignore_case=True, keep_interval_updates=-1, label_smoothing=0.1, left_pad_source='True', left_pad_target='False', lenpen=0.6, local_rank=0, log_format=None, log_interval=1000, log_translations=False, lr=[0.001976], lr_scheduler='inverse_sqrt', lr_shrink=0.1, max_epoch=30, max_len_a=1.0, max_len_b=50, max_sentences=None, max_sentences_valid=None, max_source_positions=64, max_target_positions=64, max_tokens=10240, max_update=0, min_len=1, min_loss_scale=0.0001, min_lr=0.0, model_overrides='{}', momentum=0.99, nbest=1, no_beamable_mm=False, no_early_stop=False, no_epoch_checkpoints=False, no_progress_bar=False, no_save=True, no_token_positional_embeddings=False, num_shards=1, online_eval=False, optimizer='adam', parallel_backward_allred_cuda_nstreams=2, parallel_backward_allred_opt_threshold=105404416, path=None, prefix_size=0, print_alignment=False, profile=None, quiet=False, raw_text=False, relu_dropout=0.1, remove_bpe=None, replace_unk=None, restore_file='checkpoint_last.pt', sampling=False, sampling_temperature=1, sampling_topk=-1, save_dir='checkpoints', save_interval=1, save_interval_updates=0, score_reference=False, seed=13288130, sentence_avg=False, seq_len_multiple=2, shard_id=0, share_all_embeddings=True, share_decoder_input_output_embed=False, skip_invalid_size_inputs_valid_test=False, softmax_type='fast_fill', source_lang='en', target_bleu=25.0, target_lang='de', task='translation', train_subset='train', unkpen=0, unnormalized=False, update_freq=[1], valid_subset='valid', validate_interval=1, warmup_init_lr=0.0, warmup_updates=1000, weight_decay=0.0)
:::MLL 1582315677.271 global_batch_size: {"value": 81920, "metadata": {"file": "train.py", "lineno": 74}}
:::MLL 1582315677.271 opt_name: {"value": "adam", "metadata": {"file": "train.py", "lineno": 75}}
:::MLL 1582315677.272 opt_base_learning_rate: {"value": 0.001976, "metadata": {"file": "train.py", "lineno": 77}}
:::MLL 1582315677.272 opt_learning_rate_warmup_steps: {"value": 1000, "metadata": {"file": "train.py", "lineno": 78}}
:::MLL 1582315677.272 max_sequence_length: {"value": 64, "metadata": {"file": "train.py", "lineno": 80}}
:::MLL 1582315677.272 opt_adam_beta_1: {"value": 0.9, "metadata": {"file": "train.py", "lineno": 81}}
:::MLL 1582315677.273 opt_adam_beta_2: {"value": 0.98, "metadata": {"file": "train.py", "lineno": 82}}
:::MLL 1582315677.273 opt_adam_epsilon: {"value": 1e-09, "metadata": {"file": "train.py", "lineno": 83}}
| [en] dictionary: 33712 types
| [de] dictionary: 33712 types
| model transformer_wmt_en_de_big_t2t, criterion LabelSmoothedCrossEntropyCriterion
| num. model params: 210808832
| parallel all-reduce ENABLED. all-reduce threshold: 105404416
| # of parallel all-reduce cuda streams: 2
| training on 8 GPUs
| max tokens per GPU = 10240 and max sentences per GPU = None
:::MLL 1582315682.885 init_stop: {"value": null, "metadata": {"file": "train.py", "lineno": 140}}
:::MLL 1582315682.885 run_start: {"value": null, "metadata": {"file": "train.py", "lineno": 142}}
filename: /data/train.en-de.en
raw_text: False
| /data train 4590101 examples
filename: /data/train1.en-de.en
raw_text: False
filename: /data/train1.de-en.en
raw_text: False
srcline: tensor([ 9093,    73,   156,    10,  3977,   165,     7,   147,   273, 10881,     2])
| Sentences are being padded to multiples of: 2
filename: /data/test.en-de.en
raw_text: False
| /data test 3003 examples
srcline: tensor([ 7549,  4344,    64, 32364,  1259,    20, 13504,  8959,  3868,     2])
| Sentences are being padded to multiples of: 2
filename: /data/test1.en-de.en
raw_text: False
filename: /data/test1.de-en.en
raw_text: False
:::MLL 1582315685.223 block_start: {"value": null, "metadata": {"first_epoch_num": 1, "epoch_count": 1, "file": "train.py", "lineno": 162}}
:::MLL 1582315685.224 epoch_start: {"value": null, "metadata": {"epoch_num": 1, "file": "train.py", "lineno": 163}}
generated 13089 batches in 1.519861s
got epoch iterator 1.5203804969787598
| WARNING: overflow detected, setting loss scale to: 64.0
| WARNING: overflow detected, setting loss scale to: 32.0
| WARNING: overflow detected, setting loss scale to: 16.0
| WARNING: overflow detected, setting loss scale to: 8.0
| WARNING: overflow detected, setting loss scale to: 4.0
| epoch 001:   1000 / 1637 loss=7.616, nll_loss=0.000, ppl=1.00, wps=221830, ups=2.9, wpb=74855, bsz=2600, num_updates=996, lr=0.0019681, gnorm=57602.797, clip=100%, oom=0, loss_scale=4.000, wall=343
| epoch 001 | loss 6.645 | nll_loss 0.000 | ppl 1.00 | wps 221986 | ups 2.9 | wpb 74796 | bsz 2595 | num_updates 1632 | lr 0.00154677 | gnorm 38468.742 | clip 100% | oom 0 | loss_scale 4.000 | wall 557
epoch time  550.6158456802368
:::MLL 1582316237.361 epoch_stop: {"value": null, "metadata": {"epoch_num": 1, "file": "train.py", "lineno": 201}}
:::MLL 1582316237.361 eval_start: {"value": null, "metadata": {"epoch_num": 1, "file": "train.py", "lineno": 547}}
generated 51 batches in 0.000695s
| Translated 445 sentences (12682 tokens) in 3.9s (113.76 sentences/s, 3242.17 tokens/s)
| Generate test with beam=4: bleu_score=19.7057
| Eval completed in: 5.92s
:::MLL 1582316243.282 eval_stop: {"value": null, "metadata": {"epoch_num": 1, "file": "train.py", "lineno": 658}}
:::MLL 1582316243.284 eval_accuracy: {"value": "19.705730676651", "metadata": {"epoch_num": 1, "file": "train.py", "lineno": 211}}
validation and scoring  5.924183130264282
:::MLL 1582316243.353 block_stop: {"value": null, "metadata": {"first_epoch_num": 1, "file": "train.py", "lineno": 226}}
:::MLL 1582316243.353 block_start: {"value": null, "metadata": {"first_epoch_num": 2, "epoch_count": 1, "file": "train.py", "lineno": 162}}
:::MLL 1582316243.354 epoch_start: {"value": null, "metadata": {"epoch_num": 2, "file": "train.py", "lineno": 163}}
generated 13089 batches in 1.523940s
got epoch iterator 1.5842032432556152
| epoch 002:   1000 / 1637 loss=4.704, nll_loss=0.000, ppl=1.00, wps=223279, ups=2.9, wpb=75004, bsz=2586, num_updates=2633, lr=0.00121776, gnorm=26082.094, clip=100%, oom=0, loss_scale=4.000, wall=901
| WARNING: overflow detected, setting loss scale to: 4.0
| epoch 002 | loss 4.629 | nll_loss 0.000 | ppl 1.00 | wps 222488 | ups 2.9 | wpb 74793 | bsz 2595 | num_updates 3268 | lr 0.00109306 | gnorm 22133.932 | clip 100% | oom 0 | loss_scale 4.000 | wall 1115
epoch time  550.3550899028778
:::MLL 1582316795.294 epoch_stop: {"value": null, "metadata": {"epoch_num": 2, "file": "train.py", "lineno": 201}}
:::MLL 1582316795.294 eval_start: {"value": null, "metadata": {"epoch_num": 2, "file": "train.py", "lineno": 547}}
generated 51 batches in 0.000694s
| Translated 445 sentences (11575 tokens) in 3.2s (136.96 sentences/s, 3562.58 tokens/s)
| Generate test with beam=4: bleu_score=24.5909
| Eval completed in: 6.11s
:::MLL 1582316801.403 eval_stop: {"value": null, "metadata": {"epoch_num": 2, "file": "train.py", "lineno": 658}}
:::MLL 1582316801.406 eval_accuracy: {"value": "24.59089457988739", "metadata": {"epoch_num": 2, "file": "train.py", "lineno": 211}}
validation and scoring  6.113453388214111
:::MLL 1582316801.474 block_stop: {"value": null, "metadata": {"first_epoch_num": 2, "file": "train.py", "lineno": 226}}
:::MLL 1582316801.474 block_start: {"value": null, "metadata": {"first_epoch_num": 3, "epoch_count": 1, "file": "train.py", "lineno": 162}}
:::MLL 1582316801.475 epoch_start: {"value": null, "metadata": {"epoch_num": 3, "file": "train.py", "lineno": 163}}
generated 13089 batches in 1.533159s
got epoch iterator 1.5942678451538086
| epoch 003:   1000 / 1637 loss=4.385, nll_loss=0.000, ppl=1.00, wps=222970, ups=2.9, wpb=74920, bsz=2592, num_updates=4269, lr=0.000956365, gnorm=17909.683, clip=100%, oom=0, loss_scale=4.000, wall=1460
| epoch 003 | loss 4.363 | nll_loss 0.000 | ppl 1.00 | wps 222581 | ups 2.9 | wpb 74793 | bsz 2597 | num_updates 4905 | lr 0.000892211 | gnorm 16067.553 | clip 100% | oom 0 | loss_scale 4.000 | wall 1673
epoch time  550.4749629497528
:::MLL 1582317353.545 epoch_stop: {"value": null, "metadata": {"epoch_num": 3, "file": "train.py", "lineno": 201}}
:::MLL 1582317353.545 eval_start: {"value": null, "metadata": {"epoch_num": 3, "file": "train.py", "lineno": 547}}
generated 51 batches in 0.000678s
| Translated 445 sentences (12257 tokens) in 3.6s (124.10 sentences/s, 3418.24 tokens/s)
| Generate test with beam=4: bleu_score=24.7916
| Eval completed in: 5.79s
:::MLL 1582317359.337 eval_stop: {"value": null, "metadata": {"epoch_num": 3, "file": "train.py", "lineno": 658}}
:::MLL 1582317359.339 eval_accuracy: {"value": "24.791578948497772", "metadata": {"epoch_num": 3, "file": "train.py", "lineno": 211}}
validation and scoring  5.795532703399658
:::MLL 1582317359.408 block_stop: {"value": null, "metadata": {"first_epoch_num": 3, "file": "train.py", "lineno": 226}}
:::MLL 1582317359.409 block_start: {"value": null, "metadata": {"first_epoch_num": 4, "epoch_count": 1, "file": "train.py", "lineno": 162}}
:::MLL 1582317359.409 epoch_start: {"value": null, "metadata": {"epoch_num": 4, "file": "train.py", "lineno": 163}}
generated 13089 batches in 1.548479s
got epoch iterator 1.6097488403320312
| epoch 004:   1000 / 1637 loss=4.239, nll_loss=0.000, ppl=1.00, wps=222925, ups=2.9, wpb=74925, bsz=2610, num_updates=5906, lr=0.000813093, gnorm=14516.848, clip=100%, oom=0, loss_scale=8.000, wall=2018
| epoch 004 | loss 4.233 | nll_loss 0.000 | ppl 1.00 | wps 222506 | ups 2.9 | wpb 74793 | bsz 2597 | num_updates 6542 | lr 0.000772559 | gnorm 13746.456 | clip 100% | oom 0 | loss_scale 8.000 | wall 2231
epoch time  550.6503870487213
:::MLL 1582317911.670 epoch_stop: {"value": null, "metadata": {"epoch_num": 4, "file": "train.py", "lineno": 201}}
:::MLL 1582317911.670 eval_start: {"value": null, "metadata": {"epoch_num": 4, "file": "train.py", "lineno": 547}}
generated 51 batches in 0.000656s
| Translated 445 sentences (11801 tokens) in 3.2s (137.25 sentences/s, 3639.70 tokens/s)
| Generate test with beam=4: bleu_score=25.8782
| Eval completed in: 5.20s
:::MLL 1582317916.872 eval_stop: {"value": null, "metadata": {"epoch_num": 4, "file": "train.py", "lineno": 658}}
:::MLL 1582317916.874 eval_accuracy: {"value": "25.878247618675232", "metadata": {"epoch_num": 4, "file": "train.py", "lineno": 211}}
validation and scoring  5.205023527145386
:::MLL 1582317916.944 block_stop: {"value": null, "metadata": {"first_epoch_num": 4, "file": "train.py", "lineno": 226}}
:::MLL 1582317916.944 run_stop: {"value": null, "metadata": {"status": "success", "file": "train.py", "lineno": 231}}
| done training in 2235.4 seconds
++ ret_code=0
++ sleep 3
++ [[ 0 != 0 ]]
+++ date +%s
++ END=1582317921
+++ date '+%Y-%m-%d %r'
++ END_FMT='2020-02-21 08:45:21 PM'
++ echo 'ENDING TIMING RUN AT 2020-02-21 08:45:21 PM'
ENDING TIMING RUN AT 2020-02-21 08:45:21 PM
++ RESULT=2252
++ RESULT_NAME=transformer
RESULT,transformer,    13288130,2252,,2020-02-21 08:07:49 PM
++ echo 'RESULT,transformer,    13288130,2252,,2020-02-21 08:07:49 PM'
+ set +x
