Beginning trial 7 of 10
Gathering sys log on node009
:::MLL 1583436561.379 submission_benchmark: {"value": "transformer", "metadata": {"file": "mlperf_log_utils.py", "lineno": 225}}
:::MLL 1583436561.380 submission_org: {"value": "NVIDIA", "metadata": {"file": "mlperf_log_utils.py", "lineno": 230}}
WARNING: Log validation: Key "submission_division" is not in known transformer keys.
:::MLL 1583436561.381 submission_division: {"value": "closed", "metadata": {"file": "mlperf_log_utils.py", "lineno": 234}}
:::MLL 1583436561.381 submission_status: {"value": "onprem", "metadata": {"file": "mlperf_log_utils.py", "lineno": 238}}
:::MLL 1583436561.382 submission_platform: {"value": "1xDSS8440", "metadata": {"file": "mlperf_log_utils.py", "lineno": 242}}
:::MLL 1583436561.383 submission_entry: {"value": "{'hardware': 'DSS8440', 'framework': 'PyTorch NVIDIA Release 19.05', 'power': 'N/A', 'notes': 'N/A', 'interconnect': 'Ethernet 100 Gb/sec (4X EDR)', 'os': '\\\\S / ', 'libraries': \"{'container_base': 'Ubuntu-16.04', 'openmpi_version': '3.1.3', 'mofed_version': '4.6-2.1.4', 'cuda_version': '10.1.163', 'cuda_driver_version': '418.67', 'nccl_version': '2.4.6', 'cudnn_version': '7.6.0.64', 'cublas_version': '10.2.0.163', 'trt_version': '5.1.5.0', 'dali_version': '0.9.1'}\", 'compilers': 'gcc (Ubuntu 5.4.0-6ubuntu1~16.04.11) 5.4.0 20160609', 'nodes': \"{'num_nodes': '1', 'cpu': '2x Intel(R) Xeon(R) Gold 6230 CPU @ 2.10GHz', 'num_cores': '40', 'num_vcpus': '40', 'accelerator': 'Tesla V100S-PCIE-32GB', 'num_accelerators': '8', 'sys_mem_size': '754 GB', 'sys_storage_type': 'SATA SSD', 'sys_storage_size': '1x 446.6G + 1x 931.5G', 'cpu_accel_interconnect': 'UPI', 'network_card': '', 'num_network_cards': '0', 'notes': ''}\"}", "metadata": {"file": "mlperf_log_utils.py", "lineno": 246}}
:::MLL 1583436561.384 submission_poc_name: {"value": "Paulius Micikevicius", "metadata": {"file": "mlperf_log_utils.py", "lineno": 250}}
:::MLL 1583436561.385 submission_poc_email: {"value": "pauliusm@nvidia.com", "metadata": {"file": "mlperf_log_utils.py", "lineno": 254}}
Clearing caches
:::MLL 1583436563.812 cache_clear: {"value": true, "metadata": {"file": "<string>", "lineno": 1}}
Launching on node node009
+ pids+=($!)
+ set +x
++ eval echo
+++ echo
+ docker exec -e DGXSYSTEM=DGX1 -e 'MULTI_NODE= --master_port=5173' -e 'SEED=     7998497' -e SLURM_JOB_ID=200305103507896542057 -e SLURM_NTASKS_PER_NODE= -e SLURM_NNODES=1 -e MODE=TRAIN cont_200305103507896542057 ./run_and_time.sh
+ SEED='     7998497'
+ MAX_TOKENS=16000
+ DATASET_DIR=/data
+ MODE=TRAIN
+ NUMEPOCHS=30
+ case "$MODE" in
+ source run_training.sh
Run vars: id 200305103507896542057 gpus 8 mparams  --master_port=5173
+++ date +%s
++ START=1583436564
+++ date '+%Y-%m-%d %r'
++ START_FMT='2020-03-05 07:29:24 PM'
++ echo 'STARTING TIMING RUN AT 2020-03-05 07:29:24 PM'
++ [[ 8 -ne 1 ]]
++ DISTRIBUTED_INIT_METHOD='--distributed-init-method env://'
STARTING TIMING RUN AT 2020-03-05 07:29:24 PM
++ export DGXSYSTEM
++ export SLURM_NTASKS_PER_NODE
++ export SLURM_NNODES
++ export MLPERF_HOST_OS
++ python -m bind_launch --nsockets_per_node 2 --ncores_per_socket 20 --nproc_per_node 8 --master_port=5173 --no_hyperthreads train.py /data --seed 7998497 --arch transformer_wmt_en_de_big_t2t --share-all-embeddings --optimizer adam --adam-betas '(0.9, 0.997)' --adam-eps 1e-9 --clip-norm 0.0 --lr-scheduler inverse_sqrt --warmup-init-lr 0.0 --warmup-updates 1000 --lr 1.976e-3 --min-lr 0.0 --dropout 0.1 --weight-decay 0.0 --criterion label_smoothed_cross_entropy --label-smoothing 0.1 --max-tokens 16000 --max-epoch 30 --target-bleu 25.0 --ignore-case --no-save --update-freq 1 --fp16 --seq-len-multiple 2 --softmax-type fast_fill --source_lang en --target_lang de --bucket_growth_factor 1.035 --batching_scheme v0p5_better --batch_multiple_strategy dynamic --fast-xentropy --max-len-a 1 --max-len-b 50 --lenpen 0.6 --distributed-init-method env:// --max-source-positions 60 --max-target-positions 60 --enable-parallel-backward-allred-opt --parallel-backward-allred-opt-threshold 105404416 --parallel-backward-allred-cuda-nstreams 2 --adam-betas '(0.9,0.98)'
| distributed init (rank 0): env://
| distributed env init. MASTER_ADDR: 127.0.0.1, MASTER_PORT: 5173, WORLD_SIZE: 8, RANK: 0
| distributed init (rank 0): env://
| distributed env init. MASTER_ADDR: 127.0.0.1, MASTER_PORT: 5173, WORLD_SIZE: 8, RANK: 1
| distributed init (rank 0): env://
| distributed env init. MASTER_ADDR: 127.0.0.1, MASTER_PORT: 5173, WORLD_SIZE: 8, RANK: 4
| distributed init done!
| distributed init done!
| distributed init (rank 0): env://
| distributed env init. MASTER_ADDR: 127.0.0.1, MASTER_PORT: 5173, WORLD_SIZE: 8, RANK: 7
| distributed init done!
:::MLL 1583436567.711 init_start: {"value": null, "metadata": {"file": "train.py", "lineno": 57}}
:::MLL 1583436567.711 init_start: {"value": null, "metadata": {"file": "train.py", "lineno": 57}}
| distributed init (rank 0): env://
| distributed env init. MASTER_ADDR: 127.0.0.1, MASTER_PORT: 5173, WORLD_SIZE: 8, RANK: 5
| distributed init done!
:::MLL 1583436567.730 init_start: {"value": null, "metadata": {"file": "train.py", "lineno": 57}}
| distributed init (rank 0): env://
| distributed env init. MASTER_ADDR: 127.0.0.1, MASTER_PORT: 5173, WORLD_SIZE: 8, RANK: 2
| distributed init done!
| distributed init (rank 0): env://
| distributed env init. MASTER_ADDR: 127.0.0.1, MASTER_PORT: 5173, WORLD_SIZE: 8, RANK: 6
| distributed init done!
| distributed init (rank 0): env://
| distributed env init. MASTER_ADDR: 127.0.0.1, MASTER_PORT: 5173, WORLD_SIZE: 8, RANK: 3
| distributed init done!
| distributed init done!
| initialized host node009 as rank 0 and device id 0
:::MLL 1583436567.752 init_start: {"value": null, "metadata": {"file": "train.py", "lineno": 57}}
:::MLL 1583436567.754 init_start: {"value": null, "metadata": {"file": "train.py", "lineno": 57}}
:::MLL 1583436567.755 init_start: {"value": null, "metadata": {"file": "train.py", "lineno": 57}}
:::MLL 1583436567.755 init_start: {"value": null, "metadata": {"file": "train.py", "lineno": 57}}
:::MLL 1583436567.761 init_start: {"value": null, "metadata": {"file": "train.py", "lineno": 57}}
Namespace(adam_betas='(0.9,0.98)', adam_eps=1e-09, adaptive_softmax_cutoff=None, arch='transformer_wmt_en_de_big_t2t', attention_dropout=0.1, batch_multiple_strategy='dynamic', batching_scheme='v0p5_better', beam=4, bucket_growth_factor=1.035, clip_norm=0.0, cpu=False, criterion='label_smoothed_cross_entropy', data='/data', dataloader_num_workers=1, decoder_attention_heads=16, decoder_embed_dim=1024, decoder_embed_path=None, decoder_ffn_embed_dim=4096, decoder_layers=6, decoder_learned_pos=False, decoder_normalize_before=True, device_id=0, distributed_backend='nccl', distributed_init_method='env://', distributed_port=-1, distributed_rank=0, distributed_world_size=8, dropout=0.1, enable_dataloader_pin_memory=False, enable_parallel_backward_allred_opt=True, enable_parallel_backward_allred_opt_correctness_check=False, encoder_attention_heads=16, encoder_embed_dim=1024, encoder_embed_path=None, encoder_ffn_embed_dim=4096, encoder_layers=6, encoder_learned_pos=False, encoder_normalize_before=True, fast_xentropy=True, fp16=True, fuse_dropout_add=False, fuse_relu_dropout=False, gen_subset='test', ignore_case=True, keep_interval_updates=-1, label_smoothing=0.1, left_pad_source='True', left_pad_target='False', lenpen=0.6, local_rank=0, log_format=None, log_interval=1000, log_translations=False, lr=[0.001976], lr_scheduler='inverse_sqrt', lr_shrink=0.1, max_epoch=30, max_len_a=1.0, max_len_b=50, max_sentences=None, max_sentences_valid=None, max_source_positions=60, max_target_positions=60, max_tokens=16000, max_update=0, min_len=1, min_loss_scale=0.0001, min_lr=0.0, model_overrides='{}', momentum=0.99, nbest=1, no_beamable_mm=False, no_early_stop=False, no_epoch_checkpoints=False, no_progress_bar=False, no_save=True, no_token_positional_embeddings=False, num_shards=1, online_eval=False, optimizer='adam', parallel_backward_allred_cuda_nstreams=2, parallel_backward_allred_opt_threshold=105404416, path=None, prefix_size=0, print_alignment=False, profile=None, quiet=False, raw_text=False, relu_dropout=0.1, remove_bpe=None, replace_unk=None, restore_file='checkpoint_last.pt', sampling=False, sampling_temperature=1, sampling_topk=-1, save_dir='checkpoints', save_interval=1, save_interval_updates=0, score_reference=False, seed=7998497, sentence_avg=False, seq_len_multiple=2, shard_id=0, share_all_embeddings=True, share_decoder_input_output_embed=False, skip_invalid_size_inputs_valid_test=False, softmax_type='fast_fill', source_lang='en', target_bleu=25.0, target_lang='de', task='translation', train_subset='train', unkpen=0, unnormalized=False, update_freq=[1], valid_subset='valid', validate_interval=1, warmup_init_lr=0.0, warmup_updates=1000, weight_decay=0.0)
:::MLL 1583436572.404 global_batch_size: {"value": 128000, "metadata": {"file": "train.py", "lineno": 74}}
:::MLL 1583436572.404 opt_name: {"value": "adam", "metadata": {"file": "train.py", "lineno": 75}}
:::MLL 1583436572.404 opt_base_learning_rate: {"value": 0.001976, "metadata": {"file": "train.py", "lineno": 77}}
:::MLL 1583436572.404 opt_learning_rate_warmup_steps: {"value": 1000, "metadata": {"file": "train.py", "lineno": 78}}
:::MLL 1583436572.405 max_sequence_length: {"value": 60, "metadata": {"file": "train.py", "lineno": 80}}
:::MLL 1583436572.405 opt_adam_beta_1: {"value": 0.9, "metadata": {"file": "train.py", "lineno": 81}}
:::MLL 1583436572.405 opt_adam_beta_2: {"value": 0.98, "metadata": {"file": "train.py", "lineno": 82}}
:::MLL 1583436572.405 opt_adam_epsilon: {"value": 1e-09, "metadata": {"file": "train.py", "lineno": 83}}
| [en] dictionary: 33712 types
| [de] dictionary: 33712 types
| model transformer_wmt_en_de_big_t2t, criterion LabelSmoothedCrossEntropyCriterion
| num. model params: 210808832
| parallel all-reduce ENABLED. all-reduce threshold: 105404416
| # of parallel all-reduce cuda streams: 2
| training on 8 GPUs
| max tokens per GPU = 16000 and max sentences per GPU = None
:::MLL 1583436578.309 init_stop: {"value": null, "metadata": {"file": "train.py", "lineno": 140}}
:::MLL 1583436578.309 run_start: {"value": null, "metadata": {"file": "train.py", "lineno": 142}}
filename: /data/train.en-de.en
raw_text: False
| /data train 4590101 examples
filename: /data/train1.en-de.en
raw_text: False
filename: /data/train1.de-en.en
raw_text: False
srcline: tensor([ 9093,    73,   156,    10,  3977,   165,     7,   147,   273, 10881,     2])
| Sentences are being padded to multiples of: 2
filename: /data/test.en-de.en
raw_text: False
| /data test 3003 examples
srcline: tensor([ 7549,  4344,    64, 32364,  1259,    20, 13504,  8959,  3868,     2])
| Sentences are being padded to multiples of: 2
filename: /data/test1.en-de.en
raw_text: False
filename: /data/test1.de-en.en
raw_text: False
:::MLL 1583436580.706 block_start: {"value": null, "metadata": {"first_epoch_num": 1, "epoch_count": 1, "file": "train.py", "lineno": 162}}
:::MLL 1583436580.706 epoch_start: {"value": null, "metadata": {"epoch_num": 1, "file": "train.py", "lineno": 163}}
generated 8034 batches in 1.508568s
got epoch iterator 1.5092041492462158
| WARNING: overflow detected, setting loss scale to: 64.0
| WARNING: overflow detected, setting loss scale to: 32.0
| WARNING: overflow detected, setting loss scale to: 16.0
| WARNING: overflow detected, setting loss scale to: 8.0
| epoch 001:   1000 / 1005 loss=7.388, nll_loss=0.000, ppl=1.00, wps=246351, ups=2.1, wpb=116832, bsz=4143, num_updates=997, lr=0.00197007, gnorm=78510.961, clip=100%, oom=0, loss_scale=8.000, wall=481
| epoch 001 | loss 7.380 | nll_loss 0.000 | ppl 1.00 | wps 246149 | ups 2.1 | wpb 116755 | bsz 4139 | num_updates 1001 | lr 0.00197501 | gnorm 78290.705 | clip 100% | oom 0 | loss_scale 8.000 | wall 483
epoch time  475.70794320106506
:::MLL 1583437057.925 epoch_stop: {"value": null, "metadata": {"epoch_num": 1, "file": "train.py", "lineno": 201}}
:::MLL 1583437057.925 eval_start: {"value": null, "metadata": {"epoch_num": 1, "file": "train.py", "lineno": 547}}
generated 51 batches in 0.000666s
| Translated 445 sentences (11914 tokens) in 3.7s (119.14 sentences/s, 3189.62 tokens/s)
| Generate test with beam=4: bleu_score=18.4919
| Eval completed in: 5.58s
:::MLL 1583437063.507 eval_stop: {"value": null, "metadata": {"epoch_num": 1, "file": "train.py", "lineno": 658}}
:::MLL 1583437063.509 eval_accuracy: {"value": "18.491928279399872", "metadata": {"epoch_num": 1, "file": "train.py", "lineno": 211}}
validation and scoring  5.585452079772949
:::MLL 1583437063.576 block_stop: {"value": null, "metadata": {"first_epoch_num": 1, "file": "train.py", "lineno": 226}}
:::MLL 1583437063.577 block_start: {"value": null, "metadata": {"first_epoch_num": 2, "epoch_count": 1, "file": "train.py", "lineno": 162}}
:::MLL 1583437063.577 epoch_start: {"value": null, "metadata": {"epoch_num": 2, "file": "train.py", "lineno": 163}}
generated 8034 batches in 1.515162s
got epoch iterator 1.5769269466400146
| WARNING: overflow detected, setting loss scale to: 4.0
| epoch 002:   1000 / 1005 loss=4.796, nll_loss=0.000, ppl=1.00, wps=247208, ups=2.1, wpb=116853, bsz=4139, num_updates=2001, lr=0.00139689, gnorm=45973.869, clip=100%, oom=0, loss_scale=4.000, wall=963
| epoch 002 | loss 4.795 | nll_loss 0.000 | ppl 1.00 | wps 246966 | ups 2.1 | wpb 116762 | bsz 4138 | num_updates 2005 | lr 0.0013955 | gnorm 45893.543 | clip 100% | oom 0 | loss_scale 4.000 | wall 965
epoch time  475.1447026729584
:::MLL 1583437540.299 epoch_stop: {"value": null, "metadata": {"epoch_num": 2, "file": "train.py", "lineno": 201}}
:::MLL 1583437540.300 eval_start: {"value": null, "metadata": {"epoch_num": 2, "file": "train.py", "lineno": 547}}
generated 51 batches in 0.000699s
| Translated 445 sentences (11887 tokens) in 3.4s (130.75 sentences/s, 3492.58 tokens/s)
| Generate test with beam=4: bleu_score=23.0455
| Eval completed in: 5.24s
:::MLL 1583437545.543 eval_stop: {"value": null, "metadata": {"epoch_num": 2, "file": "train.py", "lineno": 658}}
:::MLL 1583437545.545 eval_accuracy: {"value": "23.04554432630539", "metadata": {"epoch_num": 2, "file": "train.py", "lineno": 211}}
validation and scoring  5.246705532073975
:::MLL 1583437545.612 block_stop: {"value": null, "metadata": {"first_epoch_num": 2, "file": "train.py", "lineno": 226}}
:::MLL 1583437545.612 block_start: {"value": null, "metadata": {"first_epoch_num": 3, "epoch_count": 1, "file": "train.py", "lineno": 162}}
:::MLL 1583437545.613 epoch_start: {"value": null, "metadata": {"epoch_num": 3, "file": "train.py", "lineno": 163}}
generated 8034 batches in 1.507619s
got epoch iterator 1.5708675384521484
| epoch 003:   1000 / 1005 loss=4.424, nll_loss=0.000, ppl=1.00, wps=247700, ups=2.1, wpb=116860, bsz=4144, num_updates=3006, lr=0.0011397, gnorm=32744.935, clip=100%, oom=0, loss_scale=4.000, wall=1445
| epoch 003 | loss 4.424 | nll_loss 0.000 | ppl 1.00 | wps 247481 | ups 2.1 | wpb 116761 | bsz 4141 | num_updates 3010 | lr 0.00113895 | gnorm 32706.977 | clip 100% | oom 0 | loss_scale 4.000 | wall 1447
epoch time  474.6170153617859
:::MLL 1583438021.802 epoch_stop: {"value": null, "metadata": {"epoch_num": 3, "file": "train.py", "lineno": 201}}
:::MLL 1583438021.802 eval_start: {"value": null, "metadata": {"epoch_num": 3, "file": "train.py", "lineno": 547}}
generated 51 batches in 0.000668s
| Translated 445 sentences (11555 tokens) in 3.1s (143.88 sentences/s, 3735.91 tokens/s)
| Generate test with beam=4: bleu_score=25.3301
| Eval completed in: 4.99s
:::MLL 1583438026.789 eval_stop: {"value": null, "metadata": {"epoch_num": 3, "file": "train.py", "lineno": 658}}
:::MLL 1583438026.791 eval_accuracy: {"value": "25.330090522766113", "metadata": {"epoch_num": 3, "file": "train.py", "lineno": 211}}
validation and scoring  4.9904773235321045
:::MLL 1583438026.858 block_stop: {"value": null, "metadata": {"first_epoch_num": 3, "file": "train.py", "lineno": 226}}
:::MLL 1583438026.859 run_stop: {"value": null, "metadata": {"status": "success", "file": "train.py", "lineno": 231}}
| done training in 1450.0 seconds
++ ret_code=0
++ sleep 3
++ [[ 0 != 0 ]]
+++ date +%s
++ END=1583438031
+++ date '+%Y-%m-%d %r'
++ END_FMT='2020-03-05 07:53:51 PM'
++ echo 'ENDING TIMING RUN AT 2020-03-05 07:53:51 PM'
++ RESULT=1467
++ RESULT_NAME=transformer
ENDING TIMING RUN AT 2020-03-05 07:53:51 PM
RESULT,transformer,     7998497,1467,,2020-03-05 07:29:24 PM
++ echo 'RESULT,transformer,     7998497,1467,,2020-03-05 07:29:24 PM'
+ set +x
