Beginning trial 3 of 3
Gathering sys log on node009
:::MLL 1583341017.317 submission_benchmark: {"value": "transformer", "metadata": {"file": "mlperf_log_utils.py", "lineno": 225}}
:::MLL 1583341017.317 submission_org: {"value": "NVIDIA", "metadata": {"file": "mlperf_log_utils.py", "lineno": 230}}
WARNING: Log validation: Key "submission_division" is not in known transformer keys.
:::MLL 1583341017.318 submission_division: {"value": "closed", "metadata": {"file": "mlperf_log_utils.py", "lineno": 234}}
:::MLL 1583341017.319 submission_status: {"value": "onprem", "metadata": {"file": "mlperf_log_utils.py", "lineno": 238}}
:::MLL 1583341017.320 submission_platform: {"value": "1xDSS8440", "metadata": {"file": "mlperf_log_utils.py", "lineno": 242}}
:::MLL 1583341017.321 submission_entry: {"value": "{'hardware': 'DSS8440', 'framework': 'PyTorch NVIDIA Release 19.05', 'power': 'N/A', 'notes': 'N/A', 'interconnect': 'Ethernet 100 Gb/sec (4X EDR)', 'os': '\\\\S / ', 'libraries': \"{'container_base': 'Ubuntu-16.04', 'openmpi_version': '3.1.3', 'mofed_version': '4.6-2.1.4', 'cuda_version': '10.1.163', 'cuda_driver_version': '418.67', 'nccl_version': '2.4.6', 'cudnn_version': '7.6.0.64', 'cublas_version': '10.2.0.163', 'trt_version': '5.1.5.0', 'dali_version': '0.9.1'}\", 'compilers': 'gcc (Ubuntu 5.4.0-6ubuntu1~16.04.11) 5.4.0 20160609', 'nodes': \"{'num_nodes': '1', 'cpu': '2x Intel(R) Xeon(R) Gold 6230 CPU @ 2.10GHz', 'num_cores': '40', 'num_vcpus': '40', 'accelerator': 'Tesla V100S-PCIE-32GB', 'num_accelerators': '8', 'sys_mem_size': '754 GB', 'sys_storage_type': 'SATA SSD', 'sys_storage_size': '1x 446.6G + 1x 931.5G', 'cpu_accel_interconnect': 'UPI', 'network_card': '', 'num_network_cards': '0', 'notes': ''}\"}", "metadata": {"file": "mlperf_log_utils.py", "lineno": 246}}
:::MLL 1583341017.322 submission_poc_name: {"value": "Paulius Micikevicius", "metadata": {"file": "mlperf_log_utils.py", "lineno": 250}}
:::MLL 1583341017.322 submission_poc_email: {"value": "pauliusm@nvidia.com", "metadata": {"file": "mlperf_log_utils.py", "lineno": 254}}
Clearing caches
:::MLL 1583341019.829 cache_clear: {"value": true, "metadata": {"file": "<string>", "lineno": 1}}
Launching on node node009
+ pids+=($!)
+ set +x
++ eval echo
+++ echo
+ docker exec -e DGXSYSTEM=DGX1 -e 'MULTI_NODE= --master_port=5159' -e 'SEED=    11420703' -e SLURM_JOB_ID=200304094534059576370 -e SLURM_NTASKS_PER_NODE= -e SLURM_NNODES=1 -e MODE=TRAIN cont_200304094534059576370 ./run_and_time.sh
Run vars: id 200304094534059576370 gpus 8 mparams  --master_port=5159
+ SEED='    11420703'
+ MAX_TOKENS=15360
+ DATASET_DIR=/data
+ MODE=TRAIN
+ NUMEPOCHS=30
+ case "$MODE" in
+ source run_training.sh
+++ date +%s
++ START=1583341020
+++ date '+%Y-%m-%d %r'
++ START_FMT='2020-03-04 04:57:00 PM'
++ echo 'STARTING TIMING RUN AT 2020-03-04 04:57:00 PM'
STARTING TIMING RUN AT 2020-03-04 04:57:00 PM
++ [[ 8 -ne 1 ]]
++ DISTRIBUTED_INIT_METHOD='--distributed-init-method env://'
++ export DGXSYSTEM
++ export SLURM_NTASKS_PER_NODE
++ export SLURM_NNODES
++ export MLPERF_HOST_OS
++ python -m bind_launch --nsockets_per_node 2 --ncores_per_socket 20 --nproc_per_node 8 --master_port=5159 --no_hyperthreads train.py /data --seed 11420703 --arch transformer_wmt_en_de_big_t2t --share-all-embeddings --optimizer adam --adam-betas '(0.9, 0.997)' --adam-eps 1e-9 --clip-norm 0.0 --lr-scheduler inverse_sqrt --warmup-init-lr 0.0 --warmup-updates 3000 --lr 1.976e-3 --min-lr 0.0 --dropout 0.1 --weight-decay 0.0 --criterion label_smoothed_cross_entropy --label-smoothing 0.1 --max-tokens 15360 --max-epoch 30 --target-bleu 25.0 --ignore-case --no-save --update-freq 1 --fp16 --seq-len-multiple 2 --softmax-type fast_fill --source_lang en --target_lang de --bucket_growth_factor 1.035 --batching_scheme v0p5_better --batch_multiple_strategy dynamic --fast-xentropy --max-len-a 1 --max-len-b 50 --lenpen 0.6 --distributed-init-method env:// --max-source-positions 64 --max-target-positions 64 --enable-parallel-backward-allred-opt --parallel-backward-allred-opt-threshold 105404416 --parallel-backward-allred-cuda-nstreams 2 --adam-betas '(0.9,0.98)'
| distributed init (rank 0): env://
| distributed env init. MASTER_ADDR: 127.0.0.1, MASTER_PORT: 5159, WORLD_SIZE: 8, RANK: 0
| distributed init (rank 0): env://
| distributed env init. MASTER_ADDR: 127.0.0.1, MASTER_PORT: 5159, WORLD_SIZE: 8, RANK: 3
| distributed init done!
:::MLL 1583341023.658 init_start: {"value": null, "metadata": {"file": "train.py", "lineno": 57}}
| distributed init (rank 0): env://
| distributed env init. MASTER_ADDR: 127.0.0.1, MASTER_PORT: 5159, WORLD_SIZE: 8, RANK: 2
| distributed init done!
:::MLL 1583341023.713 init_start: {"value": null, "metadata": {"file": "train.py", "lineno": 57}}
| distributed init (rank 0): env://
| distributed env init. MASTER_ADDR: 127.0.0.1, MASTER_PORT: 5159, WORLD_SIZE: 8, RANK: 7
| distributed init done!
| distributed init (rank 0): env://
| distributed env init. MASTER_ADDR: 127.0.0.1, MASTER_PORT: 5159, WORLD_SIZE: 8, RANK: 6
| distributed init done!
| distributed init (rank 0): env://
| distributed env init. MASTER_ADDR: 127.0.0.1, MASTER_PORT: 5159, WORLD_SIZE: 8, RANK: 5
| distributed init done!
:::MLL 1583341023.737 init_start: {"value": null, "metadata": {"file": "train.py", "lineno": 57}}
| distributed init (rank 0): env://
| distributed env init. MASTER_ADDR: 127.0.0.1, MASTER_PORT: 5159, WORLD_SIZE: 8, RANK: 4
| distributed init done!
:::MLL 1583341023.738 init_start: {"value": null, "metadata": {"file": "train.py", "lineno": 57}}
:::MLL 1583341023.741 init_start: {"value": null, "metadata": {"file": "train.py", "lineno": 57}}
| distributed init (rank 0): env://
| distributed env init. MASTER_ADDR: 127.0.0.1, MASTER_PORT: 5159, WORLD_SIZE: 8, RANK: 1
| distributed init done!
| distributed init done!
| initialized host node009 as rank 0 and device id 0
:::MLL 1583341023.758 init_start: {"value": null, "metadata": {"file": "train.py", "lineno": 57}}
:::MLL 1583341023.765 init_start: {"value": null, "metadata": {"file": "train.py", "lineno": 57}}
:::MLL 1583341023.770 init_start: {"value": null, "metadata": {"file": "train.py", "lineno": 57}}
Namespace(adam_betas='(0.9,0.98)', adam_eps=1e-09, adaptive_softmax_cutoff=None, arch='transformer_wmt_en_de_big_t2t', attention_dropout=0.1, batch_multiple_strategy='dynamic', batching_scheme='v0p5_better', beam=4, bucket_growth_factor=1.035, clip_norm=0.0, cpu=False, criterion='label_smoothed_cross_entropy', data='/data', dataloader_num_workers=1, decoder_attention_heads=16, decoder_embed_dim=1024, decoder_embed_path=None, decoder_ffn_embed_dim=4096, decoder_layers=6, decoder_learned_pos=False, decoder_normalize_before=True, device_id=0, distributed_backend='nccl', distributed_init_method='env://', distributed_port=-1, distributed_rank=0, distributed_world_size=8, dropout=0.1, enable_dataloader_pin_memory=False, enable_parallel_backward_allred_opt=True, enable_parallel_backward_allred_opt_correctness_check=False, encoder_attention_heads=16, encoder_embed_dim=1024, encoder_embed_path=None, encoder_ffn_embed_dim=4096, encoder_layers=6, encoder_learned_pos=False, encoder_normalize_before=True, fast_xentropy=True, fp16=True, fuse_dropout_add=False, fuse_relu_dropout=False, gen_subset='test', ignore_case=True, keep_interval_updates=-1, label_smoothing=0.1, left_pad_source='True', left_pad_target='False', lenpen=0.6, local_rank=0, log_format=None, log_interval=1000, log_translations=False, lr=[0.001976], lr_scheduler='inverse_sqrt', lr_shrink=0.1, max_epoch=30, max_len_a=1.0, max_len_b=50, max_sentences=None, max_sentences_valid=None, max_source_positions=64, max_target_positions=64, max_tokens=15360, max_update=0, min_len=1, min_loss_scale=0.0001, min_lr=0.0, model_overrides='{}', momentum=0.99, nbest=1, no_beamable_mm=False, no_early_stop=False, no_epoch_checkpoints=False, no_progress_bar=False, no_save=True, no_token_positional_embeddings=False, num_shards=1, online_eval=False, optimizer='adam', parallel_backward_allred_cuda_nstreams=2, parallel_backward_allred_opt_threshold=105404416, path=None, prefix_size=0, print_alignment=False, profile=None, quiet=False, raw_text=False, relu_dropout=0.1, remove_bpe=None, replace_unk=None, restore_file='checkpoint_last.pt', sampling=False, sampling_temperature=1, sampling_topk=-1, save_dir='checkpoints', save_interval=1, save_interval_updates=0, score_reference=False, seed=11420703, sentence_avg=False, seq_len_multiple=2, shard_id=0, share_all_embeddings=True, share_decoder_input_output_embed=False, skip_invalid_size_inputs_valid_test=False, softmax_type='fast_fill', source_lang='en', target_bleu=25.0, target_lang='de', task='translation', train_subset='train', unkpen=0, unnormalized=False, update_freq=[1], valid_subset='valid', validate_interval=1, warmup_init_lr=0.0, warmup_updates=3000, weight_decay=0.0)
:::MLL 1583341028.352 global_batch_size: {"value": 122880, "metadata": {"file": "train.py", "lineno": 74}}
:::MLL 1583341028.352 opt_name: {"value": "adam", "metadata": {"file": "train.py", "lineno": 75}}
:::MLL 1583341028.352 opt_base_learning_rate: {"value": 0.001976, "metadata": {"file": "train.py", "lineno": 77}}
:::MLL 1583341028.352 opt_learning_rate_warmup_steps: {"value": 3000, "metadata": {"file": "train.py", "lineno": 78}}
:::MLL 1583341028.353 max_sequence_length: {"value": 64, "metadata": {"file": "train.py", "lineno": 80}}
:::MLL 1583341028.353 opt_adam_beta_1: {"value": 0.9, "metadata": {"file": "train.py", "lineno": 81}}
:::MLL 1583341028.353 opt_adam_beta_2: {"value": 0.98, "metadata": {"file": "train.py", "lineno": 82}}
:::MLL 1583341028.353 opt_adam_epsilon: {"value": 1e-09, "metadata": {"file": "train.py", "lineno": 83}}
| [en] dictionary: 33712 types
| [de] dictionary: 33712 types
| model transformer_wmt_en_de_big_t2t, criterion LabelSmoothedCrossEntropyCriterion
| num. model params: 210808832
| parallel all-reduce ENABLED. all-reduce threshold: 105404416
| # of parallel all-reduce cuda streams: 2
| training on 8 GPUs
| max tokens per GPU = 15360 and max sentences per GPU = None
:::MLL 1583341034.070 init_stop: {"value": null, "metadata": {"file": "train.py", "lineno": 140}}
:::MLL 1583341034.071 run_start: {"value": null, "metadata": {"file": "train.py", "lineno": 142}}
filename: /data/train.en-de.en
raw_text: False
| /data train 4590101 examples
filename: /data/train1.en-de.en
raw_text: False
filename: /data/train1.de-en.en
raw_text: False
srcline: tensor([ 9093,    73,   156,    10,  3977,   165,     7,   147,   273, 10881,     2])
| Sentences are being padded to multiples of: 2
filename: /data/test.en-de.en
raw_text: False
| /data test 3003 examples
srcline: tensor([ 7549,  4344,    64, 32364,  1259,    20, 13504,  8959,  3868,     2])
| Sentences are being padded to multiples of: 2
filename: /data/test1.en-de.en
raw_text: False
filename: /data/test1.de-en.en
raw_text: False
:::MLL 1583341036.452 block_start: {"value": null, "metadata": {"first_epoch_num": 1, "epoch_count": 1, "file": "train.py", "lineno": 162}}
:::MLL 1583341036.452 epoch_start: {"value": null, "metadata": {"epoch_num": 1, "file": "train.py", "lineno": 163}}
generated 8733 batches in 1.490858s
got epoch iterator 1.4914519786834717
| WARNING: overflow detected, setting loss scale to: 64.0
| WARNING: overflow detected, setting loss scale to: 32.0
| WARNING: overflow detected, setting loss scale to: 16.0
| WARNING: overflow detected, setting loss scale to: 8.0
| WARNING: overflow detected, setting loss scale to: 4.0
| epoch 001:   1000 / 1092 loss=8.268, nll_loss=0.000, ppl=1.00, wps=244556, ups=2.1, wpb=112164, bsz=3886, num_updates=996, lr=0.000656032, gnorm=70578.786, clip=100%, oom=0, loss_scale=4.000, wall=464
| epoch 001 | loss 8.037 | nll_loss 0.000 | ppl 1.00 | wps 244587 | ups 2.1 | wpb 112136 | bsz 3887 | num_updates 1087 | lr 0.000715971 | gnorm 66481.159 | clip 100% | oom 0 | loss_scale 4.000 | wall 506
epoch time  499.2506899833679
:::MLL 1583341537.195 epoch_stop: {"value": null, "metadata": {"epoch_num": 1, "file": "train.py", "lineno": 201}}
:::MLL 1583341537.196 eval_start: {"value": null, "metadata": {"epoch_num": 1, "file": "train.py", "lineno": 547}}
generated 51 batches in 0.000664s
| Translated 445 sentences (12743 tokens) in 3.9s (112.81 sentences/s, 3230.33 tokens/s)
| Generate test with beam=4: bleu_score=17.2150
| Eval completed in: 6.02s
:::MLL 1583341543.213 eval_stop: {"value": null, "metadata": {"epoch_num": 1, "file": "train.py", "lineno": 658}}
:::MLL 1583341543.215 eval_accuracy: {"value": "17.21503585577011", "metadata": {"epoch_num": 1, "file": "train.py", "lineno": 211}}
validation and scoring  6.020920515060425
:::MLL 1583341543.286 block_stop: {"value": null, "metadata": {"first_epoch_num": 1, "file": "train.py", "lineno": 226}}
:::MLL 1583341543.286 block_start: {"value": null, "metadata": {"first_epoch_num": 2, "epoch_count": 1, "file": "train.py", "lineno": 162}}
:::MLL 1583341543.287 epoch_start: {"value": null, "metadata": {"epoch_num": 2, "file": "train.py", "lineno": 163}}
generated 8733 batches in 1.495644s
got epoch iterator 1.5595955848693848
| WARNING: overflow detected, setting loss scale to: 2.0
| epoch 002:   1000 / 1092 loss=5.017, nll_loss=0.000, ppl=1.00, wps=246070, ups=2.2, wpb=112193, bsz=3897, num_updates=2087, lr=0.00137464, gnorm=40513.668, clip=100%, oom=0, loss_scale=2.000, wall=970
| epoch 002 | loss 4.998 | nll_loss 0.000 | ppl 1.00 | wps 246005 | ups 2.2 | wpb 112135 | bsz 3890 | num_updates 2178 | lr 0.00143458 | gnorm 39059.457 | clip 100% | oom 0 | loss_scale 2.000 | wall 1011
epoch time  497.77801847457886
:::MLL 1583342042.625 epoch_stop: {"value": null, "metadata": {"epoch_num": 2, "file": "train.py", "lineno": 201}}
:::MLL 1583342042.626 eval_start: {"value": null, "metadata": {"epoch_num": 2, "file": "train.py", "lineno": 547}}
generated 51 batches in 0.000731s
| Translated 445 sentences (12078 tokens) in 3.4s (132.01 sentences/s, 3583.07 tokens/s)
| Generate test with beam=4: bleu_score=21.8390
| Eval completed in: 5.67s
:::MLL 1583342048.296 eval_stop: {"value": null, "metadata": {"epoch_num": 2, "file": "train.py", "lineno": 658}}
:::MLL 1583342048.299 eval_accuracy: {"value": "21.83900624513626", "metadata": {"epoch_num": 2, "file": "train.py", "lineno": 211}}
validation and scoring  5.674342632293701
:::MLL 1583342048.368 block_stop: {"value": null, "metadata": {"first_epoch_num": 2, "file": "train.py", "lineno": 226}}
:::MLL 1583342048.368 block_start: {"value": null, "metadata": {"first_epoch_num": 3, "epoch_count": 1, "file": "train.py", "lineno": 162}}
:::MLL 1583342048.368 epoch_start: {"value": null, "metadata": {"epoch_num": 3, "file": "train.py", "lineno": 163}}
generated 8733 batches in 1.491626s
got epoch iterator 1.5579469203948975
| epoch 003:   1000 / 1092 loss=4.634, nll_loss=0.000, ppl=1.00, wps=246142, ups=2.2, wpb=112124, bsz=3899, num_updates=3179, lr=0.00191956, gnorm=28237.877, clip=100%, oom=0, loss_scale=2.000, wall=1475
| epoch 003 | loss 4.629 | nll_loss 0.000 | ppl 1.00 | wps 246088 | ups 2.2 | wpb 112121 | bsz 3893 | num_updates 3270 | lr 0.00189266 | gnorm 27554.145 | clip 100% | oom 0 | loss_scale 2.000 | wall 1517
epoch time  497.9495360851288
:::MLL 1583342547.877 epoch_stop: {"value": null, "metadata": {"epoch_num": 3, "file": "train.py", "lineno": 201}}
:::MLL 1583342547.878 eval_start: {"value": null, "metadata": {"epoch_num": 3, "file": "train.py", "lineno": 547}}
generated 51 batches in 0.000654s
| Translated 445 sentences (11936 tokens) in 3.6s (123.19 sentences/s, 3304.24 tokens/s)
| Generate test with beam=4: bleu_score=23.8619
| Eval completed in: 5.46s
:::MLL 1583342553.337 eval_stop: {"value": null, "metadata": {"epoch_num": 3, "file": "train.py", "lineno": 658}}
:::MLL 1583342553.339 eval_accuracy: {"value": "23.861898481845856", "metadata": {"epoch_num": 3, "file": "train.py", "lineno": 211}}
validation and scoring  5.463182210922241
:::MLL 1583342553.407 block_stop: {"value": null, "metadata": {"first_epoch_num": 3, "file": "train.py", "lineno": 226}}
:::MLL 1583342553.408 block_start: {"value": null, "metadata": {"first_epoch_num": 4, "epoch_count": 1, "file": "train.py", "lineno": 162}}
:::MLL 1583342553.408 epoch_start: {"value": null, "metadata": {"epoch_num": 4, "file": "train.py", "lineno": 163}}
generated 8733 batches in 1.508235s
got epoch iterator 1.577242136001587
| epoch 004:   1000 / 1092 loss=4.406, nll_loss=0.000, ppl=1.00, wps=246181, ups=2.2, wpb=112178, bsz=3898, num_updates=4271, lr=0.00165609, gnorm=22203.362, clip=100%, oom=0, loss_scale=4.000, wall=1980
| epoch 004 | loss 4.400 | nll_loss 0.000 | ppl 1.00 | wps 246034 | ups 2.2 | wpb 112121 | bsz 3893 | num_updates 4362 | lr 0.00163872 | gnorm 21841.666 | clip 100% | oom 0 | loss_scale 4.000 | wall 2022
epoch time  498.1248002052307
:::MLL 1583343053.111 epoch_stop: {"value": null, "metadata": {"epoch_num": 4, "file": "train.py", "lineno": 201}}
:::MLL 1583343053.112 eval_start: {"value": null, "metadata": {"epoch_num": 4, "file": "train.py", "lineno": 547}}
generated 51 batches in 0.000710s
| Translated 445 sentences (11983 tokens) in 3.7s (121.40 sentences/s, 3268.99 tokens/s)
| Generate test with beam=4: bleu_score=25.2920
| Eval completed in: 5.74s
:::MLL 1583343058.857 eval_stop: {"value": null, "metadata": {"epoch_num": 4, "file": "train.py", "lineno": 658}}
:::MLL 1583343058.859 eval_accuracy: {"value": "25.29204785823822", "metadata": {"epoch_num": 4, "file": "train.py", "lineno": 211}}
validation and scoring  5.748779058456421
:::MLL 1583343058.928 block_stop: {"value": null, "metadata": {"first_epoch_num": 4, "file": "train.py", "lineno": 226}}
:::MLL 1583343058.928 run_stop: {"value": null, "metadata": {"status": "success", "file": "train.py", "lineno": 231}}
| done training in 2026.2 seconds
++ ret_code=0
++ sleep 3
++ [[ 0 != 0 ]]
+++ date +%s
++ END=1583343063
+++ date '+%Y-%m-%d %r'
++ END_FMT='2020-03-04 05:31:03 PM'
++ echo 'ENDING TIMING RUN AT 2020-03-04 05:31:03 PM'
ENDING TIMING RUN AT 2020-03-04 05:31:03 PM
++ RESULT=2043
++ RESULT_NAME=transformer
RESULT,transformer,    11420703,2043,,2020-03-04 04:57:00 PM
++ echo 'RESULT,transformer,    11420703,2043,,2020-03-04 04:57:00 PM'
+ set +x
