Beginning trial 1 of 2
Gathering sys log on node009
:::MLL 1581972140.715 submission_benchmark: {"value": "gnmt", "metadata": {"file": "mlperf_log_utils.py", "lineno": 176}}
:::MLL 1581972140.715 submission_org: {"value": "NVIDIA", "metadata": {"file": "mlperf_log_utils.py", "lineno": 181}}
WARNING: Log validation: Key "submission_division" is not in known gnmt keys.
:::MLL 1581972140.716 submission_division: {"value": "closed", "metadata": {"file": "mlperf_log_utils.py", "lineno": 185}}
:::MLL 1581972140.716 submission_status: {"value": "onprem", "metadata": {"file": "mlperf_log_utils.py", "lineno": 189}}
:::MLL 1581972140.717 submission_platform: {"value": "1xDSS8440", "metadata": {"file": "mlperf_log_utils.py", "lineno": 193}}
:::MLL 1581972140.717 submission_entry: {"value": "{'hardware': 'DSS8440', 'framework': 'PyTorch NVIDIA Release 19.05', 'power': 'N/A', 'notes': 'N/A', 'interconnect': 'Ethernet 100 Gb/sec (4X EDR)', 'os': '\\\\S / ', 'libraries': \"{'container_base': 'Ubuntu-16.04', 'openmpi_version': '3.1.3', 'mofed_version': '4.6-2.1.4', 'cuda_version': '10.1.163', 'cuda_driver_version': '418.67', 'nccl_version': '2.4.6', 'cudnn_version': '7.6.0.64', 'cublas_version': '10.2.0.163', 'trt_version': '5.1.5.0', 'dali_version': '0.9.1'}\", 'compilers': 'gcc (Ubuntu 5.4.0-6ubuntu1~16.04.11) 5.4.0 20160609', 'nodes': \"{'num_nodes': '1', 'cpu': '2x Intel(R) Xeon(R) Gold 6230 CPU @ 2.10GHz', 'num_cores': '40', 'num_vcpus': '40', 'accelerator': 'Tesla V100S-PCIE-32GB', 'num_accelerators': '8', 'sys_mem_size': '754 GB', 'sys_storage_type': 'SATA SSD', 'sys_storage_size': '1x 446.6G + 1x 931.5G', 'cpu_accel_interconnect': 'UPI', 'network_card': '', 'num_network_cards': '0', 'notes': ''}\"}", "metadata": {"file": "mlperf_log_utils.py", "lineno": 197}}
:::MLL 1581972140.717 submission_poc_name: {"value": "Paulius Micikevicius", "metadata": {"file": "mlperf_log_utils.py", "lineno": 201}}
:::MLL 1581972140.718 submission_poc_email: {"value": "pauliusm@nvidia.com", "metadata": {"file": "mlperf_log_utils.py", "lineno": 205}}
Clearing caches
:::MLL 1581972143.322 cache_clear: {"value": true, "metadata": {"file": "<string>", "lineno": 1}}
Launching on node node009
+ pids+=($!)
+ set +x
++ eval echo
+++ echo
+ docker exec -e DGXSYSTEM=DGX1 -e 'MULTI_NODE= --master_port=4604' -e LR=4.0e-3 -e TRAIN_BATCH_SIZE=768 -e TEST_BATCH_SIZE=128 -e WARMUP_STEPS=200 -e REMAIN_STEPS=4300 -e DECAY_INTERVAL=809 -e TARGET=24.0 -e NUMEPOCHS=8 -e MAX_SEQ_LEN=75 -e 'EXTRA_OPTS=   --fused-attention    --fused-xentropy    --no-log-all-ranks    ' -e SLURM_JOB_ID=200217144103792483538 -e SLURM_NTASKS_PER_NODE= -e SLURM_NNODES=1 cont_200217144103792483538 ./run_and_time.sh
Run vars: id 200217144103792483538 gpus 3 mparams  --master_port=4604
NCCL_SOCKET_NTHREADS=2
NCCL_NSOCKS_PERTHREAD=8
STARTING TIMING RUN AT 2020-02-17 08:42:23 PM
+ DATASET_DIR=/data
+ PREPROC_DATADIR=/preproc_data
+ RESULTS_DIR=gnmt_wmt16
+ LR=4.0e-3
+ TRAIN_BATCH_SIZE=768
+ TEST_BATCH_SIZE=128
+ WARMUP_STEPS=200
+ REMAIN_STEPS=4300
+ DECAY_INTERVAL=809
+ TARGET=24.0
+ MAX_SEQ_LEN=75
+ NUMEPOCHS=8
+ EXTRA_OPTS='   --fused-attention    --fused-xentropy    --no-log-all-ranks    '
+ BIND_LAUNCH=0
+ MATH=amp_fp16
+ [[ 0 -eq 1 ]]
running benchmark
+ LAUNCH_OPT='torch.distributed.launch --nproc_per_node 3  --master_port=4604'
+ echo 'running benchmark'
+ python -m torch.distributed.launch --nproc_per_node 3 --master_port=4604 train.py --save gnmt_wmt16 --dataset-dir /data --preproc-data-dir /preproc_data --target-bleu 24.0 --epochs 8 --math amp_fp16 --max-length-train 75 --print-freq 10 --train-batch-size 768 --test-batch-size 128 --optimizer FusedAdam --lr 4.0e-3 --warmup-steps 200 --remain-steps 4300 --decay-interval 809 --fused-attention --fused-xentropy --no-log-all-ranks
:::MLL 1581972145.849 init_start: {"value": null, "metadata": {"file": "train.py", "lineno": 288}}
:::MLL 1581972145.849 init_start: {"value": null, "metadata": {"file": "train.py", "lineno": 288}}
:::MLL 1581972145.849 init_start: {"value": null, "metadata": {"file": "train.py", "lineno": 288}}
0: Saving results to: results/gnmt_wmt16
0: Run arguments: Namespace(apex_message_size=10000000.0, apex_num_allreduce_streams=1, batching='bucketing', beam_size=5, cov_penalty_factor=0.1, cuda=True, cudnn=True, dataset_dir='/data', decay_factor=0.5, decay_interval=809, decay_steps=8, dropout=0.2, enable_apex_allreduce_overlap=False, env=False, epochs=8, eval=True, fused_attention=True, fused_xentropy=True, grad_clip=5.0, hidden_size=1024, init_scale=1024, intra_epoch_eval=0, keep_checkpoints=0, len_norm_const=5.0, len_norm_factor=0.6, local_rank=0, log_all_ranks=False, lr=0.004, math='amp_fp16', max_length_test=150, max_length_train=75, max_size=None, min_length_test=0, min_length_train=0, num_buckets=5, num_layers=4, optimizer='FusedAdam', optimizer_extra='{}', prealloc_mode='always', preproc_data_dir='/preproc_data', print_freq=10, rank=0, remain_steps=4300, results_dir='results', resume=None, save='gnmt_wmt16', save_all=False, save_freq=5000, save_path='results/gnmt_wmt16', seed=None, shard_size=80, share_embedding=True, smoothing=0.1, start_epoch=0, target_bleu=24.0, test_batch_size=128, test_loader_workers=0, train_batch_size=768, train_global_batch_size=None, train_iter_size=1, train_loader_workers=1, upscale_interval=128, use_preproc_data=True, warmup_steps=200)
0: L2 promotion: 128B
0: Using random master seed: 1634458859
node009:465:465 [0] NCCL INFO Bootstrap : Using [0]eth3:10.141.0.9<0> [1]cali2db325eb964:fe80::ecee:eeff:feee:eeee%cali2db325eb964<0>
node009:465:465 [0] NCCL INFO NET/Plugin : No plugin found (libnccl-net.so), using internal implementation

node009:465:465 [0] misc/ibvwrap.cc:212 NCCL WARN Call to ibv_open_device failed

node009:465:465 [0] transport/net_ib.cc:120 NCCL WARN NET/IB : Unable to open device mlx5_0
node009:465:465 [0] NCCL INFO NET/IB : No device found.
node009:465:465 [0] NCCL INFO NET/Socket : Using [0]eth3:10.141.0.9<0> [1]cali2db325eb964:fe80::ecee:eeff:feee:eeee%cali2db325eb964<0>
NCCL version 2.5.6+cuda10.2
node009:466:466 [1] NCCL INFO Bootstrap : Using [0]eth3:10.141.0.9<0> [1]cali2db325eb964:fe80::ecee:eeff:feee:eeee%cali2db325eb964<0>
node009:467:467 [2] NCCL INFO Bootstrap : Using [0]eth3:10.141.0.9<0> [1]cali2db325eb964:fe80::ecee:eeff:feee:eeee%cali2db325eb964<0>
node009:466:466 [1] NCCL INFO NET/Plugin : No plugin found (libnccl-net.so), using internal implementation
node009:467:467 [2] NCCL INFO NET/Plugin : No plugin found (libnccl-net.so), using internal implementation

node009:467:467 [2] misc/ibvwrap.cc:212 NCCL WARN Call to ibv_open_device failed

node009:467:467 [2] transport/net_ib.cc:120 NCCL WARN NET/IB : Unable to open device mlx5_0
node009:467:467 [2] NCCL INFO NET/IB : No device found.

node009:466:466 [1] misc/ibvwrap.cc:212 NCCL WARN Call to ibv_open_device failed

node009:466:466 [1] transport/net_ib.cc:120 NCCL WARN NET/IB : Unable to open device mlx5_0
node009:466:466 [1] NCCL INFO NET/IB : No device found.
node009:467:467 [2] NCCL INFO NET/Socket : Using [0]eth3:10.141.0.9<0> [1]cali2db325eb964:fe80::ecee:eeff:feee:eeee%cali2db325eb964<0>
node009:466:466 [1] NCCL INFO NET/Socket : Using [0]eth3:10.141.0.9<0> [1]cali2db325eb964:fe80::ecee:eeff:feee:eeee%cali2db325eb964<0>
node009:465:602 [0] NCCL INFO Setting affinity for GPU 0 to 55,55555555
node009:466:604 [1] NCCL INFO Setting affinity for GPU 1 to 55,55555555
node009:467:603 [2] NCCL INFO Setting affinity for GPU 2 to 55,55555555
node009:467:603 [2] NCCL INFO Could not find real path of /sys/class/net/cali2db325eb964/device
node009:467:603 [2] NCCL INFO include/net.h:19 -> 2
node009:465:602 [0] NCCL INFO Could not find real path of /sys/class/net/cali2db325eb964/device
node009:466:604 [1] NCCL INFO Could not find real path of /sys/class/net/cali2db325eb964/device
node009:465:602 [0] NCCL INFO include/net.h:19 -> 2
node009:466:604 [1] NCCL INFO include/net.h:19 -> 2
node009:467:603 [2] NCCL INFO NCCL_P2P_LEVEL set by environment to 3.
node009:465:602 [0] NCCL INFO NCCL_P2P_LEVEL set by environment to 3.
node009:466:604 [1] NCCL INFO NCCL_P2P_LEVEL set by environment to 3.
node009:465:602 [0] NCCL INFO Channel 00/02 :    0   1   2
node009:467:603 [2] NCCL INFO Threads per block : 512/640/256
node009:466:604 [1] NCCL INFO Threads per block : 512/640/256
node009:465:602 [0] NCCL INFO Channel 01/02 :    0   1   2
node009:467:603 [2] NCCL INFO threadThresholds 8/8/64 | 24/8/64
node009:466:604 [1] NCCL INFO threadThresholds 8/8/64 | 24/8/64
node009:465:602 [0] NCCL INFO Threads per block : 512/640/256
node009:467:603 [2] NCCL INFO Trees [0] -1/-1/-1->2->1|1->2->-1/-1/-1 [1] -1/-1/-1->2->1|1->2->-1/-1/-1
node009:466:604 [1] NCCL INFO Trees [0] 2/-1/-1->1->0|0->1->2/-1/-1 [1] 2/-1/-1->1->0|0->1->2/-1/-1
node009:465:602 [0] NCCL INFO threadThresholds 8/8/64 | 24/8/64
node009:465:602 [0] NCCL INFO Trees [0] 1/-1/-1->0->-1|-1->0->1/-1/-1 [1] 1/-1/-1->0->-1|-1->0->1/-1/-1
node009:467:603 [2] NCCL INFO Ring 00 : 2[47000] -> 0[10000] via P2P/IPC
node009:466:604 [1] NCCL INFO Ring 00 : 1[11000] -> 2[47000] via P2P/IPC
node009:465:602 [0] NCCL INFO Ring 00 : 0[10000] -> 1[11000] via P2P/IPC
node009:467:603 [2] NCCL INFO Ring 00 : 2[47000] -> 1[11000] via P2P/IPC
node009:466:604 [1] NCCL INFO Ring 00 : 1[11000] -> 0[10000] via P2P/IPC
node009:467:603 [2] NCCL INFO Ring 01 : 2[47000] -> 0[10000] via P2P/IPC
node009:465:602 [0] NCCL INFO Ring 01 : 0[10000] -> 1[11000] via P2P/IPC
node009:466:604 [1] NCCL INFO Ring 01 : 1[11000] -> 2[47000] via P2P/IPC
node009:467:603 [2] NCCL INFO Ring 01 : 2[47000] -> 1[11000] via P2P/IPC
node009:466:604 [1] NCCL INFO Ring 01 : 1[11000] -> 0[10000] via P2P/IPC
node009:467:603 [2] NCCL INFO comm 0x7fff4c007570 rank 2 nranks 3 cudaDev 2 busId 47000 - Init COMPLETE
node009:465:602 [0] NCCL INFO comm 0x7fff54007570 rank 0 nranks 3 cudaDev 0 busId 10000 - Init COMPLETE
node009:465:465 [0] NCCL INFO Launch mode Parallel
node009:466:604 [1] NCCL INFO comm 0x7fff50007570 rank 1 nranks 3 cudaDev 1 busId 11000 - Init COMPLETE
0: Worker 0 is using worker seed: 1918813175
0: Building vocabulary from /data/vocab.bpe.32000
0: Size of vocabulary: 32320
0: Fused attention flag set to True
0: GNMT(
  (encoder): ResidualRecurrentEncoder(
    (rnn_layers): ModuleList(
      (0): EmuBidirLSTM(
        (bidir): LSTM(1024, 1024, bidirectional=True)
        (layer1): LSTM(1024, 1024)
        (layer2): LSTM(1024, 1024)
      )
      (1): LSTM(2048, 1024)
      (2): LSTM(1024, 1024)
      (3): LSTM(1024, 1024)
    )
    (dropout): Dropout(p=0.2)
    (embedder): Embedding(32320, 1024, padding_idx=0)
  )
  (decoder): ResidualRecurrentDecoder(
    (att_rnn): RecurrentAttention(
      (rnn): LSTM(1024, 1024)
      (attn): BahdanauAttention(
        (linear_q): Linear(in_features=1024, out_features=1024, bias=False)
        (linear_k): Linear(in_features=1024, out_features=1024, bias=False)
      )
      (dropout): Dropout(p=0.2)
    )
    (rnn_layers): ModuleList(
      (0): LSTM(2048, 1024)
      (1): LSTM(2048, 1024)
      (2): LSTM(2048, 1024)
    )
    (embedder): Embedding(32320, 1024, padding_idx=0)
    (classifier): Classifier(
      (classifier): Linear(in_features=1024, out_features=32320, bias=True)
    )
    (dropout): Dropout(p=0.2)
  )
)
0: Building LabelSmoothingLoss (smoothing: 0.1)
0: Fused xentropy flag set to True
0: Training optimizer config: {'optimizer': 'FusedAdam', 'lr': 0.004}
0: Number of parameters: 160671297
0: Saving state of the tokenizer
Selected optimization level O2:  FP16 training with FP32 batchnorm and FP32 master weights.

Defaults for this optimization level are:
enabled                : True
opt_level              : O2
cast_model_type        : torch.float16
patch_torch_functions  : False
keep_batchnorm_fp32    : True
master_weights         : True
loss_scale             : dynamic
Processing user overrides (additional kwargs that are not None)...
After processing overrides, optimization options are:
enabled                : True
opt_level              : O2
cast_model_type        : torch.float16
patch_torch_functions  : False
keep_batchnorm_fp32    : False
master_weights         : True
loss_scale             : dynamic
0: Initializing amp optimizer
0: Using optimizer: FusedAdam (
Parameter Group 0
    betas: (0.9, 0.999)
    bias_correction: True
    eps: 1e-08
    lr: 0.004
    max_grad_norm: 5.0
    weight_decay: 0.0
)
:::MLL 1581972154.584 opt_base_learning_rate: {"value": 0.004, "metadata": {"file": "seq2seq/train/trainer.py", "lineno": 169}}
0: Executing preallocation
/opt/conda/lib/python3.6/site-packages/torch/nn/modules/rnn.py:522: RuntimeWarning: RNN module weights are not part of single contiguous chunk of memory. This means they need to be compacted at every call, possibly greatly increasing memory usage. To compact weights again call flatten_parameters().
  self.num_layers, self.dropout, self.training, self.bidirectional)
/opt/conda/lib/python3.6/site-packages/torch/nn/modules/rnn.py:522: RuntimeWarning: RNN module weights are not part of single contiguous chunk of memory. This means they need to be compacted at every call, possibly greatly increasing memory usage. To compact weights again call flatten_parameters().
  self.num_layers, self.dropout, self.training, self.bidirectional)
/opt/conda/lib/python3.6/site-packages/torch/nn/modules/rnn.py:522: RuntimeWarning: RNN module weights are not part of single contiguous chunk of memory. This means they need to be compacted at every call, possibly greatly increasing memory usage. To compact weights again call flatten_parameters().
  self.num_layers, self.dropout, self.training, self.bidirectional)
:::MLL 1581972156.068 init_stop: {"value": null, "metadata": {"file": "train.py", "lineno": 407}}
:::MLL 1581972156.068 run_start: {"value": null, "metadata": {"file": "train.py", "lineno": 409}}
:::MLL 1581972156.069 max_sequence_length: {"value": 75, "metadata": {"method": "discard", "file": "train.py", "lineno": 414}}
0: Reading preprocessed data file from /preproc_data/training.bin
0: Preprocessed data: length: 3975116 min length: 0 max length: 75 
0: Opening preprocessed data /preproc_data/training.bin for reading
0: Processing data from /data/newstest2014.tok.bpe.32000.en
0: Filtering data, min len: 0, max len: 150
0: Pairs before: 3003, after: 3003
:::MLL 1581972156.586 global_batch_size: {"value": 2304, "metadata": {"file": "train.py", "lineno": 459}}
0: Training LR schedule config: {'warmup_steps': 200, 'remain_steps': 4300, 'decay_interval': 809, 'decay_steps': 8, 'decay_factor': 0.5}
0: Scheduler warmup steps: 200
0: Scheduler remain steps: 4300
0: Scheduler decay interval: 809
0: Scheduler decay factor: 0.5
0: Scheduler max decay steps: 8
:::MLL 1581972156.588 opt_learning_rate_alt_decay_func: {"value": true, "metadata": {"file": "seq2seq/train/lr_scheduler.py", "lineno": 78}}
:::MLL 1581972156.588 opt_learning_rate_alt_warmup_func: {"value": true, "metadata": {"file": "seq2seq/train/lr_scheduler.py", "lineno": 80}}
:::MLL 1581972156.588 opt_learning_rate_decay_interval: {"value": 809, "metadata": {"file": "seq2seq/train/lr_scheduler.py", "lineno": 83}}
:::MLL 1581972156.589 opt_learning_rate_decay_factor: {"value": 0.5, "metadata": {"file": "seq2seq/train/lr_scheduler.py", "lineno": 85}}
:::MLL 1581972156.589 opt_learning_rate_decay_steps: {"value": 8, "metadata": {"file": "seq2seq/train/lr_scheduler.py", "lineno": 87}}
:::MLL 1581972156.589 opt_learning_rate_remain_steps: {"value": 4300, "metadata": {"file": "seq2seq/train/lr_scheduler.py", "lineno": 89}}
:::MLL 1581972156.589 opt_learning_rate_warmup_steps: {"value": 200, "metadata": {"file": "seq2seq/train/lr_scheduler.py", "lineno": 91}}
:::MLL 1581972156.590 block_start: {"value": null, "metadata": {"first_epoch_num": 1, "epoch_count": 1, "file": "train.py", "lineno": 512}}
:::MLL 1581972156.590 epoch_start: {"value": null, "metadata": {"epoch_num": 1, "file": "train.py", "lineno": 515}}
0: Starting epoch 0
0: Executing preallocation
0: Sampler for epoch 0 uses seed 2801432371
Gradient overflow.  Skipping step, loss scaler 0 reducing loss scale to 256.0
Gradient overflow.  Skipping step, loss scaler 0 reducing loss scale to 256.0
Gradient overflow.  Skipping step, loss scaler 0 reducing loss scale to 256.0
0: TRAIN [0][0/1723]	Time 1.166 (1.166)	Data 5.66e-01 (5.66e-01)	Tok/s 43197 (43197)	Loss/tok 10.6856 (10.6856)	LR 4.000e-05
0: TRAIN [0][10/1723]	Time 0.408 (0.578)	Data 4.36e-04 (5.16e-02)	Tok/s 75871 (73931)	Loss/tok 9.4380 (10.0974)	LR 5.036e-05
0: TRAIN [0][20/1723]	Time 0.412 (0.524)	Data 2.21e-04 (2.72e-02)	Tok/s 74987 (76060)	Loss/tok 8.9768 (9.7165)	LR 6.340e-05
0: TRAIN [0][30/1723]	Time 0.234 (0.515)	Data 1.92e-04 (1.85e-02)	Tok/s 67109 (76569)	Loss/tok 8.3242 (9.4522)	LR 7.981e-05
0: TRAIN [0][40/1723]	Time 1.049 (0.523)	Data 2.10e-04 (1.40e-02)	Tok/s 85333 (77316)	Loss/tok 8.6507 (9.2616)	LR 1.005e-04
0: TRAIN [0][50/1723]	Time 0.601 (0.527)	Data 2.22e-04 (1.13e-02)	Tok/s 84269 (78013)	Loss/tok 8.3330 (9.0732)	LR 1.265e-04
0: TRAIN [0][60/1723]	Time 0.415 (0.525)	Data 2.13e-04 (9.51e-03)	Tok/s 74458 (77909)	Loss/tok 7.9754 (8.9241)	LR 1.592e-04
0: TRAIN [0][70/1723]	Time 0.235 (0.510)	Data 2.10e-04 (8.20e-03)	Tok/s 67282 (77614)	Loss/tok 7.4060 (8.8147)	LR 2.005e-04
0: TRAIN [0][80/1723]	Time 0.407 (0.512)	Data 2.06e-04 (7.21e-03)	Tok/s 75471 (77885)	Loss/tok 7.8462 (8.7074)	LR 2.524e-04
0: TRAIN [0][90/1723]	Time 0.594 (0.516)	Data 2.19e-04 (6.44e-03)	Tok/s 84378 (78137)	Loss/tok 7.9474 (8.6151)	LR 3.177e-04
0: TRAIN [0][100/1723]	Time 0.413 (0.519)	Data 2.02e-04 (5.83e-03)	Tok/s 75823 (78356)	Loss/tok 7.7149 (8.5377)	LR 4.000e-04
0: TRAIN [0][110/1723]	Time 0.411 (0.518)	Data 1.87e-04 (5.32e-03)	Tok/s 74793 (78433)	Loss/tok 7.6386 (8.4726)	LR 5.036e-04
0: TRAIN [0][120/1723]	Time 0.593 (0.521)	Data 2.75e-04 (4.90e-03)	Tok/s 84909 (78747)	Loss/tok 7.7449 (8.4075)	LR 6.340e-04
0: TRAIN [0][130/1723]	Time 0.410 (0.521)	Data 1.92e-04 (4.54e-03)	Tok/s 76705 (78684)	Loss/tok 7.5405 (8.3597)	LR 7.981e-04
Gradient overflow.  Skipping step, loss scaler 0 reducing loss scale to 256.0
Gradient overflow.  Skipping step, loss scaler 0 reducing loss scale to 256.0
Gradient overflow.  Skipping step, loss scaler 0 reducing loss scale to 256.0
0: TRAIN [0][140/1723]	Time 0.410 (0.533)	Data 1.78e-04 (4.24e-03)	Tok/s 75546 (78936)	Loss/tok 7.4413 (8.3077)	LR 9.819e-04
0: TRAIN [0][150/1723]	Time 0.591 (0.531)	Data 1.86e-04 (3.97e-03)	Tok/s 84394 (79019)	Loss/tok 7.4191 (8.2534)	LR 1.236e-03
0: TRAIN [0][160/1723]	Time 0.594 (0.528)	Data 2.03e-04 (3.73e-03)	Tok/s 85198 (78935)	Loss/tok 7.3162 (8.1969)	LR 1.556e-03
0: TRAIN [0][170/1723]	Time 0.406 (0.532)	Data 2.00e-04 (3.53e-03)	Tok/s 75191 (78980)	Loss/tok 6.9417 (8.1328)	LR 1.959e-03
0: TRAIN [0][180/1723]	Time 0.801 (0.536)	Data 1.86e-04 (3.35e-03)	Tok/s 87634 (79139)	Loss/tok 7.0530 (8.0613)	LR 2.466e-03
0: TRAIN [0][190/1723]	Time 0.601 (0.533)	Data 2.18e-04 (3.18e-03)	Tok/s 84633 (79000)	Loss/tok 6.8286 (8.0055)	LR 3.105e-03
0: TRAIN [0][200/1723]	Time 0.600 (0.533)	Data 1.85e-04 (3.03e-03)	Tok/s 84769 (79038)	Loss/tok 6.7108 (7.9406)	LR 3.909e-03
0: TRAIN [0][210/1723]	Time 0.237 (0.531)	Data 2.00e-04 (2.90e-03)	Tok/s 66905 (78987)	Loss/tok 5.5364 (7.8781)	LR 4.000e-03
0: TRAIN [0][220/1723]	Time 0.799 (0.532)	Data 1.91e-04 (2.78e-03)	Tok/s 87840 (79067)	Loss/tok 6.5858 (7.8151)	LR 4.000e-03
0: TRAIN [0][230/1723]	Time 1.072 (0.536)	Data 1.78e-04 (2.66e-03)	Tok/s 83393 (79046)	Loss/tok 6.6964 (7.7456)	LR 4.000e-03
0: TRAIN [0][240/1723]	Time 0.412 (0.537)	Data 1.80e-04 (2.56e-03)	Tok/s 74549 (79065)	Loss/tok 5.8341 (7.6762)	LR 4.000e-03
0: TRAIN [0][250/1723]	Time 0.600 (0.540)	Data 1.73e-04 (2.47e-03)	Tok/s 83523 (79188)	Loss/tok 5.9847 (7.6030)	LR 4.000e-03
0: TRAIN [0][260/1723]	Time 0.235 (0.537)	Data 1.69e-04 (2.38e-03)	Tok/s 67143 (79076)	Loss/tok 4.7528 (7.5449)	LR 4.000e-03
0: TRAIN [0][270/1723]	Time 0.409 (0.533)	Data 1.75e-04 (2.30e-03)	Tok/s 75449 (78990)	Loss/tok 5.5157 (7.4887)	LR 4.000e-03
0: TRAIN [0][280/1723]	Time 0.595 (0.538)	Data 1.87e-04 (2.22e-03)	Tok/s 85120 (79114)	Loss/tok 5.5574 (7.4089)	LR 4.000e-03
0: TRAIN [0][290/1723]	Time 0.409 (0.536)	Data 1.70e-04 (2.15e-03)	Tok/s 75992 (79071)	Loss/tok 5.2243 (7.3480)	LR 4.000e-03
0: TRAIN [0][300/1723]	Time 0.599 (0.538)	Data 1.82e-04 (2.09e-03)	Tok/s 84072 (79207)	Loss/tok 5.2977 (7.2749)	LR 4.000e-03
0: TRAIN [0][310/1723]	Time 0.595 (0.539)	Data 1.83e-04 (2.03e-03)	Tok/s 83573 (79253)	Loss/tok 5.2775 (7.2074)	LR 4.000e-03
0: TRAIN [0][320/1723]	Time 0.406 (0.535)	Data 2.02e-04 (1.97e-03)	Tok/s 76384 (79128)	Loss/tok 4.9251 (7.1563)	LR 4.000e-03
0: TRAIN [0][330/1723]	Time 1.066 (0.538)	Data 1.70e-04 (1.91e-03)	Tok/s 83352 (79175)	Loss/tok 5.4996 (7.0857)	LR 4.000e-03
0: TRAIN [0][340/1723]	Time 0.237 (0.538)	Data 7.24e-04 (1.86e-03)	Tok/s 66645 (79153)	Loss/tok 3.9135 (7.0224)	LR 4.000e-03
0: TRAIN [0][350/1723]	Time 0.799 (0.539)	Data 1.96e-04 (1.82e-03)	Tok/s 86524 (79208)	Loss/tok 5.1201 (6.9594)	LR 4.000e-03
0: TRAIN [0][360/1723]	Time 0.404 (0.538)	Data 2.00e-04 (1.77e-03)	Tok/s 76850 (79186)	Loss/tok 4.4880 (6.9038)	LR 4.000e-03
0: TRAIN [0][370/1723]	Time 0.591 (0.539)	Data 1.95e-04 (1.73e-03)	Tok/s 85552 (79255)	Loss/tok 4.6963 (6.8409)	LR 4.000e-03
0: TRAIN [0][380/1723]	Time 0.592 (0.539)	Data 2.34e-04 (1.69e-03)	Tok/s 85484 (79313)	Loss/tok 4.6054 (6.7813)	LR 4.000e-03
0: TRAIN [0][390/1723]	Time 0.413 (0.537)	Data 1.82e-04 (1.65e-03)	Tok/s 75096 (79288)	Loss/tok 4.2594 (6.7292)	LR 4.000e-03
0: TRAIN [0][400/1723]	Time 0.409 (0.537)	Data 1.96e-04 (1.62e-03)	Tok/s 75958 (79309)	Loss/tok 4.2843 (6.6747)	LR 4.000e-03
0: TRAIN [0][410/1723]	Time 0.598 (0.539)	Data 1.79e-04 (1.58e-03)	Tok/s 83678 (79346)	Loss/tok 4.4554 (6.6160)	LR 4.000e-03
0: TRAIN [0][420/1723]	Time 0.601 (0.540)	Data 1.70e-04 (1.55e-03)	Tok/s 84156 (79367)	Loss/tok 4.4371 (6.5612)	LR 4.000e-03
0: TRAIN [0][430/1723]	Time 0.600 (0.539)	Data 2.69e-04 (1.52e-03)	Tok/s 83936 (79337)	Loss/tok 4.4731 (6.5151)	LR 4.000e-03
0: TRAIN [0][440/1723]	Time 0.605 (0.538)	Data 1.92e-04 (1.49e-03)	Tok/s 83062 (79330)	Loss/tok 4.3732 (6.4675)	LR 4.000e-03
0: TRAIN [0][450/1723]	Time 0.605 (0.539)	Data 2.33e-04 (1.46e-03)	Tok/s 82955 (79343)	Loss/tok 4.3865 (6.4179)	LR 4.000e-03
0: TRAIN [0][460/1723]	Time 0.235 (0.539)	Data 2.09e-04 (1.43e-03)	Tok/s 66358 (79328)	Loss/tok 3.2873 (6.3719)	LR 4.000e-03
0: TRAIN [0][470/1723]	Time 0.412 (0.538)	Data 1.95e-04 (1.41e-03)	Tok/s 75081 (79308)	Loss/tok 4.0166 (6.3293)	LR 4.000e-03
0: TRAIN [0][480/1723]	Time 0.408 (0.540)	Data 2.04e-04 (1.38e-03)	Tok/s 76475 (79383)	Loss/tok 3.9615 (6.2790)	LR 4.000e-03
0: TRAIN [0][490/1723]	Time 0.598 (0.541)	Data 1.84e-04 (1.36e-03)	Tok/s 84294 (79409)	Loss/tok 4.1692 (6.2345)	LR 4.000e-03
0: TRAIN [0][500/1723]	Time 0.407 (0.540)	Data 1.97e-04 (1.33e-03)	Tok/s 76582 (79411)	Loss/tok 3.8515 (6.1948)	LR 4.000e-03
0: TRAIN [0][510/1723]	Time 1.073 (0.542)	Data 2.16e-04 (1.31e-03)	Tok/s 83174 (79458)	Loss/tok 4.5492 (6.1488)	LR 4.000e-03
0: TRAIN [0][520/1723]	Time 0.596 (0.543)	Data 2.01e-04 (1.29e-03)	Tok/s 84248 (79509)	Loss/tok 4.1383 (6.1073)	LR 4.000e-03
0: TRAIN [0][530/1723]	Time 0.817 (0.542)	Data 1.65e-04 (1.27e-03)	Tok/s 85417 (79486)	Loss/tok 4.3941 (6.0724)	LR 4.000e-03
0: TRAIN [0][540/1723]	Time 0.808 (0.543)	Data 2.02e-04 (1.25e-03)	Tok/s 86845 (79534)	Loss/tok 4.2795 (6.0315)	LR 4.000e-03
0: TRAIN [0][550/1723]	Time 0.815 (0.544)	Data 1.79e-04 (1.23e-03)	Tok/s 85848 (79562)	Loss/tok 4.3039 (5.9946)	LR 4.000e-03
0: TRAIN [0][560/1723]	Time 0.240 (0.543)	Data 1.88e-04 (1.21e-03)	Tok/s 66779 (79523)	Loss/tok 3.2237 (5.9621)	LR 4.000e-03
0: TRAIN [0][570/1723]	Time 0.597 (0.543)	Data 1.89e-04 (1.19e-03)	Tok/s 84887 (79501)	Loss/tok 4.0636 (5.9308)	LR 4.000e-03
0: TRAIN [0][580/1723]	Time 0.601 (0.544)	Data 1.91e-04 (1.17e-03)	Tok/s 84561 (79516)	Loss/tok 4.0439 (5.8966)	LR 4.000e-03
0: TRAIN [0][590/1723]	Time 0.409 (0.543)	Data 1.83e-04 (1.16e-03)	Tok/s 75328 (79497)	Loss/tok 3.7733 (5.8675)	LR 4.000e-03
0: TRAIN [0][600/1723]	Time 0.598 (0.542)	Data 1.83e-04 (1.14e-03)	Tok/s 85107 (79492)	Loss/tok 4.0624 (5.8384)	LR 4.000e-03
0: TRAIN [0][610/1723]	Time 0.602 (0.543)	Data 2.00e-04 (1.13e-03)	Tok/s 83054 (79542)	Loss/tok 4.0890 (5.8053)	LR 4.000e-03
0: TRAIN [0][620/1723]	Time 0.814 (0.543)	Data 1.79e-04 (1.11e-03)	Tok/s 85963 (79557)	Loss/tok 4.2055 (5.7756)	LR 4.000e-03
0: TRAIN [0][630/1723]	Time 0.413 (0.544)	Data 2.00e-04 (1.10e-03)	Tok/s 75393 (79568)	Loss/tok 3.7401 (5.7460)	LR 4.000e-03
0: TRAIN [0][640/1723]	Time 0.413 (0.543)	Data 1.65e-04 (1.08e-03)	Tok/s 75015 (79545)	Loss/tok 3.7585 (5.7206)	LR 4.000e-03
0: TRAIN [0][650/1723]	Time 0.415 (0.545)	Data 2.00e-04 (1.07e-03)	Tok/s 74995 (79566)	Loss/tok 3.7384 (5.6914)	LR 4.000e-03
0: TRAIN [0][660/1723]	Time 0.409 (0.545)	Data 1.79e-04 (1.06e-03)	Tok/s 76123 (79584)	Loss/tok 3.6793 (5.6646)	LR 4.000e-03
Gradient overflow.  Skipping step, loss scaler 0 reducing loss scale to 2048.0
Gradient overflow.  Skipping step, loss scaler 0 reducing loss scale to 2048.0
Gradient overflow.  Skipping step, loss scaler 0 reducing loss scale to 2048.0
0: TRAIN [0][670/1723]	Time 0.814 (0.545)	Data 1.82e-04 (1.04e-03)	Tok/s 86527 (79599)	Loss/tok 4.1430 (5.6371)	LR 4.000e-03
0: TRAIN [0][680/1723]	Time 0.606 (0.546)	Data 2.18e-04 (1.03e-03)	Tok/s 82949 (79629)	Loss/tok 3.9654 (5.6098)	LR 4.000e-03
0: TRAIN [0][690/1723]	Time 0.411 (0.546)	Data 1.75e-04 (1.02e-03)	Tok/s 75178 (79631)	Loss/tok 3.6451 (5.5860)	LR 4.000e-03
0: TRAIN [0][700/1723]	Time 0.597 (0.545)	Data 1.77e-04 (1.01e-03)	Tok/s 83414 (79601)	Loss/tok 4.0086 (5.5653)	LR 4.000e-03
0: TRAIN [0][710/1723]	Time 0.409 (0.545)	Data 2.22e-04 (9.96e-04)	Tok/s 75977 (79594)	Loss/tok 3.6932 (5.5421)	LR 4.000e-03
0: TRAIN [0][720/1723]	Time 0.411 (0.543)	Data 1.84e-04 (9.85e-04)	Tok/s 75724 (79559)	Loss/tok 3.6525 (5.5223)	LR 4.000e-03
0: TRAIN [0][730/1723]	Time 0.407 (0.544)	Data 1.92e-04 (9.74e-04)	Tok/s 76651 (79570)	Loss/tok 3.6368 (5.4987)	LR 4.000e-03
0: TRAIN [0][740/1723]	Time 0.412 (0.543)	Data 2.09e-04 (9.64e-04)	Tok/s 75389 (79563)	Loss/tok 3.6189 (5.4783)	LR 4.000e-03
0: TRAIN [0][750/1723]	Time 0.412 (0.543)	Data 2.06e-04 (9.53e-04)	Tok/s 75776 (79553)	Loss/tok 3.6772 (5.4577)	LR 4.000e-03
0: TRAIN [0][760/1723]	Time 0.409 (0.541)	Data 1.86e-04 (9.44e-04)	Tok/s 74948 (79463)	Loss/tok 3.6112 (5.4428)	LR 4.000e-03
0: TRAIN [0][770/1723]	Time 0.413 (0.541)	Data 1.89e-04 (9.34e-04)	Tok/s 73725 (79480)	Loss/tok 3.6348 (5.4216)	LR 4.000e-03
0: TRAIN [0][780/1723]	Time 0.603 (0.542)	Data 2.16e-04 (9.25e-04)	Tok/s 84741 (79492)	Loss/tok 3.8780 (5.3999)	LR 4.000e-03
0: TRAIN [0][790/1723]	Time 0.405 (0.543)	Data 1.80e-04 (9.15e-04)	Tok/s 76479 (79535)	Loss/tok 3.5697 (5.3776)	LR 4.000e-03
0: TRAIN [0][800/1723]	Time 0.812 (0.543)	Data 1.89e-04 (9.06e-04)	Tok/s 85991 (79546)	Loss/tok 4.0663 (5.3568)	LR 4.000e-03
0: TRAIN [0][810/1723]	Time 0.408 (0.543)	Data 1.89e-04 (8.97e-04)	Tok/s 75171 (79533)	Loss/tok 3.5964 (5.3393)	LR 4.000e-03
0: TRAIN [0][820/1723]	Time 0.410 (0.542)	Data 1.69e-04 (8.89e-04)	Tok/s 75032 (79495)	Loss/tok 3.5257 (5.3233)	LR 4.000e-03
0: TRAIN [0][830/1723]	Time 0.605 (0.542)	Data 1.95e-04 (8.80e-04)	Tok/s 83238 (79496)	Loss/tok 3.7712 (5.3055)	LR 4.000e-03
0: TRAIN [0][840/1723]	Time 0.408 (0.542)	Data 1.70e-04 (8.72e-04)	Tok/s 77524 (79474)	Loss/tok 3.5966 (5.2892)	LR 4.000e-03
0: TRAIN [0][850/1723]	Time 0.811 (0.541)	Data 2.04e-04 (8.64e-04)	Tok/s 86245 (79466)	Loss/tok 4.0107 (5.2722)	LR 4.000e-03
0: TRAIN [0][860/1723]	Time 0.412 (0.541)	Data 1.90e-04 (8.56e-04)	Tok/s 75124 (79454)	Loss/tok 3.5466 (5.2565)	LR 4.000e-03
0: TRAIN [0][870/1723]	Time 0.234 (0.540)	Data 1.69e-04 (8.49e-04)	Tok/s 68397 (79435)	Loss/tok 2.9777 (5.2414)	LR 4.000e-03
0: TRAIN [0][880/1723]	Time 1.056 (0.540)	Data 2.05e-04 (8.41e-04)	Tok/s 83813 (79448)	Loss/tok 4.2447 (5.2244)	LR 4.000e-03
0: TRAIN [0][890/1723]	Time 0.238 (0.540)	Data 1.87e-04 (8.34e-04)	Tok/s 66530 (79439)	Loss/tok 3.0540 (5.2086)	LR 4.000e-03
0: TRAIN [0][900/1723]	Time 0.411 (0.540)	Data 1.75e-04 (8.27e-04)	Tok/s 75263 (79435)	Loss/tok 3.5785 (5.1929)	LR 4.000e-03
0: TRAIN [0][910/1723]	Time 0.599 (0.540)	Data 2.19e-04 (8.20e-04)	Tok/s 84450 (79443)	Loss/tok 3.7474 (5.1769)	LR 4.000e-03
0: TRAIN [0][920/1723]	Time 0.408 (0.540)	Data 1.82e-04 (8.14e-04)	Tok/s 75832 (79430)	Loss/tok 3.5650 (5.1624)	LR 4.000e-03
Gradient overflow.  Skipping step, loss scaler 0 reducing loss scale to 4096.0
Gradient overflow.  Skipping step, loss scaler 0 reducing loss scale to 4096.0
Gradient overflow.  Skipping step, loss scaler 0 reducing loss scale to 4096.0
0: TRAIN [0][930/1723]	Time 0.413 (0.540)	Data 1.73e-04 (8.07e-04)	Tok/s 75339 (79419)	Loss/tok 3.5266 (5.1479)	LR 4.000e-03
0: TRAIN [0][940/1723]	Time 0.602 (0.541)	Data 1.70e-04 (8.00e-04)	Tok/s 84258 (79448)	Loss/tok 3.7429 (5.1317)	LR 4.000e-03
0: TRAIN [0][950/1723]	Time 0.605 (0.540)	Data 2.40e-04 (7.94e-04)	Tok/s 83498 (79432)	Loss/tok 3.7793 (5.1183)	LR 4.000e-03
0: TRAIN [0][960/1723]	Time 0.594 (0.539)	Data 1.72e-04 (7.88e-04)	Tok/s 84346 (79398)	Loss/tok 3.8530 (5.1057)	LR 4.000e-03
0: TRAIN [0][970/1723]	Time 0.608 (0.539)	Data 2.21e-04 (7.81e-04)	Tok/s 82459 (79395)	Loss/tok 3.7895 (5.0922)	LR 4.000e-03
0: TRAIN [0][980/1723]	Time 0.239 (0.539)	Data 1.73e-04 (7.75e-04)	Tok/s 65567 (79386)	Loss/tok 2.9196 (5.0792)	LR 4.000e-03
0: TRAIN [0][990/1723]	Time 0.806 (0.539)	Data 1.86e-04 (7.69e-04)	Tok/s 87140 (79392)	Loss/tok 3.8881 (5.0654)	LR 4.000e-03
0: TRAIN [0][1000/1723]	Time 0.236 (0.540)	Data 1.74e-04 (7.64e-04)	Tok/s 66305 (79391)	Loss/tok 2.9412 (5.0510)	LR 4.000e-03
0: TRAIN [0][1010/1723]	Time 0.604 (0.539)	Data 1.73e-04 (7.58e-04)	Tok/s 83312 (79379)	Loss/tok 3.7722 (5.0386)	LR 4.000e-03
0: TRAIN [0][1020/1723]	Time 0.236 (0.540)	Data 1.69e-04 (7.52e-04)	Tok/s 66175 (79385)	Loss/tok 2.8653 (5.0251)	LR 4.000e-03
0: TRAIN [0][1030/1723]	Time 0.413 (0.540)	Data 1.65e-04 (7.47e-04)	Tok/s 75075 (79377)	Loss/tok 3.4063 (5.0125)	LR 4.000e-03
0: TRAIN [0][1040/1723]	Time 0.606 (0.540)	Data 1.97e-04 (7.42e-04)	Tok/s 84492 (79393)	Loss/tok 3.6843 (4.9988)	LR 4.000e-03
0: TRAIN [0][1050/1723]	Time 0.414 (0.541)	Data 2.00e-04 (7.37e-04)	Tok/s 75236 (79396)	Loss/tok 3.5187 (4.9859)	LR 4.000e-03
0: TRAIN [0][1060/1723]	Time 0.602 (0.540)	Data 2.17e-04 (7.32e-04)	Tok/s 83923 (79399)	Loss/tok 3.6561 (4.9740)	LR 4.000e-03
0: TRAIN [0][1070/1723]	Time 0.240 (0.540)	Data 1.65e-04 (7.27e-04)	Tok/s 66589 (79368)	Loss/tok 2.9505 (4.9631)	LR 4.000e-03
Gradient overflow.  Skipping step, loss scaler 0 reducing loss scale to 4096.0
Gradient overflow.  Skipping step, loss scaler 0 reducing loss scale to 4096.0
Gradient overflow.  Skipping step, loss scaler 0 reducing loss scale to 4096.0
0: TRAIN [0][1080/1723]	Time 0.601 (0.540)	Data 1.90e-04 (7.22e-04)	Tok/s 83321 (79369)	Loss/tok 3.7880 (4.9522)	LR 4.000e-03
0: TRAIN [0][1090/1723]	Time 0.801 (0.540)	Data 1.94e-04 (7.17e-04)	Tok/s 88017 (79384)	Loss/tok 3.9506 (4.9400)	LR 4.000e-03
0: TRAIN [0][1100/1723]	Time 1.060 (0.541)	Data 1.85e-04 (7.12e-04)	Tok/s 83979 (79396)	Loss/tok 4.0946 (4.9279)	LR 4.000e-03
0: TRAIN [0][1110/1723]	Time 0.237 (0.541)	Data 1.96e-04 (7.08e-04)	Tok/s 66121 (79373)	Loss/tok 2.9234 (4.9176)	LR 4.000e-03
Gradient overflow.  Skipping step, loss scaler 0 reducing loss scale to 2048.0
Gradient overflow.  Skipping step, loss scaler 0 reducing loss scale to 2048.0
Gradient overflow.  Skipping step, loss scaler 0 reducing loss scale to 2048.0
0: TRAIN [0][1120/1723]	Time 0.613 (0.542)	Data 1.84e-04 (7.03e-04)	Tok/s 82446 (79396)	Loss/tok 3.7460 (4.9056)	LR 4.000e-03
0: TRAIN [0][1130/1723]	Time 0.408 (0.543)	Data 2.27e-04 (6.98e-04)	Tok/s 76781 (79422)	Loss/tok 3.4910 (4.8935)	LR 4.000e-03
0: TRAIN [0][1140/1723]	Time 0.406 (0.542)	Data 2.13e-04 (6.94e-04)	Tok/s 75921 (79392)	Loss/tok 3.4868 (4.8839)	LR 4.000e-03
0: TRAIN [0][1150/1723]	Time 0.596 (0.544)	Data 2.23e-04 (6.90e-04)	Tok/s 83982 (79407)	Loss/tok 3.6972 (4.8724)	LR 4.000e-03
0: TRAIN [0][1160/1723]	Time 0.604 (0.543)	Data 1.77e-04 (6.85e-04)	Tok/s 84076 (79388)	Loss/tok 3.7206 (4.8635)	LR 4.000e-03
0: TRAIN [0][1170/1723]	Time 0.408 (0.542)	Data 1.85e-04 (6.81e-04)	Tok/s 76451 (79387)	Loss/tok 3.4336 (4.8541)	LR 4.000e-03
0: TRAIN [0][1180/1723]	Time 0.239 (0.542)	Data 1.88e-04 (6.77e-04)	Tok/s 65942 (79359)	Loss/tok 2.8575 (4.8450)	LR 4.000e-03
0: TRAIN [0][1190/1723]	Time 0.408 (0.542)	Data 1.80e-04 (6.73e-04)	Tok/s 74477 (79352)	Loss/tok 3.4958 (4.8359)	LR 4.000e-03
0: TRAIN [0][1200/1723]	Time 0.603 (0.542)	Data 1.82e-04 (6.69e-04)	Tok/s 84611 (79352)	Loss/tok 3.6319 (4.8262)	LR 4.000e-03
0: TRAIN [0][1210/1723]	Time 0.408 (0.541)	Data 2.72e-04 (6.65e-04)	Tok/s 76694 (79341)	Loss/tok 3.4084 (4.8175)	LR 4.000e-03
0: TRAIN [0][1220/1723]	Time 0.815 (0.541)	Data 1.73e-04 (6.61e-04)	Tok/s 84860 (79324)	Loss/tok 3.9163 (4.8089)	LR 4.000e-03
0: TRAIN [0][1230/1723]	Time 0.411 (0.541)	Data 2.11e-04 (6.57e-04)	Tok/s 75594 (79330)	Loss/tok 3.4229 (4.7995)	LR 4.000e-03
0: TRAIN [0][1240/1723]	Time 0.231 (0.540)	Data 2.02e-04 (6.53e-04)	Tok/s 68011 (79316)	Loss/tok 2.8900 (4.7910)	LR 4.000e-03
0: TRAIN [0][1250/1723]	Time 0.411 (0.541)	Data 1.91e-04 (6.50e-04)	Tok/s 74789 (79339)	Loss/tok 3.3678 (4.7809)	LR 4.000e-03
0: TRAIN [0][1260/1723]	Time 0.807 (0.541)	Data 1.87e-04 (6.46e-04)	Tok/s 86415 (79336)	Loss/tok 3.8769 (4.7721)	LR 4.000e-03
0: TRAIN [0][1270/1723]	Time 0.403 (0.541)	Data 1.80e-04 (6.42e-04)	Tok/s 77536 (79343)	Loss/tok 3.3960 (4.7629)	LR 4.000e-03
0: TRAIN [0][1280/1723]	Time 0.236 (0.541)	Data 2.70e-04 (6.39e-04)	Tok/s 67902 (79337)	Loss/tok 2.8422 (4.7545)	LR 4.000e-03
0: TRAIN [0][1290/1723]	Time 0.411 (0.541)	Data 1.68e-04 (6.35e-04)	Tok/s 75190 (79354)	Loss/tok 3.4315 (4.7454)	LR 4.000e-03
0: TRAIN [0][1300/1723]	Time 0.607 (0.541)	Data 2.33e-04 (6.32e-04)	Tok/s 83087 (79355)	Loss/tok 3.6021 (4.7367)	LR 4.000e-03
0: TRAIN [0][1310/1723]	Time 0.592 (0.540)	Data 2.80e-04 (6.29e-04)	Tok/s 84887 (79342)	Loss/tok 3.6304 (4.7289)	LR 4.000e-03
0: TRAIN [0][1320/1723]	Time 0.407 (0.541)	Data 2.44e-04 (6.26e-04)	Tok/s 74755 (79364)	Loss/tok 3.3799 (4.7196)	LR 4.000e-03
0: TRAIN [0][1330/1723]	Time 0.603 (0.541)	Data 1.99e-04 (6.23e-04)	Tok/s 83323 (79374)	Loss/tok 3.6263 (4.7110)	LR 4.000e-03
0: TRAIN [0][1340/1723]	Time 0.406 (0.541)	Data 1.79e-04 (6.20e-04)	Tok/s 76428 (79367)	Loss/tok 3.3790 (4.7032)	LR 4.000e-03
0: TRAIN [0][1350/1723]	Time 0.806 (0.540)	Data 1.75e-04 (6.16e-04)	Tok/s 86618 (79348)	Loss/tok 3.8572 (4.6961)	LR 4.000e-03
0: TRAIN [0][1360/1723]	Time 0.411 (0.541)	Data 1.98e-04 (6.14e-04)	Tok/s 75165 (79358)	Loss/tok 3.3896 (4.6879)	LR 4.000e-03
0: TRAIN [0][1370/1723]	Time 0.407 (0.540)	Data 1.73e-04 (6.11e-04)	Tok/s 76092 (79357)	Loss/tok 3.3603 (4.6804)	LR 4.000e-03
Gradient overflow.  Skipping step, loss scaler 0 reducing loss scale to 4096.0
Gradient overflow.  Skipping step, loss scaler 0 reducing loss scale to 4096.0
Gradient overflow.  Skipping step, loss scaler 0 reducing loss scale to 4096.0
0: TRAIN [0][1380/1723]	Time 0.236 (0.540)	Data 1.98e-04 (6.08e-04)	Tok/s 66549 (79354)	Loss/tok 2.8699 (4.6728)	LR 4.000e-03
0: TRAIN [0][1390/1723]	Time 0.414 (0.540)	Data 1.98e-04 (6.05e-04)	Tok/s 74850 (79359)	Loss/tok 3.4264 (4.6649)	LR 4.000e-03
0: TRAIN [0][1400/1723]	Time 0.597 (0.541)	Data 1.93e-04 (6.02e-04)	Tok/s 84530 (79369)	Loss/tok 3.6447 (4.6570)	LR 4.000e-03
0: TRAIN [0][1410/1723]	Time 0.606 (0.541)	Data 1.97e-04 (5.99e-04)	Tok/s 83292 (79362)	Loss/tok 3.6405 (4.6497)	LR 4.000e-03
0: TRAIN [0][1420/1723]	Time 0.242 (0.542)	Data 1.68e-04 (5.96e-04)	Tok/s 65268 (79360)	Loss/tok 2.9220 (4.6424)	LR 4.000e-03
0: TRAIN [0][1430/1723]	Time 0.236 (0.541)	Data 1.94e-04 (5.93e-04)	Tok/s 65769 (79351)	Loss/tok 2.8812 (4.6357)	LR 4.000e-03
0: TRAIN [0][1440/1723]	Time 0.601 (0.541)	Data 1.87e-04 (5.90e-04)	Tok/s 84107 (79373)	Loss/tok 3.5769 (4.6277)	LR 4.000e-03
0: TRAIN [0][1450/1723]	Time 0.605 (0.541)	Data 2.27e-04 (5.88e-04)	Tok/s 83597 (79368)	Loss/tok 3.6398 (4.6208)	LR 4.000e-03
0: TRAIN [0][1460/1723]	Time 0.406 (0.541)	Data 1.73e-04 (5.85e-04)	Tok/s 75768 (79373)	Loss/tok 3.2929 (4.6139)	LR 4.000e-03
0: TRAIN [0][1470/1723]	Time 1.060 (0.541)	Data 1.77e-04 (5.83e-04)	Tok/s 84287 (79378)	Loss/tok 3.9307 (4.6067)	LR 4.000e-03
0: TRAIN [0][1480/1723]	Time 0.604 (0.541)	Data 1.76e-04 (5.80e-04)	Tok/s 83330 (79379)	Loss/tok 3.6005 (4.6000)	LR 4.000e-03
0: TRAIN [0][1490/1723]	Time 0.601 (0.541)	Data 1.88e-04 (5.77e-04)	Tok/s 84211 (79364)	Loss/tok 3.5342 (4.5938)	LR 4.000e-03
0: TRAIN [0][1500/1723]	Time 0.606 (0.541)	Data 1.97e-04 (5.75e-04)	Tok/s 83207 (79369)	Loss/tok 3.6378 (4.5869)	LR 4.000e-03
0: TRAIN [0][1510/1723]	Time 0.409 (0.541)	Data 1.96e-04 (5.72e-04)	Tok/s 75802 (79375)	Loss/tok 3.3742 (4.5801)	LR 4.000e-03
0: TRAIN [0][1520/1723]	Time 0.414 (0.542)	Data 2.14e-04 (5.70e-04)	Tok/s 74471 (79380)	Loss/tok 3.3519 (4.5734)	LR 4.000e-03
0: TRAIN [0][1530/1723]	Time 0.410 (0.541)	Data 1.91e-04 (5.67e-04)	Tok/s 76779 (79366)	Loss/tok 3.3709 (4.5675)	LR 4.000e-03
0: TRAIN [0][1540/1723]	Time 0.592 (0.541)	Data 2.00e-04 (5.65e-04)	Tok/s 86047 (79359)	Loss/tok 3.5742 (4.5612)	LR 4.000e-03
0: TRAIN [0][1550/1723]	Time 0.611 (0.541)	Data 1.92e-04 (5.62e-04)	Tok/s 82954 (79378)	Loss/tok 3.6020 (4.5542)	LR 4.000e-03
0: TRAIN [0][1560/1723]	Time 0.404 (0.541)	Data 1.84e-04 (5.60e-04)	Tok/s 76790 (79387)	Loss/tok 3.2914 (4.5474)	LR 4.000e-03
0: TRAIN [0][1570/1723]	Time 0.596 (0.542)	Data 2.10e-04 (5.58e-04)	Tok/s 84446 (79405)	Loss/tok 3.5926 (4.5408)	LR 4.000e-03
0: TRAIN [0][1580/1723]	Time 0.409 (0.542)	Data 2.45e-04 (5.56e-04)	Tok/s 75475 (79385)	Loss/tok 3.3333 (4.5353)	LR 4.000e-03
0: TRAIN [0][1590/1723]	Time 0.411 (0.542)	Data 1.77e-04 (5.53e-04)	Tok/s 75213 (79385)	Loss/tok 3.3572 (4.5293)	LR 4.000e-03
0: TRAIN [0][1600/1723]	Time 0.808 (0.542)	Data 2.16e-04 (5.51e-04)	Tok/s 86225 (79386)	Loss/tok 3.7855 (4.5232)	LR 4.000e-03
0: TRAIN [0][1610/1723]	Time 0.606 (0.541)	Data 1.68e-04 (5.49e-04)	Tok/s 83374 (79371)	Loss/tok 3.5977 (4.5179)	LR 4.000e-03
0: TRAIN [0][1620/1723]	Time 0.810 (0.541)	Data 2.22e-04 (5.47e-04)	Tok/s 86440 (79356)	Loss/tok 3.8504 (4.5125)	LR 4.000e-03
Gradient overflow.  Skipping step, loss scaler 0 reducing loss scale to 4096.0
Gradient overflow.  Skipping step, loss scaler 0 reducing loss scale to 4096.0
Gradient overflow.  Skipping step, loss scaler 0 reducing loss scale to 4096.0
0: TRAIN [0][1630/1723]	Time 1.066 (0.542)	Data 1.75e-04 (5.44e-04)	Tok/s 84924 (79362)	Loss/tok 3.9139 (4.5064)	LR 4.000e-03
0: TRAIN [0][1640/1723]	Time 0.236 (0.542)	Data 2.25e-04 (5.42e-04)	Tok/s 66474 (79360)	Loss/tok 2.8926 (4.5006)	LR 4.000e-03
0: TRAIN [0][1650/1723]	Time 0.413 (0.541)	Data 2.33e-04 (5.40e-04)	Tok/s 74568 (79352)	Loss/tok 3.2803 (4.4950)	LR 4.000e-03
0: TRAIN [0][1660/1723]	Time 0.807 (0.541)	Data 2.08e-04 (5.38e-04)	Tok/s 86190 (79348)	Loss/tok 3.7957 (4.4896)	LR 4.000e-03
0: TRAIN [0][1670/1723]	Time 0.409 (0.541)	Data 1.90e-04 (5.36e-04)	Tok/s 76105 (79352)	Loss/tok 3.2493 (4.4838)	LR 4.000e-03
0: TRAIN [0][1680/1723]	Time 0.412 (0.541)	Data 3.37e-04 (5.34e-04)	Tok/s 75909 (79335)	Loss/tok 3.3735 (4.4787)	LR 4.000e-03
0: TRAIN [0][1690/1723]	Time 0.822 (0.540)	Data 2.45e-04 (5.33e-04)	Tok/s 84983 (79322)	Loss/tok 3.7542 (4.4735)	LR 4.000e-03
0: TRAIN [0][1700/1723]	Time 0.598 (0.540)	Data 2.08e-04 (5.31e-04)	Tok/s 84176 (79326)	Loss/tok 3.6446 (4.4680)	LR 4.000e-03
0: TRAIN [0][1710/1723]	Time 0.410 (0.540)	Data 2.32e-04 (5.29e-04)	Tok/s 76070 (79320)	Loss/tok 3.2951 (4.4629)	LR 4.000e-03
0: TRAIN [0][1720/1723]	Time 0.235 (0.540)	Data 3.10e-04 (5.28e-04)	Tok/s 67133 (79311)	Loss/tok 2.7740 (4.4578)	LR 4.000e-03
:::MLL 1581973087.871 epoch_stop: {"value": null, "metadata": {"epoch_num": 1, "file": "train.py", "lineno": 525}}
:::MLL 1581973087.872 eval_start: {"value": null, "metadata": {"epoch_num": 1, "file": "train.py", "lineno": 530}}
0: Running evaluation on test set
0: TEST [0][0/8]	Time 0.670 (0.670)	Decoder iters 123.0 (123.0)	Tok/s 24343 (24343)
0: Running moses detokenizer
0: BLEU(score=19.652250196843433, counts=[33942, 15412, 8167, 4534], totals=[63959, 60956, 57953, 54957], precisions=[53.06837192576494, 25.283811273705624, 14.09245423015202, 8.250086431209855], bp=0.9888522947392807, sys_len=63959, ref_len=64676)
0: Finished evaluation on test set
:::MLL 1581973091.942 eval_accuracy: {"value": 19.65, "metadata": {"epoch_num": 1, "file": "train.py", "lineno": 536}}
:::MLL 1581973091.943 eval_stop: {"value": null, "metadata": {"epoch_num": 1, "file": "train.py", "lineno": 539}}
0: Summary: Epoch: 0	Training Loss: 4.4580	Test BLEU: 19.65
0: Performance: Epoch: 0	Training: 237908 Tok/s
0: Finished epoch 0
:::MLL 1581973091.943 block_stop: {"value": null, "metadata": {"first_epoch_num": 1, "file": "train.py", "lineno": 558}}
:::MLL 1581973091.943 block_start: {"value": null, "metadata": {"first_epoch_num": 2, "epoch_count": 1, "file": "train.py", "lineno": 512}}
:::MLL 1581973091.944 epoch_start: {"value": null, "metadata": {"epoch_num": 2, "file": "train.py", "lineno": 515}}
0: Starting epoch 1
0: Executing preallocation
0: Sampler for epoch 1 uses seed 3570506969
Gradient overflow.  Skipping step, loss scaler 0 reducing loss scale to 2048.0
Gradient overflow.  Skipping step, loss scaler 0 reducing loss scale to 2048.0
Gradient overflow.  Skipping step, loss scaler 0 reducing loss scale to 2048.0
0: TRAIN [1][0/1723]	Time 0.796 (0.796)	Data 3.83e-01 (3.83e-01)	Tok/s 39275 (39275)	Loss/tok 3.2249 (3.2249)	LR 4.000e-03
0: TRAIN [1][10/1723]	Time 0.606 (0.536)	Data 4.60e-04 (3.51e-02)	Tok/s 83438 (74971)	Loss/tok 3.5081 (3.4061)	LR 4.000e-03
0: TRAIN [1][20/1723]	Time 0.811 (0.540)	Data 2.94e-04 (1.85e-02)	Tok/s 86247 (77962)	Loss/tok 3.6823 (3.4395)	LR 4.000e-03
0: TRAIN [1][30/1723]	Time 0.602 (0.518)	Data 2.43e-04 (1.26e-02)	Tok/s 83953 (77883)	Loss/tok 3.5094 (3.4200)	LR 4.000e-03
0: TRAIN [1][40/1723]	Time 0.410 (0.521)	Data 2.14e-04 (9.59e-03)	Tok/s 75523 (78223)	Loss/tok 3.2692 (3.4369)	LR 4.000e-03
0: TRAIN [1][50/1723]	Time 0.404 (0.515)	Data 2.02e-04 (7.76e-03)	Tok/s 75645 (78116)	Loss/tok 3.2445 (3.4356)	LR 4.000e-03
0: TRAIN [1][60/1723]	Time 0.808 (0.524)	Data 2.17e-04 (6.52e-03)	Tok/s 86864 (78387)	Loss/tok 3.6800 (3.4516)	LR 4.000e-03
0: TRAIN [1][70/1723]	Time 0.587 (0.514)	Data 2.20e-04 (5.63e-03)	Tok/s 86739 (78280)	Loss/tok 3.4859 (3.4416)	LR 4.000e-03
0: TRAIN [1][80/1723]	Time 0.236 (0.506)	Data 2.17e-04 (4.96e-03)	Tok/s 66968 (78169)	Loss/tok 2.8131 (3.4301)	LR 4.000e-03
0: TRAIN [1][90/1723]	Time 0.804 (0.514)	Data 1.98e-04 (4.44e-03)	Tok/s 86498 (78302)	Loss/tok 3.7652 (3.4431)	LR 4.000e-03
0: TRAIN [1][100/1723]	Time 0.406 (0.516)	Data 2.83e-04 (4.02e-03)	Tok/s 76808 (78312)	Loss/tok 3.2752 (3.4554)	LR 4.000e-03
0: TRAIN [1][110/1723]	Time 0.813 (0.515)	Data 1.84e-04 (3.68e-03)	Tok/s 86256 (78412)	Loss/tok 3.7343 (3.4558)	LR 4.000e-03
0: TRAIN [1][120/1723]	Time 0.409 (0.513)	Data 1.89e-04 (3.39e-03)	Tok/s 76312 (78328)	Loss/tok 3.2605 (3.4536)	LR 4.000e-03
0: TRAIN [1][130/1723]	Time 0.410 (0.512)	Data 1.95e-04 (3.15e-03)	Tok/s 75424 (78387)	Loss/tok 3.2902 (3.4527)	LR 4.000e-03
0: TRAIN [1][140/1723]	Time 0.411 (0.516)	Data 1.96e-04 (2.94e-03)	Tok/s 75971 (78601)	Loss/tok 3.2985 (3.4568)	LR 4.000e-03
0: TRAIN [1][150/1723]	Time 0.410 (0.516)	Data 2.24e-04 (2.76e-03)	Tok/s 74681 (78584)	Loss/tok 3.3129 (3.4565)	LR 4.000e-03
0: TRAIN [1][160/1723]	Time 0.599 (0.513)	Data 2.09e-04 (2.60e-03)	Tok/s 83959 (78517)	Loss/tok 3.5638 (3.4552)	LR 4.000e-03
0: TRAIN [1][170/1723]	Time 0.236 (0.514)	Data 2.18e-04 (2.46e-03)	Tok/s 67073 (78632)	Loss/tok 2.8365 (3.4562)	LR 4.000e-03
0: TRAIN [1][180/1723]	Time 0.413 (0.511)	Data 2.10e-04 (2.34e-03)	Tok/s 75233 (78569)	Loss/tok 3.2670 (3.4529)	LR 4.000e-03
0: TRAIN [1][190/1723]	Time 0.598 (0.515)	Data 2.69e-04 (2.23e-03)	Tok/s 84005 (78684)	Loss/tok 3.4617 (3.4574)	LR 4.000e-03
0: TRAIN [1][200/1723]	Time 0.413 (0.511)	Data 2.06e-04 (2.13e-03)	Tok/s 75811 (78576)	Loss/tok 3.2514 (3.4521)	LR 4.000e-03
0: TRAIN [1][210/1723]	Time 0.604 (0.514)	Data 2.02e-04 (2.04e-03)	Tok/s 83196 (78681)	Loss/tok 3.5514 (3.4555)	LR 4.000e-03
0: TRAIN [1][220/1723]	Time 0.238 (0.512)	Data 1.85e-04 (1.95e-03)	Tok/s 66929 (78627)	Loss/tok 2.8229 (3.4527)	LR 4.000e-03
0: TRAIN [1][230/1723]	Time 0.411 (0.510)	Data 2.44e-04 (1.88e-03)	Tok/s 75599 (78589)	Loss/tok 3.2194 (3.4510)	LR 4.000e-03
0: TRAIN [1][240/1723]	Time 0.410 (0.511)	Data 2.03e-04 (1.81e-03)	Tok/s 75919 (78623)	Loss/tok 3.2916 (3.4510)	LR 4.000e-03
0: TRAIN [1][250/1723]	Time 0.595 (0.512)	Data 2.50e-04 (1.75e-03)	Tok/s 84918 (78721)	Loss/tok 3.5592 (3.4504)	LR 4.000e-03
0: TRAIN [1][260/1723]	Time 0.411 (0.514)	Data 2.00e-04 (1.69e-03)	Tok/s 74759 (78827)	Loss/tok 3.2155 (3.4531)	LR 4.000e-03
0: TRAIN [1][270/1723]	Time 0.604 (0.520)	Data 2.24e-04 (1.63e-03)	Tok/s 83907 (78911)	Loss/tok 3.4910 (3.4596)	LR 4.000e-03
0: TRAIN [1][280/1723]	Time 0.410 (0.518)	Data 2.10e-04 (1.58e-03)	Tok/s 75588 (78872)	Loss/tok 3.2886 (3.4566)	LR 4.000e-03
0: TRAIN [1][290/1723]	Time 1.062 (0.523)	Data 2.42e-04 (1.54e-03)	Tok/s 84505 (78985)	Loss/tok 3.8711 (3.4642)	LR 4.000e-03
Gradient overflow.  Skipping step, loss scaler 0 reducing loss scale to 4096.0
Gradient overflow.  Skipping step, loss scaler 0 reducing loss scale to 4096.0
Gradient overflow.  Skipping step, loss scaler 0 reducing loss scale to 4096.0
0: TRAIN [1][300/1723]	Time 0.409 (0.526)	Data 1.95e-04 (1.49e-03)	Tok/s 75619 (79011)	Loss/tok 3.2840 (3.4709)	LR 4.000e-03
0: TRAIN [1][310/1723]	Time 0.412 (0.524)	Data 1.96e-04 (1.45e-03)	Tok/s 74404 (78971)	Loss/tok 3.2503 (3.4689)	LR 4.000e-03
0: TRAIN [1][320/1723]	Time 0.413 (0.523)	Data 1.93e-04 (1.41e-03)	Tok/s 74812 (78925)	Loss/tok 3.2899 (3.4682)	LR 4.000e-03
