Beginning trial 1 of 2
Gathering sys log on node009
:::MLL 1581973366.291 submission_benchmark: {"value": "gnmt", "metadata": {"file": "mlperf_log_utils.py", "lineno": 176}}
:::MLL 1581973366.292 submission_org: {"value": "NVIDIA", "metadata": {"file": "mlperf_log_utils.py", "lineno": 181}}
WARNING: Log validation: Key "submission_division" is not in known gnmt keys.
:::MLL 1581973366.292 submission_division: {"value": "closed", "metadata": {"file": "mlperf_log_utils.py", "lineno": 185}}
:::MLL 1581973366.292 submission_status: {"value": "onprem", "metadata": {"file": "mlperf_log_utils.py", "lineno": 189}}
:::MLL 1581973366.293 submission_platform: {"value": "1xDSS8440", "metadata": {"file": "mlperf_log_utils.py", "lineno": 193}}
:::MLL 1581973366.293 submission_entry: {"value": "{'hardware': 'DSS8440', 'framework': 'PyTorch NVIDIA Release 19.05', 'power': 'N/A', 'notes': 'N/A', 'interconnect': 'Ethernet 100 Gb/sec (4X EDR)', 'os': '\\\\S / ', 'libraries': \"{'container_base': 'Ubuntu-16.04', 'openmpi_version': '3.1.3', 'mofed_version': '4.6-2.1.4', 'cuda_version': '10.1.163', 'cuda_driver_version': '418.67', 'nccl_version': '2.4.6', 'cudnn_version': '7.6.0.64', 'cublas_version': '10.2.0.163', 'trt_version': '5.1.5.0', 'dali_version': '0.9.1'}\", 'compilers': 'gcc (Ubuntu 5.4.0-6ubuntu1~16.04.11) 5.4.0 20160609', 'nodes': \"{'num_nodes': '1', 'cpu': '2x Intel(R) Xeon(R) Gold 6230 CPU @ 2.10GHz', 'num_cores': '40', 'num_vcpus': '40', 'accelerator': 'Tesla V100S-PCIE-32GB', 'num_accelerators': '8', 'sys_mem_size': '754 GB', 'sys_storage_type': 'SATA SSD', 'sys_storage_size': '1x 446.6G + 1x 931.5G', 'cpu_accel_interconnect': 'UPI', 'network_card': '', 'num_network_cards': '0', 'notes': ''}\"}", "metadata": {"file": "mlperf_log_utils.py", "lineno": 197}}
:::MLL 1581973366.294 submission_poc_name: {"value": "Paulius Micikevicius", "metadata": {"file": "mlperf_log_utils.py", "lineno": 201}}
:::MLL 1581973366.294 submission_poc_email: {"value": "pauliusm@nvidia.com", "metadata": {"file": "mlperf_log_utils.py", "lineno": 205}}
Clearing caches
:::MLL 1581973368.404 cache_clear: {"value": true, "metadata": {"file": "<string>", "lineno": 1}}
Launching on node node009
+ pids+=($!)
+ set +x
++ eval echo
+++ echo
+ docker exec -e DGXSYSTEM=DGX1 -e 'MULTI_NODE= --master_port=4499' -e LR=4.0e-3 -e TRAIN_BATCH_SIZE=768 -e TEST_BATCH_SIZE=128 -e WARMUP_STEPS=200 -e REMAIN_STEPS=4300 -e DECAY_INTERVAL=809 -e TARGET=24.0 -e NUMEPOCHS=8 -e MAX_SEQ_LEN=75 -e 'EXTRA_OPTS=   --fused-attention    --fused-xentropy    --no-log-all-ranks    ' -e SLURM_JOB_ID=200217150123831689700 -e SLURM_NTASKS_PER_NODE= -e SLURM_NNODES=1 cont_200217150123831689700 ./run_and_time.sh
Run vars: id 200217150123831689700 gpus 3 mparams  --master_port=4499
NCCL_SOCKET_NTHREADS=2
NCCL_NSOCKS_PERTHREAD=8
STARTING TIMING RUN AT 2020-02-17 09:02:48 PM
+ DATASET_DIR=/data
+ PREPROC_DATADIR=/preproc_data
+ RESULTS_DIR=gnmt_wmt16
+ LR=4.0e-3
+ TRAIN_BATCH_SIZE=768
+ TEST_BATCH_SIZE=128
+ WARMUP_STEPS=200
+ REMAIN_STEPS=4300
+ DECAY_INTERVAL=809
+ TARGET=24.0
+ MAX_SEQ_LEN=75
+ NUMEPOCHS=8
+ EXTRA_OPTS='   --fused-attention    --fused-xentropy    --no-log-all-ranks    '
+ BIND_LAUNCH=0
+ MATH=amp_fp16
+ [[ 0 -eq 1 ]]
+ LAUNCH_OPT='torch.distributed.launch --nproc_per_node 3  --master_port=4499'
running benchmark
+ echo 'running benchmark'
+ python -m torch.distributed.launch --nproc_per_node 3 --master_port=4499 train.py --save gnmt_wmt16 --dataset-dir /data --preproc-data-dir /preproc_data --target-bleu 24.0 --epochs 8 --math amp_fp16 --max-length-train 75 --print-freq 10 --train-batch-size 768 --test-batch-size 128 --optimizer FusedAdam --lr 4.0e-3 --warmup-steps 200 --remain-steps 4300 --decay-interval 809 --fused-attention --fused-xentropy --no-log-all-ranks
:::MLL 1581973370.968 init_start: {"value": null, "metadata": {"file": "train.py", "lineno": 288}}
:::MLL 1581973370.969 init_start: {"value": null, "metadata": {"file": "train.py", "lineno": 288}}
:::MLL 1581973370.975 init_start: {"value": null, "metadata": {"file": "train.py", "lineno": 288}}
0: Saving results to: results/gnmt_wmt16
0: Run arguments: Namespace(apex_message_size=10000000.0, apex_num_allreduce_streams=1, batching='bucketing', beam_size=5, cov_penalty_factor=0.1, cuda=True, cudnn=True, dataset_dir='/data', decay_factor=0.5, decay_interval=809, decay_steps=8, dropout=0.2, enable_apex_allreduce_overlap=False, env=False, epochs=8, eval=True, fused_attention=True, fused_xentropy=True, grad_clip=5.0, hidden_size=1024, init_scale=1024, intra_epoch_eval=0, keep_checkpoints=0, len_norm_const=5.0, len_norm_factor=0.6, local_rank=0, log_all_ranks=False, lr=0.004, math='amp_fp16', max_length_test=150, max_length_train=75, max_size=None, min_length_test=0, min_length_train=0, num_buckets=5, num_layers=4, optimizer='FusedAdam', optimizer_extra='{}', prealloc_mode='always', preproc_data_dir='/preproc_data', print_freq=10, rank=0, remain_steps=4300, results_dir='results', resume=None, save='gnmt_wmt16', save_all=False, save_freq=5000, save_path='results/gnmt_wmt16', seed=None, shard_size=80, share_embedding=True, smoothing=0.1, start_epoch=0, target_bleu=24.0, test_batch_size=128, test_loader_workers=0, train_batch_size=768, train_global_batch_size=None, train_iter_size=1, train_loader_workers=1, upscale_interval=128, use_preproc_data=True, warmup_steps=200)
0: L2 promotion: 128B
0: Using random master seed: 45324398
node009:465:465 [0] NCCL INFO Bootstrap : Using [0]eth3:10.141.0.9<0> [1]cali2db325eb964:fe80::ecee:eeff:feee:eeee%cali2db325eb964<0>
node009:465:465 [0] NCCL INFO NET/Plugin : No plugin found (libnccl-net.so), using internal implementation

node009:465:465 [0] misc/ibvwrap.cc:212 NCCL WARN Call to ibv_open_device failed

node009:465:465 [0] transport/net_ib.cc:120 NCCL WARN NET/IB : Unable to open device mlx5_0
node009:465:465 [0] NCCL INFO NET/IB : No device found.
node009:465:465 [0] NCCL INFO NET/Socket : Using [0]eth3:10.141.0.9<0> [1]cali2db325eb964:fe80::ecee:eeff:feee:eeee%cali2db325eb964<0>
NCCL version 2.5.6+cuda10.2
node009:466:466 [1] NCCL INFO Bootstrap : Using [0]eth3:10.141.0.9<0> [1]cali2db325eb964:fe80::ecee:eeff:feee:eeee%cali2db325eb964<0>
node009:466:466 [1] NCCL INFO NET/Plugin : No plugin found (libnccl-net.so), using internal implementation

node009:466:466 [1] misc/ibvwrap.cc:212 NCCL WARN Call to ibv_open_device failed

node009:466:466 [1] transport/net_ib.cc:120 NCCL WARN NET/IB : Unable to open device mlx5_0
node009:466:466 [1] NCCL INFO NET/IB : No device found.
node009:466:466 [1] NCCL INFO NET/Socket : Using [0]eth3:10.141.0.9<0> [1]cali2db325eb964:fe80::ecee:eeff:feee:eeee%cali2db325eb964<0>
node009:467:467 [2] NCCL INFO Bootstrap : Using [0]eth3:10.141.0.9<0> [1]cali2db325eb964:fe80::ecee:eeff:feee:eeee%cali2db325eb964<0>
node009:467:467 [2] NCCL INFO NET/Plugin : No plugin found (libnccl-net.so), using internal implementation

node009:467:467 [2] misc/ibvwrap.cc:212 NCCL WARN Call to ibv_open_device failed

node009:467:467 [2] transport/net_ib.cc:120 NCCL WARN NET/IB : Unable to open device mlx5_0
node009:467:467 [2] NCCL INFO NET/IB : No device found.
node009:467:467 [2] NCCL INFO NET/Socket : Using [0]eth3:10.141.0.9<0> [1]cali2db325eb964:fe80::ecee:eeff:feee:eeee%cali2db325eb964<0>
node009:465:602 [0] NCCL INFO Setting affinity for GPU 0 to 55,55555555
node009:466:603 [1] NCCL INFO Setting affinity for GPU 1 to 55,55555555
node009:467:604 [2] NCCL INFO Setting affinity for GPU 2 to 55,55555555
node009:465:602 [0] NCCL INFO Could not find real path of /sys/class/net/cali2db325eb964/device
node009:465:602 [0] NCCL INFO include/net.h:19 -> 2
node009:466:603 [1] NCCL INFO Could not find real path of /sys/class/net/cali2db325eb964/device
node009:466:603 [1] NCCL INFO include/net.h:19 -> 2
node009:467:604 [2] NCCL INFO Could not find real path of /sys/class/net/cali2db325eb964/device
node009:467:604 [2] NCCL INFO include/net.h:19 -> 2
node009:465:602 [0] NCCL INFO NCCL_P2P_LEVEL set by environment to 3.
node009:467:604 [2] NCCL INFO NCCL_P2P_LEVEL set by environment to 3.
node009:466:603 [1] NCCL INFO NCCL_P2P_LEVEL set by environment to 3.
node009:465:602 [0] NCCL INFO Channel 00/02 :    0   1   2
node009:466:603 [1] NCCL INFO Threads per block : 512/640/256
node009:467:604 [2] NCCL INFO Threads per block : 512/640/256
node009:465:602 [0] NCCL INFO Channel 01/02 :    0   1   2
node009:467:604 [2] NCCL INFO threadThresholds 8/8/64 | 24/8/64
node009:466:603 [1] NCCL INFO threadThresholds 8/8/64 | 24/8/64
node009:465:602 [0] NCCL INFO Threads per block : 512/640/256
node009:467:604 [2] NCCL INFO Trees [0] -1/-1/-1->2->1|1->2->-1/-1/-1 [1] -1/-1/-1->2->1|1->2->-1/-1/-1
node009:466:603 [1] NCCL INFO Trees [0] 2/-1/-1->1->0|0->1->2/-1/-1 [1] 2/-1/-1->1->0|0->1->2/-1/-1
node009:465:602 [0] NCCL INFO threadThresholds 8/8/64 | 24/8/64
node009:465:602 [0] NCCL INFO Trees [0] 1/-1/-1->0->-1|-1->0->1/-1/-1 [1] 1/-1/-1->0->-1|-1->0->1/-1/-1
node009:467:604 [2] NCCL INFO Ring 00 : 2[47000] -> 0[10000] via P2P/IPC
node009:466:603 [1] NCCL INFO Ring 00 : 1[11000] -> 2[47000] via P2P/IPC
node009:465:602 [0] NCCL INFO Ring 00 : 0[10000] -> 1[11000] via P2P/IPC
node009:467:604 [2] NCCL INFO Ring 00 : 2[47000] -> 1[11000] via P2P/IPC
node009:466:603 [1] NCCL INFO Ring 00 : 1[11000] -> 0[10000] via P2P/IPC
node009:467:604 [2] NCCL INFO Ring 01 : 2[47000] -> 0[10000] via P2P/IPC
node009:465:602 [0] NCCL INFO Ring 01 : 0[10000] -> 1[11000] via P2P/IPC
node009:466:603 [1] NCCL INFO Ring 01 : 1[11000] -> 2[47000] via P2P/IPC
node009:467:604 [2] NCCL INFO Ring 01 : 2[47000] -> 1[11000] via P2P/IPC
node009:466:603 [1] NCCL INFO Ring 01 : 1[11000] -> 0[10000] via P2P/IPC
node009:467:604 [2] NCCL INFO comm 0x7ffe9c007570 rank 2 nranks 3 cudaDev 2 busId 47000 - Init COMPLETE
node009:465:602 [0] NCCL INFO comm 0x7ffe38007570 rank 0 nranks 3 cudaDev 0 busId 10000 - Init COMPLETE
node009:465:465 [0] NCCL INFO Launch mode Parallel
node009:466:603 [1] NCCL INFO comm 0x7fff2c007570 rank 1 nranks 3 cudaDev 1 busId 11000 - Init COMPLETE
0: Worker 0 is using worker seed: 3588615775
0: Building vocabulary from /data/vocab.bpe.32000
0: Size of vocabulary: 32320
0: Fused attention flag set to True
0: GNMT(
  (encoder): ResidualRecurrentEncoder(
    (rnn_layers): ModuleList(
      (0): EmuBidirLSTM(
        (bidir): LSTM(1024, 1024, bidirectional=True)
        (layer1): LSTM(1024, 1024)
        (layer2): LSTM(1024, 1024)
      )
      (1): LSTM(2048, 1024)
      (2): LSTM(1024, 1024)
      (3): LSTM(1024, 1024)
    )
    (dropout): Dropout(p=0.2)
    (embedder): Embedding(32320, 1024, padding_idx=0)
  )
  (decoder): ResidualRecurrentDecoder(
    (att_rnn): RecurrentAttention(
      (rnn): LSTM(1024, 1024)
      (attn): BahdanauAttention(
        (linear_q): Linear(in_features=1024, out_features=1024, bias=False)
        (linear_k): Linear(in_features=1024, out_features=1024, bias=False)
      )
      (dropout): Dropout(p=0.2)
    )
    (rnn_layers): ModuleList(
      (0): LSTM(2048, 1024)
      (1): LSTM(2048, 1024)
      (2): LSTM(2048, 1024)
    )
    (embedder): Embedding(32320, 1024, padding_idx=0)
    (classifier): Classifier(
      (classifier): Linear(in_features=1024, out_features=32320, bias=True)
    )
    (dropout): Dropout(p=0.2)
  )
)
0: Building LabelSmoothingLoss (smoothing: 0.1)
0: Fused xentropy flag set to True
0: Training optimizer config: {'optimizer': 'FusedAdam', 'lr': 0.004}
0: Number of parameters: 160671297
0: Saving state of the tokenizer
Selected optimization level O2:  FP16 training with FP32 batchnorm and FP32 master weights.

Defaults for this optimization level are:
enabled                : True
opt_level              : O2
cast_model_type        : torch.float16
patch_torch_functions  : False
keep_batchnorm_fp32    : True
master_weights         : True
loss_scale             : dynamic
Processing user overrides (additional kwargs that are not None)...
After processing overrides, optimization options are:
enabled                : True
opt_level              : O2
cast_model_type        : torch.float16
patch_torch_functions  : False
keep_batchnorm_fp32    : False
master_weights         : True
loss_scale             : dynamic
0: Initializing amp optimizer
0: Using optimizer: FusedAdam (
Parameter Group 0
    betas: (0.9, 0.999)
    bias_correction: True
    eps: 1e-08
    lr: 0.004
    max_grad_norm: 5.0
    weight_decay: 0.0
)
:::MLL 1581973380.075 opt_base_learning_rate: {"value": 0.004, "metadata": {"file": "seq2seq/train/trainer.py", "lineno": 169}}
0: Executing preallocation
/opt/conda/lib/python3.6/site-packages/torch/nn/modules/rnn.py:522: RuntimeWarning: RNN module weights are not part of single contiguous chunk of memory. This means they need to be compacted at every call, possibly greatly increasing memory usage. To compact weights again call flatten_parameters().
  self.num_layers, self.dropout, self.training, self.bidirectional)
/opt/conda/lib/python3.6/site-packages/torch/nn/modules/rnn.py:522: RuntimeWarning: RNN module weights are not part of single contiguous chunk of memory. This means they need to be compacted at every call, possibly greatly increasing memory usage. To compact weights again call flatten_parameters().
  self.num_layers, self.dropout, self.training, self.bidirectional)
/opt/conda/lib/python3.6/site-packages/torch/nn/modules/rnn.py:522: RuntimeWarning: RNN module weights are not part of single contiguous chunk of memory. This means they need to be compacted at every call, possibly greatly increasing memory usage. To compact weights again call flatten_parameters().
  self.num_layers, self.dropout, self.training, self.bidirectional)
:::MLL 1581973381.772 init_stop: {"value": null, "metadata": {"file": "train.py", "lineno": 407}}
:::MLL 1581973381.772 run_start: {"value": null, "metadata": {"file": "train.py", "lineno": 409}}
:::MLL 1581973381.773 max_sequence_length: {"value": 75, "metadata": {"method": "discard", "file": "train.py", "lineno": 414}}
0: Reading preprocessed data file from /preproc_data/training.bin
0: Preprocessed data: length: 3975116 min length: 0 max length: 75 
0: Opening preprocessed data /preproc_data/training.bin for reading
0: Processing data from /data/newstest2014.tok.bpe.32000.en
0: Filtering data, min len: 0, max len: 150
0: Pairs before: 3003, after: 3003
:::MLL 1581973382.312 global_batch_size: {"value": 2304, "metadata": {"file": "train.py", "lineno": 459}}
0: Training LR schedule config: {'warmup_steps': 200, 'remain_steps': 4300, 'decay_interval': 809, 'decay_steps': 8, 'decay_factor': 0.5}
0: Scheduler warmup steps: 200
0: Scheduler remain steps: 4300
0: Scheduler decay interval: 809
0: Scheduler decay factor: 0.5
0: Scheduler max decay steps: 8
:::MLL 1581973382.313 opt_learning_rate_alt_decay_func: {"value": true, "metadata": {"file": "seq2seq/train/lr_scheduler.py", "lineno": 78}}
:::MLL 1581973382.313 opt_learning_rate_alt_warmup_func: {"value": true, "metadata": {"file": "seq2seq/train/lr_scheduler.py", "lineno": 80}}
:::MLL 1581973382.314 opt_learning_rate_decay_interval: {"value": 809, "metadata": {"file": "seq2seq/train/lr_scheduler.py", "lineno": 83}}
:::MLL 1581973382.314 opt_learning_rate_decay_factor: {"value": 0.5, "metadata": {"file": "seq2seq/train/lr_scheduler.py", "lineno": 85}}
:::MLL 1581973382.314 opt_learning_rate_decay_steps: {"value": 8, "metadata": {"file": "seq2seq/train/lr_scheduler.py", "lineno": 87}}
:::MLL 1581973382.315 opt_learning_rate_remain_steps: {"value": 4300, "metadata": {"file": "seq2seq/train/lr_scheduler.py", "lineno": 89}}
:::MLL 1581973382.315 opt_learning_rate_warmup_steps: {"value": 200, "metadata": {"file": "seq2seq/train/lr_scheduler.py", "lineno": 91}}
:::MLL 1581973382.315 block_start: {"value": null, "metadata": {"first_epoch_num": 1, "epoch_count": 1, "file": "train.py", "lineno": 512}}
:::MLL 1581973382.316 epoch_start: {"value": null, "metadata": {"epoch_num": 1, "file": "train.py", "lineno": 515}}
0: Starting epoch 0
0: Executing preallocation
0: Sampler for epoch 0 uses seed 2051405135
Gradient overflow.  Skipping step, loss scaler 0 reducing loss scale to 256.0
Gradient overflow.  Skipping step, loss scaler 0 reducing loss scale to 256.0
Gradient overflow.  Skipping step, loss scaler 0 reducing loss scale to 256.0
0: TRAIN [0][0/1723]	Time 1.178 (1.178)	Data 5.59e-01 (5.59e-01)	Tok/s 42937 (42937)	Loss/tok 10.7548 (10.7548)	LR 4.000e-05
0: TRAIN [0][10/1723]	Time 0.596 (0.534)	Data 1.69e-04 (5.12e-02)	Tok/s 85159 (74865)	Loss/tok 9.5387 (10.0512)	LR 5.036e-05
0: TRAIN [0][20/1723]	Time 0.409 (0.485)	Data 2.45e-04 (2.69e-02)	Tok/s 74520 (75726)	Loss/tok 8.9666 (9.6761)	LR 6.340e-05
0: TRAIN [0][30/1723]	Time 0.592 (0.504)	Data 2.79e-04 (1.83e-02)	Tok/s 85613 (77341)	Loss/tok 8.8094 (9.4035)	LR 7.981e-05
0: TRAIN [0][40/1723]	Time 0.604 (0.510)	Data 1.89e-04 (1.39e-02)	Tok/s 83810 (77915)	Loss/tok 8.5232 (9.2038)	LR 1.005e-04
0: TRAIN [0][50/1723]	Time 0.604 (0.503)	Data 1.68e-04 (1.12e-02)	Tok/s 82819 (77848)	Loss/tok 8.2615 (9.0329)	LR 1.265e-04
0: TRAIN [0][60/1723]	Time 0.412 (0.511)	Data 1.96e-04 (9.40e-03)	Tok/s 75305 (78122)	Loss/tok 7.9291 (8.8736)	LR 1.592e-04
0: TRAIN [0][70/1723]	Time 0.414 (0.525)	Data 2.02e-04 (8.11e-03)	Tok/s 75094 (78509)	Loss/tok 7.8794 (8.7374)	LR 2.005e-04
0: TRAIN [0][80/1723]	Time 0.409 (0.523)	Data 1.89e-04 (7.13e-03)	Tok/s 75481 (78718)	Loss/tok 7.8231 (8.6411)	LR 2.524e-04
0: TRAIN [0][90/1723]	Time 0.603 (0.528)	Data 2.14e-04 (6.36e-03)	Tok/s 83334 (78909)	Loss/tok 8.1939 (8.5653)	LR 3.177e-04
0: TRAIN [0][100/1723]	Time 0.596 (0.518)	Data 1.69e-04 (5.75e-03)	Tok/s 83850 (78718)	Loss/tok 7.9258 (8.5030)	LR 4.000e-04
0: TRAIN [0][110/1723]	Time 0.606 (0.526)	Data 1.96e-04 (5.25e-03)	Tok/s 83248 (79081)	Loss/tok 7.8323 (8.4342)	LR 5.036e-04
0: TRAIN [0][120/1723]	Time 0.413 (0.523)	Data 2.02e-04 (4.83e-03)	Tok/s 75427 (79041)	Loss/tok 7.6128 (8.3803)	LR 6.340e-04
Gradient overflow.  Skipping step, loss scaler 0 reducing loss scale to 256.0
Gradient overflow.  Skipping step, loss scaler 0 reducing loss scale to 256.0
Gradient overflow.  Skipping step, loss scaler 0 reducing loss scale to 256.0
0: TRAIN [0][130/1723]	Time 0.821 (0.526)	Data 1.68e-04 (4.48e-03)	Tok/s 84987 (78943)	Loss/tok 8.0079 (8.3242)	LR 7.799e-04
0: TRAIN [0][140/1723]	Time 0.806 (0.518)	Data 1.95e-04 (4.18e-03)	Tok/s 87168 (78671)	Loss/tok 7.7667 (8.2778)	LR 9.819e-04
0: TRAIN [0][150/1723]	Time 0.600 (0.520)	Data 1.69e-04 (3.91e-03)	Tok/s 84298 (78730)	Loss/tok 7.4398 (8.2225)	LR 1.236e-03
