Beginning trial 2 of 2
Gathering sys log on node009
:::MLL 1582054370.859 submission_benchmark: {"value": "gnmt", "metadata": {"file": "mlperf_log_utils.py", "lineno": 176}}
:::MLL 1582054370.860 submission_org: {"value": "NVIDIA", "metadata": {"file": "mlperf_log_utils.py", "lineno": 181}}
WARNING: Log validation: Key "submission_division" is not in known gnmt keys.
:::MLL 1582054370.860 submission_division: {"value": "closed", "metadata": {"file": "mlperf_log_utils.py", "lineno": 185}}
:::MLL 1582054370.861 submission_status: {"value": "onprem", "metadata": {"file": "mlperf_log_utils.py", "lineno": 189}}
:::MLL 1582054370.861 submission_platform: {"value": "1xDSS8440", "metadata": {"file": "mlperf_log_utils.py", "lineno": 193}}
:::MLL 1582054370.861 submission_entry: {"value": "{'hardware': 'DSS8440', 'framework': 'PyTorch NVIDIA Release 19.05', 'power': 'N/A', 'notes': 'N/A', 'interconnect': 'Ethernet 100 Gb/sec (4X EDR)', 'os': '\\\\S / ', 'libraries': \"{'container_base': 'Ubuntu-16.04', 'openmpi_version': '3.1.3', 'mofed_version': '4.6-2.1.4', 'cuda_version': '10.1.163', 'cuda_driver_version': '418.67', 'nccl_version': '2.4.6', 'cudnn_version': '7.6.0.64', 'cublas_version': '10.2.0.163', 'trt_version': '5.1.5.0', 'dali_version': '0.9.1'}\", 'compilers': 'gcc (Ubuntu 5.4.0-6ubuntu1~16.04.11) 5.4.0 20160609', 'nodes': \"{'num_nodes': '1', 'cpu': '2x Intel(R) Xeon(R) Gold 6230 CPU @ 2.10GHz', 'num_cores': '40', 'num_vcpus': '40', 'accelerator': 'Tesla V100S-PCIE-32GB', 'num_accelerators': '8', 'sys_mem_size': '754 GB', 'sys_storage_type': 'SATA SSD', 'sys_storage_size': '1x 446.6G + 1x 931.5G', 'cpu_accel_interconnect': 'UPI', 'network_card': '', 'num_network_cards': '0', 'notes': ''}\"}", "metadata": {"file": "mlperf_log_utils.py", "lineno": 197}}
:::MLL 1582054370.862 submission_poc_name: {"value": "Paulius Micikevicius", "metadata": {"file": "mlperf_log_utils.py", "lineno": 201}}
:::MLL 1582054370.862 submission_poc_email: {"value": "pauliusm@nvidia.com", "metadata": {"file": "mlperf_log_utils.py", "lineno": 205}}
Clearing caches
:::MLL 1582054373.704 cache_clear: {"value": true, "metadata": {"file": "<string>", "lineno": 1}}
Launching on node node009
+ pids+=($!)
+ set +x
++ eval echo
+++ echo
+ docker exec -e DGXSYSTEM=DGX1 -e 'MULTI_NODE= --master_port=4923' -e LR=2.0e-3 -e TRAIN_BATCH_SIZE=256 -e TEST_BATCH_SIZE=128 -e WARMUP_STEPS=200 -e REMAIN_STEPS=6453 -e DECAY_INTERVAL=809 -e TARGET=24.0 -e NUMEPOCHS=8 -e MAX_SEQ_LEN=75 -e 'EXTRA_OPTS=   --fused-attention    --fused-xentropy    --no-log-all-ranks    ' -e SLURM_JOB_ID=200218125711038083800 -e SLURM_NTASKS_PER_NODE= -e SLURM_NNODES=1 cont_200218125711038083800 ./run_and_time.sh
Run vars: id 200218125711038083800 gpus 8 mparams  --master_port=4923
STARTING TIMING RUN AT 2020-02-18 07:32:54 PM
+ DATASET_DIR=/data
+ PREPROC_DATADIR=/preproc_data
+ RESULTS_DIR=gnmt_wmt16
+ LR=2.0e-3
+ TRAIN_BATCH_SIZE=256
+ TEST_BATCH_SIZE=128
+ WARMUP_STEPS=200
+ REMAIN_STEPS=6453
+ DECAY_INTERVAL=809
+ TARGET=24.0
+ MAX_SEQ_LEN=75
+ NUMEPOCHS=8
+ EXTRA_OPTS='   --fused-attention    --fused-xentropy    --no-log-all-ranks    '
+ BIND_LAUNCH=0
+ MATH=amp_fp16
+ [[ 0 -eq 1 ]]
+ LAUNCH_OPT='torch.distributed.launch --nproc_per_node 8  --master_port=4923'
running benchmark
+ echo 'running benchmark'
+ python -m torch.distributed.launch --nproc_per_node 8 --master_port=4923 train.py --save gnmt_wmt16 --dataset-dir /data --preproc-data-dir /preproc_data --target-bleu 24.0 --epochs 8 --math amp_fp16 --max-length-train 75 --print-freq 10 --train-batch-size 256 --test-batch-size 128 --optimizer FusedAdam --lr 2.0e-3 --warmup-steps 200 --remain-steps 6453 --decay-interval 809 --fused-attention --fused-xentropy --no-log-all-ranks
:::MLL 1582054376.365 init_start: {"value": null, "metadata": {"file": "train.py", "lineno": 288}}
:::MLL 1582054376.365 init_start: {"value": null, "metadata": {"file": "train.py", "lineno": 288}}
:::MLL 1582054376.365 init_start: {"value": null, "metadata": {"file": "train.py", "lineno": 288}}
:::MLL 1582054376.365 init_start: {"value": null, "metadata": {"file": "train.py", "lineno": 288}}
:::MLL 1582054376.365 init_start: {"value": null, "metadata": {"file": "train.py", "lineno": 288}}
:::MLL 1582054376.370 init_start: {"value": null, "metadata": {"file": "train.py", "lineno": 288}}
:::MLL 1582054376.375 init_start: {"value": null, "metadata": {"file": "train.py", "lineno": 288}}
:::MLL 1582054376.377 init_start: {"value": null, "metadata": {"file": "train.py", "lineno": 288}}
0: Saving results to: results/gnmt_wmt16
0: Run arguments: Namespace(apex_message_size=10000000.0, apex_num_allreduce_streams=1, batching='bucketing', beam_size=5, cov_penalty_factor=0.1, cuda=True, cudnn=True, dataset_dir='/data', decay_factor=0.5, decay_interval=809, decay_steps=8, dropout=0.2, enable_apex_allreduce_overlap=False, env=False, epochs=8, eval=True, fused_attention=True, fused_xentropy=True, grad_clip=5.0, hidden_size=1024, init_scale=1024, intra_epoch_eval=0, keep_checkpoints=0, len_norm_const=5.0, len_norm_factor=0.6, local_rank=0, log_all_ranks=False, lr=0.002, math='amp_fp16', max_length_test=150, max_length_train=75, max_size=None, min_length_test=0, min_length_train=0, num_buckets=5, num_layers=4, optimizer='FusedAdam', optimizer_extra='{}', prealloc_mode='always', preproc_data_dir='/preproc_data', print_freq=10, rank=0, remain_steps=6453, results_dir='results', resume=None, save='gnmt_wmt16', save_all=False, save_freq=5000, save_path='results/gnmt_wmt16', seed=None, shard_size=80, share_embedding=True, smoothing=0.1, start_epoch=0, target_bleu=24.0, test_batch_size=128, test_loader_workers=0, train_batch_size=256, train_global_batch_size=None, train_iter_size=1, train_loader_workers=1, upscale_interval=128, use_preproc_data=True, warmup_steps=200)
0: L2 promotion: 128B
0: Using random master seed: 34973207
node009:1625:1625 [0] NCCL INFO Bootstrap : Using [0]eth3:10.141.0.9<0> [1]cali2db325eb964:fe80::ecee:eeff:feee:eeee%cali2db325eb964<0>
node009:1625:1625 [0] NCCL INFO NET/Plugin : No plugin found (libnccl-net.so), using internal implementation

node009:1625:1625 [0] misc/ibvwrap.cc:212 NCCL WARN Call to ibv_open_device failed

node009:1625:1625 [0] transport/net_ib.cc:120 NCCL WARN NET/IB : Unable to open device mlx5_0
node009:1625:1625 [0] NCCL INFO NET/IB : No device found.
node009:1625:1625 [0] NCCL INFO NET/Socket : Using [0]eth3:10.141.0.9<0> [1]cali2db325eb964:fe80::ecee:eeff:feee:eeee%cali2db325eb964<0>
NCCL version 2.5.6+cuda10.2
node009:1631:1631 [6] NCCL INFO Bootstrap : Using [0]eth3:10.141.0.9<0> [1]cali2db325eb964:fe80::ecee:eeff:feee:eeee%cali2db325eb964<0>
node009:1629:1629 [4] NCCL INFO Bootstrap : Using [0]eth3:10.141.0.9<0> [1]cali2db325eb964:fe80::ecee:eeff:feee:eeee%cali2db325eb964<0>
node009:1627:1627 [2] NCCL INFO Bootstrap : Using [0]eth3:10.141.0.9<0> [1]cali2db325eb964:fe80::ecee:eeff:feee:eeee%cali2db325eb964<0>
node009:1628:1628 [3] NCCL INFO Bootstrap : Using [0]eth3:10.141.0.9<0> [1]cali2db325eb964:fe80::ecee:eeff:feee:eeee%cali2db325eb964<0>
node009:1631:1631 [6] NCCL INFO NET/Plugin : No plugin found (libnccl-net.so), using internal implementation
node009:1627:1627 [2] NCCL INFO NET/Plugin : No plugin found (libnccl-net.so), using internal implementation
node009:1629:1629 [4] NCCL INFO NET/Plugin : No plugin found (libnccl-net.so), using internal implementation
node009:1628:1628 [3] NCCL INFO NET/Plugin : No plugin found (libnccl-net.so), using internal implementation
node009:1626:1626 [1] NCCL INFO Bootstrap : Using [0]eth3:10.141.0.9<0> [1]cali2db325eb964:fe80::ecee:eeff:feee:eeee%cali2db325eb964<0>
node009:1626:1626 [1] NCCL INFO NET/Plugin : No plugin found (libnccl-net.so), using internal implementation

node009:1631:1631 [6] misc/ibvwrap.cc:212 NCCL WARN Call to ibv_open_device failed

node009:1631:1631 [6] transport/net_ib.cc:120 NCCL WARN NET/IB : Unable to open device mlx5_0
node009:1631:1631 [6] NCCL INFO NET/IB : No device found.

node009:1629:1629 [4] misc/ibvwrap.cc:212 NCCL WARN Call to ibv_open_device failed

node009:1629:1629 [4] transport/net_ib.cc:120 NCCL WARN NET/IB : Unable to open device mlx5_0
node009:1629:1629 [4] NCCL INFO NET/IB : No device found.

node009:1628:1628 [3] misc/ibvwrap.cc:212 NCCL WARN Call to ibv_open_device failed

node009:1628:1628 [3] transport/net_ib.cc:120 NCCL WARN NET/IB : Unable to open device mlx5_0
node009:1628:1628 [3] NCCL INFO NET/IB : No device found.

node009:1627:1627 [2] misc/ibvwrap.cc:212 NCCL WARN Call to ibv_open_device failed

node009:1627:1627 [2] transport/net_ib.cc:120 NCCL WARN NET/IB : Unable to open device mlx5_0
node009:1627:1627 [2] NCCL INFO NET/IB : No device found.
node009:1632:1632 [7] NCCL INFO Bootstrap : Using [0]eth3:10.141.0.9<0> [1]cali2db325eb964:fe80::ecee:eeff:feee:eeee%cali2db325eb964<0>
node009:1632:1632 [7] NCCL INFO NET/Plugin : No plugin found (libnccl-net.so), using internal implementation

node009:1626:1626 [1] misc/ibvwrap.cc:212 NCCL WARN Call to ibv_open_device failed

node009:1626:1626 [1] transport/net_ib.cc:120 NCCL WARN NET/IB : Unable to open device mlx5_0
node009:1626:1626 [1] NCCL INFO NET/IB : No device found.
node009:1631:1631 [6] NCCL INFO NET/Socket : Using [0]eth3:10.141.0.9<0> [1]cali2db325eb964:fe80::ecee:eeff:feee:eeee%cali2db325eb964<0>
node009:1628:1628 [3] NCCL INFO NET/Socket : Using [0]eth3:10.141.0.9<0> [1]cali2db325eb964:fe80::ecee:eeff:feee:eeee%cali2db325eb964<0>
node009:1629:1629 [4] NCCL INFO NET/Socket : Using [0]eth3:10.141.0.9<0> [1]cali2db325eb964:fe80::ecee:eeff:feee:eeee%cali2db325eb964<0>
node009:1627:1627 [2] NCCL INFO NET/Socket : Using [0]eth3:10.141.0.9<0> [1]cali2db325eb964:fe80::ecee:eeff:feee:eeee%cali2db325eb964<0>
node009:1626:1626 [1] NCCL INFO NET/Socket : Using [0]eth3:10.141.0.9<0> [1]cali2db325eb964:fe80::ecee:eeff:feee:eeee%cali2db325eb964<0>

node009:1632:1632 [7] misc/ibvwrap.cc:212 NCCL WARN Call to ibv_open_device failed

node009:1632:1632 [7] transport/net_ib.cc:120 NCCL WARN NET/IB : Unable to open device mlx5_0
node009:1632:1632 [7] NCCL INFO NET/IB : No device found.
node009:1632:1632 [7] NCCL INFO NET/Socket : Using [0]eth3:10.141.0.9<0> [1]cali2db325eb964:fe80::ecee:eeff:feee:eeee%cali2db325eb964<0>
node009:1630:1630 [5] NCCL INFO Bootstrap : Using [0]eth3:10.141.0.9<0> [1]cali2db325eb964:fe80::ecee:eeff:feee:eeee%cali2db325eb964<0>
node009:1630:1630 [5] NCCL INFO NET/Plugin : No plugin found (libnccl-net.so), using internal implementation

node009:1630:1630 [5] misc/ibvwrap.cc:212 NCCL WARN Call to ibv_open_device failed

node009:1630:1630 [5] transport/net_ib.cc:120 NCCL WARN NET/IB : Unable to open device mlx5_0
node009:1630:1630 [5] NCCL INFO NET/IB : No device found.
node009:1630:1630 [5] NCCL INFO NET/Socket : Using [0]eth3:10.141.0.9<0> [1]cali2db325eb964:fe80::ecee:eeff:feee:eeee%cali2db325eb964<0>
node009:1625:1987 [0] NCCL INFO Setting affinity for GPU 0 to 55,55555555
node009:1628:1988 [3] NCCL INFO Setting affinity for GPU 3 to 55,55555555
node009:1631:1990 [6] NCCL INFO Setting affinity for GPU 6 to aa,aaaaaaaa
node009:1629:1989 [4] NCCL INFO Setting affinity for GPU 4 to aa,aaaaaaaa
node009:1626:1993 [1] NCCL INFO Setting affinity for GPU 1 to 55,55555555
node009:1627:1991 [2] NCCL INFO Setting affinity for GPU 2 to 55,55555555
node009:1632:1992 [7] NCCL INFO Setting affinity for GPU 7 to aa,aaaaaaaa
node009:1630:1994 [5] NCCL INFO Setting affinity for GPU 5 to aa,aaaaaaaa
node009:1630:1994 [5] NCCL INFO Could not find real path of /sys/class/net/cali2db325eb964/device
node009:1630:1994 [5] NCCL INFO include/net.h:19 -> 2
node009:1627:1991 [2] NCCL INFO Could not find real path of /sys/class/net/cali2db325eb964/device
node009:1627:1991 [2] NCCL INFO include/net.h:19 -> 2
node009:1629:1989 [4] NCCL INFO Could not find real path of /sys/class/net/cali2db325eb964/device
node009:1626:1993 [1] NCCL INFO Could not find real path of /sys/class/net/cali2db325eb964/device
node009:1629:1989 [4] NCCL INFO include/net.h:19 -> 2
node009:1626:1993 [1] NCCL INFO include/net.h:19 -> 2
node009:1625:1987 [0] NCCL INFO Could not find real path of /sys/class/net/cali2db325eb964/device
node009:1625:1987 [0] NCCL INFO include/net.h:19 -> 2
node009:1628:1988 [3] NCCL INFO Could not find real path of /sys/class/net/cali2db325eb964/device
node009:1628:1988 [3] NCCL INFO include/net.h:19 -> 2
node009:1632:1992 [7] NCCL INFO Could not find real path of /sys/class/net/cali2db325eb964/device
node009:1632:1992 [7] NCCL INFO include/net.h:19 -> 2
node009:1631:1990 [6] NCCL INFO Could not find real path of /sys/class/net/cali2db325eb964/device
node009:1631:1990 [6] NCCL INFO include/net.h:19 -> 2
node009:1630:1994 [5] NCCL INFO NCCL_P2P_LEVEL set by environment to 3.
node009:1627:1991 [2] NCCL INFO NCCL_P2P_LEVEL set by environment to 3.
node009:1628:1988 [3] NCCL INFO NCCL_P2P_LEVEL set by environment to 3.
node009:1632:1992 [7] NCCL INFO NCCL_P2P_LEVEL set by environment to 3.
node009:1629:1989 [4] NCCL INFO NCCL_P2P_LEVEL set by environment to 3.
node009:1631:1990 [6] NCCL INFO NCCL_P2P_LEVEL set by environment to 3.
node009:1625:1987 [0] NCCL INFO NCCL_P2P_LEVEL set by environment to 3.
node009:1626:1993 [1] NCCL INFO NCCL_P2P_LEVEL set by environment to 3.
node009:1631:1990 [6] NCCL INFO Threads per block : 512/640/256
node009:1631:1990 [6] NCCL INFO threadThresholds 8/8/64 | 64/8/64
node009:1631:1990 [6] NCCL INFO Trees [0] 7/-1/-1->6->5|5->6->7/-1/-1 [1] 7/-1/-1->6->5|5->6->7/-1/-1
node009:1632:1992 [7] NCCL INFO Threads per block : 512/640/256
node009:1626:1993 [1] NCCL INFO Threads per block : 512/640/256
node009:1625:1987 [0] NCCL INFO Channel 00/02 :    0   1   2   3   4   5   6   7
node009:1628:1988 [3] NCCL INFO Threads per block : 512/640/256
node009:1632:1992 [7] NCCL INFO threadThresholds 8/8/64 | 64/8/64
node009:1627:1991 [2] NCCL INFO Threads per block : 512/640/256
node009:1630:1994 [5] NCCL INFO Threads per block : 512/640/256
node009:1625:1987 [0] NCCL INFO Channel 01/02 :    0   1   2   3   4   5   6   7
node009:1632:1992 [7] NCCL INFO Trees [0] -1/-1/-1->7->6|6->7->-1/-1/-1 [1] -1/-1/-1->7->6|6->7->-1/-1/-1
node009:1626:1993 [1] NCCL INFO threadThresholds 8/8/64 | 64/8/64
node009:1628:1988 [3] NCCL INFO threadThresholds 8/8/64 | 64/8/64
node009:1625:1987 [0] NCCL INFO Threads per block : 512/640/256
node009:1627:1991 [2] NCCL INFO threadThresholds 8/8/64 | 64/8/64
node009:1630:1994 [5] NCCL INFO threadThresholds 8/8/64 | 64/8/64
node009:1628:1988 [3] NCCL INFO Trees [0] 4/-1/-1->3->2|2->3->4/-1/-1 [1] 4/-1/-1->3->2|2->3->4/-1/-1
node009:1629:1989 [4] NCCL INFO Threads per block : 512/640/256
node009:1626:1993 [1] NCCL INFO Trees [0] 2/-1/-1->1->0|0->1->2/-1/-1 [1] 2/-1/-1->1->0|0->1->2/-1/-1
node009:1627:1991 [2] NCCL INFO Trees [0] 3/-1/-1->2->1|1->2->3/-1/-1 [1] 3/-1/-1->2->1|1->2->3/-1/-1
node009:1630:1994 [5] NCCL INFO Trees [0] 6/-1/-1->5->4|4->5->6/-1/-1 [1] 6/-1/-1->5->4|4->5->6/-1/-1
node009:1629:1989 [4] NCCL INFO threadThresholds 8/8/64 | 64/8/64
node009:1629:1989 [4] NCCL INFO Trees [0] 5/-1/-1->4->3|3->4->5/-1/-1 [1] 5/-1/-1->4->3|3->4->5/-1/-1
node009:1625:1987 [0] NCCL INFO threadThresholds 8/8/64 | 64/8/64
node009:1625:1987 [0] NCCL INFO Trees [0] 1/-1/-1->0->-1|-1->0->1/-1/-1 [1] 1/-1/-1->0->-1|-1->0->1/-1/-1
node009:1632:1992 [7] NCCL INFO Ring 00 : 7[c2000] -> 0[10000] via direct shared memory
node009:1631:1990 [6] NCCL INFO Ring 00 : 6[c1000] -> 7[c2000] via P2P/IPC
node009:1630:1994 [5] NCCL INFO Ring 00 : 5[8a000] -> 6[c1000] via P2P/IPC
node009:1627:1991 [2] NCCL INFO Ring 00 : 2[47000] -> 3[48000] via P2P/IPC
node009:1628:1988 [3] NCCL INFO Ring 00 : 3[48000] -> 4[89000] via direct shared memory
node009:1626:1993 [1] NCCL INFO Ring 00 : 1[11000] -> 2[47000] via P2P/IPC
node009:1629:1989 [4] NCCL INFO Ring 00 : 4[89000] -> 5[8a000] via P2P/IPC
node009:1625:1987 [0] NCCL INFO Ring 00 : 0[10000] -> 1[11000] via P2P/IPC
node009:1631:1990 [6] NCCL INFO Ring 00 : 6[c1000] -> 5[8a000] via P2P/IPC
node009:1632:1992 [7] NCCL INFO Ring 00 : 7[c2000] -> 6[c1000] via P2P/IPC
node009:1630:1994 [5] NCCL INFO Ring 00 : 5[8a000] -> 4[89000] via P2P/IPC
node009:1626:1993 [1] NCCL INFO Ring 00 : 1[11000] -> 0[10000] via P2P/IPC
node009:1627:1991 [2] NCCL INFO Ring 00 : 2[47000] -> 1[11000] via P2P/IPC
node009:1629:1989 [4] NCCL INFO Ring 00 : 4[89000] -> 3[48000] via direct shared memory
node009:1632:1992 [7] NCCL INFO Ring 01 : 7[c2000] -> 0[10000] via direct shared memory
node009:1631:1990 [6] NCCL INFO Ring 01 : 6[c1000] -> 7[c2000] via P2P/IPC
node009:1628:1988 [3] NCCL INFO Ring 00 : 3[48000] -> 2[47000] via P2P/IPC
node009:1630:1994 [5] NCCL INFO Ring 01 : 5[8a000] -> 6[c1000] via P2P/IPC
node009:1626:1993 [1] NCCL INFO Ring 01 : 1[11000] -> 2[47000] via P2P/IPC
node009:1627:1991 [2] NCCL INFO Ring 01 : 2[47000] -> 3[48000] via P2P/IPC
node009:1631:1990 [6] NCCL INFO Ring 01 : 6[c1000] -> 5[8a000] via P2P/IPC
node009:1628:1988 [3] NCCL INFO Ring 01 : 3[48000] -> 4[89000] via direct shared memory
node009:1625:1987 [0] NCCL INFO Ring 01 : 0[10000] -> 1[11000] via P2P/IPC
node009:1632:1992 [7] NCCL INFO Ring 01 : 7[c2000] -> 6[c1000] via P2P/IPC
node009:1626:1993 [1] NCCL INFO Ring 01 : 1[11000] -> 0[10000] via P2P/IPC
node009:1627:1991 [2] NCCL INFO Ring 01 : 2[47000] -> 1[11000] via P2P/IPC
node009:1629:1989 [4] NCCL INFO Ring 01 : 4[89000] -> 5[8a000] via P2P/IPC
node009:1630:1994 [5] NCCL INFO Ring 01 : 5[8a000] -> 4[89000] via P2P/IPC
node009:1629:1989 [4] NCCL INFO Ring 01 : 4[89000] -> 3[48000] via direct shared memory
node009:1632:1992 [7] NCCL INFO comm 0x7ffe94007570 rank 7 nranks 8 cudaDev 7 busId c2000 - Init COMPLETE
node009:1625:1987 [0] NCCL INFO comm 0x7fff3c007570 rank 0 nranks 8 cudaDev 0 busId 10000 - Init COMPLETE
node009:1625:1625 [0] NCCL INFO Launch mode Parallel
node009:1628:1988 [3] NCCL INFO Ring 01 : 3[48000] -> 2[47000] via P2P/IPC
node009:1626:1993 [1] NCCL INFO comm 0x7fff64007570 rank 1 nranks 8 cudaDev 1 busId 11000 - Init COMPLETE
0: Worker 0 is using worker seed: 2569148347
0: Building vocabulary from /data/vocab.bpe.32000
node009:1631:1990 [6] NCCL INFO comm 0x7ffed0007570 rank 6 nranks 8 cudaDev 6 busId c1000 - Init COMPLETE
node009:1630:1994 [5] NCCL INFO comm 0x7ffe94007570 rank 5 nranks 8 cudaDev 5 busId 8a000 - Init COMPLETE
0: Size of vocabulary: 32320
node009:1629:1989 [4] NCCL INFO comm 0x7ffe94007570 rank 4 nranks 8 cudaDev 4 busId 89000 - Init COMPLETE
node009:1627:1991 [2] NCCL INFO comm 0x7ffe94007570 rank 2 nranks 8 cudaDev 2 busId 47000 - Init COMPLETE
node009:1628:1988 [3] NCCL INFO comm 0x7ffe94007570 rank 3 nranks 8 cudaDev 3 busId 48000 - Init COMPLETE
0: Fused attention flag set to True
0: GNMT(
  (encoder): ResidualRecurrentEncoder(
    (rnn_layers): ModuleList(
      (0): EmuBidirLSTM(
        (bidir): LSTM(1024, 1024, bidirectional=True)
        (layer1): LSTM(1024, 1024)
        (layer2): LSTM(1024, 1024)
      )
      (1): LSTM(2048, 1024)
      (2): LSTM(1024, 1024)
      (3): LSTM(1024, 1024)
    )
    (dropout): Dropout(p=0.2)
    (embedder): Embedding(32320, 1024, padding_idx=0)
  )
  (decoder): ResidualRecurrentDecoder(
    (att_rnn): RecurrentAttention(
      (rnn): LSTM(1024, 1024)
      (attn): BahdanauAttention(
        (linear_q): Linear(in_features=1024, out_features=1024, bias=False)
        (linear_k): Linear(in_features=1024, out_features=1024, bias=False)
      )
      (dropout): Dropout(p=0.2)
    )
    (rnn_layers): ModuleList(
      (0): LSTM(2048, 1024)
      (1): LSTM(2048, 1024)
      (2): LSTM(2048, 1024)
    )
    (embedder): Embedding(32320, 1024, padding_idx=0)
    (classifier): Classifier(
      (classifier): Linear(in_features=1024, out_features=32320, bias=True)
    )
    (dropout): Dropout(p=0.2)
  )
)
0: Building LabelSmoothingLoss (smoothing: 0.1)
0: Fused xentropy flag set to True
0: Training optimizer config: {'optimizer': 'FusedAdam', 'lr': 0.002}
0: Number of parameters: 160671297
0: Saving state of the tokenizer
Selected optimization level O2:  FP16 training with FP32 batchnorm and FP32 master weights.

Defaults for this optimization level are:
enabled                : True
opt_level              : O2
cast_model_type        : torch.float16
patch_torch_functions  : False
keep_batchnorm_fp32    : True
master_weights         : True
loss_scale             : dynamic
Processing user overrides (additional kwargs that are not None)...
After processing overrides, optimization options are:
enabled                : True
opt_level              : O2
cast_model_type        : torch.float16
patch_torch_functions  : False
keep_batchnorm_fp32    : False
master_weights         : True
loss_scale             : dynamic
0: Initializing amp optimizer
0: Using optimizer: FusedAdam (
Parameter Group 0
    betas: (0.9, 0.999)
    bias_correction: True
    eps: 1e-08
    lr: 0.002
    max_grad_norm: 5.0
    weight_decay: 0.0
)
:::MLL 1582054386.283 opt_base_learning_rate: {"value": 0.002, "metadata": {"file": "seq2seq/train/trainer.py", "lineno": 169}}
0: Executing preallocation
:::MLL 1582054387.477 init_stop: {"value": null, "metadata": {"file": "train.py", "lineno": 407}}
:::MLL 1582054387.477 run_start: {"value": null, "metadata": {"file": "train.py", "lineno": 409}}
:::MLL 1582054387.477 max_sequence_length: {"value": 75, "metadata": {"method": "discard", "file": "train.py", "lineno": 414}}
0: Reading preprocessed data file from /preproc_data/training.bin
0: Preprocessed data: length: 3975116 min length: 0 max length: 75 
0: Opening preprocessed data /preproc_data/training.bin for reading
0: Processing data from /data/newstest2014.tok.bpe.32000.en
0: Filtering data, min len: 0, max len: 150
0: Pairs before: 3003, after: 3003
:::MLL 1582054388.681 global_batch_size: {"value": 2048, "metadata": {"file": "train.py", "lineno": 459}}
0: Training LR schedule config: {'warmup_steps': 200, 'remain_steps': 6453, 'decay_interval': 809, 'decay_steps': 8, 'decay_factor': 0.5}
0: Scheduler warmup steps: 200
0: Scheduler remain steps: 6453
0: Scheduler decay interval: 809
0: Scheduler decay factor: 0.5
0: Scheduler max decay steps: 8
:::MLL 1582054388.686 opt_learning_rate_alt_decay_func: {"value": true, "metadata": {"file": "seq2seq/train/lr_scheduler.py", "lineno": 78}}
:::MLL 1582054388.686 opt_learning_rate_alt_warmup_func: {"value": true, "metadata": {"file": "seq2seq/train/lr_scheduler.py", "lineno": 80}}
:::MLL 1582054388.686 opt_learning_rate_decay_interval: {"value": 809, "metadata": {"file": "seq2seq/train/lr_scheduler.py", "lineno": 83}}
:::MLL 1582054388.686 opt_learning_rate_decay_factor: {"value": 0.5, "metadata": {"file": "seq2seq/train/lr_scheduler.py", "lineno": 85}}
:::MLL 1582054388.687 opt_learning_rate_decay_steps: {"value": 8, "metadata": {"file": "seq2seq/train/lr_scheduler.py", "lineno": 87}}
:::MLL 1582054388.687 opt_learning_rate_remain_steps: {"value": 6453, "metadata": {"file": "seq2seq/train/lr_scheduler.py", "lineno": 89}}
:::MLL 1582054388.687 opt_learning_rate_warmup_steps: {"value": 200, "metadata": {"file": "seq2seq/train/lr_scheduler.py", "lineno": 91}}
:::MLL 1582054388.692 block_start: {"value": null, "metadata": {"first_epoch_num": 1, "epoch_count": 1, "file": "train.py", "lineno": 512}}
:::MLL 1582054388.693 epoch_start: {"value": null, "metadata": {"epoch_num": 1, "file": "train.py", "lineno": 515}}
0: Starting epoch 0
0: Executing preallocation
0: Sampler for epoch 0 uses seed 1587989769
Gradient overflow.  Skipping step, loss scaler 0 reducing loss scale to 256.0
Gradient overflow.  Skipping step, loss scaler 0 reducing loss scale to 256.0
Gradient overflow.  Skipping step, loss scaler 0 reducing loss scale to 256.0
Gradient overflow.  Skipping step, loss scaler 0 reducing loss scale to 256.0
Gradient overflow.  Skipping step, loss scaler 0 reducing loss scale to 256.0
Gradient overflow.  Skipping step, loss scaler 0 reducing loss scale to 256.0
Gradient overflow.  Skipping step, loss scaler 0 reducing loss scale to 256.0
Gradient overflow.  Skipping step, loss scaler 0 reducing loss scale to 256.0
0: TRAIN [0][0/1938]	Time 1.094 (1.094)	Data 8.32e-01 (8.32e-01)	Tok/s 9440 (9440)	Loss/tok 10.5932 (10.5932)	LR 2.000e-05
0: TRAIN [0][10/1938]	Time 0.217 (0.324)	Data 1.03e-04 (7.58e-02)	Tok/s 48494 (46776)	Loss/tok 9.6820 (10.1913)	LR 2.518e-05
0: TRAIN [0][20/1938]	Time 0.284 (0.281)	Data 1.17e-04 (3.98e-02)	Tok/s 60771 (47547)	Loss/tok 9.4457 (9.8870)	LR 3.170e-05
0: TRAIN [0][30/1938]	Time 0.342 (0.281)	Data 1.36e-04 (2.70e-02)	Tok/s 69062 (50986)	Loss/tok 9.1463 (9.6205)	LR 3.991e-05
0: TRAIN [0][40/1938]	Time 0.288 (0.276)	Data 1.80e-04 (2.04e-02)	Tok/s 58136 (51549)	Loss/tok 8.8653 (9.4427)	LR 5.024e-05
0: TRAIN [0][50/1938]	Time 0.279 (0.274)	Data 1.70e-04 (1.65e-02)	Tok/s 59944 (51903)	Loss/tok 8.6472 (9.2987)	LR 6.325e-05
0: TRAIN [0][60/1938]	Time 0.223 (0.272)	Data 1.94e-04 (1.38e-02)	Tok/s 46536 (51960)	Loss/tok 8.2551 (9.1626)	LR 7.962e-05
0: TRAIN [0][70/1938]	Time 0.226 (0.271)	Data 1.63e-04 (1.19e-02)	Tok/s 45424 (52360)	Loss/tok 8.0515 (9.0336)	LR 1.002e-04
0: TRAIN [0][80/1938]	Time 0.414 (0.274)	Data 2.51e-04 (1.04e-02)	Tok/s 71810 (52745)	Loss/tok 8.2711 (8.9053)	LR 1.262e-04
0: TRAIN [0][90/1938]	Time 0.244 (0.278)	Data 2.01e-04 (9.30e-03)	Tok/s 42342 (53528)	Loss/tok 7.8999 (8.7938)	LR 1.589e-04
0: TRAIN [0][100/1938]	Time 0.284 (0.278)	Data 1.62e-04 (8.40e-03)	Tok/s 59650 (53322)	Loss/tok 7.9718 (8.7153)	LR 2.000e-04
0: TRAIN [0][110/1938]	Time 0.243 (0.278)	Data 1.72e-04 (7.66e-03)	Tok/s 42444 (53017)	Loss/tok 7.6740 (8.6456)	LR 2.518e-04
0: TRAIN [0][120/1938]	Time 0.373 (0.277)	Data 1.53e-04 (7.04e-03)	Tok/s 62186 (52935)	Loss/tok 8.0629 (8.5842)	LR 3.170e-04
Gradient overflow.  Skipping step, loss scaler 0 reducing loss scale to 256.0
Gradient overflow.  Skipping step, loss scaler 0 reducing loss scale to 256.0
Gradient overflow.  Skipping step, loss scaler 0 reducing loss scale to 256.0
Gradient overflow.  Skipping step, loss scaler 0 reducing loss scale to 256.0
Gradient overflow.  Skipping step, loss scaler 0 reducing loss scale to 256.0
Gradient overflow.  Skipping step, loss scaler 0 reducing loss scale to 256.0
Gradient overflow.  Skipping step, loss scaler 0 reducing loss scale to 256.0
Gradient overflow.  Skipping step, loss scaler 0 reducing loss scale to 256.0
0: TRAIN [0][130/1938]	Time 0.279 (0.280)	Data 1.48e-04 (6.51e-03)	Tok/s 60045 (53545)	Loss/tok 7.9933 (8.5269)	LR 3.900e-04
0: TRAIN [0][140/1938]	Time 0.342 (0.281)	Data 1.51e-04 (6.06e-03)	Tok/s 68405 (53881)	Loss/tok 7.9739 (8.4785)	LR 4.909e-04
0: TRAIN [0][150/1938]	Time 0.219 (0.280)	Data 1.55e-04 (5.67e-03)	Tok/s 47144 (53938)	Loss/tok 7.5995 (8.4340)	LR 6.181e-04
Gradient overflow.  Skipping step, loss scaler 0 reducing loss scale to 128.0
Gradient overflow.  Skipping step, loss scaler 0 reducing loss scale to 128.0
Gradient overflow.  Skipping step, loss scaler 0 reducing loss scale to 128.0
Gradient overflow.  Skipping step, loss scaler 0 reducing loss scale to 128.0
Gradient overflow.  Skipping step, loss scaler 0 reducing loss scale to 128.0
Gradient overflow.  Skipping step, loss scaler 0 reducing loss scale to 128.0
Gradient overflow.  Skipping step, loss scaler 0 reducing loss scale to 128.0
Gradient overflow.  Skipping step, loss scaler 0 reducing loss scale to 128.0
Gradient overflow.  Skipping step, loss scaler 0 reducing loss scale to 64.0
Gradient overflow.  Skipping step, loss scaler 0 reducing loss scale to 64.0
Gradient overflow.  Skipping step, loss scaler 0 reducing loss scale to 64.0
Gradient overflow.  Skipping step, loss scaler 0 reducing loss scale to 64.0
Gradient overflow.  Skipping step, loss scaler 0 reducing loss scale to 64.0
Gradient overflow.  Skipping step, loss scaler 0 reducing loss scale to 64.0
0: TRAIN [0][160/1938]	Time 0.279 (0.278)	Data 1.43e-04 (5.33e-03)	Tok/s 60541 (53790)	Loss/tok 8.0818 (8.3965)	LR 7.431e-04
Gradient overflow.  Skipping step, loss scaler 0 reducing loss scale to 64.0
Gradient overflow.  Skipping step, loss scaler 0 reducing loss scale to 64.0
Gradient overflow.  Skipping step, loss scaler 0 reducing loss scale to 32.0
Gradient overflow.  Skipping step, loss scaler 0 reducing loss scale to 32.0
Gradient overflow.  Skipping step, loss scaler 0 reducing loss scale to 32.0
Gradient overflow.  Skipping step, loss scaler 0 reducing loss scale to 32.0
Gradient overflow.  Skipping step, loss scaler 0 reducing loss scale to 32.0
Gradient overflow.  Skipping step, loss scaler 0 reducing loss scale to 32.0
Gradient overflow.  Skipping step, loss scaler 0 reducing loss scale to 32.0
Gradient overflow.  Skipping step, loss scaler 0 reducing loss scale to 32.0
0: TRAIN [0][170/1938]	Time 0.277 (0.278)	Data 1.58e-04 (5.03e-03)	Tok/s 60237 (53993)	Loss/tok 7.6855 (8.3661)	LR 9.142e-04
0: TRAIN [0][180/1938]	Time 0.221 (0.275)	Data 1.74e-04 (4.76e-03)	Tok/s 46802 (53507)	Loss/tok 7.4058 (8.3299)	LR 1.151e-03
0: TRAIN [0][190/1938]	Time 0.416 (0.275)	Data 1.52e-04 (4.51e-03)	Tok/s 71210 (53609)	Loss/tok 7.6398 (8.2839)	LR 1.449e-03
0: TRAIN [0][200/1938]	Time 0.220 (0.274)	Data 1.52e-04 (4.30e-03)	Tok/s 46410 (53680)	Loss/tok 6.9048 (8.2373)	LR 1.824e-03
0: TRAIN [0][210/1938]	Time 0.167 (0.272)	Data 1.46e-04 (4.10e-03)	Tok/s 31787 (53389)	Loss/tok 6.0188 (8.1922)	LR 2.000e-03
0: TRAIN [0][220/1938]	Time 0.222 (0.271)	Data 1.54e-04 (3.92e-03)	Tok/s 46029 (53388)	Loss/tok 6.5967 (8.1394)	LR 2.000e-03
0: TRAIN [0][230/1938]	Time 0.277 (0.269)	Data 1.33e-04 (3.76e-03)	Tok/s 60831 (53068)	Loss/tok 6.9687 (8.0939)	LR 2.000e-03
0: TRAIN [0][240/1938]	Time 0.412 (0.269)	Data 1.44e-04 (3.61e-03)	Tok/s 72216 (53116)	Loss/tok 6.8987 (8.0363)	LR 2.000e-03
0: TRAIN [0][250/1938]	Time 0.341 (0.267)	Data 1.41e-04 (3.47e-03)	Tok/s 69438 (52973)	Loss/tok 6.7034 (7.9834)	LR 2.000e-03
0: TRAIN [0][260/1938]	Time 0.219 (0.266)	Data 1.40e-04 (3.34e-03)	Tok/s 46787 (52885)	Loss/tok 6.2912 (7.9306)	LR 2.000e-03
0: TRAIN [0][270/1938]	Time 0.219 (0.266)	Data 1.49e-04 (3.23e-03)	Tok/s 46885 (52885)	Loss/tok 5.9397 (7.8736)	LR 2.000e-03
0: TRAIN [0][280/1938]	Time 0.339 (0.266)	Data 1.32e-04 (3.12e-03)	Tok/s 68942 (53013)	Loss/tok 6.3644 (7.8100)	LR 2.000e-03
0: TRAIN [0][290/1938]	Time 0.343 (0.266)	Data 1.34e-04 (3.01e-03)	Tok/s 67895 (53081)	Loss/tok 6.3055 (7.7486)	LR 2.000e-03
0: TRAIN [0][300/1938]	Time 0.278 (0.266)	Data 1.49e-04 (2.92e-03)	Tok/s 60890 (53062)	Loss/tok 6.0756 (7.6933)	LR 2.000e-03
0: TRAIN [0][310/1938]	Time 0.164 (0.266)	Data 1.56e-04 (2.83e-03)	Tok/s 32144 (53082)	Loss/tok 4.8938 (7.6356)	LR 2.000e-03
0: TRAIN [0][320/1938]	Time 0.220 (0.265)	Data 1.57e-04 (2.75e-03)	Tok/s 48001 (53005)	Loss/tok 5.5664 (7.5851)	LR 2.000e-03
0: TRAIN [0][330/1938]	Time 0.221 (0.264)	Data 2.39e-04 (2.67e-03)	Tok/s 47006 (52891)	Loss/tok 5.3850 (7.5355)	LR 2.000e-03
0: TRAIN [0][340/1938]	Time 0.220 (0.263)	Data 1.47e-04 (2.59e-03)	Tok/s 46489 (52730)	Loss/tok 5.2553 (7.4885)	LR 2.000e-03
0: TRAIN [0][350/1938]	Time 0.279 (0.264)	Data 1.53e-04 (2.52e-03)	Tok/s 60602 (52954)	Loss/tok 5.5872 (7.4237)	LR 2.000e-03
0: TRAIN [0][360/1938]	Time 0.279 (0.264)	Data 1.51e-04 (2.46e-03)	Tok/s 60587 (52942)	Loss/tok 5.5312 (7.3725)	LR 2.000e-03
0: TRAIN [0][370/1938]	Time 0.276 (0.264)	Data 1.34e-04 (2.40e-03)	Tok/s 60660 (53021)	Loss/tok 5.4579 (7.3178)	LR 2.000e-03
0: TRAIN [0][380/1938]	Time 0.277 (0.263)	Data 1.18e-04 (2.34e-03)	Tok/s 60487 (53037)	Loss/tok 5.2490 (7.2654)	LR 2.000e-03
0: TRAIN [0][390/1938]	Time 0.414 (0.264)	Data 1.13e-04 (2.28e-03)	Tok/s 71791 (53157)	Loss/tok 5.6067 (7.2077)	LR 2.000e-03
0: TRAIN [0][400/1938]	Time 0.280 (0.264)	Data 1.18e-04 (2.23e-03)	Tok/s 59483 (53121)	Loss/tok 5.1560 (7.1603)	LR 2.000e-03
0: TRAIN [0][410/1938]	Time 0.341 (0.264)	Data 1.42e-04 (2.18e-03)	Tok/s 67761 (53258)	Loss/tok 5.2620 (7.1027)	LR 2.000e-03
0: TRAIN [0][420/1938]	Time 0.219 (0.264)	Data 1.54e-04 (2.13e-03)	Tok/s 48020 (53249)	Loss/tok 4.6588 (7.0555)	LR 2.000e-03
0: TRAIN [0][430/1938]	Time 0.279 (0.264)	Data 1.37e-04 (2.08e-03)	Tok/s 60960 (53267)	Loss/tok 4.9976 (7.0059)	LR 2.000e-03
0: TRAIN [0][440/1938]	Time 0.341 (0.264)	Data 1.30e-04 (2.04e-03)	Tok/s 69070 (53308)	Loss/tok 5.0739 (6.9563)	LR 2.000e-03
0: TRAIN [0][450/1938]	Time 0.222 (0.264)	Data 1.52e-04 (1.99e-03)	Tok/s 45949 (53368)	Loss/tok 4.4845 (6.9049)	LR 2.000e-03
0: TRAIN [0][460/1938]	Time 0.221 (0.264)	Data 1.54e-04 (1.95e-03)	Tok/s 47182 (53377)	Loss/tok 4.3645 (6.8573)	LR 2.000e-03
0: TRAIN [0][470/1938]	Time 0.289 (0.264)	Data 1.51e-04 (1.92e-03)	Tok/s 58031 (53357)	Loss/tok 4.7566 (6.8132)	LR 2.000e-03
0: TRAIN [0][480/1938]	Time 0.276 (0.265)	Data 1.43e-04 (1.88e-03)	Tok/s 60319 (53523)	Loss/tok 4.5832 (6.7577)	LR 2.000e-03
0: TRAIN [0][490/1938]	Time 0.221 (0.264)	Data 1.40e-04 (1.84e-03)	Tok/s 46871 (53408)	Loss/tok 4.2993 (6.7211)	LR 2.000e-03
0: TRAIN [0][500/1938]	Time 0.280 (0.264)	Data 1.49e-04 (1.81e-03)	Tok/s 59198 (53444)	Loss/tok 4.7175 (6.6772)	LR 2.000e-03
0: TRAIN [0][510/1938]	Time 0.413 (0.264)	Data 1.53e-04 (1.78e-03)	Tok/s 72068 (53485)	Loss/tok 4.8501 (6.6328)	LR 2.000e-03
0: TRAIN [0][520/1938]	Time 0.282 (0.265)	Data 1.29e-04 (1.75e-03)	Tok/s 60148 (53638)	Loss/tok 4.3351 (6.5827)	LR 2.000e-03
0: TRAIN [0][530/1938]	Time 0.279 (0.265)	Data 1.45e-04 (1.72e-03)	Tok/s 60527 (53652)	Loss/tok 4.5702 (6.5417)	LR 2.000e-03
0: TRAIN [0][540/1938]	Time 0.220 (0.265)	Data 1.34e-04 (1.69e-03)	Tok/s 46296 (53612)	Loss/tok 4.1284 (6.5068)	LR 2.000e-03
0: TRAIN [0][550/1938]	Time 0.281 (0.265)	Data 1.35e-04 (1.66e-03)	Tok/s 59577 (53641)	Loss/tok 4.3849 (6.4672)	LR 2.000e-03
0: TRAIN [0][560/1938]	Time 0.282 (0.264)	Data 1.44e-04 (1.63e-03)	Tok/s 59627 (53535)	Loss/tok 4.3300 (6.4359)	LR 2.000e-03
0: TRAIN [0][570/1938]	Time 0.218 (0.264)	Data 1.78e-04 (1.61e-03)	Tok/s 46076 (53506)	Loss/tok 4.0663 (6.4014)	LR 2.000e-03
0: TRAIN [0][580/1938]	Time 0.219 (0.264)	Data 1.27e-04 (1.58e-03)	Tok/s 47302 (53504)	Loss/tok 4.0121 (6.3658)	LR 2.000e-03
0: TRAIN [0][590/1938]	Time 0.221 (0.264)	Data 1.34e-04 (1.56e-03)	Tok/s 47540 (53562)	Loss/tok 3.9715 (6.3271)	LR 2.000e-03
0: TRAIN [0][600/1938]	Time 0.220 (0.264)	Data 1.62e-04 (1.53e-03)	Tok/s 46905 (53529)	Loss/tok 3.9522 (6.2947)	LR 2.000e-03
0: TRAIN [0][610/1938]	Time 0.342 (0.264)	Data 1.59e-04 (1.51e-03)	Tok/s 67980 (53550)	Loss/tok 4.4241 (6.2599)	LR 2.000e-03
0: TRAIN [0][620/1938]	Time 0.345 (0.265)	Data 1.50e-04 (1.49e-03)	Tok/s 67181 (53683)	Loss/tok 4.3975 (6.2194)	LR 2.000e-03
0: TRAIN [0][630/1938]	Time 0.219 (0.265)	Data 1.18e-04 (1.47e-03)	Tok/s 47013 (53747)	Loss/tok 3.9212 (6.1848)	LR 2.000e-03
0: TRAIN [0][640/1938]	Time 0.416 (0.265)	Data 1.31e-04 (1.45e-03)	Tok/s 71840 (53716)	Loss/tok 4.5829 (6.1554)	LR 2.000e-03
0: TRAIN [0][650/1938]	Time 0.278 (0.265)	Data 1.33e-04 (1.43e-03)	Tok/s 60975 (53740)	Loss/tok 4.2304 (6.1239)	LR 2.000e-03
0: TRAIN [0][660/1938]	Time 0.220 (0.265)	Data 1.46e-04 (1.41e-03)	Tok/s 46935 (53776)	Loss/tok 4.0273 (6.0928)	LR 2.000e-03
0: TRAIN [0][670/1938]	Time 0.220 (0.265)	Data 1.39e-04 (1.39e-03)	Tok/s 46659 (53772)	Loss/tok 3.8205 (6.0647)	LR 2.000e-03
0: TRAIN [0][680/1938]	Time 0.281 (0.266)	Data 1.38e-04 (1.37e-03)	Tok/s 59094 (53870)	Loss/tok 4.0407 (6.0306)	LR 2.000e-03
0: TRAIN [0][690/1938]	Time 0.221 (0.265)	Data 1.25e-04 (1.35e-03)	Tok/s 45959 (53791)	Loss/tok 4.0212 (6.0078)	LR 2.000e-03
0: TRAIN [0][700/1938]	Time 0.415 (0.265)	Data 1.19e-04 (1.33e-03)	Tok/s 71769 (53839)	Loss/tok 4.6227 (5.9788)	LR 2.000e-03
0: TRAIN [0][710/1938]	Time 0.282 (0.265)	Data 1.16e-04 (1.32e-03)	Tok/s 59051 (53823)	Loss/tok 4.0230 (5.9530)	LR 2.000e-03
0: TRAIN [0][720/1938]	Time 0.343 (0.265)	Data 1.50e-04 (1.30e-03)	Tok/s 67517 (53825)	Loss/tok 4.3488 (5.9279)	LR 2.000e-03
0: TRAIN [0][730/1938]	Time 0.277 (0.265)	Data 1.30e-04 (1.28e-03)	Tok/s 60185 (53775)	Loss/tok 3.9661 (5.9052)	LR 2.000e-03
0: TRAIN [0][740/1938]	Time 0.411 (0.265)	Data 1.50e-04 (1.27e-03)	Tok/s 73488 (53815)	Loss/tok 4.3289 (5.8769)	LR 2.000e-03
0: TRAIN [0][750/1938]	Time 0.222 (0.265)	Data 1.28e-04 (1.25e-03)	Tok/s 46675 (53841)	Loss/tok 3.6956 (5.8511)	LR 2.000e-03
0: TRAIN [0][760/1938]	Time 0.223 (0.265)	Data 1.42e-04 (1.24e-03)	Tok/s 46737 (53862)	Loss/tok 3.7460 (5.8268)	LR 2.000e-03
0: TRAIN [0][770/1938]	Time 0.222 (0.266)	Data 1.55e-04 (1.23e-03)	Tok/s 46101 (53894)	Loss/tok 3.7263 (5.8015)	LR 2.000e-03
0: TRAIN [0][780/1938]	Time 0.219 (0.265)	Data 1.51e-04 (1.21e-03)	Tok/s 47764 (53871)	Loss/tok 3.7442 (5.7802)	LR 2.000e-03
0: TRAIN [0][790/1938]	Time 0.282 (0.265)	Data 1.73e-04 (1.20e-03)	Tok/s 60159 (53878)	Loss/tok 3.9367 (5.7576)	LR 2.000e-03
0: TRAIN [0][800/1938]	Time 0.281 (0.265)	Data 1.30e-04 (1.18e-03)	Tok/s 61010 (53897)	Loss/tok 3.9460 (5.7345)	LR 2.000e-03
0: TRAIN [0][810/1938]	Time 0.166 (0.265)	Data 1.44e-04 (1.17e-03)	Tok/s 31023 (53818)	Loss/tok 3.1179 (5.7167)	LR 2.000e-03
0: TRAIN [0][820/1938]	Time 0.279 (0.265)	Data 1.26e-04 (1.16e-03)	Tok/s 60865 (53789)	Loss/tok 3.8808 (5.6970)	LR 2.000e-03
0: TRAIN [0][830/1938]	Time 0.418 (0.265)	Data 1.31e-04 (1.15e-03)	Tok/s 71836 (53845)	Loss/tok 4.3312 (5.6734)	LR 2.000e-03
0: TRAIN [0][840/1938]	Time 0.221 (0.265)	Data 1.49e-04 (1.14e-03)	Tok/s 45988 (53834)	Loss/tok 3.7629 (5.6538)	LR 2.000e-03
0: TRAIN [0][850/1938]	Time 0.345 (0.265)	Data 1.43e-04 (1.12e-03)	Tok/s 68065 (53827)	Loss/tok 4.0252 (5.6332)	LR 2.000e-03
0: TRAIN [0][860/1938]	Time 0.223 (0.265)	Data 1.72e-04 (1.11e-03)	Tok/s 45501 (53805)	Loss/tok 3.6295 (5.6140)	LR 2.000e-03
0: TRAIN [0][870/1938]	Time 0.283 (0.265)	Data 1.44e-04 (1.10e-03)	Tok/s 59389 (53822)	Loss/tok 3.8902 (5.5939)	LR 2.000e-03
0: TRAIN [0][880/1938]	Time 0.168 (0.265)	Data 1.43e-04 (1.09e-03)	Tok/s 32085 (53810)	Loss/tok 3.1279 (5.5755)	LR 2.000e-03
0: TRAIN [0][890/1938]	Time 0.281 (0.264)	Data 1.45e-04 (1.08e-03)	Tok/s 59592 (53819)	Loss/tok 3.8913 (5.5563)	LR 2.000e-03
0: TRAIN [0][900/1938]	Time 0.280 (0.265)	Data 1.54e-04 (1.07e-03)	Tok/s 59853 (53821)	Loss/tok 3.8961 (5.5376)	LR 2.000e-03
0: TRAIN [0][910/1938]	Time 0.166 (0.265)	Data 1.66e-04 (1.06e-03)	Tok/s 31121 (53817)	Loss/tok 2.9856 (5.5192)	LR 2.000e-03
0: TRAIN [0][920/1938]	Time 0.218 (0.264)	Data 1.29e-04 (1.05e-03)	Tok/s 45959 (53801)	Loss/tok 3.7397 (5.5027)	LR 2.000e-03
0: TRAIN [0][930/1938]	Time 0.166 (0.264)	Data 1.59e-04 (1.04e-03)	Tok/s 32465 (53806)	Loss/tok 3.0233 (5.4853)	LR 2.000e-03
0: TRAIN [0][940/1938]	Time 0.221 (0.264)	Data 1.41e-04 (1.03e-03)	Tok/s 47351 (53798)	Loss/tok 3.6104 (5.4684)	LR 2.000e-03
0: TRAIN [0][950/1938]	Time 0.222 (0.265)	Data 1.48e-04 (1.02e-03)	Tok/s 46702 (53860)	Loss/tok 3.6241 (5.4488)	LR 2.000e-03
0: TRAIN [0][960/1938]	Time 0.281 (0.264)	Data 1.35e-04 (1.01e-03)	Tok/s 59287 (53847)	Loss/tok 3.9398 (5.4331)	LR 2.000e-03
0: TRAIN [0][970/1938]	Time 0.221 (0.264)	Data 1.39e-04 (1.00e-03)	Tok/s 46666 (53832)	Loss/tok 3.5504 (5.4176)	LR 2.000e-03
0: TRAIN [0][980/1938]	Time 0.220 (0.264)	Data 1.37e-04 (9.94e-04)	Tok/s 46879 (53813)	Loss/tok 3.6936 (5.4025)	LR 2.000e-03
0: TRAIN [0][990/1938]	Time 0.282 (0.264)	Data 1.39e-04 (9.86e-04)	Tok/s 59114 (53766)	Loss/tok 3.7431 (5.3884)	LR 2.000e-03
0: TRAIN [0][1000/1938]	Time 0.220 (0.264)	Data 1.17e-04 (9.78e-04)	Tok/s 47485 (53741)	Loss/tok 3.5700 (5.3736)	LR 2.000e-03
0: TRAIN [0][1010/1938]	Time 0.280 (0.263)	Data 1.71e-04 (9.70e-04)	Tok/s 59941 (53711)	Loss/tok 3.8578 (5.3597)	LR 2.000e-03
0: TRAIN [0][1020/1938]	Time 0.219 (0.263)	Data 1.29e-04 (9.62e-04)	Tok/s 46772 (53657)	Loss/tok 3.4710 (5.3466)	LR 2.000e-03
0: TRAIN [0][1030/1938]	Time 0.281 (0.263)	Data 1.48e-04 (9.54e-04)	Tok/s 58582 (53624)	Loss/tok 3.7935 (5.3330)	LR 2.000e-03
0: TRAIN [0][1040/1938]	Time 0.280 (0.263)	Data 1.31e-04 (9.46e-04)	Tok/s 60146 (53627)	Loss/tok 3.8587 (5.3183)	LR 2.000e-03
0: TRAIN [0][1050/1938]	Time 0.282 (0.263)	Data 1.41e-04 (9.38e-04)	Tok/s 60272 (53676)	Loss/tok 3.7875 (5.3020)	LR 2.000e-03
Gradient overflow.  Skipping step, loss scaler 0 reducing loss scale to 1024.0
Gradient overflow.  Skipping step, loss scaler 0 reducing loss scale to 1024.0
Gradient overflow.  Skipping step, loss scaler 0 reducing loss scale to 1024.0
Gradient overflow.  Skipping step, loss scaler 0 reducing loss scale to 1024.0
Gradient overflow.  Skipping step, loss scaler 0 reducing loss scale to 1024.0
Gradient overflow.  Skipping step, loss scaler 0 reducing loss scale to 1024.0
Gradient overflow.  Skipping step, loss scaler 0 reducing loss scale to 1024.0
Gradient overflow.  Skipping step, loss scaler 0 reducing loss scale to 1024.0
0: TRAIN [0][1060/1938]	Time 0.285 (0.263)	Data 1.29e-04 (9.31e-04)	Tok/s 58602 (53679)	Loss/tok 3.8869 (5.2876)	LR 2.000e-03
0: TRAIN [0][1070/1938]	Time 0.220 (0.263)	Data 1.34e-04 (9.23e-04)	Tok/s 47222 (53678)	Loss/tok 3.4855 (5.2737)	LR 2.000e-03
0: TRAIN [0][1080/1938]	Time 0.282 (0.263)	Data 1.24e-04 (9.16e-04)	Tok/s 59473 (53699)	Loss/tok 3.8826 (5.2595)	LR 2.000e-03
0: TRAIN [0][1090/1938]	Time 0.221 (0.263)	Data 1.56e-04 (9.09e-04)	Tok/s 46805 (53701)	Loss/tok 3.4658 (5.2460)	LR 2.000e-03
0: TRAIN [0][1100/1938]	Time 0.279 (0.263)	Data 1.47e-04 (9.02e-04)	Tok/s 60188 (53682)	Loss/tok 3.7611 (5.2335)	LR 2.000e-03
0: TRAIN [0][1110/1938]	Time 0.343 (0.263)	Data 1.38e-04 (8.95e-04)	Tok/s 67971 (53684)	Loss/tok 3.9356 (5.2202)	LR 2.000e-03
0: TRAIN [0][1120/1938]	Time 0.342 (0.263)	Data 1.08e-04 (8.88e-04)	Tok/s 68036 (53691)	Loss/tok 4.0176 (5.2068)	LR 2.000e-03
0: TRAIN [0][1130/1938]	Time 0.278 (0.263)	Data 1.61e-04 (8.82e-04)	Tok/s 60139 (53692)	Loss/tok 3.7764 (5.1940)	LR 2.000e-03
0: TRAIN [0][1140/1938]	Time 0.341 (0.263)	Data 1.43e-04 (8.75e-04)	Tok/s 68727 (53692)	Loss/tok 3.9746 (5.1815)	LR 2.000e-03
0: TRAIN [0][1150/1938]	Time 0.222 (0.263)	Data 1.07e-04 (8.69e-04)	Tok/s 45944 (53688)	Loss/tok 3.5510 (5.1693)	LR 2.000e-03
0: TRAIN [0][1160/1938]	Time 0.284 (0.263)	Data 1.26e-04 (8.62e-04)	Tok/s 58871 (53712)	Loss/tok 3.6523 (5.1563)	LR 2.000e-03
0: TRAIN [0][1170/1938]	Time 0.281 (0.263)	Data 1.21e-04 (8.56e-04)	Tok/s 59436 (53685)	Loss/tok 3.6989 (5.1453)	LR 2.000e-03
0: TRAIN [0][1180/1938]	Time 0.282 (0.263)	Data 1.23e-04 (8.50e-04)	Tok/s 59337 (53702)	Loss/tok 3.7398 (5.1329)	LR 2.000e-03
0: TRAIN [0][1190/1938]	Time 0.281 (0.263)	Data 1.54e-04 (8.44e-04)	Tok/s 61331 (53686)	Loss/tok 3.7487 (5.1216)	LR 2.000e-03
0: TRAIN [0][1200/1938]	Time 0.220 (0.262)	Data 1.75e-04 (8.38e-04)	Tok/s 47155 (53626)	Loss/tok 3.4657 (5.1121)	LR 2.000e-03
0: TRAIN [0][1210/1938]	Time 0.281 (0.262)	Data 1.37e-04 (8.33e-04)	Tok/s 58937 (53640)	Loss/tok 3.6572 (5.0999)	LR 2.000e-03
0: TRAIN [0][1220/1938]	Time 0.165 (0.263)	Data 1.53e-04 (8.27e-04)	Tok/s 31843 (53647)	Loss/tok 2.9265 (5.0884)	LR 2.000e-03
0: TRAIN [0][1230/1938]	Time 0.222 (0.262)	Data 1.38e-04 (8.22e-04)	Tok/s 45862 (53639)	Loss/tok 3.4621 (5.0776)	LR 2.000e-03
0: TRAIN [0][1240/1938]	Time 0.281 (0.262)	Data 2.06e-04 (8.16e-04)	Tok/s 59240 (53633)	Loss/tok 3.6896 (5.0666)	LR 2.000e-03
0: TRAIN [0][1250/1938]	Time 0.281 (0.262)	Data 1.49e-04 (8.11e-04)	Tok/s 59661 (53627)	Loss/tok 3.6788 (5.0558)	LR 2.000e-03
0: TRAIN [0][1260/1938]	Time 0.223 (0.262)	Data 1.49e-04 (8.05e-04)	Tok/s 46931 (53573)	Loss/tok 3.4157 (5.0466)	LR 2.000e-03
Gradient overflow.  Skipping step, loss scaler 0 reducing loss scale to 1024.0
Gradient overflow.  Skipping step, loss scaler 0 reducing loss scale to 1024.0
Gradient overflow.  Skipping step, loss scaler 0 reducing loss scale to 1024.0
Gradient overflow.  Skipping step, loss scaler 0 reducing loss scale to 1024.0
Gradient overflow.  Skipping step, loss scaler 0 reducing loss scale to 1024.0
Gradient overflow.  Skipping step, loss scaler 0 reducing loss scale to 1024.0
Gradient overflow.  Skipping step, loss scaler 0 reducing loss scale to 1024.0
Gradient overflow.  Skipping step, loss scaler 0 reducing loss scale to 1024.0
0: TRAIN [0][1270/1938]	Time 0.223 (0.262)	Data 1.36e-04 (8.00e-04)	Tok/s 46612 (53570)	Loss/tok 3.4602 (5.0359)	LR 2.000e-03
0: TRAIN [0][1280/1938]	Time 0.219 (0.262)	Data 1.51e-04 (7.95e-04)	Tok/s 46694 (53541)	Loss/tok 3.3257 (5.0264)	LR 2.000e-03
0: TRAIN [0][1290/1938]	Time 0.168 (0.262)	Data 1.21e-04 (7.90e-04)	Tok/s 31985 (53522)	Loss/tok 2.9964 (5.0162)	LR 2.000e-03
0: TRAIN [0][1300/1938]	Time 0.220 (0.262)	Data 1.38e-04 (7.85e-04)	Tok/s 46085 (53552)	Loss/tok 3.4892 (5.0050)	LR 2.000e-03
0: TRAIN [0][1310/1938]	Time 0.284 (0.262)	Data 1.33e-04 (7.80e-04)	Tok/s 58770 (53533)	Loss/tok 3.8088 (4.9957)	LR 2.000e-03
0: TRAIN [0][1320/1938]	Time 0.280 (0.262)	Data 1.77e-04 (7.76e-04)	Tok/s 59594 (53532)	Loss/tok 3.8502 (4.9861)	LR 2.000e-03
0: TRAIN [0][1330/1938]	Time 0.343 (0.262)	Data 1.46e-04 (7.71e-04)	Tok/s 67825 (53555)	Loss/tok 3.9127 (4.9756)	LR 2.000e-03
0: TRAIN [0][1340/1938]	Time 0.412 (0.262)	Data 1.84e-04 (7.66e-04)	Tok/s 72451 (53542)	Loss/tok 4.1571 (4.9665)	LR 2.000e-03
0: TRAIN [0][1350/1938]	Time 0.340 (0.262)	Data 1.54e-04 (7.62e-04)	Tok/s 68259 (53575)	Loss/tok 3.9048 (4.9562)	LR 2.000e-03
0: TRAIN [0][1360/1938]	Time 0.219 (0.262)	Data 1.29e-04 (7.57e-04)	Tok/s 47660 (53520)	Loss/tok 3.3594 (4.9483)	LR 2.000e-03
0: TRAIN [0][1370/1938]	Time 0.218 (0.262)	Data 1.32e-04 (7.52e-04)	Tok/s 46919 (53490)	Loss/tok 3.4741 (4.9395)	LR 2.000e-03
0: TRAIN [0][1380/1938]	Time 0.280 (0.262)	Data 1.56e-04 (7.48e-04)	Tok/s 59518 (53499)	Loss/tok 3.7473 (4.9301)	LR 2.000e-03
0: TRAIN [0][1390/1938]	Time 0.283 (0.262)	Data 1.24e-04 (7.44e-04)	Tok/s 59719 (53518)	Loss/tok 3.7966 (4.9207)	LR 2.000e-03
0: TRAIN [0][1400/1938]	Time 0.222 (0.262)	Data 1.78e-04 (7.39e-04)	Tok/s 46691 (53539)	Loss/tok 3.3808 (4.9112)	LR 2.000e-03
0: TRAIN [0][1410/1938]	Time 0.281 (0.262)	Data 1.65e-04 (7.35e-04)	Tok/s 60117 (53517)	Loss/tok 3.6745 (4.9030)	LR 2.000e-03
0: TRAIN [0][1420/1938]	Time 0.220 (0.262)	Data 1.76e-04 (7.31e-04)	Tok/s 47064 (53524)	Loss/tok 3.4618 (4.8941)	LR 2.000e-03
0: TRAIN [0][1430/1938]	Time 0.281 (0.262)	Data 1.36e-04 (7.27e-04)	Tok/s 59713 (53528)	Loss/tok 3.6724 (4.8852)	LR 2.000e-03
0: TRAIN [0][1440/1938]	Time 0.223 (0.262)	Data 1.53e-04 (7.23e-04)	Tok/s 46157 (53521)	Loss/tok 3.3651 (4.8768)	LR 2.000e-03
0: TRAIN [0][1450/1938]	Time 0.283 (0.262)	Data 1.48e-04 (7.19e-04)	Tok/s 59321 (53506)	Loss/tok 3.6499 (4.8688)	LR 2.000e-03
0: TRAIN [0][1460/1938]	Time 0.282 (0.262)	Data 1.62e-04 (7.15e-04)	Tok/s 59580 (53520)	Loss/tok 3.6746 (4.8598)	LR 2.000e-03
0: TRAIN [0][1470/1938]	Time 0.280 (0.262)	Data 1.46e-04 (7.11e-04)	Tok/s 59774 (53524)	Loss/tok 3.6303 (4.8509)	LR 2.000e-03
0: TRAIN [0][1480/1938]	Time 0.342 (0.262)	Data 1.23e-04 (7.07e-04)	Tok/s 68603 (53493)	Loss/tok 3.8253 (4.8437)	LR 2.000e-03
0: TRAIN [0][1490/1938]	Time 0.221 (0.262)	Data 1.22e-04 (7.04e-04)	Tok/s 47348 (53511)	Loss/tok 3.3879 (4.8351)	LR 2.000e-03
0: TRAIN [0][1500/1938]	Time 0.285 (0.262)	Data 1.53e-04 (7.00e-04)	Tok/s 59412 (53515)	Loss/tok 3.5748 (4.8268)	LR 2.000e-03
0: TRAIN [0][1510/1938]	Time 0.286 (0.262)	Data 1.15e-04 (6.96e-04)	Tok/s 58606 (53523)	Loss/tok 3.6403 (4.8186)	LR 2.000e-03
0: TRAIN [0][1520/1938]	Time 0.218 (0.262)	Data 1.29e-04 (6.93e-04)	Tok/s 46666 (53551)	Loss/tok 3.4739 (4.8098)	LR 2.000e-03
0: TRAIN [0][1530/1938]	Time 0.279 (0.262)	Data 1.08e-04 (6.89e-04)	Tok/s 59619 (53523)	Loss/tok 3.5713 (4.8028)	LR 2.000e-03
0: TRAIN [0][1540/1938]	Time 0.222 (0.262)	Data 1.16e-04 (6.86e-04)	Tok/s 46613 (53486)	Loss/tok 3.3044 (4.7962)	LR 2.000e-03
0: TRAIN [0][1550/1938]	Time 0.282 (0.262)	Data 1.07e-04 (6.82e-04)	Tok/s 59096 (53493)	Loss/tok 3.5535 (4.7881)	LR 2.000e-03
0: TRAIN [0][1560/1938]	Time 0.281 (0.262)	Data 9.49e-05 (6.79e-04)	Tok/s 59481 (53489)	Loss/tok 3.7123 (4.7808)	LR 2.000e-03
Gradient overflow.  Skipping step, loss scaler 0 reducing loss scale to 2048.0
Gradient overflow.  Skipping step, loss scaler 0 reducing loss scale to 2048.0
Gradient overflow.  Skipping step, loss scaler 0 reducing loss scale to 2048.0
Gradient overflow.  Skipping step, loss scaler 0 reducing loss scale to 2048.0
Gradient overflow.  Skipping step, loss scaler 0 reducing loss scale to 2048.0
Gradient overflow.  Skipping step, loss scaler 0 reducing loss scale to 2048.0
Gradient overflow.  Skipping step, loss scaler 0 reducing loss scale to 2048.0
Gradient overflow.  Skipping step, loss scaler 0 reducing loss scale to 2048.0
0: TRAIN [0][1570/1938]	Time 0.220 (0.261)	Data 1.32e-04 (6.75e-04)	Tok/s 46663 (53462)	Loss/tok 3.2862 (4.7741)	LR 2.000e-03
0: TRAIN [0][1580/1938]	Time 0.164 (0.261)	Data 1.09e-04 (6.72e-04)	Tok/s 32555 (53455)	Loss/tok 2.8406 (4.7671)	LR 2.000e-03
0: TRAIN [0][1590/1938]	Time 0.220 (0.261)	Data 1.12e-04 (6.68e-04)	Tok/s 46441 (53461)	Loss/tok 3.3597 (4.7600)	LR 2.000e-03
0: TRAIN [0][1600/1938]	Time 0.343 (0.261)	Data 1.40e-04 (6.65e-04)	Tok/s 67556 (53464)	Loss/tok 3.8392 (4.7531)	LR 2.000e-03
0: TRAIN [0][1610/1938]	Time 0.221 (0.262)	Data 1.31e-04 (6.61e-04)	Tok/s 46882 (53478)	Loss/tok 3.2689 (4.7454)	LR 2.000e-03
0: TRAIN [0][1620/1938]	Time 0.222 (0.262)	Data 1.29e-04 (6.58e-04)	Tok/s 45679 (53486)	Loss/tok 3.3516 (4.7383)	LR 2.000e-03
0: TRAIN [0][1630/1938]	Time 0.166 (0.261)	Data 9.80e-05 (6.55e-04)	Tok/s 32550 (53460)	Loss/tok 2.8099 (4.7320)	LR 2.000e-03
0: TRAIN [0][1640/1938]	Time 0.280 (0.261)	Data 1.61e-04 (6.51e-04)	Tok/s 59342 (53480)	Loss/tok 3.6888 (4.7244)	LR 2.000e-03
0: TRAIN [0][1650/1938]	Time 0.222 (0.262)	Data 1.42e-04 (6.48e-04)	Tok/s 45618 (53495)	Loss/tok 3.2127 (4.7170)	LR 2.000e-03
0: TRAIN [0][1660/1938]	Time 0.168 (0.262)	Data 9.11e-05 (6.45e-04)	Tok/s 31813 (53495)	Loss/tok 2.8665 (4.7100)	LR 2.000e-03
0: TRAIN [0][1670/1938]	Time 0.281 (0.261)	Data 1.08e-04 (6.42e-04)	Tok/s 58956 (53455)	Loss/tok 3.6924 (4.7042)	LR 2.000e-03
0: TRAIN [0][1680/1938]	Time 0.280 (0.261)	Data 1.24e-04 (6.39e-04)	Tok/s 60448 (53459)	Loss/tok 3.6836 (4.6975)	LR 2.000e-03
0: TRAIN [0][1690/1938]	Time 0.220 (0.261)	Data 1.01e-04 (6.36e-04)	Tok/s 47803 (53437)	Loss/tok 3.4023 (4.6913)	LR 2.000e-03
0: TRAIN [0][1700/1938]	Time 0.221 (0.261)	Data 3.85e-04 (6.33e-04)	Tok/s 47847 (53392)	Loss/tok 3.3023 (4.6861)	LR 2.000e-03
0: TRAIN [0][1710/1938]	Time 0.222 (0.261)	Data 1.67e-04 (6.30e-04)	Tok/s 45660 (53382)	Loss/tok 3.2032 (4.6798)	LR 2.000e-03
0: TRAIN [0][1720/1938]	Time 0.219 (0.261)	Data 1.11e-04 (6.27e-04)	Tok/s 46388 (53381)	Loss/tok 3.3915 (4.6738)	LR 2.000e-03
Gradient overflow.  Skipping step, loss scaler 0 reducing loss scale to 2048.0
Gradient overflow.  Skipping step, loss scaler 0 reducing loss scale to 2048.0
Gradient overflow.  Skipping step, loss scaler 0 reducing loss scale to 2048.0
Gradient overflow.  Skipping step, loss scaler 0 reducing loss scale to 2048.0
Gradient overflow.  Skipping step, loss scaler 0 reducing loss scale to 2048.0
Gradient overflow.  Skipping step, loss scaler 0 reducing loss scale to 2048.0
Gradient overflow.  Skipping step, loss scaler 0 reducing loss scale to 2048.0
Gradient overflow.  Skipping step, loss scaler 0 reducing loss scale to 2048.0
0: TRAIN [0][1730/1938]	Time 0.280 (0.261)	Data 1.45e-04 (6.24e-04)	Tok/s 59531 (53421)	Loss/tok 3.6107 (4.6666)	LR 2.000e-03
0: TRAIN [0][1740/1938]	Time 0.222 (0.261)	Data 9.80e-05 (6.22e-04)	Tok/s 46479 (53407)	Loss/tok 3.3839 (4.6608)	LR 2.000e-03
0: TRAIN [0][1750/1938]	Time 0.415 (0.261)	Data 1.00e-04 (6.19e-04)	Tok/s 71953 (53436)	Loss/tok 4.0651 (4.6540)	LR 2.000e-03
0: TRAIN [0][1760/1938]	Time 0.221 (0.261)	Data 1.04e-04 (6.16e-04)	Tok/s 46623 (53436)	Loss/tok 3.3646 (4.6478)	LR 2.000e-03
0: TRAIN [0][1770/1938]	Time 0.282 (0.261)	Data 1.10e-04 (6.13e-04)	Tok/s 59473 (53460)	Loss/tok 3.5105 (4.6412)	LR 2.000e-03
0: TRAIN [0][1780/1938]	Time 0.220 (0.262)	Data 1.25e-04 (6.10e-04)	Tok/s 46681 (53481)	Loss/tok 3.3435 (4.6348)	LR 2.000e-03
0: TRAIN [0][1790/1938]	Time 0.222 (0.261)	Data 1.07e-04 (6.08e-04)	Tok/s 47059 (53472)	Loss/tok 3.2522 (4.6292)	LR 2.000e-03
0: TRAIN [0][1800/1938]	Time 0.342 (0.261)	Data 1.16e-04 (6.05e-04)	Tok/s 68256 (53467)	Loss/tok 3.8358 (4.6234)	LR 2.000e-03
0: TRAIN [0][1810/1938]	Time 0.220 (0.261)	Data 1.03e-04 (6.02e-04)	Tok/s 46246 (53466)	Loss/tok 3.3276 (4.6175)	LR 2.000e-03
0: TRAIN [0][1820/1938]	Time 0.222 (0.261)	Data 1.29e-04 (6.00e-04)	Tok/s 46419 (53439)	Loss/tok 3.3610 (4.6123)	LR 2.000e-03
0: TRAIN [0][1830/1938]	Time 0.221 (0.261)	Data 1.15e-04 (5.97e-04)	Tok/s 47214 (53418)	Loss/tok 3.4144 (4.6071)	LR 2.000e-03
0: TRAIN [0][1840/1938]	Time 0.165 (0.261)	Data 1.29e-04 (5.94e-04)	Tok/s 31512 (53429)	Loss/tok 2.9054 (4.6012)	LR 2.000e-03
0: TRAIN [0][1850/1938]	Time 0.343 (0.261)	Data 1.02e-04 (5.92e-04)	Tok/s 67420 (53438)	Loss/tok 3.7352 (4.5954)	LR 2.000e-03
0: TRAIN [0][1860/1938]	Time 0.281 (0.262)	Data 1.07e-04 (5.89e-04)	Tok/s 60593 (53467)	Loss/tok 3.4330 (4.5892)	LR 2.000e-03
0: TRAIN [0][1870/1938]	Time 0.283 (0.262)	Data 1.04e-04 (5.87e-04)	Tok/s 59313 (53468)	Loss/tok 3.4858 (4.5835)	LR 2.000e-03
0: TRAIN [0][1880/1938]	Time 0.282 (0.262)	Data 1.39e-04 (5.84e-04)	Tok/s 58982 (53476)	Loss/tok 3.6253 (4.5776)	LR 2.000e-03
0: TRAIN [0][1890/1938]	Time 0.283 (0.262)	Data 1.03e-04 (5.82e-04)	Tok/s 59662 (53468)	Loss/tok 3.6775 (4.5726)	LR 2.000e-03
0: TRAIN [0][1900/1938]	Time 0.164 (0.262)	Data 1.07e-04 (5.79e-04)	Tok/s 31874 (53470)	Loss/tok 2.8156 (4.5673)	LR 2.000e-03
0: TRAIN [0][1910/1938]	Time 0.281 (0.262)	Data 1.08e-04 (5.77e-04)	Tok/s 59027 (53492)	Loss/tok 3.6175 (4.5616)	LR 2.000e-03
0: TRAIN [0][1920/1938]	Time 0.165 (0.262)	Data 1.08e-04 (5.75e-04)	Tok/s 31318 (53488)	Loss/tok 2.7519 (4.5563)	LR 2.000e-03
0: TRAIN [0][1930/1938]	Time 0.282 (0.261)	Data 1.13e-04 (5.72e-04)	Tok/s 59891 (53479)	Loss/tok 3.5853 (4.5512)	LR 2.000e-03
:::MLL 1582054896.087 epoch_stop: {"value": null, "metadata": {"epoch_num": 1, "file": "train.py", "lineno": 525}}
:::MLL 1582054896.087 eval_start: {"value": null, "metadata": {"epoch_num": 1, "file": "train.py", "lineno": 530}}
0: Running evaluation on test set
0: TEST [0][0/3]	Time 0.719 (0.719)	Decoder iters 149.0 (149.0)	Tok/s 22453 (22453)
0: Running moses detokenizer
0: BLEU(score=20.069800523301762, counts=[33996, 15695, 8412, 4685], totals=[63471, 60468, 57466, 54467], precisions=[53.561469017346504, 25.95587748891976, 14.63822086103087, 8.601538546275727], bp=0.9811940326619873, sys_len=63471, ref_len=64676)
0: Finished evaluation on test set
:::MLL 1582054898.015 eval_accuracy: {"value": 20.07, "metadata": {"epoch_num": 1, "file": "train.py", "lineno": 536}}
:::MLL 1582054898.015 eval_stop: {"value": null, "metadata": {"epoch_num": 1, "file": "train.py", "lineno": 539}}
0: Summary: Epoch: 0	Training Loss: 4.5463	Test BLEU: 20.07
0: Performance: Epoch: 0	Training: 427742 Tok/s
0: Finished epoch 0
:::MLL 1582054898.016 block_stop: {"value": null, "metadata": {"first_epoch_num": 1, "file": "train.py", "lineno": 558}}
:::MLL 1582054898.016 block_start: {"value": null, "metadata": {"first_epoch_num": 2, "epoch_count": 1, "file": "train.py", "lineno": 512}}
:::MLL 1582054898.016 epoch_start: {"value": null, "metadata": {"epoch_num": 2, "file": "train.py", "lineno": 515}}
0: Starting epoch 1
0: Executing preallocation
0: Sampler for epoch 1 uses seed 3155171160
Gradient overflow.  Skipping step, loss scaler 0 reducing loss scale to 2048.0
Gradient overflow.  Skipping step, loss scaler 0 reducing loss scale to 2048.0
Gradient overflow.  Skipping step, loss scaler 0 reducing loss scale to 2048.0
Gradient overflow.  Skipping step, loss scaler 0 reducing loss scale to 2048.0
Gradient overflow.  Skipping step, loss scaler 0 reducing loss scale to 2048.0
Gradient overflow.  Skipping step, loss scaler 0 reducing loss scale to 2048.0
Gradient overflow.  Skipping step, loss scaler 0 reducing loss scale to 2048.0
0: TRAIN [1][0/1938]	Time 0.877 (0.877)	Data 6.89e-01 (6.89e-01)	Tok/s 6065 (6065)	Loss/tok 2.7364 (2.7364)	LR 2.000e-03
Gradient overflow.  Skipping step, loss scaler 0 reducing loss scale to 2048.0
0: TRAIN [1][10/1938]	Time 0.281 (0.292)	Data 1.08e-04 (6.28e-02)	Tok/s 59579 (44947)	Loss/tok 3.5098 (3.2909)	LR 2.000e-03
0: TRAIN [1][20/1938]	Time 0.341 (0.287)	Data 1.27e-04 (3.29e-02)	Tok/s 68107 (50544)	Loss/tok 3.7078 (3.4375)	LR 2.000e-03
0: TRAIN [1][30/1938]	Time 0.413 (0.282)	Data 1.08e-04 (2.24e-02)	Tok/s 72785 (51778)	Loss/tok 3.7258 (3.4681)	LR 2.000e-03
0: TRAIN [1][40/1938]	Time 0.217 (0.274)	Data 1.08e-04 (1.70e-02)	Tok/s 47494 (51640)	Loss/tok 3.2814 (3.4494)	LR 2.000e-03
0: TRAIN [1][50/1938]	Time 0.345 (0.272)	Data 1.63e-04 (1.37e-02)	Tok/s 68019 (52151)	Loss/tok 3.4857 (3.4468)	LR 2.000e-03
0: TRAIN [1][60/1938]	Time 0.412 (0.266)	Data 1.13e-04 (1.14e-02)	Tok/s 71778 (51666)	Loss/tok 3.9182 (3.4473)	LR 2.000e-03
0: TRAIN [1][70/1938]	Time 0.220 (0.267)	Data 1.14e-04 (9.85e-03)	Tok/s 47299 (52329)	Loss/tok 3.2241 (3.4521)	LR 2.000e-03
0: TRAIN [1][80/1938]	Time 0.221 (0.267)	Data 1.27e-04 (8.65e-03)	Tok/s 46237 (52816)	Loss/tok 3.2045 (3.4494)	LR 2.000e-03
0: TRAIN [1][90/1938]	Time 0.221 (0.266)	Data 1.39e-04 (7.71e-03)	Tok/s 46749 (52784)	Loss/tok 3.1275 (3.4416)	LR 2.000e-03
0: TRAIN [1][100/1938]	Time 0.282 (0.265)	Data 1.40e-04 (6.96e-03)	Tok/s 59260 (52968)	Loss/tok 3.3664 (3.4403)	LR 2.000e-03
0: TRAIN [1][110/1938]	Time 0.341 (0.265)	Data 1.63e-04 (6.35e-03)	Tok/s 68578 (53000)	Loss/tok 3.6863 (3.4480)	LR 2.000e-03
0: TRAIN [1][120/1938]	Time 0.223 (0.267)	Data 1.28e-04 (5.83e-03)	Tok/s 46275 (53353)	Loss/tok 3.2031 (3.4549)	LR 2.000e-03
0: TRAIN [1][130/1938]	Time 0.281 (0.266)	Data 1.33e-04 (5.40e-03)	Tok/s 59968 (53464)	Loss/tok 3.5069 (3.4531)	LR 2.000e-03
0: TRAIN [1][140/1938]	Time 0.340 (0.266)	Data 1.21e-04 (5.02e-03)	Tok/s 68946 (53445)	Loss/tok 3.7259 (3.4534)	LR 2.000e-03
0: TRAIN [1][150/1938]	Time 0.222 (0.263)	Data 1.18e-04 (4.70e-03)	Tok/s 47051 (53122)	Loss/tok 3.2428 (3.4463)	LR 2.000e-03
0: TRAIN [1][160/1938]	Time 0.222 (0.263)	Data 1.14e-04 (4.41e-03)	Tok/s 46702 (53227)	Loss/tok 3.2321 (3.4454)	LR 2.000e-03
0: TRAIN [1][170/1938]	Time 0.221 (0.265)	Data 1.05e-04 (4.16e-03)	Tok/s 46846 (53473)	Loss/tok 3.3617 (3.4525)	LR 2.000e-03
0: TRAIN [1][180/1938]	Time 0.417 (0.266)	Data 1.32e-04 (3.94e-03)	Tok/s 72077 (53794)	Loss/tok 3.7400 (3.4584)	LR 2.000e-03
0: TRAIN [1][190/1938]	Time 0.218 (0.266)	Data 1.23e-04 (3.74e-03)	Tok/s 47369 (53728)	Loss/tok 3.2094 (3.4592)	LR 2.000e-03
0: TRAIN [1][200/1938]	Time 0.281 (0.264)	Data 1.41e-04 (3.56e-03)	Tok/s 59694 (53519)	Loss/tok 3.5149 (3.4524)	LR 2.000e-03
0: TRAIN [1][210/1938]	Time 0.223 (0.264)	Data 1.36e-04 (3.40e-03)	Tok/s 45949 (53456)	Loss/tok 3.2304 (3.4505)	LR 2.000e-03
0: TRAIN [1][220/1938]	Time 0.168 (0.264)	Data 1.08e-04 (3.25e-03)	Tok/s 31201 (53521)	Loss/tok 2.8012 (3.4531)	LR 2.000e-03
0: TRAIN [1][230/1938]	Time 0.222 (0.264)	Data 1.33e-04 (3.12e-03)	Tok/s 46073 (53486)	Loss/tok 3.1785 (3.4504)	LR 2.000e-03
0: TRAIN [1][240/1938]	Time 0.166 (0.263)	Data 1.16e-04 (2.99e-03)	Tok/s 31631 (53340)	Loss/tok 2.7834 (3.4499)	LR 2.000e-03
0: TRAIN [1][250/1938]	Time 0.282 (0.265)	Data 1.13e-04 (2.88e-03)	Tok/s 59644 (53585)	Loss/tok 3.5200 (3.4558)	LR 2.000e-03
0: TRAIN [1][260/1938]	Time 0.282 (0.265)	Data 1.43e-04 (2.77e-03)	Tok/s 59751 (53723)	Loss/tok 3.3572 (3.4590)	LR 2.000e-03
0: TRAIN [1][270/1938]	Time 0.219 (0.264)	Data 1.35e-04 (2.67e-03)	Tok/s 47515 (53549)	Loss/tok 3.2338 (3.4562)	LR 2.000e-03
Gradient overflow.  Skipping step, loss scaler 0 reducing loss scale to 4096.0
Gradient overflow.  Skipping step, loss scaler 0 reducing loss scale to 4096.0
Gradient overflow.  Skipping step, loss scaler 0 reducing loss scale to 4096.0
Gradient overflow.  Skipping step, loss scaler 0 reducing loss scale to 4096.0
Gradient overflow.  Skipping step, loss scaler 0 reducing loss scale to 4096.0
Gradient overflow.  Skipping step, loss scaler 0 reducing loss scale to 4096.0
Gradient overflow.  Skipping step, loss scaler 0 reducing loss scale to 4096.0
Gradient overflow.  Skipping step, loss scaler 0 reducing loss scale to 4096.0
Gradient overflow.  Skipping step, loss scaler 0 reducing loss scale to 2048.0
Gradient overflow.  Skipping step, loss scaler 0 reducing loss scale to 2048.0
Gradient overflow.  Skipping step, loss scaler 0 reducing loss scale to 2048.0
Gradient overflow.  Skipping step, loss scaler 0 reducing loss scale to 2048.0
Gradient overflow.  Skipping step, loss scaler 0 reducing loss scale to 2048.0
Gradient overflow.  Skipping step, loss scaler 0 reducing loss scale to 2048.0
0: TRAIN [1][280/1938]	Time 0.342 (0.264)	Data 1.26e-04 (2.58e-03)	Tok/s 68381 (53466)	Loss/tok 3.5813 (3.4554)	LR 2.000e-03
Gradient overflow.  Skipping step, loss scaler 0 reducing loss scale to 2048.0
Gradient overflow.  Skipping step, loss scaler 0 reducing loss scale to 2048.0
0: TRAIN [1][290/1938]	Time 0.341 (0.264)	Data 1.41e-04 (2.50e-03)	Tok/s 68914 (53470)	Loss/tok 3.6661 (3.4550)	LR 2.000e-03
0: TRAIN [1][300/1938]	Time 0.284 (0.263)	Data 1.22e-04 (2.42e-03)	Tok/s 58952 (53329)	Loss/tok 3.4138 (3.4511)	LR 2.000e-03
0: TRAIN [1][310/1938]	Time 0.222 (0.262)	Data 1.22e-04 (2.35e-03)	Tok/s 46038 (53287)	Loss/tok 3.2312 (3.4490)	LR 2.000e-03
0: TRAIN [1][320/1938]	Time 0.220 (0.262)	Data 1.22e-04 (2.28e-03)	Tok/s 47083 (53214)	Loss/tok 3.2403 (3.4473)	LR 2.000e-03
0: TRAIN [1][330/1938]	Time 0.168 (0.262)	Data 1.16e-04 (2.21e-03)	Tok/s 31476 (53146)	Loss/tok 2.6904 (3.4479)	LR 2.000e-03
0: TRAIN [1][340/1938]	Time 0.283 (0.261)	Data 1.23e-04 (2.15e-03)	Tok/s 59094 (53104)	Loss/tok 3.5425 (3.4504)	LR 2.000e-03
0: TRAIN [1][350/1938]	Time 0.282 (0.262)	Data 1.71e-04 (2.09e-03)	Tok/s 59825 (53216)	Loss/tok 3.5382 (3.4512)	LR 2.000e-03
0: TRAIN [1][360/1938]	Time 0.222 (0.261)	Data 1.80e-04 (2.04e-03)	Tok/s 46603 (53166)	Loss/tok 3.3852 (3.4516)	LR 2.000e-03
0: TRAIN [1][370/1938]	Time 0.280 (0.262)	Data 1.32e-04 (1.99e-03)	Tok/s 59445 (53317)	Loss/tok 3.4110 (3.4520)	LR 2.000e-03
0: TRAIN [1][380/1938]	Time 0.284 (0.263)	Data 1.30e-04 (1.94e-03)	Tok/s 58970 (53430)	Loss/tok 3.5056 (3.4534)	LR 2.000e-03
0: TRAIN [1][390/1938]	Time 0.343 (0.262)	Data 1.17e-04 (1.89e-03)	Tok/s 68693 (53357)	Loss/tok 3.7431 (3.4527)	LR 2.000e-03
0: TRAIN [1][400/1938]	Time 0.165 (0.262)	Data 1.40e-04 (1.85e-03)	Tok/s 31819 (53257)	Loss/tok 2.6754 (3.4507)	LR 2.000e-03
0: TRAIN [1][410/1938]	Time 0.280 (0.262)	Data 1.07e-04 (1.81e-03)	Tok/s 60239 (53243)	Loss/tok 3.5071 (3.4520)	LR 2.000e-03
0: TRAIN [1][420/1938]	Time 0.280 (0.261)	Data 1.30e-04 (1.77e-03)	Tok/s 59883 (53167)	Loss/tok 3.4178 (3.4499)	LR 2.000e-03
0: TRAIN [1][430/1938]	Time 0.165 (0.261)	Data 1.23e-04 (1.73e-03)	Tok/s 31778 (53108)	Loss/tok 2.8166 (3.4490)	LR 2.000e-03
0: TRAIN [1][440/1938]	Time 0.344 (0.261)	Data 1.20e-04 (1.69e-03)	Tok/s 67937 (53241)	Loss/tok 3.6034 (3.4495)	LR 2.000e-03
Gradient overflow.  Skipping step, loss scaler 0 reducing loss scale to 2048.0
Gradient overflow.  Skipping step, loss scaler 0 reducing loss scale to 2048.0
Gradient overflow.  Skipping step, loss scaler 0 reducing loss scale to 2048.0
Gradient overflow.  Skipping step, loss scaler 0 reducing loss scale to 2048.0
Gradient overflow.  Skipping step, loss scaler 0 reducing loss scale to 2048.0
Gradient overflow.  Skipping step, loss scaler 0 reducing loss scale to 2048.0
Gradient overflow.  Skipping step, loss scaler 0 reducing loss scale to 2048.0
Gradient overflow.  Skipping step, loss scaler 0 reducing loss scale to 2048.0
0: TRAIN [1][450/1938]	Time 0.280 (0.262)	Data 1.27e-04 (1.66e-03)	Tok/s 60173 (53347)	Loss/tok 3.3923 (3.4520)	LR 2.000e-03
0: TRAIN [1][460/1938]	Time 0.223 (0.262)	Data 1.33e-04 (1.62e-03)	Tok/s 46079 (53384)	Loss/tok 3.3014 (3.4507)	LR 2.000e-03
0: TRAIN [1][470/1938]	Time 0.220 (0.262)	Data 1.24e-04 (1.59e-03)	Tok/s 47469 (53374)	Loss/tok 3.1951 (3.4504)	LR 2.000e-03
0: TRAIN [1][480/1938]	Time 0.221 (0.261)	Data 1.14e-04 (1.56e-03)	Tok/s 47607 (53315)	Loss/tok 3.2178 (3.4478)	LR 2.000e-03
0: TRAIN [1][490/1938]	Time 0.281 (0.261)	Data 1.31e-04 (1.53e-03)	Tok/s 59656 (53286)	Loss/tok 3.2771 (3.4456)	LR 2.000e-03
0: TRAIN [1][500/1938]	Time 0.222 (0.261)	Data 1.14e-04 (1.50e-03)	Tok/s 46452 (53181)	Loss/tok 3.1686 (3.4435)	LR 2.000e-03
0: TRAIN [1][510/1938]	Time 0.284 (0.261)	Data 1.32e-04 (1.48e-03)	Tok/s 59044 (53249)	Loss/tok 3.5579 (3.4444)	LR 2.000e-03
0: TRAIN [1][520/1938]	Time 0.163 (0.260)	Data 1.30e-04 (1.45e-03)	Tok/s 31759 (53130)	Loss/tok 2.6665 (3.4437)	LR 2.000e-03
0: TRAIN [1][530/1938]	Time 0.166 (0.260)	Data 1.15e-04 (1.43e-03)	Tok/s 31394 (53130)	Loss/tok 2.7864 (3.4429)	LR 2.000e-03
0: TRAIN [1][540/1938]	Time 0.220 (0.260)	Data 1.55e-04 (1.40e-03)	Tok/s 46050 (53099)	Loss/tok 3.2050 (3.4431)	LR 2.000e-03
0: TRAIN [1][550/1938]	Time 0.219 (0.260)	Data 1.17e-04 (1.38e-03)	Tok/s 47133 (53078)	Loss/tok 3.2079 (3.4438)	LR 2.000e-03
0: TRAIN [1][560/1938]	Time 0.280 (0.260)	Data 1.45e-04 (1.36e-03)	Tok/s 59678 (53112)	Loss/tok 3.4424 (3.4438)	LR 2.000e-03
0: TRAIN [1][570/1938]	Time 0.221 (0.261)	Data 1.20e-04 (1.34e-03)	Tok/s 45926 (53199)	Loss/tok 3.1770 (3.4446)	LR 2.000e-03
0: TRAIN [1][580/1938]	Time 0.283 (0.261)	Data 1.56e-04 (1.31e-03)	Tok/s 59344 (53261)	Loss/tok 3.4857 (3.4457)	LR 2.000e-03
0: TRAIN [1][590/1938]	Time 0.282 (0.261)	Data 1.25e-04 (1.29e-03)	Tok/s 60294 (53216)	Loss/tok 3.3269 (3.4443)	LR 2.000e-03
0: TRAIN [1][600/1938]	Time 0.342 (0.262)	Data 1.22e-04 (1.27e-03)	Tok/s 68051 (53319)	Loss/tok 3.6572 (3.4483)	LR 2.000e-03
0: TRAIN [1][610/1938]	Time 0.279 (0.262)	Data 1.15e-04 (1.26e-03)	Tok/s 60163 (53408)	Loss/tok 3.5618 (3.4503)	LR 2.000e-03
0: TRAIN [1][620/1938]	Time 0.167 (0.262)	Data 1.13e-04 (1.24e-03)	Tok/s 32011 (53381)	Loss/tok 2.6679 (3.4482)	LR 2.000e-03
0: TRAIN [1][630/1938]	Time 0.285 (0.262)	Data 1.22e-04 (1.22e-03)	Tok/s 59039 (53401)	Loss/tok 3.3858 (3.4471)	LR 2.000e-03
0: TRAIN [1][640/1938]	Time 0.219 (0.261)	Data 1.32e-04 (1.20e-03)	Tok/s 47163 (53294)	Loss/tok 3.0979 (3.4447)	LR 2.000e-03
0: TRAIN [1][650/1938]	Time 0.278 (0.261)	Data 1.34e-04 (1.19e-03)	Tok/s 60209 (53300)	Loss/tok 3.3731 (3.4443)	LR 2.000e-03
0: TRAIN [1][660/1938]	Time 0.218 (0.261)	Data 1.26e-04 (1.17e-03)	Tok/s 47899 (53275)	Loss/tok 3.2125 (3.4438)	LR 2.000e-03
0: TRAIN [1][670/1938]	Time 0.344 (0.261)	Data 1.17e-04 (1.15e-03)	Tok/s 67391 (53319)	Loss/tok 3.6995 (3.4437)	LR 2.000e-03
0: TRAIN [1][680/1938]	Time 0.219 (0.261)	Data 1.12e-04 (1.14e-03)	Tok/s 47866 (53353)	Loss/tok 3.1010 (3.4444)	LR 2.000e-03
0: TRAIN [1][690/1938]	Time 0.223 (0.262)	Data 1.20e-04 (1.12e-03)	Tok/s 46516 (53422)	Loss/tok 3.1723 (3.4447)	LR 2.000e-03
0: TRAIN [1][700/1938]	Time 0.278 (0.261)	Data 1.15e-04 (1.11e-03)	Tok/s 60216 (53378)	Loss/tok 3.4423 (3.4427)	LR 2.000e-03
Gradient overflow.  Skipping step, loss scaler 0 reducing loss scale to 4096.0
Gradient overflow.  Skipping step, loss scaler 0 reducing loss scale to 4096.0
Gradient overflow.  Skipping step, loss scaler 0 reducing loss scale to 4096.0
Gradient overflow.  Skipping step, loss scaler 0 reducing loss scale to 4096.0
Gradient overflow.  Skipping step, loss scaler 0 reducing loss scale to 4096.0
Gradient overflow.  Skipping step, loss scaler 0 reducing loss scale to 4096.0
Gradient overflow.  Skipping step, loss scaler 0 reducing loss scale to 4096.0
Gradient overflow.  Skipping step, loss scaler 0 reducing loss scale to 4096.0
0: TRAIN [1][710/1938]	Time 0.282 (0.262)	Data 1.16e-04 (1.10e-03)	Tok/s 59263 (53425)	Loss/tok 3.3315 (3.4427)	LR 2.000e-03
0: TRAIN [1][720/1938]	Time 0.344 (0.262)	Data 1.09e-04 (1.08e-03)	Tok/s 68328 (53554)	Loss/tok 3.5829 (3.4464)	LR 2.000e-03
Gradient overflow.  Skipping step, loss scaler 0 reducing loss scale to 2048.0
Gradient overflow.  Skipping step, loss scaler 0 reducing loss scale to 2048.0
Gradient overflow.  Skipping step, loss scaler 0 reducing loss scale to 2048.0
Gradient overflow.  Skipping step, loss scaler 0 reducing loss scale to 2048.0
Gradient overflow.  Skipping step, loss scaler 0 reducing loss scale to 2048.0
Gradient overflow.  Skipping step, loss scaler 0 reducing loss scale to 2048.0
Gradient overflow.  Skipping step, loss scaler 0 reducing loss scale to 2048.0
Gradient overflow.  Skipping step, loss scaler 0 reducing loss scale to 2048.0
0: TRAIN [1][730/1938]	Time 0.220 (0.263)	Data 1.64e-04 (1.07e-03)	Tok/s 47576 (53592)	Loss/tok 3.2699 (3.4475)	LR 2.000e-03
0: TRAIN [1][740/1938]	Time 0.282 (0.263)	Data 1.29e-04 (1.06e-03)	Tok/s 59106 (53652)	Loss/tok 3.4363 (3.4473)	LR 2.000e-03
0: TRAIN [1][750/1938]	Time 0.221 (0.263)	Data 1.20e-04 (1.04e-03)	Tok/s 45818 (53654)	Loss/tok 3.1022 (3.4466)	LR 2.000e-03
0: TRAIN [1][760/1938]	Time 0.221 (0.263)	Data 1.22e-04 (1.03e-03)	Tok/s 45769 (53683)	Loss/tok 3.1002 (3.4488)	LR 2.000e-03
0: TRAIN [1][770/1938]	Time 0.221 (0.263)	Data 1.50e-04 (1.02e-03)	Tok/s 46869 (53604)	Loss/tok 3.2729 (3.4473)	LR 2.000e-03
0: TRAIN [1][780/1938]	Time 0.279 (0.263)	Data 1.26e-04 (1.01e-03)	Tok/s 61095 (53620)	Loss/tok 3.4272 (3.4493)	LR 2.000e-03
0: TRAIN [1][790/1938]	Time 0.165 (0.263)	Data 1.35e-04 (9.98e-04)	Tok/s 31505 (53583)	Loss/tok 2.6815 (3.4486)	LR 2.000e-03
0: TRAIN [1][800/1938]	Time 0.221 (0.263)	Data 1.22e-04 (9.87e-04)	Tok/s 45911 (53559)	Loss/tok 3.2287 (3.4477)	LR 2.000e-03
0: TRAIN [1][810/1938]	Time 0.281 (0.263)	Data 1.22e-04 (9.77e-04)	Tok/s 59581 (53608)	Loss/tok 3.4071 (3.4473)	LR 2.000e-03
0: TRAIN [1][820/1938]	Time 0.345 (0.263)	Data 1.12e-04 (9.66e-04)	Tok/s 67983 (53636)	Loss/tok 3.5701 (3.4468)	LR 2.000e-03
0: TRAIN [1][830/1938]	Time 0.281 (0.263)	Data 1.42e-04 (9.56e-04)	Tok/s 59148 (53671)	Loss/tok 3.4193 (3.4464)	LR 2.000e-03
0: TRAIN [1][840/1938]	Time 0.168 (0.263)	Data 1.17e-04 (9.46e-04)	Tok/s 31616 (53637)	Loss/tok 2.6349 (3.4452)	LR 2.000e-03
0: TRAIN [1][850/1938]	Time 0.280 (0.263)	Data 1.17e-04 (9.37e-04)	Tok/s 59031 (53652)	Loss/tok 3.3806 (3.4452)	LR 2.000e-03
0: TRAIN [1][860/1938]	Time 0.284 (0.263)	Data 1.16e-04 (9.27e-04)	Tok/s 59765 (53665)	Loss/tok 3.4153 (3.4442)	LR 2.000e-03
0: TRAIN [1][870/1938]	Time 0.283 (0.263)	Data 1.25e-04 (9.18e-04)	Tok/s 60029 (53677)	Loss/tok 3.2680 (3.4435)	LR 2.000e-03
0: TRAIN [1][880/1938]	Time 0.222 (0.263)	Data 1.32e-04 (9.09e-04)	Tok/s 46477 (53643)	Loss/tok 3.1545 (3.4428)	LR 2.000e-03
0: TRAIN [1][890/1938]	Time 0.417 (0.263)	Data 1.18e-04 (9.00e-04)	Tok/s 70603 (53677)	Loss/tok 3.8950 (3.4437)	LR 2.000e-03
0: TRAIN [1][900/1938]	Time 0.341 (0.263)	Data 1.19e-04 (8.92e-04)	Tok/s 67643 (53694)	Loss/tok 3.6767 (3.4440)	LR 2.000e-03
0: TRAIN [1][910/1938]	Time 0.343 (0.263)	Data 1.31e-04 (8.83e-04)	Tok/s 68524 (53725)	Loss/tok 3.5833 (3.4432)	LR 2.000e-03
0: TRAIN [1][920/1938]	Time 0.276 (0.263)	Data 1.19e-04 (8.75e-04)	Tok/s 61344 (53694)	Loss/tok 3.4436 (3.4422)	LR 2.000e-03
0: TRAIN [1][930/1938]	Time 0.220 (0.263)	Data 1.30e-04 (8.67e-04)	Tok/s 46192 (53706)	Loss/tok 3.1254 (3.4416)	LR 2.000e-03
0: TRAIN [1][940/1938]	Time 0.223 (0.263)	Data 1.30e-04 (8.59e-04)	Tok/s 45192 (53697)	Loss/tok 3.1936 (3.4414)	LR 2.000e-03
0: TRAIN [1][950/1938]	Time 0.346 (0.263)	Data 1.18e-04 (8.51e-04)	Tok/s 67324 (53753)	Loss/tok 3.5377 (3.4416)	LR 2.000e-03
0: TRAIN [1][960/1938]	Time 0.342 (0.263)	Data 1.30e-04 (8.44e-04)	Tok/s 67783 (53709)	Loss/tok 3.5597 (3.4400)	LR 2.000e-03
0: TRAIN [1][970/1938]	Time 0.342 (0.263)	Data 1.42e-04 (8.36e-04)	Tok/s 67526 (53708)	Loss/tok 3.6526 (3.4400)	LR 2.000e-03
0: TRAIN [1][980/1938]	Time 0.282 (0.263)	Data 1.17e-04 (8.29e-04)	Tok/s 60045 (53693)	Loss/tok 3.3523 (3.4393)	LR 2.000e-03
0: TRAIN [1][990/1938]	Time 0.281 (0.263)	Data 1.19e-04 (8.22e-04)	Tok/s 59042 (53658)	Loss/tok 3.4012 (3.4381)	LR 2.000e-03
0: TRAIN [1][1000/1938]	Time 0.166 (0.263)	Data 1.42e-04 (8.15e-04)	Tok/s 32300 (53607)	Loss/tok 2.6613 (3.4368)	LR 2.000e-03
0: TRAIN [1][1010/1938]	Time 0.166 (0.262)	Data 1.26e-04 (8.09e-04)	Tok/s 32286 (53572)	Loss/tok 2.7315 (3.4357)	LR 2.000e-03
0: TRAIN [1][1020/1938]	Time 0.219 (0.262)	Data 1.32e-04 (8.02e-04)	Tok/s 46925 (53549)	Loss/tok 3.1532 (3.4347)	LR 2.000e-03
0: TRAIN [1][1030/1938]	Time 0.342 (0.262)	Data 1.20e-04 (7.96e-04)	Tok/s 67793 (53554)	Loss/tok 3.7598 (3.4347)	LR 2.000e-03
0: TRAIN [1][1040/1938]	Time 0.282 (0.262)	Data 1.26e-04 (7.89e-04)	Tok/s 59337 (53533)	Loss/tok 3.3921 (3.4338)	LR 2.000e-03
0: TRAIN [1][1050/1938]	Time 0.284 (0.262)	Data 1.10e-04 (7.83e-04)	Tok/s 59504 (53515)	Loss/tok 3.3396 (3.4335)	LR 2.000e-03
0: TRAIN [1][1060/1938]	Time 0.344 (0.262)	Data 1.10e-04 (7.77e-04)	Tok/s 68321 (53552)	Loss/tok 3.5692 (3.4335)	LR 2.000e-03
0: TRAIN [1][1070/1938]	Time 0.220 (0.262)	Data 1.46e-04 (7.71e-04)	Tok/s 47038 (53533)	Loss/tok 3.2377 (3.4326)	LR 2.000e-03
0: TRAIN [1][1080/1938]	Time 0.218 (0.262)	Data 1.15e-04 (7.65e-04)	Tok/s 47274 (53488)	Loss/tok 3.2353 (3.4312)	LR 2.000e-03
Gradient overflow.  Skipping step, loss scaler 0 reducing loss scale to 4096.0
Gradient overflow.  Skipping step, loss scaler 0 reducing loss scale to 4096.0
Gradient overflow.  Skipping step, loss scaler 0 reducing loss scale to 4096.0
Gradient overflow.  Skipping step, loss scaler 0 reducing loss scale to 4096.0
Gradient overflow.  Skipping step, loss scaler 0 reducing loss scale to 4096.0
Gradient overflow.  Skipping step, loss scaler 0 reducing loss scale to 4096.0
Gradient overflow.  Skipping step, loss scaler 0 reducing loss scale to 4096.0
Gradient overflow.  Skipping step, loss scaler 0 reducing loss scale to 4096.0
0: TRAIN [1][1090/1938]	Time 0.220 (0.262)	Data 1.13e-04 (7.59e-04)	Tok/s 48027 (53470)	Loss/tok 3.1188 (3.4302)	LR 2.000e-03
0: TRAIN [1][1100/1938]	Time 0.222 (0.262)	Data 1.29e-04 (7.53e-04)	Tok/s 47009 (53502)	Loss/tok 3.2142 (3.4301)	LR 2.000e-03
0: TRAIN [1][1110/1938]	Time 0.280 (0.262)	Data 1.33e-04 (7.47e-04)	Tok/s 60510 (53469)	Loss/tok 3.3667 (3.4293)	LR 2.000e-03
0: TRAIN [1][1120/1938]	Time 0.223 (0.261)	Data 1.17e-04 (7.42e-04)	Tok/s 45508 (53465)	Loss/tok 3.2578 (3.4288)	LR 2.000e-03
Gradient overflow.  Skipping step, loss scaler 0 reducing loss scale to 2048.0
Gradient overflow.  Skipping step, loss scaler 0 reducing loss scale to 2048.0
Gradient overflow.  Skipping step, loss scaler 0 reducing loss scale to 2048.0
Gradient overflow.  Skipping step, loss scaler 0 reducing loss scale to 2048.0
Gradient overflow.  Skipping step, loss scaler 0 reducing loss scale to 2048.0
Gradient overflow.  Skipping step, loss scaler 0 reducing loss scale to 2048.0
Gradient overflow.  Skipping step, loss scaler 0 reducing loss scale to 2048.0
Gradient overflow.  Skipping step, loss scaler 0 reducing loss scale to 2048.0
0: TRAIN [1][1130/1938]	Time 0.286 (0.262)	Data 1.31e-04 (7.37e-04)	Tok/s 59152 (53518)	Loss/tok 3.3454 (3.4297)	LR 2.000e-03
0: TRAIN [1][1140/1938]	Time 0.279 (0.262)	Data 1.16e-04 (7.31e-04)	Tok/s 59934 (53531)	Loss/tok 3.4223 (3.4300)	LR 2.000e-03
0: TRAIN [1][1150/1938]	Time 0.222 (0.262)	Data 1.40e-04 (7.26e-04)	Tok/s 46168 (53537)	Loss/tok 3.1775 (3.4298)	LR 2.000e-03
0: TRAIN [1][1160/1938]	Time 0.167 (0.262)	Data 1.20e-04 (7.21e-04)	Tok/s 32072 (53554)	Loss/tok 2.8017 (3.4289)	LR 2.000e-03
0: TRAIN [1][1170/1938]	Time 0.220 (0.262)	Data 1.34e-04 (7.16e-04)	Tok/s 48033 (53557)	Loss/tok 3.2134 (3.4289)	LR 2.000e-03
0: TRAIN [1][1180/1938]	Time 0.344 (0.262)	Data 1.30e-04 (7.11e-04)	Tok/s 68074 (53479)	Loss/tok 3.5087 (3.4275)	LR 2.000e-03
0: TRAIN [1][1190/1938]	Time 0.218 (0.261)	Data 1.22e-04 (7.06e-04)	Tok/s 47459 (53417)	Loss/tok 3.1184 (3.4263)	LR 2.000e-03
0: TRAIN [1][1200/1938]	Time 0.167 (0.261)	Data 1.21e-04 (7.01e-04)	Tok/s 31555 (53399)	Loss/tok 2.6374 (3.4258)	LR 2.000e-03
0: TRAIN [1][1210/1938]	Time 0.277 (0.261)	Data 1.46e-04 (6.96e-04)	Tok/s 59829 (53414)	Loss/tok 3.3588 (3.4256)	LR 2.000e-03
0: TRAIN [1][1220/1938]	Time 0.283 (0.261)	Data 1.33e-04 (6.92e-04)	Tok/s 59443 (53413)	Loss/tok 3.4351 (3.4258)	LR 2.000e-03
0: TRAIN [1][1230/1938]	Time 0.344 (0.261)	Data 1.34e-04 (6.87e-04)	Tok/s 68780 (53422)	Loss/tok 3.5018 (3.4254)	LR 2.000e-03
0: TRAIN [1][1240/1938]	Time 0.340 (0.261)	Data 1.21e-04 (6.83e-04)	Tok/s 67755 (53434)	Loss/tok 3.6172 (3.4255)	LR 2.000e-03
0: TRAIN [1][1250/1938]	Time 0.223 (0.261)	Data 1.36e-04 (6.78e-04)	Tok/s 47523 (53403)	Loss/tok 3.1345 (3.4246)	LR 2.000e-03
0: TRAIN [1][1260/1938]	Time 0.222 (0.261)	Data 1.17e-04 (6.74e-04)	Tok/s 46488 (53417)	Loss/tok 3.1561 (3.4244)	LR 2.000e-03
0: TRAIN [1][1270/1938]	Time 0.223 (0.261)	Data 1.30e-04 (6.70e-04)	Tok/s 47044 (53431)	Loss/tok 3.0766 (3.4243)	LR 2.000e-03
0: TRAIN [1][1280/1938]	Time 0.282 (0.261)	Data 1.14e-04 (6.66e-04)	Tok/s 59943 (53428)	Loss/tok 3.3562 (3.4237)	LR 2.000e-03
0: TRAIN [1][1290/1938]	Time 0.283 (0.262)	Data 1.24e-04 (6.61e-04)	Tok/s 59800 (53460)	Loss/tok 3.3856 (3.4235)	LR 2.000e-03
0: TRAIN [1][1300/1938]	Time 0.415 (0.262)	Data 1.33e-04 (6.57e-04)	Tok/s 72662 (53489)	Loss/tok 3.7212 (3.4239)	LR 2.000e-03
0: TRAIN [1][1310/1938]	Time 0.342 (0.262)	Data 1.09e-04 (6.53e-04)	Tok/s 67840 (53496)	Loss/tok 3.4519 (3.4232)	LR 2.000e-03
0: TRAIN [1][1320/1938]	Time 0.417 (0.262)	Data 1.14e-04 (6.49e-04)	Tok/s 71534 (53547)	Loss/tok 3.6533 (3.4242)	LR 2.000e-03
0: TRAIN [1][1330/1938]	Time 0.282 (0.262)	Data 1.38e-04 (6.45e-04)	Tok/s 59078 (53535)	Loss/tok 3.3438 (3.4234)	LR 2.000e-03
0: TRAIN [1][1340/1938]	Time 0.282 (0.262)	Data 1.36e-04 (6.42e-04)	Tok/s 59766 (53550)	Loss/tok 3.4006 (3.4226)	LR 2.000e-03
0: TRAIN [1][1350/1938]	Time 0.279 (0.262)	Data 1.27e-04 (6.38e-04)	Tok/s 59292 (53558)	Loss/tok 3.4589 (3.4221)	LR 2.000e-03
0: TRAIN [1][1360/1938]	Time 0.221 (0.262)	Data 1.47e-04 (6.34e-04)	Tok/s 46966 (53545)	Loss/tok 3.2169 (3.4216)	LR 2.000e-03
0: TRAIN [1][1370/1938]	Time 0.218 (0.262)	Data 1.18e-04 (6.30e-04)	Tok/s 47659 (53531)	Loss/tok 3.2300 (3.4208)	LR 2.000e-03
0: TRAIN [1][1380/1938]	Time 0.222 (0.262)	Data 1.08e-04 (6.27e-04)	Tok/s 47488 (53539)	Loss/tok 3.0488 (3.4203)	LR 2.000e-03
Gradient overflow.  Skipping step, loss scaler 0 reducing loss scale to 4096.0
Gradient overflow.  Skipping step, loss scaler 0 reducing loss scale to 4096.0
Gradient overflow.  Skipping step, loss scaler 0 reducing loss scale to 4096.0
Gradient overflow.  Skipping step, loss scaler 0 reducing loss scale to 4096.0
Gradient overflow.  Skipping step, loss scaler 0 reducing loss scale to 4096.0
Gradient overflow.  Skipping step, loss scaler 0 reducing loss scale to 4096.0
Gradient overflow.  Skipping step, loss scaler 0 reducing loss scale to 4096.0
Gradient overflow.  Skipping step, loss scaler 0 reducing loss scale to 4096.0
0: TRAIN [1][1390/1938]	Time 0.218 (0.262)	Data 2.16e-04 (6.23e-04)	Tok/s 46752 (53577)	Loss/tok 3.2052 (3.4209)	LR 2.000e-03
0: TRAIN [1][1400/1938]	Time 0.220 (0.262)	Data 1.25e-04 (6.20e-04)	Tok/s 47546 (53562)	Loss/tok 3.2007 (3.4200)	LR 2.000e-03
Gradient overflow.  Skipping step, loss scaler 0 reducing loss scale to 2048.0
Gradient overflow.  Skipping step, loss scaler 0 reducing loss scale to 2048.0
Gradient overflow.  Skipping step, loss scaler 0 reducing loss scale to 2048.0
Gradient overflow.  Skipping step, loss scaler 0 reducing loss scale to 2048.0
Gradient overflow.  Skipping step, loss scaler 0 reducing loss scale to 2048.0
Gradient overflow.  Skipping step, loss scaler 0 reducing loss scale to 2048.0
Gradient overflow.  Skipping step, loss scaler 0 reducing loss scale to 2048.0
Gradient overflow.  Skipping step, loss scaler 0 reducing loss scale to 2048.0
0: TRAIN [1][1410/1938]	Time 0.280 (0.262)	Data 1.19e-04 (6.16e-04)	Tok/s 60063 (53589)	Loss/tok 3.3558 (3.4205)	LR 2.000e-03
0: TRAIN [1][1420/1938]	Time 0.222 (0.262)	Data 1.32e-04 (6.13e-04)	Tok/s 46782 (53630)	Loss/tok 3.1329 (3.4209)	LR 2.000e-03
0: TRAIN [1][1430/1938]	Time 0.277 (0.262)	Data 1.44e-04 (6.09e-04)	Tok/s 59463 (53588)	Loss/tok 3.4775 (3.4198)	LR 2.000e-03
0: TRAIN [1][1440/1938]	Time 0.221 (0.262)	Data 1.49e-04 (6.06e-04)	Tok/s 46670 (53560)	Loss/tok 3.2097 (3.4192)	LR 2.000e-03
0: TRAIN [1][1450/1938]	Time 0.283 (0.262)	Data 1.25e-04 (6.03e-04)	Tok/s 58634 (53558)	Loss/tok 3.3639 (3.4181)	LR 2.000e-03
0: TRAIN [1][1460/1938]	Time 0.222 (0.262)	Data 1.46e-04 (6.00e-04)	Tok/s 45596 (53551)	Loss/tok 3.0874 (3.4171)	LR 2.000e-03
0: TRAIN [1][1470/1938]	Time 0.221 (0.262)	Data 1.13e-04 (5.96e-04)	Tok/s 46318 (53541)	Loss/tok 3.2285 (3.4166)	LR 2.000e-03
0: TRAIN [1][1480/1938]	Time 0.162 (0.262)	Data 1.11e-04 (5.93e-04)	Tok/s 31647 (53506)	Loss/tok 2.7481 (3.4156)	LR 2.000e-03
0: TRAIN [1][1490/1938]	Time 0.281 (0.262)	Data 1.04e-04 (5.90e-04)	Tok/s 58493 (53520)	Loss/tok 3.3843 (3.4154)	LR 2.000e-03
0: TRAIN [1][1500/1938]	Time 0.220 (0.261)	Data 1.25e-04 (5.87e-04)	Tok/s 46818 (53487)	Loss/tok 3.1469 (3.4151)	LR 2.000e-03
0: TRAIN [1][1510/1938]	Time 0.220 (0.261)	Data 1.24e-04 (5.84e-04)	Tok/s 46442 (53453)	Loss/tok 3.0892 (3.4144)	LR 2.000e-03
0: TRAIN [1][1520/1938]	Time 0.166 (0.261)	Data 1.10e-04 (5.81e-04)	Tok/s 31625 (53470)	Loss/tok 2.7559 (3.4144)	LR 2.000e-03
0: TRAIN [1][1530/1938]	Time 0.342 (0.261)	Data 1.08e-04 (5.78e-04)	Tok/s 68874 (53454)	Loss/tok 3.4706 (3.4138)	LR 2.000e-03
0: TRAIN [1][1540/1938]	Time 0.220 (0.261)	Data 1.18e-04 (5.75e-04)	Tok/s 47369 (53452)	Loss/tok 3.1682 (3.4135)	LR 2.000e-03
0: TRAIN [1][1550/1938]	Time 0.219 (0.261)	Data 1.22e-04 (5.72e-04)	Tok/s 46542 (53452)	Loss/tok 3.1951 (3.4129)	LR 2.000e-03
0: TRAIN [1][1560/1938]	Time 0.164 (0.261)	Data 1.01e-04 (5.69e-04)	Tok/s 31762 (53411)	Loss/tok 2.7575 (3.4119)	LR 2.000e-03
0: TRAIN [1][1570/1938]	Time 0.282 (0.261)	Data 1.14e-04 (5.66e-04)	Tok/s 59873 (53396)	Loss/tok 3.3158 (3.4108)	LR 2.000e-03
0: TRAIN [1][1580/1938]	Time 0.344 (0.261)	Data 1.44e-04 (5.64e-04)	Tok/s 66394 (53408)	Loss/tok 3.5495 (3.4104)	LR 2.000e-03
0: TRAIN [1][1590/1938]	Time 0.221 (0.261)	Data 1.20e-04 (5.61e-04)	Tok/s 47241 (53400)	Loss/tok 3.1323 (3.4099)	LR 2.000e-03
Gradient overflow.  Skipping step, loss scaler 0 reducing loss scale to 2048.0
Gradient overflow.  Skipping step, loss scaler 0 reducing loss scale to 2048.0
Gradient overflow.  Skipping step, loss scaler 0 reducing loss scale to 2048.0
Gradient overflow.  Skipping step, loss scaler 0 reducing loss scale to 2048.0
Gradient overflow.  Skipping step, loss scaler 0 reducing loss scale to 2048.0
Gradient overflow.  Skipping step, loss scaler 0 reducing loss scale to 2048.0
Gradient overflow.  Skipping step, loss scaler 0 reducing loss scale to 2048.0
Gradient overflow.  Skipping step, loss scaler 0 reducing loss scale to 2048.0
0: TRAIN [1][1600/1938]	Time 0.281 (0.261)	Data 1.57e-04 (5.58e-04)	Tok/s 58890 (53424)	Loss/tok 3.2761 (3.4103)	LR 2.000e-03
0: TRAIN [1][1610/1938]	Time 0.340 (0.261)	Data 1.17e-04 (5.55e-04)	Tok/s 69592 (53404)	Loss/tok 3.4122 (3.4095)	LR 2.000e-03
0: TRAIN [1][1620/1938]	Time 0.283 (0.261)	Data 1.29e-04 (5.53e-04)	Tok/s 59746 (53420)	Loss/tok 3.3473 (3.4094)	LR 2.000e-03
0: TRAIN [1][1630/1938]	Time 0.279 (0.261)	Data 1.29e-04 (5.50e-04)	Tok/s 59779 (53407)	Loss/tok 3.3933 (3.4087)	LR 2.000e-03
0: TRAIN [1][1640/1938]	Time 0.219 (0.261)	Data 1.16e-04 (5.47e-04)	Tok/s 47674 (53409)	Loss/tok 3.1395 (3.4081)	LR 2.000e-03
0: TRAIN [1][1650/1938]	Time 0.340 (0.261)	Data 1.96e-04 (5.45e-04)	Tok/s 67930 (53403)	Loss/tok 3.4568 (3.4071)	LR 2.000e-03
0: TRAIN [1][1660/1938]	Time 0.340 (0.261)	Data 1.17e-04 (5.42e-04)	Tok/s 68275 (53426)	Loss/tok 3.5949 (3.4085)	LR 2.000e-03
0: TRAIN [1][1670/1938]	Time 0.166 (0.261)	Data 1.22e-04 (5.40e-04)	Tok/s 32004 (53442)	Loss/tok 2.6607 (3.4087)	LR 2.000e-03
0: TRAIN [1][1680/1938]	Time 0.284 (0.261)	Data 1.25e-04 (5.37e-04)	Tok/s 58902 (53459)	Loss/tok 3.3708 (3.4092)	LR 2.000e-03
0: TRAIN [1][1690/1938]	Time 0.283 (0.261)	Data 1.14e-04 (5.35e-04)	Tok/s 59720 (53475)	Loss/tok 3.3027 (3.4085)	LR 2.000e-03
0: TRAIN [1][1700/1938]	Time 0.416 (0.261)	Data 1.21e-04 (5.32e-04)	Tok/s 72132 (53474)	Loss/tok 3.6685 (3.4079)	LR 2.000e-03
0: TRAIN [1][1710/1938]	Time 0.221 (0.261)	Data 1.24e-04 (5.30e-04)	Tok/s 47106 (53469)	Loss/tok 3.1409 (3.4077)	LR 2.000e-03
0: TRAIN [1][1720/1938]	Time 0.220 (0.262)	Data 1.56e-04 (5.28e-04)	Tok/s 47070 (53501)	Loss/tok 3.0035 (3.4082)	LR 2.000e-03
0: TRAIN [1][1730/1938]	Time 0.280 (0.262)	Data 1.47e-04 (5.26e-04)	Tok/s 59999 (53491)	Loss/tok 3.4959 (3.4076)	LR 2.000e-03
0: TRAIN [1][1740/1938]	Time 0.221 (0.261)	Data 1.23e-04 (5.23e-04)	Tok/s 46731 (53450)	Loss/tok 3.1365 (3.4064)	LR 2.000e-03
0: TRAIN [1][1750/1938]	Time 0.343 (0.261)	Data 1.28e-04 (5.21e-04)	Tok/s 67666 (53426)	Loss/tok 3.5917 (3.4058)	LR 2.000e-03
0: TRAIN [1][1760/1938]	Time 0.280 (0.261)	Data 1.26e-04 (5.19e-04)	Tok/s 59850 (53394)	Loss/tok 3.3508 (3.4048)	LR 2.000e-03
0: TRAIN [1][1770/1938]	Time 0.221 (0.261)	Data 1.34e-04 (5.17e-04)	Tok/s 46880 (53405)	Loss/tok 2.9879 (3.4044)	LR 2.000e-03
0: TRAIN [1][1780/1938]	Time 0.276 (0.261)	Data 1.19e-04 (5.14e-04)	Tok/s 61277 (53415)	Loss/tok 3.3730 (3.4039)	LR 2.000e-03
0: TRAIN [1][1790/1938]	Time 0.283 (0.261)	Data 1.12e-04 (5.12e-04)	Tok/s 59445 (53437)	Loss/tok 3.3135 (3.4037)	LR 2.000e-03
0: TRAIN [1][1800/1938]	Time 0.282 (0.261)	Data 1.24e-04 (5.10e-04)	Tok/s 59103 (53428)	Loss/tok 3.4036 (3.4030)	LR 2.000e-03
0: TRAIN [1][1810/1938]	Time 0.282 (0.261)	Data 1.19e-04 (5.08e-04)	Tok/s 58436 (53448)	Loss/tok 3.3008 (3.4030)	LR 2.000e-03
0: TRAIN [1][1820/1938]	Time 0.221 (0.261)	Data 1.03e-04 (5.06e-04)	Tok/s 46687 (53416)	Loss/tok 3.1219 (3.4021)	LR 2.000e-03
0: TRAIN [1][1830/1938]	Time 0.283 (0.261)	Data 1.11e-04 (5.04e-04)	Tok/s 59563 (53459)	Loss/tok 3.2568 (3.4023)	LR 2.000e-03
0: TRAIN [1][1840/1938]	Time 0.284 (0.261)	Data 1.39e-04 (5.02e-04)	Tok/s 58948 (53458)	Loss/tok 3.3038 (3.4014)	LR 2.000e-03
0: TRAIN [1][1850/1938]	Time 0.283 (0.261)	Data 1.13e-04 (4.99e-04)	Tok/s 59173 (53453)	Loss/tok 3.4545 (3.4008)	LR 2.000e-03
0: TRAIN [1][1860/1938]	Time 0.221 (0.261)	Data 1.12e-04 (4.97e-04)	Tok/s 47591 (53461)	Loss/tok 3.1181 (3.4004)	LR 2.000e-03
0: TRAIN [1][1870/1938]	Time 0.223 (0.261)	Data 1.08e-04 (4.95e-04)	Tok/s 46035 (53487)	Loss/tok 3.0938 (3.4010)	LR 2.000e-03
Gradient overflow.  Skipping step, loss scaler 0 reducing loss scale to 4096.0
Gradient overflow.  Skipping step, loss scaler 0 reducing loss scale to 4096.0
Gradient overflow.  Skipping step, loss scaler 0 reducing loss scale to 4096.0
Gradient overflow.  Skipping step, loss scaler 0 reducing loss scale to 4096.0
Gradient overflow.  Skipping step, loss scaler 0 reducing loss scale to 4096.0
Gradient overflow.  Skipping step, loss scaler 0 reducing loss scale to 4096.0
Gradient overflow.  Skipping step, loss scaler 0 reducing loss scale to 4096.0
Gradient overflow.  Skipping step, loss scaler 0 reducing loss scale to 4096.0
0: TRAIN [1][1880/1938]	Time 0.220 (0.261)	Data 1.05e-04 (4.93e-04)	Tok/s 47493 (53484)	Loss/tok 3.1267 (3.4003)	LR 2.000e-03
0: TRAIN [1][1890/1938]	Time 0.166 (0.261)	Data 1.21e-04 (4.92e-04)	Tok/s 31907 (53452)	Loss/tok 2.7024 (3.3994)	LR 2.000e-03
0: TRAIN [1][1900/1938]	Time 0.221 (0.261)	Data 1.17e-04 (4.90e-04)	Tok/s 46818 (53489)	Loss/tok 3.0807 (3.3996)	LR 2.000e-03
0: TRAIN [1][1910/1938]	Time 0.284 (0.261)	Data 1.20e-04 (4.88e-04)	Tok/s 59280 (53470)	Loss/tok 3.3634 (3.3988)	LR 2.000e-03
0: TRAIN [1][1920/1938]	Time 0.341 (0.261)	Data 1.57e-04 (4.86e-04)	Tok/s 69665 (53482)	Loss/tok 3.5687 (3.3989)	LR 2.000e-03
0: TRAIN [1][1930/1938]	Time 0.223 (0.261)	Data 1.20e-04 (4.84e-04)	Tok/s 46080 (53496)	Loss/tok 3.2100 (3.3991)	LR 2.000e-03
:::MLL 1582055405.110 epoch_stop: {"value": null, "metadata": {"epoch_num": 2, "file": "train.py", "lineno": 525}}
:::MLL 1582055405.110 eval_start: {"value": null, "metadata": {"epoch_num": 2, "file": "train.py", "lineno": 530}}
0: Running evaluation on test set
0: TEST [1][0/3]	Time 0.635 (0.635)	Decoder iters 108.0 (108.0)	Tok/s 25707 (25707)
0: Running moses detokenizer
0: BLEU(score=22.206690213353887, counts=[35827, 17271, 9585, 5534], totals=[65207, 62204, 59202, 56205], precisions=[54.94348766236754, 27.7650954922513, 16.190331407722713, 9.846099101503425], bp=1.0, sys_len=65207, ref_len=64676)
0: Finished evaluation on test set
:::MLL 1582055406.937 eval_accuracy: {"value": 22.21, "metadata": {"epoch_num": 2, "file": "train.py", "lineno": 536}}
:::MLL 1582055406.937 eval_stop: {"value": null, "metadata": {"epoch_num": 2, "file": "train.py", "lineno": 539}}
0: Summary: Epoch: 1	Training Loss: 3.3996	Test BLEU: 22.21
0: Performance: Epoch: 1	Training: 427866 Tok/s
0: Finished epoch 1
:::MLL 1582055406.938 block_stop: {"value": null, "metadata": {"first_epoch_num": 2, "file": "train.py", "lineno": 558}}
:::MLL 1582055406.938 block_start: {"value": null, "metadata": {"first_epoch_num": 3, "epoch_count": 1, "file": "train.py", "lineno": 512}}
:::MLL 1582055406.939 epoch_start: {"value": null, "metadata": {"epoch_num": 3, "file": "train.py", "lineno": 515}}
0: Starting epoch 2
0: Executing preallocation
0: Sampler for epoch 2 uses seed 3171531929
Gradient overflow.  Skipping step, loss scaler 0 reducing loss scale to 2048.0
Gradient overflow.  Skipping step, loss scaler 0 reducing loss scale to 2048.0
Gradient overflow.  Skipping step, loss scaler 0 reducing loss scale to 2048.0
Gradient overflow.  Skipping step, loss scaler 0 reducing loss scale to 2048.0
Gradient overflow.  Skipping step, loss scaler 0 reducing loss scale to 2048.0
Gradient overflow.  Skipping step, loss scaler 0 reducing loss scale to 2048.0
Gradient overflow.  Skipping step, loss scaler 0 reducing loss scale to 2048.0
0: TRAIN [2][0/1938]	Time 1.051 (1.051)	Data 6.94e-01 (6.94e-01)	Tok/s 22220 (22220)	Loss/tok 3.3093 (3.3093)	LR 2.000e-03
Gradient overflow.  Skipping step, loss scaler 0 reducing loss scale to 2048.0
0: TRAIN [2][10/1938]	Time 0.224 (0.326)	Data 1.14e-04 (6.32e-02)	Tok/s 46880 (49338)	Loss/tok 3.0261 (3.2488)	LR 2.000e-03
0: TRAIN [2][20/1938]	Time 0.417 (0.312)	Data 9.68e-05 (3.32e-02)	Tok/s 70974 (54324)	Loss/tok 3.5086 (3.2746)	LR 2.000e-03
0: TRAIN [2][30/1938]	Time 0.220 (0.298)	Data 1.02e-04 (2.25e-02)	Tok/s 47073 (54737)	Loss/tok 2.9762 (3.2637)	LR 2.000e-03
0: TRAIN [2][40/1938]	Time 0.417 (0.292)	Data 1.13e-04 (1.70e-02)	Tok/s 71903 (54465)	Loss/tok 3.6426 (3.2787)	LR 2.000e-03
0: TRAIN [2][50/1938]	Time 0.282 (0.284)	Data 1.09e-04 (1.37e-02)	Tok/s 60707 (54186)	Loss/tok 3.2592 (3.2534)	LR 2.000e-03
0: TRAIN [2][60/1938]	Time 0.414 (0.279)	Data 1.12e-04 (1.15e-02)	Tok/s 71186 (53769)	Loss/tok 3.6306 (3.2536)	LR 2.000e-03
0: TRAIN [2][70/1938]	Time 0.222 (0.275)	Data 9.63e-05 (9.89e-03)	Tok/s 48599 (53560)	Loss/tok 3.0683 (3.2508)	LR 2.000e-03
0: TRAIN [2][80/1938]	Time 0.221 (0.272)	Data 1.15e-04 (8.68e-03)	Tok/s 47120 (53210)	Loss/tok 3.0319 (3.2490)	LR 2.000e-03
0: TRAIN [2][90/1938]	Time 0.409 (0.275)	Data 1.87e-04 (7.74e-03)	Tok/s 73092 (53842)	Loss/tok 3.5411 (3.2727)	LR 2.000e-03
0: TRAIN [2][100/1938]	Time 0.342 (0.273)	Data 1.16e-04 (6.99e-03)	Tok/s 68164 (53780)	Loss/tok 3.3231 (3.2652)	LR 2.000e-03
0: TRAIN [2][110/1938]	Time 0.220 (0.270)	Data 1.16e-04 (6.37e-03)	Tok/s 47525 (53413)	Loss/tok 3.0368 (3.2617)	LR 2.000e-03
0: TRAIN [2][120/1938]	Time 0.278 (0.269)	Data 9.23e-05 (5.85e-03)	Tok/s 59434 (53388)	Loss/tok 3.2496 (3.2631)	LR 2.000e-03
0: TRAIN [2][130/1938]	Time 0.165 (0.268)	Data 9.39e-05 (5.41e-03)	Tok/s 31517 (53085)	Loss/tok 2.6766 (3.2657)	LR 2.000e-03
0: TRAIN [2][140/1938]	Time 0.221 (0.265)	Data 1.03e-04 (5.04e-03)	Tok/s 47714 (52727)	Loss/tok 3.0052 (3.2576)	LR 2.000e-03
0: TRAIN [2][150/1938]	Time 0.221 (0.263)	Data 1.06e-04 (4.71e-03)	Tok/s 47067 (52534)	Loss/tok 2.9971 (3.2525)	LR 2.000e-03
0: TRAIN [2][160/1938]	Time 0.221 (0.264)	Data 8.96e-05 (4.42e-03)	Tok/s 47221 (52779)	Loss/tok 3.0754 (3.2550)	LR 2.000e-03
0: TRAIN [2][170/1938]	Time 0.283 (0.266)	Data 1.20e-04 (4.17e-03)	Tok/s 59128 (53134)	Loss/tok 3.2779 (3.2636)	LR 2.000e-03
0: TRAIN [2][180/1938]	Time 0.223 (0.266)	Data 9.37e-05 (3.95e-03)	Tok/s 46193 (53189)	Loss/tok 3.0785 (3.2682)	LR 2.000e-03
Gradient overflow.  Skipping step, loss scaler 0 reducing loss scale to 2048.0
Gradient overflow.  Skipping step, loss scaler 0 reducing loss scale to 2048.0
Gradient overflow.  Skipping step, loss scaler 0 reducing loss scale to 2048.0
Gradient overflow.  Skipping step, loss scaler 0 reducing loss scale to 2048.0
Gradient overflow.  Skipping step, loss scaler 0 reducing loss scale to 2048.0
Gradient overflow.  Skipping step, loss scaler 0 reducing loss scale to 2048.0
Gradient overflow.  Skipping step, loss scaler 0 reducing loss scale to 2048.0
Gradient overflow.  Skipping step, loss scaler 0 reducing loss scale to 2048.0
0: TRAIN [2][190/1938]	Time 0.281 (0.267)	Data 1.03e-04 (3.74e-03)	Tok/s 59440 (53297)	Loss/tok 3.4382 (3.2747)	LR 2.000e-03
0: TRAIN [2][200/1938]	Time 0.283 (0.267)	Data 1.02e-04 (3.56e-03)	Tok/s 60146 (53392)	Loss/tok 3.2205 (3.2732)	LR 2.000e-03
0: TRAIN [2][210/1938]	Time 0.278 (0.266)	Data 1.02e-04 (3.40e-03)	Tok/s 59722 (53286)	Loss/tok 3.3135 (3.2689)	LR 2.000e-03
0: TRAIN [2][220/1938]	Time 0.221 (0.265)	Data 9.54e-05 (3.25e-03)	Tok/s 45612 (53281)	Loss/tok 3.1042 (3.2660)	LR 2.000e-03
0: TRAIN [2][230/1938]	Time 0.284 (0.265)	Data 9.99e-05 (3.11e-03)	Tok/s 59076 (53278)	Loss/tok 3.3147 (3.2668)	LR 2.000e-03
0: TRAIN [2][240/1938]	Time 0.344 (0.264)	Data 1.29e-04 (2.99e-03)	Tok/s 67814 (53301)	Loss/tok 3.4395 (3.2655)	LR 2.000e-03
0: TRAIN [2][250/1938]	Time 0.220 (0.263)	Data 9.32e-05 (2.87e-03)	Tok/s 46941 (53187)	Loss/tok 2.9280 (3.2609)	LR 2.000e-03
0: TRAIN [2][260/1938]	Time 0.221 (0.263)	Data 1.10e-04 (2.77e-03)	Tok/s 46632 (53153)	Loss/tok 3.0093 (3.2596)	LR 2.000e-03
0: TRAIN [2][270/1938]	Time 0.165 (0.262)	Data 9.30e-05 (2.67e-03)	Tok/s 31590 (52941)	Loss/tok 2.6053 (3.2581)	LR 2.000e-03
0: TRAIN [2][280/1938]	Time 0.340 (0.262)	Data 9.99e-05 (2.58e-03)	Tok/s 68412 (52906)	Loss/tok 3.3466 (3.2567)	LR 2.000e-03
0: TRAIN [2][290/1938]	Time 0.222 (0.261)	Data 1.24e-04 (2.49e-03)	Tok/s 45827 (52795)	Loss/tok 3.0526 (3.2554)	LR 2.000e-03
0: TRAIN [2][300/1938]	Time 0.344 (0.261)	Data 9.80e-05 (2.41e-03)	Tok/s 69480 (52907)	Loss/tok 3.3316 (3.2576)	LR 2.000e-03
0: TRAIN [2][310/1938]	Time 0.220 (0.262)	Data 1.08e-04 (2.34e-03)	Tok/s 46616 (52950)	Loss/tok 3.0098 (3.2600)	LR 2.000e-03
0: TRAIN [2][320/1938]	Time 0.417 (0.261)	Data 1.16e-04 (2.27e-03)	Tok/s 71586 (52822)	Loss/tok 3.6723 (3.2584)	LR 2.000e-03
0: TRAIN [2][330/1938]	Time 0.166 (0.260)	Data 1.15e-04 (2.21e-03)	Tok/s 32200 (52689)	Loss/tok 2.6568 (3.2566)	LR 2.000e-03
0: TRAIN [2][340/1938]	Time 0.344 (0.260)	Data 1.08e-04 (2.14e-03)	Tok/s 68430 (52705)	Loss/tok 3.3441 (3.2558)	LR 2.000e-03
0: TRAIN [2][350/1938]	Time 0.279 (0.261)	Data 1.48e-04 (2.09e-03)	Tok/s 60027 (52824)	Loss/tok 3.2047 (3.2555)	LR 2.000e-03
0: TRAIN [2][360/1938]	Time 0.344 (0.261)	Data 1.09e-04 (2.03e-03)	Tok/s 68122 (52918)	Loss/tok 3.4585 (3.2575)	LR 2.000e-03
0: TRAIN [2][370/1938]	Time 0.222 (0.261)	Data 1.04e-04 (1.98e-03)	Tok/s 47266 (52966)	Loss/tok 3.0315 (3.2574)	LR 2.000e-03
0: TRAIN [2][380/1938]	Time 0.222 (0.261)	Data 1.05e-04 (1.93e-03)	Tok/s 46124 (53057)	Loss/tok 3.1078 (3.2582)	LR 2.000e-03
0: TRAIN [2][390/1938]	Time 0.281 (0.261)	Data 9.75e-05 (1.88e-03)	Tok/s 60466 (53015)	Loss/tok 3.2303 (3.2567)	LR 2.000e-03
0: TRAIN [2][400/1938]	Time 0.281 (0.261)	Data 1.02e-04 (1.84e-03)	Tok/s 61092 (53040)	Loss/tok 3.1587 (3.2568)	LR 2.000e-03
0: TRAIN [2][410/1938]	Time 0.278 (0.261)	Data 8.51e-05 (1.80e-03)	Tok/s 60597 (53018)	Loss/tok 3.1603 (3.2555)	LR 2.000e-03
0: TRAIN [2][420/1938]	Time 0.223 (0.261)	Data 9.94e-05 (1.76e-03)	Tok/s 46777 (53020)	Loss/tok 3.0691 (3.2575)	LR 2.000e-03
0: TRAIN [2][430/1938]	Time 0.222 (0.261)	Data 9.47e-05 (1.72e-03)	Tok/s 46359 (52980)	Loss/tok 3.0515 (3.2563)	LR 2.000e-03
0: TRAIN [2][440/1938]	Time 0.220 (0.261)	Data 1.01e-04 (1.68e-03)	Tok/s 46761 (53029)	Loss/tok 3.1432 (3.2576)	LR 2.000e-03
0: TRAIN [2][450/1938]	Time 0.221 (0.261)	Data 9.13e-05 (1.65e-03)	Tok/s 46660 (52957)	Loss/tok 3.0256 (3.2578)	LR 2.000e-03
0: TRAIN [2][460/1938]	Time 0.280 (0.260)	Data 1.04e-04 (1.61e-03)	Tok/s 59909 (52885)	Loss/tok 3.1549 (3.2559)	LR 2.000e-03
0: TRAIN [2][470/1938]	Time 0.412 (0.261)	Data 1.01e-04 (1.58e-03)	Tok/s 71759 (52958)	Loss/tok 3.5273 (3.2582)	LR 2.000e-03
